l[020,028]
80
Semistochastic Heat-bath Configuration Interation (SHCI)

Start time: Sat Nov 24 21:51:03 2018
Infrastructure: 2 nodes * 80 threads
Configuration:
{
  "chem": {
    "irrep_occs_dn": [
      4,
      2,
      1,
      2,
      1,
      2,
      1,
      0,
      1,
      0
    ],
    "irrep_occs_up": [
      4,
      2,
      1,
      2,
      1,
      2,
      1,
      0,
      1,
      0
    ],
    "irreps": [
      1,
      2,
      3,
      4,
      5,
      6,
      7,
      8,
      9,
      10
    ],
    "point_group": "dih"
  },
  "eps_vars": [
    0.0001,
    5e-05,
    3e-05,
    2e-05,
    1e-05,
    5e-06
  ],
  "eps_vars_schedule": [
    0.005,
    0.005,
    0.005,
    0.003,
    0.003,
    0.003,
    0.002,
    0.002,
    0.002,
    0.001,
    0.001,
    0.001,
    0.0005,
    0.0005,
    0.0005,
    0.0003,
    0.0003,
    0.0003,
    0.0002,
    0.0002,
    0.0002
  ],
  "n_dn": 14,
  "n_up": 14,
  "system": "chem",
  "time_sym": true,
  "var_only": true
}
Timing format: [DIFF/SECTION/TOTAL]

BEG OF setup [0.0/252.9]GB [0.002/0.002/0.002]s

BEG OF load integrals << setup [0.0/252.9]GB [0.006/0.001/0.006]s
n_orbs: 76
n_elecs (from FCIDUMP): 28
orb_sym: 1 2 1 -6 6 5 -5 2 1 6 -6 1 -7 7 8 -8 2 -5 5 2 -6 6 -7 7 1 1 -6 6 -8 8 2 -6 6 1 -7 7 -10 10 9 -9 5 -5 1 -8 8 2 5 -5 5 -5 2 -6 6 2 1 7 -7 1 -6 6 5 -5 2 -8 8 2 1 1 2 -6 6 -5 5 -5 5 2 
Convert to Adam's notation:
1 2 1 6 4 3 5 2 1 4 6 1 9 7 8 10 2 5 3 2 6 4 9 7 1 1 6 4 10 8 2 6 4 1 9 7 14 12 11 13 3 5 1 10 8 2 3 5 3 5 2 6 4 2 1 7 9 1 6 4 3 5 2 10 8 2 1 1 2 6 4 5 3 5 3 2 
END OF load fcidump [0.1/253.0]GB [1.560/1.560/1.564]s
HF det up: 0 1 2 3 4 5 6 7 8 9 10 11 12 13 
HF det dn: 0 1 2 3 4 5 6 7 8 9 10 11 12 13 
Reorder skipped.
Orbitals energy:
#  0: E =  -3.480046535437, sym =  1, origin #  0
#  1: E =  -3.463667078525, sym =  2, origin #  1
#  2: E =  -2.234819483311, sym =  1, origin #  2
#  3: E =  -2.191750470807, sym =  6, origin #  3
#  4: E =  -2.191750470807, sym =  4, origin #  4
#  5: E =  -2.170390405872, sym =  3, origin #  5
#  6: E =  -2.170390405872, sym =  5, origin #  6
#  7: E =  -2.145162136362, sym =  2, origin #  7
#  8: E =  -0.218825698932, sym =  1, origin #  8
#  9: E =  -0.244048359774, sym =  4, origin #  9
# 10: E =  -0.244048359774, sym =  6, origin # 10
# 11: E =  -0.256208922126, sym =  1, origin # 11
# 12: E =  -0.175765140309, sym =  9, origin # 12
# 13: E =  -0.175765140309, sym =  7, origin # 13
# 14: E =   0.121904804708, sym =  8, origin # 14
# 15: E =   0.121904804708, sym = 10, origin # 15
# 16: E =   0.203423165935, sym =  2, origin # 16
# 17: E =   0.213537688154, sym =  5, origin # 17
# 18: E =   0.213537688154, sym =  3, origin # 18
# 19: E =   0.110652351776, sym =  2, origin # 19
# 20: E =   0.411720292971, sym =  6, origin # 20
# 21: E =   0.411720292971, sym =  4, origin # 21
# 22: E =   0.950423734015, sym =  9, origin # 22
# 23: E =   0.950423734015, sym =  7, origin # 23
# 24: E =   0.398730575312, sym =  1, origin # 24
# 25: E =   1.291636041584, sym =  1, origin # 25
# 26: E =   0.994753430141, sym =  6, origin # 26
# 27: E =   0.994753430141, sym =  4, origin # 27
# 28: E =   1.295900641894, sym = 10, origin # 28
# 29: E =   1.295900641894, sym =  8, origin # 29
# 30: E =   1.579119560828, sym =  2, origin # 30
# 31: E =   2.181696414092, sym =  6, origin # 31
# 32: E =   2.181696414092, sym =  4, origin # 32
# 33: E =   2.341730782134, sym =  1, origin # 33
# 34: E =   2.249071858766, sym =  9, origin # 34
# 35: E =   2.249071858766, sym =  7, origin # 35
# 36: E =   2.399245291965, sym = 14, origin # 36
# 37: E =   2.399245291965, sym = 12, origin # 37
# 38: E =   2.485836959017, sym = 11, origin # 38
# 39: E =   2.485836959017, sym = 13, origin # 39
# 40: E =   1.703645081948, sym =  3, origin # 40
# 41: E =   1.703645081948, sym =  5, origin # 41
# 42: E =   1.430135037186, sym =  1, origin # 42
# 43: E =   2.696413892449, sym = 10, origin # 43
# 44: E =   2.696413892449, sym =  8, origin # 44
# 45: E =   3.368430051555, sym =  2, origin # 45
# 46: E =   3.152813898460, sym =  3, origin # 46
# 47: E =   3.152813898460, sym =  5, origin # 47
# 48: E =   0.512550101788, sym =  3, origin # 48
# 49: E =   0.512550101788, sym =  5, origin # 49
# 50: E =   1.702937879033, sym =  2, origin # 50
# 51: E =   0.540523636495, sym =  6, origin # 51
# 52: E =   0.540523636495, sym =  4, origin # 52
# 53: E =   1.778208509399, sym =  2, origin # 53
# 54: E =   0.517157341322, sym =  1, origin # 54
# 55: E =   0.678434542069, sym =  7, origin # 55
# 56: E =   0.678434542069, sym =  9, origin # 56
# 57: E =   0.614569677830, sym =  1, origin # 57
# 58: E =   0.540098014615, sym =  6, origin # 58
# 59: E =   0.540098014615, sym =  4, origin # 59
# 60: E =   0.489655508936, sym =  3, origin # 60
# 61: E =   0.489655508936, sym =  5, origin # 61
# 62: E =   1.531498973883, sym =  2, origin # 62
# 63: E =   0.521905567448, sym = 10, origin # 63
# 64: E =   0.521905567448, sym =  8, origin # 64
# 65: E =   0.828939235052, sym =  2, origin # 65
# 66: E =   0.648805671511, sym =  1, origin # 66
# 67: E =   0.208728877705, sym =  1, origin # 67
# 68: E =   0.704947725874, sym =  2, origin # 68
# 69: E =   0.312312138813, sym =  6, origin # 69
# 70: E =   0.312312138813, sym =  4, origin # 70
# 71: E =   0.946988614004, sym =  5, origin # 71
# 72: E =   0.946988614004, sym =  3, origin # 72
# 73: E =   0.158333952710, sym =  5, origin # 73
# 74: E =   0.158333952710, sym =  3, origin # 74
# 75: E =   0.118968832741, sym =  2, origin # 75
HF det up: 0 1 2 3 4 5 6 7 8 9 10 11 12 13 
HF det dn: 0 1 2 3 4 5 6 7 8 9 10 11 12 13 
END OF reorder orbitals [0.1/253.0]GB [0.059/1.617/1.622]s
FCIDUMP cache saved to: integrals_cache.dat
END OF load integrals << setup [0.1/253.0]GB [0.068/1.683/1.688]s

BEG OF setup hci queue << setup [0.1/253.0]GB [0.001/0.000/1.689]s
Max hci queue elem: 0.3678550014 Ha
Number of entries in hci queue: 1,782,646
END OF setup hci queue << setup [0.1/253.0]GB [0.097/0.097/1.785]s
HF energy: -2098.3190852436 Ha
END OF setup [0.1/253.0]GB [0.003/1.787/1.787]s

BEG OF variation [0.1/253.0]GB [0.001/0.001/1.788]s
Final iteration 0 HF ndets= 1 energy= -2098.31908524

BEG OF eps_var 1.00e-04 << variation [0.1/253.0]GB [0.001/0.001/1.789]s
Loaded 4,741,425 dets from: wf_eps1_1.00e-04.dat
Effect dets (without time sym): 9,475,769
----------------------------------------
Excite Lv       # dets         Sum c^2
0                    1      0.20013379
1                  164      0.00082862
2                62336      0.41072753
3               481850      0.01400310
4              2465909      0.26377317
5              1548284      0.01523052
6              2826133      0.07499237
7               832302      0.00613847
8               944440      0.01174673
9               171896      0.00124121
10              124168      0.00106112
11               12944      0.00009906
12                5052      0.00002406
13                 260      0.00000024
14                  30      0.00000000
----------------------------------------
Orbital                        Sum c^2
0                           1.99594591
1                           1.99589645
2                           1.98878911
3                           1.98866195
4                           1.98866195
5                           1.98776815
6                           1.98776815
7                           1.98617910
8                           1.92990013
9                           1.65875543
10                          1.65875543
11                          1.62501754
12                          1.30115069
13                          1.30115069
14                          0.68339025
15                          0.68339025
16                          0.36346926
17                          0.32725918
18                          0.32725918
19                          0.03852370
20                          0.01985732
21                          0.01985732
22                          0.01135256
23                          0.01135256
24                          0.01281593
25                          0.00797559
26                          0.00574211
27                          0.00574211
28                          0.00575505
29                          0.00575505
30                          0.00448566
31                          0.00382210
32                          0.00382210
33                          0.00381717
34                          0.00351481
35                          0.00351481
36                          0.00326253
37                          0.00326253
38                          0.00291584
39                          0.00291584
40                          0.00317151
41                          0.00317151
42                          0.00323254
43                          0.00252255
44                          0.00252255
45                          0.00235618
46                          0.00237482
47                          0.00237482
48                          0.00366309
49                          0.00366309
Sum orbitals c^2: 28.00000000
----------------------------------------
Most important dets:
Excite Lv         Coef      Det (Reordered orb)
0           0.44736315      |  0  1  2  3  4  5  6  7  8  9 10 11 12 13 |  0  1  2  3  4  5  6  7  8  9 10 11 12 13 |
2          -0.24908753      |  0  1  2  3  4  5  6  7  8  9 10 11 13 15 |  0  1  2  3  4  5  6  7  8  9 10 11 13 15 |
2          -0.24908753      |  0  1  2  3  4  5  6  7  8  9 10 11 12 14 |  0  1  2  3  4  5  6  7  8  9 10 11 12 14 |
2           0.22448650      |  0  1  2  3  4  5  6  7  8  9 10 11 13 14 |  0  1  2  3  4  5  6  7  8  9 10 11 12 15 |
4           0.16307089      |  0  1  2  3  4  5  6  7  8  9 10 11 14 15 |  0  1  2  3  4  5  6  7  8  9 10 11 14 15 |
2           0.13077672      |  0  1  2  3  4  5  6  7  8  9 10 12 13 14 |  0  1  2  3  4  5  6  7  8  9 10 11 12 16 |
2          -0.13077672      |  0  1  2  3  4  5  6  7  8  9 10 12 13 15 |  0  1  2  3  4  5  6  7  8  9 10 11 13 16 |
2           0.12526659      |  0  1  2  3  4  5  6  7  8 10 11 12 13 14 |  0  1  2  3  4  5  6  7  8  9 10 11 12 18 |
2           0.12526659      |  0  1  2  3  4  5  6  7  8  9 11 12 13 15 |  0  1  2  3  4  5  6  7  8  9 10 11 13 17 |
2          -0.11774307      |  0  1  2  3  4  5  6  7  8  9 10 12 13 16 |  0  1  2  3  4  5  6  7  8  9 10 12 13 16 |
2          -0.10958348      |  0  1  2  3  4  5  6  7  8 10 11 12 13 15 |  0  1  2  3  4  5  6  7  8  9 10 11 13 18 |
2          -0.10958348      |  0  1  2  3  4  5  6  7  8  9 11 12 13 14 |  0  1  2  3  4  5  6  7  8  9 10 11 12 17 |
2          -0.10077375      |  0  1  2  3  4  5  6  7  8  9 11 12 13 17 |  0  1  2  3  4  5  6  7  8  9 11 12 13 17 |
2          -0.10077375      |  0  1  2  3  4  5  6  7  8 10 11 12 13 18 |  0  1  2  3  4  5  6  7  8 10 11 12 13 18 |
2           0.10013041      |  0  1  2  3  4  5  6  7  8  9 10 11 12 14 |  0  1  2  3  4  5  6  7  8  9 10 11 13 15 |
4          -0.08716536      |  0  1  2  3  4  5  6  7  8  9 10 13 14 15 |  0  1  2  3  4  5  6  7  8  9 10 11 15 16 |
4           0.08716536      |  0  1  2  3  4  5  6  7  8  9 10 12 14 15 |  0  1  2  3  4  5  6  7  8  9 10 11 14 16 |
4          -0.08132473      |  0  1  2  3  4  5  6  7  8 10 11 13 14 15 |  0  1  2  3  4  5  6  7  8  9 10 11 15 18 |
4          -0.08132473      |  0  1  2  3  4  5  6  7  8  9 11 12 14 15 |  0  1  2  3  4  5  6  7  8  9 10 11 14 17 |
2           0.08045164      |  0  1  2  3  4  5  6  7  8 10 11 12 13 17 |  0  1  2  3  4  5  6  7  8  9 11 12 13 18 |
----------------------------------------
HF energy: -2098.3190852436 Ha
Variational energy: -2099.8141901674 Ha
END OF eps_var 1.00e-04 << variation [0.8/253.7]GB [6.692/6.692/8.480]s

BEG OF eps_var 5.00e-05 << variation [0.8/253.7]GB [0.002/0.000/8.481]s
Loaded 14,692,117 dets from: wf_eps1_5.00e-05.dat
Effect dets (without time sym): 29,372,106
----------------------------------------
Excite Lv       # dets         Sum c^2
0                    1      0.19000008
1                  186      0.00093263
2                72461      0.40810485
3              1089188      0.01539666
4              6495469      0.26744489
5              5425072      0.01716155
6              8842197      0.07818688
7              3062422      0.00715100
8              3117722      0.01272624
9               695152      0.00151098
10              460873      0.00121529
11               79394      0.00013126
12               28941      0.00003682
13                2120      0.00000079
14                 908      0.00000007
----------------------------------------
Orbital                        Sum c^2
0                           1.99573751
1                           1.99568985
2                           1.98814104
3                           1.98801566
4                           1.98801566
5                           1.98708014
6                           1.98708014
7                           1.98540124
8                           1.90836147
9                           1.65166535
10                          1.65166535
11                          1.61989526
12                          1.29284738
13                          1.29284738
14                          0.68933731
15                          0.68933731
16                          0.36663496
17                          0.33203648
18                          0.33203648
19                          0.05250749
20                          0.02382306
21                          0.02382306
22                          0.01259918
23                          0.01259918
24                          0.01506349
25                          0.00875532
26                          0.00634849
27                          0.00634849
28                          0.00633023
29                          0.00633023
30                          0.00508390
31                          0.00405237
32                          0.00405237
33                          0.00402709
34                          0.00369129
35                          0.00369129
36                          0.00341586
37                          0.00341586
38                          0.00305949
39                          0.00305949
40                          0.00348636
41                          0.00348636
42                          0.00359621
43                          0.00264715
44                          0.00264715
45                          0.00246721
46                          0.00249090
47                          0.00249090
48                          0.00413853
49                          0.00413853
Sum orbitals c^2: 28.00000000
----------------------------------------
Most important dets:
Excite Lv         Coef      Det (Reordered orb)
0           0.43588999      |  0  1  2  3  4  5  6  7  8  9 10 11 12 13 |  0  1  2  3  4  5  6  7  8  9 10 11 12 13 |
2          -0.24653349      |  0  1  2  3  4  5  6  7  8  9 10 11 13 15 |  0  1  2  3  4  5  6  7  8  9 10 11 13 15 |
2          -0.24653349      |  0  1  2  3  4  5  6  7  8  9 10 11 12 14 |  0  1  2  3  4  5  6  7  8  9 10 11 12 14 |
2           0.22134446      |  0  1  2  3  4  5  6  7  8  9 10 11 13 14 |  0  1  2  3  4  5  6  7  8  9 10 11 12 15 |
4           0.16037227      |  0  1  2  3  4  5  6  7  8  9 10 11 14 15 |  0  1  2  3  4  5  6  7  8  9 10 11 14 15 |
2           0.12760401      |  0  1  2  3  4  5  6  7  8  9 10 12 13 14 |  0  1  2  3  4  5  6  7  8  9 10 11 12 16 |
2          -0.12760401      |  0  1  2  3  4  5  6  7  8  9 10 12 13 15 |  0  1  2  3  4  5  6  7  8  9 10 11 13 16 |
2           0.12262844      |  0  1  2  3  4  5  6  7  8  9 11 12 13 15 |  0  1  2  3  4  5  6  7  8  9 10 11 13 17 |
2           0.12262844      |  0  1  2  3  4  5  6  7  8 10 11 12 13 14 |  0  1  2  3  4  5  6  7  8  9 10 11 12 18 |
2          -0.11482527      |  0  1  2  3  4  5  6  7  8  9 10 12 13 16 |  0  1  2  3  4  5  6  7  8  9 10 12 13 16 |
2          -0.10787611      |  0  1  2  3  4  5  6  7  8 10 11 12 13 15 |  0  1  2  3  4  5  6  7  8  9 10 11 13 18 |
2          -0.10787611      |  0  1  2  3  4  5  6  7  8  9 11 12 13 14 |  0  1  2  3  4  5  6  7  8  9 10 11 12 17 |
2           0.10215281      |  0  1  2  3  4  5  6  7  8  9 10 11 12 14 |  0  1  2  3  4  5  6  7  8  9 10 11 13 15 |
2          -0.09896714      |  0  1  2  3  4  5  6  7  8 10 11 12 13 18 |  0  1  2  3  4  5  6  7  8 10 11 12 13 18 |
2          -0.09896714      |  0  1  2  3  4  5  6  7  8  9 11 12 13 17 |  0  1  2  3  4  5  6  7  8  9 11 12 13 17 |
4          -0.08372606      |  0  1  2  3  4  5  6  7  8  9 10 13 14 15 |  0  1  2  3  4  5  6  7  8  9 10 11 15 16 |
4           0.08372606      |  0  1  2  3  4  5  6  7  8  9 10 12 14 15 |  0  1  2  3  4  5  6  7  8  9 10 11 14 16 |
2           0.07898961      |  0  1  2  3  4  5  6  7  8 10 11 12 13 17 |  0  1  2  3  4  5  6  7  8  9 11 12 13 18 |
4          -0.07854444      |  0  1  2  3  4  5  6  7  8 10 11 13 14 15 |  0  1  2  3  4  5  6  7  8  9 10 11 15 18 |
4          -0.07854444      |  0  1  2  3  4  5  6  7  8  9 11 12 14 15 |  0  1  2  3  4  5  6  7  8  9 10 11 14 17 |
----------------------------------------
HF energy: -2098.3190852436 Ha
Variational energy: -2099.8367738314 Ha
END OF eps_var 5.00e-05 << variation [2.1/255.0]GB [19.265/19.265/27.746]s

BEG OF eps_var 3.00e-05 << variation [2.1/255.0]GB [0.002/0.000/27.746]s
Loaded 34,295,618 dets from: wf_eps1_3.00e-05.dat
Effect dets (without time sym): 68,573,345
----------------------------------------
Excite Lv       # dets         Sum c^2
0                    1      0.18083226
1                  188      0.00099737
2                78029      0.40602694
3              1846558      0.01643372
4             12844521      0.27158834
5             13526628      0.01878069
6             20990962      0.08076263
7              8175034      0.00798059
8              7562918      0.01337834
9              1998556      0.00171068
10             1189575      0.00130505
11              257846      0.00015769
12               91397      0.00004431
13                9254      0.00000125
14                1878      0.00000013
----------------------------------------
Orbital                        Sum c^2
0                           1.99558590
1                           1.99553022
2                           1.98764851
3                           1.98752513
4                           1.98752513
5                           1.98656967
6                           1.98656967
7                           1.98482500
8                           1.89577327
9                           1.64438920
10                          1.64438920
11                          1.61325811
12                          1.28480208
13                          1.28480208
14                          0.69557608
15                          0.69557608
16                          0.37162425
17                          0.33748027
18                          0.33748027
19                          0.05910154
20                          0.02688370
21                          0.02688370
22                          0.01346971
23                          0.01346971
24                          0.01676741
25                          0.00935101
26                          0.00684471
27                          0.00684471
28                          0.00676568
29                          0.00676568
30                          0.00557601
31                          0.00422367
32                          0.00422367
33                          0.00418231
34                          0.00382382
35                          0.00382382
36                          0.00352437
37                          0.00352437
38                          0.00316570
39                          0.00316570
40                          0.00374969
41                          0.00374969
42                          0.00387203
43                          0.00274535
44                          0.00274535
45                          0.00255827
46                          0.00258340
47                          0.00258340
48                          0.00456768
49                          0.00456768
Sum orbitals c^2: 28.00000000
----------------------------------------
Most important dets:
Excite Lv         Coef      Det (Reordered orb)
0           0.42524377      |  0  1  2  3  4  5  6  7  8  9 10 11 12 13 |  0  1  2  3  4  5  6  7  8  9 10 11 12 13 |
2          -0.24369596      |  0  1  2  3  4  5  6  7  8  9 10 11 12 14 |  0  1  2  3  4  5  6  7  8  9 10 11 12 14 |
2          -0.24369596      |  0  1  2  3  4  5  6  7  8  9 10 11 13 15 |  0  1  2  3  4  5  6  7  8  9 10 11 13 15 |
2           0.21957755      |  0  1  2  3  4  5  6  7  8  9 10 11 13 14 |  0  1  2  3  4  5  6  7  8  9 10 11 12 15 |
4           0.15876378      |  0  1  2  3  4  5  6  7  8  9 10 11 14 15 |  0  1  2  3  4  5  6  7  8  9 10 11 14 15 |
2           0.12706097      |  0  1  2  3  4  5  6  7  8  9 10 12 13 14 |  0  1  2  3  4  5  6  7  8  9 10 11 12 16 |
2          -0.12706097      |  0  1  2  3  4  5  6  7  8  9 10 12 13 15 |  0  1  2  3  4  5  6  7  8  9 10 11 13 16 |
2           0.12213262      |  0  1  2  3  4  5  6  7  8 10 11 12 13 14 |  0  1  2  3  4  5  6  7  8  9 10 11 12 18 |
2           0.12213262      |  0  1  2  3  4  5  6  7  8  9 11 12 13 15 |  0  1  2  3  4  5  6  7  8  9 10 11 13 17 |
2          -0.11339211      |  0  1  2  3  4  5  6  7  8  9 10 12 13 16 |  0  1  2  3  4  5  6  7  8  9 10 12 13 16 |
2          -0.10818083      |  0  1  2  3  4  5  6  7  8 10 11 12 13 15 |  0  1  2  3  4  5  6  7  8  9 10 11 13 18 |
2          -0.10818083      |  0  1  2  3  4  5  6  7  8  9 11 12 13 14 |  0  1  2  3  4  5  6  7  8  9 10 11 12 17 |
2           0.10312382      |  0  1  2  3  4  5  6  7  8  9 10 11 12 14 |  0  1  2  3  4  5  6  7  8  9 10 11 13 15 |
2          -0.09824540      |  0  1  2  3  4  5  6  7  8  9 11 12 13 17 |  0  1  2  3  4  5  6  7  8  9 11 12 13 17 |
2          -0.09824540      |  0  1  2  3  4  5  6  7  8 10 11 12 13 18 |  0  1  2  3  4  5  6  7  8 10 11 12 13 18 |
4          -0.08293414      |  0  1  2  3  4  5  6  7  8  9 10 13 14 15 |  0  1  2  3  4  5  6  7  8  9 10 11 15 16 |
4           0.08293414      |  0  1  2  3  4  5  6  7  8  9 10 12 14 15 |  0  1  2  3  4  5  6  7  8  9 10 11 14 16 |
2           0.07834143      |  0  1  2  3  4  5  6  7  8 10 11 12 13 17 |  0  1  2  3  4  5  6  7  8  9 11 12 13 18 |
4          -0.07786221      |  0  1  2  3  4  5  6  7  8 10 11 13 14 15 |  0  1  2  3  4  5  6  7  8  9 10 11 15 18 |
4          -0.07786221      |  0  1  2  3  4  5  6  7  8  9 11 12 14 15 |  0  1  2  3  4  5  6  7  8  9 10 11 14 17 |
----------------------------------------
HF energy: -2098.3190852436 Ha
Variational energy: -2099.8511149039 Ha
END OF eps_var 3.00e-05 << variation [5.1/258.0]GB [44.775/44.775/72.521]s

BEG OF eps_var 2.00e-05 << variation [5.1/258.0]GB [0.002/0.000/72.522]s
Loaded 67,677,155 dets from: wf_eps1_2.00e-05.dat
Effect dets (without time sym): 135,329,555
----------------------------------------
Excite Lv       # dets         Sum c^2
0                    1      0.17278508
1                  190      0.00104518
2                81168      0.40378413
3              2650232      0.01721610
4             21341278      0.27582713
5             27100808      0.02016424
6             42353289      0.08314778
7             18442542      0.00867822
8             15523457      0.01389385
9              4481122      0.00186608
10             2545901      0.00136553
11              566656      0.00017567
12              214081      0.00004927
13               25722      0.00000159
14                3108      0.00000016
----------------------------------------
Orbital                        Sum c^2
0                           1.99546684
1                           1.99540107
2                           1.98726699
3                           1.98714353
4                           1.98714353
5                           1.98617898
6                           1.98617898
7                           1.98439412
8                           1.88746365
9                           1.63683531
10                          1.63683531
11                          1.60619632
12                          1.27766124
13                          1.27766124
14                          0.70127036
15                          0.70127036
16                          0.37728631
17                          0.34356728
18                          0.34356728
19                          0.06257730
20                          0.02926635
21                          0.02926635
22                          0.01410333
23                          0.01410333
24                          0.01809810
25                          0.00979897
26                          0.00725011
27                          0.00725011
28                          0.00710723
29                          0.00710723
30                          0.00599049
31                          0.00435281
32                          0.00435281
33                          0.00429825
34                          0.00392274
35                          0.00392274
36                          0.00360339
37                          0.00360339
38                          0.00324558
39                          0.00324558
40                          0.00397957
41                          0.00397957
42                          0.00410387
43                          0.00282478
44                          0.00282478
45                          0.00263140
46                          0.00265791
47                          0.00265791
48                          0.00497077
49                          0.00497077
Sum orbitals c^2: 28.00000000
----------------------------------------
Most important dets:
Excite Lv         Coef      Det (Reordered orb)
0           0.41567425      |  0  1  2  3  4  5  6  7  8  9 10 11 12 13 |  0  1  2  3  4  5  6  7  8  9 10 11 12 13 |
2          -0.24060379      |  0  1  2  3  4  5  6  7  8  9 10 11 13 15 |  0  1  2  3  4  5  6  7  8  9 10 11 13 15 |
2          -0.24060379      |  0  1  2  3  4  5  6  7  8  9 10 11 12 14 |  0  1  2  3  4  5  6  7  8  9 10 11 12 14 |
2           0.21826405      |  0  1  2  3  4  5  6  7  8  9 10 11 13 14 |  0  1  2  3  4  5  6  7  8  9 10 11 12 15 |
4           0.15719371      |  0  1  2  3  4  5  6  7  8  9 10 11 14 15 |  0  1  2  3  4  5  6  7  8  9 10 11 14 15 |
2          -0.12718426      |  0  1  2  3  4  5  6  7  8  9 10 12 13 15 |  0  1  2  3  4  5  6  7  8  9 10 11 13 16 |
2           0.12718426      |  0  1  2  3  4  5  6  7  8  9 10 12 13 14 |  0  1  2  3  4  5  6  7  8  9 10 11 12 16 |
2           0.12229506      |  0  1  2  3  4  5  6  7  8 10 11 12 13 14 |  0  1  2  3  4  5  6  7  8  9 10 11 12 18 |
2           0.12229506      |  0  1  2  3  4  5  6  7  8  9 11 12 13 15 |  0  1  2  3  4  5  6  7  8  9 10 11 13 17 |
2          -0.11234058      |  0  1  2  3  4  5  6  7  8  9 10 12 13 16 |  0  1  2  3  4  5  6  7  8  9 10 12 13 16 |
2          -0.10918634      |  0  1  2  3  4  5  6  7  8 10 11 12 13 15 |  0  1  2  3  4  5  6  7  8  9 10 11 13 18 |
2          -0.10918634      |  0  1  2  3  4  5  6  7  8  9 11 12 13 14 |  0  1  2  3  4  5  6  7  8  9 10 11 12 17 |
2           0.10359055      |  0  1  2  3  4  5  6  7  8  9 10 11 12 14 |  0  1  2  3  4  5  6  7  8  9 10 11 13 15 |
2          -0.09781727      |  0  1  2  3  4  5  6  7  8  9 11 12 13 17 |  0  1  2  3  4  5  6  7  8  9 11 12 13 17 |
2          -0.09781727      |  0  1  2  3  4  5  6  7  8 10 11 12 13 18 |  0  1  2  3  4  5  6  7  8 10 11 12 13 18 |
4          -0.08308717      |  0  1  2  3  4  5  6  7  8  9 10 13 14 15 |  0  1  2  3  4  5  6  7  8  9 10 11 15 16 |
4           0.08308717      |  0  1  2  3  4  5  6  7  8  9 10 12 14 15 |  0  1  2  3  4  5  6  7  8  9 10 11 14 16 |
2           0.07844082      |  0  1  2  3  4  5  6  7  8 10 11 12 13 17 |  0  1  2  3  4  5  6  7  8  9 11 12 13 18 |
4          -0.07801779      |  0  1  2  3  4  5  6  7  8 10 11 13 14 15 |  0  1  2  3  4  5  6  7  8  9 10 11 15 18 |
4          -0.07801779      |  0  1  2  3  4  5  6  7  8  9 11 12 14 15 |  0  1  2  3  4  5  6  7  8  9 10 11 14 17 |
----------------------------------------
HF energy: -2098.3190852436 Ha
Variational energy: -2099.8613006385 Ha
END OF eps_var 2.00e-05 << variation [9.0/261.9]GB [83.374/83.374/155.895]s

BEG OF eps_var 1.00e-05 << variation [9.0/261.9]GB [0.002/0.000/155.895]s
Loaded 215,321,239 dets from: wf_eps1_1.00e-05.dat
Effect dets (without time sym): 430,598,200
----------------------------------------
Excite Lv       # dets         Sum c^2
0                    1      0.15926426
1                  192      0.00112762
2                85318      0.39818295
3              4516366      0.01833179
4             47255718      0.28386065
5             81348126      0.02251191
6            137299667      0.08803233
7             72901502      0.00993208
8             56861314      0.01489794
9             18038162      0.00213553
10             9219510      0.00146366
11             2207942      0.00020127
12              744210      0.00005570
13              109036      0.00000210
14               11136      0.00000020
----------------------------------------
Orbital                        Sum c^2
0                           1.99526668
1                           1.99518114
2                           1.98665596
3                           1.98653225
4                           1.98653225
5                           1.98556122
6                           1.98556122
7                           1.98373202
8                           1.87463456
9                           1.62160453
10                          1.62160453
11                          1.59187956
12                          1.26554598
13                          1.26554598
14                          0.71106393
15                          0.71106393
16                          0.38917992
17                          0.35639589
18                          0.35639589
19                          0.06759035
20                          0.03289922
21                          0.03289922
22                          0.01501009
23                          0.01501009
24                          0.02018984
25                          0.01048788
26                          0.00793537
27                          0.00793537
28                          0.00763035
29                          0.00763035
30                          0.00673426
31                          0.00455155
32                          0.00455155
33                          0.00447469
34                          0.00407291
35                          0.00407291
36                          0.00371948
37                          0.00371948
38                          0.00336411
39                          0.00336411
40                          0.00439148
41                          0.00439148
42                          0.00452295
43                          0.00295178
44                          0.00295178
45                          0.00275171
46                          0.00277999
47                          0.00277999
48                          0.00574440
49                          0.00574440
Sum orbitals c^2: 28.00000000
----------------------------------------
Most important dets:
Excite Lv         Coef      Det (Reordered orb)
0           0.39907927      |  0  1  2  3  4  5  6  7  8  9 10 11 12 13 |  0  1  2  3  4  5  6  7  8  9 10 11 12 13 |
2          -0.23428560      |  0  1  2  3  4  5  6  7  8  9 10 11 13 15 |  0  1  2  3  4  5  6  7  8  9 10 11 13 15 |
2          -0.23428560      |  0  1  2  3  4  5  6  7  8  9 10 11 12 14 |  0  1  2  3  4  5  6  7  8  9 10 11 12 14 |
2           0.21551315      |  0  1  2  3  4  5  6  7  8  9 10 11 13 14 |  0  1  2  3  4  5  6  7  8  9 10 11 12 15 |
4           0.15391910      |  0  1  2  3  4  5  6  7  8  9 10 11 14 15 |  0  1  2  3  4  5  6  7  8  9 10 11 14 15 |
2          -0.12768442      |  0  1  2  3  4  5  6  7  8  9 10 12 13 15 |  0  1  2  3  4  5  6  7  8  9 10 11 13 16 |
2           0.12768442      |  0  1  2  3  4  5  6  7  8  9 10 12 13 14 |  0  1  2  3  4  5  6  7  8  9 10 11 12 16 |
2           0.12300359      |  0  1  2  3  4  5  6  7  8 10 11 12 13 14 |  0  1  2  3  4  5  6  7  8  9 10 11 12 18 |
2           0.12300359      |  0  1  2  3  4  5  6  7  8  9 11 12 13 15 |  0  1  2  3  4  5  6  7  8  9 10 11 13 17 |
2          -0.11140228      |  0  1  2  3  4  5  6  7  8  9 11 12 13 14 |  0  1  2  3  4  5  6  7  8  9 10 11 12 17 |
2          -0.11140228      |  0  1  2  3  4  5  6  7  8 10 11 12 13 15 |  0  1  2  3  4  5  6  7  8  9 10 11 13 18 |
2          -0.11051432      |  0  1  2  3  4  5  6  7  8  9 10 12 13 16 |  0  1  2  3  4  5  6  7  8  9 10 12 13 16 |
2           0.10349036      |  0  1  2  3  4  5  6  7  8  9 10 11 12 14 |  0  1  2  3  4  5  6  7  8  9 10 11 13 15 |
2          -0.09707911      |  0  1  2  3  4  5  6  7  8 10 11 12 13 18 |  0  1  2  3  4  5  6  7  8 10 11 12 13 18 |
2          -0.09707911      |  0  1  2  3  4  5  6  7  8  9 11 12 13 17 |  0  1  2  3  4  5  6  7  8  9 11 12 13 17 |
4          -0.08390424      |  0  1  2  3  4  5  6  7  8  9 10 13 14 15 |  0  1  2  3  4  5  6  7  8  9 10 11 15 16 |
4           0.08390424      |  0  1  2  3  4  5  6  7  8  9 10 12 14 15 |  0  1  2  3  4  5  6  7  8  9 10 11 14 16 |
2           0.07926618      |  0  1  2  3  4  5  6  7  8 10 11 12 13 17 |  0  1  2  3  4  5  6  7  8  9 11 12 13 18 |
4          -0.07894335      |  0  1  2  3  4  5  6  7  8 10 11 13 14 15 |  0  1  2  3  4  5  6  7  8  9 10 11 15 18 |
4          -0.07894335      |  0  1  2  3  4  5  6  7  8  9 11 12 14 15 |  0  1  2  3  4  5  6  7  8  9 10 11 14 17 |
----------------------------------------
HF energy: -2098.3190852436 Ha
Variational energy: -2099.8761319660 Ha
END OF eps_var 1.00e-05 << variation [33.2/286.2]GB [304.921/304.921/460.816]s

BEG OF eps_var 5.00e-06 << variation [33.2/286.2]GB [0.002/0.000/460.816]s

BEG OF main << eps_var 5.00e-06 << variation [33.2/286.2]GB [0.004/0.000/460.820]s

BEG OF #1 << main << eps_var 5.00e-06 << variation [34.9/287.8]GB [0.522/0.002/461.342]s
10% 20% 30% 40% 50% 60% 70% 80% 90% 100% 
Number of dets / new dets: 599,543,315 / 384,222,076
END OF get next det list [133.8/386.7]GB [1409.331/1409.331/1870.671]s
END OF update unique ab [164.1/417.0]GB [1593.189/3002.518/3463.858]s
END OF create abm1 [186.4/439.3]GB [1490.276/4483.607/4944.948]s
Outer size of a/b singles: 27,576,258 / 0
Full size of absingles: 3,054,438,648
END OF create absingles [207.9/460.8]GB [1719.482/6195.169/6656.509]s
10% 20% 30% 40% 50% 60% 70% 80% 90% 100% 
Number of nonzero elems: 333,314,777,527
END OF generate sparse hamiltonian [2039.8/2292.7]GB [82533.811/88728.961/89190.302]s
Davidson #0: -2099.8761319663
Davidson #1: -2099.8859545899
Davidson #2: -2099.8863769667
Davidson #3: -2099.8864524907
Davidson #4: -2099.8864956616
Davidson #5: -2099.8865154791
Davidson #6: -2099.8865368721
Davidson #7: -2099.8865615854
Davidson #8: -2099.8865798502
END OF diagonalize sparse hamiltonian [2044.6/2297.5]GB [3355.902/92084.860/92546.200]s
Iteration 1 eps1= 5.00e-06 ndets= 599,543,315 energy= -2099.88657985
END OF #1 << main << eps_var 5.00e-06 << variation [2044.6/2297.5]GB [0.002/92084.860/92546.201]s

BEG OF #2 << main << eps_var 5.00e-06 << variation [2047.6/2300.5]GB [1.861/0.002/92548.061]s
10% 20% 30% 40% 50% 60% 70% 80% 90% 100% 
Number of dets / new dets: 640,040,875 / 40,497,560
END OF get next det list [2042.0/2294.9]GB [2000.577/2000.577/94548.636]s
END OF update unique ab [2042.2/2295.1]GB [224.039/2224.613/94772.672]s
END OF create abm1 [2043.1/2296.0]GB [214.914/2439.517/94987.576]s
Outer size of a/b singles: 28,868,384 / 0
Full size of absingles: 2,239,671,070
END OF create absingles [2044.2/2297.1]GB [152.345/2591.852/95139.910]s
10% 20% 30% 40% 50% 60% 70% 80% 90% slurmstepd: error: *** JOB 4495923 ON l020 CANCELLED AT 2018-11-26T12:12:26 DUE TO NODE FAILURE, SEE SLURMCTLD LOG FOR DETAILS ***
