l[027,032]
80
Semistochastic Heat-bath Configuration Interation (SHCI)

Start time: Tue Jun 11 23:14:25 2019
Infrastructure: 2 nodes * 80 threads
Configuration:
{
  "chem": {
    "irrep_occs_dn": [
      4,
      2,
      1,
      2,
      1,
      2,
      1,
      0,
      1,
      0
    ],
    "irrep_occs_up": [
      4,
      2,
      1,
      2,
      1,
      2,
      1,
      0,
      1,
      0
    ],
    "irreps": [
      1,
      2,
      3,
      4,
      5,
      6,
      7,
      8,
      9,
      10
    ],
    "point_group": "dih"
  },
  "eps_pt": 1e-20,
  "eps_vars": [
    0.0002,
    0.0001,
    5e-05,
    3e-05,
    2e-05,
    1e-05,
    5e-06
  ],
  "eps_vars_schedule": [
    0.005,
    0.005,
    0.005,
    0.005,
    0.005,
    0.003,
    0.003,
    0.003,
    0.003,
    0.003,
    0.002,
    0.002,
    0.002,
    0.002,
    0.002,
    0.001,
    0.001,
    0.001,
    0.001,
    0.001,
    0.001,
    0.001,
    0.0005,
    0.0005,
    0.0005,
    0.0005,
    0.0005,
    0.0005,
    0.0005,
    0.0003,
    0.0003,
    0.0003,
    0.0003,
    0.0003,
    0.0002,
    0.0002,
    0.0002,
    0.0002,
    0.0002
  ],
  "n_dn": 14,
  "n_up": 14,
  "system": "chem",
  "target_error": 2e-05,
  "time_sym": true,
  "var_only": true
}
Timing format: [DIFF/SECTION/TOTAL]

BEG OF setup [0.0/32.7]GB [0.001/0.001/0.001]s

BEG OF load integrals << setup [18446744073.7/32.7]GB [0.024/0.001/0.024]s
n_orbs: 76
n_elecs (from FCIDUMP): 28
orb_sym: 1 2 1 6 4 3 5 2 1 6 4 7 9 1 2 10 8 6 4 2 1 3 5 2 3 5 1 1 6 4 2 7 9 3 5 6 4 10 8 2 1 3 5 6 4 1 2 3 5 2 6 4 7 9 1 10 8 3 5 1 2 2 6 4 7 9 14 12 1 11 13 10 8 3 5 2 
END OF load fcidump [0.1/32.8]GB [1.345/1.345/1.369]s
HF det up: 0 1 2 3 4 5 6 7 8 9 10 11 12 13 
HF det dn: 0 1 2 3 4 5 6 7 8 9 10 11 12 13 
Reorder skipped.
Orbitals energy:
#  0: E =  -3.423962902688, sym =  1, origin #  0
#  1: E =  -3.416979719870, sym =  2, origin #  1
#  2: E =  -2.157117409584, sym =  1, origin #  2
#  3: E =  -2.138814875995, sym =  6, origin #  3
#  4: E =  -2.138814875995, sym =  4, origin #  4
#  5: E =  -2.126199629446, sym =  3, origin #  5
#  6: E =  -2.126199629446, sym =  5, origin #  6
#  7: E =  -2.113426285497, sym =  2, origin #  7
#  8: E =  -0.208105365130, sym =  1, origin #  8
#  9: E =  -0.167551674113, sym =  6, origin #  9
# 10: E =  -0.167551674113, sym =  4, origin # 10
# 11: E =  -0.120214224275, sym =  7, origin # 11
# 12: E =  -0.120214224275, sym =  9, origin # 12
# 13: E =  -0.176219131783, sym =  1, origin # 13
# 14: E =   0.171688634048, sym =  2, origin # 14
# 15: E =   0.129371938712, sym = 10, origin # 15
# 16: E =   0.129371938712, sym =  8, origin # 16
# 17: E =   0.739784455352, sym =  6, origin # 17
# 18: E =   0.739784455352, sym =  4, origin # 18
# 19: E =   0.247651449408, sym =  2, origin # 19
# 20: E =   0.360392947361, sym =  1, origin # 20
# 21: E =   0.182122069156, sym =  3, origin # 21
# 22: E =   0.182122069156, sym =  5, origin # 22
# 23: E =   1.130444849664, sym =  2, origin # 23
# 24: E =   1.436379018538, sym =  3, origin # 24
# 25: E =   1.436379018536, sym =  5, origin # 25
# 26: E =   1.175663016283, sym =  1, origin # 26
# 27: E =   2.342863907135, sym =  1, origin # 27
# 28: E =   0.645028808048, sym =  6, origin # 28
# 29: E =   0.645028808047, sym =  4, origin # 29
# 30: E =   3.095598321491, sym =  2, origin # 30
# 31: E =   0.959886364422, sym =  7, origin # 31
# 32: E =   0.959886364422, sym =  9, origin # 32
# 33: E =   2.889858427367, sym =  3, origin # 33
# 34: E =   2.889858427367, sym =  5, origin # 34
# 35: E =   2.278177601208, sym =  6, origin # 35
# 36: E =   2.278177601208, sym =  4, origin # 36
# 37: E =   1.212101542173, sym = 10, origin # 37
# 38: E =   1.212101542172, sym =  8, origin # 38
# 39: E =   1.737784788737, sym =  2, origin # 39
# 40: E =   1.499786791990, sym =  1, origin # 40
# 41: E =   0.550476453513, sym =  3, origin # 41
# 42: E =   0.550476453513, sym =  5, origin # 42
# 43: E =   0.489188443105, sym =  6, origin # 43
# 44: E =   0.489188443106, sym =  4, origin # 44
# 45: E =   0.612805653917, sym =  1, origin # 45
# 46: E =   1.367045254827, sym =  2, origin # 46
# 47: E =   0.565160005122, sym =  3, origin # 47
# 48: E =   0.565160005120, sym =  5, origin # 48
# 49: E =   1.389612910109, sym =  2, origin # 49
# 50: E =   0.560439060721, sym =  6, origin # 50
# 51: E =   0.560439060720, sym =  4, origin # 51
# 52: E =   2.356685543203, sym =  7, origin # 52
# 53: E =   2.356685543203, sym =  9, origin # 53
# 54: E =   0.545923726608, sym =  1, origin # 54
# 55: E =   2.605594384076, sym = 10, origin # 55
# 56: E =   2.605594384076, sym =  8, origin # 56
# 57: E =   0.191091798933, sym =  3, origin # 57
# 58: E =   0.191091798935, sym =  5, origin # 58
# 59: E =   0.541309492972, sym =  1, origin # 59
# 60: E =   0.571325145614, sym =  2, origin # 60
# 61: E =   0.196683529347, sym =  2, origin # 61
# 62: E =   0.339875058940, sym =  6, origin # 62
# 63: E =   0.339875058940, sym =  4, origin # 63
# 64: E =   0.710884483113, sym =  7, origin # 64
# 65: E =   0.710884483113, sym =  9, origin # 65
# 66: E =   2.448996233902, sym = 14, origin # 66
# 67: E =   2.448996233902, sym = 12, origin # 67
# 68: E =   0.274753499605, sym =  1, origin # 68
# 69: E =   2.489870545109, sym = 11, origin # 69
# 70: E =   2.489870545109, sym = 13, origin # 70
# 71: E =   0.613668529813, sym = 10, origin # 71
# 72: E =   0.613668529812, sym =  8, origin # 72
# 73: E =   0.827064120444, sym =  3, origin # 73
# 74: E =   0.827064120443, sym =  5, origin # 74
# 75: E =   0.988820554634, sym =  2, origin # 75
HF det up: 0 1 2 3 4 5 6 7 8 9 10 11 12 13 
HF det dn: 0 1 2 3 4 5 6 7 8 9 10 11 12 13 
END OF reorder orbitals [0.1/32.8]GB [0.082/1.426/1.450]s
FCIDUMP cache saved to: integrals_cache.dat
END OF load integrals << setup [0.1/32.8]GB [0.189/1.615/1.638]s

BEG OF setup hci queue << setup [0.1/32.8]GB [0.001/0.000/1.639]s
Max hci queue elem: 0.3823714681 Ha
Number of entries in hci queue: 1,785,846
END OF setup hci queue << setup [0.1/32.8]GB [0.086/0.086/1.724]s
HF energy: -2098.1387851399 Ha
END OF setup [0.1/32.8]GB [0.006/1.729/1.729]s

BEG OF variation [0.1/32.8]GB [0.001/0.000/1.730]s
Final iteration 0 HF ndets= 1 energy= -2098.13878514

BEG OF eps_var 2.00e-04 << variation [0.1/32.8]GB [0.001/0.000/1.730]s
Loaded 1,705,849 dets from: wf_eps1_2.00e-04.dat
Effect dets (without time sym): 3,407,925
----------------------------------------
Excite Lv       # dets         Sum c^2
0                    1      0.03188480
1                  144      0.00003135
2                32866      0.26290483
3                97708      0.00762225
4               546111      0.42502463
5               474212      0.02039335
6              1100203      0.20535578
7               418616      0.01162730
8               567758      0.03199229
9                88202      0.00170214
10               76932      0.00139715
11                3200      0.00005133
12                1972      0.00001282
----------------------------------------
Orbital                        Sum c^2
0                           1.99618158
1                           1.99611742
2                           1.98907675
3                           1.98923913
4                           1.98923913
5                           1.98893743
6                           1.98893743
7                           1.98803946
8                           1.96208798
9                           1.33511574
10                          1.33511574
11                          1.08692080
12                          1.08692080
13                          1.31782438
14                          0.67072408
15                          0.90087657
16                          0.90087657
17                          0.01335535
18                          0.01335535
19                          0.01763344
20                          0.00969067
21                          0.65257169
22                          0.65257169
23                          0.00497247
24                          0.00443096
25                          0.00443096
26                          0.00730203
27                          0.00319629
28                          0.00511601
29                          0.00511601
30                          0.00252878
31                          0.00841554
32                          0.00841554
33                          0.00253458
34                          0.00253458
35                          0.00318075
36                          0.00318075
37                          0.00594519
38                          0.00594519
39                          0.00202876
40                          0.00271574
41                          0.00347416
42                          0.00347416
43                          0.00086442
44                          0.00086442
45                          0.00019538
46                          0.00287773
47                          0.00012034
48                          0.00012034
49                          0.00023260
Sum orbitals c^2: 28.00000000
----------------------------------------
Most important dets:
Excite Lv         Coef      Det (Reordered orb)
2           0.19471369      |  0  1  2  3  4  5  6  7  8  9 10 12 13 15 |  0  1  2  3  4  5  6  7  8  9 10 11 13 16 |
0           0.17856315      |  0  1  2  3  4  5  6  7  8  9 10 11 12 13 |  0  1  2  3  4  5  6  7  8  9 10 11 12 13 |
2          -0.14652826      |  0  1  2  3  4  5  6  7  8  9 10 11 13 15 |  0  1  2  3  4  5  6  7  8  9 10 11 13 15 |
2          -0.14652826      |  0  1  2  3  4  5  6  7  8  9 10 12 13 16 |  0  1  2  3  4  5  6  7  8  9 10 12 13 16 |
2           0.14410371      |  0  1  2  3  4  5  6  7  8  9 10 11 13 14 |  0  1  2  3  4  5  6  7  8  9 10 11 12 15 |
2          -0.14410371      |  0  1  2  3  4  5  6  7  8  9 10 12 13 14 |  0  1  2  3  4  5  6  7  8  9 10 11 12 16 |
2           0.14141220      |  0  1  2  3  4  5  6  7  8 10 11 12 13 15 |  0  1  2  3  4  5  6  7  8  9 10 11 13 22 |
2           0.14141220      |  0  1  2  3  4  5  6  7  8  9 11 12 13 16 |  0  1  2  3  4  5  6  7  8  9 10 12 13 21 |
2          -0.13881490      |  0  1  2  3  4  5  6  7  8 10 11 12 13 16 |  0  1  2  3  4  5  6  7  8  9 10 12 13 22 |
2          -0.13881490      |  0  1  2  3  4  5  6  7  8  9 11 12 13 15 |  0  1  2  3  4  5  6  7  8  9 10 11 13 21 |
4           0.12200596      |  0  1  2  3  4  5  6  7  8  9 10 13 15 16 |  0  1  2  3  4  5  6  7  8  9 10 13 15 16 |
4           0.12170423      |  0  1  2  3  4  5  6  7  8  9 10 13 14 15 |  0  1  2  3  4  5  6  7  8  9 10 11 15 16 |
4          -0.12170423      |  0  1  2  3  4  5  6  7  8  9 10 13 14 16 |  0  1  2  3  4  5  6  7  8  9 10 12 15 16 |
4          -0.11865520      |  0  1  2  3  4  5  6  7  8  9 11 13 15 16 |  0  1  2  3  4  5  6  7  8  9 10 13 15 21 |
4          -0.11865520      |  0  1  2  3  4  5  6  7  8 10 12 13 15 16 |  0  1  2  3  4  5  6  7  8  9 10 13 16 22 |
4           0.11728992      |  0  1  2  3  4  5  6  7  8 10 11 13 15 16 |  0  1  2  3  4  5  6  7  8  9 10 13 15 22 |
4           0.11728992      |  0  1  2  3  4  5  6  7  8  9 12 13 15 16 |  0  1  2  3  4  5  6  7  8  9 10 13 16 21 |
4          -0.10611329      |  0  1  2  3  4  5  6  7  8  9 10 12 14 15 |  0  1  2  3  4  5  6  7  8  9 10 11 14 16 |
2           0.10608233      |  0  1  2  3  4  5  6  7  8 10 11 12 13 21 |  0  1  2  3  4  5  6  7  8  9 11 12 13 22 |
2           0.10330063      |  0  1  2  3  4  5  6  7  8  9 11 12 13 14 |  0  1  2  3  4  5  6  7  8  9 10 11 12 21 |
----------------------------------------
HF energy: -2098.1387851399 Ha
Variational energy: -2099.7908120689 Ha
END OF eps_var 2.00e-04 << variation [0.7/33.4]GB [1.952/1.952/3.682]s

BEG OF eps_var 1.00e-04 << variation [0.7/33.4]GB [0.001/0.000/3.683]s
Loaded 4,164,477 dets from: wf_eps1_1.00e-04.dat
Effect dets (without time sym): 8,323,220
----------------------------------------
Excite Lv       # dets         Sum c^2
0                    1      0.03331165
1                  168      0.00005105
2                45875      0.26552336
3               192096      0.00815603
4              1090717      0.41693229
5              1233310      0.02086923
6              2656065      0.20485487
7              1156926      0.01212286
8              1450297      0.03439586
9               272702      0.00194156
10              204945      0.00174998
11               14264      0.00006771
12                5669      0.00002345
13                 178      0.00000010
14                   7      0.00000000
----------------------------------------
Orbital                        Sum c^2
0                           1.99611064
1                           1.99604542
2                           1.98882824
3                           1.98900621
4                           1.98900621
5                           1.98868760
6                           1.98868760
7                           1.98776054
8                           1.93320477
9                           1.34307144
10                          1.34307144
11                          1.08878380
12                          1.08878380
13                          1.32615364
14                          0.66170488
15                          0.89824836
16                          0.89824836
17                          0.01450550
18                          0.01450550
19                          0.04238130
20                          0.01094724
21                          0.64365665
22                          0.64365665
23                          0.00516797
24                          0.00455576
25                          0.00455576
26                          0.00769365
27                          0.00326430
28                          0.00545442
29                          0.00545442
30                          0.00255920
31                          0.00891276
32                          0.00891276
33                          0.00256564
34                          0.00256564
35                          0.00324083
36                          0.00324083
37                          0.00615166
38                          0.00615166
39                          0.00208764
40                          0.00296599
41                          0.00362607
42                          0.00362607
43                          0.00110887
44                          0.00110887
45                          0.00028289
46                          0.00349412
47                          0.00019163
48                          0.00019163
49                          0.00028923
Sum orbitals c^2: 28.00000000
----------------------------------------
Most important dets:
Excite Lv         Coef      Det (Reordered orb)
2           0.19954045      |  0  1  2  3  4  5  6  7  8  9 10 12 13 15 |  0  1  2  3  4  5  6  7  8  9 10 11 13 16 |
0           0.18251478      |  0  1  2  3  4  5  6  7  8  9 10 11 12 13 |  0  1  2  3  4  5  6  7  8  9 10 11 12 13 |
2          -0.14829773      |  0  1  2  3  4  5  6  7  8  9 10 12 13 16 |  0  1  2  3  4  5  6  7  8  9 10 12 13 16 |
2          -0.14829773      |  0  1  2  3  4  5  6  7  8  9 10 11 13 15 |  0  1  2  3  4  5  6  7  8  9 10 11 13 15 |
2           0.14362491      |  0  1  2  3  4  5  6  7  8  9 10 11 13 14 |  0  1  2  3  4  5  6  7  8  9 10 11 12 15 |
2          -0.14362491      |  0  1  2  3  4  5  6  7  8  9 10 12 13 14 |  0  1  2  3  4  5  6  7  8  9 10 11 12 16 |
2           0.14056547      |  0  1  2  3  4  5  6  7  8 10 11 12 13 15 |  0  1  2  3  4  5  6  7  8  9 10 11 13 22 |
2           0.14056547      |  0  1  2  3  4  5  6  7  8  9 11 12 13 16 |  0  1  2  3  4  5  6  7  8  9 10 12 13 21 |
2          -0.13797625      |  0  1  2  3  4  5  6  7  8 10 11 12 13 16 |  0  1  2  3  4  5  6  7  8  9 10 12 13 22 |
2          -0.13797625      |  0  1  2  3  4  5  6  7  8  9 11 12 13 15 |  0  1  2  3  4  5  6  7  8  9 10 11 13 21 |
4           0.12243362      |  0  1  2  3  4  5  6  7  8  9 10 13 15 16 |  0  1  2  3  4  5  6  7  8  9 10 13 15 16 |
4          -0.12027806      |  0  1  2  3  4  5  6  7  8  9 10 13 14 16 |  0  1  2  3  4  5  6  7  8  9 10 12 15 16 |
4           0.12027806      |  0  1  2  3  4  5  6  7  8  9 10 13 14 15 |  0  1  2  3  4  5  6  7  8  9 10 11 15 16 |
4          -0.11685899      |  0  1  2  3  4  5  6  7  8  9 11 13 15 16 |  0  1  2  3  4  5  6  7  8  9 10 13 15 21 |
4          -0.11685899      |  0  1  2  3  4  5  6  7  8 10 12 13 15 16 |  0  1  2  3  4  5  6  7  8  9 10 13 16 22 |
4           0.11558947      |  0  1  2  3  4  5  6  7  8 10 11 13 15 16 |  0  1  2  3  4  5  6  7  8  9 10 13 15 22 |
4           0.11558947      |  0  1  2  3  4  5  6  7  8  9 12 13 15 16 |  0  1  2  3  4  5  6  7  8  9 10 13 16 21 |
2           0.10417082      |  0  1  2  3  4  5  6  7  8 10 11 12 13 21 |  0  1  2  3  4  5  6  7  8  9 11 12 13 22 |
4          -0.10288764      |  0  1  2  3  4  5  6  7  8  9 10 12 14 15 |  0  1  2  3  4  5  6  7  8  9 10 11 14 16 |
2          -0.10124882      |  0  1  2  3  4  5  6  7  8 10 11 12 13 14 |  0  1  2  3  4  5  6  7  8  9 10 11 12 22 |
----------------------------------------
HF energy: -2098.1387851399 Ha
Variational energy: -2099.8081942125 Ha
END OF eps_var 1.00e-04 << variation [0.8/33.5]GB [3.463/3.463/7.146]s

BEG OF eps_var 5.00e-05 << variation [0.8/33.5]GB [0.001/0.000/7.146]s
Loaded 13,680,832 dets from: wf_eps1_5.00e-05.dat
Effect dets (without time sym): 27,352,093
----------------------------------------
Excite Lv       # dets         Sum c^2
0                    1      0.04209724
1                  176      0.00011212
2                62132      0.28179958
3               508922      0.00980131
4              3059925      0.40013063
5              4536776      0.02236395
6              8202848      0.19158098
7              4314724      0.01280559
8              4589742      0.03463532
9              1103460      0.00233401
10              832217      0.00217869
11               89958      0.00011942
12               48300      0.00004050
13                1976      0.00000059
14                 936      0.00000008
----------------------------------------
Orbital                        Sum c^2
0                           1.99602203
1                           1.99596311
2                           1.98835869
3                           1.98852043
4                           1.98852043
5                           1.98814998
6                           1.98814998
7                           1.98715330
8                           1.90426518
9                           1.37417833
10                          1.37417833
11                          1.10143743
12                          1.10143743
13                          1.35739903
14                          0.62912244
15                          0.88376987
16                          0.88376987
17                          0.01814342
18                          0.01814342
19                          0.06244148
20                          0.01356060
21                          0.61001713
22                          0.61001713
23                          0.00546938
24                          0.00476349
25                          0.00476349
26                          0.00866900
27                          0.00342975
28                          0.00657838
29                          0.00657838
30                          0.00261908
31                          0.01018312
32                          0.01018312
33                          0.00261947
34                          0.00261947
35                          0.00338719
36                          0.00338719
37                          0.00666634
38                          0.00666634
39                          0.00216834
40                          0.00315829
41                          0.00378265
42                          0.00378265
43                          0.00152313
44                          0.00152313
45                          0.00038500
46                          0.00431610
47                          0.00023769
48                          0.00023769
49                          0.00031705
Sum orbitals c^2: 28.00000000
----------------------------------------
Most important dets:
Excite Lv         Coef      Det (Reordered orb)
2           0.20645012      |  0  1  2  3  4  5  6  7  8  9 10 12 13 15 |  0  1  2  3  4  5  6  7  8  9 10 11 13 16 |
0           0.20517613      |  0  1  2  3  4  5  6  7  8  9 10 11 12 13 |  0  1  2  3  4  5  6  7  8  9 10 11 12 13 |
2          -0.16071143      |  0  1  2  3  4  5  6  7  8  9 10 12 13 16 |  0  1  2  3  4  5  6  7  8  9 10 12 13 16 |
2          -0.16071143      |  0  1  2  3  4  5  6  7  8  9 10 11 13 15 |  0  1  2  3  4  5  6  7  8  9 10 11 13 15 |
2           0.14404857      |  0  1  2  3  4  5  6  7  8  9 10 11 13 14 |  0  1  2  3  4  5  6  7  8  9 10 11 12 15 |
2          -0.14404857      |  0  1  2  3  4  5  6  7  8  9 10 12 13 14 |  0  1  2  3  4  5  6  7  8  9 10 11 12 16 |
2           0.14095755      |  0  1  2  3  4  5  6  7  8  9 11 12 13 16 |  0  1  2  3  4  5  6  7  8  9 10 12 13 21 |
2           0.14095755      |  0  1  2  3  4  5  6  7  8 10 11 12 13 15 |  0  1  2  3  4  5  6  7  8  9 10 11 13 22 |
2          -0.13738431      |  0  1  2  3  4  5  6  7  8 10 11 12 13 16 |  0  1  2  3  4  5  6  7  8  9 10 12 13 22 |
2          -0.13738431      |  0  1  2  3  4  5  6  7  8  9 11 12 13 15 |  0  1  2  3  4  5  6  7  8  9 10 11 13 21 |
4           0.12859586      |  0  1  2  3  4  5  6  7  8  9 10 13 15 16 |  0  1  2  3  4  5  6  7  8  9 10 13 15 16 |
4          -0.11746862      |  0  1  2  3  4  5  6  7  8  9 10 13 14 16 |  0  1  2  3  4  5  6  7  8  9 10 12 15 16 |
4           0.11746862      |  0  1  2  3  4  5  6  7  8  9 10 13 14 15 |  0  1  2  3  4  5  6  7  8  9 10 11 15 16 |
4          -0.11397682      |  0  1  2  3  4  5  6  7  8  9 11 13 15 16 |  0  1  2  3  4  5  6  7  8  9 10 13 15 21 |
4          -0.11397682      |  0  1  2  3  4  5  6  7  8 10 12 13 15 16 |  0  1  2  3  4  5  6  7  8  9 10 13 16 22 |
4           0.11238903      |  0  1  2  3  4  5  6  7  8 10 11 13 15 16 |  0  1  2  3  4  5  6  7  8  9 10 13 15 22 |
4           0.11238903      |  0  1  2  3  4  5  6  7  8  9 12 13 15 16 |  0  1  2  3  4  5  6  7  8  9 10 13 16 21 |
2           0.10180345      |  0  1  2  3  4  5  6  7  8 10 11 12 13 21 |  0  1  2  3  4  5  6  7  8  9 11 12 13 22 |
4          -0.09926230      |  0  1  2  3  4  5  6  7  8  9 10 12 14 15 |  0  1  2  3  4  5  6  7  8  9 10 11 14 16 |
2          -0.09771185      |  0  1  2  3  4  5  6  7  8 10 11 12 13 14 |  0  1  2  3  4  5  6  7  8  9 10 11 12 22 |
----------------------------------------
HF energy: -2098.1387851399 Ha
Variational energy: -2099.8269165740 Ha
END OF eps_var 5.00e-05 << variation [2.9/35.6]GB [11.447/11.447/18.593]s

BEG OF eps_var 3.00e-05 << variation [2.9/35.6]GB [0.001/0.000/18.593]s
Loaded 35,315,221 dets from: wf_eps1_3.00e-05.dat
Effect dets (without time sym): 70,616,329
----------------------------------------
Excite Lv       # dets         Sum c^2
0                    1      0.04611024
1                  182      0.00018164
2                72056      0.28892714
3               995776      0.01112352
4              6689027      0.39192989
5             11997528      0.02424237
6             20716836      0.18414287
7             12707548      0.01380122
8             11504954      0.03426763
9              3378050      0.00267129
10             2093508      0.00238990
11              316312      0.00015836
12              133070      0.00005280
13                9452      0.00000099
14                2029      0.00000014
----------------------------------------
Orbital                        Sum c^2
0                           1.99590032
1                           1.99584377
2                           1.98777696
3                           1.98797795
4                           1.98797795
5                           1.98757905
6                           1.98757905
7                           1.98647295
8                           1.89013762
9                           1.38889428
10                          1.38889428
11                          1.10869238
12                          1.10869238
13                          1.37130543
14                          0.61365396
15                          0.87456239
16                          0.87456239
17                          0.02161620
18                          0.02161620
19                          0.06752943
20                          0.01586060
21                          0.59302811
22                          0.59302811
23                          0.00587625
24                          0.00504925
25                          0.00504925
26                          0.00951366
27                          0.00360666
28                          0.00808305
29                          0.00808305
30                          0.00271547
31                          0.01133654
32                          0.01133654
33                          0.00271897
34                          0.00271897
35                          0.00356498
36                          0.00356498
37                          0.00718949
38                          0.00718949
39                          0.00226144
40                          0.00336200
41                          0.00405917
42                          0.00405917
43                          0.00214663
44                          0.00214663
45                          0.00049437
46                          0.00483163
47                          0.00026778
48                          0.00026778
49                          0.00033150
Sum orbitals c^2: 28.00000000
----------------------------------------
Most important dets:
Excite Lv         Coef      Det (Reordered orb)
0           0.21473295      |  0  1  2  3  4  5  6  7  8  9 10 11 12 13 |  0  1  2  3  4  5  6  7  8  9 10 11 12 13 |
2           0.20653996      |  0  1  2  3  4  5  6  7  8  9 10 12 13 15 |  0  1  2  3  4  5  6  7  8  9 10 11 13 16 |
2          -0.16592376      |  0  1  2  3  4  5  6  7  8  9 10 11 13 15 |  0  1  2  3  4  5  6  7  8  9 10 11 13 15 |
2          -0.16592376      |  0  1  2  3  4  5  6  7  8  9 10 12 13 16 |  0  1  2  3  4  5  6  7  8  9 10 12 13 16 |
2           0.14381266      |  0  1  2  3  4  5  6  7  8  9 10 11 13 14 |  0  1  2  3  4  5  6  7  8  9 10 11 12 15 |
2          -0.14381266      |  0  1  2  3  4  5  6  7  8  9 10 12 13 14 |  0  1  2  3  4  5  6  7  8  9 10 11 12 16 |
2           0.14053909      |  0  1  2  3  4  5  6  7  8  9 11 12 13 16 |  0  1  2  3  4  5  6  7  8  9 10 12 13 21 |
2           0.14053909      |  0  1  2  3  4  5  6  7  8 10 11 12 13 15 |  0  1  2  3  4  5  6  7  8  9 10 11 13 22 |
2          -0.13668091      |  0  1  2  3  4  5  6  7  8  9 11 12 13 15 |  0  1  2  3  4  5  6  7  8  9 10 11 13 21 |
2          -0.13668091      |  0  1  2  3  4  5  6  7  8 10 11 12 13 16 |  0  1  2  3  4  5  6  7  8  9 10 12 13 22 |
4           0.13153016      |  0  1  2  3  4  5  6  7  8  9 10 13 15 16 |  0  1  2  3  4  5  6  7  8  9 10 13 15 16 |
4           0.11559697      |  0  1  2  3  4  5  6  7  8  9 10 13 14 15 |  0  1  2  3  4  5  6  7  8  9 10 11 15 16 |
4          -0.11559697      |  0  1  2  3  4  5  6  7  8  9 10 13 14 16 |  0  1  2  3  4  5  6  7  8  9 10 12 15 16 |
4          -0.11195809      |  0  1  2  3  4  5  6  7  8  9 11 13 15 16 |  0  1  2  3  4  5  6  7  8  9 10 13 15 21 |
4          -0.11195809      |  0  1  2  3  4  5  6  7  8 10 12 13 15 16 |  0  1  2  3  4  5  6  7  8  9 10 13 16 22 |
4           0.11015061      |  0  1  2  3  4  5  6  7  8 10 11 13 15 16 |  0  1  2  3  4  5  6  7  8  9 10 13 15 22 |
4           0.11015061      |  0  1  2  3  4  5  6  7  8  9 12 13 15 16 |  0  1  2  3  4  5  6  7  8  9 10 13 16 21 |
2           0.10093000      |  0  1  2  3  4  5  6  7  8 10 11 12 13 21 |  0  1  2  3  4  5  6  7  8  9 11 12 13 22 |
4          -0.09708086      |  0  1  2  3  4  5  6  7  8  9 10 12 14 15 |  0  1  2  3  4  5  6  7  8  9 10 11 14 16 |
2          -0.09644774      |  0  1  2  3  4  5  6  7  8 10 11 12 13 14 |  0  1  2  3  4  5  6  7  8  9 10 11 12 22 |
----------------------------------------
HF energy: -2098.1387851399 Ha
Variational energy: -2099.8418730490 Ha
END OF eps_var 3.00e-05 << variation [7.4/40.1]GB [28.920/28.920/47.513]s

BEG OF eps_var 2.00e-05 << variation [7.4/40.1]GB [0.001/0.000/47.513]s
Loaded 73,888,592 dets from: wf_eps1_2.00e-05.dat
Effect dets (without time sym): 147,757,204
----------------------------------------
Excite Lv       # dets         Sum c^2
0                    1      0.04593143
1                  188      0.00022844
2                77422      0.28817249
3              1555374      0.01192811
4             11744780      0.38977387
5             24123132      0.02596322
6             42181540      0.18292762
7             29310784      0.01487919
8             24872231      0.03449785
9              8235312      0.00294147
10             4519193      0.00251217
11              826700      0.00018220
12              280899      0.00006039
13               25856      0.00000136
14                3792      0.00000017
----------------------------------------
Orbital                        Sum c^2
0                           1.99577728
1                           1.99571986
2                           1.98727229
3                           1.98750232
4                           1.98750232
5                           1.98709177
6                           1.98709177
7                           1.98591822
8                           1.88134107
9                           1.38983078
10                          1.38983078
11                          1.10978150
12                          1.10978150
13                          1.37224235
14                          0.61125553
15                          0.87182329
16                          0.87182329
17                          0.02408161
18                          0.02408161
19                          0.06911843
20                          0.01765527
21                          0.59047371
22                          0.59047371
23                          0.00624952
24                          0.00533117
25                          0.00533117
26                          0.01010200
27                          0.00375155
28                          0.00941124
29                          0.00941124
30                          0.00280939
31                          0.01215964
32                          0.01215964
33                          0.00281801
34                          0.00281801
35                          0.00371302
36                          0.00371302
37                          0.00759130
38                          0.00759130
39                          0.00236440
40                          0.00357861
41                          0.00440850
42                          0.00440850
43                          0.00274870
44                          0.00274870
45                          0.00060859
46                          0.00514185
47                          0.00030760
48                          0.00030760
49                          0.00034985
Sum orbitals c^2: 28.00000000
----------------------------------------
Most important dets:
Excite Lv         Coef      Det (Reordered orb)
0           0.21431618      |  0  1  2  3  4  5  6  7  8  9 10 11 12 13 |  0  1  2  3  4  5  6  7  8  9 10 11 12 13 |
2           0.20458027      |  0  1  2  3  4  5  6  7  8  9 10 12 13 15 |  0  1  2  3  4  5  6  7  8  9 10 11 13 16 |
2          -0.16555333      |  0  1  2  3  4  5  6  7  8  9 10 11 13 15 |  0  1  2  3  4  5  6  7  8  9 10 11 13 15 |
2          -0.16555333      |  0  1  2  3  4  5  6  7  8  9 10 12 13 16 |  0  1  2  3  4  5  6  7  8  9 10 12 13 16 |
2           0.14326154      |  0  1  2  3  4  5  6  7  8  9 10 11 13 14 |  0  1  2  3  4  5  6  7  8  9 10 11 12 15 |
2          -0.14326154      |  0  1  2  3  4  5  6  7  8  9 10 12 13 14 |  0  1  2  3  4  5  6  7  8  9 10 11 12 16 |
2           0.14004927      |  0  1  2  3  4  5  6  7  8 10 11 12 13 15 |  0  1  2  3  4  5  6  7  8  9 10 11 13 22 |
2           0.14004927      |  0  1  2  3  4  5  6  7  8  9 11 12 13 16 |  0  1  2  3  4  5  6  7  8  9 10 12 13 21 |
2          -0.13635201      |  0  1  2  3  4  5  6  7  8  9 11 12 13 15 |  0  1  2  3  4  5  6  7  8  9 10 11 13 21 |
2          -0.13635201      |  0  1  2  3  4  5  6  7  8 10 11 12 13 16 |  0  1  2  3  4  5  6  7  8  9 10 12 13 22 |
4           0.13110542      |  0  1  2  3  4  5  6  7  8  9 10 13 15 16 |  0  1  2  3  4  5  6  7  8  9 10 13 15 16 |
4          -0.11478276      |  0  1  2  3  4  5  6  7  8  9 10 13 14 16 |  0  1  2  3  4  5  6  7  8  9 10 12 15 16 |
4           0.11478276      |  0  1  2  3  4  5  6  7  8  9 10 13 14 15 |  0  1  2  3  4  5  6  7  8  9 10 11 15 16 |
4          -0.11121493      |  0  1  2  3  4  5  6  7  8 10 12 13 15 16 |  0  1  2  3  4  5  6  7  8  9 10 13 16 22 |
4          -0.11121493      |  0  1  2  3  4  5  6  7  8  9 11 13 15 16 |  0  1  2  3  4  5  6  7  8  9 10 13 15 21 |
4           0.10943605      |  0  1  2  3  4  5  6  7  8 10 11 13 15 16 |  0  1  2  3  4  5  6  7  8  9 10 13 15 22 |
4           0.10943605      |  0  1  2  3  4  5  6  7  8  9 12 13 15 16 |  0  1  2  3  4  5  6  7  8  9 10 13 16 21 |
2           0.10079517      |  0  1  2  3  4  5  6  7  8 10 11 12 13 21 |  0  1  2  3  4  5  6  7  8  9 11 12 13 22 |
2           0.09647794      |  0  1  2  3  4  5  6  7  8  9 11 12 13 14 |  0  1  2  3  4  5  6  7  8  9 10 11 12 21 |
2          -0.09647794      |  0  1  2  3  4  5  6  7  8 10 11 12 13 14 |  0  1  2  3  4  5  6  7  8  9 10 11 12 22 |
----------------------------------------
HF energy: -2098.1387851399 Ha
Variational energy: -2099.8532237337 Ha
END OF eps_var 2.00e-05 << variation [17.8/50.5]GB [59.594/59.594/107.106]s

BEG OF eps_var 1.00e-05 << variation [17.8/50.5]GB [0.001/0.000/107.107]s
Loaded 252,268,943 dets from: wf_eps1_1.00e-05.dat
Effect dets (without time sym): 504,499,151
----------------------------------------
Excite Lv       # dets         Sum c^2
0                    1      0.04312316
1                  192      0.00027853
2                83784      0.28092305
3              2952328      0.01287236
4             28215116      0.38947623
5             70331902      0.02893274
6            134013935      0.18542273
7            113652652      0.01707000
8             95443810      0.03548081
9             36828980      0.00344926
10            18075727      0.00268156
11             3642454      0.00021803
12             1136742      0.00006940
13              104122      0.00000190
14               17406      0.00000023
----------------------------------------
Orbital                        Sum c^2
0                           1.99552713
1                           1.99546269
2                           1.98644655
3                           1.98669369
4                           1.98669369
5                           1.98628007
6                           1.98628007
7                           1.98503895
8                           1.86944757
9                           1.38117004
10                          1.38117004
11                          1.10763834
12                          1.10763834
13                          1.36421152
14                          0.61670949
15                          0.87130205
16                          0.87130205
17                          0.02728085
18                          0.02728085
19                          0.07120668
20                          0.02035680
21                          0.59658194
22                          0.59658194
23                          0.00687564
24                          0.00584127
25                          0.00584127
26                          0.01088462
27                          0.00398328
28                          0.01139948
29                          0.01139948
30                          0.00297437
31                          0.01328853
32                          0.01328853
33                          0.00298898
34                          0.00298898
35                          0.00394187
36                          0.00394187
37                          0.00817205
38                          0.00817205
39                          0.00258709
40                          0.00403893
41                          0.00524195
42                          0.00524195
43                          0.00363424
44                          0.00363424
45                          0.00083847
46                          0.00566445
47                          0.00043672
48                          0.00043672
49                          0.00040154
Sum orbitals c^2: 28.00000000
----------------------------------------
Most important dets:
Excite Lv         Coef      Det (Reordered orb)
0           0.20766116      |  0  1  2  3  4  5  6  7  8  9 10 11 12 13 |  0  1  2  3  4  5  6  7  8  9 10 11 12 13 |
2           0.19995745      |  0  1  2  3  4  5  6  7  8  9 10 12 13 15 |  0  1  2  3  4  5  6  7  8  9 10 11 13 16 |
2          -0.16094311      |  0  1  2  3  4  5  6  7  8  9 10 11 13 15 |  0  1  2  3  4  5  6  7  8  9 10 11 13 15 |
2          -0.16094311      |  0  1  2  3  4  5  6  7  8  9 10 12 13 16 |  0  1  2  3  4  5  6  7  8  9 10 12 13 16 |
2          -0.14197221      |  0  1  2  3  4  5  6  7  8  9 10 12 13 14 |  0  1  2  3  4  5  6  7  8  9 10 11 12 16 |
2           0.14197221      |  0  1  2  3  4  5  6  7  8  9 10 11 13 14 |  0  1  2  3  4  5  6  7  8  9 10 11 12 15 |
2           0.13889890      |  0  1  2  3  4  5  6  7  8 10 11 12 13 15 |  0  1  2  3  4  5  6  7  8  9 10 11 13 22 |
2           0.13889890      |  0  1  2  3  4  5  6  7  8  9 11 12 13 16 |  0  1  2  3  4  5  6  7  8  9 10 12 13 21 |
2          -0.13576575      |  0  1  2  3  4  5  6  7  8 10 11 12 13 16 |  0  1  2  3  4  5  6  7  8  9 10 12 13 22 |
2          -0.13576575      |  0  1  2  3  4  5  6  7  8  9 11 12 13 15 |  0  1  2  3  4  5  6  7  8  9 10 11 13 21 |
4           0.12756365      |  0  1  2  3  4  5  6  7  8  9 10 13 15 16 |  0  1  2  3  4  5  6  7  8  9 10 13 15 16 |
4           0.11383370      |  0  1  2  3  4  5  6  7  8  9 10 13 14 15 |  0  1  2  3  4  5  6  7  8  9 10 11 15 16 |
4          -0.11383370      |  0  1  2  3  4  5  6  7  8  9 10 13 14 16 |  0  1  2  3  4  5  6  7  8  9 10 12 15 16 |
4          -0.11039730      |  0  1  2  3  4  5  6  7  8  9 11 13 15 16 |  0  1  2  3  4  5  6  7  8  9 10 13 15 21 |
4          -0.11039730      |  0  1  2  3  4  5  6  7  8 10 12 13 15 16 |  0  1  2  3  4  5  6  7  8  9 10 13 16 22 |
4           0.10893185      |  0  1  2  3  4  5  6  7  8 10 11 13 15 16 |  0  1  2  3  4  5  6  7  8  9 10 13 15 22 |
4           0.10893185      |  0  1  2  3  4  5  6  7  8  9 12 13 15 16 |  0  1  2  3  4  5  6  7  8  9 10 13 16 21 |
2           0.10087693      |  0  1  2  3  4  5  6  7  8 10 11 12 13 21 |  0  1  2  3  4  5  6  7  8  9 11 12 13 22 |
2          -0.09724092      |  0  1  2  3  4  5  6  7  8 10 11 12 13 14 |  0  1  2  3  4  5  6  7  8  9 10 11 12 22 |
2           0.09724092      |  0  1  2  3  4  5  6  7  8  9 11 12 13 14 |  0  1  2  3  4  5  6  7  8  9 10 11 12 21 |
----------------------------------------
HF energy: -2098.1387851399 Ha
Variational energy: -2099.8702640638 Ha
END OF eps_var 1.00e-05 << variation [34.8/67.5]GB [221.060/221.060/328.166]s

BEG OF eps_var 5.00e-06 << variation [34.8/67.5]GB [0.001/0.000/328.167]s

BEG OF main << eps_var 5.00e-06 << variation [34.8/67.5]GB [0.005/0.000/328.171]s

BEG OF #1 << main << eps_var 5.00e-06 << variation [36.8/69.5]GB [0.613/0.001/328.784]s
20% 40% 60% 80% 100% 
Number of dets / new dets: 704,252,507 / 451,983,564
END OF get next det list [153.3/186.0]GB [1374.061/1374.061/1702.844]s
END OF update unique ab [177.3/210.0]GB [1680.071/3054.131/3382.915]s
END OF create abm1 [198.9/231.6]GB [1405.676/4459.806/4788.590]s
Outer size of a/b singles: 39,802,256 / 0
Full size of absingles: 4,745,005,510
END OF create absingles [257.9/290.6]GB [790.585/5250.390/5579.174]s
10% 20% 30% 40% 50% 60% 70% 80% 90% 100% 
Number of nonzero elems: 369,657,051,699
END OF generate sparse hamiltonian [2263.9/2296.6]GB [64164.749/69415.139/69743.922]s
Davidson #0: -2099.8702640630
Davidson #1: -2099.8811214916
Davidson #2: -2099.8815638243
Davidson #3: -2099.8816558657
Davidson #4: -2099.8817004198
Davidson #5: -2099.8817170334
Davidson #6: -2099.8817323002
Davidson #7: -2099.8817421138
Davidson #8: -2099.8817543575
END OF diagonalize sparse hamiltonian [2352.8/2385.5]GB [3237.010/72652.148/72980.931]s
Iteration 1 eps1= 5.00e-06 ndets= 704,252,507 energy= -2099.88175436
END OF #1 << main << eps_var 5.00e-06 << variation [2352.8/2385.5]GB [0.001/72652.148/72980.932]s

BEG OF #2 << main << eps_var 5.00e-06 << variation [2352.8/2385.5]GB [1.369/0.001/72982.301]s
20% 40% 60% 80% 100% 
Number of dets / new dets: 750,444,143 / 46,191,636
END OF get next det list [2468.0/2500.7]GB [1238.964/1238.964/74221.264]s
END OF update unique ab [2468.2/2500.9]GB [221.601/1460.564/74442.864]s
END OF create abm1 [2468.2/2500.9]GB [249.212/1709.775/74692.075]s
Outer size of a/b singles: 41,595,792 / 0
Full size of absingles: 3,249,937,776
END OF create absingles [2468.1/2500.8]GB [122.135/1831.910/74814.210]s
10% 20% 30% 40% 50% 60% 70% 80% 90% 100% 
Number of nonzero elems: 399,500,261,451
END OF generate sparse hamiltonian [2482.8/2515.5]GB [40194.287/42026.196/115008.497]s
Davidson #0: -2099.8817543579
Davidson #1: -2099.8823477544
Davidson #2: -2099.8823913835
Davidson #3: -2099.8823991920
Davidson #4: -2099.8824075722
Davidson #5: -2099.8824109061
Davidson #6: -2099.8824139136
Davidson #7: -2099.8824197228
Davidson #8: -2099.8824240998
END OF diagonalize sparse hamiltonian [2547.5/2580.2]GB [3561.026/45587.204/118569.504]s
Iteration 2 eps1= 5.00e-06 ndets= 750,444,143 energy= -2099.88242410
END OF #2 << main << eps_var 5.00e-06 << variation [2547.5/2580.2]GB [0.001/45587.204/118569.504]s

BEG OF #3 << main << eps_var 5.00e-06 << variation [2547.6/2580.3]GB [3.087/0.001/118572.592]s
20% 40% 60% 80% 100% 
Number of dets / new dets: 763,327,410 / 12,883,267
END OF get next det list [2595.1/2627.8]GB [990.437/990.437/119563.027]s
END OF update unique ab [2595.1/2627.8]GB [67.434/1057.870/119630.461]s
END OF create abm1 [2595.4/2628.1]GB [99.285/1157.154/119729.745]s
Outer size of a/b singles: 42,063,068 / 0
Full size of absingles: 2,046,155,448
END OF create absingles [2595.4/2628.1]GB [49.724/1206.877/119779.468]s
10% 20% 30% 40% 50% 60% 70% 80% 90% 100% 
Number of nonzero elems: 408,242,648,858
END OF generate sparse hamiltonian [2595.3/2628.0]GB [11769.946/12976.823/131549.413]s
Davidson #0: -2099.8824240999
Davidson #1: -2099.8825782633
Davidson #2: -2099.8825875700
Davidson #3: -2099.8825893145
Davidson #4: -2099.8825905691
Davidson #5: -2099.8825910979
Davidson #6: -2099.8825917674
Davidson #7: -2099.8825932098
Davidson #8: -2099.8825945560
END OF diagonalize sparse hamiltonian [2619.2/2651.9]GB [3762.197/16739.018/135311.609]s
Iteration 3 eps1= 5.00e-06 ndets= 763,327,410 energy= -2099.88259456
END OF #3 << main << eps_var 5.00e-06 << variation [2619.2/2651.9]GB [0.001/16739.019/135311.610]s

BEG OF #4 << main << eps_var 5.00e-06 << variation [2619.2/2651.9]GB [0.044/0.001/135311.653]s
20% 40% 60% 80% 100% 
Number of dets / new dets: 767,925,308 / 4,597,898
END OF get next det list [2685.4/2718.1]GB [692.844/692.844/136004.496]s
END OF update unique ab [2685.5/2718.2]GB [39.011/731.854/136043.507]s
END OF create abm1 [2685.6/2718.3]GB [46.836/778.690/136090.343]s
Outer size of a/b singles: 42,229,445 / 0
Full size of absingles: 1,363,104,866
END OF create absingles [2686.1/2718.8]GB [27.379/806.068/136117.721]s
10% 20% 30% 40% 50% 60% 70% 80% 90% 100% 
Number of nonzero elems: 411,418,180,588
END OF generate sparse hamiltonian [2686.7/2719.4]GB [5596.715/6402.783/141714.435]s
Davidson #0: -2099.8825945562
Davidson #1: -2099.8826491920
Davidson #2: -2099.8826520895
Davidson #3: -2099.8826526443
Davidson #4: -2099.8826529574
Davidson #5: -2099.8826530775
Davidson #6: -2099.8826532535
Davidson #7: -2099.8826535852
Davidson #8: -2099.8826539865
END OF diagonalize sparse hamiltonian [2686.9/2719.6]GB [3664.216/10066.998/145378.651]s
Iteration 4 eps1= 5.00e-06 ndets= 767,925,308 energy= -2099.88265399
END OF #4 << main << eps_var 5.00e-06 << variation [2686.9/2719.6]GB [0.001/10066.998/145378.651]s

BEG OF #5 << main << eps_var 5.00e-06 << variation [2686.9/2719.6]GB [0.017/0.000/145378.667]s
20% 40% 60% 80% 100% 
Number of dets / new dets: 769,340,764 / 1,415,456
END OF get next det list [2686.8/2719.5]GB [486.990/486.990/145865.657]s
END OF update unique ab [2686.8/2719.5]GB [22.951/509.940/145888.607]s
END OF create abm1 [2686.8/2719.5]GB [18.374/528.313/145906.981]s
Outer size of a/b singles: 42,286,655 / 0
Full size of absingles: 728,120,270
END OF create absingles [2687.8/2720.5]GB [15.315/543.628/145922.295]s
10% 20% 30% 40% 50% 60% 70% 80% 90% 100% 
Number of nonzero elems: 412,413,443,692
END OF generate sparse hamiltonian [2687.8/2720.5]GB [3337.145/3880.773/149259.440]s
Davidson #0: -2099.8826539856
Davidson #1: -2099.8826713630
Davidson #2: -2099.8826722235
Davidson #3: -2099.8826723899
Davidson #4: -2099.8826724874
Davidson #5: -2099.8826725246
Davidson #6: -2099.8826725800
Davidson #7: -2099.8826726843
Davidson #8: -2099.8826728272
END OF diagonalize sparse hamiltonian [2686.9/2719.6]GB [3700.631/7581.402/152960.070]s
Iteration 5 eps1= 5.00e-06 ndets= 769,340,764 energy= -2099.88267283
END OF #5 << main << eps_var 5.00e-06 << variation [2686.9/2719.6]GB [0.001/7581.403/152960.070]s

BEG OF #6 << main << eps_var 5.00e-06 << variation [2686.9/2719.6]GB [0.005/0.000/152960.075]s
20% 40% 60% 80% 100% 
Number of dets / new dets: 770,066,951 / 726,187
END OF get next det list [2686.8/2719.5]GB [282.284/282.284/153242.359]s
END OF update unique ab [2686.9/2719.6]GB [17.813/300.097/153260.172]s
END OF create abm1 [2687.0/2719.7]GB [9.747/309.843/153269.918]s
Outer size of a/b singles: 42,320,691 / 0
Full size of absingles: 480,993,308
END OF create absingles [2688.1/2720.8]GB [12.160/322.002/153282.077]s
10% 20% 30% 40% 50% 60% 70% 80% 90% 100% 
Number of nonzero elems: 412,907,585,493
END OF generate sparse hamiltonian [2688.9/2721.6]GB [2873.103/3195.104/156155.179]s
Davidson #0: -2099.8826728268
Davidson #1: -2099.8826821175
Davidson #2: -2099.8826823898
Davidson #3: -2099.8826824559
Davidson #4: -2099.8826824957
Davidson #5: -2099.8826825078
Davidson #6: -2099.8826825267
Davidson #7: -2099.8826825551
Davidson #8: -2099.8826826037
END OF diagonalize sparse hamiltonian [2688.5/2721.2]GB [3171.426/6366.529/159326.604]s
Iteration 6 eps1= 5.00e-06 ndets= 770,066,951 energy= -2099.88268260
END OF #6 << main << eps_var 5.00e-06 << variation [2688.5/2721.2]GB [0.001/6366.529/159326.604]s

BEG OF #7 << main << eps_var 5.00e-06 << variation [2688.5/2721.2]GB [0.003/0.000/159326.607]s
Davidson #0: -2099.8826826046
Davidson #1: -2099.8826826299
Davidson #2: -2099.8826826423
Davidson #3: -2099.8826826526
Davidson #4: -2099.8826826575
Davidson #5: -2099.8826826604
Davidson #6: -2099.8826826660
Davidson #7: -2099.8826826725
Davidson #8: -2099.8826826817
END OF diagonalize sparse hamiltonian [2688.0/2720.7]GB [3025.173/3025.173/162351.779]s
Iteration 7 eps1= 5.00e-06 ndets= 770,066,951 energy= -2099.88268268
END OF #7 << main << eps_var 5.00e-06 << variation [2688.0/2720.7]GB [0.001/3025.173/162351.779]s

BEG OF #8 << main << eps_var 5.00e-06 << variation [2688.0/2720.7]GB [0.000/0.000/162351.779]s
Davidson #0: -2099.8826826818
Davidson #1: -2099.8826826885
Davidson #2: -2099.8826826923
Davidson #3: -2099.8826826951
Davidson #4: -2099.8826826964
Davidson #5: -2099.8826826973
Davidson #6: -2099.8826826993
Davidson #7: -2099.8826827018
Davidson #8: -2099.8826827050
END OF diagonalize sparse hamiltonian [2688.5/2721.2]GB [3054.069/3054.069/165405.849]s
Iteration 8 eps1= 5.00e-06 ndets= 770,066,951 energy= -2099.88268270
END OF #8 << main << eps_var 5.00e-06 << variation [2688.5/2721.2]GB [0.001/3054.070/165405.849]s

BEG OF #9 << main << eps_var 5.00e-06 << variation [2688.5/2721.2]GB [0.000/0.000/165405.849]s
Davidson #0: -2099.8826827046
Davidson #1: -2099.8826827071
Davidson #2: -2099.8826827087
Davidson #3: -2099.8826827098
Davidson #4: -2099.8826827103
Davidson #5: -2099.8826827111
Davidson #6: -2099.8826827120
Davidson #7: -2099.8826827131
Davidson #8: -2099.8826827144
END OF diagonalize sparse hamiltonian [2687.9/2720.6]GB [3086.761/3086.761/168492.610]s
Iteration 9 eps1= 5.00e-06 ndets= 770,066,951 energy= -2099.88268271
END OF #9 << main << eps_var 5.00e-06 << variation [2687.9/2720.6]GB [0.001/3086.761/168492.610]s

BEG OF #10 << main << eps_var 5.00e-06 << variation [2687.9/2720.6]GB [0.000/0.000/168492.610]s
Davidson #0: -2099.8826827138
Davidson #1: -2099.8826827148
Davidson #2: -2099.8826827155
Davidson #3: -2099.8826827160
Davidson #4: -2099.8826827162
Davidson #5: -2099.8826827167
Davidson #6: -2099.8826827171
Davidson #7: -2099.8826827176
Davidson #8: -2099.8826827182
END OF diagonalize sparse hamiltonian [2688.4/2721.1]GB [3053.301/3053.301/171545.911]s
Iteration 10 eps1= 5.00e-06 ndets= 770,066,951 energy= -2099.88268272
END OF #10 << main << eps_var 5.00e-06 << variation [2688.4/2721.1]GB [0.001/3053.302/171545.911]s

BEG OF #11 << main << eps_var 5.00e-06 << variation [2688.4/2721.1]GB [0.000/0.000/171545.911]s
Davidson #0: -2099.8826827186
Davidson #1: -2099.8826827191
Davidson #2: -2099.8826827194
Davidson #3: -2099.8826827196
Davidson #4: -2099.8826827197
Davidson #5: -2099.8826827200
Davidson #6: -2099.8826827202
Davidson #7: -2099.8826827204
Davidson #8: -2099.8826827207
END OF diagonalize sparse hamiltonian [2688.0/2720.7]GB [3329.967/3329.967/174875.879]s
Iteration 11 eps1= 5.00e-06 ndets= 770,066,951 energy= -2099.88268272
END OF #11 << main << eps_var 5.00e-06 << variation [2688.0/2720.7]GB [0.001/3329.968/174875.879]s

BEG OF #12 << main << eps_var 5.00e-06 << variation [2688.0/2720.7]GB [0.000/0.000/174875.879]s
Davidson #0: -2099.8826827205
Davidson #1: -2099.8826827207
Davidson #2: -2099.8826827209
Davidson #3: -2099.8826827210
Davidson #4: -2099.8826827210
Davidson #5: -2099.8826827204
Davidson #6: -2099.8826827205
Davidson #7: -2099.8826827206
Davidson #8: -2099.8826827207
END OF diagonalize sparse hamiltonian [2688.5/2721.2]GB [3209.787/3209.787/178085.666]s
Iteration 12 eps1= 5.00e-06 ndets= 770,066,951 energy= -2099.88268272
END OF #12 << main << eps_var 5.00e-06 << variation [2688.5/2721.2]GB [0.001/3209.788/178085.667]s

BEG OF #13 << main << eps_var 5.00e-06 << variation [2688.5/2721.2]GB [0.000/0.000/178085.667]s
Davidson #0: -2099.8826827217
Davidson #1: -2099.8826827218
Davidson #2: -2099.8826827219
Davidson #3: -2099.8826827219
Davidson #4: -2099.8826827220
Davidson #5: -2099.8826827215
Davidson #6: -2099.8826827216
Davidson #7: -2099.8826827216
Davidson #8: -2099.8826827217
END OF diagonalize sparse hamiltonian [2688.0/2720.7]GB [3483.791/3483.791/181569.457]s
Iteration 13 eps1= 5.00e-06 ndets= 770,066,951 energy= -2099.88268272
END OF #13 << main << eps_var 5.00e-06 << variation [2688.0/2720.7]GB [0.001/3483.791/181569.457]s

BEG OF #14 << main << eps_var 5.00e-06 << variation [2688.0/2720.7]GB [0.000/0.000/181569.457]s
Davidson #0: -2099.8826827215
Davidson #1: -2099.8826827216
Davidson #2: -2099.8826827216
Davidson #3: -2099.8826827216
Davidson #4: -2099.8826827216
Davidson #5: -2099.8826827222
Davidson #6: -2099.8826827223
Davidson #7: -2099.8826827223
Davidson #8: -2099.8826827223
END OF diagonalize sparse hamiltonian [2688.5/2721.2]GB [3599.525/3599.525/185168.982]s
Iteration 14 eps1= 5.00e-06 ndets= 770,066,951 energy= -2099.88268272
END OF #14 << main << eps_var 5.00e-06 << variation [2688.5/2721.2]GB [0.001/3599.525/185168.983]s

BEG OF #15 << main << eps_var 5.00e-06 << variation [2688.5/2721.2]GB [0.000/0.000/185168.983]s
Davidson #0: -2099.8826827217
Davidson #1: -2099.8826827218
Davidson #2: -2099.8826827218
Davidson #3: -2099.8826827218
Davidson #4: -2099.8826827218
Davidson #5: -2099.8826827219
Davidson #6: -2099.8826827219
Davidson #7: -2099.8826827219
Davidson #8: -2099.8826827219
END OF diagonalize sparse hamiltonian [2687.9/2720.6]GB [3550.534/3550.534/188719.516]s
Iteration 15 eps1= 5.00e-06 ndets= 770,066,951 energy= -2099.88268272
END OF #15 << main << eps_var 5.00e-06 << variation [2687.9/2720.6]GB [0.001/3550.534/188719.517]s

BEG OF #16 << main << eps_var 5.00e-06 << variation [2687.9/2720.6]GB [0.000/0.000/188719.517]s
Davidson #0: -2099.8826827218
Davidson #1: -2099.8826827218
Davidson #2: -2099.8826827219
Davidson #3: -2099.8826827219
Davidson #4: -2099.8826827219
Davidson #5: -2099.8826827225
Davidson #6: -2099.8826827225
Davidson #7: -2099.8826827225
Davidson #8: -2099.8826827225
END OF diagonalize sparse hamiltonian [2688.4/2721.1]GB [3385.814/3385.814/192105.331]s
Iteration 16 eps1= 5.00e-06 ndets= 770,066,951 energy= -2099.88268272
END OF #16 << main << eps_var 5.00e-06 << variation [2688.4/2721.1]GB [0.001/3385.814/192105.331]s

BEG OF #17 << main << eps_var 5.00e-06 << variation [2688.4/2721.1]GB [0.000/0.000/192105.331]s
Davidson #0: -2099.8826827216
Davidson #1: -2099.8826827216
Davidson #2: -2099.8826827216
Davidson #3: -2099.8826827216
Davidson #4: -2099.8826827216
Davidson #5: -2099.8826827219
Davidson #6: -2099.8826827219
Davidson #7: -2099.8826827219
Davidson #8: -2099.8826827219
END OF diagonalize sparse hamiltonian [2687.9/2720.6]GB [3401.809/3401.809/195507.140]s
Iteration 17 eps1= 5.00e-06 ndets= 770,066,951 energy= -2099.88268272
END OF #17 << main << eps_var 5.00e-06 << variation [2687.9/2720.6]GB [0.001/3401.809/195507.140]s

BEG OF #18 << main << eps_var 5.00e-06 << variation [2687.9/2720.6]GB [0.001/0.000/195507.141]s
Davidson #0: -2099.8826827226
Davidson #1: -2099.8826827226
Davidson #2: -2099.8826827227
Davidson #3: -2099.8826827227
Davidson #4: -2099.8826827227
Davidson #5: -2099.8826827225
Davidson #6: -2099.8826827225
Davidson #7: -2099.8826827226
Davidson #8: -2099.8826827226
END OF diagonalize sparse hamiltonian [2688.5/2721.2]GB [3328.014/3328.014/198835.154]s
Iteration 18 eps1= 5.00e-06 ndets= 770,066,951 energy= -2099.88268272
END OF #18 << main << eps_var 5.00e-06 << variation [2688.5/2721.2]GB [0.001/3328.014/198835.154]s

BEG OF #19 << main << eps_var 5.00e-06 << variation [2688.5/2721.2]GB [0.000/0.000/198835.154]s
Davidson #0: -2099.8826827218
Davidson #1: -2099.8826827218
Davidson #2: -2099.8826827218
Davidson #3: -2099.8826827218
Davidson #4: -2099.8826827218
Davidson #5: -2099.8826827223
Davidson #6: -2099.8826827223
Davidson #7: -2099.8826827223
Davidson #8: -2099.8826827223
END OF diagonalize sparse hamiltonian [2688.0/2720.6]GB [3293.473/3293.473/202128.627]s
Iteration 19 eps1= 5.00e-06 ndets= 770,066,951 energy= -2099.88268272
END OF #19 << main << eps_var 5.00e-06 << variation [2688.0/2720.6]GB [0.001/3293.473/202128.627]s

BEG OF #20 << main << eps_var 5.00e-06 << variation [2688.0/2720.6]GB [0.000/0.000/202128.628]s
Davidson #0: -2099.8826827220
Davidson #1: -2099.8826827220
Davidson #2: -2099.8826827220
Davidson #3: -2099.8826827220
Davidson #4: -2099.8826827220
Davidson #5: -2099.8826827217
Davidson #6: -2099.8826827217
Davidson #7: -2099.8826827217
Davidson #8: -2099.8826827217
END OF diagonalize sparse hamiltonian [2688.5/2721.2]GB [3389.225/3389.225/205517.852]s
Iteration 20 eps1= 5.00e-06 ndets= 770,066,951 energy= -2099.88268272
END OF #20 << main << eps_var 5.00e-06 << variation [2688.5/2721.2]GB [0.001/3389.225/205517.853]s

BEG OF #21 << main << eps_var 5.00e-06 << variation [2688.5/2721.2]GB [0.000/0.000/205517.853]s
Davidson #0: -2099.8826827220
Davidson #1: -2099.8826827220
Davidson #2: -2099.8826827220
Davidson #3: -2099.8826827220
Davidson #4: -2099.8826827220
Davidson #5: -2099.8826827218
Davidson #6: -2099.8826827218
Davidson #7: -2099.8826827218
Davidson #8: -2099.8826827218
END OF diagonalize sparse hamiltonian [2688.2/2720.9]GB [3479.042/3479.042/208996.895]s
Iteration 21 eps1= 5.00e-06 ndets= 770,066,951 energy= -2099.88268272
END OF #21 << main << eps_var 5.00e-06 << variation [2688.2/2720.9]GB [0.001/3479.042/208996.895]s

BEG OF #22 << main << eps_var 5.00e-06 << variation [2688.2/2720.9]GB [0.000/0.000/208996.895]s
Davidson #0: -2099.8826827217
Davidson #1: -2099.8826827217
Davidson #2: -2099.8826827217
Davidson #3: -2099.8826827217
Davidson #4: -2099.8826827217
Davidson #5: -2099.8826827210
Davidson #6: -2099.8826827210
Davidson #7: -2099.8826827210
Davidson #8: -2099.8826827210
END OF diagonalize sparse hamiltonian [2688.9/2721.6]GB [3520.683/3520.683/212517.578]s
Iteration 22 eps1= 5.00e-06 ndets= 770,066,951 energy= -2099.88268272
END OF #22 << main << eps_var 5.00e-06 << variation [2688.9/2721.6]GB [0.001/3520.683/212517.578]s

BEG OF #23 << main << eps_var 5.00e-06 << variation [2688.9/2721.6]GB [0.000/0.000/212517.579]s
Davidson #0: -2099.8826827221
Davidson #1: -2099.8826827221
Davidson #2: -2099.8826827221
Davidson #3: -2099.8826827221
Davidson #4: -2099.8826827221
Davidson #5: -2099.8826827230
Davidson #6: -2099.8826827230
Davidson #7: -2099.8826827230
Davidson #8: -2099.8826827230
END OF diagonalize sparse hamiltonian [2688.5/2721.2]GB [3530.221/3530.221/216047.799]s
Iteration 23 eps1= 5.00e-06 ndets= 770,066,951 energy= -2099.88268272
END OF #23 << main << eps_var 5.00e-06 << variation [2688.5/2721.2]GB [0.001/3530.221/216047.800]s

BEG OF #24 << main << eps_var 5.00e-06 << variation [2688.5/2721.2]GB [0.000/0.000/216047.800]s
Davidson #0: -2099.8826827224
Davidson #1: -2099.8826827224
Davidson #2: -2099.8826827224
END OF diagonalize sparse hamiltonian [2689.1/2721.8]GB [1202.544/1202.544/217250.344]s
Iteration 24 eps1= 5.00e-06 ndets= 770,066,951 energy= -2099.88268272
END OF #24 << main << eps_var 5.00e-06 << variation [2689.1/2721.8]GB [0.001/1202.545/217250.344]s
Final iteration 24 eps1= 5.00e-06 ndets= 770,066,951 energy= -2099.88268272
Effect dets (without time sym): 1,540,062,514
----------------------------------------
Excite Lv       # dets         Sum c^2
0                    1      0.04077664
1                  192      0.00031081
2                87120      0.27312591
3              4929956      0.01341852
4             60134355      0.38901249
5            176128938      0.03118020
6            371675813      0.18916774
7            366612702      0.01901985
8            325124456      0.03684194
9            147568882      0.00395042
10            67627317      0.00286187
11            15571678      0.00025361
12             4117687      0.00007731
13              413304      0.00000239
14               70113      0.00000030
----------------------------------------
Orbital                        Sum c^2
0                           1.99527801
1                           1.99520709
2                           1.98581977
3                           1.98606138
4                           1.98606138
5                           1.98564638
6                           1.98564638
7                           1.98438963
8                           1.85758301
9                           1.37164437
10                          1.37164437
11                          1.10520027
12                          1.10520027
13                          1.35504246
14                          0.62373766
15                          0.87168161
16                          0.87168161
17                          0.02928545
18                          0.02928545
19                          0.07647237
20                          0.02230664
21                          0.60392716
22                          0.60392716
23                          0.00737036
24                          0.00626075
25                          0.00626075
26                          0.01149346
27                          0.00416246
28                          0.01277346
29                          0.01277346
30                          0.00310512
31                          0.01407169
32                          0.01407169
33                          0.00311949
34                          0.00311949
35                          0.00411067
36                          0.00411067
37                          0.00858597
38                          0.00858597
39                          0.00282848
40                          0.00449975
41                          0.00604572
42                          0.00604572
43                          0.00424698
44                          0.00424698
45                          0.00109551
46                          0.00630848
47                          0.00061700
48                          0.00061700
49                          0.00047654
Sum orbitals c^2: 28.00000000
----------------------------------------
Most important dets:
Excite Lv         Coef      Det (Reordered orb)
0           0.20193228      |  0  1  2  3  4  5  6  7  8  9 10 11 12 13 |  0  1  2  3  4  5  6  7  8  9 10 11 12 13 |
2           0.19487912      |  0  1  2  3  4  5  6  7  8  9 10 12 13 15 |  0  1  2  3  4  5  6  7  8  9 10 11 13 16 |
2          -0.15672891      |  0  1  2  3  4  5  6  7  8  9 10 11 13 15 |  0  1  2  3  4  5  6  7  8  9 10 11 13 15 |
2          -0.15672891      |  0  1  2  3  4  5  6  7  8  9 10 12 13 16 |  0  1  2  3  4  5  6  7  8  9 10 12 13 16 |
2           0.14003558      |  0  1  2  3  4  5  6  7  8  9 10 11 13 14 |  0  1  2  3  4  5  6  7  8  9 10 11 12 15 |
2          -0.14003558      |  0  1  2  3  4  5  6  7  8  9 10 12 13 14 |  0  1  2  3  4  5  6  7  8  9 10 11 12 16 |
2           0.13701291      |  0  1  2  3  4  5  6  7  8 10 11 12 13 15 |  0  1  2  3  4  5  6  7  8  9 10 11 13 22 |
2           0.13701291      |  0  1  2  3  4  5  6  7  8  9 11 12 13 16 |  0  1  2  3  4  5  6  7  8  9 10 12 13 21 |
2          -0.13432271      |  0  1  2  3  4  5  6  7  8  9 11 12 13 15 |  0  1  2  3  4  5  6  7  8  9 10 11 13 21 |
2          -0.13432271      |  0  1  2  3  4  5  6  7  8 10 11 12 13 16 |  0  1  2  3  4  5  6  7  8  9 10 12 13 22 |
4           0.12437713      |  0  1  2  3  4  5  6  7  8  9 10 13 15 16 |  0  1  2  3  4  5  6  7  8  9 10 13 15 16 |
4           0.11246295      |  0  1  2  3  4  5  6  7  8  9 10 13 14 15 |  0  1  2  3  4  5  6  7  8  9 10 11 15 16 |
4          -0.11246295      |  0  1  2  3  4  5  6  7  8  9 10 13 14 16 |  0  1  2  3  4  5  6  7  8  9 10 12 15 16 |
4          -0.10909445      |  0  1  2  3  4  5  6  7  8  9 11 13 15 16 |  0  1  2  3  4  5  6  7  8  9 10 13 15 21 |
4          -0.10909445      |  0  1  2  3  4  5  6  7  8 10 12 13 15 16 |  0  1  2  3  4  5  6  7  8  9 10 13 16 22 |
4           0.10790359      |  0  1  2  3  4  5  6  7  8 10 11 13 15 16 |  0  1  2  3  4  5  6  7  8  9 10 13 15 22 |
4           0.10790359      |  0  1  2  3  4  5  6  7  8  9 12 13 15 16 |  0  1  2  3  4  5  6  7  8  9 10 13 16 21 |
2           0.10038840      |  0  1  2  3  4  5  6  7  8 10 11 12 13 21 |  0  1  2  3  4  5  6  7  8  9 11 12 13 22 |
2          -0.09734560      |  0  1  2  3  4  5  6  7  8 10 11 12 13 14 |  0  1  2  3  4  5  6  7  8  9 10 11 12 22 |
2           0.09734560      |  0  1  2  3  4  5  6  7  8  9 11 12 13 14 |  0  1  2  3  4  5  6  7  8  9 10 11 12 21 |
----------------------------------------
END OF main << eps_var 5.00e-06 << variation [2689.1/2721.8]GB [179.837/217102.010/217430.181]s
Variational results saved to: wf_eps1_5.00e-06.dat
END OF eps_var 5.00e-06 << variation [2689.8/2722.5]GB [50.141/217152.155/217480.321]s
END OF variation [2687.5/2720.2]GB [332.983/217811.574/217813.303]s

BEG OF post variation [2687.5/2720.2]GB [0.001/0.000/217813.303]s
END OF post variation [2687.5/2720.2]GB [0.001/0.001/217813.304]s
