l040
80
Semistochastic Heat-bath Configuration Interation (SHCI)

Start time: Fri Jun 14 12:50:50 2019
Infrastructure: 1 nodes * 80 threads
Configuration:
{
  "chem": {
    "irrep_occs_dn": [
      4,
      2,
      1,
      2,
      1,
      2,
      1,
      0,
      1,
      0
    ],
    "irrep_occs_up": [
      4,
      2,
      1,
      2,
      1,
      2,
      1,
      0,
      1,
      0
    ],
    "irreps": [
      1,
      2,
      3,
      4,
      5,
      6,
      7,
      8,
      9,
      10
    ],
    "point_group": "dih"
  },
  "eps_pt": 1e-20,
  "eps_vars": [
    0.0002,
    0.0001,
    5e-05,
    3e-05,
    2e-05,
    1e-05,
    5e-06
  ],
  "eps_vars_schedule": [
    0.005,
    0.005,
    0.005,
    0.005,
    0.005,
    0.003,
    0.003,
    0.003,
    0.003,
    0.003,
    0.002,
    0.002,
    0.002,
    0.002,
    0.002,
    0.001,
    0.001,
    0.001,
    0.001,
    0.001,
    0.001,
    0.001,
    0.0005,
    0.0005,
    0.0005,
    0.0005,
    0.0005,
    0.0005,
    0.0005,
    0.0003,
    0.0003,
    0.0003,
    0.0003,
    0.0003,
    0.0002,
    0.0002,
    0.0002,
    0.0002,
    0.0002
  ],
  "n_dn": 14,
  "n_up": 14,
  "skip_var": true,
  "system": "chem",
  "target_error": 2e-05,
  "time_sym": true
}
Timing format: [DIFF/SECTION/TOTAL]

BEG OF setup [0.0/26.0]GB [0.001/0.001/0.001]s

BEG OF load integrals << setup [0.0/26.0]GB [0.003/0.000/0.003]s
n_orbs: 76
n_elecs (from FCIDUMP): 28
orb_sym: 1 2 1 6 4 3 5 2 1 6 4 7 9 1 2 10 8 6 4 2 1 3 5 2 3 5 1 1 6 4 2 7 9 3 5 6 4 10 8 2 1 3 5 6 4 1 2 3 5 2 6 4 7 9 1 10 8 3 5 1 2 2 6 4 7 9 14 12 1 11 13 10 8 3 5 2 
END OF load fcidump [0.1/26.1]GB [1.184/1.184/1.187]s
HF det up: 0 1 2 3 4 5 6 7 8 9 10 11 12 13 
HF det dn: 0 1 2 3 4 5 6 7 8 9 10 11 12 13 
Reorder skipped.
Orbitals energy:
#  0: E =  -3.423962902688, sym =  1, origin #  0
#  1: E =  -3.416979719870, sym =  2, origin #  1
#  2: E =  -2.157117409584, sym =  1, origin #  2
#  3: E =  -2.138814875995, sym =  6, origin #  3
#  4: E =  -2.138814875995, sym =  4, origin #  4
#  5: E =  -2.126199629446, sym =  3, origin #  5
#  6: E =  -2.126199629446, sym =  5, origin #  6
#  7: E =  -2.113426285497, sym =  2, origin #  7
#  8: E =  -0.208105365130, sym =  1, origin #  8
#  9: E =  -0.167551674113, sym =  6, origin #  9
# 10: E =  -0.167551674113, sym =  4, origin # 10
# 11: E =  -0.120214224275, sym =  7, origin # 11
# 12: E =  -0.120214224275, sym =  9, origin # 12
# 13: E =  -0.176219131783, sym =  1, origin # 13
# 14: E =   0.171688634048, sym =  2, origin # 14
# 15: E =   0.129371938712, sym = 10, origin # 15
# 16: E =   0.129371938712, sym =  8, origin # 16
# 17: E =   0.739784455352, sym =  6, origin # 17
# 18: E =   0.739784455352, sym =  4, origin # 18
# 19: E =   0.247651449408, sym =  2, origin # 19
# 20: E =   0.360392947361, sym =  1, origin # 20
# 21: E =   0.182122069156, sym =  3, origin # 21
# 22: E =   0.182122069156, sym =  5, origin # 22
# 23: E =   1.130444849664, sym =  2, origin # 23
# 24: E =   1.436379018538, sym =  3, origin # 24
# 25: E =   1.436379018536, sym =  5, origin # 25
# 26: E =   1.175663016283, sym =  1, origin # 26
# 27: E =   2.342863907135, sym =  1, origin # 27
# 28: E =   0.645028808048, sym =  6, origin # 28
# 29: E =   0.645028808047, sym =  4, origin # 29
# 30: E =   3.095598321491, sym =  2, origin # 30
# 31: E =   0.959886364422, sym =  7, origin # 31
# 32: E =   0.959886364422, sym =  9, origin # 32
# 33: E =   2.889858427367, sym =  3, origin # 33
# 34: E =   2.889858427367, sym =  5, origin # 34
# 35: E =   2.278177601208, sym =  6, origin # 35
# 36: E =   2.278177601208, sym =  4, origin # 36
# 37: E =   1.212101542173, sym = 10, origin # 37
# 38: E =   1.212101542172, sym =  8, origin # 38
# 39: E =   1.737784788737, sym =  2, origin # 39
# 40: E =   1.499786791990, sym =  1, origin # 40
# 41: E =   0.550476453513, sym =  3, origin # 41
# 42: E =   0.550476453513, sym =  5, origin # 42
# 43: E =   0.489188443105, sym =  6, origin # 43
# 44: E =   0.489188443106, sym =  4, origin # 44
# 45: E =   0.612805653917, sym =  1, origin # 45
# 46: E =   1.367045254827, sym =  2, origin # 46
# 47: E =   0.565160005122, sym =  3, origin # 47
# 48: E =   0.565160005120, sym =  5, origin # 48
# 49: E =   1.389612910109, sym =  2, origin # 49
# 50: E =   0.560439060721, sym =  6, origin # 50
# 51: E =   0.560439060720, sym =  4, origin # 51
# 52: E =   2.356685543203, sym =  7, origin # 52
# 53: E =   2.356685543203, sym =  9, origin # 53
# 54: E =   0.545923726608, sym =  1, origin # 54
# 55: E =   2.605594384076, sym = 10, origin # 55
# 56: E =   2.605594384076, sym =  8, origin # 56
# 57: E =   0.191091798933, sym =  3, origin # 57
# 58: E =   0.191091798935, sym =  5, origin # 58
# 59: E =   0.541309492972, sym =  1, origin # 59
# 60: E =   0.571325145614, sym =  2, origin # 60
# 61: E =   0.196683529347, sym =  2, origin # 61
# 62: E =   0.339875058940, sym =  6, origin # 62
# 63: E =   0.339875058940, sym =  4, origin # 63
# 64: E =   0.710884483113, sym =  7, origin # 64
# 65: E =   0.710884483113, sym =  9, origin # 65
# 66: E =   2.448996233902, sym = 14, origin # 66
# 67: E =   2.448996233902, sym = 12, origin # 67
# 68: E =   0.274753499605, sym =  1, origin # 68
# 69: E =   2.489870545109, sym = 11, origin # 69
# 70: E =   2.489870545109, sym = 13, origin # 70
# 71: E =   0.613668529813, sym = 10, origin # 71
# 72: E =   0.613668529812, sym =  8, origin # 72
# 73: E =   0.827064120444, sym =  3, origin # 73
# 74: E =   0.827064120443, sym =  5, origin # 74
# 75: E =   0.988820554634, sym =  2, origin # 75
HF det up: 0 1 2 3 4 5 6 7 8 9 10 11 12 13 
HF det dn: 0 1 2 3 4 5 6 7 8 9 10 11 12 13 
END OF reorder orbitals [0.1/26.1]GB [0.039/1.222/1.225]s
FCIDUMP cache saved to: integrals_cache.dat
END OF load integrals << setup [0.1/26.1]GB [0.105/1.327/1.330]s

BEG OF setup hci queue << setup [0.1/26.1]GB [0.001/0.000/1.330]s
Max hci queue elem: 0.3823714681 Ha
Number of entries in hci queue: 1,785,846
END OF setup hci queue << setup [0.1/26.1]GB [0.074/0.074/1.404]s
HF energy: -2098.1387851399 Ha
END OF setup [0.1/26.1]GB [0.005/1.409/1.409]s

BEG OF post variation [0.1/26.1]GB [0.001/0.000/1.409]s
END OF post variation [0.1/26.1]GB [0.001/0.001/1.410]s

BEG OF perturbation [0.1/26.1]GB [0.001/0.000/1.410]s

BEG OF eps_var 2.00e-04 << perturbation [0.1/26.1]GB [0.001/0.000/1.411]s
Loaded 1,705,849 dets from: wf_eps1_2.00e-04.dat
Effect dets (without time sym): 3,407,925
----------------------------------------
Excite Lv       # dets         Sum c^2
0                    1      0.03188480
1                  144      0.00003135
2                32866      0.26290483
3                97708      0.00762225
4               546111      0.42502463
5               474212      0.02039335
6              1100203      0.20535578
7               418616      0.01162730
8               567758      0.03199229
9                88202      0.00170214
10               76932      0.00139715
11                3200      0.00005133
12                1972      0.00001282
----------------------------------------
Orbital                        Sum c^2
0                           1.99618158
1                           1.99611742
2                           1.98907675
3                           1.98923913
4                           1.98923913
5                           1.98893743
6                           1.98893743
7                           1.98803946
8                           1.96208798
9                           1.33511574
10                          1.33511574
11                          1.08692080
12                          1.08692080
13                          1.31782438
14                          0.67072408
15                          0.90087657
16                          0.90087657
17                          0.01335535
18                          0.01335535
19                          0.01763344
20                          0.00969067
21                          0.65257169
22                          0.65257169
23                          0.00497247
24                          0.00443096
25                          0.00443096
26                          0.00730203
27                          0.00319629
28                          0.00511601
29                          0.00511601
30                          0.00252878
31                          0.00841554
32                          0.00841554
33                          0.00253458
34                          0.00253458
35                          0.00318075
36                          0.00318075
37                          0.00594519
38                          0.00594519
39                          0.00202876
40                          0.00271574
41                          0.00347416
42                          0.00347416
43                          0.00086442
44                          0.00086442
45                          0.00019538
46                          0.00287773
47                          0.00012034
48                          0.00012034
49                          0.00023260
Sum orbitals c^2: 28.00000000
----------------------------------------
Most important dets:
Excite Lv         Coef      Det (Reordered orb)
2           0.19471369      |  0  1  2  3  4  5  6  7  8  9 10 12 13 15 |  0  1  2  3  4  5  6  7  8  9 10 11 13 16 |
0           0.17856315      |  0  1  2  3  4  5  6  7  8  9 10 11 12 13 |  0  1  2  3  4  5  6  7  8  9 10 11 12 13 |
2          -0.14652826      |  0  1  2  3  4  5  6  7  8  9 10 11 13 15 |  0  1  2  3  4  5  6  7  8  9 10 11 13 15 |
2          -0.14652826      |  0  1  2  3  4  5  6  7  8  9 10 12 13 16 |  0  1  2  3  4  5  6  7  8  9 10 12 13 16 |
2           0.14410371      |  0  1  2  3  4  5  6  7  8  9 10 11 13 14 |  0  1  2  3  4  5  6  7  8  9 10 11 12 15 |
2          -0.14410371      |  0  1  2  3  4  5  6  7  8  9 10 12 13 14 |  0  1  2  3  4  5  6  7  8  9 10 11 12 16 |
2           0.14141220      |  0  1  2  3  4  5  6  7  8 10 11 12 13 15 |  0  1  2  3  4  5  6  7  8  9 10 11 13 22 |
2           0.14141220      |  0  1  2  3  4  5  6  7  8  9 11 12 13 16 |  0  1  2  3  4  5  6  7  8  9 10 12 13 21 |
2          -0.13881490      |  0  1  2  3  4  5  6  7  8 10 11 12 13 16 |  0  1  2  3  4  5  6  7  8  9 10 12 13 22 |
2          -0.13881490      |  0  1  2  3  4  5  6  7  8  9 11 12 13 15 |  0  1  2  3  4  5  6  7  8  9 10 11 13 21 |
4           0.12200596      |  0  1  2  3  4  5  6  7  8  9 10 13 15 16 |  0  1  2  3  4  5  6  7  8  9 10 13 15 16 |
4           0.12170423      |  0  1  2  3  4  5  6  7  8  9 10 13 14 15 |  0  1  2  3  4  5  6  7  8  9 10 11 15 16 |
4          -0.12170423      |  0  1  2  3  4  5  6  7  8  9 10 13 14 16 |  0  1  2  3  4  5  6  7  8  9 10 12 15 16 |
4          -0.11865520      |  0  1  2  3  4  5  6  7  8  9 11 13 15 16 |  0  1  2  3  4  5  6  7  8  9 10 13 15 21 |
4          -0.11865520      |  0  1  2  3  4  5  6  7  8 10 12 13 15 16 |  0  1  2  3  4  5  6  7  8  9 10 13 16 22 |
4           0.11728992      |  0  1  2  3  4  5  6  7  8 10 11 13 15 16 |  0  1  2  3  4  5  6  7  8  9 10 13 15 22 |
4           0.11728992      |  0  1  2  3  4  5  6  7  8  9 12 13 15 16 |  0  1  2  3  4  5  6  7  8  9 10 13 16 21 |
4          -0.10611329      |  0  1  2  3  4  5  6  7  8  9 10 12 14 15 |  0  1  2  3  4  5  6  7  8  9 10 11 14 16 |
2           0.10608233      |  0  1  2  3  4  5  6  7  8 10 11 12 13 21 |  0  1  2  3  4  5  6  7  8  9 11 12 13 22 |
2           0.10330063      |  0  1  2  3  4  5  6  7  8  9 11 12 13 14 |  0  1  2  3  4  5  6  7  8  9 10 11 12 21 |
----------------------------------------
HF energy: -2098.1387851399 Ha
Variational energy: -2099.7908120689 Ha
Memory total: 3170.3GB
Helper size: 0.1GB
Bytes per det: 32
Memory var: 0.4GB
Memory PT limit: 2218.8GB

BEG OF dtm 2.00e-06 << eps_var 2.00e-04 << perturbation [0.9/26.9]GB [2.039/0.000/3.449]s
Number of dtm batches: 1
END OF determine number of dtm batches [0.9/26.9]GB [0.492/0.492/3.942]s

BEG OF #1/1 << dtm 2.00e-06 << eps_var 2.00e-04 << perturbation [0.9/26.9]GB [0.002/0.000/3.943]s
20% 40% 60% 80% 100% 
Number of dtm pt dets: 3,681,203,966
END OF create hc sums [659.9/685.9]GB [393.117/393.117/397.059]s
PT dtm batch correction: -0.0802287691 Ha
PT dtm correction (eps1= 2.00e-04): -0.0802287691 +- 0.0000000000 Ha
PT dtm total energy (eps1= 2.00e-04): -2099.8710408380 +- 0.0000000000 Ha
Correlation energy (eps1= 2.00e-04): -1.7322556981 +- 0.0000000000 Ha
END OF #1/1 << dtm 2.00e-06 << eps_var 2.00e-04 << perturbation [660.0/686.0]GB [556.073/949.189/953.132]s
END OF dtm 2.00e-06 << eps_var 2.00e-04 << perturbation [660.0/686.0]GB [0.015/949.696/953.145]s

BEG OF psto 1.00e-07 << eps_var 2.00e-04 << perturbation [647.8/673.8]GB [0.151/0.001/953.296]s
Number of psto batches: 16
END OF determine number of psto batches [648.7/674.7]GB [3.959/3.959/957.254]s

BEG OF #1/16 << psto 1.00e-07 << eps_var 2.00e-04 << perturbation [648.7/674.7]GB [0.011/0.001/957.265]s
20% 40% 60% 80% 100% 
Number of psto pt dets: 3,035,635,495
END OF create hc sums [664.1/690.1]GB [221.664/221.664/1178.928]s
PT psto batch correction: -0.0002553122 Ha
PT psto correction (eps1= 2.00e-04): -0.0040849953 +- 0.0000058998 Ha
PT psto total energy (eps1= 2.00e-04): -2099.8751258334 +- 0.0000058998 Ha
Correlation energy (eps1= 2.00e-04): -1.7363406935 +- 0.0000058998 Ha
END OF #1/16 << psto 1.00e-07 << eps_var 2.00e-04 << perturbation [663.5/689.5]GB [448.361/670.024/1627.288]s
END OF psto 1.00e-07 << eps_var 2.00e-04 << perturbation [663.5/689.5]GB [0.001/673.993/1627.288]s

BEG OF sto 1.00e-20 << eps_var 2.00e-04 << perturbation [657.8/683.8]GB [0.159/0.001/1627.447]s
Number of samples chosen: 528,413
END OF determine n samples [657.9/683.9]GB [0.903/0.903/1628.349]s

BEG OF #1 << sto 1.00e-20 << eps_var 2.00e-04 << perturbation [657.9/683.9]GB [0.001/0.000/1628.349]s
Number of unique variational determinants in sample: 426,225
Batch id: 8 / 64
20% 40% 60% 80% 100% 
Number of sto pt dets: 483,471,807
END OF create hc sums [664.6/690.6]GB [45.754/45.754/1674.102]s
PT sto loop correction: -0.0000034094 Ha
PT sto correction (eps1= 2.00e-04): -0.0000034094 +- -nan Ha
PT sto total energy (eps1= 2.00e-04): -2099.8751292428 +- -nan Ha
Correlation energy (eps1= 2.00e-04): -1.7363441029 +- -nan Ha
END OF #1 << sto 1.00e-20 << eps_var 2.00e-04 << perturbation [664.5/690.5]GB [73.134/118.887/1747.236]s

BEG OF #2 << sto 1.00e-20 << eps_var 2.00e-04 << perturbation [664.5/690.5]GB [0.001/0.000/1747.236]s
Number of unique variational determinants in sample: 426,098
Batch id: 14 / 64
20% 40% 60% 80% 100% 
Number of sto pt dets: 483,374,288
END OF create hc sums [664.5/690.5]GB [34.436/34.436/1781.672]s
PT sto loop correction: -0.0000065924 Ha
PT sto correction (eps1= 2.00e-04): -0.0000050009 +- 0.0000015915 Ha
PT sto total energy (eps1= 2.00e-04): -2099.8751308343 +- 0.0000061107 Ha
Correlation energy (eps1= 2.00e-04): -1.7363456944 +- 0.0000061107 Ha
END OF #2 << sto 1.00e-20 << eps_var 2.00e-04 << perturbation [664.5/690.5]GB [73.007/107.443/1854.679]s

BEG OF #3 << sto 1.00e-20 << eps_var 2.00e-04 << perturbation [664.5/690.5]GB [0.001/0.000/1854.679]s
Number of unique variational determinants in sample: 426,547
Batch id: 24 / 64
20% 40% 60% 80% 100% 
Number of sto pt dets: 483,968,707
END OF create hc sums [664.5/690.5]GB [34.252/34.252/1888.931]s
PT sto loop correction: -0.0000035102 Ha
PT sto correction (eps1= 2.00e-04): -0.0000045040 +- 0.0000010446 Ha
PT sto total energy (eps1= 2.00e-04): -2099.8751303374 +- 0.0000059916 Ha
Correlation energy (eps1= 2.00e-04): -1.7363451975 +- 0.0000059916 Ha
END OF #3 << sto 1.00e-20 << eps_var 2.00e-04 << perturbation [664.5/690.5]GB [73.583/107.835/1962.513]s

BEG OF #4 << sto 1.00e-20 << eps_var 2.00e-04 << perturbation [664.5/690.5]GB [0.001/0.000/1962.513]s
Number of unique variational determinants in sample: 426,091
Batch id: 44 / 64
20% 40% 60% 80% 100% 
Number of sto pt dets: 483,363,748
END OF create hc sums [664.5/690.5]GB [33.858/33.858/1996.372]s
PT sto loop correction: -0.0000054859 Ha
PT sto correction (eps1= 2.00e-04): -0.0000047495 +- 0.0000007783 Ha
PT sto total energy (eps1= 2.00e-04): -2099.8751305828 +- 0.0000059509 Ha
Correlation energy (eps1= 2.00e-04): -1.7363454429 +- 0.0000059509 Ha
END OF #4 << sto 1.00e-20 << eps_var 2.00e-04 << perturbation [664.5/690.5]GB [73.311/107.169/2069.682]s

BEG OF #5 << sto 1.00e-20 << eps_var 2.00e-04 << perturbation [664.5/690.5]GB [0.001/0.000/2069.682]s
Number of unique variational determinants in sample: 425,912
Batch id: 44 / 64
20% 40% 60% 80% 100% 
Number of sto pt dets: 483,144,797
END OF create hc sums [664.5/690.5]GB [33.203/33.203/2102.885]s
PT sto loop correction: -0.0000092941 Ha
PT sto correction (eps1= 2.00e-04): -0.0000056584 +- 0.0000010907 Ha
PT sto total energy (eps1= 2.00e-04): -2099.8751314918 +- 0.0000059998 Ha
Correlation energy (eps1= 2.00e-04): -1.7363463519 +- 0.0000059998 Ha
END OF #5 << sto 1.00e-20 << eps_var 2.00e-04 << perturbation [664.5/690.5]GB [73.042/106.244/2175.926]s

BEG OF #6 << sto 1.00e-20 << eps_var 2.00e-04 << perturbation [664.5/690.5]GB [0.001/0.001/2175.927]s
Number of unique variational determinants in sample: 426,403
Batch id: 61 / 64
20% 40% 60% 80% 100% 
Number of sto pt dets: 483,677,819
END OF create hc sums [664.5/690.5]GB [33.185/33.185/2209.111]s
PT sto loop correction: -0.0000026971 Ha
PT sto correction (eps1= 2.00e-04): -0.0000051649 +- 0.0000010182 Ha
PT sto total energy (eps1= 2.00e-04): -2099.8751309982 +- 0.0000059870 Ha
Correlation energy (eps1= 2.00e-04): -1.7363458583 +- 0.0000059870 Ha
END OF #6 << sto 1.00e-20 << eps_var 2.00e-04 << perturbation [664.5/690.5]GB [73.205/106.389/2282.315]s
END OF sto 1.00e-20 << eps_var 2.00e-04 << perturbation [664.5/690.5]GB [0.014/654.883/2282.329]s
Total energy: -2099.8751309982 +- 0.0000059870 Ha
END OF eps_var 2.00e-04 << perturbation [664.5/690.5]GB [0.101/2281.020/2282.430]s

BEG OF eps_var 1.00e-04 << perturbation [664.5/690.5]GB [0.001/0.000/2282.430]s
Loaded 4,164,477 dets from: wf_eps1_1.00e-04.dat
Effect dets (without time sym): 8,323,220
----------------------------------------
Excite Lv       # dets         Sum c^2
0                    1      0.03331165
1                  168      0.00005105
2                45875      0.26552336
3               192096      0.00815603
4              1090717      0.41693229
5              1233310      0.02086923
6              2656065      0.20485487
7              1156926      0.01212286
8              1450297      0.03439586
9               272702      0.00194156
10              204945      0.00174998
11               14264      0.00006771
12                5669      0.00002345
13                 178      0.00000010
14                   7      0.00000000
----------------------------------------
Orbital                        Sum c^2
0                           1.99611064
1                           1.99604542
2                           1.98882824
3                           1.98900621
4                           1.98900621
5                           1.98868760
6                           1.98868760
7                           1.98776054
8                           1.93320477
9                           1.34307144
10                          1.34307144
11                          1.08878380
12                          1.08878380
13                          1.32615364
14                          0.66170488
15                          0.89824836
16                          0.89824836
17                          0.01450550
18                          0.01450550
19                          0.04238130
20                          0.01094724
21                          0.64365665
22                          0.64365665
23                          0.00516797
24                          0.00455576
25                          0.00455576
26                          0.00769365
27                          0.00326430
28                          0.00545442
29                          0.00545442
30                          0.00255920
31                          0.00891276
32                          0.00891276
33                          0.00256564
34                          0.00256564
35                          0.00324083
36                          0.00324083
37                          0.00615166
38                          0.00615166
39                          0.00208764
40                          0.00296599
41                          0.00362607
42                          0.00362607
43                          0.00110887
44                          0.00110887
45                          0.00028289
46                          0.00349412
47                          0.00019163
48                          0.00019163
49                          0.00028923
Sum orbitals c^2: 28.00000000
----------------------------------------
Most important dets:
Excite Lv         Coef      Det (Reordered orb)
2           0.19954045      |  0  1  2  3  4  5  6  7  8  9 10 12 13 15 |  0  1  2  3  4  5  6  7  8  9 10 11 13 16 |
0           0.18251478      |  0  1  2  3  4  5  6  7  8  9 10 11 12 13 |  0  1  2  3  4  5  6  7  8  9 10 11 12 13 |
2          -0.14829773      |  0  1  2  3  4  5  6  7  8  9 10 12 13 16 |  0  1  2  3  4  5  6  7  8  9 10 12 13 16 |
2          -0.14829773      |  0  1  2  3  4  5  6  7  8  9 10 11 13 15 |  0  1  2  3  4  5  6  7  8  9 10 11 13 15 |
2           0.14362491      |  0  1  2  3  4  5  6  7  8  9 10 11 13 14 |  0  1  2  3  4  5  6  7  8  9 10 11 12 15 |
2          -0.14362491      |  0  1  2  3  4  5  6  7  8  9 10 12 13 14 |  0  1  2  3  4  5  6  7  8  9 10 11 12 16 |
2           0.14056547      |  0  1  2  3  4  5  6  7  8 10 11 12 13 15 |  0  1  2  3  4  5  6  7  8  9 10 11 13 22 |
2           0.14056547      |  0  1  2  3  4  5  6  7  8  9 11 12 13 16 |  0  1  2  3  4  5  6  7  8  9 10 12 13 21 |
2          -0.13797625      |  0  1  2  3  4  5  6  7  8 10 11 12 13 16 |  0  1  2  3  4  5  6  7  8  9 10 12 13 22 |
2          -0.13797625      |  0  1  2  3  4  5  6  7  8  9 11 12 13 15 |  0  1  2  3  4  5  6  7  8  9 10 11 13 21 |
4           0.12243362      |  0  1  2  3  4  5  6  7  8  9 10 13 15 16 |  0  1  2  3  4  5  6  7  8  9 10 13 15 16 |
4          -0.12027806      |  0  1  2  3  4  5  6  7  8  9 10 13 14 16 |  0  1  2  3  4  5  6  7  8  9 10 12 15 16 |
4           0.12027806      |  0  1  2  3  4  5  6  7  8  9 10 13 14 15 |  0  1  2  3  4  5  6  7  8  9 10 11 15 16 |
4          -0.11685899      |  0  1  2  3  4  5  6  7  8  9 11 13 15 16 |  0  1  2  3  4  5  6  7  8  9 10 13 15 21 |
4          -0.11685899      |  0  1  2  3  4  5  6  7  8 10 12 13 15 16 |  0  1  2  3  4  5  6  7  8  9 10 13 16 22 |
4           0.11558947      |  0  1  2  3  4  5  6  7  8 10 11 13 15 16 |  0  1  2  3  4  5  6  7  8  9 10 13 15 22 |
4           0.11558947      |  0  1  2  3  4  5  6  7  8  9 12 13 15 16 |  0  1  2  3  4  5  6  7  8  9 10 13 16 21 |
2           0.10417082      |  0  1  2  3  4  5  6  7  8 10 11 12 13 21 |  0  1  2  3  4  5  6  7  8  9 11 12 13 22 |
4          -0.10288764      |  0  1  2  3  4  5  6  7  8  9 10 12 14 15 |  0  1  2  3  4  5  6  7  8  9 10 11 14 16 |
2          -0.10124882      |  0  1  2  3  4  5  6  7  8 10 11 12 13 14 |  0  1  2  3  4  5  6  7  8  9 10 11 12 22 |
----------------------------------------
HF energy: -2098.1387851399 Ha
Variational energy: -2099.8081942125 Ha
Memory total: 3170.3GB
Helper size: 0.1GB
Bytes per det: 32
Memory var: 0.9GB
Memory PT limit: 2218.3GB

BEG OF dtm 2.00e-06 << eps_var 1.00e-04 << perturbation [664.6/690.6]GB [6.187/0.000/2288.617]s
Number of dtm batches: 1
END OF determine number of dtm batches [664.6/690.6]GB [0.561/0.561/2289.178]s

BEG OF #1/1 << dtm 2.00e-06 << eps_var 1.00e-04 << perturbation [664.6/690.6]GB [0.014/0.000/2289.191]s
20% 40% 60% 80% 100% 
Number of dtm pt dets: 4,096,384,031
END OF create hc sums [690.7/716.7]GB [413.698/413.698/2702.889]s
PT dtm batch correction: -0.0697784261 Ha
PT dtm correction (eps1= 1.00e-04): -0.0697784261 +- 0.0000000000 Ha
PT dtm total energy (eps1= 1.00e-04): -2099.8779726386 +- 0.0000000000 Ha
Correlation energy (eps1= 1.00e-04): -1.7391874987 +- 0.0000000000 Ha
END OF #1/1 << dtm 2.00e-06 << eps_var 1.00e-04 << perturbation [690.7/716.7]GB [497.293/910.990/3200.181]s
END OF dtm 2.00e-06 << eps_var 1.00e-04 << perturbation [690.7/716.7]GB [0.012/911.575/3200.192]s

BEG OF psto 1.00e-07 << eps_var 1.00e-04 << perturbation [675.0/701.0]GB [0.150/0.001/3200.342]s
Number of psto batches: 16
END OF determine number of psto batches [676.7/702.7]GB [6.374/6.374/3206.714]s

BEG OF #1/16 << psto 1.00e-07 << eps_var 1.00e-04 << perturbation [676.7/702.7]GB [0.019/0.001/3206.733]s
20% 40% 60% 80% 100% 
Number of psto pt dets: 4,487,551,040
END OF create hc sums [657.7/683.7]GB [385.683/385.683/3592.415]s
PT psto batch correction: -0.0003253665 Ha
PT psto correction (eps1= 1.00e-04): -0.0052058647 +- 0.0000041661 Ha
PT psto total energy (eps1= 1.00e-04): -2099.8831785033 +- 0.0000041661 Ha
Correlation energy (eps1= 1.00e-04): -1.7443933634 +- 0.0000041661 Ha
END OF #1/16 << psto 1.00e-07 << eps_var 1.00e-04 << perturbation [657.6/683.6]GB [620.095/1005.777/4212.509]s
END OF psto 1.00e-07 << eps_var 1.00e-04 << perturbation [657.6/683.6]GB [0.001/1012.169/4212.509]s

BEG OF sto 1.00e-20 << eps_var 1.00e-04 << perturbation [633.2/659.2]GB [0.325/0.001/4212.834]s
Number of samples chosen: 1,356,600
END OF determine n samples [633.4/659.4]GB [1.759/1.759/4214.592]s

BEG OF #1 << sto 1.00e-20 << eps_var 1.00e-04 << perturbation [633.4/659.4]GB [0.001/0.000/4214.592]s
Number of unique variational determinants in sample: 1,040,036
Batch id: 63 / 64
20% 40% 60% 80% 100% 
Number of sto pt dets: 1,121,069,369
END OF create hc sums [771.1/797.1]GB [115.058/115.058/4329.650]s
PT sto loop correction: -0.0000185102 Ha
PT sto correction (eps1= 1.00e-04): -0.0000185102 +- -nan Ha
PT sto total energy (eps1= 1.00e-04): -2099.8831970135 +- -nan Ha
Correlation energy (eps1= 1.00e-04): -1.7444118736 +- -nan Ha
END OF #1 << sto 1.00e-20 << eps_var 1.00e-04 << perturbation [771.1/797.1]GB [163.290/278.348/4492.940]s

BEG OF #2 << sto 1.00e-20 << eps_var 1.00e-04 << perturbation [771.1/797.1]GB [0.001/0.000/4492.940]s
Number of unique variational determinants in sample: 1,039,916
Batch id: 44 / 64
20% 40% 60% 80% 100% 
Number of sto pt dets: 1,120,988,886
END OF create hc sums [771.1/797.1]GB [78.663/78.663/4571.603]s
PT sto loop correction: -0.0000154447 Ha
PT sto correction (eps1= 1.00e-04): -0.0000169775 +- 0.0000015328 Ha
PT sto total energy (eps1= 1.00e-04): -2099.8831954808 +- 0.0000044391 Ha
Correlation energy (eps1= 1.00e-04): -1.7444103409 +- 0.0000044391 Ha
END OF #2 << sto 1.00e-20 << eps_var 1.00e-04 << perturbation [771.1/797.1]GB [163.087/241.750/4734.690]s

BEG OF #3 << sto 1.00e-20 << eps_var 1.00e-04 << perturbation [771.1/797.1]GB [0.001/0.000/4734.690]s
Number of unique variational determinants in sample: 1,039,081
Batch id: 14 / 64
20% 40% 60% 80% 100% 
Number of sto pt dets: 1,120,317,170
END OF create hc sums [771.1/797.1]GB [78.265/78.265/4812.955]s
PT sto loop correction: -0.0000212505 Ha
PT sto correction (eps1= 1.00e-04): -0.0000184018 +- 0.0000016769 Ha
PT sto total energy (eps1= 1.00e-04): -2099.8831969051 +- 0.0000044909 Ha
Correlation energy (eps1= 1.00e-04): -1.7444117652 +- 0.0000044909 Ha
END OF #3 << sto 1.00e-20 << eps_var 1.00e-04 << perturbation [771.1/797.1]GB [163.102/241.367/4976.056]s

BEG OF #4 << sto 1.00e-20 << eps_var 1.00e-04 << perturbation [771.1/797.1]GB [0.001/0.000/4976.057]s
Number of unique variational determinants in sample: 1,039,113
Batch id: 6 / 64
20% 40% 60% 80% 100% 
Number of sto pt dets: 1,120,322,188
END OF create hc sums [771.2/797.2]GB [78.273/78.273/5054.329]s
PT sto loop correction: -0.0000143812 Ha
PT sto correction (eps1= 1.00e-04): -0.0000173966 +- 0.0000015544 Ha
PT sto total energy (eps1= 1.00e-04): -2099.8831959000 +- 0.0000044467 Ha
Correlation energy (eps1= 1.00e-04): -1.7444107601 +- 0.0000044467 Ha
END OF #4 << sto 1.00e-20 << eps_var 1.00e-04 << perturbation [771.2/797.2]GB [164.085/242.357/5218.413]s

BEG OF #5 << sto 1.00e-20 << eps_var 1.00e-04 << perturbation [771.2/797.2]GB [0.001/0.000/5218.414]s
Number of unique variational determinants in sample: 1,041,131
Batch id: 18 / 64
20% 40% 60% 80% 100% 
Number of sto pt dets: 1,122,169,817
END OF create hc sums [771.1/797.1]GB [78.627/78.627/5297.040]s
PT sto loop correction: -0.0000245403 Ha
PT sto correction (eps1= 1.00e-04): -0.0000188254 +- 0.0000018684 Ha
PT sto total energy (eps1= 1.00e-04): -2099.8831973287 +- 0.0000045659 Ha
Correlation energy (eps1= 1.00e-04): -1.7444121888 +- 0.0000045659 Ha
END OF #5 << sto 1.00e-20 << eps_var 1.00e-04 << perturbation [771.2/797.2]GB [164.148/242.774/5461.187]s

BEG OF #6 << sto 1.00e-20 << eps_var 1.00e-04 << perturbation [771.2/797.2]GB [0.001/0.000/5461.188]s
Number of unique variational determinants in sample: 1,039,701
Batch id: 63 / 64
20% 40% 60% 80% 100% 
Number of sto pt dets: 1,120,637,236
END OF create hc sums [771.1/797.1]GB [77.697/77.697/5538.885]s
PT sto loop correction: -0.0000179492 Ha
PT sto correction (eps1= 1.00e-04): -0.0000186793 +- 0.0000015325 Ha
PT sto total energy (eps1= 1.00e-04): -2099.8831971827 +- 0.0000044390 Ha
Correlation energy (eps1= 1.00e-04): -1.7444120428 +- 0.0000044390 Ha
END OF #6 << sto 1.00e-20 << eps_var 1.00e-04 << perturbation [771.1/797.1]GB [163.055/240.751/5701.939]s
END OF sto 1.00e-20 << eps_var 1.00e-04 << perturbation [771.1/797.1]GB [0.016/1489.120/5701.954]s
Total energy: -2099.8831971827 +- 0.0000044390 Ha
END OF eps_var 1.00e-04 << perturbation [770.8/796.8]GB [0.151/3419.674/5702.104]s

BEG OF eps_var 5.00e-05 << perturbation [770.8/796.8]GB [0.001/0.000/5702.105]s
Loaded 13,680,832 dets from: wf_eps1_5.00e-05.dat
Effect dets (without time sym): 27,352,093
----------------------------------------
Excite Lv       # dets         Sum c^2
0                    1      0.04209724
1                  176      0.00011212
2                62132      0.28179958
3               508922      0.00980131
4              3059925      0.40013063
5              4536776      0.02236395
6              8202848      0.19158098
7              4314724      0.01280559
8              4589742      0.03463532
9              1103460      0.00233401
10              832217      0.00217869
11               89958      0.00011942
12               48300      0.00004050
13                1976      0.00000059
14                 936      0.00000008
----------------------------------------
Orbital                        Sum c^2
0                           1.99602203
1                           1.99596311
2                           1.98835869
3                           1.98852043
4                           1.98852043
5                           1.98814998
6                           1.98814998
7                           1.98715330
8                           1.90426518
9                           1.37417833
10                          1.37417833
11                          1.10143743
12                          1.10143743
13                          1.35739903
14                          0.62912244
15                          0.88376987
16                          0.88376987
17                          0.01814342
18                          0.01814342
19                          0.06244148
20                          0.01356060
21                          0.61001713
22                          0.61001713
23                          0.00546938
24                          0.00476349
25                          0.00476349
26                          0.00866900
27                          0.00342975
28                          0.00657838
29                          0.00657838
30                          0.00261908
31                          0.01018312
32                          0.01018312
33                          0.00261947
34                          0.00261947
35                          0.00338719
36                          0.00338719
37                          0.00666634
38                          0.00666634
39                          0.00216834
40                          0.00315829
41                          0.00378265
42                          0.00378265
43                          0.00152313
44                          0.00152313
45                          0.00038500
46                          0.00431610
47                          0.00023769
48                          0.00023769
49                          0.00031705
Sum orbitals c^2: 28.00000000
----------------------------------------
Most important dets:
Excite Lv         Coef      Det (Reordered orb)
2           0.20645012      |  0  1  2  3  4  5  6  7  8  9 10 12 13 15 |  0  1  2  3  4  5  6  7  8  9 10 11 13 16 |
0           0.20517613      |  0  1  2  3  4  5  6  7  8  9 10 11 12 13 |  0  1  2  3  4  5  6  7  8  9 10 11 12 13 |
2          -0.16071143      |  0  1  2  3  4  5  6  7  8  9 10 12 13 16 |  0  1  2  3  4  5  6  7  8  9 10 12 13 16 |
2          -0.16071143      |  0  1  2  3  4  5  6  7  8  9 10 11 13 15 |  0  1  2  3  4  5  6  7  8  9 10 11 13 15 |
2           0.14404857      |  0  1  2  3  4  5  6  7  8  9 10 11 13 14 |  0  1  2  3  4  5  6  7  8  9 10 11 12 15 |
2          -0.14404857      |  0  1  2  3  4  5  6  7  8  9 10 12 13 14 |  0  1  2  3  4  5  6  7  8  9 10 11 12 16 |
2           0.14095755      |  0  1  2  3  4  5  6  7  8  9 11 12 13 16 |  0  1  2  3  4  5  6  7  8  9 10 12 13 21 |
2           0.14095755      |  0  1  2  3  4  5  6  7  8 10 11 12 13 15 |  0  1  2  3  4  5  6  7  8  9 10 11 13 22 |
2          -0.13738431      |  0  1  2  3  4  5  6  7  8 10 11 12 13 16 |  0  1  2  3  4  5  6  7  8  9 10 12 13 22 |
2          -0.13738431      |  0  1  2  3  4  5  6  7  8  9 11 12 13 15 |  0  1  2  3  4  5  6  7  8  9 10 11 13 21 |
4           0.12859586      |  0  1  2  3  4  5  6  7  8  9 10 13 15 16 |  0  1  2  3  4  5  6  7  8  9 10 13 15 16 |
4          -0.11746862      |  0  1  2  3  4  5  6  7  8  9 10 13 14 16 |  0  1  2  3  4  5  6  7  8  9 10 12 15 16 |
4           0.11746862      |  0  1  2  3  4  5  6  7  8  9 10 13 14 15 |  0  1  2  3  4  5  6  7  8  9 10 11 15 16 |
4          -0.11397682      |  0  1  2  3  4  5  6  7  8  9 11 13 15 16 |  0  1  2  3  4  5  6  7  8  9 10 13 15 21 |
4          -0.11397682      |  0  1  2  3  4  5  6  7  8 10 12 13 15 16 |  0  1  2  3  4  5  6  7  8  9 10 13 16 22 |
4           0.11238903      |  0  1  2  3  4  5  6  7  8 10 11 13 15 16 |  0  1  2  3  4  5  6  7  8  9 10 13 15 22 |
4           0.11238903      |  0  1  2  3  4  5  6  7  8  9 12 13 15 16 |  0  1  2  3  4  5  6  7  8  9 10 13 16 21 |
2           0.10180345      |  0  1  2  3  4  5  6  7  8 10 11 12 13 21 |  0  1  2  3  4  5  6  7  8  9 11 12 13 22 |
4          -0.09926230      |  0  1  2  3  4  5  6  7  8  9 10 12 14 15 |  0  1  2  3  4  5  6  7  8  9 10 11 14 16 |
2          -0.09771185      |  0  1  2  3  4  5  6  7  8 10 11 12 13 14 |  0  1  2  3  4  5  6  7  8  9 10 11 12 22 |
----------------------------------------
HF energy: -2098.1387851399 Ha
Variational energy: -2099.8269165740 Ha
Memory total: 3170.3GB
Helper size: 0.1GB
Bytes per det: 32
Memory var: 2.8GB
Memory PT limit: 2216.3GB

BEG OF dtm 2.00e-06 << eps_var 5.00e-05 << perturbation [771.4/797.4]GB [17.935/0.000/5720.039]s
Number of dtm batches: 1
END OF determine number of dtm batches [771.4/797.4]GB [0.796/0.796/5720.835]s

BEG OF #1/1 << dtm 2.00e-06 << eps_var 5.00e-05 << perturbation [771.4/797.4]GB [0.002/0.000/5720.836]s
20% 40% 60% 80% 100% 
Number of dtm pt dets: 4,373,017,843
END OF create hc sums [803.1/829.1]GB [413.056/413.056/6133.892]s
PT dtm batch correction: -0.0563775641 Ha
PT dtm correction (eps1= 5.00e-05): -0.0563775641 +- 0.0000000000 Ha
PT dtm total energy (eps1= 5.00e-05): -2099.8832941382 +- 0.0000000000 Ha
Correlation energy (eps1= 5.00e-05): -1.7445089983 +- 0.0000000000 Ha
END OF #1/1 << dtm 2.00e-06 << eps_var 5.00e-05 << perturbation [803.1/829.1]GB [484.657/897.713/6618.549]s
END OF dtm 2.00e-06 << eps_var 5.00e-05 << perturbation [803.1/829.1]GB [0.017/898.526/6618.565]s

BEG OF psto 1.00e-07 << eps_var 5.00e-05 << perturbation [792.9/818.9]GB [0.104/0.001/6618.668]s
Number of psto batches: 16
END OF determine number of psto batches [797.1/823.1]GB [11.649/11.649/6630.317]s

BEG OF #1/16 << psto 1.00e-07 << eps_var 5.00e-05 << perturbation [797.1/823.1]GB [0.057/0.001/6630.373]s
20% 40% 60% 80% 100% 
Number of psto pt dets: 7,760,844,994
END OF create hc sums [1049.8/1075.8]GB [562.085/562.085/7192.458]s
PT psto batch correction: -0.0004110029 Ha
PT psto correction (eps1= 5.00e-05): -0.0065760461 +- 0.0000032689 Ha
PT psto total energy (eps1= 5.00e-05): -2099.8898701842 +- 0.0000032689 Ha
Correlation energy (eps1= 5.00e-05): -1.7510850443 +- 0.0000032689 Ha
END OF #1/16 << psto 1.00e-07 << eps_var 5.00e-05 << perturbation [1049.8/1075.8]GB [1024.088/1586.173/8216.546]s
END OF psto 1.00e-07 << eps_var 5.00e-05 << perturbation [1049.8/1075.8]GB [0.001/1597.879/8216.546]s

BEG OF sto 1.00e-20 << eps_var 5.00e-05 << perturbation [914.8/940.8]GB [1.196/0.001/8217.742]s
Number of samples chosen: 2,961,466
END OF determine n samples [915.0/941.0]GB [3.938/3.938/8221.679]s

BEG OF #1 << sto 1.00e-20 << eps_var 5.00e-05 << perturbation [915.0/941.0]GB [0.001/0.000/8221.680]s
Number of unique variational determinants in sample: 2,322,796
Batch id: 53 / 64
20% 40% 60% 80% 100% 
Number of sto pt dets: 2,514,397,445
END OF create hc sums [1226.1/1252.1]GB [257.691/257.691/8479.371]s
PT sto loop correction: -0.0000195833 Ha
PT sto correction (eps1= 5.00e-05): -0.0000195833 +- -nan Ha
PT sto total energy (eps1= 5.00e-05): -2099.8898897675 +- -nan Ha
Correlation energy (eps1= 5.00e-05): -1.7511046276 +- -nan Ha
END OF #1 << sto 1.00e-20 << eps_var 5.00e-05 << perturbation [1226.1/1252.1]GB [357.845/615.536/8837.215]s

BEG OF #2 << sto 1.00e-20 << eps_var 5.00e-05 << perturbation [1226.1/1252.1]GB [0.001/0.000/8837.215]s
Number of unique variational determinants in sample: 2,320,874
Batch id: 52 / 64
20% 40% 60% 80% 100% 
Number of sto pt dets: 2,512,129,386
END OF create hc sums [1226.2/1252.2]GB [175.724/175.724/9012.939]s
PT sto loop correction: -0.0000177711 Ha
PT sto correction (eps1= 5.00e-05): -0.0000186772 +- 0.0000009061 Ha
PT sto total energy (eps1= 5.00e-05): -2099.8898888614 +- 0.0000033921 Ha
Correlation energy (eps1= 5.00e-05): -1.7511037215 +- 0.0000033921 Ha
END OF #2 << sto 1.00e-20 << eps_var 5.00e-05 << perturbation [1226.2/1252.2]GB [356.356/532.079/9369.294]s

BEG OF #3 << sto 1.00e-20 << eps_var 5.00e-05 << perturbation [1226.2/1252.2]GB [0.001/0.000/9369.294]s
Number of unique variational determinants in sample: 2,322,935
Batch id: 9 / 64
20% 40% 60% 80% 100% 
Number of sto pt dets: 2,514,153,122
END OF create hc sums [1226.2/1252.2]GB [175.773/175.773/9545.067]s
PT sto loop correction: -0.0000142580 Ha
PT sto correction (eps1= 5.00e-05): -0.0000172041 +- 0.0000015632 Ha
PT sto total energy (eps1= 5.00e-05): -2099.8898873883 +- 0.0000036234 Ha
Correlation energy (eps1= 5.00e-05): -1.7511022484 +- 0.0000036234 Ha
END OF #3 << sto 1.00e-20 << eps_var 5.00e-05 << perturbation [1226.2/1252.2]GB [357.410/533.182/9902.476]s

BEG OF #4 << sto 1.00e-20 << eps_var 5.00e-05 << perturbation [1226.2/1252.2]GB [0.001/0.001/9902.477]s
Number of unique variational determinants in sample: 2,322,058
Batch id: 3 / 64
20% 40% 60% 80% 100% 
Number of sto pt dets: 2,513,444,419
END OF create hc sums [1226.3/1252.3]GB [175.065/175.065/10077.542]s
PT sto loop correction: -0.0000228651 Ha
PT sto correction (eps1= 5.00e-05): -0.0000186194 +- 0.0000017958 Ha
PT sto total energy (eps1= 5.00e-05): -2099.8898888036 +- 0.0000037297 Ha
Correlation energy (eps1= 5.00e-05): -1.7511036637 +- 0.0000037297 Ha
END OF #4 << sto 1.00e-20 << eps_var 5.00e-05 << perturbation [1226.3/1252.3]GB [357.935/533.000/10435.476]s

BEG OF #5 << sto 1.00e-20 << eps_var 5.00e-05 << perturbation [1226.3/1252.3]GB [0.001/0.000/10435.476]s
Number of unique variational determinants in sample: 2,321,998
Batch id: 13 / 64
20% 40% 60% 80% 100% 
Number of sto pt dets: 2,513,434,991
END OF create hc sums [1226.3/1252.3]GB [174.387/174.387/10609.862]s
PT sto loop correction: -0.0000242752 Ha
PT sto correction (eps1= 5.00e-05): -0.0000197505 +- 0.0000017929 Ha
PT sto total energy (eps1= 5.00e-05): -2099.8898899348 +- 0.0000037283 Ha
Correlation energy (eps1= 5.00e-05): -1.7511047949 +- 0.0000037283 Ha
END OF #5 << sto 1.00e-20 << eps_var 5.00e-05 << perturbation [1226.3/1252.3]GB [356.473/530.859/10966.335]s

BEG OF #6 << sto 1.00e-20 << eps_var 5.00e-05 << perturbation [1226.3/1252.3]GB [0.001/0.000/10966.335]s
Number of unique variational determinants in sample: 2,322,373
Batch id: 48 / 64
20% 40% 60% 80% 100% 
Number of sto pt dets: 2,513,350,166
END OF create hc sums [1226.3/1252.3]GB [174.064/174.064/11140.399]s
PT sto loop correction: -0.0000173755 Ha
PT sto correction (eps1= 5.00e-05): -0.0000193547 +- 0.0000015164 Ha
PT sto total energy (eps1= 5.00e-05): -2099.8898895389 +- 0.0000036035 Ha
Correlation energy (eps1= 5.00e-05): -1.7511043990 +- 0.0000036035 Ha
END OF #6 << sto 1.00e-20 << eps_var 5.00e-05 << perturbation [1226.3/1252.3]GB [357.732/531.795/11498.130]s
END OF sto 1.00e-20 << eps_var 5.00e-05 << perturbation [1226.3/1252.3]GB [0.018/3280.406/11498.147]s
Total energy: -2099.8898895389 +- 0.0000036035 Ha
END OF eps_var 5.00e-05 << perturbation [1226.0/1252.0]GB [0.145/5796.187/11498.291]s

BEG OF eps_var 3.00e-05 << perturbation [1226.0/1252.0]GB [0.001/0.000/11498.292]s
Loaded 35,315,221 dets from: wf_eps1_3.00e-05.dat
Effect dets (without time sym): 70,616,329
----------------------------------------
Excite Lv       # dets         Sum c^2
0                    1      0.04611024
1                  182      0.00018164
2                72056      0.28892714
3               995776      0.01112352
4              6689027      0.39192989
5             11997528      0.02424237
6             20716836      0.18414287
7             12707548      0.01380122
8             11504954      0.03426763
9              3378050      0.00267129
10             2093508      0.00238990
11              316312      0.00015836
12              133070      0.00005280
13                9452      0.00000099
14                2029      0.00000014
----------------------------------------
Orbital                        Sum c^2
0                           1.99590032
1                           1.99584377
2                           1.98777696
3                           1.98797795
4                           1.98797795
5                           1.98757905
6                           1.98757905
7                           1.98647295
8                           1.89013762
9                           1.38889428
10                          1.38889428
11                          1.10869238
12                          1.10869238
13                          1.37130543
14                          0.61365396
15                          0.87456239
16                          0.87456239
17                          0.02161620
18                          0.02161620
19                          0.06752943
20                          0.01586060
21                          0.59302811
22                          0.59302811
23                          0.00587625
24                          0.00504925
25                          0.00504925
26                          0.00951366
27                          0.00360666
28                          0.00808305
29                          0.00808305
30                          0.00271547
31                          0.01133654
32                          0.01133654
33                          0.00271897
34                          0.00271897
35                          0.00356498
36                          0.00356498
37                          0.00718949
38                          0.00718949
39                          0.00226144
40                          0.00336200
41                          0.00405917
42                          0.00405917
43                          0.00214663
44                          0.00214663
45                          0.00049437
46                          0.00483163
47                          0.00026778
48                          0.00026778
49                          0.00033150
Sum orbitals c^2: 28.00000000
----------------------------------------
Most important dets:
Excite Lv         Coef      Det (Reordered orb)
0           0.21473295      |  0  1  2  3  4  5  6  7  8  9 10 11 12 13 |  0  1  2  3  4  5  6  7  8  9 10 11 12 13 |
2           0.20653996      |  0  1  2  3  4  5  6  7  8  9 10 12 13 15 |  0  1  2  3  4  5  6  7  8  9 10 11 13 16 |
2          -0.16592376      |  0  1  2  3  4  5  6  7  8  9 10 11 13 15 |  0  1  2  3  4  5  6  7  8  9 10 11 13 15 |
2          -0.16592376      |  0  1  2  3  4  5  6  7  8  9 10 12 13 16 |  0  1  2  3  4  5  6  7  8  9 10 12 13 16 |
2           0.14381266      |  0  1  2  3  4  5  6  7  8  9 10 11 13 14 |  0  1  2  3  4  5  6  7  8  9 10 11 12 15 |
2          -0.14381266      |  0  1  2  3  4  5  6  7  8  9 10 12 13 14 |  0  1  2  3  4  5  6  7  8  9 10 11 12 16 |
2           0.14053909      |  0  1  2  3  4  5  6  7  8  9 11 12 13 16 |  0  1  2  3  4  5  6  7  8  9 10 12 13 21 |
2           0.14053909      |  0  1  2  3  4  5  6  7  8 10 11 12 13 15 |  0  1  2  3  4  5  6  7  8  9 10 11 13 22 |
2          -0.13668091      |  0  1  2  3  4  5  6  7  8  9 11 12 13 15 |  0  1  2  3  4  5  6  7  8  9 10 11 13 21 |
2          -0.13668091      |  0  1  2  3  4  5  6  7  8 10 11 12 13 16 |  0  1  2  3  4  5  6  7  8  9 10 12 13 22 |
4           0.13153016      |  0  1  2  3  4  5  6  7  8  9 10 13 15 16 |  0  1  2  3  4  5  6  7  8  9 10 13 15 16 |
4           0.11559697      |  0  1  2  3  4  5  6  7  8  9 10 13 14 15 |  0  1  2  3  4  5  6  7  8  9 10 11 15 16 |
4          -0.11559697      |  0  1  2  3  4  5  6  7  8  9 10 13 14 16 |  0  1  2  3  4  5  6  7  8  9 10 12 15 16 |
4          -0.11195809      |  0  1  2  3  4  5  6  7  8  9 11 13 15 16 |  0  1  2  3  4  5  6  7  8  9 10 13 15 21 |
4          -0.11195809      |  0  1  2  3  4  5  6  7  8 10 12 13 15 16 |  0  1  2  3  4  5  6  7  8  9 10 13 16 22 |
4           0.11015061      |  0  1  2  3  4  5  6  7  8 10 11 13 15 16 |  0  1  2  3  4  5  6  7  8  9 10 13 15 22 |
4           0.11015061      |  0  1  2  3  4  5  6  7  8  9 12 13 15 16 |  0  1  2  3  4  5  6  7  8  9 10 13 16 21 |
2           0.10093000      |  0  1  2  3  4  5  6  7  8 10 11 12 13 21 |  0  1  2  3  4  5  6  7  8  9 11 12 13 22 |
4          -0.09708086      |  0  1  2  3  4  5  6  7  8  9 10 12 14 15 |  0  1  2  3  4  5  6  7  8  9 10 11 14 16 |
2          -0.09644774      |  0  1  2  3  4  5  6  7  8 10 11 12 13 14 |  0  1  2  3  4  5  6  7  8  9 10 11 12 22 |
----------------------------------------
HF energy: -2098.1387851399 Ha
Variational energy: -2099.8418730490 Ha
Memory total: 3170.3GB
Helper size: 0.1GB
Bytes per det: 32
Memory var: 7.3GB
Memory PT limit: 2211.8GB

BEG OF dtm 2.00e-06 << eps_var 3.00e-05 << perturbation [1232.8/1258.8]GB [43.965/0.000/11542.256]s
Number of dtm batches: 1
END OF determine number of dtm batches [1232.8/1258.8]GB [1.313/1.313/11543.569]s

BEG OF #1/1 << dtm 2.00e-06 << eps_var 3.00e-05 << perturbation [1232.8/1258.8]GB [0.015/0.000/11543.583]s
20% 40% 60% 80% 100% 
Number of dtm pt dets: 4,491,580,046
END OF create hc sums [1330.6/1356.6]GB [595.008/595.008/12138.591]s
PT dtm batch correction: -0.0434201902 Ha
PT dtm correction (eps1= 3.00e-05): -0.0434201902 +- 0.0000000000 Ha
PT dtm total energy (eps1= 3.00e-05): -2099.8852932392 +- 0.0000000000 Ha
Correlation energy (eps1= 3.00e-05): -1.7465080993 +- 0.0000000000 Ha
END OF #1/1 << dtm 2.00e-06 << eps_var 3.00e-05 << perturbation [1330.6/1356.6]GB [459.268/1054.275/12597.858]s
END OF dtm 2.00e-06 << eps_var 3.00e-05 << perturbation [1330.6/1356.6]GB [0.025/1055.626/12597.882]s

BEG OF psto 1.00e-07 << eps_var 3.00e-05 << perturbation [1320.1/1346.1]GB [0.124/0.001/12598.006]s
Number of psto batches: 21
END OF determine number of psto batches [1326.0/1352.0]GB [18.735/18.735/12616.739]s

BEG OF #1/21 << psto 1.00e-07 << eps_var 3.00e-05 << perturbation [1326.0/1352.0]GB [0.057/0.001/12616.796]s
20% 40% 60% 80% 100% 
Number of psto pt dets: 8,546,586,568
END OF create hc sums [1480.7/1506.7]GB [832.933/832.933/13449.728]s
PT psto batch correction: -0.0004139562 Ha
PT psto correction (eps1= 3.00e-05): -0.0086930793 +- 0.0000028912 Ha
PT psto total energy (eps1= 3.00e-05): -2099.8939863185 +- 0.0000028912 Ha
Correlation energy (eps1= 3.00e-05): -1.7552011786 +- 0.0000028912 Ha
END OF #1/21 << psto 1.00e-07 << eps_var 3.00e-05 << perturbation [1480.6/1506.6]GB [1065.841/1898.773/14515.569]s
END OF psto 1.00e-07 << eps_var 3.00e-05 << perturbation [1480.6/1506.6]GB [0.001/1917.565/14515.569]s

BEG OF sto 1.00e-20 << eps_var 3.00e-05 << perturbation [1261.9/1287.9]GB [2.019/0.001/14517.588]s
Number of samples chosen: 2,650,666
END OF determine n samples [1262.1/1288.1]GB [4.182/4.182/14521.769]s

BEG OF #1 << sto 1.00e-20 << eps_var 3.00e-05 << perturbation [1262.1/1288.1]GB [0.001/0.000/14521.769]s
Number of unique variational determinants in sample: 2,312,311
Batch id: 14 / 64
20% 40% 60% 80% 100% 
Number of sto pt dets: 2,674,121,281
END OF create hc sums [1615.9/1641.9]GB [234.552/234.552/14756.321]s
PT sto loop correction: -0.0000042292 Ha
PT sto correction (eps1= 3.00e-05): -0.0000042292 +- -nan Ha
PT sto total energy (eps1= 3.00e-05): -2099.8939905477 +- -nan Ha
Correlation energy (eps1= 3.00e-05): -1.7552054078 +- -nan Ha
END OF #1 << sto 1.00e-20 << eps_var 3.00e-05 << perturbation [1615.9/1641.9]GB [368.469/603.020/15124.790]s

BEG OF #2 << sto 1.00e-20 << eps_var 3.00e-05 << perturbation [1615.9/1641.9]GB [0.001/0.000/15124.790]s
Number of unique variational determinants in sample: 2,312,438
Batch id: 17 / 64
20% 40% 60% 80% 100% 
Number of sto pt dets: 2,674,461,223
END OF create hc sums [1615.9/1641.9]GB [176.054/176.054/15300.844]s
PT sto loop correction: -0.0000021608 Ha
PT sto correction (eps1= 3.00e-05): -0.0000031950 +- 0.0000010342 Ha
PT sto total energy (eps1= 3.00e-05): -2099.8939895135 +- 0.0000030706 Ha
Correlation energy (eps1= 3.00e-05): -1.7552043736 +- 0.0000030706 Ha
END OF #2 << sto 1.00e-20 << eps_var 3.00e-05 << perturbation [1615.9/1641.9]GB [369.572/545.625/15670.415]s

BEG OF #3 << sto 1.00e-20 << eps_var 3.00e-05 << perturbation [1615.9/1641.9]GB [0.001/0.001/15670.416]s
Number of unique variational determinants in sample: 2,312,397
Batch id: 44 / 64
20% 40% 60% 80% 100% 
Number of sto pt dets: 2,673,847,948
END OF create hc sums [1616.0/1642.0]GB [175.812/175.812/15846.227]s
PT sto loop correction: -0.0000013541 Ha
PT sto correction (eps1= 3.00e-05): -0.0000025814 +- 0.0000008562 Ha
PT sto total energy (eps1= 3.00e-05): -2099.8939888999 +- 0.0000030153 Ha
Correlation energy (eps1= 3.00e-05): -1.7552037600 +- 0.0000030153 Ha
END OF #3 << sto 1.00e-20 << eps_var 3.00e-05 << perturbation [1616.0/1642.0]GB [368.268/544.079/16214.494]s

BEG OF #4 << sto 1.00e-20 << eps_var 3.00e-05 << perturbation [1616.0/1642.0]GB [0.001/0.000/16214.494]s
Number of unique variational determinants in sample: 2,311,140
Batch id: 0 / 64
20% 40% 60% 80% 100% 
Number of sto pt dets: 2,672,518,268
END OF create hc sums [1616.0/1642.0]GB [174.780/174.780/16389.274]s
PT sto loop correction: 0.0000112540 Ha
PT sto correction (eps1= 3.00e-05): 0.0000008775 +- 0.0000035114 Ha
PT sto total energy (eps1= 3.00e-05): -2099.8939854410 +- 0.0000045485 Ha
Correlation energy (eps1= 3.00e-05): -1.7552003011 +- 0.0000045485 Ha
END OF #4 << sto 1.00e-20 << eps_var 3.00e-05 << perturbation [1616.0/1642.0]GB [368.711/543.490/16757.984]s

BEG OF #5 << sto 1.00e-20 << eps_var 3.00e-05 << perturbation [1616.0/1642.0]GB [0.001/0.000/16757.984]s
Number of unique variational determinants in sample: 2,312,018
Batch id: 56 / 64
20% 40% 60% 80% 100% 
Number of sto pt dets: 2,673,597,541
END OF create hc sums [1616.1/1642.1]GB [174.739/174.739/16932.723]s
PT sto loop correction: -0.0000001744 Ha
PT sto correction (eps1= 3.00e-05): 0.0000006671 +- 0.0000027281 Ha
PT sto total energy (eps1= 3.00e-05): -2099.8939856514 +- 0.0000039751 Ha
Correlation energy (eps1= 3.00e-05): -1.7552005115 +- 0.0000039751 Ha
END OF #5 << sto 1.00e-20 << eps_var 3.00e-05 << perturbation [1616.1/1642.1]GB [370.088/544.827/17302.811]s

BEG OF #6 << sto 1.00e-20 << eps_var 3.00e-05 << perturbation [1616.1/1642.1]GB [0.001/0.000/17302.811]s
Number of unique variational determinants in sample: 2,312,097
Batch id: 45 / 64
20% 40% 60% 80% 100% 
Number of sto pt dets: 2,674,024,423
END OF create hc sums [1616.1/1642.1]GB [175.222/175.222/17478.033]s
PT sto loop correction: -0.0000034966 Ha
PT sto correction (eps1= 3.00e-05): -0.0000000269 +- 0.0000023330 Ha
PT sto total energy (eps1= 3.00e-05): -2099.8939863453 +- 0.0000037151 Ha
Correlation energy (eps1= 3.00e-05): -1.7552012054 +- 0.0000037151 Ha
END OF #6 << sto 1.00e-20 << eps_var 3.00e-05 << perturbation [1616.1/1642.1]GB [368.517/543.739/17846.549]s
END OF sto 1.00e-20 << eps_var 3.00e-05 << perturbation [1616.1/1642.1]GB [0.001/3328.962/17846.550]s
Total energy: -2099.8939863453 +- 0.0000037151 Ha
END OF eps_var 3.00e-05 << perturbation [1615.6/1641.6]GB [0.206/6348.465/17846.756]s

BEG OF eps_var 2.00e-05 << perturbation [1615.6/1641.6]GB [0.001/0.000/17846.756]s
Loaded 73,888,592 dets from: wf_eps1_2.00e-05.dat
Effect dets (without time sym): 147,757,204
----------------------------------------
Excite Lv       # dets         Sum c^2
0                    1      0.04593143
1                  188      0.00022844
2                77422      0.28817249
3              1555374      0.01192811
4             11744780      0.38977387
5             24123132      0.02596322
6             42181540      0.18292762
7             29310784      0.01487919
8             24872231      0.03449785
9              8235312      0.00294147
10             4519193      0.00251217
11              826700      0.00018220
12              280899      0.00006039
13               25856      0.00000136
14                3792      0.00000017
----------------------------------------
Orbital                        Sum c^2
0                           1.99577728
1                           1.99571986
2                           1.98727229
3                           1.98750232
4                           1.98750232
5                           1.98709177
6                           1.98709177
7                           1.98591822
8                           1.88134107
9                           1.38983078
10                          1.38983078
11                          1.10978150
12                          1.10978150
13                          1.37224235
14                          0.61125553
15                          0.87182329
16                          0.87182329
17                          0.02408161
18                          0.02408161
19                          0.06911843
20                          0.01765527
21                          0.59047371
22                          0.59047371
23                          0.00624952
24                          0.00533117
25                          0.00533117
26                          0.01010200
27                          0.00375155
28                          0.00941124
29                          0.00941124
30                          0.00280939
31                          0.01215964
32                          0.01215964
33                          0.00281801
34                          0.00281801
35                          0.00371302
36                          0.00371302
37                          0.00759130
38                          0.00759130
39                          0.00236440
40                          0.00357861
41                          0.00440850
42                          0.00440850
43                          0.00274870
44                          0.00274870
45                          0.00060859
46                          0.00514185
47                          0.00030760
48                          0.00030760
49                          0.00034985
Sum orbitals c^2: 28.00000000
----------------------------------------
Most important dets:
Excite Lv         Coef      Det (Reordered orb)
0           0.21431618      |  0  1  2  3  4  5  6  7  8  9 10 11 12 13 |  0  1  2  3  4  5  6  7  8  9 10 11 12 13 |
2           0.20458027      |  0  1  2  3  4  5  6  7  8  9 10 12 13 15 |  0  1  2  3  4  5  6  7  8  9 10 11 13 16 |
2          -0.16555333      |  0  1  2  3  4  5  6  7  8  9 10 11 13 15 |  0  1  2  3  4  5  6  7  8  9 10 11 13 15 |
2          -0.16555333      |  0  1  2  3  4  5  6  7  8  9 10 12 13 16 |  0  1  2  3  4  5  6  7  8  9 10 12 13 16 |
2           0.14326154      |  0  1  2  3  4  5  6  7  8  9 10 11 13 14 |  0  1  2  3  4  5  6  7  8  9 10 11 12 15 |
2          -0.14326154      |  0  1  2  3  4  5  6  7  8  9 10 12 13 14 |  0  1  2  3  4  5  6  7  8  9 10 11 12 16 |
2           0.14004927      |  0  1  2  3  4  5  6  7  8 10 11 12 13 15 |  0  1  2  3  4  5  6  7  8  9 10 11 13 22 |
2           0.14004927      |  0  1  2  3  4  5  6  7  8  9 11 12 13 16 |  0  1  2  3  4  5  6  7  8  9 10 12 13 21 |
2          -0.13635201      |  0  1  2  3  4  5  6  7  8  9 11 12 13 15 |  0  1  2  3  4  5  6  7  8  9 10 11 13 21 |
2          -0.13635201      |  0  1  2  3  4  5  6  7  8 10 11 12 13 16 |  0  1  2  3  4  5  6  7  8  9 10 12 13 22 |
4           0.13110542      |  0  1  2  3  4  5  6  7  8  9 10 13 15 16 |  0  1  2  3  4  5  6  7  8  9 10 13 15 16 |
4          -0.11478276      |  0  1  2  3  4  5  6  7  8  9 10 13 14 16 |  0  1  2  3  4  5  6  7  8  9 10 12 15 16 |
4           0.11478276      |  0  1  2  3  4  5  6  7  8  9 10 13 14 15 |  0  1  2  3  4  5  6  7  8  9 10 11 15 16 |
4          -0.11121493      |  0  1  2  3  4  5  6  7  8 10 12 13 15 16 |  0  1  2  3  4  5  6  7  8  9 10 13 16 22 |
4          -0.11121493      |  0  1  2  3  4  5  6  7  8  9 11 13 15 16 |  0  1  2  3  4  5  6  7  8  9 10 13 15 21 |
4           0.10943605      |  0  1  2  3  4  5  6  7  8 10 11 13 15 16 |  0  1  2  3  4  5  6  7  8  9 10 13 15 22 |
4           0.10943605      |  0  1  2  3  4  5  6  7  8  9 12 13 15 16 |  0  1  2  3  4  5  6  7  8  9 10 13 16 21 |
2           0.10079517      |  0  1  2  3  4  5  6  7  8 10 11 12 13 21 |  0  1  2  3  4  5  6  7  8  9 11 12 13 22 |
2           0.09647794      |  0  1  2  3  4  5  6  7  8  9 11 12 13 14 |  0  1  2  3  4  5  6  7  8  9 10 11 12 21 |
2          -0.09647794      |  0  1  2  3  4  5  6  7  8 10 11 12 13 14 |  0  1  2  3  4  5  6  7  8  9 10 11 12 22 |
----------------------------------------
HF energy: -2098.1387851399 Ha
Variational energy: -2099.8532237337 Ha
Memory total: 3170.3GB
Helper size: 0.1GB
Bytes per det: 32
Memory var: 15.4GB
Memory PT limit: 2203.8GB

BEG OF dtm 2.00e-06 << eps_var 2.00e-05 << perturbation [25.8/51.8]GB [92.515/0.000/17939.271]s
Number of dtm batches: 1
END OF determine number of dtm batches [25.9/51.9]GB [2.163/2.163/17941.434]s

BEG OF #1/1 << dtm 2.00e-06 << eps_var 2.00e-05 << perturbation [25.9/51.9]GB [0.002/0.000/17941.435]s
20% 40% 60% 80% 100% 
Number of dtm pt dets: 4,547,423,951
END OF create hc sums [695.7/721.7]GB [900.387/900.387/18841.822]s
PT dtm batch correction: -0.0331187503 Ha
PT dtm correction (eps1= 2.00e-05): -0.0331187503 +- 0.0000000000 Ha
PT dtm total energy (eps1= 2.00e-05): -2099.8863424840 +- 0.0000000000 Ha
Correlation energy (eps1= 2.00e-05): -1.7475573441 +- 0.0000000000 Ha
END OF #1/1 << dtm 2.00e-06 << eps_var 2.00e-05 << perturbation [695.7/721.7]GB [450.776/1351.162/19292.597]s
END OF dtm 2.00e-06 << eps_var 2.00e-05 << perturbation [695.7/721.7]GB [0.004/1353.330/19292.601]s

BEG OF psto 1.00e-07 << eps_var 2.00e-05 << perturbation [681.8/707.8]GB [0.186/0.001/19292.786]s
Number of psto batches: 28
END OF determine number of psto batches [688.5/714.5]GB [26.486/26.486/19319.271]s

BEG OF #1/28 << psto 1.00e-07 << eps_var 2.00e-05 << perturbation [688.5/714.5]GB [0.071/0.001/19319.341]s
20% 40% 60% 80% 100% 
Number of psto pt dets: 7,987,594,075
END OF create hc sums [1486.4/1512.4]GB [870.397/870.397/20189.737]s
PT psto batch correction: -0.0003768414 Ha
PT psto correction (eps1= 2.00e-05): -0.0105515595 +- 0.0000025099 Ha
PT psto total energy (eps1= 2.00e-05): -2099.8968940435 +- 0.0000025099 Ha
Correlation energy (eps1= 2.00e-05): -1.7581089036 +- 0.0000025099 Ha
END OF #1/28 << psto 1.00e-07 << eps_var 2.00e-05 << perturbation [1486.4/1512.4]GB [942.547/1812.944/21132.284]s
END OF psto 1.00e-07 << eps_var 2.00e-05 << perturbation [1486.4/1512.4]GB [0.001/1839.500/21132.285]s

BEG OF sto 1.00e-20 << eps_var 2.00e-05 << perturbation [1433.8/1459.8]GB [2.169/0.001/21134.453]s
Number of samples chosen: 2,526,992
END OF determine n samples [1434.0/1460.0]GB [3.819/3.819/21138.272]s

BEG OF #1 << sto 1.00e-20 << eps_var 2.00e-05 << perturbation [1434.0/1460.0]GB [0.001/0.000/21138.272]s
Number of unique variational determinants in sample: 2,313,431
Batch id: 61 / 64
20% 40% 60% 80% 100% 
Number of sto pt dets: 2,781,831,999
END OF create hc sums [1591.5/1617.5]GB [240.043/240.043/21378.315]s
PT sto loop correction: -0.0000091971 Ha
PT sto correction (eps1= 2.00e-05): -0.0000091971 +- -nan Ha
PT sto total energy (eps1= 2.00e-05): -2099.8969032406 +- -nan Ha
Correlation energy (eps1= 2.00e-05): -1.7581181007 +- -nan Ha
END OF #1 << sto 1.00e-20 << eps_var 2.00e-05 << perturbation [1591.5/1617.5]GB [371.107/611.149/21749.421]s

BEG OF #2 << sto 1.00e-20 << eps_var 2.00e-05 << perturbation [1591.5/1617.5]GB [0.002/0.000/21749.421]s
Number of unique variational determinants in sample: 2,313,483
Batch id: 9 / 64
20% 40% 60% 80% 100% 
Number of sto pt dets: 2,781,953,716
END OF create hc sums [1591.4/1617.4]GB [176.496/176.496/21925.917]s
PT sto loop correction: 0.0000053762 Ha
PT sto correction (eps1= 2.00e-05): -0.0000019104 +- 0.0000072866 Ha
PT sto total energy (eps1= 2.00e-05): -2099.8968959539 +- 0.0000077068 Ha
Correlation energy (eps1= 2.00e-05): -1.7581108140 +- 0.0000077068 Ha
END OF #2 << sto 1.00e-20 << eps_var 2.00e-05 << perturbation [1591.5/1617.5]GB [369.562/546.057/22295.478]s

BEG OF #3 << sto 1.00e-20 << eps_var 2.00e-05 << perturbation [1591.5/1617.5]GB [0.001/0.000/22295.478]s
Number of unique variational determinants in sample: 2,313,318
Batch id: 35 / 64
20% 40% 60% 80% 100% 
Number of sto pt dets: 2,781,237,511
END OF create hc sums [1591.5/1617.5]GB [176.100/176.100/22471.578]s
PT sto loop correction: 0.0000045906 Ha
PT sto correction (eps1= 2.00e-05): 0.0000002566 +- 0.0000047323 Ha
PT sto total energy (eps1= 2.00e-05): -2099.8968937869 +- 0.0000053567 Ha
Correlation energy (eps1= 2.00e-05): -1.7581086470 +- 0.0000053567 Ha
END OF #3 << sto 1.00e-20 << eps_var 2.00e-05 << perturbation [1591.5/1617.5]GB [370.773/546.872/22842.350]s

BEG OF #4 << sto 1.00e-20 << eps_var 2.00e-05 << perturbation [1591.5/1617.5]GB [0.001/0.000/22842.350]s
Number of unique variational determinants in sample: 2,313,695
Batch id: 37 / 64
20% 40% 60% 80% 100% 
Number of sto pt dets: 2,782,823,587
END OF create hc sums [1591.6/1617.6]GB [175.933/175.933/23018.283]s
PT sto loop correction: 0.0000186462 Ha
PT sto correction (eps1= 2.00e-05): 0.0000048540 +- 0.0000056862 Ha
PT sto total energy (eps1= 2.00e-05): -2099.8968891895 +- 0.0000062155 Ha
Correlation energy (eps1= 2.00e-05): -1.7581040496 +- 0.0000062155 Ha
END OF #4 << sto 1.00e-20 << eps_var 2.00e-05 << perturbation [1591.6/1617.6]GB [371.171/547.103/23389.453]s

BEG OF #5 << sto 1.00e-20 << eps_var 2.00e-05 << perturbation [1591.6/1617.6]GB [0.001/0.000/23389.454]s
Number of unique variational determinants in sample: 2,313,018
Batch id: 2 / 64
20% 40% 60% 80% 100% 
Number of sto pt dets: 2,781,385,959
END OF create hc sums [1591.6/1617.6]GB [175.457/175.457/23564.910]s
PT sto loop correction: 0.0000138628 Ha
PT sto correction (eps1= 2.00e-05): 0.0000066558 +- 0.0000047588 Ha
PT sto total energy (eps1= 2.00e-05): -2099.8968873877 +- 0.0000053801 Ha
Correlation energy (eps1= 2.00e-05): -1.7581022478 +- 0.0000053801 Ha
END OF #5 << sto 1.00e-20 << eps_var 2.00e-05 << perturbation [1591.7/1617.7]GB [370.751/546.207/23935.660]s

BEG OF #6 << sto 1.00e-20 << eps_var 2.00e-05 << perturbation [1591.7/1617.7]GB [0.001/0.000/23935.660]s
Number of unique variational determinants in sample: 2,313,599
Batch id: 51 / 64
20% 40% 60% 80% 100% 
Number of sto pt dets: 2,782,234,798
END OF create hc sums [1591.7/1617.7]GB [175.468/175.468/24111.128]s
PT sto loop correction: 0.0000025264 Ha
PT sto correction (eps1= 2.00e-05): 0.0000059675 +- 0.0000039460 Ha
PT sto total energy (eps1= 2.00e-05): -2099.8968880760 +- 0.0000046766 Ha
Correlation energy (eps1= 2.00e-05): -1.7581029360 +- 0.0000046766 Ha
END OF #6 << sto 1.00e-20 << eps_var 2.00e-05 << perturbation [1591.7/1617.7]GB [370.137/545.604/24481.264]s
END OF sto 1.00e-20 << eps_var 2.00e-05 << perturbation [1591.7/1617.7]GB [0.014/3346.826/24481.278]s
Total energy: -2099.8968880760 +- 0.0000046766 Ha
END OF eps_var 2.00e-05 << perturbation [1590.7/1616.7]GB [0.144/6634.665/24481.421]s

BEG OF eps_var 1.00e-05 << perturbation [1590.7/1616.7]GB [0.001/0.000/24481.421]s
Loaded 252,268,943 dets from: wf_eps1_1.00e-05.dat
Effect dets (without time sym): 504,499,151
----------------------------------------
Excite Lv       # dets         Sum c^2
0                    1      0.04312316
1                  192      0.00027853
2                83784      0.28092305
3              2952328      0.01287236
4             28215116      0.38947623
5             70331902      0.02893274
6            134013935      0.18542273
7            113652652      0.01707000
8             95443810      0.03548081
9             36828980      0.00344926
10            18075727      0.00268156
11             3642454      0.00021803
12             1136742      0.00006940
13              104122      0.00000190
14               17406      0.00000023
----------------------------------------
Orbital                        Sum c^2
0                           1.99552713
1                           1.99546269
2                           1.98644655
3                           1.98669369
4                           1.98669369
5                           1.98628007
6                           1.98628007
7                           1.98503895
8                           1.86944757
9                           1.38117004
10                          1.38117004
11                          1.10763834
12                          1.10763834
13                          1.36421152
14                          0.61670949
15                          0.87130205
16                          0.87130205
17                          0.02728085
18                          0.02728085
19                          0.07120668
20                          0.02035680
21                          0.59658194
22                          0.59658194
23                          0.00687564
24                          0.00584127
25                          0.00584127
26                          0.01088462
27                          0.00398328
28                          0.01139948
29                          0.01139948
30                          0.00297437
31                          0.01328853
32                          0.01328853
33                          0.00298898
34                          0.00298898
35                          0.00394187
36                          0.00394187
37                          0.00817205
38                          0.00817205
39                          0.00258709
40                          0.00403893
41                          0.00524195
42                          0.00524195
43                          0.00363424
44                          0.00363424
45                          0.00083847
46                          0.00566445
47                          0.00043672
48                          0.00043672
49                          0.00040154
Sum orbitals c^2: 28.00000000
----------------------------------------
Most important dets:
Excite Lv         Coef      Det (Reordered orb)
0           0.20766116      |  0  1  2  3  4  5  6  7  8  9 10 11 12 13 |  0  1  2  3  4  5  6  7  8  9 10 11 12 13 |
2           0.19995745      |  0  1  2  3  4  5  6  7  8  9 10 12 13 15 |  0  1  2  3  4  5  6  7  8  9 10 11 13 16 |
2          -0.16094311      |  0  1  2  3  4  5  6  7  8  9 10 11 13 15 |  0  1  2  3  4  5  6  7  8  9 10 11 13 15 |
2          -0.16094311      |  0  1  2  3  4  5  6  7  8  9 10 12 13 16 |  0  1  2  3  4  5  6  7  8  9 10 12 13 16 |
2          -0.14197221      |  0  1  2  3  4  5  6  7  8  9 10 12 13 14 |  0  1  2  3  4  5  6  7  8  9 10 11 12 16 |
2           0.14197221      |  0  1  2  3  4  5  6  7  8  9 10 11 13 14 |  0  1  2  3  4  5  6  7  8  9 10 11 12 15 |
2           0.13889890      |  0  1  2  3  4  5  6  7  8 10 11 12 13 15 |  0  1  2  3  4  5  6  7  8  9 10 11 13 22 |
2           0.13889890      |  0  1  2  3  4  5  6  7  8  9 11 12 13 16 |  0  1  2  3  4  5  6  7  8  9 10 12 13 21 |
2          -0.13576575      |  0  1  2  3  4  5  6  7  8 10 11 12 13 16 |  0  1  2  3  4  5  6  7  8  9 10 12 13 22 |
2          -0.13576575      |  0  1  2  3  4  5  6  7  8  9 11 12 13 15 |  0  1  2  3  4  5  6  7  8  9 10 11 13 21 |
4           0.12756365      |  0  1  2  3  4  5  6  7  8  9 10 13 15 16 |  0  1  2  3  4  5  6  7  8  9 10 13 15 16 |
4           0.11383370      |  0  1  2  3  4  5  6  7  8  9 10 13 14 15 |  0  1  2  3  4  5  6  7  8  9 10 11 15 16 |
4          -0.11383370      |  0  1  2  3  4  5  6  7  8  9 10 13 14 16 |  0  1  2  3  4  5  6  7  8  9 10 12 15 16 |
4          -0.11039730      |  0  1  2  3  4  5  6  7  8  9 11 13 15 16 |  0  1  2  3  4  5  6  7  8  9 10 13 15 21 |
4          -0.11039730      |  0  1  2  3  4  5  6  7  8 10 12 13 15 16 |  0  1  2  3  4  5  6  7  8  9 10 13 16 22 |
4           0.10893185      |  0  1  2  3  4  5  6  7  8 10 11 13 15 16 |  0  1  2  3  4  5  6  7  8  9 10 13 15 22 |
4           0.10893185      |  0  1  2  3  4  5  6  7  8  9 12 13 15 16 |  0  1  2  3  4  5  6  7  8  9 10 13 16 21 |
2           0.10087693      |  0  1  2  3  4  5  6  7  8 10 11 12 13 21 |  0  1  2  3  4  5  6  7  8  9 11 12 13 22 |
2          -0.09724092      |  0  1  2  3  4  5  6  7  8 10 11 12 13 14 |  0  1  2  3  4  5  6  7  8  9 10 11 12 22 |
2           0.09724092      |  0  1  2  3  4  5  6  7  8  9 11 12 13 14 |  0  1  2  3  4  5  6  7  8  9 10 11 12 21 |
----------------------------------------
HF energy: -2098.1387851399 Ha
Variational energy: -2099.8702640638 Ha
Memory total: 3170.3GB
Helper size: 0.1GB
Bytes per det: 32
Memory var: 52.5GB
Memory PT limit: 2166.7GB

BEG OF dtm 2.00e-06 << eps_var 1.00e-05 << perturbation [88.7/114.7]GB [301.999/0.000/24783.420]s
Number of dtm batches: 1
END OF determine number of dtm batches [88.8/114.8]GB [5.771/5.771/24789.191]s

BEG OF #1/1 << dtm 2.00e-06 << eps_var 1.00e-05 << perturbation [88.8/114.8]GB [0.001/0.000/24789.192]s
20% 40% 60% 80% 100% 
Number of dtm pt dets: 4,478,690,217
END OF create hc sums [762.1/788.1]GB [2549.790/2549.790/27338.982]s
PT dtm batch correction: -0.0177467576 Ha
PT dtm correction (eps1= 1.00e-05): -0.0177467576 +- 0.0000000000 Ha
PT dtm total energy (eps1= 1.00e-05): -2099.8880108213 +- 0.0000000000 Ha
Correlation energy (eps1= 1.00e-05): -1.7492256814 +- 0.0000000000 Ha
END OF #1/1 << dtm 2.00e-06 << eps_var 1.00e-05 << perturbation [762.1/788.1]GB [398.433/2948.222/27737.414]s
END OF dtm 2.00e-06 << eps_var 1.00e-05 << perturbation [762.1/788.1]GB [0.002/2953.994/27737.414]s

BEG OF psto 1.00e-07 << eps_var 1.00e-05 << perturbation [743.9/769.9]GB [0.213/0.001/27737.627]s
Number of psto batches: 40
END OF determine number of psto batches [755.3/781.3]GB [40.370/40.370/27777.997]s

BEG OF #1/40 << psto 1.00e-07 << eps_var 1.00e-05 << perturbation [755.3/781.3]GB [0.124/0.001/27778.121]s
20% 40% 60% 80% 100% 
Number of psto pt dets: 7,232,350,667
END OF create hc sums [1391.8/1417.8]GB [1197.876/1197.876/28975.996]s
PT psto batch correction: -0.0003245288 Ha
PT psto correction (eps1= 1.00e-05): -0.0129811503 +- 0.0000018167 Ha
PT psto total energy (eps1= 1.00e-05): -2099.9009919716 +- 0.0000018167 Ha
Correlation energy (eps1= 1.00e-05): -1.7622068317 +- 0.0000018167 Ha
END OF #1/40 << psto 1.00e-07 << eps_var 1.00e-05 << perturbation [1391.8/1417.8]GB [784.623/1982.499/29760.619]s
END OF psto 1.00e-07 << eps_var 1.00e-05 << perturbation [1391.8/1417.8]GB [0.001/2022.992/29760.619]s

BEG OF sto 1.00e-20 << eps_var 1.00e-05 << perturbation [1352.2/1378.2]GB [5.322/0.001/29765.940]s
Number of samples chosen: 2,381,753
END OF determine n samples [1352.5/1378.5]GB [4.644/4.644/29770.584]s

BEG OF #1 << sto 1.00e-20 << eps_var 1.00e-05 << perturbation [1352.5/1378.5]GB [0.001/0.000/29770.584]s
Number of unique variational determinants in sample: 2,284,158
Batch id: 6 / 64
20% 40% 60% 80% 100% 
Number of sto pt dets: 2,880,302,031
END OF create hc sums [1502.5/1528.5]GB [239.453/239.453/30010.037]s
PT sto loop correction: -0.0002878321 Ha
PT sto correction (eps1= 1.00e-05): -0.0002878321 +- -nan Ha
PT sto total energy (eps1= 1.00e-05): -2099.9012798037 +- -nan Ha
Correlation energy (eps1= 1.00e-05): -1.7624946638 +- -nan Ha
END OF #1 << sto 1.00e-20 << eps_var 1.00e-05 << perturbation [1502.4/1528.4]GB [367.166/606.617/30377.201]s

BEG OF #2 << sto 1.00e-20 << eps_var 1.00e-05 << perturbation [1502.4/1528.4]GB [0.001/0.000/30377.202]s
Number of unique variational determinants in sample: 2,285,580
Batch id: 26 / 64
20% 40% 60% 80% 100% 
Number of sto pt dets: 2,882,425,023
END OF create hc sums [1502.5/1528.5]GB [180.188/180.188/30557.389]s
PT sto loop correction: -0.0003155172 Ha
PT sto correction (eps1= 1.00e-05): -0.0003016747 +- 0.0000138425 Ha
PT sto total energy (eps1= 1.00e-05): -2099.9012936462 +- 0.0000139613 Ha
Correlation energy (eps1= 1.00e-05): -1.7625085063 +- 0.0000139613 Ha
END OF #2 << sto 1.00e-20 << eps_var 1.00e-05 << perturbation [1502.5/1528.5]GB [367.510/547.697/30924.898]s

BEG OF #3 << sto 1.00e-20 << eps_var 1.00e-05 << perturbation [1502.5/1528.5]GB [0.001/0.000/30924.899]s
Number of unique variational determinants in sample: 2,284,784
Batch id: 18 / 64
20% 40% 60% 80% 100% 
Number of sto pt dets: 2,881,034,734
END OF create hc sums [1502.5/1528.5]GB [175.070/175.070/31099.969]s
PT sto loop correction: -0.0002727420 Ha
PT sto correction (eps1= 1.00e-05): -0.0002920304 +- 0.0000125253 Ha
PT sto total energy (eps1= 1.00e-05): -2099.9012840020 +- 0.0000126564 Ha
Correlation energy (eps1= 1.00e-05): -1.7624988621 +- 0.0000126564 Ha
END OF #3 << sto 1.00e-20 << eps_var 1.00e-05 << perturbation [1502.6/1528.6]GB [367.206/542.276/31467.174]s

BEG OF #4 << sto 1.00e-20 << eps_var 1.00e-05 << perturbation [1502.6/1528.6]GB [0.001/0.000/31467.174]s
Number of unique variational determinants in sample: 2,284,752
Batch id: 59 / 64
20% 40% 60% 80% 100% 
Number of sto pt dets: 2,880,724,293
END OF create hc sums [1502.6/1528.6]GB [176.462/176.462/31643.636]s
PT sto loop correction: -0.0002627595 Ha
PT sto correction (eps1= 1.00e-05): -0.0002847127 +- 0.0000114887 Ha
PT sto total energy (eps1= 1.00e-05): -2099.9012766843 +- 0.0000116315 Ha
Correlation energy (eps1= 1.00e-05): -1.7624915444 +- 0.0000116315 Ha
END OF #4 << sto 1.00e-20 << eps_var 1.00e-05 << perturbation [1502.6/1528.6]GB [367.243/543.703/32010.877]s

BEG OF #5 << sto 1.00e-20 << eps_var 1.00e-05 << perturbation [1502.6/1528.6]GB [0.002/0.000/32010.878]s
Number of unique variational determinants in sample: 2,285,367
Batch id: 61 / 64
20% 40% 60% 80% 100% 
Number of sto pt dets: 2,882,148,339
END OF create hc sums [1502.6/1528.6]GB [176.665/176.665/32187.543]s
PT sto loop correction: -0.0003004735 Ha
PT sto correction (eps1= 1.00e-05): -0.0002878649 +- 0.0000094409 Ha
PT sto total energy (eps1= 1.00e-05): -2099.9012798364 +- 0.0000096141 Ha
Correlation energy (eps1= 1.00e-05): -1.7624946965 +- 0.0000096141 Ha
END OF #5 << sto 1.00e-20 << eps_var 1.00e-05 << perturbation [1502.6/1528.6]GB [366.609/543.274/32554.151]s

BEG OF #6 << sto 1.00e-20 << eps_var 1.00e-05 << perturbation [1502.6/1528.6]GB [0.001/0.000/32554.152]s
Number of unique variational determinants in sample: 2,284,487
Batch id: 48 / 64
20% 40% 60% 80% 100% 
Number of sto pt dets: 2,880,355,574
END OF create hc sums [1502.6/1528.6]GB [174.112/174.112/32728.264]s
PT sto loop correction: -0.0002946892 Ha
PT sto correction (eps1= 1.00e-05): -0.0002890022 +- 0.0000077919 Ha
PT sto total energy (eps1= 1.00e-05): -2099.9012809738 +- 0.0000080009 Ha
Correlation energy (eps1= 1.00e-05): -1.7624958339 +- 0.0000080009 Ha
END OF #6 << sto 1.00e-20 << eps_var 1.00e-05 << perturbation [1502.7/1528.7]GB [366.948/541.059/33095.211]s
END OF sto 1.00e-20 << eps_var 1.00e-05 << perturbation [1502.7/1528.7]GB [0.014/3329.285/33095.225]s
Total energy: -2099.9012809738 +- 0.0000080009 Ha
END OF eps_var 1.00e-05 << perturbation [1501.6/1527.6]GB [0.108/8613.911/33095.332]s

BEG OF eps_var 5.00e-06 << perturbation [1501.6/1527.6]GB [0.001/0.000/33095.332]s
Loaded 770,066,951 dets from: wf_eps1_5.00e-06.dat
Effect dets (without time sym): 1,540,062,514
----------------------------------------
Excite Lv       # dets         Sum c^2
0                    1      0.04077664
1                  192      0.00031081
2                87120      0.27312591
3              4929956      0.01341852
4             60134355      0.38901249
5            176128938      0.03118020
6            371675813      0.18916774
7            366612702      0.01901985
8            325124456      0.03684194
9            147568882      0.00395042
10            67627317      0.00286187
11            15571678      0.00025361
12             4117687      0.00007731
13              413304      0.00000239
14               70113      0.00000030
----------------------------------------
Orbital                        Sum c^2
0                           1.99527801
1                           1.99520709
2                           1.98581977
3                           1.98606138
4                           1.98606138
5                           1.98564638
6                           1.98564638
7                           1.98438963
8                           1.85758301
9                           1.37164437
10                          1.37164437
11                          1.10520027
12                          1.10520027
13                          1.35504246
14                          0.62373766
15                          0.87168161
16                          0.87168161
17                          0.02928545
18                          0.02928545
19                          0.07647237
20                          0.02230664
21                          0.60392716
22                          0.60392716
23                          0.00737036
24                          0.00626075
25                          0.00626075
26                          0.01149346
27                          0.00416246
28                          0.01277346
29                          0.01277346
30                          0.00310512
31                          0.01407169
32                          0.01407169
33                          0.00311949
34                          0.00311949
35                          0.00411067
36                          0.00411067
37                          0.00858597
38                          0.00858597
39                          0.00282848
40                          0.00449975
41                          0.00604572
42                          0.00604572
43                          0.00424698
44                          0.00424698
45                          0.00109551
46                          0.00630848
47                          0.00061700
48                          0.00061700
49                          0.00047654
Sum orbitals c^2: 28.00000000
----------------------------------------
Most important dets:
Excite Lv         Coef      Det (Reordered orb)
0           0.20193228      |  0  1  2  3  4  5  6  7  8  9 10 11 12 13 |  0  1  2  3  4  5  6  7  8  9 10 11 12 13 |
2           0.19487912      |  0  1  2  3  4  5  6  7  8  9 10 12 13 15 |  0  1  2  3  4  5  6  7  8  9 10 11 13 16 |
2          -0.15672891      |  0  1  2  3  4  5  6  7  8  9 10 11 13 15 |  0  1  2  3  4  5  6  7  8  9 10 11 13 15 |
2          -0.15672891      |  0  1  2  3  4  5  6  7  8  9 10 12 13 16 |  0  1  2  3  4  5  6  7  8  9 10 12 13 16 |
2           0.14003558      |  0  1  2  3  4  5  6  7  8  9 10 11 13 14 |  0  1  2  3  4  5  6  7  8  9 10 11 12 15 |
2          -0.14003558      |  0  1  2  3  4  5  6  7  8  9 10 12 13 14 |  0  1  2  3  4  5  6  7  8  9 10 11 12 16 |
2           0.13701291      |  0  1  2  3  4  5  6  7  8 10 11 12 13 15 |  0  1  2  3  4  5  6  7  8  9 10 11 13 22 |
2           0.13701291      |  0  1  2  3  4  5  6  7  8  9 11 12 13 16 |  0  1  2  3  4  5  6  7  8  9 10 12 13 21 |
2          -0.13432271      |  0  1  2  3  4  5  6  7  8  9 11 12 13 15 |  0  1  2  3  4  5  6  7  8  9 10 11 13 21 |
2          -0.13432271      |  0  1  2  3  4  5  6  7  8 10 11 12 13 16 |  0  1  2  3  4  5  6  7  8  9 10 12 13 22 |
4           0.12437713      |  0  1  2  3  4  5  6  7  8  9 10 13 15 16 |  0  1  2  3  4  5  6  7  8  9 10 13 15 16 |
4           0.11246295      |  0  1  2  3  4  5  6  7  8  9 10 13 14 15 |  0  1  2  3  4  5  6  7  8  9 10 11 15 16 |
4          -0.11246295      |  0  1  2  3  4  5  6  7  8  9 10 13 14 16 |  0  1  2  3  4  5  6  7  8  9 10 12 15 16 |
4          -0.10909445      |  0  1  2  3  4  5  6  7  8  9 11 13 15 16 |  0  1  2  3  4  5  6  7  8  9 10 13 15 21 |
4          -0.10909445      |  0  1  2  3  4  5  6  7  8 10 12 13 15 16 |  0  1  2  3  4  5  6  7  8  9 10 13 16 22 |
4           0.10790359      |  0  1  2  3  4  5  6  7  8 10 11 13 15 16 |  0  1  2  3  4  5  6  7  8  9 10 13 15 22 |
4           0.10790359      |  0  1  2  3  4  5  6  7  8  9 12 13 15 16 |  0  1  2  3  4  5  6  7  8  9 10 13 16 21 |
2           0.10038840      |  0  1  2  3  4  5  6  7  8 10 11 12 13 21 |  0  1  2  3  4  5  6  7  8  9 11 12 13 22 |
2          -0.09734560      |  0  1  2  3  4  5  6  7  8 10 11 12 13 14 |  0  1  2  3  4  5  6  7  8  9 10 11 12 22 |
2           0.09734560      |  0  1  2  3  4  5  6  7  8  9 11 12 13 14 |  0  1  2  3  4  5  6  7  8  9 10 11 12 21 |
----------------------------------------
HF energy: -2098.1387851399 Ha
Variational energy: -2099.8826827224 Ha
Memory total: 3170.3GB
Helper size: 0.1GB
Bytes per det: 32
Memory var: 160.2GB
Memory PT limit: 2059.0GB

BEG OF dtm 2.00e-06 << eps_var 5.00e-06 << perturbation [289.2/315.2]GB [1024.187/0.000/34119.519]s
Number of dtm batches: 1
END OF determine number of dtm batches [289.3/315.3]GB [21.811/21.811/34141.330]s

BEG OF #1/1 << dtm 2.00e-06 << eps_var 5.00e-06 << perturbation [289.3/315.3]GB [0.005/0.000/34141.334]s
20% 40% 60% 80% 100% 
Number of dtm pt dets: 3,828,769,020
END OF create hc sums [964.8/990.8]GB [6590.941/6590.941/40732.275]s
PT dtm batch correction: -0.0070474742 Ha
PT dtm correction (eps1= 5.00e-06): -0.0070474742 +- 0.0000000000 Ha
PT dtm total energy (eps1= 5.00e-06): -2099.8897301967 +- 0.0000000000 Ha
Correlation energy (eps1= 5.00e-06): -1.7509450568 +- 0.0000000000 Ha
END OF #1/1 << dtm 2.00e-06 << eps_var 5.00e-06 << perturbation [964.9/990.9]GB [322.823/6913.764/41055.098]s
END OF dtm 2.00e-06 << eps_var 5.00e-06 << perturbation [964.9/990.9]GB [0.030/6935.608/41055.127]s

BEG OF psto 1.00e-07 << eps_var 5.00e-06 << perturbation [949.1/975.1]GB [0.170/0.001/41055.297]s
Number of psto batches: 50
END OF determine number of psto batches [960.1/986.1]GB [58.693/58.693/41113.989]s

BEG OF #1/50 << psto 1.00e-07 << eps_var 5.00e-06 << perturbation [960.1/986.1]GB [0.113/0.001/41114.102]s
20% 40% 60% 80% 100% 
Number of psto pt dets: 6,670,705,715
END OF create hc sums [1565.0/1591.0]GB [1808.553/1808.553/42922.655]s
PT psto batch correction: -0.0002739203 Ha
PT psto correction (eps1= 5.00e-06): -0.0136960146 +- 0.0000013324 Ha
PT psto total energy (eps1= 5.00e-06): -2099.9034262113 +- 0.0000013324 Ha
Correlation energy (eps1= 5.00e-06): -1.7646410714 +- 0.0000013324 Ha
END OF #1/50 << psto 1.00e-07 << eps_var 5.00e-06 << perturbation [1565.0/1591.0]GB [668.684/2477.236/43591.338]s
END OF psto 1.00e-07 << eps_var 5.00e-06 << perturbation [1565.0/1591.0]GB [0.001/2536.042/43591.338]s

BEG OF sto 1.00e-20 << eps_var 5.00e-06 << perturbation [1537.2/1563.2]GB [17.434/0.001/43608.772]s
Number of samples chosen: 2,218,299
END OF determine n samples [1537.4/1563.4]GB [5.340/5.340/43614.111]s

BEG OF #1 << sto 1.00e-20 << eps_var 5.00e-06 << perturbation [1537.4/1563.4]GB [0.001/0.000/43614.112]s
Number of unique variational determinants in sample: 2,173,270
Batch id: 38 / 64
20% 40% 60% 80% 100% 
Number of sto pt dets: 2,817,799,525
END OF create hc sums [1708.3/1734.3]GB [227.271/227.271/43841.382]s
PT sto loop correction: -0.0011968737 Ha
PT sto correction (eps1= 5.00e-06): -0.0011968737 +- -nan Ha
PT sto total energy (eps1= 5.00e-06): -2099.9046230850 +- -nan Ha
Correlation energy (eps1= 5.00e-06): -1.7658379451 +- -nan Ha
END OF #1 << sto 1.00e-20 << eps_var 5.00e-06 << perturbation [1708.3/1734.3]GB [344.520/571.790/44185.902]s

BEG OF #2 << sto 1.00e-20 << eps_var 5.00e-06 << perturbation [1708.3/1734.3]GB [0.001/0.000/44185.902]s
Number of unique variational determinants in sample: 2,173,085
Batch id: 13 / 64
20% 40% 60% 80% 100% 
Number of sto pt dets: 2,817,028,050
END OF create hc sums [1708.3/1734.3]GB [169.426/169.426/44355.328]s
PT sto loop correction: -0.0012043062 Ha
PT sto correction (eps1= 5.00e-06): -0.0012005899 +- 0.0000037163 Ha
PT sto total energy (eps1= 5.00e-06): -2099.9046268013 +- 0.0000039479 Ha
Correlation energy (eps1= 5.00e-06): -1.7658416613 +- 0.0000039479 Ha
END OF #2 << sto 1.00e-20 << eps_var 5.00e-06 << perturbation [1708.3/1734.3]GB [343.800/513.226/44699.127]s

BEG OF #3 << sto 1.00e-20 << eps_var 5.00e-06 << perturbation [1708.3/1734.3]GB [0.001/0.000/44699.128]s
Number of unique variational determinants in sample: 2,173,436
Batch id: 59 / 64
20% 40% 60% 80% 100% 
Number of sto pt dets: 2,817,964,151
END OF create hc sums [1708.3/1734.3]GB [168.992/168.992/44868.119]s
PT sto loop correction: -0.0012431216 Ha
PT sto correction (eps1= 5.00e-06): -0.0012147671 +- 0.0000143387 Ha
PT sto total energy (eps1= 5.00e-06): -2099.9046409785 +- 0.0000144004 Ha
Correlation energy (eps1= 5.00e-06): -1.7658558386 +- 0.0000144004 Ha
END OF #3 << sto 1.00e-20 << eps_var 5.00e-06 << perturbation [1708.4/1734.4]GB [343.733/512.724/45211.851]s

BEG OF #4 << sto 1.00e-20 << eps_var 5.00e-06 << perturbation [1708.4/1734.4]GB [0.001/0.000/45211.852]s
Number of unique variational determinants in sample: 2,173,468
Batch id: 33 / 64
20% 40% 60% 80% 100% 
Number of sto pt dets: 2,817,628,268
END OF create hc sums [1708.4/1734.4]GB [168.402/168.402/45380.253]s
PT sto loop correction: -0.0012336407 Ha
PT sto correction (eps1= 5.00e-06): -0.0012194855 +- 0.0000111831 Ha
PT sto total energy (eps1= 5.00e-06): -2099.9046456969 +- 0.0000112622 Ha
Correlation energy (eps1= 5.00e-06): -1.7658605569 +- 0.0000112622 Ha
END OF #4 << sto 1.00e-20 << eps_var 5.00e-06 << perturbation [1708.4/1734.4]GB [343.969/512.370/45724.221]s

BEG OF #5 << sto 1.00e-20 << eps_var 5.00e-06 << perturbation [1708.4/1734.4]GB [0.001/0.000/45724.222]s
Number of unique variational determinants in sample: 2,173,236
Batch id: 42 / 64
20% 40% 60% 80% 100% 
Number of sto pt dets: 2,817,559,577
END OF create hc sums [1708.4/1734.4]GB [166.344/166.344/45890.565]s
PT sto loop correction: -0.0012250066 Ha
PT sto correction (eps1= 5.00e-06): -0.0012205897 +- 0.0000087325 Ha
PT sto total energy (eps1= 5.00e-06): -2099.9046468011 +- 0.0000088335 Ha
Correlation energy (eps1= 5.00e-06): -1.7658616612 +- 0.0000088335 Ha
END OF #5 << sto 1.00e-20 << eps_var 5.00e-06 << perturbation [1708.5/1734.5]GB [344.332/510.675/46234.897]s

BEG OF #6 << sto 1.00e-20 << eps_var 5.00e-06 << perturbation [1708.5/1734.5]GB [0.001/0.000/46234.897]s
Number of unique variational determinants in sample: 2,173,530
Batch id: 37 / 64
20% 40% 60% 80% 100% 
Number of sto pt dets: 2,817,978,960
END OF create hc sums [1708.4/1734.4]GB [165.675/165.675/46400.571]s
PT sto loop correction: -0.0012001318 Ha
PT sto correction (eps1= 5.00e-06): -0.0012171801 +- 0.0000079034 Ha
PT sto total energy (eps1= 5.00e-06): -2099.9046433914 +- 0.0000080149 Ha
Correlation energy (eps1= 5.00e-06): -1.7658582515 +- 0.0000080149 Ha
END OF #6 << sto 1.00e-20 << eps_var 5.00e-06 << perturbation [1708.5/1734.5]GB [344.053/509.727/46744.623]s
END OF sto 1.00e-20 << eps_var 5.00e-06 << perturbation [1708.5/1734.5]GB [0.009/3135.861/46744.632]s
Total energy: -2099.9046433914 +- 0.0000080149 Ha
END OF eps_var 5.00e-06 << perturbation [1707.7/1733.7]GB [0.298/13649.598/46744.930]s
END OF perturbation [1707.7/1733.7]GB [0.001/46743.520/46744.930]s
