l[032,034]
80
Semistochastic Heat-bath Configuration Interation (SHCI)

Start time: Wed Nov 28 15:00:13 2018
Infrastructure: 2 nodes * 80 threads
Configuration:
{
  "chem": {
    "irrep_occs_dn": [
      4,
      2,
      1,
      2,
      1,
      2,
      1,
      0,
      1,
      0
    ],
    "irrep_occs_up": [
      4,
      2,
      1,
      2,
      1,
      2,
      1,
      0,
      1,
      0
    ],
    "irreps": [
      1,
      2,
      3,
      4,
      5,
      6,
      7,
      8,
      9,
      10
    ],
    "point_group": "dih"
  },
  "eps_vars": [
    0.0002,
    0.0001,
    5e-05,
    3e-05,
    2e-05,
    1e-05,
    5e-06
  ],
  "eps_vars_schedule": [
    0.005,
    0.005,
    0.005,
    0.003,
    0.003,
    0.003,
    0.002,
    0.002,
    0.002,
    0.001,
    0.001,
    0.001,
    0.0005,
    0.0005,
    0.0005,
    0.0003,
    0.0003,
    0.0003,
    0.0002,
    0.0002,
    0.0002
  ],
  "n_dn": 14,
  "n_up": 14,
  "system": "chem",
  "time_sym": true
}
Timing format: [DIFF/SECTION/TOTAL]

BEG OF setup [0.0/31.0]GB [0.006/0.006/0.006]s

BEG OF load integrals << setup [0.0/31.0]GB [0.011/0.002/0.011]s
n_orbs: 76
n_elecs (from FCIDUMP): 28
orb_sym: 1 2 1 -6 6 5 -5 2 1 -6 6 1 -7 7 8 -8 2 5 -5 2 -6 6 -7 7 1 -6 6 1 -8 8 2 -6 6 1 -7 7 -10 10 5 -5 1 9 -9 5 -5 2 -8 8 2 5 -5 -6 6 1 -7 7 2 1 -6 6 -5 5 2 2 8 -8 1 1 -6 6 2 5 -5 -5 5 2 
Convert to Adam's notation:
1 2 1 6 4 3 5 2 1 6 4 1 9 7 8 10 2 3 5 2 6 4 9 7 1 6 4 1 10 8 2 6 4 1 9 7 14 12 3 5 1 11 13 3 5 2 10 8 2 3 5 6 4 1 9 7 2 1 6 4 5 3 2 2 8 10 1 1 6 4 2 3 5 5 3 2 
END OF load fcidump [0.0/31.1]GB [1.561/1.561/1.570]s
HF det up: 0 1 2 3 4 5 6 7 8 9 10 11 12 13 
HF det dn: 0 1 2 3 4 5 6 7 8 9 10 11 12 13 
Reorder skipped.
Orbitals energy:
#  0: E =  -3.523166808812, sym =  1, origin #  0
#  1: E =  -3.485019501380, sym =  2, origin #  1
#  2: E =  -2.313127163740, sym =  1, origin #  2
#  3: E =  -2.228949985476, sym =  6, origin #  3
#  4: E =  -2.228949985476, sym =  4, origin #  4
#  5: E =  -2.192054077526, sym =  3, origin #  5
#  6: E =  -2.192054077526, sym =  5, origin #  6
#  7: E =  -2.144178476151, sym =  2, origin #  7
#  8: E =  -0.219293543015, sym =  1, origin #  8
#  9: E =  -0.309334669898, sym =  6, origin #  9
# 10: E =  -0.309334669898, sym =  4, origin # 10
# 11: E =  -0.312471653906, sym =  1, origin # 11
# 12: E =  -0.217155691488, sym =  9, origin # 12
# 13: E =  -0.217155691488, sym =  7, origin # 13
# 14: E =   0.132469669159, sym =  8, origin # 14
# 15: E =   0.132469669159, sym = 10, origin # 15
# 16: E =   0.234767996139, sym =  2, origin # 16
# 17: E =   0.238844548919, sym =  3, origin # 17
# 18: E =   0.238844548919, sym =  5, origin # 18
# 19: E =   0.113413633118, sym =  2, origin # 19
# 20: E =   0.164451484357, sym =  6, origin # 20
# 21: E =   0.164451484357, sym =  4, origin # 21
# 22: E =   0.903665390062, sym =  9, origin # 22
# 23: E =   0.903665390062, sym =  7, origin # 23
# 24: E =   0.482704586976, sym =  1, origin # 24
# 25: E =   1.197713071950, sym =  6, origin # 25
# 26: E =   1.197713071950, sym =  4, origin # 26
# 27: E =   1.387883203565, sym =  1, origin # 27
# 28: E =   1.328837241156, sym = 10, origin # 28
# 29: E =   1.328837241156, sym =  8, origin # 29
# 30: E =   1.139834429747, sym =  2, origin # 30
# 31: E =   2.180808369430, sym =  6, origin # 31
# 32: E =   2.180808369430, sym =  4, origin # 32
# 33: E =   2.447195125020, sym =  1, origin # 33
# 34: E =   2.158569689175, sym =  9, origin # 34
# 35: E =   2.158569689175, sym =  7, origin # 35
# 36: E =   2.350469293435, sym = 14, origin # 36
# 37: E =   2.350469293435, sym = 12, origin # 37
# 38: E =   0.530651059967, sym =  3, origin # 38
# 39: E =   0.530651059967, sym =  5, origin # 39
# 40: E =   1.341530380401, sym =  1, origin # 40
# 41: E =   2.503010057715, sym = 11, origin # 41
# 42: E =   2.503010057715, sym = 13, origin # 42
# 43: E =   3.442918990761, sym =  3, origin # 43
# 44: E =   3.442918990761, sym =  5, origin # 44
# 45: E =   3.389041086447, sym =  2, origin # 45
# 46: E =   2.831124512499, sym = 10, origin # 46
# 47: E =   2.831124512499, sym =  8, origin # 47
# 48: E =   1.719217369791, sym =  2, origin # 48
# 49: E =   1.810415150617, sym =  3, origin # 49
# 50: E =   1.810415150617, sym =  5, origin # 50
# 51: E =   0.566937622954, sym =  6, origin # 51
# 52: E =   0.566937622954, sym =  4, origin # 52
# 53: E =   0.580212455065, sym =  1, origin # 53
# 54: E =   0.709787493952, sym =  9, origin # 54
# 55: E =   0.709787493952, sym =  7, origin # 55
# 56: E =   2.451118267292, sym =  2, origin # 56
# 57: E =   0.633147043762, sym =  1, origin # 57
# 58: E =   0.562002043052, sym =  6, origin # 58
# 59: E =   0.562002043052, sym =  4, origin # 59
# 60: E =   0.764681726844, sym =  5, origin # 60
# 61: E =   0.764681726844, sym =  3, origin # 61
# 62: E =   2.610748033431, sym =  2, origin # 62
# 63: E =   0.881549056514, sym =  2, origin # 63
# 64: E =   0.496186223495, sym =  8, origin # 64
# 65: E =   0.496186223495, sym = 10, origin # 65
# 66: E =   0.681513124329, sym =  1, origin # 66
# 67: E =   0.179928792786, sym =  1, origin # 67
# 68: E =   0.316822875404, sym =  6, origin # 68
# 69: E =   0.316822875404, sym =  4, origin # 69
# 70: E =   0.679891180353, sym =  2, origin # 70
# 71: E =   0.942286827771, sym =  3, origin # 71
# 72: E =   0.942286827771, sym =  5, origin # 72
# 73: E =   0.148131375043, sym =  5, origin # 73
# 74: E =   0.148131375043, sym =  3, origin # 74
# 75: E =   0.121103757088, sym =  2, origin # 75
HF det up: 0 1 2 3 4 5 6 7 8 9 10 11 12 13 
HF det dn: 0 1 2 3 4 5 6 7 8 9 10 11 12 13 
END OF reorder orbitals [0.0/31.1]GB [0.068/1.625/1.634]s
FCIDUMP cache saved to: integrals_cache.dat
END OF load integrals << setup [0.0/31.1]GB [0.215/1.837/1.846]s

BEG OF setup hci queue << setup [0.0/31.1]GB [0.004/0.002/1.848]s
Max hci queue elem: 0.3562895852 Ha
Number of entries in hci queue: 1,782,686
END OF setup hci queue << setup [0.1/31.1]GB [0.111/0.111/1.956]s
HF energy: -2098.4531937634 Ha
END OF setup [0.1/31.1]GB [0.007/1.961/1.961]s

BEG OF variation [0.1/31.1]GB [0.004/0.002/1.963]s
Final iteration 0 HF ndets= 1 energy= -2098.45319376

BEG OF eps_var 2.00e-04 << variation [0.1/31.1]GB [0.004/0.002/1.965]s
Loaded 1,438,692 dets from: wf_eps1_2.00e-04.dat
Effect dets (without time sym): 2,873,169
----------------------------------------
Excite Lv       # dets         Sum c^2
0                    1      0.42700163
1                  166      0.00188846
2                57832      0.37702882
3               272338      0.01191143
4              1231430      0.13747444
5               361214      0.00795466
6               663564      0.02860890
7               134112      0.00275245
8               117762      0.00431491
9                21358      0.00057672
10               11096      0.00043500
11                1692      0.00004305
12                 592      0.00000951
13                  12      0.00000002
----------------------------------------
Orbital                        Sum c^2
0                           1.99575439
1                           1.99584623
2                           1.98959289
3                           1.98889568
4                           1.98889568
5                           1.98726771
6                           1.98726771
7                           1.98534303
8                           1.93188826
9                           1.80520657
10                          1.80520657
11                          1.77910665
12                          1.57140448
13                          1.57140448
14                          0.41316879
15                          0.41316879
16                          0.21137975
17                          0.18425292
18                          0.18425292
19                          0.02909240
20                          0.02143483
21                          0.02143483
22                          0.01181263
23                          0.01181263
24                          0.01212450
25                          0.00880120
26                          0.00880120
27                          0.00704901
28                          0.00439639
29                          0.00439639
30                          0.00398316
31                          0.00406594
32                          0.00406594
33                          0.00407935
34                          0.00388096
35                          0.00388096
36                          0.00350827
37                          0.00350827
38                          0.00329597
39                          0.00329597
40                          0.00340285
41                          0.00271206
42                          0.00271206
43                          0.00216372
44                          0.00216372
45                          0.00223322
46                          0.00230782
47                          0.00230782
48                          0.00231945
49                          0.00206428
Sum orbitals c^2: 28.00000000
----------------------------------------
Most important dets:
Excite Lv         Coef      Det (Reordered orb)
0           0.65345362      |  0  1  2  3  4  5  6  7  8  9 10 11 12 13 |  0  1  2  3  4  5  6  7  8  9 10 11 12 13 |
2          -0.23058626      |  0  1  2  3  4  5  6  7  8  9 10 11 13 15 |  0  1  2  3  4  5  6  7  8  9 10 11 13 15 |
2          -0.23058626      |  0  1  2  3  4  5  6  7  8  9 10 11 12 14 |  0  1  2  3  4  5  6  7  8  9 10 11 12 14 |
2           0.16712559      |  0  1  2  3  4  5  6  7  8  9 10 11 12 14 |  0  1  2  3  4  5  6  7  8  9 10 11 13 15 |
2           0.14554905      |  0  1  2  3  4  5  6  7  8  9 10 11 13 14 |  0  1  2  3  4  5  6  7  8  9 10 11 12 15 |
4           0.12945958      |  0  1  2  3  4  5  6  7  8  9 10 11 14 15 |  0  1  2  3  4  5  6  7  8  9 10 11 14 15 |
2          -0.11710461      |  0  1  2  3  4  5  6  7  8  9 10 12 13 16 |  0  1  2  3  4  5  6  7  8  9 10 12 13 16 |
2           0.09839357      |  0  1  2  3  4  5  6  7  8  9 11 12 13 17 |  0  1  2  3  4  5  6  7  8 10 11 12 13 18 |
2           0.09442215      |  0  1  2  3  4  5  6  7  8  9 10 12 13 16 |  0  1  2  3  4  5  6  7  8  9 11 12 13 17 |
2          -0.09442215      |  0  1  2  3  4  5  6  7  8  9 10 12 13 16 |  0  1  2  3  4  5  6  7  8 10 11 12 13 18 |
2          -0.09376070      |  0  1  2  3  4  5  6  7  8  9 11 12 13 17 |  0  1  2  3  4  5  6  7  8  9 11 12 13 17 |
2          -0.09376070      |  0  1  2  3  4  5  6  7  8 10 11 12 13 18 |  0  1  2  3  4  5  6  7  8 10 11 12 13 18 |
2          -0.08949013      |  0  1  2  3  4  5  6  7  8  9 10 11 13 15 |  0  1  2  3  4  5  6  7  8 10 11 12 13 18 |
2          -0.08949013      |  0  1  2  3  4  5  6  7  8  9 10 11 12 14 |  0  1  2  3  4  5  6  7  8  9 11 12 13 17 |
2          -0.08916086      |  0  1  2  3  4  5  6  7  8  9 10 11 13 15 |  0  1  2  3  4  5  6  7  8  9 10 12 13 16 |
2           0.08916086      |  0  1  2  3  4  5  6  7  8  9 10 11 12 14 |  0  1  2  3  4  5  6  7  8  9 10 12 13 16 |
2           0.08689252      |  0  1  2  3  4  5  6  7  8  9 10 11 13 15 |  0  1  2  3  4  5  6  7  8  9 11 12 13 17 |
2           0.08689252      |  0  1  2  3  4  5  6  7  8  9 10 11 12 14 |  0  1  2  3  4  5  6  7  8 10 11 12 13 18 |
2          -0.08659165      |  0  1  2  3  4  5  6  7  8  9 10 12 13 15 |  0  1  2  3  4  5  6  7  8  9 10 11 13 16 |
2           0.08659165      |  0  1  2  3  4  5  6  7  8  9 10 12 13 14 |  0  1  2  3  4  5  6  7  8  9 10 11 12 16 |
----------------------------------------
HF energy: -2098.4531937634 Ha
Variational energy: -2099.8096735775 Ha
END OF eps_var 2.00e-04 << variation [0.2/31.3]GB [2.133/2.133/4.096]s

BEG OF eps_var 1.00e-04 << variation [0.2/31.3]GB [0.005/0.001/4.097]s
Loaded 4,320,446 dets from: wf_eps1_1.00e-04.dat
Effect dets (without time sym): 8,633,849
----------------------------------------
Excite Lv       # dets         Sum c^2
0                    1      0.40113983
1                  178      0.00199144
2                67881      0.38298420
3               659122      0.01314893
4              3343312      0.14892699
5              1226762      0.00930935
6              2146857      0.03272115
7               503256      0.00333814
8               517996      0.00510001
9                98394      0.00072825
10               59543      0.00053738
11                7612      0.00006139
12                2837      0.00001280
13                  98      0.00000012
----------------------------------------
Orbital                        Sum c^2
0                           1.99549081
1                           1.99557707
2                           1.98895456
3                           1.98821428
4                           1.98821428
5                           1.98655188
6                           1.98655188
7                           1.98453110
8                           1.91546834
9                           1.79173783
10                          1.79173783
11                          1.76536798
12                          1.54934412
13                          1.54934412
14                          0.43300053
15                          0.43300053
16                          0.22354892
17                          0.19634156
18                          0.19634156
19                          0.03757648
20                          0.02569223
21                          0.02569223
22                          0.01282390
23                          0.01282390
24                          0.01391524
25                          0.00943432
26                          0.00943432
27                          0.00765332
28                          0.00488399
29                          0.00488399
30                          0.00464773
31                          0.00428995
32                          0.00428995
33                          0.00429595
34                          0.00407880
35                          0.00407880
36                          0.00364671
37                          0.00364671
38                          0.00375971
39                          0.00375971
40                          0.00381306
41                          0.00285174
42                          0.00285174
43                          0.00228578
44                          0.00228578
45                          0.00236016
46                          0.00243447
47                          0.00243447
48                          0.00250301
49                          0.00231222
Sum orbitals c^2: 28.00000000
----------------------------------------
Most important dets:
Excite Lv         Coef      Det (Reordered orb)
0           0.63335601      |  0  1  2  3  4  5  6  7  8  9 10 11 12 13 |  0  1  2  3  4  5  6  7  8  9 10 11 12 13 |
2          -0.23104248      |  0  1  2  3  4  5  6  7  8  9 10 11 12 14 |  0  1  2  3  4  5  6  7  8  9 10 11 12 14 |
2          -0.23104248      |  0  1  2  3  4  5  6  7  8  9 10 11 13 15 |  0  1  2  3  4  5  6  7  8  9 10 11 13 15 |
2           0.15762248      |  0  1  2  3  4  5  6  7  8  9 10 11 12 14 |  0  1  2  3  4  5  6  7  8  9 10 11 13 15 |
2           0.15549401      |  0  1  2  3  4  5  6  7  8  9 10 11 13 14 |  0  1  2  3  4  5  6  7  8  9 10 11 12 15 |
4           0.12684815      |  0  1  2  3  4  5  6  7  8  9 10 11 14 15 |  0  1  2  3  4  5  6  7  8  9 10 11 14 15 |
2          -0.11396339      |  0  1  2  3  4  5  6  7  8  9 10 12 13 16 |  0  1  2  3  4  5  6  7  8  9 10 12 13 16 |
2           0.09420737      |  0  1  2  3  4  5  6  7  8  9 11 12 13 17 |  0  1  2  3  4  5  6  7  8 10 11 12 13 18 |
2          -0.09222744      |  0  1  2  3  4  5  6  7  8  9 11 12 13 17 |  0  1  2  3  4  5  6  7  8  9 11 12 13 17 |
2          -0.09222744      |  0  1  2  3  4  5  6  7  8 10 11 12 13 18 |  0  1  2  3  4  5  6  7  8 10 11 12 13 18 |
2          -0.09148364      |  0  1  2  3  4  5  6  7  8  9 10 12 13 15 |  0  1  2  3  4  5  6  7  8  9 10 11 13 16 |
2           0.09148364      |  0  1  2  3  4  5  6  7  8  9 10 12 13 14 |  0  1  2  3  4  5  6  7  8  9 10 11 12 16 |
2          -0.09096836      |  0  1  2  3  4  5  6  7  8  9 10 12 13 16 |  0  1  2  3  4  5  6  7  8 10 11 12 13 18 |
2           0.09096836      |  0  1  2  3  4  5  6  7  8  9 10 12 13 16 |  0  1  2  3  4  5  6  7  8  9 11 12 13 17 |
2          -0.08848910      |  0  1  2  3  4  5  6  7  8  9 11 12 13 14 |  0  1  2  3  4  5  6  7  8  9 10 11 12 17 |
2          -0.08848910      |  0  1  2  3  4  5  6  7  8 10 11 12 13 15 |  0  1  2  3  4  5  6  7  8  9 10 11 13 18 |
2          -0.08788221      |  0  1  2  3  4  5  6  7  8  9 10 11 13 15 |  0  1  2  3  4  5  6  7  8 10 11 12 13 18 |
2          -0.08788221      |  0  1  2  3  4  5  6  7  8  9 10 11 12 14 |  0  1  2  3  4  5  6  7  8  9 11 12 13 17 |
2          -0.08782178      |  0  1  2  3  4  5  6  7  8  9 10 11 13 15 |  0  1  2  3  4  5  6  7  8  9 10 12 13 16 |
2           0.08782178      |  0  1  2  3  4  5  6  7  8  9 10 11 12 14 |  0  1  2  3  4  5  6  7  8  9 10 12 13 16 |
----------------------------------------
HF energy: -2098.4531937634 Ha
Variational energy: -2099.8353763861 Ha
END OF eps_var 1.00e-04 << variation [0.7/31.7]GB [5.902/5.902/9.999]s

BEG OF eps_var 5.00e-05 << variation [0.7/31.7]GB [0.005/0.001/10.000]s
Loaded 13,032,775 dets from: wf_eps1_5.00e-05.dat
Effect dets (without time sym): 26,053,578
----------------------------------------
Excite Lv       # dets         Sum c^2
0                    1      0.37896275
1                  186      0.00197442
2                75953      0.38801729
3              1455194      0.01459238
4              8697800      0.15813316
5              4469508      0.01085740
6              6896676      0.03606555
7              1843896      0.00399155
8              1867290      0.00577030
9               414176      0.00090568
10              267943      0.00062788
11               49146      0.00008167
12               14686      0.00001951
13                 860      0.00000044
14                 263      0.00000002
----------------------------------------
Orbital                        Sum c^2
0                           1.99525900
1                           1.99532822
2                           1.98835648
3                           1.98758953
4                           1.98758953
5                           1.98589784
6                           1.98589784
7                           1.98377157
8                           1.89983285
9                           1.78183083
10                          1.78183083
11                          1.75510870
12                          1.52851802
13                          1.52851802
14                          0.45122159
15                          0.45122159
16                          0.23205729
17                          0.20468751
18                          0.20468751
19                          0.04532755
20                          0.02999795
21                          0.02999795
22                          0.01392548
23                          0.01392548
24                          0.01586929
25                          0.01010454
26                          0.01010454
27                          0.00833913
28                          0.00540690
29                          0.00540690
30                          0.00534809
31                          0.00450697
32                          0.00450697
33                          0.00450069
34                          0.00425492
35                          0.00425492
36                          0.00377455
37                          0.00377455
38                          0.00421907
39                          0.00421907
40                          0.00421585
41                          0.00297833
42                          0.00297833
43                          0.00239804
44                          0.00239804
45                          0.00247568
46                          0.00255127
47                          0.00255127
48                          0.00268593
49                          0.00256030
Sum orbitals c^2: 28.00000000
----------------------------------------
Most important dets:
Excite Lv         Coef      Det (Reordered orb)
0           0.61559951      |  0  1  2  3  4  5  6  7  8  9 10 11 12 13 |  0  1  2  3  4  5  6  7  8  9 10 11 12 13 |
2          -0.23256411      |  0  1  2  3  4  5  6  7  8  9 10 11 12 14 |  0  1  2  3  4  5  6  7  8  9 10 11 12 14 |
2          -0.23256411      |  0  1  2  3  4  5  6  7  8  9 10 11 13 15 |  0  1  2  3  4  5  6  7  8  9 10 11 13 15 |
2           0.16283347      |  0  1  2  3  4  5  6  7  8  9 10 11 13 14 |  0  1  2  3  4  5  6  7  8  9 10 11 12 15 |
2           0.15261461      |  0  1  2  3  4  5  6  7  8  9 10 11 12 14 |  0  1  2  3  4  5  6  7  8  9 10 11 13 15 |
4           0.12617064      |  0  1  2  3  4  5  6  7  8  9 10 11 14 15 |  0  1  2  3  4  5  6  7  8  9 10 11 14 15 |
2          -0.11197176      |  0  1  2  3  4  5  6  7  8  9 10 12 13 16 |  0  1  2  3  4  5  6  7  8  9 10 12 13 16 |
2          -0.09403303      |  0  1  2  3  4  5  6  7  8  9 10 12 13 15 |  0  1  2  3  4  5  6  7  8  9 10 11 13 16 |
2           0.09403303      |  0  1  2  3  4  5  6  7  8  9 10 12 13 14 |  0  1  2  3  4  5  6  7  8  9 10 11 12 16 |
2           0.09137728      |  0  1  2  3  4  5  6  7  8  9 11 12 13 17 |  0  1  2  3  4  5  6  7  8 10 11 12 13 18 |
2          -0.09114895      |  0  1  2  3  4  5  6  7  8 10 11 12 13 18 |  0  1  2  3  4  5  6  7  8 10 11 12 13 18 |
2          -0.09114895      |  0  1  2  3  4  5  6  7  8  9 11 12 13 17 |  0  1  2  3  4  5  6  7  8  9 11 12 13 17 |
2          -0.09100595      |  0  1  2  3  4  5  6  7  8  9 11 12 13 14 |  0  1  2  3  4  5  6  7  8  9 10 11 12 17 |
2          -0.09100595      |  0  1  2  3  4  5  6  7  8 10 11 12 13 15 |  0  1  2  3  4  5  6  7  8  9 10 11 13 18 |
2           0.08839402      |  0  1  2  3  4  5  6  7  8  9 10 12 13 16 |  0  1  2  3  4  5  6  7  8  9 11 12 13 17 |
2          -0.08839402      |  0  1  2  3  4  5  6  7  8  9 10 12 13 16 |  0  1  2  3  4  5  6  7  8 10 11 12 13 18 |
2          -0.08637159      |  0  1  2  3  4  5  6  7  8  9 10 11 13 15 |  0  1  2  3  4  5  6  7  8  9 10 12 13 16 |
2           0.08637159      |  0  1  2  3  4  5  6  7  8  9 10 11 12 14 |  0  1  2  3  4  5  6  7  8  9 10 12 13 16 |
2          -0.08635627      |  0  1  2  3  4  5  6  7  8  9 10 11 13 15 |  0  1  2  3  4  5  6  7  8 10 11 12 13 18 |
2          -0.08635627      |  0  1  2  3  4  5  6  7  8  9 10 11 12 14 |  0  1  2  3  4  5  6  7  8  9 11 12 13 17 |
----------------------------------------
HF energy: -2098.4531937634 Ha
Variational energy: -2099.8557907710 Ha
END OF eps_var 5.00e-05 << variation [1.9/32.9]GB [17.022/17.022/27.020]s

BEG OF eps_var 3.00e-05 << variation [1.9/32.9]GB [0.005/0.001/27.021]s
Loaded 29,737,394 dets from: wf_eps1_3.00e-05.dat
Effect dets (without time sym): 59,456,984
----------------------------------------
Excite Lv       # dets         Sum c^2
0                    1      0.36268433
1                  188      0.00194939
2                80357      0.39189721
3              2390800      0.01568902
4             16872460      0.16476732
5             11619980      0.01210007
6             16779730      0.03837042
7              4957656      0.00449461
8              4637195      0.00620449
9              1180858      0.00102841
10              712395      0.00069100
11              165492      0.00009791
12               54965      0.00002503
13                3670      0.00000075
14                1237      0.00000005
----------------------------------------
Orbital                        Sum c^2
0                           1.99510881
1                           1.99516141
2                           1.98794249
3                           1.98715879
4                           1.98715879
5                           1.98545158
6                           1.98545158
7                           1.98325182
8                           1.88963980
9                           1.77456734
10                          1.77456734
11                          1.74746116
12                          1.51291222
13                          1.51291222
14                          0.46499889
15                          0.46499889
16                          0.23834172
17                          0.21071458
18                          0.21071458
19                          0.05012323
20                          0.03290626
21                          0.03290626
22                          0.01467457
23                          0.01467457
24                          0.01728504
25                          0.01058032
26                          0.01058032
27                          0.00884367
28                          0.00578749
29                          0.00578749
30                          0.00589218
31                          0.00465576
32                          0.00465576
33                          0.00463891
34                          0.00437588
35                          0.00437588
36                          0.00386211
37                          0.00386211
38                          0.00459262
39                          0.00459262
40                          0.00450317
41                          0.00306753
42                          0.00306753
43                          0.00247677
44                          0.00247677
45                          0.00255671
46                          0.00263353
47                          0.00263353
48                          0.00282281
49                          0.00274991
Sum orbitals c^2: 28.00000000
----------------------------------------
Most important dets:
Excite Lv         Coef      Det (Reordered orb)
0           0.60223279      |  0  1  2  3  4  5  6  7  8  9 10 11 12 13 |  0  1  2  3  4  5  6  7  8  9 10 11 12 13 |
2          -0.23296663      |  0  1  2  3  4  5  6  7  8  9 10 11 12 14 |  0  1  2  3  4  5  6  7  8  9 10 11 12 14 |
2          -0.23296663      |  0  1  2  3  4  5  6  7  8  9 10 11 13 15 |  0  1  2  3  4  5  6  7  8  9 10 11 13 15 |
2           0.17006302      |  0  1  2  3  4  5  6  7  8  9 10 11 13 14 |  0  1  2  3  4  5  6  7  8  9 10 11 12 15 |
2           0.14970000      |  0  1  2  3  4  5  6  7  8  9 10 11 12 14 |  0  1  2  3  4  5  6  7  8  9 10 11 13 15 |
4           0.12626761      |  0  1  2  3  4  5  6  7  8  9 10 11 14 15 |  0  1  2  3  4  5  6  7  8  9 10 11 14 15 |
2          -0.11089452      |  0  1  2  3  4  5  6  7  8  9 10 12 13 16 |  0  1  2  3  4  5  6  7  8  9 10 12 13 16 |
2           0.09674083      |  0  1  2  3  4  5  6  7  8  9 10 12 13 14 |  0  1  2  3  4  5  6  7  8  9 10 11 12 16 |
2          -0.09674083      |  0  1  2  3  4  5  6  7  8  9 10 12 13 15 |  0  1  2  3  4  5  6  7  8  9 10 11 13 16 |
2          -0.09339077      |  0  1  2  3  4  5  6  7  8 10 11 12 13 15 |  0  1  2  3  4  5  6  7  8  9 10 11 13 18 |
2          -0.09339077      |  0  1  2  3  4  5  6  7  8  9 11 12 13 14 |  0  1  2  3  4  5  6  7  8  9 10 11 12 17 |
2          -0.09078606      |  0  1  2  3  4  5  6  7  8  9 11 12 13 17 |  0  1  2  3  4  5  6  7  8  9 11 12 13 17 |
2          -0.09078606      |  0  1  2  3  4  5  6  7  8 10 11 12 13 18 |  0  1  2  3  4  5  6  7  8 10 11 12 13 18 |
2           0.08970938      |  0  1  2  3  4  5  6  7  8  9 11 12 13 17 |  0  1  2  3  4  5  6  7  8 10 11 12 13 18 |
2           0.08682116      |  0  1  2  3  4  5  6  7  8  9 10 12 13 16 |  0  1  2  3  4  5  6  7  8  9 11 12 13 17 |
2          -0.08682116      |  0  1  2  3  4  5  6  7  8  9 10 12 13 16 |  0  1  2  3  4  5  6  7  8 10 11 12 13 18 |
2          -0.08522487      |  0  1  2  3  4  5  6  7  8  9 10 11 13 15 |  0  1  2  3  4  5  6  7  8 10 11 12 13 18 |
2          -0.08522487      |  0  1  2  3  4  5  6  7  8  9 10 11 12 14 |  0  1  2  3  4  5  6  7  8  9 11 12 13 17 |
2          -0.08521903      |  0  1  2  3  4  5  6  7  8  9 10 11 13 15 |  0  1  2  3  4  5  6  7  8  9 10 12 13 16 |
2           0.08521903      |  0  1  2  3  4  5  6  7  8  9 10 11 12 14 |  0  1  2  3  4  5  6  7  8  9 10 12 13 16 |
----------------------------------------
HF energy: -2098.4531937634 Ha
Variational energy: -2099.8682788769 Ha
END OF eps_var 3.00e-05 << variation [4.8/35.9]GB [39.750/39.750/66.770]s

BEG OF eps_var 2.00e-05 << variation [4.8/35.9]GB [0.005/0.001/66.771]s
Loaded 57,350,575 dets from: wf_eps1_2.00e-05.dat
Effect dets (without time sym): 114,676,786
----------------------------------------
Excite Lv       # dets         Sum c^2
0                    1      0.35033268
1                  192      0.00194366
2                83161      0.39459708
3              3369460      0.01652524
4             27616421      0.16990535
5             24030616      0.01309956
6             34418672      0.04016433
7             10998794      0.00490139
8              9452615      0.00653459
9              2657848      0.00111931
10             1520588      0.00073599
11              381140      0.00011130
12              131214      0.00002848
13               13716      0.00000099
14                2348      0.00000008
----------------------------------------
Orbital                        Sum c^2
0                           1.99499855
1                           1.99503682
2                           1.98763200
3                           1.98683575
4                           1.98683575
5                           1.98511929
6                           1.98511929
7                           1.98287356
8                           1.88242993
9                           1.76854970
10                          1.76854970
11                          1.74121455
12                          1.50119316
13                          1.50119316
14                          0.47536711
15                          0.47536711
16                          0.24346060
17                          0.21575840
18                          0.21575840
19                          0.05347002
20                          0.03499041
21                          0.03499041
22                          0.01519714
23                          0.01519714
24                          0.01835179
25                          0.01092945
26                          0.01092945
27                          0.00923799
28                          0.00607273
29                          0.00607273
30                          0.00632120
31                          0.00476252
32                          0.00476252
33                          0.00473943
34                          0.00446326
35                          0.00446326
36                          0.00392315
37                          0.00392315
38                          0.00490940
39                          0.00490940
40                          0.00472903
41                          0.00313217
42                          0.00313217
43                          0.00253632
44                          0.00253632
45                          0.00261907
46                          0.00269501
47                          0.00269501
48                          0.00293407
49                          0.00290545
Sum orbitals c^2: 28.00000000
----------------------------------------
Most important dets:
Excite Lv         Coef      Det (Reordered orb)
0           0.59188907      |  0  1  2  3  4  5  6  7  8  9 10 11 12 13 |  0  1  2  3  4  5  6  7  8  9 10 11 12 13 |
2          -0.23274403      |  0  1  2  3  4  5  6  7  8  9 10 11 12 14 |  0  1  2  3  4  5  6  7  8  9 10 11 12 14 |
2          -0.23274403      |  0  1  2  3  4  5  6  7  8  9 10 11 13 15 |  0  1  2  3  4  5  6  7  8  9 10 11 13 15 |
2           0.17501656      |  0  1  2  3  4  5  6  7  8  9 10 11 13 14 |  0  1  2  3  4  5  6  7  8  9 10 11 12 15 |
2           0.14775735      |  0  1  2  3  4  5  6  7  8  9 10 11 12 14 |  0  1  2  3  4  5  6  7  8  9 10 11 13 15 |
4           0.12630468      |  0  1  2  3  4  5  6  7  8  9 10 11 14 15 |  0  1  2  3  4  5  6  7  8  9 10 11 14 15 |
2          -0.11016387      |  0  1  2  3  4  5  6  7  8  9 10 12 13 16 |  0  1  2  3  4  5  6  7  8  9 10 12 13 16 |
2           0.09902587      |  0  1  2  3  4  5  6  7  8  9 10 12 13 14 |  0  1  2  3  4  5  6  7  8  9 10 11 12 16 |
2          -0.09902587      |  0  1  2  3  4  5  6  7  8  9 10 12 13 15 |  0  1  2  3  4  5  6  7  8  9 10 11 13 16 |
2          -0.09547533      |  0  1  2  3  4  5  6  7  8  9 11 12 13 14 |  0  1  2  3  4  5  6  7  8  9 10 11 12 17 |
2          -0.09547533      |  0  1  2  3  4  5  6  7  8 10 11 12 13 15 |  0  1  2  3  4  5  6  7  8  9 10 11 13 18 |
2          -0.09064496      |  0  1  2  3  4  5  6  7  8 10 11 12 13 18 |  0  1  2  3  4  5  6  7  8 10 11 12 13 18 |
2          -0.09064496      |  0  1  2  3  4  5  6  7  8  9 11 12 13 17 |  0  1  2  3  4  5  6  7  8  9 11 12 13 17 |
2           0.08851357      |  0  1  2  3  4  5  6  7  8  9 11 12 13 17 |  0  1  2  3  4  5  6  7  8 10 11 12 13 18 |
2          -0.08571554      |  0  1  2  3  4  5  6  7  8  9 10 12 13 16 |  0  1  2  3  4  5  6  7  8 10 11 12 13 18 |
2           0.08571554      |  0  1  2  3  4  5  6  7  8  9 10 12 13 16 |  0  1  2  3  4  5  6  7  8  9 11 12 13 17 |
2          -0.08442977      |  0  1  2  3  4  5  6  7  8  9 10 11 13 15 |  0  1  2  3  4  5  6  7  8 10 11 12 13 18 |
2          -0.08442977      |  0  1  2  3  4  5  6  7  8  9 10 11 12 14 |  0  1  2  3  4  5  6  7  8  9 11 12 13 17 |
2          -0.08441626      |  0  1  2  3  4  5  6  7  8  9 10 11 13 15 |  0  1  2  3  4  5  6  7  8  9 10 12 13 16 |
2           0.08441626      |  0  1  2  3  4  5  6  7  8  9 10 11 12 14 |  0  1  2  3  4  5  6  7  8  9 10 12 13 16 |
----------------------------------------
HF energy: -2098.4531937634 Ha
Variational energy: -2099.8767954935 Ha
END OF eps_var 2.00e-05 << variation [8.5/39.5]GB [71.488/71.488/138.259]s

BEG OF eps_var 1.00e-05 << variation [8.5/39.5]GB [0.005/0.001/138.260]s
Loaded 175,896,691 dets from: wf_eps1_1.00e-05.dat
Effect dets (without time sym): 351,751,273
----------------------------------------
Excite Lv       # dets         Sum c^2
0                    1      0.33129253
1                  192      0.00195427
2                86570      0.39787733
3              5569890      0.01781036
4             60322832      0.17818677
5             75946588      0.01477535
6            115142971      0.04316278
7             43512036      0.00560827
8             33237475      0.00708409
9             10325886      0.00127525
10             5530708      0.00080502
11             1458736      0.00013256
12              531432      0.00003386
13               78282      0.00000144
14                7674      0.00000012
----------------------------------------
Orbital                        Sum c^2
0                           1.99482302
1                           1.99483602
2                           1.98714930
3                           1.98633112
4                           1.98633112
5                           1.98460564
6                           1.98460564
7                           1.98230019
8                           1.87107184
9                           1.75842119
10                          1.75842119
11                          1.73076372
12                          1.48312829
13                          1.48312829
14                          0.49130060
15                          0.49130060
16                          0.25199313
17                          0.22429824
18                          0.22429824
19                          0.05885229
20                          0.03814290
21                          0.03814290
22                          0.01597916
23                          0.01597916
24                          0.02005379
25                          0.01145124
26                          0.01145124
27                          0.00985951
28                          0.00651548
29                          0.00651548
30                          0.00701875
31                          0.00492380
32                          0.00492380
33                          0.00489327
34                          0.00459351
35                          0.00459351
36                          0.00401453
37                          0.00401453
38                          0.00547254
39                          0.00547254
40                          0.00512353
41                          0.00322939
42                          0.00322939
43                          0.00262917
44                          0.00262917
45                          0.00271670
46                          0.00279093
47                          0.00279093
48                          0.00312062
49                          0.00316610
Sum orbitals c^2: 28.00000000
----------------------------------------
Most important dets:
Excite Lv         Coef      Det (Reordered orb)
0           0.57558017      |  0  1  2  3  4  5  6  7  8  9 10 11 12 13 |  0  1  2  3  4  5  6  7  8  9 10 11 12 13 |
2          -0.23165828      |  0  1  2  3  4  5  6  7  8  9 10 11 13 15 |  0  1  2  3  4  5  6  7  8  9 10 11 13 15 |
2          -0.23165828      |  0  1  2  3  4  5  6  7  8  9 10 11 12 14 |  0  1  2  3  4  5  6  7  8  9 10 11 12 14 |
2           0.18087522      |  0  1  2  3  4  5  6  7  8  9 10 11 13 14 |  0  1  2  3  4  5  6  7  8  9 10 11 12 15 |
2           0.14530984      |  0  1  2  3  4  5  6  7  8  9 10 11 12 14 |  0  1  2  3  4  5  6  7  8  9 10 11 13 15 |
4           0.12605153      |  0  1  2  3  4  5  6  7  8  9 10 11 14 15 |  0  1  2  3  4  5  6  7  8  9 10 11 14 15 |
2          -0.10895864      |  0  1  2  3  4  5  6  7  8  9 10 12 13 16 |  0  1  2  3  4  5  6  7  8  9 10 12 13 16 |
2          -0.10221850      |  0  1  2  3  4  5  6  7  8  9 10 12 13 15 |  0  1  2  3  4  5  6  7  8  9 10 11 13 16 |
2           0.10221850      |  0  1  2  3  4  5  6  7  8  9 10 12 13 14 |  0  1  2  3  4  5  6  7  8  9 10 11 12 16 |
2          -0.09845963      |  0  1  2  3  4  5  6  7  8 10 11 12 13 15 |  0  1  2  3  4  5  6  7  8  9 10 11 13 18 |
2          -0.09845963      |  0  1  2  3  4  5  6  7  8  9 11 12 13 14 |  0  1  2  3  4  5  6  7  8  9 10 11 12 17 |
2          -0.09039572      |  0  1  2  3  4  5  6  7  8  9 11 12 13 17 |  0  1  2  3  4  5  6  7  8  9 11 12 13 17 |
2          -0.09039572      |  0  1  2  3  4  5  6  7  8 10 11 12 13 18 |  0  1  2  3  4  5  6  7  8 10 11 12 13 18 |
2           0.08676735      |  0  1  2  3  4  5  6  7  8  9 11 12 13 17 |  0  1  2  3  4  5  6  7  8 10 11 12 13 18 |
2          -0.08412793      |  0  1  2  3  4  5  6  7  8  9 10 12 13 16 |  0  1  2  3  4  5  6  7  8 10 11 12 13 18 |
2           0.08412793      |  0  1  2  3  4  5  6  7  8  9 10 12 13 16 |  0  1  2  3  4  5  6  7  8  9 11 12 13 17 |
2           0.08350151      |  0  1  2  3  4  5  6  7  8  9 10 11 12 14 |  0  1  2  3  4  5  6  7  8  9 10 12 13 16 |
2          -0.08350151      |  0  1  2  3  4  5  6  7  8  9 10 11 13 15 |  0  1  2  3  4  5  6  7  8  9 10 12 13 16 |
2          -0.08347197      |  0  1  2  3  4  5  6  7  8  9 10 11 13 15 |  0  1  2  3  4  5  6  7  8 10 11 12 13 18 |
2          -0.08347197      |  0  1  2  3  4  5  6  7  8  9 10 11 12 14 |  0  1  2  3  4  5  6  7  8  9 11 12 13 17 |
----------------------------------------
HF energy: -2098.4531937634 Ha
Variational energy: -2099.8888407696 Ha
END OF eps_var 1.00e-05 << variation [31.5/62.5]GB [254.673/254.673/392.931]s

BEG OF eps_var 5.00e-06 << variation [31.5/62.5]GB [0.005/0.001/392.932]s

BEG OF main << eps_var 5.00e-06 << variation [31.5/62.5]GB [0.005/0.001/392.936]s

BEG OF #1 << main << eps_var 5.00e-06 << variation [32.9/63.9]GB [0.433/0.005/393.369]s
10% 20% 30% 40% 50% 60% 70% 80% 90% 100% 
Number of dets / new dets: 483,550,346 / 307,653,655
END OF get next det list [124.7/155.7]GB [1162.754/1162.754/1556.118]s
END OF update unique ab [149.0/180.0]GB [1192.381/2355.131/2748.495]s
END OF create abm1 [165.6/196.6]GB [1071.617/3419.838/3813.202]s
Outer size of a/b singles: 20,333,838 / 0
Full size of absingles: 2,057,719,394
END OF create absingles [176.2/207.3]GB [1069.527/4483.761/4877.125]s
10% 20% 30% 40% 50% 60% 70% 80% 90% 100% 
Number of nonzero elems: 269,584,441,294
END OF generate sparse hamiltonian [1657.3/1688.3]GB [71698.509/76182.245/76575.609]s
Davidson #0: -2099.8888407696
Davidson #1: -2099.8967931469
Davidson #2: -2099.8971408570
Davidson #3: -2099.8972062343
Davidson #4: -2099.8972424127
Davidson #5: -2099.8972574289
Davidson #6: -2099.8972726965
Davidson #7: -2099.8972870510
Davidson #8: -2099.8973015395
END OF diagonalize sparse hamiltonian [1661.2/1692.3]GB [2517.655/78699.898/79093.262]s
Iteration 1 eps1= 5.00e-06 ndets= 483,550,346 energy= -2099.89730154
END OF #1 << main << eps_var 5.00e-06 << variation [1661.2/1692.3]GB [0.001/78699.898/79093.262]s

BEG OF #2 << main << eps_var 5.00e-06 << variation [1663.8/1694.8]GB [1.586/0.001/79094.848]s
10% 20% 30% 40% 50% 60% 70% 80% 90% 100% 
Number of dets / new dets: 514,140,309 / 30,589,963
END OF get next det list [1660.7/1691.8]GB [1562.122/1562.122/80656.969]s
END OF update unique ab [1660.9/1691.9]GB [147.881/1710.003/80804.850]s
END OF create abm1 [1660.9/1691.9]GB [146.066/1856.061/80950.908]s
Outer size of a/b singles: 21,279,089 / 0
Full size of absingles: 1,551,120,670
END OF create absingles [1661.5/1692.5]GB [95.879/1951.933/81046.780]s
10% 20% 30% 40% 50% 60% 70% 80% 90% 100% 
Number of nonzero elems: 288,729,183,095
END OF generate sparse hamiltonian [1758.8/1789.8]GB [34640.886/36592.812/115687.658]s
Davidson #0: -2099.8973015402
Davidson #1: -2099.8977481572
Davidson #2: -2099.8977731976
Davidson #3: -2099.8977801222
Davidson #4: -2099.8977847298
Davidson #5: -2099.8977869938
Davidson #6: -2099.8977899576
Davidson #7: -2099.8977956142
Davidson #8: -2099.8978014441
END OF diagonalize sparse hamiltonian [1763.1/1794.1]GB [2518.807/39111.610/118206.457]s
Iteration 2 eps1= 5.00e-06 ndets= 514,140,309 energy= -2099.89780144
END OF #2 << main << eps_var 5.00e-06 << variation [1763.1/1794.1]GB [0.002/39111.611/118206.457]s

BEG OF #3 << main << eps_var 5.00e-06 << variation [1763.3/1794.4]GB [2.143/0.001/118208.600]s
10% 20% 30% 40% 50% 60% 70% 80% 90% 100% 
Number of dets / new dets: 522,711,656 / 8,571,347
END OF get next det list [1763.6/1794.7]GB [1210.707/1210.707/119419.306]s
END OF update unique ab [1763.7/1794.7]GB [50.665/1261.371/119469.970]s
END OF create abm1 [1763.7/1794.7]GB [67.719/1329.082/119537.680]s
Outer size of a/b singles: 21,633,972 / 0
Full size of absingles: 1,102,789,934
END OF create absingles [1763.8/1794.8]GB [48.422/1377.495/119586.093]s
10% 20% 30% 40% 50% 60% 70% 80% 90% 100% 
Number of nonzero elems: 294,235,376,750
END OF generate sparse hamiltonian [1790.4/1821.4]GB [10057.932/11435.418/129644.017]s
Davidson #0: -2099.8978014442
Davidson #1: -2099.8979178600
Davidson #2: -2099.8979241482
Davidson #3: -2099.8979256148
Davidson #4: -2099.8979264168
Davidson #5: -2099.8979268056
Davidson #6: -2099.8979274312
Davidson #7: -2099.8979288992
Davidson #8: -2099.8979306712
END OF diagonalize sparse hamiltonian [1790.5/1821.5]GB [2630.865/14066.274/132274.873]s
Iteration 3 eps1= 5.00e-06 ndets= 522,711,656 energy= -2099.89793067
END OF #3 << main << eps_var 5.00e-06 << variation [1790.5/1821.5]GB [0.002/14066.275/132274.873]s

BEG OF #4 << main << eps_var 5.00e-06 << variation [1790.6/1821.6]GB [0.028/0.001/132274.901]s
10% 20% 30% 40% 50% 60% 70% 80% 90% 100% 
Number of dets / new dets: 525,088,691 / 2,377,035
END OF get next det list [1790.6/1821.6]GB [523.743/523.743/132798.643]s
END OF update unique ab [1790.6/1821.6]GB [25.298/549.038/132823.937]s
END OF create abm1 [1790.6/1821.6]GB [26.820/575.849/132850.748]s
Outer size of a/b singles: 21,762,013 / 0
Full size of absingles: 662,684,876
END OF create absingles [1790.7/1821.7]GB [22.559/598.398/132873.298]s
10% 20% 30% 40% 50% 60% 70% 80% 90% 100% 
Number of nonzero elems: 295,753,820,543
END OF generate sparse hamiltonian [1794.7/1825.7]GB [3871.762/4470.152/136745.051]s
Davidson #0: -2099.8979306711
Davidson #1: -2099.8979632898
Davidson #2: -2099.8979647930
Davidson #3: -2099.8979651273
Davidson #4: -2099.8979652829
Davidson #5: -2099.8979653476
Davidson #6: -2099.8979654477
Davidson #7: -2099.8979656584
Davidson #8: -2099.8979659048
END OF diagonalize sparse hamiltonian [1794.8/1825.8]GB [2398.921/6869.061/139143.961]s
Iteration 4 eps1= 5.00e-06 ndets= 525,088,691 energy= -2099.89796590
END OF #4 << main << eps_var 5.00e-06 << variation [1794.8/1825.8]GB [0.002/6869.062/139143.961]s

BEG OF #5 << main << eps_var 5.00e-06 << variation [1794.8/1825.8]GB [0.007/0.000/139143.967]s
10% 20% 30% 40% 50% 60% 70% 80% 90% 100% 
Number of dets / new dets: 525,832,140 / 743,449
END OF get next det list [1794.8/1825.8]GB [209.467/209.467/139353.434]s
END OF update unique ab [1794.8/1825.8]GB [17.023/226.484/139370.451]s
END OF create abm1 [1794.8/1825.8]GB [11.536/238.012/139381.979]s
Outer size of a/b singles: 21,800,867 / 0
Full size of absingles: 342,650,804
END OF create absingles [1794.8/1825.8]GB [12.406/250.408/139394.375]s
10% 20% 30% 40% 50% 60% 70% 80% 90% 100% 
Number of nonzero elems: 296,211,075,364
END OF generate sparse hamiltonian [1795.6/1826.6]GB [2619.641/2870.040/142014.007]s
Davidson #0: -2099.8979659059
Davidson #1: -2099.8979762322
Davidson #2: -2099.8979766019
Davidson #3: -2099.8979766801
Davidson #4: -2099.8979767215
Davidson #5: -2099.8979767389
Davidson #6: -2099.8979767628
Davidson #7: -2099.8979768222
Davidson #8: -2099.8979768889
END OF diagonalize sparse hamiltonian [1795.7/1826.8]GB [2494.221/5364.253/144508.220]s
Iteration 5 eps1= 5.00e-06 ndets= 525,832,140 energy= -2099.89797689
END OF #5 << main << eps_var 5.00e-06 << variation [1795.7/1826.8]GB [0.002/5364.253/144508.220]s

BEG OF #6 << main << eps_var 5.00e-06 << variation [1795.8/1826.8]GB [0.003/0.000/144508.223]s
10% 20% 30% 40% 50% 60% 70% 80% 90% 100% 
Number of dets / new dets: 526,158,074 / 325,934
END OF get next det list [1795.7/1826.7]GB [112.060/112.060/144620.283]s
END OF update unique ab [1795.7/1826.7]GB [11.387/123.445/144631.668]s
END OF create abm1 [1795.7/1826.7]GB [5.761/129.200/144637.422]s
Outer size of a/b singles: 21,819,908 / 0
Full size of absingles: 202,025,968
END OF create absingles [1795.7/1826.8]GB [8.596/137.790/144646.012]s
10% 20% 30% 40% 50% 60% 70% 80% 90% 100% 
Number of nonzero elems: 296,411,964,594
END OF generate sparse hamiltonian [1796.1/1827.2]GB [2236.434/2374.215/146882.438]s
Davidson #0: -2099.8979768877
Davidson #1: -2099.8979812480
Davidson #2: -2099.8979813500
Davidson #3: -2099.8979813796
Davidson #4: -2099.8979813937
Davidson #5: -2099.8979813998
END OF diagonalize sparse hamiltonian [1796.1/1827.1]GB [1734.079/4108.285/148616.507]s
Iteration 6 eps1= 5.00e-06 ndets= 526,158,074 energy= -2099.89798140
END OF #6 << main << eps_var 5.00e-06 << variation [1796.1/1827.1]GB [0.002/4108.285/148616.508]s
Final iteration 6 eps1= 5.00e-06 ndets= 526,158,074 energy= -2099.89798140
Effect dets (without time sym): 1,052,243,391
----------------------------------------
Excite Lv       # dets         Sum c^2
0                    1      0.31561941
1                  192      0.00198090
2                88518      0.39947085
3              8226310      0.01882748
4            119809971      0.18542238
5            214183320      0.01628167
6            356138170      0.04600313
7            164401944      0.00629061
8            122121156      0.00761741
9             39629270      0.00142641
10            19736477      0.00086763
11             5649026      0.00015156
12             1862121      0.00003851
13              360416      0.00000192
14               36491      0.00000015
15                   8      0.00000000
----------------------------------------
Orbital                        Sum c^2
0                           1.99466926
1                           1.99465894
2                           1.98674036
3                           1.98590383
4                           1.98590383
5                           1.98417400
6                           1.98417400
7                           1.98182569
8                           1.86060669
9                           1.74915254
10                          1.74915254
11                          1.72126451
12                          1.46830420
13                          1.46830420
14                          0.50432952
15                          0.50432952
16                          0.25972124
17                          0.23213572
18                          0.23213572
19                          0.06422385
20                          0.04072841
21                          0.04072841
22                          0.01660400
23                          0.01660400
24                          0.02152394
25                          0.01188185
26                          0.01188185
27                          0.01040025
28                          0.00688748
29                          0.00688748
30                          0.00765930
31                          0.00506021
32                          0.00506021
33                          0.00502261
34                          0.00470128
35                          0.00470128
36                          0.00408866
37                          0.00408866
38                          0.00599991
39                          0.00599991
40                          0.00548515
41                          0.00330810
42                          0.00330810
43                          0.00270767
44                          0.00270767
45                          0.00280035
46                          0.00287064
47                          0.00287064
48                          0.00329593
49                          0.00340498
Sum orbitals c^2: 28.00000000
----------------------------------------
Most important dets:
Excite Lv         Coef      Det (Reordered orb)
0           0.56180015      |  0  1  2  3  4  5  6  7  8  9 10 11 12 13 |  0  1  2  3  4  5  6  7  8  9 10 11 12 13 |
2          -0.23000628      |  0  1  2  3  4  5  6  7  8  9 10 11 13 15 |  0  1  2  3  4  5  6  7  8  9 10 11 13 15 |
2          -0.23000628      |  0  1  2  3  4  5  6  7  8  9 10 11 12 14 |  0  1  2  3  4  5  6  7  8  9 10 11 12 14 |
2           0.18447068      |  0  1  2  3  4  5  6  7  8  9 10 11 13 14 |  0  1  2  3  4  5  6  7  8  9 10 11 12 15 |
2           0.14342855      |  0  1  2  3  4  5  6  7  8  9 10 11 12 14 |  0  1  2  3  4  5  6  7  8  9 10 11 13 15 |
4           0.12541017      |  0  1  2  3  4  5  6  7  8  9 10 11 14 15 |  0  1  2  3  4  5  6  7  8  9 10 11 14 15 |
2          -0.10779189      |  0  1  2  3  4  5  6  7  8  9 10 12 13 16 |  0  1  2  3  4  5  6  7  8  9 10 12 13 16 |
2          -0.10443553      |  0  1  2  3  4  5  6  7  8  9 10 12 13 15 |  0  1  2  3  4  5  6  7  8  9 10 11 13 16 |
2           0.10443553      |  0  1  2  3  4  5  6  7  8  9 10 12 13 14 |  0  1  2  3  4  5  6  7  8  9 10 11 12 16 |
2          -0.10058324      |  0  1  2  3  4  5  6  7  8  9 11 12 13 14 |  0  1  2  3  4  5  6  7  8  9 10 11 12 17 |
2          -0.10058324      |  0  1  2  3  4  5  6  7  8 10 11 12 13 15 |  0  1  2  3  4  5  6  7  8  9 10 11 13 18 |
2          -0.09005342      |  0  1  2  3  4  5  6  7  8  9 11 12 13 17 |  0  1  2  3  4  5  6  7  8  9 11 12 13 17 |
2          -0.09005342      |  0  1  2  3  4  5  6  7  8 10 11 12 13 18 |  0  1  2  3  4  5  6  7  8 10 11 12 13 18 |
2           0.08523486      |  0  1  2  3  4  5  6  7  8  9 11 12 13 17 |  0  1  2  3  4  5  6  7  8 10 11 12 13 18 |
2           0.08287773      |  0  1  2  3  4  5  6  7  8  9 10 11 12 14 |  0  1  2  3  4  5  6  7  8  9 10 12 13 16 |
2          -0.08287773      |  0  1  2  3  4  5  6  7  8  9 10 11 13 15 |  0  1  2  3  4  5  6  7  8  9 10 12 13 16 |
2           0.08282861      |  0  1  2  3  4  5  6  7  8 10 11 12 13 14 |  0  1  2  3  4  5  6  7  8  9 10 11 12 18 |
2           0.08282861      |  0  1  2  3  4  5  6  7  8  9 11 12 13 15 |  0  1  2  3  4  5  6  7  8  9 10 11 13 17 |
2          -0.08278271      |  0  1  2  3  4  5  6  7  8  9 10 11 13 15 |  0  1  2  3  4  5  6  7  8 10 11 12 13 18 |
2          -0.08278271      |  0  1  2  3  4  5  6  7  8  9 10 11 12 14 |  0  1  2  3  4  5  6  7  8  9 11 12 13 17 |
----------------------------------------
END OF main << eps_var 5.00e-06 << variation [1792.0/1823.0]GB [480.306/148703.878/149096.813]s
Variational results saved to: wf_eps1_5.00e-06.dat
END OF eps_var 5.00e-06 << variation [1793.3/1824.4]GB [32.325/148736.205/149129.137]s
END OF variation [1752.6/1783.6]GB [436.369/149563.544/149565.505]s

BEG OF post variation [1710.7/1741.8]GB [0.925/0.001/149565.506]s
END OF post variation [1710.7/1741.8]GB [0.017/0.017/149565.522]s

BEG OF perturbation [1710.7/1741.8]GB [0.001/0.000/149565.523]s

BEG OF eps_var 2.00e-04 << perturbation [1710.7/1741.8]GB [0.001/0.000/149565.523]s
Total energy: -2099.8939406416 +- 0.0000066712 (loaded from result file)
END OF eps_var 2.00e-04 << perturbation [1710.7/1741.8]GB [0.001/0.001/149565.524]s

BEG OF eps_var 1.00e-04 << perturbation [1710.7/1741.8]GB [0.001/0.000/149565.524]s
Total energy: -2099.9005526787 +- 0.0000049883 (loaded from result file)
END OF eps_var 1.00e-04 << perturbation [1710.7/1741.8]GB [0.001/0.001/149565.525]s

BEG OF eps_var 5.00e-05 << perturbation [1710.7/1741.8]GB [0.001/0.000/149565.525]s
Total energy: -2099.9057712373 +- 0.0000037512 (loaded from result file)
END OF eps_var 5.00e-05 << perturbation [1710.7/1741.8]GB [0.001/0.001/149565.526]s

BEG OF eps_var 3.00e-05 << perturbation [1710.7/1741.8]GB [0.001/0.000/149565.526]s
Total energy: -2099.9089968046 +- 0.0000028304 (loaded from result file)
END OF eps_var 3.00e-05 << perturbation [1710.7/1741.8]GB [0.001/0.001/149565.527]s

BEG OF eps_var 2.00e-05 << perturbation [1710.7/1741.8]GB [0.001/0.000/149565.527]s
Total energy: -2099.9111756724 +- 0.0000038787 (loaded from result file)
END OF eps_var 2.00e-05 << perturbation [1710.7/1741.8]GB [0.001/0.001/149565.528]s

BEG OF eps_var 1.00e-05 << perturbation [1710.7/1741.8]GB [0.001/0.000/149565.528]s
Total energy: -2099.9142169184 +- 0.0000097942 (loaded from result file)
END OF eps_var 1.00e-05 << perturbation [1710.7/1741.8]GB [0.001/0.001/149565.529]s

BEG OF eps_var 5.00e-06 << perturbation [1710.7/1741.8]GB [0.001/0.000/149565.529]s
Loaded 526,158,074 dets from: wf_eps1_5.00e-06.dat
Effect dets (without time sym): 1,052,243,391
----------------------------------------
Excite Lv       # dets         Sum c^2
0                    1      0.31561941
1                  192      0.00198090
2                88518      0.39947085
3              8226310      0.01882748
4            119809971      0.18542238
5            214183320      0.01628167
6            356138170      0.04600313
7            164401944      0.00629061
8            122121156      0.00761741
9             39629270      0.00142641
10            19736477      0.00086763
11             5649026      0.00015156
12             1862121      0.00003851
13              360416      0.00000192
14               36491      0.00000015
15                   8      0.00000000
----------------------------------------
Orbital                        Sum c^2
0                           1.99466926
1                           1.99465894
2                           1.98674036
3                           1.98590383
4                           1.98590383
5                           1.98417400
6                           1.98417400
7                           1.98182569
8                           1.86060669
9                           1.74915254
10                          1.74915254
11                          1.72126451
12                          1.46830420
13                          1.46830420
14                          0.50432952
15                          0.50432952
16                          0.25972124
17                          0.23213572
18                          0.23213572
19                          0.06422385
20                          0.04072841
21                          0.04072841
22                          0.01660400
23                          0.01660400
24                          0.02152394
25                          0.01188185
26                          0.01188185
27                          0.01040025
28                          0.00688748
29                          0.00688748
30                          0.00765930
31                          0.00506021
32                          0.00506021
33                          0.00502261
34                          0.00470128
35                          0.00470128
36                          0.00408866
37                          0.00408866
38                          0.00599991
39                          0.00599991
40                          0.00548515
41                          0.00330810
42                          0.00330810
43                          0.00270767
44                          0.00270767
45                          0.00280035
46                          0.00287064
47                          0.00287064
48                          0.00329593
49                          0.00340498
Sum orbitals c^2: 28.00000000
----------------------------------------
Most important dets:
Excite Lv         Coef      Det (Reordered orb)
0           0.56180015      |  0  1  2  3  4  5  6  7  8  9 10 11 12 13 |  0  1  2  3  4  5  6  7  8  9 10 11 12 13 |
2          -0.23000628      |  0  1  2  3  4  5  6  7  8  9 10 11 13 15 |  0  1  2  3  4  5  6  7  8  9 10 11 13 15 |
2          -0.23000628      |  0  1  2  3  4  5  6  7  8  9 10 11 12 14 |  0  1  2  3  4  5  6  7  8  9 10 11 12 14 |
2           0.18447068      |  0  1  2  3  4  5  6  7  8  9 10 11 13 14 |  0  1  2  3  4  5  6  7  8  9 10 11 12 15 |
2           0.14342855      |  0  1  2  3  4  5  6  7  8  9 10 11 12 14 |  0  1  2  3  4  5  6  7  8  9 10 11 13 15 |
4           0.12541017      |  0  1  2  3  4  5  6  7  8  9 10 11 14 15 |  0  1  2  3  4  5  6  7  8  9 10 11 14 15 |
2          -0.10779189      |  0  1  2  3  4  5  6  7  8  9 10 12 13 16 |  0  1  2  3  4  5  6  7  8  9 10 12 13 16 |
2          -0.10443553      |  0  1  2  3  4  5  6  7  8  9 10 12 13 15 |  0  1  2  3  4  5  6  7  8  9 10 11 13 16 |
2           0.10443553      |  0  1  2  3  4  5  6  7  8  9 10 12 13 14 |  0  1  2  3  4  5  6  7  8  9 10 11 12 16 |
2          -0.10058324      |  0  1  2  3  4  5  6  7  8  9 11 12 13 14 |  0  1  2  3  4  5  6  7  8  9 10 11 12 17 |
2          -0.10058324      |  0  1  2  3  4  5  6  7  8 10 11 12 13 15 |  0  1  2  3  4  5  6  7  8  9 10 11 13 18 |
2          -0.09005342      |  0  1  2  3  4  5  6  7  8  9 11 12 13 17 |  0  1  2  3  4  5  6  7  8  9 11 12 13 17 |
2          -0.09005342      |  0  1  2  3  4  5  6  7  8 10 11 12 13 18 |  0  1  2  3  4  5  6  7  8 10 11 12 13 18 |
2           0.08523486      |  0  1  2  3  4  5  6  7  8  9 11 12 13 17 |  0  1  2  3  4  5  6  7  8 10 11 12 13 18 |
2           0.08287773      |  0  1  2  3  4  5  6  7  8  9 10 11 12 14 |  0  1  2  3  4  5  6  7  8  9 10 12 13 16 |
2          -0.08287773      |  0  1  2  3  4  5  6  7  8  9 10 11 13 15 |  0  1  2  3  4  5  6  7  8  9 10 12 13 16 |
2           0.08282861      |  0  1  2  3  4  5  6  7  8 10 11 12 13 14 |  0  1  2  3  4  5  6  7  8  9 10 11 12 18 |
2           0.08282861      |  0  1  2  3  4  5  6  7  8  9 11 12 13 15 |  0  1  2  3  4  5  6  7  8  9 10 11 13 17 |
2          -0.08278271      |  0  1  2  3  4  5  6  7  8  9 10 11 13 15 |  0  1  2  3  4  5  6  7  8 10 11 12 13 18 |
2          -0.08278271      |  0  1  2  3  4  5  6  7  8  9 10 11 12 14 |  0  1  2  3  4  5  6  7  8  9 11 12 13 17 |
----------------------------------------
HF energy: -2098.4531937634 Ha
Variational energy: -2099.8979813998 Ha
Memory total: 3170.3GB
Helper size: 0.1GB
Bytes per det: 32
Memory var: 109.4GB
Memory PT limit: 3397.5GB

BEG OF dtm 2.00e-06 << eps_var 5.00e-06 << perturbation [200.2/231.2]GB [1447.430/0.000/151012.959]s
Number of dtm batches: 1
END OF determine number of dtm batches [200.2/231.2]GB [9.547/9.547/151022.506]s

BEG OF #1/1 << dtm 2.00e-06 << eps_var 5.00e-06 << perturbation [200.2/231.2]GB [0.001/0.000/151022.507]s
20% 40% 60% 80% 100% 
Number of dtm pt dets: 2,836,956,194
END OF create hc sums [422.6/453.6]GB [5750.574/5750.574/156773.081]s
PT dtm batch correction: -0.0051847446 Ha
PT dtm correction (eps1= 5.00e-06): -0.0051847446 +- 0.0000000000 Ha
PT dtm total energy (eps1= 5.00e-06): -2099.9031661444 +- 0.0000000000 Ha
Correlation energy (eps1= 5.00e-06): -1.4499723810 +- 0.0000000000 Ha
END OF #1/1 << dtm 2.00e-06 << eps_var 5.00e-06 << perturbation [422.5/453.5]GB [309.226/6059.800/157082.306]s
END OF dtm 2.00e-06 << eps_var 5.00e-06 << perturbation [422.5/453.5]GB [0.001/6069.348/157082.307]s

BEG OF psto 1.00e-07 << eps_var 5.00e-06 << perturbation [198.1/229.1]GB [2.411/0.001/157084.717]s
Number of psto batches: 16
END OF determine number of psto batches [203.3/234.4]GB [26.655/26.655/157111.371]s

BEG OF #1/16 << psto 1.00e-07 << eps_var 5.00e-06 << perturbation [203.3/234.4]GB [0.057/0.001/157111.428]s
20% 40% 60% 80% 100% 
Number of psto pt dets: 15,040,684,286
END OF create hc sums [1373.8/1404.8]GB [8726.688/8726.688/165838.115]s
PT psto batch correction: -0.0007750660 Ha
PT psto correction (eps1= 5.00e-06): -0.0124010556 +- 0.0000008073 Ha
PT psto total energy (eps1= 5.00e-06): -2099.9155672000 +- 0.0000008073 Ha
Correlation energy (eps1= 5.00e-06): -1.4623734366 +- 0.0000008073 Ha
END OF #1/16 << psto 1.00e-07 << eps_var 5.00e-06 << perturbation [1373.7/1404.8]GB [1981.969/10708.656/167820.084]s
END OF psto 1.00e-07 << eps_var 5.00e-06 << perturbation [1373.7/1404.8]GB [0.001/10735.367/167820.084]s

BEG OF sto 5.00e-12 << eps_var 5.00e-06 << perturbation [209.2/240.2]GB [25.782/0.001/167845.865]s
Number of samples chosen: 3,149,295
END OF determine n samples [206.6/237.7]GB [6.384/6.384/167852.248]s

BEG OF #1 << sto 5.00e-12 << eps_var 5.00e-06 << perturbation [206.6/237.7]GB [0.244/0.000/167852.249]s
Number of unique variational determinants in sample: 3,040,007
Batch id: 59 / 64
20% 40% 60% 80% 100% 
Number of sto pt dets: 3,791,405,108
END OF create hc sums [509.0/540.0]GB [848.535/848.535/168700.784]s
PT sto loop correction: -0.0008620730 Ha
PT sto correction (eps1= 5.00e-06): -0.0008620730 +- -nan Ha
PT sto total energy (eps1= 5.00e-06): -2099.9164292730 +- -nan Ha
Correlation energy (eps1= 5.00e-06): -1.4632355096 +- -nan Ha
END OF #1 << sto 5.00e-12 << eps_var 5.00e-06 << perturbation [508.9/540.0]GB [595.083/1443.446/169295.694]s

BEG OF #2 << sto 5.00e-12 << eps_var 5.00e-06 << perturbation [508.9/540.0]GB [0.001/0.000/169295.694]s
Number of unique variational determinants in sample: 3,039,638
Batch id: 5 / 64
20% 40% 60% 80% 100% 
Number of sto pt dets: 3,790,854,110
END OF create hc sums [514.7/545.7]GB [802.206/802.206/170097.900]s
PT sto loop correction: -0.0008607553 Ha
PT sto correction (eps1= 5.00e-06): -0.0008614141 +- 0.0000006588 Ha
PT sto total energy (eps1= 5.00e-06): -2099.9164286142 +- 0.0000010420 Ha
Correlation energy (eps1= 5.00e-06): -1.4632348508 +- 0.0000010420 Ha
END OF #2 << sto 5.00e-12 << eps_var 5.00e-06 << perturbation [514.6/545.6]GB [590.448/1392.515/170688.209]s

BEG OF #3 << sto 5.00e-12 << eps_var 5.00e-06 << perturbation [514.6/545.6]GB [0.001/0.000/170688.210]s
Number of unique variational determinants in sample: 3,040,228
Batch id: 26 / 64
20% 40% 60% 80% 100% 
Number of sto pt dets: 3,791,970,523
END OF create hc sums [520.6/551.6]GB [819.931/819.931/171508.141]s
PT sto loop correction: -0.0008127718 Ha
PT sto correction (eps1= 5.00e-06): -0.0008452000 +- 0.0000162186 Ha
PT sto total energy (eps1= 5.00e-06): -2099.9164124000 +- 0.0000162387 Ha
Correlation energy (eps1= 5.00e-06): -1.4632186366 +- 0.0000162387 Ha
END OF #3 << sto 5.00e-12 << eps_var 5.00e-06 << perturbation [520.6/551.7]GB [587.773/1407.564/172095.774]s

BEG OF #4 << sto 5.00e-12 << eps_var 5.00e-06 << perturbation [520.6/551.7]GB [0.001/0.000/172095.774]s
Number of unique variational determinants in sample: 3,039,438
Batch id: 11 / 64
20% 40% 60% 80% 100% 
Number of sto pt dets: 3,790,874,710
END OF create hc sums [524.8/555.9]GB [829.385/829.385/172925.158]s
PT sto loop correction: -0.0008214741 Ha
PT sto correction (eps1= 5.00e-06): -0.0008392685 +- 0.0000129114 Ha
PT sto total energy (eps1= 5.00e-06): -2099.9164064686 +- 0.0000129366 Ha
Correlation energy (eps1= 5.00e-06): -1.4632127052 +- 0.0000129366 Ha
END OF #4 << sto 5.00e-12 << eps_var 5.00e-06 << perturbation [524.8/555.8]GB [578.837/1408.082/173503.856]s

BEG OF #5 << sto 5.00e-12 << eps_var 5.00e-06 << perturbation [524.8/555.8]GB [0.001/0.000/173503.856]s
Number of unique variational determinants in sample: 3,039,764
Batch id: 53 / 64
20% 40% 60% 80% 100% 
Number of sto pt dets: 3,791,034,875
END OF create hc sums [531.4/562.5]GB [819.915/819.915/174323.771]s
PT sto loop correction: -0.0008651997 Ha
PT sto correction (eps1= 5.00e-06): -0.0008444548 +- 0.0000112658 Ha
PT sto total energy (eps1= 5.00e-06): -2099.9164116548 +- 0.0000112947 Ha
Correlation energy (eps1= 5.00e-06): -1.4632178914 +- 0.0000112947 Ha
END OF #5 << sto 5.00e-12 << eps_var 5.00e-06 << perturbation [531.4/562.5]GB [579.802/1399.575/174903.431]s

BEG OF #6 << sto 5.00e-12 << eps_var 5.00e-06 << perturbation [531.4/562.5]GB [0.001/0.000/174903.431]s
Number of unique variational determinants in sample: 3,039,991
Batch id: 11 / 64
20% 40% 60% 80% 100% 
Number of sto pt dets: 3,791,277,094
END OF create hc sums [537.4/568.5]GB [844.364/844.364/175747.795]s
PT sto loop correction: -0.0008733743 Ha
PT sto correction (eps1= 5.00e-06): -0.0008492747 +- 0.0000103848 Ha
PT sto total energy (eps1= 5.00e-06): -2099.9164164747 +- 0.0000104162 Ha
Correlation energy (eps1= 5.00e-06): -1.4632227113 +- 0.0000104162 Ha
END OF #6 << sto 5.00e-12 << eps_var 5.00e-06 << perturbation [537.4/568.5]GB [594.181/1438.383/176341.813]s
END OF sto 5.00e-12 << eps_var 5.00e-06 << perturbation [537.4/568.5]GB [0.026/8495.974/176341.838]s
Total energy: -2099.9164164747 +- 0.0000104162 Ha
END OF eps_var 5.00e-06 << perturbation [198.1/229.1]GB [2.680/26778.990/176344.518]s
END OF perturbation [198.1/229.1]GB [0.001/26778.997/176344.519]s
