l[020,039]
80
Semistochastic Heat-bath Configuration Interation (SHCI)

Start time: Tue Jun 11 23:06:58 2019
Infrastructure: 2 nodes * 80 threads
Configuration:
{
  "chem": {
    "irrep_occs_dn": [
      4,
      2,
      1,
      2,
      1,
      2,
      1,
      0,
      1,
      0
    ],
    "irrep_occs_up": [
      4,
      2,
      1,
      2,
      1,
      2,
      1,
      0,
      1,
      0
    ],
    "irreps": [
      1,
      2,
      3,
      4,
      5,
      6,
      7,
      8,
      9,
      10
    ],
    "point_group": "dih"
  },
  "eps_pt": 1e-20,
  "eps_vars": [
    0.0002,
    0.0001,
    5e-05,
    3e-05,
    2e-05,
    1e-05,
    5e-06
  ],
  "eps_vars_schedule": [
    0.005,
    0.005,
    0.005,
    0.005,
    0.005,
    0.003,
    0.003,
    0.003,
    0.003,
    0.003,
    0.002,
    0.002,
    0.002,
    0.002,
    0.002,
    0.001,
    0.001,
    0.001,
    0.001,
    0.001,
    0.001,
    0.001,
    0.0005,
    0.0005,
    0.0005,
    0.0005,
    0.0005,
    0.0005,
    0.0005,
    0.0003,
    0.0003,
    0.0003,
    0.0003,
    0.0003,
    0.0002,
    0.0002,
    0.0002,
    0.0002,
    0.0002
  ],
  "n_dn": 14,
  "n_up": 14,
  "system": "chem",
  "target_error": 2e-05,
  "time_sym": true,
  "var_only": true
}
Timing format: [DIFF/SECTION/TOTAL]

BEG OF setup [0.0/23.6]GB [0.002/0.002/0.002]s

BEG OF load integrals << setup [18446744073.7/23.6]GB [0.004/0.001/0.004]s
n_orbs: 76
n_elecs (from FCIDUMP): 28
orb_sym: 1 2 1 6 4 3 5 2 1 6 4 7 9 1 2 6 4 10 8 1 3 5 2 2 3 5 1 6 4 1 2 7 9 3 5 6 4 10 8 2 1 3 5 6 4 1 2 3 5 2 7 9 6 4 1 10 8 1 3 5 2 7 9 6 4 14 12 2 11 13 1 10 8 5 3 2 
END OF load fcidump [0.1/23.7]GB [1.336/1.336/1.340]s
HF det up: 0 1 2 3 4 5 6 7 8 9 10 11 12 13 
HF det dn: 0 1 2 3 4 5 6 7 8 9 10 11 12 13 
Reorder skipped.
Orbitals energy:
#  0: E =  -3.475842901380, sym =  1, origin #  0
#  1: E =  -3.458339890743, sym =  2, origin #  1
#  2: E =  -2.229983073199, sym =  1, origin #  2
#  3: E =  -2.186374529012, sym =  6, origin #  3
#  4: E =  -2.186374529012, sym =  4, origin #  4
#  5: E =  -2.164826051671, sym =  3, origin #  5
#  6: E =  -2.164826051671, sym =  5, origin #  6
#  7: E =  -2.139215135790, sym =  2, origin #  7
#  8: E =  -0.215315034692, sym =  1, origin #  8
#  9: E =  -0.239911359255, sym =  6, origin #  9
# 10: E =  -0.239911359254, sym =  4, origin # 10
# 11: E =  -0.171744565852, sym =  7, origin # 11
# 12: E =  -0.171744565852, sym =  9, origin # 12
# 13: E =  -0.249954631544, sym =  1, origin # 13
# 14: E =   0.190969300307, sym =  2, origin # 14
# 15: E =   0.174443405102, sym =  6, origin # 15
# 16: E =   0.174443405102, sym =  4, origin # 16
# 17: E =   0.122636649704, sym = 10, origin # 17
# 18: E =   0.122636649705, sym =  8, origin # 18
# 19: E =   0.399146820614, sym =  1, origin # 19
# 20: E =   0.203801246952, sym =  3, origin # 20
# 21: E =   0.203801246952, sym =  5, origin # 21
# 22: E =   0.136109956274, sym =  2, origin # 22
# 23: E =   1.027540842088, sym =  2, origin # 23
# 24: E =   0.521246614003, sym =  3, origin # 24
# 25: E =   0.521246614003, sym =  5, origin # 25
# 26: E =   1.279158880765, sym =  1, origin # 26
# 27: E =   1.131233334669, sym =  6, origin # 27
# 28: E =   1.131233334669, sym =  4, origin # 28
# 29: E =   2.354534186096, sym =  1, origin # 29
# 30: E =   3.358801232152, sym =  2, origin # 30
# 31: E =   0.931184094125, sym =  7, origin # 31
# 32: E =   0.931184094125, sym =  9, origin # 32
# 33: E =   3.164664320110, sym =  3, origin # 33
# 34: E =   3.164664320110, sym =  5, origin # 34
# 35: E =   2.198747262078, sym =  6, origin # 35
# 36: E =   2.198747262078, sym =  4, origin # 36
# 37: E =   1.274805611052, sym = 10, origin # 37
# 38: E =   1.274805611052, sym =  8, origin # 38
# 39: E =   1.696172558475, sym =  2, origin # 39
# 40: E =   1.430651760290, sym =  1, origin # 40
# 41: E =   1.641515514220, sym =  3, origin # 41
# 42: E =   1.641515514219, sym =  5, origin # 42
# 43: E =   0.577864634887, sym =  6, origin # 43
# 44: E =   0.577864634886, sym =  4, origin # 44
# 45: E =   0.500092716419, sym =  1, origin # 45
# 46: E =   1.854368881977, sym =  2, origin # 46
# 47: E =   0.156207523298, sym =  3, origin # 47
# 48: E =   0.156207523297, sym =  5, origin # 48
# 49: E =   1.982435989062, sym =  2, origin # 49
# 50: E =   2.253745122110, sym =  7, origin # 50
# 51: E =   2.253745122110, sym =  9, origin # 51
# 52: E =   0.581978812032, sym =  6, origin # 52
# 53: E =   0.581978812032, sym =  4, origin # 53
# 54: E =   0.621336807525, sym =  1, origin # 54
# 55: E =   2.701037112441, sym = 10, origin # 55
# 56: E =   2.701037112441, sym =  8, origin # 56
# 57: E =   0.672048424766, sym =  1, origin # 57
# 58: E =   0.568113246535, sym =  3, origin # 58
# 59: E =   0.568113246535, sym =  5, origin # 59
# 60: E =   0.854073952360, sym =  2, origin # 60
# 61: E =   0.699689440094, sym =  7, origin # 61
# 62: E =   0.699689440094, sym =  9, origin # 62
# 63: E =   0.324313917544, sym =  6, origin # 63
# 64: E =   0.324313917544, sym =  4, origin # 64
# 65: E =   2.402299139581, sym = 14, origin # 65
# 66: E =   2.402299139581, sym = 12, origin # 66
# 67: E =   0.114281178859, sym =  2, origin # 67
# 68: E =   2.488965170252, sym = 11, origin # 68
# 69: E =   2.488965170252, sym = 13, origin # 69
# 70: E =   0.211659866614, sym =  1, origin # 70
# 71: E =   0.549146347027, sym = 10, origin # 71
# 72: E =   0.549146347027, sym =  8, origin # 72
# 73: E =   0.935455397914, sym =  5, origin # 73
# 74: E =   0.935455397913, sym =  3, origin # 74
# 75: E =   0.740215268650, sym =  2, origin # 75
HF det up: 0 1 2 3 4 5 6 7 8 9 10 11 12 13 
HF det dn: 0 1 2 3 4 5 6 7 8 9 10 11 12 13 
END OF reorder orbitals [0.1/23.7]GB [0.053/1.388/1.392]s
FCIDUMP cache saved to: integrals_cache.dat
END OF load integrals << setup [0.1/23.7]GB [0.144/1.532/1.535]s

BEG OF setup hci queue << setup [0.1/23.7]GB [0.001/0.000/1.536]s
Max hci queue elem: 0.3685819623 Ha
Number of entries in hci queue: 1,786,342
END OF setup hci queue << setup [0.1/23.7]GB [0.086/0.086/1.622]s
HF energy: -2098.3136777904 Ha
END OF setup [0.1/23.7]GB [0.007/1.628/1.628]s

BEG OF variation [0.1/23.7]GB [0.002/0.001/1.628]s
Final iteration 0 HF ndets= 1 energy= -2098.31367779

BEG OF eps_var 2.00e-04 << variation [0.1/23.7]GB [0.001/0.001/1.629]s
Loaded 1,726,968 dets from: wf_eps1_2.00e-04.dat
Effect dets (without time sym): 3,449,488
----------------------------------------
Excite Lv       # dets         Sum c^2
0                    1      0.17643891
1                  152      0.00030737
2                49598      0.41133569
3               179616      0.01260553
4               910966      0.28394813
5               517654      0.01482204
6              1068787      0.08108089
7               295936      0.00576441
8               336809      0.01169570
9                52096      0.00100389
10               33475      0.00091290
11                2764      0.00006780
12                1624      0.00001673
13                  10      0.00000002
----------------------------------------
Orbital                        Sum c^2
0                           1.99613822
1                           1.99609442
2                           1.98938005
3                           1.98925760
4                           1.98925760
5                           1.98848483
6                           1.98848483
7                           1.98698386
8                           1.94479875
9                           1.64074529
10                          1.64074529
11                          1.26844158
12                          1.26844158
13                          1.60253543
14                          0.38744755
15                          0.01496728
16                          0.01496728
17                          0.71771833
18                          0.71771833
19                          0.01070436
20                          0.34759501
21                          0.34759501
22                          0.02530945
23                          0.00445747
24                          0.00329205
25                          0.00329205
26                          0.00733847
27                          0.00943047
28                          0.00943047
29                          0.00360055
30                          0.00227871
31                          0.01012013
32                          0.01012013
33                          0.00228983
34                          0.00228983
35                          0.00357182
36                          0.00357182
37                          0.00535675
38                          0.00535675
39                          0.00218456
40                          0.00293647
41                          0.00298370
42                          0.00298370
43                          0.00092046
44                          0.00092046
45                          0.00033924
46                          0.00176336
47                          0.00000023
48                          0.00000023
49                          0.00026514
Sum orbitals c^2: 28.00000000
----------------------------------------
Most important dets:
Excite Lv         Coef      Det (Reordered orb)
0           0.42004631      |  0  1  2  3  4  5  6  7  8  9 10 11 12 13 |  0  1  2  3  4  5  6  7  8  9 10 11 12 13 |
2           0.25375837      |  0  1  2  3  4  5  6  7  8  9 10 12 13 17 |  0  1  2  3  4  5  6  7  8  9 10 11 13 18 |
2          -0.24621958      |  0  1  2  3  4  5  6  7  8  9 10 11 13 17 |  0  1  2  3  4  5  6  7  8  9 10 11 13 17 |
2          -0.24621958      |  0  1  2  3  4  5  6  7  8  9 10 12 13 18 |  0  1  2  3  4  5  6  7  8  9 10 12 13 18 |
4           0.16578941      |  0  1  2  3  4  5  6  7  8  9 10 13 17 18 |  0  1  2  3  4  5  6  7  8  9 10 13 17 18 |
2           0.14587992      |  0  1  2  3  4  5  6  7  8  9 10 11 13 14 |  0  1  2  3  4  5  6  7  8  9 10 11 12 17 |
2          -0.14587992      |  0  1  2  3  4  5  6  7  8  9 10 12 13 14 |  0  1  2  3  4  5  6  7  8  9 10 11 12 18 |
2           0.13749473      |  0  1  2  3  4  5  6  7  8 10 11 12 13 17 |  0  1  2  3  4  5  6  7  8  9 10 11 13 21 |
2           0.13749473      |  0  1  2  3  4  5  6  7  8  9 11 12 13 18 |  0  1  2  3  4  5  6  7  8  9 10 12 13 20 |
2          -0.12280916      |  0  1  2  3  4  5  6  7  8  9 11 12 13 17 |  0  1  2  3  4  5  6  7  8  9 10 11 13 20 |
2          -0.12280916      |  0  1  2  3  4  5  6  7  8 10 11 12 13 18 |  0  1  2  3  4  5  6  7  8  9 10 12 13 21 |
2          -0.11905143      |  0  1  2  3  4  5  6  7  8  9 10 11 12 14 |  0  1  2  3  4  5  6  7  8  9 10 11 12 14 |
2          -0.10185880      |  0  1  2  3  4  5  6  7  8  9 11 12 13 20 |  0  1  2  3  4  5  6  7  8  9 11 12 13 20 |
2          -0.10185880      |  0  1  2  3  4  5  6  7  8 10 11 12 13 21 |  0  1  2  3  4  5  6  7  8 10 11 12 13 21 |
4           0.10183092      |  0  1  2  3  4  5  6  7  8  9 10 13 14 17 |  0  1  2  3  4  5  6  7  8  9 10 11 17 18 |
4          -0.10183092      |  0  1  2  3  4  5  6  7  8  9 10 13 14 18 |  0  1  2  3  4  5  6  7  8  9 10 12 17 18 |
4          -0.09364134      |  0  1  2  3  4  5  6  7  8  9 11 13 17 18 |  0  1  2  3  4  5  6  7  8  9 10 13 17 20 |
4          -0.09364134      |  0  1  2  3  4  5  6  7  8 10 12 13 17 18 |  0  1  2  3  4  5  6  7  8  9 10 13 18 21 |
4           0.08728811      |  0  1  2  3  4  5  6  7  8  9 12 13 17 18 |  0  1  2  3  4  5  6  7  8  9 10 13 18 20 |
4           0.08728811      |  0  1  2  3  4  5  6  7  8 10 11 13 17 18 |  0  1  2  3  4  5  6  7  8  9 10 13 17 21 |
----------------------------------------
HF energy: -2098.3136777904 Ha
Variational energy: -2099.7927399691 Ha
END OF eps_var 2.00e-04 << variation [0.7/24.2]GB [2.074/2.074/3.703]s

BEG OF eps_var 1.00e-04 << variation [0.7/24.2]GB [0.001/0.000/3.703]s
Loaded 4,864,519 dets from: wf_eps1_1.00e-04.dat
Effect dets (without time sym): 9,721,986
----------------------------------------
Excite Lv       # dets         Sum c^2
0                    1      0.18128366
1                  178      0.00043715
2                61158      0.40618408
3               439176      0.01354821
4              2302940      0.27801654
5              1605934      0.01572865
6              3007030      0.08279365
7               911174      0.00645458
8              1060138      0.01303848
9               182178      0.00126474
10              133893      0.00112550
11               12560      0.00009932
12                5256      0.00002513
13                 328      0.00000031
14                  42      0.00000001
----------------------------------------
Orbital                        Sum c^2
0                           1.99592485
1                           1.99589157
2                           1.98881811
3                           1.98868116
4                           1.98868116
5                           1.98783692
6                           1.98783692
7                           1.98627131
8                           1.92298919
9                           1.63885110
10                          1.63885110
11                          1.28051198
12                          1.28051198
13                          1.60389566
14                          0.38473468
15                          0.01927590
16                          0.01927590
17                          0.70373361
18                          0.70373361
19                          0.01267654
20                          0.34796365
21                          0.34796365
22                          0.03846698
23                          0.00486111
24                          0.00364087
25                          0.00364087
26                          0.00795843
27                          0.01026014
28                          0.01026014
29                          0.00379708
30                          0.00237153
31                          0.01121719
32                          0.01121719
33                          0.00238211
34                          0.00238211
35                          0.00377738
36                          0.00377738
37                          0.00570037
38                          0.00570037
39                          0.00230399
40                          0.00326417
41                          0.00318161
42                          0.00318161
43                          0.00110708
44                          0.00110708
45                          0.00053285
46                          0.00191138
47                          0.00000067
48                          0.00000067
49                          0.00029574
Sum orbitals c^2: 28.00000000
----------------------------------------
Most important dets:
Excite Lv         Coef      Det (Reordered orb)
0           0.42577419      |  0  1  2  3  4  5  6  7  8  9 10 11 12 13 |  0  1  2  3  4  5  6  7  8  9 10 11 12 13 |
2          -0.24313922      |  0  1  2  3  4  5  6  7  8  9 10 11 13 17 |  0  1  2  3  4  5  6  7  8  9 10 11 13 17 |
2          -0.24313922      |  0  1  2  3  4  5  6  7  8  9 10 12 13 18 |  0  1  2  3  4  5  6  7  8  9 10 12 13 18 |
2           0.23702206      |  0  1  2  3  4  5  6  7  8  9 10 12 13 17 |  0  1  2  3  4  5  6  7  8  9 10 11 13 18 |
4           0.16061356      |  0  1  2  3  4  5  6  7  8  9 10 13 17 18 |  0  1  2  3  4  5  6  7  8  9 10 13 17 18 |
2           0.13801251      |  0  1  2  3  4  5  6  7  8  9 10 11 13 14 |  0  1  2  3  4  5  6  7  8  9 10 11 12 17 |
2          -0.13801251      |  0  1  2  3  4  5  6  7  8  9 10 12 13 14 |  0  1  2  3  4  5  6  7  8  9 10 11 12 18 |
2           0.13106790      |  0  1  2  3  4  5  6  7  8 10 11 12 13 17 |  0  1  2  3  4  5  6  7  8  9 10 11 13 21 |
2           0.13106790      |  0  1  2  3  4  5  6  7  8  9 11 12 13 18 |  0  1  2  3  4  5  6  7  8  9 10 12 13 20 |
2          -0.11689622      |  0  1  2  3  4  5  6  7  8  9 10 11 12 14 |  0  1  2  3  4  5  6  7  8  9 10 11 12 14 |
2          -0.11676718      |  0  1  2  3  4  5  6  7  8  9 11 12 13 17 |  0  1  2  3  4  5  6  7  8  9 10 11 13 20 |
2          -0.11676718      |  0  1  2  3  4  5  6  7  8 10 11 12 13 18 |  0  1  2  3  4  5  6  7  8  9 10 12 13 21 |
2          -0.10073875      |  0  1  2  3  4  5  6  7  8  9 11 12 13 20 |  0  1  2  3  4  5  6  7  8  9 11 12 13 20 |
2          -0.10073875      |  0  1  2  3  4  5  6  7  8 10 11 12 13 21 |  0  1  2  3  4  5  6  7  8 10 11 12 13 21 |
4          -0.09346731      |  0  1  2  3  4  5  6  7  8  9 10 13 14 18 |  0  1  2  3  4  5  6  7  8  9 10 12 17 18 |
4           0.09346731      |  0  1  2  3  4  5  6  7  8  9 10 13 14 17 |  0  1  2  3  4  5  6  7  8  9 10 11 17 18 |
4          -0.08665441      |  0  1  2  3  4  5  6  7  8  9 11 13 17 18 |  0  1  2  3  4  5  6  7  8  9 10 13 17 20 |
4          -0.08665441      |  0  1  2  3  4  5  6  7  8 10 12 13 17 18 |  0  1  2  3  4  5  6  7  8  9 10 13 18 21 |
2           0.08413930      |  0  1  2  3  4  5  6  7  8 10 11 12 13 20 |  0  1  2  3  4  5  6  7  8  9 11 12 13 21 |
2           0.08305994      |  0  1  2  3  4  5  6  7  8  9 10 11 13 17 |  0  1  2  3  4  5  6  7  8  9 10 12 13 18 |
----------------------------------------
HF energy: -2098.3136777904 Ha
Variational energy: -2099.8178655147 Ha
END OF eps_var 1.00e-04 << variation [1.1/24.7]GB [4.217/4.217/7.920]s

BEG OF eps_var 5.00e-05 << variation [1.1/24.7]GB [0.001/0.000/7.920]s
Loaded 14,977,519 dets from: wf_eps1_5.00e-05.dat
Effect dets (without time sym): 29,943,125
----------------------------------------
Excite Lv       # dets         Sum c^2
0                    1      0.17933348
1                  186      0.00055499
2                72321      0.40404934
3              1015706      0.01491380
4              6109915      0.27573741
5              5517394      0.01736951
6              9107459      0.08375013
7              3272504      0.00735573
8              3460869      0.01390227
9               755222      0.00154604
10              515426      0.00130965
11               82176      0.00013601
12               31188      0.00004073
13                1766      0.00000083
14                 992      0.00000009
----------------------------------------
Orbital                        Sum c^2
0                           1.99571159
1                           1.99568197
2                           1.98816303
3                           1.98801712
4                           1.98801712
5                           1.98711912
6                           1.98711912
7                           1.98545941
8                           1.90111579
9                           1.63812529
10                          1.63812529
11                          1.28209910
12                          1.28209910
13                          1.60573789
14                          0.38126669
15                          0.02368995
16                          0.02368995
17                          0.69968032
18                          0.69968032
19                          0.01498627
20                          0.34661346
21                          0.34661346
22                          0.05193515
23                          0.00537658
24                          0.00404131
25                          0.00404131
26                          0.00874544
27                          0.01128372
28                          0.01128372
29                          0.00401215
30                          0.00248299
31                          0.01253679
32                          0.01253679
33                          0.00249533
34                          0.00249533
35                          0.00400242
36                          0.00400242
37                          0.00618698
38                          0.00618698
39                          0.00244745
40                          0.00362774
41                          0.00342293
42                          0.00342293
43                          0.00129078
44                          0.00129078
45                          0.00077258
46                          0.00205740
47                          0.00000132
48                          0.00000132
49                          0.00032632
Sum orbitals c^2: 28.00000000
----------------------------------------
Most important dets:
Excite Lv         Coef      Det (Reordered orb)
0           0.42347783      |  0  1  2  3  4  5  6  7  8  9 10 11 12 13 |  0  1  2  3  4  5  6  7  8  9 10 11 12 13 |
2          -0.24258402      |  0  1  2  3  4  5  6  7  8  9 10 11 13 17 |  0  1  2  3  4  5  6  7  8  9 10 11 13 17 |
2          -0.24258402      |  0  1  2  3  4  5  6  7  8  9 10 12 13 18 |  0  1  2  3  4  5  6  7  8  9 10 12 13 18 |
2           0.22377441      |  0  1  2  3  4  5  6  7  8  9 10 12 13 17 |  0  1  2  3  4  5  6  7  8  9 10 11 13 18 |
4           0.15856023      |  0  1  2  3  4  5  6  7  8  9 10 13 17 18 |  0  1  2  3  4  5  6  7  8  9 10 13 17 18 |
2          -0.13063446      |  0  1  2  3  4  5  6  7  8  9 10 12 13 14 |  0  1  2  3  4  5  6  7  8  9 10 11 12 18 |
2           0.13063446      |  0  1  2  3  4  5  6  7  8  9 10 11 13 14 |  0  1  2  3  4  5  6  7  8  9 10 11 12 17 |
2           0.12492727      |  0  1  2  3  4  5  6  7  8  9 11 12 13 18 |  0  1  2  3  4  5  6  7  8  9 10 12 13 20 |
2           0.12492727      |  0  1  2  3  4  5  6  7  8 10 11 12 13 17 |  0  1  2  3  4  5  6  7  8  9 10 11 13 21 |
2          -0.11482393      |  0  1  2  3  4  5  6  7  8  9 10 11 12 14 |  0  1  2  3  4  5  6  7  8  9 10 11 12 14 |
2          -0.11095684      |  0  1  2  3  4  5  6  7  8  9 11 12 13 17 |  0  1  2  3  4  5  6  7  8  9 10 11 13 20 |
2          -0.11095684      |  0  1  2  3  4  5  6  7  8 10 11 12 13 18 |  0  1  2  3  4  5  6  7  8  9 10 12 13 21 |
2          -0.09948202      |  0  1  2  3  4  5  6  7  8  9 11 12 13 20 |  0  1  2  3  4  5  6  7  8  9 11 12 13 20 |
2          -0.09948202      |  0  1  2  3  4  5  6  7  8 10 11 12 13 21 |  0  1  2  3  4  5  6  7  8 10 11 12 13 21 |
2           0.09659550      |  0  1  2  3  4  5  6  7  8  9 10 11 13 17 |  0  1  2  3  4  5  6  7  8  9 10 12 13 18 |
4           0.08642295      |  0  1  2  3  4  5  6  7  8  9 10 13 14 17 |  0  1  2  3  4  5  6  7  8  9 10 11 17 18 |
4          -0.08642295      |  0  1  2  3  4  5  6  7  8  9 10 13 14 18 |  0  1  2  3  4  5  6  7  8  9 10 12 17 18 |
2           0.08107375      |  0  1  2  3  4  5  6  7  8 10 11 12 13 20 |  0  1  2  3  4  5  6  7  8  9 11 12 13 21 |
4          -0.08081586      |  0  1  2  3  4  5  6  7  8  9 11 13 17 18 |  0  1  2  3  4  5  6  7  8  9 10 13 17 20 |
4          -0.08081586      |  0  1  2  3  4  5  6  7  8 10 12 13 17 18 |  0  1  2  3  4  5  6  7  8  9 10 13 18 21 |
----------------------------------------
HF energy: -2098.3136777904 Ha
Variational energy: -2099.8398970326 Ha
END OF eps_var 5.00e-05 << variation [2.9/26.5]GB [11.893/11.893/19.813]s

BEG OF eps_var 3.00e-05 << variation [2.9/26.5]GB [0.001/0.000/19.813]s
Loaded 34,287,385 dets from: wf_eps1_3.00e-05.dat
Effect dets (without time sym): 68,556,879
----------------------------------------
Excite Lv       # dets         Sum c^2
0                    1      0.17363439
1                  190      0.00061680
2                77855      0.40221962
3              1745620      0.01593396
4             12107413      0.27750534
5             13426384      0.01892727
6             20890416      0.08520400
7              8483224      0.00815437
8              8017706      0.01442956
9              2099958      0.00174969
10             1321083      0.00140941
11              271490      0.00016415
12              103753      0.00004989
13                9516      0.00000140
14                2270      0.00000016
----------------------------------------
Orbital                        Sum c^2
0                           1.99555620
1                           1.99551999
2                           1.98767668
3                           1.98752219
4                           1.98752219
5                           1.98660247
6                           1.98660247
7                           1.98487791
8                           1.88947694
9                           1.63341601
10                          1.63341601
11                          1.27800277
12                          1.27800277
13                          1.60228278
14                          0.38335300
15                          0.02682306
16                          0.02682306
17                          0.70191950
18                          0.70191950
19                          0.01671292
20                          0.34960290
21                          0.34960290
22                          0.05780009
23                          0.00581158
24                          0.00441779
25                          0.00441779
26                          0.00933894
27                          0.01200922
28                          0.01200922
29                          0.00416754
30                          0.00257312
31                          0.01344808
32                          0.01344808
33                          0.00258583
34                          0.00258583
35                          0.00416545
36                          0.00416545
37                          0.00656412
38                          0.00656412
39                          0.00256587
40                          0.00390365
41                          0.00363781
42                          0.00363781
43                          0.00144728
44                          0.00144728
45                          0.00096379
46                          0.00216125
47                          0.00000188
48                          0.00000188
49                          0.00035075
Sum orbitals c^2: 28.00000000
----------------------------------------
Most important dets:
Excite Lv         Coef      Det (Reordered orb)
0           0.41669460      |  0  1  2  3  4  5  6  7  8  9 10 11 12 13 |  0  1  2  3  4  5  6  7  8  9 10 11 12 13 |
2          -0.24057779      |  0  1  2  3  4  5  6  7  8  9 10 11 13 17 |  0  1  2  3  4  5  6  7  8  9 10 11 13 17 |
2          -0.24057779      |  0  1  2  3  4  5  6  7  8  9 10 12 13 18 |  0  1  2  3  4  5  6  7  8  9 10 12 13 18 |
2           0.21806005      |  0  1  2  3  4  5  6  7  8  9 10 12 13 17 |  0  1  2  3  4  5  6  7  8  9 10 11 13 18 |
4           0.15728088      |  0  1  2  3  4  5  6  7  8  9 10 13 17 18 |  0  1  2  3  4  5  6  7  8  9 10 13 17 18 |
2          -0.12833570      |  0  1  2  3  4  5  6  7  8  9 10 12 13 14 |  0  1  2  3  4  5  6  7  8  9 10 11 12 18 |
2           0.12833570      |  0  1  2  3  4  5  6  7  8  9 10 11 13 14 |  0  1  2  3  4  5  6  7  8  9 10 11 12 17 |
2           0.12306722      |  0  1  2  3  4  5  6  7  8 10 11 12 13 17 |  0  1  2  3  4  5  6  7  8  9 10 11 13 21 |
2           0.12306722      |  0  1  2  3  4  5  6  7  8  9 11 12 13 18 |  0  1  2  3  4  5  6  7  8  9 10 12 13 20 |
2          -0.11369379      |  0  1  2  3  4  5  6  7  8  9 10 11 12 14 |  0  1  2  3  4  5  6  7  8  9 10 11 12 14 |
2          -0.10959446      |  0  1  2  3  4  5  6  7  8  9 11 12 13 17 |  0  1  2  3  4  5  6  7  8  9 10 11 13 20 |
2          -0.10959446      |  0  1  2  3  4  5  6  7  8 10 11 12 13 18 |  0  1  2  3  4  5  6  7  8  9 10 12 13 21 |
2           0.10141036      |  0  1  2  3  4  5  6  7  8  9 10 11 13 17 |  0  1  2  3  4  5  6  7  8  9 10 12 13 18 |
2          -0.09900602      |  0  1  2  3  4  5  6  7  8  9 11 12 13 20 |  0  1  2  3  4  5  6  7  8  9 11 12 13 20 |
2          -0.09900602      |  0  1  2  3  4  5  6  7  8 10 11 12 13 21 |  0  1  2  3  4  5  6  7  8 10 11 12 13 21 |
4           0.08421359      |  0  1  2  3  4  5  6  7  8  9 10 13 14 17 |  0  1  2  3  4  5  6  7  8  9 10 11 17 18 |
4          -0.08421359      |  0  1  2  3  4  5  6  7  8  9 10 13 14 18 |  0  1  2  3  4  5  6  7  8  9 10 12 17 18 |
2           0.07984738      |  0  1  2  3  4  5  6  7  8 10 11 12 13 20 |  0  1  2  3  4  5  6  7  8  9 11 12 13 21 |
4          -0.07899987      |  0  1  2  3  4  5  6  7  8  9 11 13 17 18 |  0  1  2  3  4  5  6  7  8  9 10 13 17 20 |
4          -0.07899987      |  0  1  2  3  4  5  6  7  8 10 12 13 17 18 |  0  1  2  3  4  5  6  7  8  9 10 13 18 21 |
----------------------------------------
HF energy: -2098.3136777904 Ha
Variational energy: -2099.8536325848 Ha
END OF eps_var 3.00e-05 << variation [5.1/28.7]GB [25.875/25.875/45.688]s

BEG OF eps_var 2.00e-05 << variation [5.1/28.7]GB [0.001/0.000/45.688]s
Loaded 67,098,244 dets from: wf_eps1_2.00e-05.dat
Effect dets (without time sym): 134,171,793
----------------------------------------
Excite Lv       # dets         Sum c^2
0                    1      0.16735092
1                  190      0.00065185
2                81086      0.40022853
3              2537366      0.01669632
4             20211832      0.28049974
5             26670864      0.02031627
6             41467913      0.08691946
7             18890930      0.00887109
8             16004711      0.01483973
9              4680794      0.00191747
10             2762683      0.00146813
11              593726      0.00018368
12              234701      0.00005478
13               30416      0.00000182
14                4580      0.00000020
----------------------------------------
Orbital                        Sum c^2
0                           1.99543486
1                           1.99538948
2                           1.98729225
3                           1.98713634
4                           1.98713634
5                           1.98620686
6                           1.98620686
7                           1.98443431
8                           1.88198697
9                           1.62733991
10                          1.62733991
11                          1.27265841
12                          1.27265841
13                          1.59702580
14                          0.38743555
15                          0.02911500
16                          0.02911500
17                          0.70583683
18                          0.70583683
19                          0.01806092
20                          0.35426781
21                          0.35426781
22                          0.06103920
23                          0.00618203
24                          0.00477931
25                          0.00477931
26                          0.00979523
27                          0.01254656
28                          0.01254656
29                          0.00428502
30                          0.00264633
31                          0.01410882
32                          0.01410882
33                          0.00265916
34                          0.00265916
35                          0.00428875
36                          0.00428875
37                          0.00686264
38                          0.00686264
39                          0.00266945
40                          0.00413553
41                          0.00382920
42                          0.00382920
43                          0.00158283
44                          0.00158283
45                          0.00113807
46                          0.00224660
47                          0.00000254
48                          0.00000254
49                          0.00037333
Sum orbitals c^2: 28.00000000
----------------------------------------
Most important dets:
Excite Lv         Coef      Det (Reordered orb)
0           0.40908547      |  0  1  2  3  4  5  6  7  8  9 10 11 12 13 |  0  1  2  3  4  5  6  7  8  9 10 11 12 13 |
2          -0.23793348      |  0  1  2  3  4  5  6  7  8  9 10 11 13 17 |  0  1  2  3  4  5  6  7  8  9 10 11 13 17 |
2          -0.23793348      |  0  1  2  3  4  5  6  7  8  9 10 12 13 18 |  0  1  2  3  4  5  6  7  8  9 10 12 13 18 |
2           0.21561062      |  0  1  2  3  4  5  6  7  8  9 10 12 13 17 |  0  1  2  3  4  5  6  7  8  9 10 11 13 18 |
4           0.15588787      |  0  1  2  3  4  5  6  7  8  9 10 13 17 18 |  0  1  2  3  4  5  6  7  8  9 10 13 17 18 |
2           0.12785842      |  0  1  2  3  4  5  6  7  8  9 10 11 13 14 |  0  1  2  3  4  5  6  7  8  9 10 11 12 17 |
2          -0.12785842      |  0  1  2  3  4  5  6  7  8  9 10 12 13 14 |  0  1  2  3  4  5  6  7  8  9 10 11 12 18 |
2           0.12283464      |  0  1  2  3  4  5  6  7  8 10 11 12 13 17 |  0  1  2  3  4  5  6  7  8  9 10 11 13 21 |
2           0.12283464      |  0  1  2  3  4  5  6  7  8  9 11 12 13 18 |  0  1  2  3  4  5  6  7  8  9 10 12 13 20 |
2          -0.11273145      |  0  1  2  3  4  5  6  7  8  9 10 11 12 14 |  0  1  2  3  4  5  6  7  8  9 10 11 12 14 |
2          -0.11008050      |  0  1  2  3  4  5  6  7  8  9 11 12 13 17 |  0  1  2  3  4  5  6  7  8  9 10 11 13 20 |
2          -0.11008050      |  0  1  2  3  4  5  6  7  8 10 11 12 13 18 |  0  1  2  3  4  5  6  7  8  9 10 12 13 21 |
2           0.10311608      |  0  1  2  3  4  5  6  7  8  9 10 11 13 17 |  0  1  2  3  4  5  6  7  8  9 10 12 13 18 |
2          -0.09862003      |  0  1  2  3  4  5  6  7  8  9 11 12 13 20 |  0  1  2  3  4  5  6  7  8  9 11 12 13 20 |
2          -0.09862003      |  0  1  2  3  4  5  6  7  8 10 11 12 13 21 |  0  1  2  3  4  5  6  7  8 10 11 12 13 21 |
4           0.08387305      |  0  1  2  3  4  5  6  7  8  9 10 13 14 17 |  0  1  2  3  4  5  6  7  8  9 10 11 17 18 |
4          -0.08387305      |  0  1  2  3  4  5  6  7  8  9 10 13 14 18 |  0  1  2  3  4  5  6  7  8  9 10 12 17 18 |
2           0.07969956      |  0  1  2  3  4  5  6  7  8 10 11 12 13 20 |  0  1  2  3  4  5  6  7  8  9 11 12 13 21 |
4          -0.07882470      |  0  1  2  3  4  5  6  7  8  9 11 13 17 18 |  0  1  2  3  4  5  6  7  8  9 10 13 17 20 |
4          -0.07882470      |  0  1  2  3  4  5  6  7  8 10 12 13 17 18 |  0  1  2  3  4  5  6  7  8  9 10 13 18 21 |
----------------------------------------
HF energy: -2098.3136777904 Ha
Variational energy: -2099.8634579479 Ha
END OF eps_var 2.00e-05 << variation [12.6/36.2]GB [51.447/51.447/97.136]s

BEG OF eps_var 1.00e-05 << variation [12.6/36.2]GB [0.001/0.000/97.136]s
Loaded 212,551,653 dets from: wf_eps1_1.00e-05.dat
Effect dets (without time sym): 425,059,097
----------------------------------------
Excite Lv       # dets         Sum c^2
0                    1      0.15542389
1                  192      0.00069679
2                85262      0.39519730
3              4383114      0.01775606
4             45124041      0.28730680
5             79380016      0.02268851
6            133050881      0.09101805
7             74163006      0.01018276
8             56987788      0.01568889
9             18934762      0.00220974
10             9662977      0.00155614
11             2343398      0.00021213
12              813763      0.00006040
13              119348      0.00000231
14               10548      0.00000024
----------------------------------------
Orbital                        Sum c^2
0                           1.99523131
1                           1.99516753
2                           1.98667721
3                           1.98651673
4                           1.98651673
5                           1.98558312
6                           1.98558312
7                           1.98375646
8                           1.87035499
9                           1.61393016
10                          1.61393016
11                          1.26181869
12                          1.26181869
13                          1.58464644
14                          0.39782108
15                          0.03251617
16                          0.03251617
17                          0.71446375
18                          0.71446375
19                          0.02017197
20                          0.36539156
21                          0.36539156
22                          0.06609471
23                          0.00682841
24                          0.00547450
25                          0.00547450
26                          0.01048936
27                          0.01333686
28                          0.01333686
29                          0.00446463
30                          0.00276781
31                          0.01505011
32                          0.01505011
33                          0.00278042
34                          0.00278042
35                          0.00447814
36                          0.00447814
37                          0.00732532
38                          0.00732532
39                          0.00285989
40                          0.00455845
41                          0.00417278
42                          0.00417278
43                          0.00182815
44                          0.00182815
45                          0.00148101
46                          0.00240338
47                          0.00000389
48                          0.00000389
49                          0.00041843
Sum orbitals c^2: 28.00000000
----------------------------------------
Most important dets:
Excite Lv         Coef      Det (Reordered orb)
0           0.39423836      |  0  1  2  3  4  5  6  7  8  9 10 11 12 13 |  0  1  2  3  4  5  6  7  8  9 10 11 12 13 |
2          -0.23228005      |  0  1  2  3  4  5  6  7  8  9 10 11 13 17 |  0  1  2  3  4  5  6  7  8  9 10 11 13 17 |
2          -0.23228005      |  0  1  2  3  4  5  6  7  8  9 10 12 13 18 |  0  1  2  3  4  5  6  7  8  9 10 12 13 18 |
2           0.21328689      |  0  1  2  3  4  5  6  7  8  9 10 12 13 17 |  0  1  2  3  4  5  6  7  8  9 10 11 13 18 |
4           0.15287392      |  0  1  2  3  4  5  6  7  8  9 10 13 17 18 |  0  1  2  3  4  5  6  7  8  9 10 13 17 18 |
2          -0.12831408      |  0  1  2  3  4  5  6  7  8  9 10 12 13 14 |  0  1  2  3  4  5  6  7  8  9 10 11 12 18 |
2           0.12831408      |  0  1  2  3  4  5  6  7  8  9 10 11 13 14 |  0  1  2  3  4  5  6  7  8  9 10 11 12 17 |
2           0.12346648      |  0  1  2  3  4  5  6  7  8  9 11 12 13 18 |  0  1  2  3  4  5  6  7  8  9 10 12 13 20 |
2           0.12346648      |  0  1  2  3  4  5  6  7  8 10 11 12 13 17 |  0  1  2  3  4  5  6  7  8  9 10 11 13 21 |
2          -0.11216010      |  0  1  2  3  4  5  6  7  8  9 11 12 13 17 |  0  1  2  3  4  5  6  7  8  9 10 11 13 20 |
2          -0.11216010      |  0  1  2  3  4  5  6  7  8 10 11 12 13 18 |  0  1  2  3  4  5  6  7  8  9 10 12 13 21 |
2          -0.11089892      |  0  1  2  3  4  5  6  7  8  9 10 11 12 14 |  0  1  2  3  4  5  6  7  8  9 10 11 12 14 |
2           0.10309532      |  0  1  2  3  4  5  6  7  8  9 10 11 13 17 |  0  1  2  3  4  5  6  7  8  9 10 12 13 18 |
2          -0.09777417      |  0  1  2  3  4  5  6  7  8  9 11 12 13 20 |  0  1  2  3  4  5  6  7  8  9 11 12 13 20 |
2          -0.09777417      |  0  1  2  3  4  5  6  7  8 10 11 12 13 21 |  0  1  2  3  4  5  6  7  8 10 11 12 13 21 |
4           0.08461131      |  0  1  2  3  4  5  6  7  8  9 10 13 14 17 |  0  1  2  3  4  5  6  7  8  9 10 11 17 18 |
4          -0.08461131      |  0  1  2  3  4  5  6  7  8  9 10 13 14 18 |  0  1  2  3  4  5  6  7  8  9 10 12 17 18 |
2           0.08045260      |  0  1  2  3  4  5  6  7  8 10 11 12 13 20 |  0  1  2  3  4  5  6  7  8  9 11 12 13 21 |
4          -0.07965287      |  0  1  2  3  4  5  6  7  8  9 11 13 17 18 |  0  1  2  3  4  5  6  7  8  9 10 13 17 20 |
4          -0.07965287      |  0  1  2  3  4  5  6  7  8 10 12 13 17 18 |  0  1  2  3  4  5  6  7  8  9 10 13 18 21 |
----------------------------------------
HF energy: -2098.3136777904 Ha
Variational energy: -2099.8778330888 Ha
END OF eps_var 1.00e-05 << variation [33.2/56.7]GB [198.557/198.557/295.693]s

BEG OF eps_var 5.00e-06 << variation [33.2/56.7]GB [0.001/0.000/295.693]s

BEG OF main << eps_var 5.00e-06 << variation [33.2/56.7]GB [0.004/0.000/295.697]s

BEG OF #1 << main << eps_var 5.00e-06 << variation [34.8/58.4]GB [0.525/0.001/296.222]s
20% 40% 60% 80% 100% 
Number of dets / new dets: 591,749,781 / 379,198,128
END OF get next det list [145.8/169.4]GB [1059.952/1059.952/1356.173]s
END OF update unique ab [161.8/185.4]GB [1335.251/2395.201/2691.423]s
END OF create abm1 [179.4/203.0]GB [996.085/3391.286/3687.507]s
Outer size of a/b singles: 28,096,355 / 0
Full size of absingles: 3,071,610,846
END OF create absingles [186.2/209.7]GB [614.741/4006.025/4302.246]s
10% 20% 30% 40% 50% 60% 70% 80% 90% 100% 
Number of nonzero elems: 311,313,844,229
END OF generate sparse hamiltonian [1868.1/1891.6]GB [75165.631/79171.654/79467.876]s
Davidson #0: -2099.8778330884
Davidson #1: -2099.8874017442
Davidson #2: -2099.8878055925
Davidson #3: -2099.8878794913
Davidson #4: -2099.8879221103
Davidson #5: -2099.8879396092
Davidson #6: -2099.8879563247
Davidson #7: -2099.8879701254
Davidson #8: -2099.8879858053
END OF diagonalize sparse hamiltonian [1942.7/1966.3]GB [2893.624/82065.278/82361.499]s
Iteration 1 eps1= 5.00e-06 ndets= 591,749,781 energy= -2099.88798581
END OF #1 << main << eps_var 5.00e-06 << variation [1942.7/1966.3]GB [0.001/82065.278/82361.499]s

BEG OF #2 << main << eps_var 5.00e-06 << variation [1942.7/1966.3]GB [1.162/0.001/82362.661]s
20% 40% 60% 80% 100% 
Number of dets / new dets: 631,626,597 / 39,876,816
END OF get next det list [1957.9/1981.5]GB [1021.061/1021.061/83383.720]s
END OF update unique ab [1958.0/1981.6]GB [185.775/1206.834/83569.494]s
END OF create abm1 [1958.0/1981.6]GB [180.418/1387.251/83749.911]s
Outer size of a/b singles: 29,434,173 / 0
Full size of absingles: 2,267,111,934
END OF create absingles [1958.0/1981.5]GB [97.154/1484.405/83847.064]s
10% 20% 30% 40% 50% 60% 70% 80% 90% 100% 
Number of nonzero elems: 335,547,752,985
END OF generate sparse hamiltonian [2033.7/2057.2]GB [41777.462/43261.866/125624.526]s
Davidson #0: -2099.8879858042
Davidson #1: -2099.8885360078
Davidson #2: -2099.8885711796
Davidson #3: -2099.8885797824
Davidson #4: -2099.8885861421
Davidson #5: -2099.8885890376
Davidson #6: -2099.8885924256
Davidson #7: -2099.8885990609
Davidson #8: -2099.8886051153
END OF diagonalize sparse hamiltonian [2108.5/2132.1]GB [3043.115/46304.981/128667.640]s
Iteration 2 eps1= 5.00e-06 ndets= 631,626,597 energy= -2099.88860512
END OF #2 << main << eps_var 5.00e-06 << variation [2108.5/2132.1]GB [0.001/46304.981/128667.641]s

BEG OF #3 << main << eps_var 5.00e-06 << variation [2108.5/2132.1]GB [1.083/0.001/128668.723]s
20% 40% 60% 80% 100% 
Number of dets / new dets: 644,035,057 / 12,408,460
END OF get next det list [2163.7/2187.3]GB [964.563/964.563/129633.286]s
END OF update unique ab [2163.7/2187.3]GB [63.953/1028.515/129697.238]s
END OF create abm1 [2163.7/2187.3]GB [91.961/1120.475/129789.198]s
Outer size of a/b singles: 29,883,042 / 0
Full size of absingles: 1,631,967,026
END OF create absingles [2163.8/2187.4]GB [44.973/1165.448/129834.170]s
10% 20% 30% 40% 50% 60% 70% 80% 90% 100% 
Number of nonzero elems: 343,323,345,073
END OF generate sparse hamiltonian [2173.2/2196.8]GB [14123.745/15289.191/143957.914]s
Davidson #0: -2099.8886051143
Davidson #1: -2099.8887663248
Davidson #2: -2099.8887748901
Davidson #3: -2099.8887769308
Davidson #4: -2099.8887779890
Davidson #5: -2099.8887784871
Davidson #6: -2099.8887792438
Davidson #7: -2099.8887810397
Davidson #8: -2099.8887829805
END OF diagonalize sparse hamiltonian [2189.7/2213.3]GB [3106.290/18395.480/147064.202]s
Iteration 3 eps1= 5.00e-06 ndets= 644,035,057 energy= -2099.88878298
END OF #3 << main << eps_var 5.00e-06 << variation [2189.7/2213.3]GB [0.001/18395.480/147064.203]s

BEG OF #4 << main << eps_var 5.00e-06 << variation [2189.7/2213.3]GB [0.028/0.001/147064.230]s
20% 40% 60% 80% 100% 
Number of dets / new dets: 647,990,303 / 3,955,246
END OF get next det list [2290.9/2314.5]GB [677.023/677.023/147741.253]s
END OF update unique ab [2291.0/2314.6]GB [33.933/710.955/147775.185]s
END OF create abm1 [2291.0/2314.6]GB [39.580/750.534/147814.763]s
Outer size of a/b singles: 30,047,314 / 0
Full size of absingles: 1,061,638,390
END OF create absingles [2291.3/2314.9]GB [22.829/773.362/147837.591]s
10% 20% 30% 40% 50% 60% 70% 80% 90% 100% 
Number of nonzero elems: 345,825,729,687
END OF generate sparse hamiltonian [2289.4/2313.0]GB [6033.983/6807.344/153871.573]s
Davidson #0: -2099.8887829810
Davidson #1: -2099.8888355225
Davidson #2: -2099.8888375671
Davidson #3: -2099.8888381209
Davidson #4: -2099.8888383522
Davidson #5: -2099.8888384437
Davidson #6: -2099.8888385805
Davidson #7: -2099.8888388236
Davidson #8: -2099.8888391069
END OF diagonalize sparse hamiltonian [2289.6/2313.2]GB [2754.213/9561.555/156625.785]s
Iteration 4 eps1= 5.00e-06 ndets= 647,990,303 energy= -2099.88883911
END OF #4 << main << eps_var 5.00e-06 << variation [2289.6/2313.2]GB [0.002/9561.556/156625.785]s

BEG OF #5 << main << eps_var 5.00e-06 << variation [2289.6/2313.2]GB [0.011/0.000/156625.796]s
20% 40% 60% 80% 100% 
Number of dets / new dets: 649,063,238 / 1,072,935
END OF get next det list [2391.2/2414.8]GB [453.457/453.457/157079.252]s
END OF update unique ab [2391.3/2414.8]GB [19.997/473.453/157099.249]s
END OF create abm1 [2391.5/2415.0]GB [15.723/489.175/157114.971]s
Outer size of a/b singles: 30,092,202 / 0
Full size of absingles: 532,383,306
END OF create absingles [2391.6/2415.2]GB [10.689/499.863/157125.658]s
10% 20% 30% 40% 50% 60% 70% 80% 90% 100% 
Number of nonzero elems: 346,487,384,092
END OF generate sparse hamiltonian [2392.7/2416.2]GB [3565.149/4065.011/160690.806]s
Davidson #0: -2099.8888391055
Davidson #1: -2099.8888535515
Davidson #2: -2099.8888540549
Davidson #3: -2099.8888541852
Davidson #4: -2099.8888542488
Davidson #5: -2099.8888542744
Davidson #6: -2099.8888543070
Davidson #7: -2099.8888543798
Davidson #8: -2099.8888544603
END OF diagonalize sparse hamiltonian [2388.7/2412.2]GB [2110.839/6175.849/162801.644]s
Iteration 5 eps1= 5.00e-06 ndets= 649,063,238 energy= -2099.88885446
END OF #5 << main << eps_var 5.00e-06 << variation [2388.7/2412.2]GB [0.001/6175.849/162801.644]s

BEG OF #6 << main << eps_var 5.00e-06 << variation [2388.7/2412.2]GB [0.002/0.000/162801.646]s
20% 40% 60% 80% 100% 
Number of dets / new dets: 649,535,941 / 472,703
END OF get next det list [2490.3/2513.9]GB [290.362/290.362/163092.007]s
END OF update unique ab [2490.4/2514.0]GB [15.845/306.205/163107.851]s
END OF create abm1 [2490.5/2514.1]GB [7.214/313.418/163115.064]s
Outer size of a/b singles: 30,110,725 / 0
Full size of absingles: 311,788,416
END OF create absingles [2491.3/2514.9]GB [7.427/320.845/163122.491]s
10% 20% 30% 40% 50% 60% 70% 80% 90% 100% 
Number of nonzero elems: 346,784,012,263
END OF generate sparse hamiltonian [2492.6/2516.2]GB [3198.909/3519.753/166321.399]s
Davidson #0: -2099.8888544606
Davidson #1: -2099.8888606997
Davidson #2: -2099.8888608662
Davidson #3: -2099.8888609163
Davidson #4: -2099.8888609380
Davidson #5: -2099.8888609449
Davidson #6: -2099.8888609538
Davidson #7: -2099.8888609714
Davidson #8: -2099.8888609909
END OF diagonalize sparse hamiltonian [2487.5/2511.1]GB [2182.368/5702.120/168503.766]s
Iteration 6 eps1= 5.00e-06 ndets= 649,535,941 energy= -2099.88886099
END OF #6 << main << eps_var 5.00e-06 << variation [2487.5/2511.1]GB [0.001/5702.120/168503.766]s

BEG OF #7 << main << eps_var 5.00e-06 << variation [2487.5/2511.1]GB [0.001/0.000/168503.767]s
Davidson #0: -2099.8888609918
Davidson #1: -2099.8888610032
Davidson #2: -2099.8888610110
Davidson #3: -2099.8888610163
Davidson #4: -2099.8888610195
Davidson #5: -2099.8888610207
Davidson #6: -2099.8888610238
Davidson #7: -2099.8888610286
Davidson #8: -2099.8888610335
END OF diagonalize sparse hamiltonian [2487.5/2511.1]GB [1997.725/1997.725/170501.492]s
Iteration 7 eps1= 5.00e-06 ndets= 649,535,941 energy= -2099.88886103
END OF #7 << main << eps_var 5.00e-06 << variation [2487.5/2511.1]GB [0.001/1997.725/170501.492]s

BEG OF #8 << main << eps_var 5.00e-06 << variation [2487.5/2511.1]GB [0.000/0.000/170501.493]s
Davidson #0: -2099.8888610327
Davidson #1: -2099.8888610365
Davidson #2: -2099.8888610395
Davidson #3: -2099.8888610413
Davidson #4: -2099.8888610425
Davidson #5: -2099.8888610444
Davidson #6: -2099.8888610458
Davidson #7: -2099.8888610480
Davidson #8: -2099.8888610503
END OF diagonalize sparse hamiltonian [2483.7/2507.2]GB [2047.656/2047.656/172549.148]s
Iteration 8 eps1= 5.00e-06 ndets= 649,535,941 energy= -2099.88886105
END OF #8 << main << eps_var 5.00e-06 << variation [2483.7/2507.2]GB [0.001/2047.656/172549.149]s

BEG OF #9 << main << eps_var 5.00e-06 << variation [2483.7/2507.2]GB [0.000/0.000/172549.149]s
Davidson #0: -2099.8888610506
Davidson #1: -2099.8888610526
Davidson #2: -2099.8888610541
Davidson #3: -2099.8888610550
Davidson #4: -2099.8888610557
Davidson #5: -2099.8888610555
Davidson #6: -2099.8888610563
Davidson #7: -2099.8888610575
Davidson #8: -2099.8888610589
END OF diagonalize sparse hamiltonian [2483.7/2507.3]GB [2185.785/2185.785/174734.934]s
Iteration 9 eps1= 5.00e-06 ndets= 649,535,941 energy= -2099.88886106
END OF #9 << main << eps_var 5.00e-06 << variation [2483.7/2507.3]GB [0.001/2185.785/174734.934]s

BEG OF #10 << main << eps_var 5.00e-06 << variation [2483.7/2507.3]GB [0.000/0.000/174734.934]s
Davidson #0: -2099.8888610585
Davidson #1: -2099.8888610597
Davidson #2: -2099.8888610607
Davidson #3: -2099.8888610613
Davidson #4: -2099.8888610617
Davidson #5: -2099.8888610616
Davidson #6: -2099.8888610622
Davidson #7: -2099.8888610630
Davidson #8: -2099.8888610639
END OF diagonalize sparse hamiltonian [2479.9/2503.5]GB [2065.744/2065.744/176800.678]s
Iteration 10 eps1= 5.00e-06 ndets= 649,535,941 energy= -2099.88886106
END OF #10 << main << eps_var 5.00e-06 << variation [2479.9/2503.5]GB [0.002/2065.745/176800.679]s

BEG OF #11 << main << eps_var 5.00e-06 << variation [2479.9/2503.5]GB [0.001/0.000/176800.679]s
Davidson #0: -2099.8888610651
Davidson #1: -2099.8888610659
Davidson #2: -2099.8888610666
Davidson #3: -2099.8888610670
Davidson #4: -2099.8888610672
Davidson #5: -2099.8888610678
Davidson #6: -2099.8888610681
Davidson #7: -2099.8888610687
Davidson #8: -2099.8888610693
END OF diagonalize sparse hamiltonian [2474.9/2498.5]GB [1952.819/1952.819/178753.498]s
Iteration 11 eps1= 5.00e-06 ndets= 649,535,941 energy= -2099.88886107
END OF #11 << main << eps_var 5.00e-06 << variation [2474.9/2498.5]GB [0.001/1952.819/178753.498]s

BEG OF #12 << main << eps_var 5.00e-06 << variation [2474.9/2498.5]GB [0.001/0.000/178753.498]s
Davidson #0: -2099.8888610687
Davidson #1: -2099.8888610693
Davidson #2: -2099.8888610697
Davidson #3: -2099.8888610700
Davidson #4: -2099.8888610702
Davidson #5: -2099.8888610702
Davidson #6: -2099.8888610705
Davidson #7: -2099.8888610709
Davidson #8: -2099.8888610713
END OF diagonalize sparse hamiltonian [2471.0/2494.5]GB [1804.183/1804.183/180557.681]s
Iteration 12 eps1= 5.00e-06 ndets= 649,535,941 energy= -2099.88886107
END OF #12 << main << eps_var 5.00e-06 << variation [2471.0/2494.5]GB [0.001/1804.183/180557.681]s

BEG OF #13 << main << eps_var 5.00e-06 << variation [2471.0/2494.5]GB [0.000/0.000/180557.681]s
Davidson #0: -2099.8888610710
Davidson #1: -2099.8888610714
Davidson #2: -2099.8888610718
Davidson #3: -2099.8888610720
Davidson #4: -2099.8888610721
Davidson #5: -2099.8888610728
Davidson #6: -2099.8888610730
Davidson #7: -2099.8888610733
Davidson #8: -2099.8888610736
END OF diagonalize sparse hamiltonian [2465.9/2489.5]GB [1857.380/1857.380/182415.061]s
Iteration 13 eps1= 5.00e-06 ndets= 649,535,941 energy= -2099.88886107
END OF #13 << main << eps_var 5.00e-06 << variation [2465.9/2489.5]GB [0.001/1857.381/182415.062]s

BEG OF #14 << main << eps_var 5.00e-06 << variation [2465.9/2489.5]GB [0.000/0.000/182415.062]s
Davidson #0: -2099.8888610733
Davidson #1: -2099.8888610736
Davidson #2: -2099.8888610739
Davidson #3: -2099.8888610740
Davidson #4: -2099.8888610741
Davidson #5: -2099.8888610745
Davidson #6: -2099.8888610746
Davidson #7: -2099.8888610748
Davidson #8: -2099.8888610751
END OF diagonalize sparse hamiltonian [2461.5/2485.1]GB [1894.062/1894.062/184309.124]s
Iteration 14 eps1= 5.00e-06 ndets= 649,535,941 energy= -2099.88886108
END OF #14 << main << eps_var 5.00e-06 << variation [2461.5/2485.1]GB [0.001/1894.062/184309.124]s

BEG OF #15 << main << eps_var 5.00e-06 << variation [2461.5/2485.1]GB [0.001/0.000/184309.124]s
Davidson #0: -2099.8888610744
Davidson #1: -2099.8888610747
Davidson #2: -2099.8888610748
Davidson #3: -2099.8888610749
Davidson #4: -2099.8888610750
Davidson #5: -2099.8888610759
Davidson #6: -2099.8888610760
Davidson #7: -2099.8888610762
Davidson #8: -2099.8888610764
END OF diagonalize sparse hamiltonian [2456.1/2479.7]GB [1884.655/1884.655/186193.779]s
Iteration 15 eps1= 5.00e-06 ndets= 649,535,941 energy= -2099.88886108
END OF #15 << main << eps_var 5.00e-06 << variation [2456.1/2479.7]GB [0.001/1884.655/186193.779]s

BEG OF #16 << main << eps_var 5.00e-06 << variation [2456.1/2479.7]GB [0.000/0.000/186193.779]s
Davidson #0: -2099.8888610770
Davidson #1: -2099.8888610771
Davidson #2: -2099.8888610773
Davidson #3: -2099.8888610773
Davidson #4: -2099.8888610774
Davidson #5: -2099.8888610763
Davidson #6: -2099.8888610764
Davidson #7: -2099.8888610765
Davidson #8: -2099.8888610766
END OF diagonalize sparse hamiltonian [2461.3/2484.9]GB [1911.165/1911.165/188104.944]s
Iteration 16 eps1= 5.00e-06 ndets= 649,535,941 energy= -2099.88886108
END OF #16 << main << eps_var 5.00e-06 << variation [2461.3/2484.9]GB [0.001/1911.165/188104.944]s

BEG OF #17 << main << eps_var 5.00e-06 << variation [2461.3/2484.9]GB [0.000/0.000/188104.944]s
Davidson #0: -2099.8888610764
Davidson #1: -2099.8888610765
Davidson #2: -2099.8888610766
Davidson #3: -2099.8888610766
Davidson #4: -2099.8888610767
Davidson #5: -2099.8888610776
Davidson #6: -2099.8888610776
Davidson #7: -2099.8888610777
Davidson #8: -2099.8888610778
END OF diagonalize sparse hamiltonian [2456.6/2480.2]GB [1960.739/1960.739/190065.683]s
Iteration 17 eps1= 5.00e-06 ndets= 649,535,941 energy= -2099.88886108
END OF #17 << main << eps_var 5.00e-06 << variation [2456.6/2480.2]GB [0.001/1960.739/190065.683]s

BEG OF #18 << main << eps_var 5.00e-06 << variation [2456.6/2480.2]GB [0.000/0.000/190065.683]s
Davidson #0: -2099.8888610780
Davidson #1: -2099.8888610781
Davidson #2: -2099.8888610781
Davidson #3: -2099.8888610782
Davidson #4: -2099.8888610782
Davidson #5: -2099.8888610779
Davidson #6: -2099.8888610779
Davidson #7: -2099.8888610780
Davidson #8: -2099.8888610780
END OF diagonalize sparse hamiltonian [2457.0/2480.6]GB [1963.776/1963.776/192029.459]s
Iteration 18 eps1= 5.00e-06 ndets= 649,535,941 energy= -2099.88886108
END OF #18 << main << eps_var 5.00e-06 << variation [2457.0/2480.6]GB [0.001/1963.776/192029.460]s

BEG OF #19 << main << eps_var 5.00e-06 << variation [2457.0/2480.6]GB [0.000/0.000/192029.460]s
Davidson #0: -2099.8888610781
Davidson #1: -2099.8888610782
Davidson #2: -2099.8888610782
Davidson #3: -2099.8888610783
Davidson #4: -2099.8888610783
Davidson #5: -2099.8888610781
Davidson #6: -2099.8888610781
Davidson #7: -2099.8888610782
Davidson #8: -2099.8888610782
END OF diagonalize sparse hamiltonian [2457.1/2480.7]GB [1919.286/1919.286/193948.746]s
Iteration 19 eps1= 5.00e-06 ndets= 649,535,941 energy= -2099.88886108
END OF #19 << main << eps_var 5.00e-06 << variation [2457.1/2480.7]GB [0.001/1919.287/193948.746]s

BEG OF #20 << main << eps_var 5.00e-06 << variation [2457.1/2480.7]GB [0.000/0.000/193948.747]s
Davidson #0: -2099.8888610782
Davidson #1: -2099.8888610783
Davidson #2: -2099.8888610783
Davidson #3: -2099.8888610783
Davidson #4: -2099.8888610783
Davidson #5: -2099.8888610773
Davidson #6: -2099.8888610773
Davidson #7: -2099.8888610773
Davidson #8: -2099.8888610774
END OF diagonalize sparse hamiltonian [2457.3/2480.8]GB [2127.214/2127.214/196075.960]s
Iteration 20 eps1= 5.00e-06 ndets= 649,535,941 energy= -2099.88886108
END OF #20 << main << eps_var 5.00e-06 << variation [2457.3/2480.8]GB [0.001/2127.214/196075.960]s

BEG OF #21 << main << eps_var 5.00e-06 << variation [2457.3/2480.8]GB [0.001/0.000/196075.961]s
Davidson #0: -2099.8888610783
Davidson #1: -2099.8888610784
Davidson #2: -2099.8888610784
Davidson #3: -2099.8888610784
Davidson #4: -2099.8888610784
Davidson #5: -2099.8888610789
Davidson #6: -2099.8888610789
Davidson #7: -2099.8888610789
Davidson #8: -2099.8888610789
END OF diagonalize sparse hamiltonian [2457.4/2481.0]GB [2125.398/2125.398/198201.358]s
Iteration 21 eps1= 5.00e-06 ndets= 649,535,941 energy= -2099.88886108
END OF #21 << main << eps_var 5.00e-06 << variation [2457.4/2481.0]GB [0.001/2125.398/198201.359]s

BEG OF #22 << main << eps_var 5.00e-06 << variation [2457.4/2481.0]GB [0.000/0.000/198201.359]s
Davidson #0: -2099.8888610786
Davidson #1: -2099.8888610786
Davidson #2: -2099.8888610786
Davidson #3: -2099.8888610786
Davidson #4: -2099.8888610786
Davidson #5: -2099.8888610776
Davidson #6: -2099.8888610776
Davidson #7: -2099.8888610776
Davidson #8: -2099.8888610776
END OF diagonalize sparse hamiltonian [2457.6/2481.2]GB [2034.308/2034.308/200235.667]s
Iteration 22 eps1= 5.00e-06 ndets= 649,535,941 energy= -2099.88886108
END OF #22 << main << eps_var 5.00e-06 << variation [2457.6/2481.2]GB [0.001/2034.309/200235.667]s

BEG OF #23 << main << eps_var 5.00e-06 << variation [2457.6/2481.2]GB [0.000/0.000/200235.668]s
Davidson #0: -2099.8888610785
Davidson #1: -2099.8888610785
Davidson #2: -2099.8888610786
Davidson #3: -2099.8888610786
Davidson #4: -2099.8888610786
Davidson #5: -2099.8888610779
Davidson #6: -2099.8888610779
Davidson #7: -2099.8888610779
Davidson #8: -2099.8888610779
END OF diagonalize sparse hamiltonian [2457.7/2481.2]GB [2148.950/2148.950/202384.617]s
Iteration 23 eps1= 5.00e-06 ndets= 649,535,941 energy= -2099.88886108
END OF #23 << main << eps_var 5.00e-06 << variation [2457.7/2481.2]GB [0.001/2148.950/202384.618]s

BEG OF #24 << main << eps_var 5.00e-06 << variation [2457.7/2481.2]GB [0.000/0.000/202384.618]s
Davidson #0: -2099.8888610791
Davidson #1: -2099.8888610792
Davidson #2: -2099.8888610792
Davidson #3: -2099.8888610792
Davidson #4: -2099.8888610792
Davidson #5: -2099.8888610783
Davidson #6: -2099.8888610783
Davidson #7: -2099.8888610783
Davidson #8: -2099.8888610783
END OF diagonalize sparse hamiltonian [2457.9/2481.5]GB [2115.791/2115.791/204500.409]s
Iteration 24 eps1= 5.00e-06 ndets= 649,535,941 energy= -2099.88886108
END OF #24 << main << eps_var 5.00e-06 << variation [2457.9/2481.5]GB [0.001/2115.792/204500.409]s

BEG OF #25 << main << eps_var 5.00e-06 << variation [2457.9/2481.5]GB [0.000/0.000/204500.409]s
Davidson #0: -2099.8888610786
Davidson #1: -2099.8888610786
Davidson #2: -2099.8888610786
Davidson #3: -2099.8888610786
Davidson #4: -2099.8888610786
Davidson #5: -2099.8888610791
Davidson #6: -2099.8888610791
Davidson #7: -2099.8888610791
Davidson #8: -2099.8888610791
END OF diagonalize sparse hamiltonian [2458.0/2481.6]GB [2027.316/2027.316/206527.726]s
Iteration 25 eps1= 5.00e-06 ndets= 649,535,941 energy= -2099.88886108
END OF #25 << main << eps_var 5.00e-06 << variation [2458.0/2481.6]GB [0.001/2027.317/206527.726]s

BEG OF #26 << main << eps_var 5.00e-06 << variation [2458.0/2481.6]GB [0.000/0.000/206527.726]s
Davidson #0: -2099.8888610784
Davidson #1: -2099.8888610784
Davidson #2: -2099.8888610784
Davidson #3: -2099.8888610784
Davidson #4: -2099.8888610785
Davidson #5: -2099.8888610784
Davidson #6: -2099.8888610784
Davidson #7: -2099.8888610784
Davidson #8: -2099.8888610784
END OF diagonalize sparse hamiltonian [2458.4/2481.9]GB [1938.119/1938.119/208465.845]s
Iteration 26 eps1= 5.00e-06 ndets= 649,535,941 energy= -2099.88886108
END OF #26 << main << eps_var 5.00e-06 << variation [2458.4/2481.9]GB [0.001/1938.120/208465.845]s

BEG OF #27 << main << eps_var 5.00e-06 << variation [2458.4/2481.9]GB [0.000/0.000/208465.846]s
Davidson #0: -2099.8888610793
Davidson #1: -2099.8888610793
Davidson #2: -2099.8888610793
Davidson #3: -2099.8888610793
Davidson #4: -2099.8888610793
Davidson #5: -2099.8888610788
Davidson #6: -2099.8888610788
Davidson #7: -2099.8888610788
Davidson #8: -2099.8888610788
END OF diagonalize sparse hamiltonian [2458.7/2482.3]GB [2202.380/2202.380/210668.225]s
Iteration 27 eps1= 5.00e-06 ndets= 649,535,941 energy= -2099.88886108
END OF #27 << main << eps_var 5.00e-06 << variation [2458.7/2482.3]GB [0.001/2202.380/210668.225]s

BEG OF #28 << main << eps_var 5.00e-06 << variation [2458.7/2482.3]GB [0.000/0.000/210668.226]s
Davidson #0: -2099.8888610790
Davidson #1: -2099.8888610790
Davidson #2: -2099.8888610790
Davidson #3: -2099.8888610790
Davidson #4: -2099.8888610790
Davidson #5: -2099.8888610788
Davidson #6: -2099.8888610788
Davidson #7: -2099.8888610788
Davidson #8: -2099.8888610788
END OF diagonalize sparse hamiltonian [2459.1/2482.7]GB [2189.724/2189.724/212857.949]s
Iteration 28 eps1= 5.00e-06 ndets= 649,535,941 energy= -2099.88886108
END OF #28 << main << eps_var 5.00e-06 << variation [2459.1/2482.7]GB [0.001/2189.724/212857.949]s

BEG OF #29 << main << eps_var 5.00e-06 << variation [2459.1/2482.7]GB [0.000/0.000/212857.950]s
Davidson #0: -2099.8888610784
Davidson #1: -2099.8888610784
Davidson #2: -2099.8888610784
Davidson #3: -2099.8888610784
Davidson #4: -2099.8888610784
Davidson #5: -2099.8888610777
Davidson #6: -2099.8888610777
Davidson #7: -2099.8888610777
Davidson #8: -2099.8888610777
END OF diagonalize sparse hamiltonian [2459.3/2482.9]GB [2223.794/2223.794/215081.744]s
Iteration 29 eps1= 5.00e-06 ndets= 649,535,941 energy= -2099.88886108
END OF #29 << main << eps_var 5.00e-06 << variation [2459.3/2482.9]GB [0.001/2223.794/215081.744]s

BEG OF #30 << main << eps_var 5.00e-06 << variation [2459.3/2482.9]GB [0.000/0.000/215081.744]s
Davidson #0: -2099.8888610785
Davidson #1: -2099.8888610785
Davidson #2: -2099.8888610785
Davidson #3: -2099.8888610785
Davidson #4: -2099.8888610785
Davidson #5: -2099.8888610790
Davidson #6: -2099.8888610790
Davidson #7: -2099.8888610790
Davidson #8: -2099.8888610790
END OF diagonalize sparse hamiltonian [2459.8/2483.3]GB [2181.079/2181.079/217262.823]s
Iteration 30 eps1= 5.00e-06 ndets= 649,535,941 energy= -2099.88886108
END OF #30 << main << eps_var 5.00e-06 << variation [2459.8/2483.3]GB [0.001/2181.079/217262.823]s

BEG OF #31 << main << eps_var 5.00e-06 << variation [2459.8/2483.3]GB [0.000/0.000/217262.823]s
Davidson #0: -2099.8888610794
Davidson #1: -2099.8888610794
Davidson #2: -2099.8888610794
Davidson #3: -2099.8888610794
Davidson #4: -2099.8888610794
Davidson #5: -2099.8888610792
Davidson #6: -2099.8888610792
Davidson #7: -2099.8888610792
Davidson #8: -2099.8888610792
END OF diagonalize sparse hamiltonian [2460.2/2483.7]GB [2279.158/2279.158/219541.981]s
Iteration 31 eps1= 5.00e-06 ndets= 649,535,941 energy= -2099.88886108
END OF #31 << main << eps_var 5.00e-06 << variation [2460.2/2483.7]GB [0.001/2279.158/219541.981]s

BEG OF #32 << main << eps_var 5.00e-06 << variation [2460.2/2483.7]GB [0.000/0.000/219541.981]s
Davidson #0: -2099.8888610785
Davidson #1: -2099.8888610785
Davidson #2: -2099.8888610785
Davidson #3: -2099.8888610785
Davidson #4: -2099.8888610785
Davidson #5: -2099.8888610789
Davidson #6: -2099.8888610789
Davidson #7: -2099.8888610789
Davidson #8: -2099.8888610789
END OF diagonalize sparse hamiltonian [2460.7/2484.3]GB [2286.336/2286.336/221828.318]s
Iteration 32 eps1= 5.00e-06 ndets= 649,535,941 energy= -2099.88886108
END OF #32 << main << eps_var 5.00e-06 << variation [2460.7/2484.3]GB [0.001/2286.337/221828.318]s
Final iteration 32 eps1= 5.00e-06 ndets= 649,535,941 energy= -2099.88886108
Effect dets (without time sym): 1,298,994,409
----------------------------------------
Excite Lv       # dets         Sum c^2
0                    1      0.14514883
1                  192      0.00073291
2                87532      0.38916098
3              6796942      0.01849233
4             91310110      0.29368177
5            210467568      0.02473110
6            393002653      0.09550786
7            264999760      0.01143720
8            208132036      0.01665612
9             76145090      0.00249677
10            35260818      0.00164846
11             9590712      0.00023706
12             2626968      0.00006546
13              513842      0.00000288
14               60185      0.00000027
----------------------------------------
Orbital                        Sum c^2
0                           1.99504351
1                           1.99496270
2                           1.98616168
3                           1.98599276
4                           1.98599276
5                           1.98506077
6                           1.98506077
7                           1.98320648
8                           1.85861149
9                           1.60076420
10                          1.60076420
11                          1.25224280
12                          1.25224280
13                          1.57223227
14                          0.40845196
15                          0.03525294
16                          0.03525294
17                          0.72219689
18                          0.72219689
19                          0.02195192
20                          0.37658352
21                          0.37658352
22                          0.07219059
23                          0.00741534
24                          0.00614699
25                          0.00614699
26                          0.01106329
27                          0.01394541
28                          0.01394541
29                          0.00461167
30                          0.00287247
31                          0.01577362
32                          0.01577362
33                          0.00288263
34                          0.00288263
35                          0.00463234
36                          0.00463234
37                          0.00770221
38                          0.00770221
39                          0.00304881
40                          0.00497275
41                          0.00448729
42                          0.00448729
43                          0.00206808
44                          0.00206808
45                          0.00183957
46                          0.00256274
47                          0.00000602
48                          0.00000602
49                          0.00047011
Sum orbitals c^2: 28.00000000
----------------------------------------
Most important dets:
Excite Lv         Coef      Det (Reordered orb)
0           0.38098403      |  0  1  2  3  4  5  6  7  8  9 10 11 12 13 |  0  1  2  3  4  5  6  7  8  9 10 11 12 13 |
2          -0.22666709      |  0  1  2  3  4  5  6  7  8  9 10 11 13 17 |  0  1  2  3  4  5  6  7  8  9 10 11 13 17 |
2          -0.22666709      |  0  1  2  3  4  5  6  7  8  9 10 12 13 18 |  0  1  2  3  4  5  6  7  8  9 10 12 13 18 |
2           0.20985383      |  0  1  2  3  4  5  6  7  8  9 10 12 13 17 |  0  1  2  3  4  5  6  7  8  9 10 11 13 18 |
4           0.14971877      |  0  1  2  3  4  5  6  7  8  9 10 13 17 18 |  0  1  2  3  4  5  6  7  8  9 10 13 17 18 |
2          -0.12803696      |  0  1  2  3  4  5  6  7  8  9 10 12 13 14 |  0  1  2  3  4  5  6  7  8  9 10 11 12 18 |
2           0.12803696      |  0  1  2  3  4  5  6  7  8  9 10 11 13 14 |  0  1  2  3  4  5  6  7  8  9 10 11 12 17 |
2           0.12330301      |  0  1  2  3  4  5  6  7  8  9 11 12 13 18 |  0  1  2  3  4  5  6  7  8  9 10 12 13 20 |
2           0.12330301      |  0  1  2  3  4  5  6  7  8 10 11 12 13 17 |  0  1  2  3  4  5  6  7  8  9 10 11 13 21 |
2          -0.11322725      |  0  1  2  3  4  5  6  7  8  9 11 12 13 17 |  0  1  2  3  4  5  6  7  8  9 10 11 13 20 |
2          -0.11322725      |  0  1  2  3  4  5  6  7  8 10 11 12 13 18 |  0  1  2  3  4  5  6  7  8  9 10 12 13 21 |
2          -0.10906960      |  0  1  2  3  4  5  6  7  8  9 10 11 12 14 |  0  1  2  3  4  5  6  7  8  9 10 11 12 14 |
2           0.10346084      |  0  1  2  3  4  5  6  7  8  9 10 11 13 17 |  0  1  2  3  4  5  6  7  8  9 10 12 13 18 |
2          -0.09679006      |  0  1  2  3  4  5  6  7  8  9 11 12 13 20 |  0  1  2  3  4  5  6  7  8  9 11 12 13 20 |
2          -0.09679006      |  0  1  2  3  4  5  6  7  8 10 11 12 13 21 |  0  1  2  3  4  5  6  7  8 10 11 12 13 21 |
4           0.08493379      |  0  1  2  3  4  5  6  7  8  9 10 13 14 17 |  0  1  2  3  4  5  6  7  8  9 10 11 17 18 |
4          -0.08493379      |  0  1  2  3  4  5  6  7  8  9 10 13 14 18 |  0  1  2  3  4  5  6  7  8  9 10 12 17 18 |
2           0.08090166      |  0  1  2  3  4  5  6  7  8 10 11 12 13 20 |  0  1  2  3  4  5  6  7  8  9 11 12 13 21 |
4          -0.08008028      |  0  1  2  3  4  5  6  7  8  9 11 13 17 18 |  0  1  2  3  4  5  6  7  8  9 10 13 17 20 |
4          -0.08008028      |  0  1  2  3  4  5  6  7  8 10 12 13 17 18 |  0  1  2  3  4  5  6  7  8  9 10 13 18 21 |
----------------------------------------
END OF main << eps_var 5.00e-06 << variation [2460.7/2484.3]GB [143.605/221676.225/221971.922]s
Variational results saved to: wf_eps1_5.00e-06.dat
END OF eps_var 5.00e-06 << variation [2462.4/2485.9]GB [40.583/221716.811/222012.504]s
END OF variation [2460.5/2484.1]GB [427.951/222438.826/222440.454]s

BEG OF post variation [2460.5/2484.1]GB [0.001/0.000/222440.454]s
END OF post variation [2460.5/2484.1]GB [0.001/0.001/222440.455]s
