l039
80
Semistochastic Heat-bath Configuration Interation (SHCI)

Start time: Fri Jun 14 13:02:36 2019
Infrastructure: 1 nodes * 80 threads
Configuration:
{
  "chem": {
    "irrep_occs_dn": [
      4,
      2,
      1,
      2,
      1,
      2,
      1,
      0,
      1,
      0
    ],
    "irrep_occs_up": [
      4,
      2,
      1,
      2,
      1,
      2,
      1,
      0,
      1,
      0
    ],
    "irreps": [
      1,
      2,
      3,
      4,
      5,
      6,
      7,
      8,
      9,
      10
    ],
    "point_group": "dih"
  },
  "eps_pt": 1e-20,
  "eps_vars": [
    0.0002,
    0.0001,
    5e-05,
    3e-05,
    2e-05,
    1e-05,
    5e-06
  ],
  "eps_vars_schedule": [
    0.005,
    0.005,
    0.005,
    0.005,
    0.005,
    0.003,
    0.003,
    0.003,
    0.003,
    0.003,
    0.002,
    0.002,
    0.002,
    0.002,
    0.002,
    0.001,
    0.001,
    0.001,
    0.001,
    0.001,
    0.001,
    0.001,
    0.0005,
    0.0005,
    0.0005,
    0.0005,
    0.0005,
    0.0005,
    0.0005,
    0.0003,
    0.0003,
    0.0003,
    0.0003,
    0.0003,
    0.0002,
    0.0002,
    0.0002,
    0.0002,
    0.0002
  ],
  "n_dn": 14,
  "n_up": 14,
  "skip_var": true,
  "system": "chem",
  "target_error": 2e-05,
  "time_sym": true
}
Timing format: [DIFF/SECTION/TOTAL]

BEG OF setup [0.0/25.5]GB [0.001/0.001/0.001]s

BEG OF load integrals << setup [0.0/25.5]GB [0.004/0.000/0.004]s
n_orbs: 76
n_elecs (from FCIDUMP): 28
orb_sym: 1 2 1 6 4 3 5 2 1 6 4 7 9 1 2 6 4 10 8 1 3 5 2 2 3 5 1 6 4 1 2 7 9 3 5 6 4 10 8 2 1 3 5 6 4 1 2 3 5 2 7 9 6 4 1 10 8 1 3 5 2 7 9 6 4 14 12 2 11 13 1 10 8 5 3 2 
END OF load fcidump [0.1/25.6]GB [1.494/1.494/1.497]s
HF det up: 0 1 2 3 4 5 6 7 8 9 10 11 12 13 
HF det dn: 0 1 2 3 4 5 6 7 8 9 10 11 12 13 
Reorder skipped.
Orbitals energy:
#  0: E =  -3.475842901380, sym =  1, origin #  0
#  1: E =  -3.458339890743, sym =  2, origin #  1
#  2: E =  -2.229983073199, sym =  1, origin #  2
#  3: E =  -2.186374529012, sym =  6, origin #  3
#  4: E =  -2.186374529012, sym =  4, origin #  4
#  5: E =  -2.164826051671, sym =  3, origin #  5
#  6: E =  -2.164826051671, sym =  5, origin #  6
#  7: E =  -2.139215135790, sym =  2, origin #  7
#  8: E =  -0.215315034692, sym =  1, origin #  8
#  9: E =  -0.239911359255, sym =  6, origin #  9
# 10: E =  -0.239911359254, sym =  4, origin # 10
# 11: E =  -0.171744565852, sym =  7, origin # 11
# 12: E =  -0.171744565852, sym =  9, origin # 12
# 13: E =  -0.249954631544, sym =  1, origin # 13
# 14: E =   0.190969300307, sym =  2, origin # 14
# 15: E =   0.174443405102, sym =  6, origin # 15
# 16: E =   0.174443405102, sym =  4, origin # 16
# 17: E =   0.122636649704, sym = 10, origin # 17
# 18: E =   0.122636649705, sym =  8, origin # 18
# 19: E =   0.399146820614, sym =  1, origin # 19
# 20: E =   0.203801246952, sym =  3, origin # 20
# 21: E =   0.203801246952, sym =  5, origin # 21
# 22: E =   0.136109956274, sym =  2, origin # 22
# 23: E =   1.027540842088, sym =  2, origin # 23
# 24: E =   0.521246614003, sym =  3, origin # 24
# 25: E =   0.521246614003, sym =  5, origin # 25
# 26: E =   1.279158880765, sym =  1, origin # 26
# 27: E =   1.131233334669, sym =  6, origin # 27
# 28: E =   1.131233334669, sym =  4, origin # 28
# 29: E =   2.354534186096, sym =  1, origin # 29
# 30: E =   3.358801232152, sym =  2, origin # 30
# 31: E =   0.931184094125, sym =  7, origin # 31
# 32: E =   0.931184094125, sym =  9, origin # 32
# 33: E =   3.164664320110, sym =  3, origin # 33
# 34: E =   3.164664320110, sym =  5, origin # 34
# 35: E =   2.198747262078, sym =  6, origin # 35
# 36: E =   2.198747262078, sym =  4, origin # 36
# 37: E =   1.274805611052, sym = 10, origin # 37
# 38: E =   1.274805611052, sym =  8, origin # 38
# 39: E =   1.696172558475, sym =  2, origin # 39
# 40: E =   1.430651760290, sym =  1, origin # 40
# 41: E =   1.641515514220, sym =  3, origin # 41
# 42: E =   1.641515514219, sym =  5, origin # 42
# 43: E =   0.577864634887, sym =  6, origin # 43
# 44: E =   0.577864634886, sym =  4, origin # 44
# 45: E =   0.500092716419, sym =  1, origin # 45
# 46: E =   1.854368881977, sym =  2, origin # 46
# 47: E =   0.156207523298, sym =  3, origin # 47
# 48: E =   0.156207523297, sym =  5, origin # 48
# 49: E =   1.982435989062, sym =  2, origin # 49
# 50: E =   2.253745122110, sym =  7, origin # 50
# 51: E =   2.253745122110, sym =  9, origin # 51
# 52: E =   0.581978812032, sym =  6, origin # 52
# 53: E =   0.581978812032, sym =  4, origin # 53
# 54: E =   0.621336807525, sym =  1, origin # 54
# 55: E =   2.701037112441, sym = 10, origin # 55
# 56: E =   2.701037112441, sym =  8, origin # 56
# 57: E =   0.672048424766, sym =  1, origin # 57
# 58: E =   0.568113246535, sym =  3, origin # 58
# 59: E =   0.568113246535, sym =  5, origin # 59
# 60: E =   0.854073952360, sym =  2, origin # 60
# 61: E =   0.699689440094, sym =  7, origin # 61
# 62: E =   0.699689440094, sym =  9, origin # 62
# 63: E =   0.324313917544, sym =  6, origin # 63
# 64: E =   0.324313917544, sym =  4, origin # 64
# 65: E =   2.402299139581, sym = 14, origin # 65
# 66: E =   2.402299139581, sym = 12, origin # 66
# 67: E =   0.114281178859, sym =  2, origin # 67
# 68: E =   2.488965170252, sym = 11, origin # 68
# 69: E =   2.488965170252, sym = 13, origin # 69
# 70: E =   0.211659866614, sym =  1, origin # 70
# 71: E =   0.549146347027, sym = 10, origin # 71
# 72: E =   0.549146347027, sym =  8, origin # 72
# 73: E =   0.935455397914, sym =  5, origin # 73
# 74: E =   0.935455397913, sym =  3, origin # 74
# 75: E =   0.740215268650, sym =  2, origin # 75
HF det up: 0 1 2 3 4 5 6 7 8 9 10 11 12 13 
HF det dn: 0 1 2 3 4 5 6 7 8 9 10 11 12 13 
END OF reorder orbitals [0.1/25.6]GB [0.057/1.550/1.553]s
FCIDUMP cache saved to: integrals_cache.dat
END OF load integrals << setup [0.1/25.6]GB [0.190/1.739/1.742]s

BEG OF setup hci queue << setup [0.1/25.6]GB [0.001/0.000/1.743]s
Max hci queue elem: 0.3685819623 Ha
Number of entries in hci queue: 1,786,342
END OF setup hci queue << setup [0.1/25.6]GB [0.082/0.082/1.825]s
HF energy: -2098.3136777904 Ha
END OF setup [0.1/25.6]GB [0.005/1.829/1.829]s

BEG OF post variation [0.1/25.6]GB [0.001/0.000/1.829]s
END OF post variation [0.1/25.6]GB [0.001/0.001/1.830]s

BEG OF perturbation [0.1/25.6]GB [0.001/0.000/1.831]s

BEG OF eps_var 2.00e-04 << perturbation [0.1/25.6]GB [0.001/0.000/1.831]s
Loaded 1,726,968 dets from: wf_eps1_2.00e-04.dat
Effect dets (without time sym): 3,449,488
----------------------------------------
Excite Lv       # dets         Sum c^2
0                    1      0.17643891
1                  152      0.00030737
2                49598      0.41133569
3               179616      0.01260553
4               910966      0.28394813
5               517654      0.01482204
6              1068787      0.08108089
7               295936      0.00576441
8               336809      0.01169570
9                52096      0.00100389
10               33475      0.00091290
11                2764      0.00006780
12                1624      0.00001673
13                  10      0.00000002
----------------------------------------
Orbital                        Sum c^2
0                           1.99613822
1                           1.99609442
2                           1.98938005
3                           1.98925760
4                           1.98925760
5                           1.98848483
6                           1.98848483
7                           1.98698386
8                           1.94479875
9                           1.64074529
10                          1.64074529
11                          1.26844158
12                          1.26844158
13                          1.60253543
14                          0.38744755
15                          0.01496728
16                          0.01496728
17                          0.71771833
18                          0.71771833
19                          0.01070436
20                          0.34759501
21                          0.34759501
22                          0.02530945
23                          0.00445747
24                          0.00329205
25                          0.00329205
26                          0.00733847
27                          0.00943047
28                          0.00943047
29                          0.00360055
30                          0.00227871
31                          0.01012013
32                          0.01012013
33                          0.00228983
34                          0.00228983
35                          0.00357182
36                          0.00357182
37                          0.00535675
38                          0.00535675
39                          0.00218456
40                          0.00293647
41                          0.00298370
42                          0.00298370
43                          0.00092046
44                          0.00092046
45                          0.00033924
46                          0.00176336
47                          0.00000023
48                          0.00000023
49                          0.00026514
Sum orbitals c^2: 28.00000000
----------------------------------------
Most important dets:
Excite Lv         Coef      Det (Reordered orb)
0           0.42004631      |  0  1  2  3  4  5  6  7  8  9 10 11 12 13 |  0  1  2  3  4  5  6  7  8  9 10 11 12 13 |
2           0.25375837      |  0  1  2  3  4  5  6  7  8  9 10 12 13 17 |  0  1  2  3  4  5  6  7  8  9 10 11 13 18 |
2          -0.24621958      |  0  1  2  3  4  5  6  7  8  9 10 11 13 17 |  0  1  2  3  4  5  6  7  8  9 10 11 13 17 |
2          -0.24621958      |  0  1  2  3  4  5  6  7  8  9 10 12 13 18 |  0  1  2  3  4  5  6  7  8  9 10 12 13 18 |
4           0.16578941      |  0  1  2  3  4  5  6  7  8  9 10 13 17 18 |  0  1  2  3  4  5  6  7  8  9 10 13 17 18 |
2           0.14587992      |  0  1  2  3  4  5  6  7  8  9 10 11 13 14 |  0  1  2  3  4  5  6  7  8  9 10 11 12 17 |
2          -0.14587992      |  0  1  2  3  4  5  6  7  8  9 10 12 13 14 |  0  1  2  3  4  5  6  7  8  9 10 11 12 18 |
2           0.13749473      |  0  1  2  3  4  5  6  7  8 10 11 12 13 17 |  0  1  2  3  4  5  6  7  8  9 10 11 13 21 |
2           0.13749473      |  0  1  2  3  4  5  6  7  8  9 11 12 13 18 |  0  1  2  3  4  5  6  7  8  9 10 12 13 20 |
2          -0.12280916      |  0  1  2  3  4  5  6  7  8  9 11 12 13 17 |  0  1  2  3  4  5  6  7  8  9 10 11 13 20 |
2          -0.12280916      |  0  1  2  3  4  5  6  7  8 10 11 12 13 18 |  0  1  2  3  4  5  6  7  8  9 10 12 13 21 |
2          -0.11905143      |  0  1  2  3  4  5  6  7  8  9 10 11 12 14 |  0  1  2  3  4  5  6  7  8  9 10 11 12 14 |
2          -0.10185880      |  0  1  2  3  4  5  6  7  8  9 11 12 13 20 |  0  1  2  3  4  5  6  7  8  9 11 12 13 20 |
2          -0.10185880      |  0  1  2  3  4  5  6  7  8 10 11 12 13 21 |  0  1  2  3  4  5  6  7  8 10 11 12 13 21 |
4           0.10183092      |  0  1  2  3  4  5  6  7  8  9 10 13 14 17 |  0  1  2  3  4  5  6  7  8  9 10 11 17 18 |
4          -0.10183092      |  0  1  2  3  4  5  6  7  8  9 10 13 14 18 |  0  1  2  3  4  5  6  7  8  9 10 12 17 18 |
4          -0.09364134      |  0  1  2  3  4  5  6  7  8  9 11 13 17 18 |  0  1  2  3  4  5  6  7  8  9 10 13 17 20 |
4          -0.09364134      |  0  1  2  3  4  5  6  7  8 10 12 13 17 18 |  0  1  2  3  4  5  6  7  8  9 10 13 18 21 |
4           0.08728811      |  0  1  2  3  4  5  6  7  8  9 12 13 17 18 |  0  1  2  3  4  5  6  7  8  9 10 13 18 20 |
4           0.08728811      |  0  1  2  3  4  5  6  7  8 10 11 13 17 18 |  0  1  2  3  4  5  6  7  8  9 10 13 17 21 |
----------------------------------------
HF energy: -2098.3136777904 Ha
Variational energy: -2099.7927399691 Ha
Memory total: 3170.3GB
Helper size: 0.1GB
Bytes per det: 32
Memory var: 0.4GB
Memory PT limit: 2218.8GB

BEG OF dtm 2.00e-06 << eps_var 2.00e-04 << perturbation [0.9/26.3]GB [2.156/0.000/3.987]s
Number of dtm batches: 1
END OF determine number of dtm batches [0.9/26.3]GB [0.417/0.417/4.403]s

BEG OF #1/1 << dtm 2.00e-06 << eps_var 2.00e-04 << perturbation [0.9/26.3]GB [0.015/0.000/4.417]s
20% 40% 60% 80% 100% 
Number of dtm pt dets: 3,045,448,896
END OF create hc sums [413.1/438.6]GB [189.774/189.774/194.191]s
PT dtm batch correction: -0.0877632724 Ha
PT dtm correction (eps1= 2.00e-04): -0.0877632724 +- 0.0000000000 Ha
PT dtm total energy (eps1= 2.00e-04): -2099.8805032415 +- 0.0000000000 Ha
Correlation energy (eps1= 2.00e-04): -1.5668254511 +- 0.0000000000 Ha
END OF #1/1 << dtm 2.00e-06 << eps_var 2.00e-04 << perturbation [413.3/438.8]GB [549.331/739.105/743.522]s
END OF dtm 2.00e-06 << eps_var 2.00e-04 << perturbation [413.3/438.8]GB [0.029/739.564/743.550]s

BEG OF psto 1.00e-07 << eps_var 2.00e-04 << perturbation [408.4/433.9]GB [0.138/0.001/743.687]s
Number of psto batches: 16
END OF determine number of psto batches [409.3/434.8]GB [3.666/3.666/747.353]s

BEG OF #1/16 << psto 1.00e-07 << eps_var 2.00e-04 << perturbation [409.3/434.8]GB [0.023/0.001/747.376]s
20% 40% 60% 80% 100% 
Number of psto pt dets: 3,063,069,038
END OF create hc sums [497.7/523.2]GB [252.116/252.116/999.492]s
PT psto batch correction: -0.0001641382 Ha
PT psto correction (eps1= 2.00e-04): -0.0026262117 +- 0.0000059693 Ha
PT psto total energy (eps1= 2.00e-04): -2099.8831294532 +- 0.0000059693 Ha
Correlation energy (eps1= 2.00e-04): -1.5694516628 +- 0.0000059693 Ha
END OF #1/16 << psto 1.00e-07 << eps_var 2.00e-04 << perturbation [497.7/523.2]GB [454.223/706.339/1453.714]s
END OF psto 1.00e-07 << eps_var 2.00e-04 << perturbation [497.7/523.2]GB [0.001/710.028/1453.714]s

BEG OF sto 1.00e-20 << eps_var 2.00e-04 << perturbation [493.0/518.5]GB [0.165/0.001/1453.879]s
Number of samples chosen: 551,767
END OF determine n samples [493.2/518.7]GB [0.915/0.915/1454.793]s

BEG OF #1 << sto 1.00e-20 << eps_var 2.00e-04 << perturbation [493.2/518.7]GB [0.001/0.000/1454.793]s
Number of unique variational determinants in sample: 431,462
Batch id: 32 / 64
20% 40% 60% 80% 100% 
Number of sto pt dets: 492,686,338
END OF create hc sums [498.9/524.3]GB [48.532/48.532/1503.325]s
PT sto loop correction: 0.0000133386 Ha
PT sto correction (eps1= 2.00e-04): 0.0000133386 +- -nan Ha
PT sto total energy (eps1= 2.00e-04): -2099.8831161145 +- -nan Ha
Correlation energy (eps1= 2.00e-04): -1.5694383242 +- -nan Ha
END OF #1 << sto 1.00e-20 << eps_var 2.00e-04 << perturbation [498.8/524.3]GB [74.167/122.698/1577.491]s

BEG OF #2 << sto 1.00e-20 << eps_var 2.00e-04 << perturbation [498.8/524.3]GB [0.001/0.000/1577.491]s
Number of unique variational determinants in sample: 431,504
Batch id: 56 / 64
20% 40% 60% 80% 100% 
Number of sto pt dets: 492,922,192
END OF create hc sums [498.8/524.3]GB [34.844/34.844/1612.335]s
PT sto loop correction: 0.0000132140 Ha
PT sto correction (eps1= 2.00e-04): 0.0000132763 +- 0.0000000623 Ha
PT sto total energy (eps1= 2.00e-04): -2099.8831161769 +- 0.0000059696 Ha
Correlation energy (eps1= 2.00e-04): -1.5694383865 +- 0.0000059696 Ha
END OF #2 << sto 1.00e-20 << eps_var 2.00e-04 << perturbation [498.8/524.3]GB [74.572/109.416/1686.907]s

BEG OF #3 << sto 1.00e-20 << eps_var 2.00e-04 << perturbation [498.8/524.3]GB [0.001/0.000/1686.907]s
Number of unique variational determinants in sample: 431,492
Batch id: 3 / 64
20% 40% 60% 80% 100% 
Number of sto pt dets: 492,961,597
END OF create hc sums [498.8/524.3]GB [33.358/33.358/1720.265]s
PT sto loop correction: 0.0000074344 Ha
PT sto correction (eps1= 2.00e-04): 0.0000113290 +- 0.0000019476 Ha
PT sto total energy (eps1= 2.00e-04): -2099.8831181242 +- 0.0000062790 Ha
Correlation energy (eps1= 2.00e-04): -1.5694403338 +- 0.0000062790 Ha
END OF #3 << sto 1.00e-20 << eps_var 2.00e-04 << perturbation [498.8/524.3]GB [74.331/107.688/1794.595]s

BEG OF #4 << sto 1.00e-20 << eps_var 2.00e-04 << perturbation [498.8/524.3]GB [0.001/0.000/1794.595]s
Number of unique variational determinants in sample: 430,905
Batch id: 20 / 64
20% 40% 60% 80% 100% 
Number of sto pt dets: 492,168,427
END OF create hc sums [498.8/524.3]GB [33.536/33.536/1828.131]s
PT sto loop correction: 0.0000088685 Ha
PT sto correction (eps1= 2.00e-04): 0.0000107139 +- 0.0000015083 Ha
PT sto total energy (eps1= 2.00e-04): -2099.8831187393 +- 0.0000061569 Ha
Correlation energy (eps1= 2.00e-04): -1.5694409489 +- 0.0000061569 Ha
END OF #4 << sto 1.00e-20 << eps_var 2.00e-04 << perturbation [498.8/524.3]GB [74.796/108.331/1902.926]s

BEG OF #5 << sto 1.00e-20 << eps_var 2.00e-04 << perturbation [498.8/524.3]GB [0.001/0.000/1902.926]s
Number of unique variational determinants in sample: 431,522
Batch id: 2 / 64
20% 40% 60% 80% 100% 
Number of sto pt dets: 492,797,762
END OF create hc sums [498.8/524.3]GB [34.520/34.520/1937.446]s
PT sto loop correction: 0.0000084086 Ha
PT sto correction (eps1= 2.00e-04): 0.0000102528 +- 0.0000012560 Ha
PT sto total energy (eps1= 2.00e-04): -2099.8831192003 +- 0.0000061000 Ha
Correlation energy (eps1= 2.00e-04): -1.5694414100 +- 0.0000061000 Ha
END OF #5 << sto 1.00e-20 << eps_var 2.00e-04 << perturbation [498.8/524.3]GB [74.665/109.184/2012.110]s

BEG OF #6 << sto 1.00e-20 << eps_var 2.00e-04 << perturbation [498.8/524.3]GB [0.001/0.000/2012.110]s
Number of unique variational determinants in sample: 431,669
Batch id: 7 / 64
20% 40% 60% 80% 100% 
Number of sto pt dets: 493,080,062
END OF create hc sums [498.8/524.3]GB [33.811/33.811/2045.921]s
PT sto loop correction: 0.0000122551 Ha
PT sto correction (eps1= 2.00e-04): 0.0000105865 +- 0.0000010785 Ha
PT sto total energy (eps1= 2.00e-04): -2099.8831188666 +- 0.0000060659 Ha
Correlation energy (eps1= 2.00e-04): -1.5694410763 +- 0.0000060659 Ha
END OF #6 << sto 1.00e-20 << eps_var 2.00e-04 << perturbation [498.8/524.3]GB [75.249/109.059/2121.169]s
END OF sto 1.00e-20 << eps_var 2.00e-04 << perturbation [498.8/524.3]GB [0.002/667.292/2121.170]s
Total energy: -2099.8831188666 +- 0.0000060659 Ha
END OF eps_var 2.00e-04 << perturbation [498.8/524.2]GB [0.043/2119.382/2121.212]s

BEG OF eps_var 1.00e-04 << perturbation [498.8/524.2]GB [0.001/0.000/2121.213]s
Loaded 4,864,519 dets from: wf_eps1_1.00e-04.dat
Effect dets (without time sym): 9,721,986
----------------------------------------
Excite Lv       # dets         Sum c^2
0                    1      0.18128366
1                  178      0.00043715
2                61158      0.40618408
3               439176      0.01354821
4              2302940      0.27801654
5              1605934      0.01572865
6              3007030      0.08279365
7               911174      0.00645458
8              1060138      0.01303848
9               182178      0.00126474
10              133893      0.00112550
11               12560      0.00009932
12                5256      0.00002513
13                 328      0.00000031
14                  42      0.00000001
----------------------------------------
Orbital                        Sum c^2
0                           1.99592485
1                           1.99589157
2                           1.98881811
3                           1.98868116
4                           1.98868116
5                           1.98783692
6                           1.98783692
7                           1.98627131
8                           1.92298919
9                           1.63885110
10                          1.63885110
11                          1.28051198
12                          1.28051198
13                          1.60389566
14                          0.38473468
15                          0.01927590
16                          0.01927590
17                          0.70373361
18                          0.70373361
19                          0.01267654
20                          0.34796365
21                          0.34796365
22                          0.03846698
23                          0.00486111
24                          0.00364087
25                          0.00364087
26                          0.00795843
27                          0.01026014
28                          0.01026014
29                          0.00379708
30                          0.00237153
31                          0.01121719
32                          0.01121719
33                          0.00238211
34                          0.00238211
35                          0.00377738
36                          0.00377738
37                          0.00570037
38                          0.00570037
39                          0.00230399
40                          0.00326417
41                          0.00318161
42                          0.00318161
43                          0.00110708
44                          0.00110708
45                          0.00053285
46                          0.00191138
47                          0.00000067
48                          0.00000067
49                          0.00029574
Sum orbitals c^2: 28.00000000
----------------------------------------
Most important dets:
Excite Lv         Coef      Det (Reordered orb)
0           0.42577419      |  0  1  2  3  4  5  6  7  8  9 10 11 12 13 |  0  1  2  3  4  5  6  7  8  9 10 11 12 13 |
2          -0.24313922      |  0  1  2  3  4  5  6  7  8  9 10 11 13 17 |  0  1  2  3  4  5  6  7  8  9 10 11 13 17 |
2          -0.24313922      |  0  1  2  3  4  5  6  7  8  9 10 12 13 18 |  0  1  2  3  4  5  6  7  8  9 10 12 13 18 |
2           0.23702206      |  0  1  2  3  4  5  6  7  8  9 10 12 13 17 |  0  1  2  3  4  5  6  7  8  9 10 11 13 18 |
4           0.16061356      |  0  1  2  3  4  5  6  7  8  9 10 13 17 18 |  0  1  2  3  4  5  6  7  8  9 10 13 17 18 |
2           0.13801251      |  0  1  2  3  4  5  6  7  8  9 10 11 13 14 |  0  1  2  3  4  5  6  7  8  9 10 11 12 17 |
2          -0.13801251      |  0  1  2  3  4  5  6  7  8  9 10 12 13 14 |  0  1  2  3  4  5  6  7  8  9 10 11 12 18 |
2           0.13106790      |  0  1  2  3  4  5  6  7  8 10 11 12 13 17 |  0  1  2  3  4  5  6  7  8  9 10 11 13 21 |
2           0.13106790      |  0  1  2  3  4  5  6  7  8  9 11 12 13 18 |  0  1  2  3  4  5  6  7  8  9 10 12 13 20 |
2          -0.11689622      |  0  1  2  3  4  5  6  7  8  9 10 11 12 14 |  0  1  2  3  4  5  6  7  8  9 10 11 12 14 |
2          -0.11676718      |  0  1  2  3  4  5  6  7  8  9 11 12 13 17 |  0  1  2  3  4  5  6  7  8  9 10 11 13 20 |
2          -0.11676718      |  0  1  2  3  4  5  6  7  8 10 11 12 13 18 |  0  1  2  3  4  5  6  7  8  9 10 12 13 21 |
2          -0.10073875      |  0  1  2  3  4  5  6  7  8  9 11 12 13 20 |  0  1  2  3  4  5  6  7  8  9 11 12 13 20 |
2          -0.10073875      |  0  1  2  3  4  5  6  7  8 10 11 12 13 21 |  0  1  2  3  4  5  6  7  8 10 11 12 13 21 |
4          -0.09346731      |  0  1  2  3  4  5  6  7  8  9 10 13 14 18 |  0  1  2  3  4  5  6  7  8  9 10 12 17 18 |
4           0.09346731      |  0  1  2  3  4  5  6  7  8  9 10 13 14 17 |  0  1  2  3  4  5  6  7  8  9 10 11 17 18 |
4          -0.08665441      |  0  1  2  3  4  5  6  7  8  9 11 13 17 18 |  0  1  2  3  4  5  6  7  8  9 10 13 17 20 |
4          -0.08665441      |  0  1  2  3  4  5  6  7  8 10 12 13 17 18 |  0  1  2  3  4  5  6  7  8  9 10 13 18 21 |
2           0.08413930      |  0  1  2  3  4  5  6  7  8 10 11 12 13 20 |  0  1  2  3  4  5  6  7  8  9 11 12 13 21 |
2           0.08305994      |  0  1  2  3  4  5  6  7  8  9 10 11 13 17 |  0  1  2  3  4  5  6  7  8  9 10 12 13 18 |
----------------------------------------
HF energy: -2098.3136777904 Ha
Variational energy: -2099.8178655147 Ha
Memory total: 3170.3GB
Helper size: 0.1GB
Bytes per det: 32
Memory var: 1.0GB
Memory PT limit: 2218.2GB

BEG OF dtm 2.00e-06 << eps_var 1.00e-04 << perturbation [498.9/524.3]GB [6.695/0.000/2127.908]s
Number of dtm batches: 1
END OF determine number of dtm batches [498.9/524.4]GB [0.523/0.523/2128.431]s

BEG OF #1/1 << dtm 2.00e-06 << eps_var 1.00e-04 << perturbation [498.9/524.4]GB [0.018/0.000/2128.448]s
20% 40% 60% 80% 100% 
Number of dtm pt dets: 3,442,752,288
END OF create hc sums [666.5/692.0]GB [283.442/283.442/2411.890]s
PT dtm batch correction: -0.0688049241 Ha
PT dtm correction (eps1= 1.00e-04): -0.0688049241 +- 0.0000000000 Ha
PT dtm total energy (eps1= 1.00e-04): -2099.8866704388 +- 0.0000000000 Ha
Correlation energy (eps1= 1.00e-04): -1.5729926484 +- 0.0000000000 Ha
END OF #1/1 << dtm 2.00e-06 << eps_var 1.00e-04 << perturbation [666.5/692.0]GB [408.273/691.714/2820.162]s
END OF dtm 2.00e-06 << eps_var 1.00e-04 << perturbation [666.5/692.0]GB [0.024/692.278/2820.185]s

BEG OF psto 1.00e-07 << eps_var 1.00e-04 << perturbation [653.4/678.9]GB [0.120/0.001/2820.305]s
Number of psto batches: 16
END OF determine number of psto batches [655.1/680.5]GB [6.520/6.520/2826.825]s

BEG OF #1/16 << psto 1.00e-07 << eps_var 1.00e-04 << perturbation [655.1/680.5]GB [0.031/0.001/2826.855]s
20% 40% 60% 80% 100% 
Number of psto pt dets: 4,958,146,860
END OF create hc sums [796.0/821.5]GB [352.063/352.063/3178.917]s
PT psto batch correction: -0.0002615551 Ha
PT psto correction (eps1= 1.00e-04): -0.0041848810 +- 0.0000047007 Ha
PT psto total energy (eps1= 1.00e-04): -2099.8908553198 +- 0.0000047007 Ha
Correlation energy (eps1= 1.00e-04): -1.5771775294 +- 0.0000047007 Ha
END OF #1/16 << psto 1.00e-07 << eps_var 1.00e-04 << perturbation [796.1/821.6]GB [683.160/1035.222/3862.076]s
END OF psto 1.00e-07 << eps_var 1.00e-04 << perturbation [796.1/821.6]GB [0.001/1041.771/3862.076]s

BEG OF sto 1.00e-20 << eps_var 1.00e-04 << perturbation [772.0/797.5]GB [0.320/0.001/3862.396]s
Number of samples chosen: 1,601,033
END OF determine n samples [772.2/797.7]GB [2.101/2.101/3864.496]s

BEG OF #1 << sto 1.00e-20 << eps_var 1.00e-04 << perturbation [772.2/797.7]GB [0.001/0.000/3864.496]s
Number of unique variational determinants in sample: 1,215,530
Batch id: 16 / 64
20% 40% 60% 80% 100% 
Number of sto pt dets: 1,334,895,036
END OF create hc sums [890.7/916.2]GB [148.154/148.154/4012.650]s
PT sto loop correction: 0.0000155025 Ha
PT sto correction (eps1= 1.00e-04): 0.0000155025 +- -nan Ha
PT sto total energy (eps1= 1.00e-04): -2099.8908398172 +- -nan Ha
Correlation energy (eps1= 1.00e-04): -1.5771620269 +- -nan Ha
END OF #1 << sto 1.00e-20 << eps_var 1.00e-04 << perturbation [890.7/916.2]GB [197.337/345.491/4209.987]s

BEG OF #2 << sto 1.00e-20 << eps_var 1.00e-04 << perturbation [890.7/916.2]GB [0.001/0.000/4209.987]s
Number of unique variational determinants in sample: 1,215,927
Batch id: 34 / 64
20% 40% 60% 80% 100% 
Number of sto pt dets: 1,335,767,492
END OF create hc sums [890.8/916.2]GB [94.184/94.184/4304.171]s
PT sto loop correction: 0.0000081278 Ha
PT sto correction (eps1= 1.00e-04): 0.0000118152 +- 0.0000036874 Ha
PT sto total energy (eps1= 1.00e-04): -2099.8908435046 +- 0.0000059744 Ha
Correlation energy (eps1= 1.00e-04): -1.5771657143 +- 0.0000059744 Ha
END OF #2 << sto 1.00e-20 << eps_var 1.00e-04 << perturbation [890.8/916.2]GB [199.037/293.220/4503.207]s

BEG OF #3 << sto 1.00e-20 << eps_var 1.00e-04 << perturbation [890.8/916.2]GB [0.001/0.000/4503.208]s
Number of unique variational determinants in sample: 1,213,919
Batch id: 52 / 64
20% 40% 60% 80% 100% 
Number of sto pt dets: 1,333,346,740
END OF create hc sums [890.8/916.3]GB [91.556/91.556/4594.764]s
PT sto loop correction: 0.0000163272 Ha
PT sto correction (eps1= 1.00e-04): 0.0000133192 +- 0.0000026066 Ha
PT sto total energy (eps1= 1.00e-04): -2099.8908420006 +- 0.0000053750 Ha
Correlation energy (eps1= 1.00e-04): -1.5771642102 +- 0.0000053750 Ha
END OF #3 << sto 1.00e-20 << eps_var 1.00e-04 << perturbation [890.8/916.3]GB [197.798/289.353/4792.561]s

BEG OF #4 << sto 1.00e-20 << eps_var 1.00e-04 << perturbation [890.8/916.3]GB [0.001/0.000/4792.561]s
Number of unique variational determinants in sample: 1,215,364
Batch id: 30 / 64
20% 40% 60% 80% 100% 
Number of sto pt dets: 1,335,074,038
END OF create hc sums [890.8/916.3]GB [92.143/92.143/4884.704]s
PT sto loop correction: 0.0000150503 Ha
PT sto correction (eps1= 1.00e-04): 0.0000137520 +- 0.0000018933 Ha
PT sto total energy (eps1= 1.00e-04): -2099.8908415678 +- 0.0000050676 Ha
Correlation energy (eps1= 1.00e-04): -1.5771637775 +- 0.0000050676 Ha
END OF #4 << sto 1.00e-20 << eps_var 1.00e-04 << perturbation [890.8/916.3]GB [198.012/290.155/5082.715]s

BEG OF #5 << sto 1.00e-20 << eps_var 1.00e-04 << perturbation [890.8/916.3]GB [0.001/0.000/5082.716]s
Number of unique variational determinants in sample: 1,215,936
Batch id: 13 / 64
20% 40% 60% 80% 100% 
Number of sto pt dets: 1,335,599,566
END OF create hc sums [890.8/916.3]GB [91.648/91.648/5174.363]s
PT sto loop correction: 0.0000140341 Ha
PT sto correction (eps1= 1.00e-04): 0.0000138084 +- 0.0000014676 Ha
PT sto total energy (eps1= 1.00e-04): -2099.8908415114 +- 0.0000049245 Ha
Correlation energy (eps1= 1.00e-04): -1.5771637210 +- 0.0000049245 Ha
END OF #5 << sto 1.00e-20 << eps_var 1.00e-04 << perturbation [890.8/916.3]GB [198.017/289.665/5372.380]s

BEG OF #6 << sto 1.00e-20 << eps_var 1.00e-04 << perturbation [890.8/916.3]GB [0.002/0.000/5372.380]s
Number of unique variational determinants in sample: 1,215,822
Batch id: 58 / 64
20% 40% 60% 80% 100% 
Number of sto pt dets: 1,335,483,598
END OF create hc sums [890.8/916.3]GB [91.290/91.290/5463.670]s
PT sto loop correction: 0.0000114686 Ha
PT sto correction (eps1= 1.00e-04): 0.0000134184 +- 0.0000012602 Ha
PT sto total energy (eps1= 1.00e-04): -2099.8908419013 +- 0.0000048667 Ha
Correlation energy (eps1= 1.00e-04): -1.5771641110 +- 0.0000048667 Ha
END OF #6 << sto 1.00e-20 << eps_var 1.00e-04 << perturbation [890.9/916.4]GB [198.076/289.366/5661.746]s
END OF sto 1.00e-20 << eps_var 1.00e-04 << perturbation [890.9/916.4]GB [0.016/1799.365/5661.761]s
Total energy: -2099.8908419013 +- 0.0000048667 Ha
END OF eps_var 1.00e-04 << perturbation [890.6/916.1]GB [0.155/3540.703/5661.915]s

BEG OF eps_var 5.00e-05 << perturbation [890.6/916.1]GB [0.001/0.000/5661.916]s
Loaded 14,977,519 dets from: wf_eps1_5.00e-05.dat
Effect dets (without time sym): 29,943,125
----------------------------------------
Excite Lv       # dets         Sum c^2
0                    1      0.17933348
1                  186      0.00055499
2                72321      0.40404934
3              1015706      0.01491380
4              6109915      0.27573741
5              5517394      0.01736951
6              9107459      0.08375013
7              3272504      0.00735573
8              3460869      0.01390227
9               755222      0.00154604
10              515426      0.00130965
11               82176      0.00013601
12               31188      0.00004073
13                1766      0.00000083
14                 992      0.00000009
----------------------------------------
Orbital                        Sum c^2
0                           1.99571159
1                           1.99568197
2                           1.98816303
3                           1.98801712
4                           1.98801712
5                           1.98711912
6                           1.98711912
7                           1.98545941
8                           1.90111579
9                           1.63812529
10                          1.63812529
11                          1.28209910
12                          1.28209910
13                          1.60573789
14                          0.38126669
15                          0.02368995
16                          0.02368995
17                          0.69968032
18                          0.69968032
19                          0.01498627
20                          0.34661346
21                          0.34661346
22                          0.05193515
23                          0.00537658
24                          0.00404131
25                          0.00404131
26                          0.00874544
27                          0.01128372
28                          0.01128372
29                          0.00401215
30                          0.00248299
31                          0.01253679
32                          0.01253679
33                          0.00249533
34                          0.00249533
35                          0.00400242
36                          0.00400242
37                          0.00618698
38                          0.00618698
39                          0.00244745
40                          0.00362774
41                          0.00342293
42                          0.00342293
43                          0.00129078
44                          0.00129078
45                          0.00077258
46                          0.00205740
47                          0.00000132
48                          0.00000132
49                          0.00032632
Sum orbitals c^2: 28.00000000
----------------------------------------
Most important dets:
Excite Lv         Coef      Det (Reordered orb)
0           0.42347783      |  0  1  2  3  4  5  6  7  8  9 10 11 12 13 |  0  1  2  3  4  5  6  7  8  9 10 11 12 13 |
2          -0.24258402      |  0  1  2  3  4  5  6  7  8  9 10 11 13 17 |  0  1  2  3  4  5  6  7  8  9 10 11 13 17 |
2          -0.24258402      |  0  1  2  3  4  5  6  7  8  9 10 12 13 18 |  0  1  2  3  4  5  6  7  8  9 10 12 13 18 |
2           0.22377441      |  0  1  2  3  4  5  6  7  8  9 10 12 13 17 |  0  1  2  3  4  5  6  7  8  9 10 11 13 18 |
4           0.15856023      |  0  1  2  3  4  5  6  7  8  9 10 13 17 18 |  0  1  2  3  4  5  6  7  8  9 10 13 17 18 |
2          -0.13063446      |  0  1  2  3  4  5  6  7  8  9 10 12 13 14 |  0  1  2  3  4  5  6  7  8  9 10 11 12 18 |
2           0.13063446      |  0  1  2  3  4  5  6  7  8  9 10 11 13 14 |  0  1  2  3  4  5  6  7  8  9 10 11 12 17 |
2           0.12492727      |  0  1  2  3  4  5  6  7  8  9 11 12 13 18 |  0  1  2  3  4  5  6  7  8  9 10 12 13 20 |
2           0.12492727      |  0  1  2  3  4  5  6  7  8 10 11 12 13 17 |  0  1  2  3  4  5  6  7  8  9 10 11 13 21 |
2          -0.11482393      |  0  1  2  3  4  5  6  7  8  9 10 11 12 14 |  0  1  2  3  4  5  6  7  8  9 10 11 12 14 |
2          -0.11095684      |  0  1  2  3  4  5  6  7  8  9 11 12 13 17 |  0  1  2  3  4  5  6  7  8  9 10 11 13 20 |
2          -0.11095684      |  0  1  2  3  4  5  6  7  8 10 11 12 13 18 |  0  1  2  3  4  5  6  7  8  9 10 12 13 21 |
2          -0.09948202      |  0  1  2  3  4  5  6  7  8  9 11 12 13 20 |  0  1  2  3  4  5  6  7  8  9 11 12 13 20 |
2          -0.09948202      |  0  1  2  3  4  5  6  7  8 10 11 12 13 21 |  0  1  2  3  4  5  6  7  8 10 11 12 13 21 |
2           0.09659550      |  0  1  2  3  4  5  6  7  8  9 10 11 13 17 |  0  1  2  3  4  5  6  7  8  9 10 12 13 18 |
4           0.08642295      |  0  1  2  3  4  5  6  7  8  9 10 13 14 17 |  0  1  2  3  4  5  6  7  8  9 10 11 17 18 |
4          -0.08642295      |  0  1  2  3  4  5  6  7  8  9 10 13 14 18 |  0  1  2  3  4  5  6  7  8  9 10 12 17 18 |
2           0.08107375      |  0  1  2  3  4  5  6  7  8 10 11 12 13 20 |  0  1  2  3  4  5  6  7  8  9 11 12 13 21 |
4          -0.08081586      |  0  1  2  3  4  5  6  7  8  9 11 13 17 18 |  0  1  2  3  4  5  6  7  8  9 10 13 17 20 |
4          -0.08081586      |  0  1  2  3  4  5  6  7  8 10 12 13 17 18 |  0  1  2  3  4  5  6  7  8  9 10 13 18 21 |
----------------------------------------
HF energy: -2098.3136777904 Ha
Variational energy: -2099.8398970326 Ha
Memory total: 3170.3GB
Helper size: 0.1GB
Bytes per det: 32
Memory var: 3.1GB
Memory PT limit: 2216.1GB

BEG OF dtm 2.00e-06 << eps_var 5.00e-05 << perturbation [891.0/916.5]GB [15.483/0.000/5677.399]s
Number of dtm batches: 1
END OF determine number of dtm batches [891.0/916.5]GB [0.931/0.931/5678.329]s

BEG OF #1/1 << dtm 2.00e-06 << eps_var 5.00e-05 << perturbation [891.0/916.5]GB [0.001/0.000/5678.330]s
20% 40% 60% 80% 100% 
Number of dtm pt dets: 3,703,267,296
END OF create hc sums [896.2/921.6]GB [458.702/458.702/6137.031]s
PT dtm batch correction: -0.0505165034 Ha
PT dtm correction (eps1= 5.00e-05): -0.0505165034 +- 0.0000000000 Ha
PT dtm total energy (eps1= 5.00e-05): -2099.8904135360 +- 0.0000000000 Ha
Correlation energy (eps1= 5.00e-05): -1.5767357456 +- 0.0000000000 Ha
END OF #1/1 << dtm 2.00e-06 << eps_var 5.00e-05 << perturbation [896.1/921.6]GB [397.906/856.607/6534.937]s
END OF dtm 2.00e-06 << eps_var 5.00e-05 << perturbation [896.1/921.6]GB [0.030/857.568/6534.966]s

BEG OF psto 1.00e-07 << eps_var 5.00e-05 << perturbation [884.1/909.6]GB [0.117/0.001/6535.083]s
Number of psto batches: 16
END OF determine number of psto batches [888.1/913.6]GB [14.051/14.051/6549.134]s

BEG OF #1/16 << psto 1.00e-07 << eps_var 5.00e-05 << perturbation [888.1/913.6]GB [0.043/0.001/6549.175]s
20% 40% 60% 80% 100% 
Number of psto pt dets: 7,886,893,364
END OF create hc sums [1250.3/1275.7]GB [626.303/626.303/7175.477]s
PT psto batch correction: -0.0004182405 Ha
PT psto correction (eps1= 5.00e-05): -0.0066918483 +- 0.0000034685 Ha
PT psto total energy (eps1= 5.00e-05): -2099.8971053842 +- 0.0000034685 Ha
Correlation energy (eps1= 5.00e-05): -1.5834275939 +- 0.0000034685 Ha
END OF #1/16 << psto 1.00e-07 << eps_var 5.00e-05 << perturbation [1250.2/1275.7]GB [1036.450/1662.752/8211.927]s
END OF psto 1.00e-07 << eps_var 5.00e-05 << perturbation [1250.2/1275.7]GB [0.001/1676.845/8211.927]s

BEG OF sto 1.00e-20 << eps_var 5.00e-05 << perturbation [1177.1/1202.6]GB [0.887/0.001/8212.814]s
Number of samples chosen: 2,860,765
END OF determine n samples [1177.4/1202.8]GB [3.667/3.667/8216.480]s

BEG OF #1 << sto 1.00e-20 << eps_var 5.00e-05 << perturbation [1177.4/1202.8]GB [0.001/0.000/8216.480]s
Number of unique variational determinants in sample: 2,303,497
Batch id: 27 / 64
20% 40% 60% 80% 100% 
Number of sto pt dets: 2,555,139,200
END OF create hc sums [1419.5/1444.9]GB [254.410/254.410/8470.889]s
PT sto loop correction: 0.0000165672 Ha
PT sto correction (eps1= 5.00e-05): 0.0000165672 +- -nan Ha
PT sto total energy (eps1= 5.00e-05): -2099.8970888170 +- -nan Ha
Correlation energy (eps1= 5.00e-05): -1.5834110266 +- -nan Ha
END OF #1 << sto 1.00e-20 << eps_var 5.00e-05 << perturbation [1419.4/1444.9]GB [365.943/620.351/8836.831]s

BEG OF #2 << sto 1.00e-20 << eps_var 5.00e-05 << perturbation [1419.4/1444.9]GB [0.001/0.000/8836.832]s
Number of unique variational determinants in sample: 2,304,702
Batch id: 53 / 64
20% 40% 60% 80% 100% 
Number of sto pt dets: 2,556,578,893
END OF create hc sums [1419.5/1445.0]GB [176.084/176.084/9012.915]s
PT sto loop correction: 0.0000157321 Ha
PT sto correction (eps1= 5.00e-05): 0.0000161496 +- 0.0000004176 Ha
PT sto total energy (eps1= 5.00e-05): -2099.8970892346 +- 0.0000034935 Ha
Correlation energy (eps1= 5.00e-05): -1.5834114442 +- 0.0000034935 Ha
END OF #2 << sto 1.00e-20 << eps_var 5.00e-05 << perturbation [1419.5/1445.0]GB [367.106/543.189/9380.020]s

BEG OF #3 << sto 1.00e-20 << eps_var 5.00e-05 << perturbation [1419.5/1445.0]GB [0.001/0.000/9380.020]s
Number of unique variational determinants in sample: 2,303,668
Batch id: 39 / 64
20% 40% 60% 80% 100% 
Number of sto pt dets: 2,555,857,301
END OF create hc sums [1419.6/1445.0]GB [174.909/174.909/9554.929]s
PT sto loop correction: 0.0000127231 Ha
PT sto correction (eps1= 5.00e-05): 0.0000150075 +- 0.0000011674 Ha
PT sto total energy (eps1= 5.00e-05): -2099.8970903767 +- 0.0000036597 Ha
Correlation energy (eps1= 5.00e-05): -1.5834125864 +- 0.0000036597 Ha
END OF #3 << sto 1.00e-20 << eps_var 5.00e-05 << perturbation [1419.6/1445.1]GB [366.110/541.019/9921.039]s

BEG OF #4 << sto 1.00e-20 << eps_var 5.00e-05 << perturbation [1419.6/1445.1]GB [0.001/0.000/9921.039]s
Number of unique variational determinants in sample: 2,303,503
Batch id: 5 / 64
20% 40% 60% 80% 100% 
Number of sto pt dets: 2,555,167,410
END OF create hc sums [1419.6/1445.1]GB [174.912/174.912/10095.951]s
PT sto loop correction: 0.0000168046 Ha
PT sto correction (eps1= 5.00e-05): 0.0000154567 +- 0.0000009398 Ha
PT sto total energy (eps1= 5.00e-05): -2099.8970899275 +- 0.0000035936 Ha
Correlation energy (eps1= 5.00e-05): -1.5834121371 +- 0.0000035936 Ha
END OF #4 << sto 1.00e-20 << eps_var 5.00e-05 << perturbation [1419.6/1445.1]GB [365.145/540.056/10461.094]s

BEG OF #5 << sto 1.00e-20 << eps_var 5.00e-05 << perturbation [1419.6/1445.1]GB [0.001/0.000/10461.095]s
Number of unique variational determinants in sample: 2,302,900
Batch id: 56 / 64
20% 40% 60% 80% 100% 
Number of sto pt dets: 2,555,460,260
END OF create hc sums [1419.6/1445.1]GB [174.356/174.356/10635.451]s
PT sto loop correction: 0.0000188167 Ha
PT sto correction (eps1= 5.00e-05): 0.0000161287 +- 0.0000009907 Ha
PT sto total energy (eps1= 5.00e-05): -2099.8970892555 +- 0.0000036072 Ha
Correlation energy (eps1= 5.00e-05): -1.5834114651 +- 0.0000036072 Ha
END OF #5 << sto 1.00e-20 << eps_var 5.00e-05 << perturbation [1419.6/1445.1]GB [365.798/540.154/11001.248]s

BEG OF #6 << sto 1.00e-20 << eps_var 5.00e-05 << perturbation [1419.6/1445.1]GB [0.001/0.000/11001.249]s
Number of unique variational determinants in sample: 2,302,546
Batch id: 29 / 64
20% 40% 60% 80% 100% 
Number of sto pt dets: 2,554,846,664
END OF create hc sums [1419.6/1445.1]GB [174.771/174.771/11176.019]s
PT sto loop correction: 0.0000176552 Ha
PT sto correction (eps1= 5.00e-05): 0.0000163831 +- 0.0000008480 Ha
PT sto total energy (eps1= 5.00e-05): -2099.8970890011 +- 0.0000035706 Ha
Correlation energy (eps1= 5.00e-05): -1.5834112107 +- 0.0000035706 Ha
END OF #6 << sto 1.00e-20 << eps_var 5.00e-05 << perturbation [1419.6/1445.1]GB [364.513/539.283/11540.531]s
END OF sto 1.00e-20 << eps_var 5.00e-05 << perturbation [1419.6/1445.1]GB [0.002/3327.719/11540.532]s
Total energy: -2099.8970890011 +- 0.0000035706 Ha
END OF eps_var 5.00e-05 << perturbation [1419.4/1444.9]GB [0.272/5878.889/11540.804]s

BEG OF eps_var 3.00e-05 << perturbation [1419.4/1444.9]GB [0.001/0.000/11540.804]s
Loaded 34,287,385 dets from: wf_eps1_3.00e-05.dat
Effect dets (without time sym): 68,556,879
----------------------------------------
Excite Lv       # dets         Sum c^2
0                    1      0.17363439
1                  190      0.00061680
2                77855      0.40221962
3              1745620      0.01593396
4             12107413      0.27750534
5             13426384      0.01892727
6             20890416      0.08520400
7              8483224      0.00815437
8              8017706      0.01442956
9              2099958      0.00174969
10             1321083      0.00140941
11              271490      0.00016415
12              103753      0.00004989
13                9516      0.00000140
14                2270      0.00000016
----------------------------------------
Orbital                        Sum c^2
0                           1.99555620
1                           1.99551999
2                           1.98767668
3                           1.98752219
4                           1.98752219
5                           1.98660247
6                           1.98660247
7                           1.98487791
8                           1.88947694
9                           1.63341601
10                          1.63341601
11                          1.27800277
12                          1.27800277
13                          1.60228278
14                          0.38335300
15                          0.02682306
16                          0.02682306
17                          0.70191950
18                          0.70191950
19                          0.01671292
20                          0.34960290
21                          0.34960290
22                          0.05780009
23                          0.00581158
24                          0.00441779
25                          0.00441779
26                          0.00933894
27                          0.01200922
28                          0.01200922
29                          0.00416754
30                          0.00257312
31                          0.01344808
32                          0.01344808
33                          0.00258583
34                          0.00258583
35                          0.00416545
36                          0.00416545
37                          0.00656412
38                          0.00656412
39                          0.00256587
40                          0.00390365
41                          0.00363781
42                          0.00363781
43                          0.00144728
44                          0.00144728
45                          0.00096379
46                          0.00216125
47                          0.00000188
48                          0.00000188
49                          0.00035075
Sum orbitals c^2: 28.00000000
----------------------------------------
Most important dets:
Excite Lv         Coef      Det (Reordered orb)
0           0.41669460      |  0  1  2  3  4  5  6  7  8  9 10 11 12 13 |  0  1  2  3  4  5  6  7  8  9 10 11 12 13 |
2          -0.24057779      |  0  1  2  3  4  5  6  7  8  9 10 11 13 17 |  0  1  2  3  4  5  6  7  8  9 10 11 13 17 |
2          -0.24057779      |  0  1  2  3  4  5  6  7  8  9 10 12 13 18 |  0  1  2  3  4  5  6  7  8  9 10 12 13 18 |
2           0.21806005      |  0  1  2  3  4  5  6  7  8  9 10 12 13 17 |  0  1  2  3  4  5  6  7  8  9 10 11 13 18 |
4           0.15728088      |  0  1  2  3  4  5  6  7  8  9 10 13 17 18 |  0  1  2  3  4  5  6  7  8  9 10 13 17 18 |
2          -0.12833570      |  0  1  2  3  4  5  6  7  8  9 10 12 13 14 |  0  1  2  3  4  5  6  7  8  9 10 11 12 18 |
2           0.12833570      |  0  1  2  3  4  5  6  7  8  9 10 11 13 14 |  0  1  2  3  4  5  6  7  8  9 10 11 12 17 |
2           0.12306722      |  0  1  2  3  4  5  6  7  8 10 11 12 13 17 |  0  1  2  3  4  5  6  7  8  9 10 11 13 21 |
2           0.12306722      |  0  1  2  3  4  5  6  7  8  9 11 12 13 18 |  0  1  2  3  4  5  6  7  8  9 10 12 13 20 |
2          -0.11369379      |  0  1  2  3  4  5  6  7  8  9 10 11 12 14 |  0  1  2  3  4  5  6  7  8  9 10 11 12 14 |
2          -0.10959446      |  0  1  2  3  4  5  6  7  8  9 11 12 13 17 |  0  1  2  3  4  5  6  7  8  9 10 11 13 20 |
2          -0.10959446      |  0  1  2  3  4  5  6  7  8 10 11 12 13 18 |  0  1  2  3  4  5  6  7  8  9 10 12 13 21 |
2           0.10141036      |  0  1  2  3  4  5  6  7  8  9 10 11 13 17 |  0  1  2  3  4  5  6  7  8  9 10 12 13 18 |
2          -0.09900602      |  0  1  2  3  4  5  6  7  8  9 11 12 13 20 |  0  1  2  3  4  5  6  7  8  9 11 12 13 20 |
2          -0.09900602      |  0  1  2  3  4  5  6  7  8 10 11 12 13 21 |  0  1  2  3  4  5  6  7  8 10 11 12 13 21 |
4           0.08421359      |  0  1  2  3  4  5  6  7  8  9 10 13 14 17 |  0  1  2  3  4  5  6  7  8  9 10 11 17 18 |
4          -0.08421359      |  0  1  2  3  4  5  6  7  8  9 10 13 14 18 |  0  1  2  3  4  5  6  7  8  9 10 12 17 18 |
2           0.07984738      |  0  1  2  3  4  5  6  7  8 10 11 12 13 20 |  0  1  2  3  4  5  6  7  8  9 11 12 13 21 |
4          -0.07899987      |  0  1  2  3  4  5  6  7  8  9 11 13 17 18 |  0  1  2  3  4  5  6  7  8  9 10 13 17 20 |
4          -0.07899987      |  0  1  2  3  4  5  6  7  8 10 12 13 17 18 |  0  1  2  3  4  5  6  7  8  9 10 13 18 21 |
----------------------------------------
HF energy: -2098.3136777904 Ha
Variational energy: -2099.8536325848 Ha
Memory total: 3170.3GB
Helper size: 0.1GB
Bytes per det: 32
Memory var: 7.1GB
Memory PT limit: 2212.0GB

BEG OF dtm 2.00e-06 << eps_var 3.00e-05 << perturbation [1420.2/1445.7]GB [43.125/0.000/11583.928]s
Number of dtm batches: 1
END OF determine number of dtm batches [1420.2/1445.7]GB [1.190/1.190/11585.118]s

BEG OF #1/1 << dtm 2.00e-06 << eps_var 3.00e-05 << perturbation [1420.2/1445.7]GB [0.001/0.000/11585.119]s
20% 40% 60% 80% 100% 
Number of dtm pt dets: 3,841,759,486
END OF create hc sums [1430.0/1455.5]GB [621.622/621.622/12206.740]s
PT dtm batch correction: -0.0380316416 Ha
PT dtm correction (eps1= 3.00e-05): -0.0380316416 +- 0.0000000000 Ha
PT dtm total energy (eps1= 3.00e-05): -2099.8916642264 +- 0.0000000000 Ha
Correlation energy (eps1= 3.00e-05): -1.5779864360 +- 0.0000000000 Ha
END OF #1/1 << dtm 2.00e-06 << eps_var 3.00e-05 << perturbation [1430.0/1455.5]GB [386.806/1008.427/12593.545]s
END OF dtm 2.00e-06 << eps_var 3.00e-05 << perturbation [1430.0/1455.5]GB [0.017/1009.633/12593.562]s

BEG OF psto 1.00e-07 << eps_var 3.00e-05 << perturbation [1420.9/1446.4]GB [0.114/0.001/12593.675]s
Number of psto batches: 21
END OF determine number of psto batches [1425.9/1451.4]GB [17.917/17.917/12611.591]s

BEG OF #1/21 << psto 1.00e-07 << eps_var 3.00e-05 << perturbation [1425.9/1451.4]GB [0.049/0.001/12611.640]s
20% 40% 60% 80% 100% 
Number of psto pt dets: 7,925,372,138
END OF create hc sums [1108.9/1134.4]GB [703.027/703.027/13314.666]s
PT psto batch correction: -0.0004317543 Ha
PT psto correction (eps1= 3.00e-05): -0.0090668397 +- 0.0000030415 Ha
PT psto total energy (eps1= 3.00e-05): -2099.9007310661 +- 0.0000030415 Ha
Correlation energy (eps1= 3.00e-05): -1.5870532757 +- 0.0000030415 Ha
END OF #1/21 << psto 1.00e-07 << eps_var 3.00e-05 << perturbation [1108.8/1134.3]GB [982.049/1685.075/14296.715]s
END OF psto 1.00e-07 << eps_var 3.00e-05 << perturbation [1108.8/1134.3]GB [0.001/1703.041/14296.715]s

BEG OF sto 1.00e-20 << eps_var 3.00e-05 << perturbation [957.6/983.1]GB [1.762/0.001/14298.477]s
Number of samples chosen: 2,645,732
END OF determine n samples [957.8/983.3]GB [4.232/4.232/14302.708]s

BEG OF #1 << sto 1.00e-20 << eps_var 3.00e-05 << perturbation [957.8/983.3]GB [0.001/0.000/14302.709]s
Number of unique variational determinants in sample: 2,313,252
Batch id: 18 / 64
20% 40% 60% 80% 100% 
Number of sto pt dets: 2,686,488,642
END OF create hc sums [1332.0/1357.5]GB [237.917/237.917/14540.625]s
PT sto loop correction: -0.0000061413 Ha
PT sto correction (eps1= 3.00e-05): -0.0000061413 +- -nan Ha
PT sto total energy (eps1= 3.00e-05): -2099.9007372074 +- -nan Ha
Correlation energy (eps1= 3.00e-05): -1.5870594170 +- -nan Ha
END OF #1 << sto 1.00e-20 << eps_var 3.00e-05 << perturbation [1332.0/1357.5]GB [372.437/610.353/14913.062]s

BEG OF #2 << sto 1.00e-20 << eps_var 3.00e-05 << perturbation [1332.0/1357.5]GB [0.001/0.000/14913.062]s
Number of unique variational determinants in sample: 2,312,616
Batch id: 41 / 64
20% 40% 60% 80% 100% 
Number of sto pt dets: 2,685,716,282
END OF create hc sums [1332.1/1357.5]GB [176.906/176.906/15089.968]s
PT sto loop correction: -0.0000210490 Ha
PT sto correction (eps1= 3.00e-05): -0.0000135952 +- 0.0000074539 Ha
PT sto total energy (eps1= 3.00e-05): -2099.9007446612 +- 0.0000080505 Ha
Correlation energy (eps1= 3.00e-05): -1.5870668709 +- 0.0000080505 Ha
END OF #2 << sto 1.00e-20 << eps_var 3.00e-05 << perturbation [1332.1/1357.6]GB [372.623/549.529/15462.591]s

BEG OF #3 << sto 1.00e-20 << eps_var 3.00e-05 << perturbation [1332.1/1357.6]GB [0.002/0.000/15462.591]s
Number of unique variational determinants in sample: 2,313,529
Batch id: 28 / 64
20% 40% 60% 80% 100% 
Number of sto pt dets: 2,686,540,803
END OF create hc sums [1332.1/1357.6]GB [176.595/176.595/15639.186]s
PT sto loop correction: -0.0000026144 Ha
PT sto correction (eps1= 3.00e-05): -0.0000099349 +- 0.0000056496 Ha
PT sto total energy (eps1= 3.00e-05): -2099.9007410010 +- 0.0000064163 Ha
Correlation energy (eps1= 3.00e-05): -1.5870632106 +- 0.0000064163 Ha
END OF #3 << sto 1.00e-20 << eps_var 3.00e-05 << perturbation [1332.1/1357.6]GB [372.785/549.380/16011.971]s

BEG OF #4 << sto 1.00e-20 << eps_var 3.00e-05 << perturbation [1332.1/1357.6]GB [0.001/0.000/16011.971]s
Number of unique variational determinants in sample: 2,313,605
Batch id: 40 / 64
20% 40% 60% 80% 100% 
Number of sto pt dets: 2,686,962,612
END OF create hc sums [1332.1/1357.6]GB [176.179/176.179/16188.149]s
PT sto loop correction: -0.0000123613 Ha
PT sto correction (eps1= 3.00e-05): -0.0000105415 +- 0.0000040406 Ha
PT sto total energy (eps1= 3.00e-05): -2099.9007416076 +- 0.0000050574 Ha
Correlation energy (eps1= 3.00e-05): -1.5870638172 +- 0.0000050574 Ha
END OF #4 << sto 1.00e-20 << eps_var 3.00e-05 << perturbation [1332.1/1357.6]GB [371.881/548.059/16560.030]s

BEG OF #5 << sto 1.00e-20 << eps_var 3.00e-05 << perturbation [1332.1/1357.6]GB [0.001/0.000/16560.030]s
Number of unique variational determinants in sample: 2,313,939
Batch id: 15 / 64
20% 40% 60% 80% 100% 
Number of sto pt dets: 2,687,791,385
END OF create hc sums [1332.1/1357.6]GB [175.080/175.080/16735.110]s
PT sto loop correction: -0.0000106804 Ha
PT sto correction (eps1= 3.00e-05): -0.0000105693 +- 0.0000031300 Ha
PT sto total energy (eps1= 3.00e-05): -2099.9007416354 +- 0.0000043644 Ha
Correlation energy (eps1= 3.00e-05): -1.5870638450 +- 0.0000043644 Ha
END OF #5 << sto 1.00e-20 << eps_var 3.00e-05 << perturbation [1332.1/1357.6]GB [372.645/547.724/17107.754]s

BEG OF #6 << sto 1.00e-20 << eps_var 3.00e-05 << perturbation [1332.1/1357.6]GB [0.001/0.000/17107.754]s
Number of unique variational determinants in sample: 2,313,745
Batch id: 1 / 64
20% 40% 60% 80% 100% 
Number of sto pt dets: 2,687,004,011
END OF create hc sums [1332.1/1357.6]GB [174.719/174.719/17282.473]s
PT sto loop correction: -0.0000118704 Ha
PT sto correction (eps1= 3.00e-05): -0.0000107861 +- 0.0000025648 Ha
PT sto total energy (eps1= 3.00e-05): -2099.9007418522 +- 0.0000039786 Ha
Correlation energy (eps1= 3.00e-05): -1.5870640619 +- 0.0000039786 Ha
END OF #6 << sto 1.00e-20 << eps_var 3.00e-05 << perturbation [1332.1/1357.6]GB [372.763/547.481/17655.235]s
END OF sto 1.00e-20 << eps_var 3.00e-05 << perturbation [1332.1/1357.6]GB [0.014/3356.772/17655.248]s
Total energy: -2099.9007418522 +- 0.0000039786 Ha
END OF eps_var 3.00e-05 << perturbation [1331.9/1357.4]GB [0.125/6114.569/17655.373]s

BEG OF eps_var 2.00e-05 << perturbation [1331.9/1357.4]GB [0.001/0.000/17655.373]s
Loaded 67,098,244 dets from: wf_eps1_2.00e-05.dat
Effect dets (without time sym): 134,171,793
----------------------------------------
Excite Lv       # dets         Sum c^2
0                    1      0.16735092
1                  190      0.00065185
2                81086      0.40022853
3              2537366      0.01669632
4             20211832      0.28049974
5             26670864      0.02031627
6             41467913      0.08691946
7             18890930      0.00887109
8             16004711      0.01483973
9              4680794      0.00191747
10             2762683      0.00146813
11              593726      0.00018368
12              234701      0.00005478
13               30416      0.00000182
14                4580      0.00000020
----------------------------------------
Orbital                        Sum c^2
0                           1.99543486
1                           1.99538948
2                           1.98729225
3                           1.98713634
4                           1.98713634
5                           1.98620686
6                           1.98620686
7                           1.98443431
8                           1.88198697
9                           1.62733991
10                          1.62733991
11                          1.27265841
12                          1.27265841
13                          1.59702580
14                          0.38743555
15                          0.02911500
16                          0.02911500
17                          0.70583683
18                          0.70583683
19                          0.01806092
20                          0.35426781
21                          0.35426781
22                          0.06103920
23                          0.00618203
24                          0.00477931
25                          0.00477931
26                          0.00979523
27                          0.01254656
28                          0.01254656
29                          0.00428502
30                          0.00264633
31                          0.01410882
32                          0.01410882
33                          0.00265916
34                          0.00265916
35                          0.00428875
36                          0.00428875
37                          0.00686264
38                          0.00686264
39                          0.00266945
40                          0.00413553
41                          0.00382920
42                          0.00382920
43                          0.00158283
44                          0.00158283
45                          0.00113807
46                          0.00224660
47                          0.00000254
48                          0.00000254
49                          0.00037333
Sum orbitals c^2: 28.00000000
----------------------------------------
Most important dets:
Excite Lv         Coef      Det (Reordered orb)
0           0.40908547      |  0  1  2  3  4  5  6  7  8  9 10 11 12 13 |  0  1  2  3  4  5  6  7  8  9 10 11 12 13 |
2          -0.23793348      |  0  1  2  3  4  5  6  7  8  9 10 11 13 17 |  0  1  2  3  4  5  6  7  8  9 10 11 13 17 |
2          -0.23793348      |  0  1  2  3  4  5  6  7  8  9 10 12 13 18 |  0  1  2  3  4  5  6  7  8  9 10 12 13 18 |
2           0.21561062      |  0  1  2  3  4  5  6  7  8  9 10 12 13 17 |  0  1  2  3  4  5  6  7  8  9 10 11 13 18 |
4           0.15588787      |  0  1  2  3  4  5  6  7  8  9 10 13 17 18 |  0  1  2  3  4  5  6  7  8  9 10 13 17 18 |
2           0.12785842      |  0  1  2  3  4  5  6  7  8  9 10 11 13 14 |  0  1  2  3  4  5  6  7  8  9 10 11 12 17 |
2          -0.12785842      |  0  1  2  3  4  5  6  7  8  9 10 12 13 14 |  0  1  2  3  4  5  6  7  8  9 10 11 12 18 |
2           0.12283464      |  0  1  2  3  4  5  6  7  8 10 11 12 13 17 |  0  1  2  3  4  5  6  7  8  9 10 11 13 21 |
2           0.12283464      |  0  1  2  3  4  5  6  7  8  9 11 12 13 18 |  0  1  2  3  4  5  6  7  8  9 10 12 13 20 |
2          -0.11273145      |  0  1  2  3  4  5  6  7  8  9 10 11 12 14 |  0  1  2  3  4  5  6  7  8  9 10 11 12 14 |
2          -0.11008050      |  0  1  2  3  4  5  6  7  8  9 11 12 13 17 |  0  1  2  3  4  5  6  7  8  9 10 11 13 20 |
2          -0.11008050      |  0  1  2  3  4  5  6  7  8 10 11 12 13 18 |  0  1  2  3  4  5  6  7  8  9 10 12 13 21 |
2           0.10311608      |  0  1  2  3  4  5  6  7  8  9 10 11 13 17 |  0  1  2  3  4  5  6  7  8  9 10 12 13 18 |
2          -0.09862003      |  0  1  2  3  4  5  6  7  8  9 11 12 13 20 |  0  1  2  3  4  5  6  7  8  9 11 12 13 20 |
2          -0.09862003      |  0  1  2  3  4  5  6  7  8 10 11 12 13 21 |  0  1  2  3  4  5  6  7  8 10 11 12 13 21 |
4           0.08387305      |  0  1  2  3  4  5  6  7  8  9 10 13 14 17 |  0  1  2  3  4  5  6  7  8  9 10 11 17 18 |
4          -0.08387305      |  0  1  2  3  4  5  6  7  8  9 10 13 14 18 |  0  1  2  3  4  5  6  7  8  9 10 12 17 18 |
2           0.07969956      |  0  1  2  3  4  5  6  7  8 10 11 12 13 20 |  0  1  2  3  4  5  6  7  8  9 11 12 13 21 |
4          -0.07882470      |  0  1  2  3  4  5  6  7  8  9 11 13 17 18 |  0  1  2  3  4  5  6  7  8  9 10 13 17 20 |
4          -0.07882470      |  0  1  2  3  4  5  6  7  8 10 12 13 17 18 |  0  1  2  3  4  5  6  7  8  9 10 13 18 21 |
----------------------------------------
HF energy: -2098.3136777904 Ha
Variational energy: -2099.8634579479 Ha
Memory total: 3170.3GB
Helper size: 0.1GB
Bytes per det: 32
Memory var: 14.0GB
Memory PT limit: 2205.2GB

BEG OF dtm 2.00e-06 << eps_var 2.00e-05 << perturbation [26.7/52.2]GB [82.872/0.000/17738.245]s
Number of dtm batches: 1
END OF determine number of dtm batches [26.8/52.3]GB [1.932/1.932/17740.177]s

BEG OF #1/1 << dtm 2.00e-06 << eps_var 2.00e-05 << perturbation [26.8/52.3]GB [0.015/0.000/17740.191]s
20% 40% 60% 80% 100% 
Number of dtm pt dets: 3,929,951,670
END OF create hc sums [698.8/724.3]GB [849.727/849.727/18589.918]s
PT dtm batch correction: -0.0288937110 Ha
PT dtm correction (eps1= 2.00e-05): -0.0288937110 +- 0.0000000000 Ha
PT dtm total energy (eps1= 2.00e-05): -2099.8923516589 +- 0.0000000000 Ha
Correlation energy (eps1= 2.00e-05): -1.5786738685 +- 0.0000000000 Ha
END OF #1/1 << dtm 2.00e-06 << eps_var 2.00e-05 << perturbation [698.8/724.3]GB [370.311/1220.037/18960.228]s
END OF dtm 2.00e-06 << eps_var 2.00e-05 << perturbation [698.8/724.3]GB [0.014/1221.996/18960.241]s

BEG OF psto 1.00e-07 << eps_var 2.00e-05 << perturbation [684.6/710.0]GB [0.188/0.001/18960.428]s
Number of psto batches: 26
END OF determine number of psto batches [691.3/716.8]GB [23.541/23.541/18983.969]s

BEG OF #1/26 << psto 1.00e-07 << eps_var 2.00e-05 << perturbation [691.3/716.8]GB [0.069/0.001/18984.037]s
20% 40% 60% 80% 100% 
Number of psto pt dets: 7,708,404,959
END OF create hc sums [1347.4/1372.9]GB [819.515/819.515/19803.551]s
PT psto batch correction: -0.0004203950 Ha
PT psto correction (eps1= 2.00e-05): -0.0109302698 +- 0.0000026461 Ha
PT psto total energy (eps1= 2.00e-05): -2099.9032819287 +- 0.0000026461 Ha
Correlation energy (eps1= 2.00e-05): -1.5896041383 +- 0.0000026461 Ha
END OF #1/26 << psto 1.00e-07 << eps_var 2.00e-05 << perturbation [1347.5/1372.9]GB [913.442/1732.956/20716.992]s
END OF psto 1.00e-07 << eps_var 2.00e-05 << perturbation [1347.5/1372.9]GB [0.001/1756.565/20716.992]s

BEG OF sto 1.00e-20 << eps_var 2.00e-05 << perturbation [1293.9/1319.4]GB [1.878/0.001/20718.870]s
Number of samples chosen: 2,528,208
END OF determine n samples [1294.2/1319.6]GB [3.947/3.947/20722.816]s

BEG OF #1 << sto 1.00e-20 << eps_var 2.00e-05 << perturbation [1294.2/1319.6]GB [0.001/0.000/20722.817]s
Number of unique variational determinants in sample: 2,307,230
Batch id: 18 / 64
20% 40% 60% 80% 100% 
Number of sto pt dets: 2,766,097,157
END OF create hc sums [1424.6/1450.0]GB [238.713/238.713/20961.530]s
PT sto loop correction: -0.0000628401 Ha
PT sto correction (eps1= 2.00e-05): -0.0000628401 +- -nan Ha
PT sto total energy (eps1= 2.00e-05): -2099.9033447688 +- -nan Ha
Correlation energy (eps1= 2.00e-05): -1.5896669784 +- -nan Ha
END OF #1 << sto 1.00e-20 << eps_var 2.00e-05 << perturbation [1424.5/1450.0]GB [372.196/610.909/21333.725]s

BEG OF #2 << sto 1.00e-20 << eps_var 2.00e-05 << perturbation [1424.5/1450.0]GB [0.001/0.000/21333.725]s
Number of unique variational determinants in sample: 2,306,714
Batch id: 29 / 64
20% 40% 60% 80% 100% 
Number of sto pt dets: 2,765,928,852
END OF create hc sums [1424.6/1450.1]GB [176.177/176.177/21509.902]s
PT sto loop correction: -0.0000532192 Ha
PT sto correction (eps1= 2.00e-05): -0.0000580296 +- 0.0000048105 Ha
PT sto total energy (eps1= 2.00e-05): -2099.9033399583 +- 0.0000054902 Ha
Correlation energy (eps1= 2.00e-05): -1.5896621680 +- 0.0000054902 Ha
END OF #2 << sto 1.00e-20 << eps_var 2.00e-05 << perturbation [1424.5/1450.0]GB [375.441/551.617/21885.342]s

BEG OF #3 << sto 1.00e-20 << eps_var 2.00e-05 << perturbation [1424.5/1450.0]GB [0.001/0.001/21885.343]s
Number of unique variational determinants in sample: 2,306,503
Batch id: 25 / 64
20% 40% 60% 80% 100% 
Number of sto pt dets: 2,765,299,051
END OF create hc sums [1424.6/1450.1]GB [176.113/176.113/22061.455]s
PT sto loop correction: -0.0000769783 Ha
PT sto correction (eps1= 2.00e-05): -0.0000643458 +- 0.0000068999 Ha
PT sto total energy (eps1= 2.00e-05): -2099.9033462745 +- 0.0000073899 Ha
Correlation energy (eps1= 2.00e-05): -1.5896684842 +- 0.0000073899 Ha
END OF #3 << sto 1.00e-20 << eps_var 2.00e-05 << perturbation [1424.6/1450.1]GB [374.318/550.430/22435.772]s

BEG OF #4 << sto 1.00e-20 << eps_var 2.00e-05 << perturbation [1424.6/1450.1]GB [0.001/0.000/22435.772]s
Number of unique variational determinants in sample: 2,306,414
Batch id: 30 / 64
20% 40% 60% 80% 100% 
Number of sto pt dets: 2,765,240,373
END OF create hc sums [1424.6/1450.1]GB [175.774/175.774/22611.545]s
PT sto loop correction: -0.0000752605 Ha
PT sto correction (eps1= 2.00e-05): -0.0000670745 +- 0.0000055901 Ha
PT sto total energy (eps1= 2.00e-05): -2099.9033490032 +- 0.0000061848 Ha
Correlation energy (eps1= 2.00e-05): -1.5896712128 +- 0.0000061848 Ha
END OF #4 << sto 1.00e-20 << eps_var 2.00e-05 << perturbation [1424.6/1450.1]GB [372.303/548.076/22983.848]s

BEG OF #5 << sto 1.00e-20 << eps_var 2.00e-05 << perturbation [1424.6/1450.1]GB [0.001/0.000/22983.848]s
Number of unique variational determinants in sample: 2,306,847
Batch id: 3 / 64
20% 40% 60% 80% 100% 
Number of sto pt dets: 2,765,796,398
END OF create hc sums [1424.6/1450.1]GB [175.468/175.468/23159.316]s
PT sto loop correction: -0.0000520457 Ha
PT sto correction (eps1= 2.00e-05): -0.0000640687 +- 0.0000052711 Ha
PT sto total energy (eps1= 2.00e-05): -2099.9033459974 +- 0.0000058980 Ha
Correlation energy (eps1= 2.00e-05): -1.5896682071 +- 0.0000058980 Ha
END OF #5 << sto 1.00e-20 << eps_var 2.00e-05 << perturbation [1424.6/1450.1]GB [373.020/548.488/23532.335]s

BEG OF #6 << sto 1.00e-20 << eps_var 2.00e-05 << perturbation [1424.6/1450.1]GB [0.001/0.000/23532.336]s
Number of unique variational determinants in sample: 2,307,251
Batch id: 38 / 64
20% 40% 60% 80% 100% 
Number of sto pt dets: 2,766,424,019
END OF create hc sums [1424.6/1450.1]GB [174.795/174.795/23707.131]s
PT sto loop correction: -0.0000733594 Ha
PT sto correction (eps1= 2.00e-05): -0.0000656172 +- 0.0000045739 Ha
PT sto total energy (eps1= 2.00e-05): -2099.9033475459 +- 0.0000052842 Ha
Correlation energy (eps1= 2.00e-05): -1.5896697555 +- 0.0000052842 Ha
END OF #6 << sto 1.00e-20 << eps_var 2.00e-05 << perturbation [1424.6/1450.1]GB [374.517/549.311/24081.647]s
END OF sto 1.00e-20 << eps_var 2.00e-05 << perturbation [1424.6/1450.1]GB [0.020/3362.796/24081.665]s
Total energy: -2099.9033475459 +- 0.0000052842 Ha
END OF eps_var 2.00e-05 << perturbation [1423.7/1449.2]GB [0.120/6426.412/24081.785]s

BEG OF eps_var 1.00e-05 << perturbation [1423.7/1449.2]GB [0.001/0.000/24081.785]s
Loaded 212,551,653 dets from: wf_eps1_1.00e-05.dat
Effect dets (without time sym): 425,059,097
----------------------------------------
Excite Lv       # dets         Sum c^2
0                    1      0.15542389
1                  192      0.00069679
2                85262      0.39519730
3              4383114      0.01775606
4             45124041      0.28730680
5             79380016      0.02268851
6            133050881      0.09101805
7             74163006      0.01018276
8             56987788      0.01568889
9             18934762      0.00220974
10             9662977      0.00155614
11             2343398      0.00021213
12              813763      0.00006040
13              119348      0.00000231
14               10548      0.00000024
----------------------------------------
Orbital                        Sum c^2
0                           1.99523131
1                           1.99516753
2                           1.98667721
3                           1.98651673
4                           1.98651673
5                           1.98558312
6                           1.98558312
7                           1.98375646
8                           1.87035499
9                           1.61393016
10                          1.61393016
11                          1.26181869
12                          1.26181869
13                          1.58464644
14                          0.39782108
15                          0.03251617
16                          0.03251617
17                          0.71446375
18                          0.71446375
19                          0.02017197
20                          0.36539156
21                          0.36539156
22                          0.06609471
23                          0.00682841
24                          0.00547450
25                          0.00547450
26                          0.01048936
27                          0.01333686
28                          0.01333686
29                          0.00446463
30                          0.00276781
31                          0.01505011
32                          0.01505011
33                          0.00278042
34                          0.00278042
35                          0.00447814
36                          0.00447814
37                          0.00732532
38                          0.00732532
39                          0.00285989
40                          0.00455845
41                          0.00417278
42                          0.00417278
43                          0.00182815
44                          0.00182815
45                          0.00148101
46                          0.00240338
47                          0.00000389
48                          0.00000389
49                          0.00041843
Sum orbitals c^2: 28.00000000
----------------------------------------
Most important dets:
Excite Lv         Coef      Det (Reordered orb)
0           0.39423836      |  0  1  2  3  4  5  6  7  8  9 10 11 12 13 |  0  1  2  3  4  5  6  7  8  9 10 11 12 13 |
2          -0.23228005      |  0  1  2  3  4  5  6  7  8  9 10 11 13 17 |  0  1  2  3  4  5  6  7  8  9 10 11 13 17 |
2          -0.23228005      |  0  1  2  3  4  5  6  7  8  9 10 12 13 18 |  0  1  2  3  4  5  6  7  8  9 10 12 13 18 |
2           0.21328689      |  0  1  2  3  4  5  6  7  8  9 10 12 13 17 |  0  1  2  3  4  5  6  7  8  9 10 11 13 18 |
4           0.15287392      |  0  1  2  3  4  5  6  7  8  9 10 13 17 18 |  0  1  2  3  4  5  6  7  8  9 10 13 17 18 |
2          -0.12831408      |  0  1  2  3  4  5  6  7  8  9 10 12 13 14 |  0  1  2  3  4  5  6  7  8  9 10 11 12 18 |
2           0.12831408      |  0  1  2  3  4  5  6  7  8  9 10 11 13 14 |  0  1  2  3  4  5  6  7  8  9 10 11 12 17 |
2           0.12346648      |  0  1  2  3  4  5  6  7  8  9 11 12 13 18 |  0  1  2  3  4  5  6  7  8  9 10 12 13 20 |
2           0.12346648      |  0  1  2  3  4  5  6  7  8 10 11 12 13 17 |  0  1  2  3  4  5  6  7  8  9 10 11 13 21 |
2          -0.11216010      |  0  1  2  3  4  5  6  7  8  9 11 12 13 17 |  0  1  2  3  4  5  6  7  8  9 10 11 13 20 |
2          -0.11216010      |  0  1  2  3  4  5  6  7  8 10 11 12 13 18 |  0  1  2  3  4  5  6  7  8  9 10 12 13 21 |
2          -0.11089892      |  0  1  2  3  4  5  6  7  8  9 10 11 12 14 |  0  1  2  3  4  5  6  7  8  9 10 11 12 14 |
2           0.10309532      |  0  1  2  3  4  5  6  7  8  9 10 11 13 17 |  0  1  2  3  4  5  6  7  8  9 10 12 13 18 |
2          -0.09777417      |  0  1  2  3  4  5  6  7  8  9 11 12 13 20 |  0  1  2  3  4  5  6  7  8  9 11 12 13 20 |
2          -0.09777417      |  0  1  2  3  4  5  6  7  8 10 11 12 13 21 |  0  1  2  3  4  5  6  7  8 10 11 12 13 21 |
4           0.08461131      |  0  1  2  3  4  5  6  7  8  9 10 13 14 17 |  0  1  2  3  4  5  6  7  8  9 10 11 17 18 |
4          -0.08461131      |  0  1  2  3  4  5  6  7  8  9 10 13 14 18 |  0  1  2  3  4  5  6  7  8  9 10 12 17 18 |
2           0.08045260      |  0  1  2  3  4  5  6  7  8 10 11 12 13 20 |  0  1  2  3  4  5  6  7  8  9 11 12 13 21 |
4          -0.07965287      |  0  1  2  3  4  5  6  7  8  9 11 13 17 18 |  0  1  2  3  4  5  6  7  8  9 10 13 17 20 |
4          -0.07965287      |  0  1  2  3  4  5  6  7  8 10 12 13 17 18 |  0  1  2  3  4  5  6  7  8  9 10 13 18 21 |
----------------------------------------
HF energy: -2098.3136777904 Ha
Variational energy: -2099.8778330888 Ha
Memory total: 3170.3GB
Helper size: 0.1GB
Bytes per det: 32
Memory var: 44.2GB
Memory PT limit: 2175.0GB

BEG OF dtm 2.00e-06 << eps_var 1.00e-05 << perturbation [86.4/111.9]GB [269.230/0.000/24351.015]s
Number of dtm batches: 1
END OF determine number of dtm batches [86.5/111.9]GB [4.630/4.630/24355.645]s

BEG OF #1/1 << dtm 2.00e-06 << eps_var 1.00e-05 << perturbation [86.5/111.9]GB [0.001/0.000/24355.645]s
20% 40% 60% 80% 100% 
Number of dtm pt dets: 3,954,077,618
END OF create hc sums [754.4/779.9]GB [2008.043/2008.043/26363.688]s
PT dtm batch correction: -0.0157102637 Ha
PT dtm correction (eps1= 1.00e-05): -0.0157102637 +- 0.0000000000 Ha
PT dtm total energy (eps1= 1.00e-05): -2099.8935433525 +- 0.0000000000 Ha
Correlation energy (eps1= 1.00e-05): -1.5798655622 +- 0.0000000000 Ha
END OF #1/1 << dtm 2.00e-06 << eps_var 1.00e-05 << perturbation [754.4/779.9]GB [361.319/2369.360/26725.006]s
END OF dtm 2.00e-06 << eps_var 1.00e-05 << perturbation [754.4/779.9]GB [0.028/2374.018/26725.033]s

BEG OF psto 1.00e-07 << eps_var 1.00e-05 << perturbation [738.6/764.0]GB [0.213/0.001/26725.246]s
Number of psto batches: 36
END OF determine number of psto batches [749.6/775.1]GB [34.767/34.767/26760.012]s

BEG OF #1/36 << psto 1.00e-07 << eps_var 1.00e-05 << perturbation [749.6/775.1]GB [0.113/0.001/26760.124]s
20% 40% 60% 80% 100% 
Number of psto pt dets: 7,060,250,093
END OF create hc sums [1365.2/1390.7]GB [1150.753/1150.753/27910.876]s
PT psto batch correction: -0.0003689077 Ha
PT psto correction (eps1= 1.00e-05): -0.0132806758 +- 0.0000019715 Ha
PT psto total energy (eps1= 1.00e-05): -2099.9068240283 +- 0.0000019715 Ha
Correlation energy (eps1= 1.00e-05): -1.5931462379 +- 0.0000019715 Ha
END OF #1/36 << psto 1.00e-07 << eps_var 1.00e-05 << perturbation [1364.7/1390.2]GB [770.773/1921.526/28681.649]s
END OF psto 1.00e-07 << eps_var 1.00e-05 << perturbation [1364.7/1390.2]GB [0.001/1956.404/28681.649]s

BEG OF sto 1.00e-20 << eps_var 1.00e-05 << perturbation [1332.2/1357.7]GB [4.579/0.001/28686.228]s
Number of samples chosen: 2,388,272
END OF determine n samples [1332.5/1358.0]GB [4.658/4.658/28690.885]s

BEG OF #1 << sto 1.00e-20 << eps_var 1.00e-05 << perturbation [1332.5/1358.0]GB [0.001/0.000/28690.885]s
Number of unique variational determinants in sample: 2,277,354
Batch id: 31 / 64
20% 40% 60% 80% 100% 
Number of sto pt dets: 2,851,525,261
END OF create hc sums [1446.5/1471.9]GB [238.964/238.964/28929.849]s
PT sto loop correction: -0.0003378236 Ha
PT sto correction (eps1= 1.00e-05): -0.0003378236 +- -nan Ha
PT sto total energy (eps1= 1.00e-05): -2099.9071618519 +- -nan Ha
Correlation energy (eps1= 1.00e-05): -1.5934840615 +- -nan Ha
END OF #1 << sto 1.00e-20 << eps_var 1.00e-05 << perturbation [1446.5/1471.9]GB [367.452/606.415/29297.300]s

BEG OF #2 << sto 1.00e-20 << eps_var 1.00e-05 << perturbation [1446.5/1471.9]GB [0.001/0.000/29297.301]s
Number of unique variational determinants in sample: 2,278,499
Batch id: 61 / 64
20% 40% 60% 80% 100% 
Number of sto pt dets: 2,852,545,345
END OF create hc sums [1446.5/1472.0]GB [174.178/174.178/29471.479]s
PT sto loop correction: -0.0003488242 Ha
PT sto correction (eps1= 1.00e-05): -0.0003433239 +- 0.0000055003 Ha
PT sto total energy (eps1= 1.00e-05): -2099.9071673522 +- 0.0000058430 Ha
Correlation energy (eps1= 1.00e-05): -1.5934895618 +- 0.0000058430 Ha
END OF #2 << sto 1.00e-20 << eps_var 1.00e-05 << perturbation [1446.6/1472.0]GB [367.355/541.532/29838.833]s

BEG OF #3 << sto 1.00e-20 << eps_var 1.00e-05 << perturbation [1446.6/1472.0]GB [0.001/0.000/29838.833]s
Number of unique variational determinants in sample: 2,278,191
Batch id: 57 / 64
20% 40% 60% 80% 100% 
Number of sto pt dets: 2,852,174,632
END OF create hc sums [1446.6/1472.0]GB [173.488/173.488/30012.321]s
PT sto loop correction: -0.0003621095 Ha
PT sto correction (eps1= 1.00e-05): -0.0003495858 +- 0.0000070211 Ha
PT sto total energy (eps1= 1.00e-05): -2099.9071736141 +- 0.0000072926 Ha
Correlation energy (eps1= 1.00e-05): -1.5934958237 +- 0.0000072926 Ha
END OF #3 << sto 1.00e-20 << eps_var 1.00e-05 << perturbation [1446.6/1472.1]GB [366.703/540.191/30379.024]s

BEG OF #4 << sto 1.00e-20 << eps_var 1.00e-05 << perturbation [1446.6/1472.1]GB [0.001/0.000/30379.024]s
Number of unique variational determinants in sample: 2,277,974
Batch id: 46 / 64
20% 40% 60% 80% 100% 
Number of sto pt dets: 2,851,718,268
END OF create hc sums [1446.6/1472.1]GB [173.252/173.252/30552.276]s
PT sto loop correction: -0.0003517199 Ha
PT sto correction (eps1= 1.00e-05): -0.0003501193 +- 0.0000049932 Ha
PT sto total energy (eps1= 1.00e-05): -2099.9071741476 +- 0.0000053684 Ha
Correlation energy (eps1= 1.00e-05): -1.5934963572 +- 0.0000053684 Ha
END OF #4 << sto 1.00e-20 << eps_var 1.00e-05 << perturbation [1446.6/1472.1]GB [366.503/539.755/30918.778]s

BEG OF #5 << sto 1.00e-20 << eps_var 1.00e-05 << perturbation [1446.6/1472.1]GB [0.001/0.000/30918.779]s
Number of unique variational determinants in sample: 2,278,380
Batch id: 25 / 64
20% 40% 60% 80% 100% 
Number of sto pt dets: 2,852,884,118
END OF create hc sums [1446.6/1472.1]GB [173.828/173.828/31092.606]s
PT sto loop correction: -0.0003397853 Ha
PT sto correction (eps1= 1.00e-05): -0.0003480525 +- 0.0000043853 Ha
PT sto total energy (eps1= 1.00e-05): -2099.9071720808 +- 0.0000048081 Ha
Correlation energy (eps1= 1.00e-05): -1.5934942905 +- 0.0000048081 Ha
END OF #5 << sto 1.00e-20 << eps_var 1.00e-05 << perturbation [1446.6/1472.1]GB [366.722/540.550/31459.328]s

BEG OF #6 << sto 1.00e-20 << eps_var 1.00e-05 << perturbation [1446.6/1472.1]GB [0.002/0.000/31459.328]s
Number of unique variational determinants in sample: 2,278,510
Batch id: 63 / 64
20% 40% 60% 80% 100% 
Number of sto pt dets: 2,853,014,752
END OF create hc sums [1446.6/1472.1]GB [174.467/174.467/31633.795]s
PT sto loop correction: -0.0003394682 Ha
PT sto correction (eps1= 1.00e-05): -0.0003466218 +- 0.0000038559 Ha
PT sto total energy (eps1= 1.00e-05): -2099.9071706501 +- 0.0000043307 Ha
Correlation energy (eps1= 1.00e-05): -1.5934928597 +- 0.0000043307 Ha
END OF #6 << sto 1.00e-20 << eps_var 1.00e-05 << perturbation [1446.6/1472.1]GB [369.817/544.283/32003.611]s
END OF sto 1.00e-20 << eps_var 1.00e-05 << perturbation [1446.6/1472.1]GB [0.001/3317.384/32003.612]s
Total energy: -2099.9071706501 +- 0.0000043307 Ha
END OF eps_var 1.00e-05 << perturbation [1446.0/1471.4]GB [0.128/7921.954/32003.739]s

BEG OF eps_var 5.00e-06 << perturbation [1446.0/1471.4]GB [0.001/0.000/32003.739]s
Loaded 649,535,941 dets from: wf_eps1_5.00e-06.dat
Effect dets (without time sym): 1,298,994,409
----------------------------------------
Excite Lv       # dets         Sum c^2
0                    1      0.14514883
1                  192      0.00073291
2                87532      0.38916098
3              6796942      0.01849233
4             91310110      0.29368177
5            210467568      0.02473110
6            393002653      0.09550786
7            264999760      0.01143720
8            208132036      0.01665612
9             76145090      0.00249677
10            35260818      0.00164846
11             9590712      0.00023706
12             2626968      0.00006546
13              513842      0.00000288
14               60185      0.00000027
----------------------------------------
Orbital                        Sum c^2
0                           1.99504351
1                           1.99496270
2                           1.98616168
3                           1.98599276
4                           1.98599276
5                           1.98506077
6                           1.98506077
7                           1.98320648
8                           1.85861149
9                           1.60076420
10                          1.60076420
11                          1.25224280
12                          1.25224280
13                          1.57223227
14                          0.40845196
15                          0.03525294
16                          0.03525294
17                          0.72219689
18                          0.72219689
19                          0.02195192
20                          0.37658352
21                          0.37658352
22                          0.07219059
23                          0.00741534
24                          0.00614699
25                          0.00614699
26                          0.01106329
27                          0.01394541
28                          0.01394541
29                          0.00461167
30                          0.00287247
31                          0.01577362
32                          0.01577362
33                          0.00288263
34                          0.00288263
35                          0.00463234
36                          0.00463234
37                          0.00770221
38                          0.00770221
39                          0.00304881
40                          0.00497275
41                          0.00448729
42                          0.00448729
43                          0.00206808
44                          0.00206808
45                          0.00183957
46                          0.00256274
47                          0.00000602
48                          0.00000602
49                          0.00047011
Sum orbitals c^2: 28.00000000
----------------------------------------
Most important dets:
Excite Lv         Coef      Det (Reordered orb)
0           0.38098403      |  0  1  2  3  4  5  6  7  8  9 10 11 12 13 |  0  1  2  3  4  5  6  7  8  9 10 11 12 13 |
2          -0.22666709      |  0  1  2  3  4  5  6  7  8  9 10 11 13 17 |  0  1  2  3  4  5  6  7  8  9 10 11 13 17 |
2          -0.22666709      |  0  1  2  3  4  5  6  7  8  9 10 12 13 18 |  0  1  2  3  4  5  6  7  8  9 10 12 13 18 |
2           0.20985383      |  0  1  2  3  4  5  6  7  8  9 10 12 13 17 |  0  1  2  3  4  5  6  7  8  9 10 11 13 18 |
4           0.14971877      |  0  1  2  3  4  5  6  7  8  9 10 13 17 18 |  0  1  2  3  4  5  6  7  8  9 10 13 17 18 |
2          -0.12803696      |  0  1  2  3  4  5  6  7  8  9 10 12 13 14 |  0  1  2  3  4  5  6  7  8  9 10 11 12 18 |
2           0.12803696      |  0  1  2  3  4  5  6  7  8  9 10 11 13 14 |  0  1  2  3  4  5  6  7  8  9 10 11 12 17 |
2           0.12330301      |  0  1  2  3  4  5  6  7  8  9 11 12 13 18 |  0  1  2  3  4  5  6  7  8  9 10 12 13 20 |
2           0.12330301      |  0  1  2  3  4  5  6  7  8 10 11 12 13 17 |  0  1  2  3  4  5  6  7  8  9 10 11 13 21 |
2          -0.11322725      |  0  1  2  3  4  5  6  7  8  9 11 12 13 17 |  0  1  2  3  4  5  6  7  8  9 10 11 13 20 |
2          -0.11322725      |  0  1  2  3  4  5  6  7  8 10 11 12 13 18 |  0  1  2  3  4  5  6  7  8  9 10 12 13 21 |
2          -0.10906960      |  0  1  2  3  4  5  6  7  8  9 10 11 12 14 |  0  1  2  3  4  5  6  7  8  9 10 11 12 14 |
2           0.10346084      |  0  1  2  3  4  5  6  7  8  9 10 11 13 17 |  0  1  2  3  4  5  6  7  8  9 10 12 13 18 |
2          -0.09679006      |  0  1  2  3  4  5  6  7  8  9 11 12 13 20 |  0  1  2  3  4  5  6  7  8  9 11 12 13 20 |
2          -0.09679006      |  0  1  2  3  4  5  6  7  8 10 11 12 13 21 |  0  1  2  3  4  5  6  7  8 10 11 12 13 21 |
4           0.08493379      |  0  1  2  3  4  5  6  7  8  9 10 13 14 17 |  0  1  2  3  4  5  6  7  8  9 10 11 17 18 |
4          -0.08493379      |  0  1  2  3  4  5  6  7  8  9 10 13 14 18 |  0  1  2  3  4  5  6  7  8  9 10 12 17 18 |
2           0.08090166      |  0  1  2  3  4  5  6  7  8 10 11 12 13 20 |  0  1  2  3  4  5  6  7  8  9 11 12 13 21 |
4          -0.08008028      |  0  1  2  3  4  5  6  7  8  9 11 13 17 18 |  0  1  2  3  4  5  6  7  8  9 10 13 17 20 |
4          -0.08008028      |  0  1  2  3  4  5  6  7  8 10 12 13 17 18 |  0  1  2  3  4  5  6  7  8  9 10 13 18 21 |
----------------------------------------
HF energy: -2098.3136777904 Ha
Variational energy: -2099.8888610789 Ha
Memory total: 3170.3GB
Helper size: 0.1GB
Bytes per det: 32
Memory var: 135.1GB
Memory PT limit: 2084.1GB

BEG OF dtm 2.00e-06 << eps_var 5.00e-06 << perturbation [235.6/261.1]GB [798.708/0.000/32802.446]s
Number of dtm batches: 1
END OF determine number of dtm batches [235.6/261.1]GB [19.777/19.777/32822.223]s

BEG OF #1/1 << dtm 2.00e-06 << eps_var 5.00e-06 << perturbation [235.6/261.1]GB [0.004/0.000/32822.226]s
20% 40% 60% 80% 100% 
Number of dtm pt dets: 3,458,037,455
END OF create hc sums [900.3/925.8]GB [5608.178/5608.178/38430.404]s
PT dtm batch correction: -0.0063276992 Ha
PT dtm correction (eps1= 5.00e-06): -0.0063276992 +- 0.0000000000 Ha
PT dtm total energy (eps1= 5.00e-06): -2099.8951887781 +- 0.0000000000 Ha
Correlation energy (eps1= 5.00e-06): -1.5815109878 +- 0.0000000000 Ha
END OF #1/1 << dtm 2.00e-06 << eps_var 5.00e-06 << perturbation [900.3/925.8]GB [288.693/5896.871/38719.096]s
END OF dtm 2.00e-06 << eps_var 5.00e-06 << perturbation [900.3/925.8]GB [0.016/5916.666/38719.112]s

BEG OF psto 1.00e-07 << eps_var 5.00e-06 << perturbation [885.1/910.6]GB [0.204/0.002/38719.315]s
Number of psto batches: 44
END OF determine number of psto batches [896.5/922.0]GB [52.733/52.733/38772.047]s

BEG OF #1/44 << psto 1.00e-07 << eps_var 5.00e-06 << perturbation [896.5/922.0]GB [0.116/0.001/38772.163]s
20% 40% 60% 80% 100% 
Number of psto pt dets: 6,651,151,716
END OF create hc sums [1481.3/1506.8]GB [1643.317/1643.317/40415.479]s
PT psto batch correction: -0.0003162478 Ha
PT psto correction (eps1= 5.00e-06): -0.0139149033 +- 0.0000013844 Ha
PT psto total energy (eps1= 5.00e-06): -2099.9091036814 +- 0.0000013844 Ha
Correlation energy (eps1= 5.00e-06): -1.5954258910 +- 0.0000013844 Ha
END OF #1/44 << psto 1.00e-07 << eps_var 5.00e-06 << perturbation [1481.3/1506.8]GB [668.112/2311.428/41083.590]s
END OF psto 1.00e-07 << eps_var 5.00e-06 << perturbation [1481.3/1506.8]GB [0.001/2364.277/41083.591]s

BEG OF sto 1.00e-20 << eps_var 5.00e-06 << perturbation [1457.7/1483.1]GB [14.757/0.001/41098.348]s
Number of samples chosen: 2,258,700
END OF determine n samples [1457.9/1483.4]GB [4.376/4.376/41102.723]s

BEG OF #1 << sto 1.00e-20 << eps_var 5.00e-06 << perturbation [1457.9/1483.4]GB [0.001/0.000/41102.723]s
Number of unique variational determinants in sample: 2,204,509
Batch id: 48 / 64
20% 40% 60% 80% 100% 
Number of sto pt dets: 2,841,805,087
END OF create hc sums [1599.3/1624.8]GB [232.463/232.463/41335.186]s
PT sto loop correction: -0.0009770463 Ha
PT sto correction (eps1= 5.00e-06): -0.0009770463 +- -nan Ha
PT sto total energy (eps1= 5.00e-06): -2099.9100807276 +- -nan Ha
Correlation energy (eps1= 5.00e-06): -1.5964029373 +- -nan Ha
END OF #1 << sto 1.00e-20 << eps_var 5.00e-06 << perturbation [1599.3/1624.8]GB [348.818/581.280/41684.004]s

BEG OF #2 << sto 1.00e-20 << eps_var 5.00e-06 << perturbation [1599.3/1624.8]GB [0.001/0.000/41684.004]s
Number of unique variational determinants in sample: 2,203,670
Batch id: 58 / 64
20% 40% 60% 80% 100% 
Number of sto pt dets: 2,840,673,689
END OF create hc sums [1599.4/1624.8]GB [171.908/171.908/41855.912]s
PT sto loop correction: -0.0010025853 Ha
PT sto correction (eps1= 5.00e-06): -0.0009898158 +- 0.0000127695 Ha
PT sto total energy (eps1= 5.00e-06): -2099.9100934972 +- 0.0000128444 Ha
Correlation energy (eps1= 5.00e-06): -1.5964157068 +- 0.0000128444 Ha
END OF #2 << sto 1.00e-20 << eps_var 5.00e-06 << perturbation [1599.4/1624.9]GB [348.608/520.515/42204.519]s

BEG OF #3 << sto 1.00e-20 << eps_var 5.00e-06 << perturbation [1599.4/1624.9]GB [0.001/0.000/42204.519]s
Number of unique variational determinants in sample: 2,204,101
Batch id: 22 / 64
20% 40% 60% 80% 100% 
Number of sto pt dets: 2,841,384,588
END OF create hc sums [1599.4/1624.9]GB [168.897/168.897/42373.415]s
PT sto loop correction: -0.0009194612 Ha
PT sto correction (eps1= 5.00e-06): -0.0009663643 +- 0.0000245831 Ha
PT sto total energy (eps1= 5.00e-06): -2099.9100700456 +- 0.0000246220 Ha
Correlation energy (eps1= 5.00e-06): -1.5963922553 +- 0.0000246220 Ha
END OF #3 << sto 1.00e-20 << eps_var 5.00e-06 << perturbation [1599.4/1624.9]GB [349.155/518.051/42722.570]s

BEG OF #4 << sto 1.00e-20 << eps_var 5.00e-06 << perturbation [1599.4/1624.9]GB [0.001/0.000/42722.570]s
Number of unique variational determinants in sample: 2,204,712
Batch id: 2 / 64
20% 40% 60% 80% 100% 
Number of sto pt dets: 2,841,851,028
END OF create hc sums [1599.4/1624.9]GB [171.750/171.750/42894.320]s
PT sto loop correction: -0.0009475805 Ha
PT sto correction (eps1= 5.00e-06): -0.0009616683 +- 0.0000180060 Ha
PT sto total energy (eps1= 5.00e-06): -2099.9100653497 +- 0.0000180591 Ha
Correlation energy (eps1= 5.00e-06): -1.5963875593 +- 0.0000180591 Ha
END OF #4 << sto 1.00e-20 << eps_var 5.00e-06 << perturbation [1599.5/1624.9]GB [349.811/521.560/43244.130]s

BEG OF #5 << sto 1.00e-20 << eps_var 5.00e-06 << perturbation [1599.5/1624.9]GB [0.001/0.000/43244.130]s
Number of unique variational determinants in sample: 2,204,067
Batch id: 25 / 64
20% 40% 60% 80% 100% 
Number of sto pt dets: 2,841,567,099
END OF create hc sums [1599.4/1624.9]GB [170.474/170.474/43414.603]s
PT sto loop correction: -0.0010175763 Ha
PT sto correction (eps1= 5.00e-06): -0.0009728499 +- 0.0000178762 Ha
PT sto total energy (eps1= 5.00e-06): -2099.9100765313 +- 0.0000179297 Ha
Correlation energy (eps1= 5.00e-06): -1.5963987409 +- 0.0000179297 Ha
END OF #5 << sto 1.00e-20 << eps_var 5.00e-06 << perturbation [1599.5/1625.0]GB [351.151/521.624/43765.754]s

BEG OF #6 << sto 1.00e-20 << eps_var 5.00e-06 << perturbation [1599.5/1625.0]GB [0.001/0.000/43765.754]s
Number of unique variational determinants in sample: 2,204,008
Batch id: 39 / 64
20% 40% 60% 80% 100% 
Number of sto pt dets: 2,841,256,557
END OF create hc sums [1599.4/1624.9]GB [169.515/169.515/43935.269]s
PT sto loop correction: -0.0010425252 Ha
PT sto correction (eps1= 5.00e-06): -0.0009844625 +- 0.0000186518 Ha
PT sto total energy (eps1= 5.00e-06): -2099.9100881438 +- 0.0000187031 Ha
Correlation energy (eps1= 5.00e-06): -1.5964103535 +- 0.0000187031 Ha
END OF #6 << sto 1.00e-20 << eps_var 5.00e-06 << perturbation [1599.5/1625.0]GB [349.224/518.737/44284.491]s

BEG OF #7 << sto 1.00e-20 << eps_var 5.00e-06 << perturbation [1599.5/1625.0]GB [0.001/0.000/44284.492]s
Number of unique variational determinants in sample: 2,203,835
Batch id: 59 / 64
20% 40% 60% 80% 100% 
Number of sto pt dets: 2,841,307,009
END OF create hc sums [1599.5/1624.9]GB [167.919/167.919/44452.411]s
PT sto loop correction: -0.0010573864 Ha
PT sto correction (eps1= 5.00e-06): -0.0009948802 +- 0.0000188950 Ha
PT sto total energy (eps1= 5.00e-06): -2099.9100985615 +- 0.0000189457 Ha
Correlation energy (eps1= 5.00e-06): -1.5964207712 +- 0.0000189457 Ha
END OF #7 << sto 1.00e-20 << eps_var 5.00e-06 << perturbation [1599.5/1625.0]GB [349.459/517.377/44801.869]s

BEG OF #8 << sto 1.00e-20 << eps_var 5.00e-06 << perturbation [1599.5/1625.0]GB [0.001/0.000/44801.869]s
Number of unique variational determinants in sample: 2,204,303
Batch id: 17 / 64
20% 40% 60% 80% 100% 
Number of sto pt dets: 2,841,738,070
END OF create hc sums [1599.5/1624.9]GB [167.784/167.784/44969.653]s
PT sto loop correction: -0.0010161325 Ha
PT sto correction (eps1= 5.00e-06): -0.0009975367 +- 0.0000165778 Ha
PT sto total energy (eps1= 5.00e-06): -2099.9101012181 +- 0.0000166355 Ha
Correlation energy (eps1= 5.00e-06): -1.5964234277 +- 0.0000166355 Ha
END OF #8 << sto 1.00e-20 << eps_var 5.00e-06 << perturbation [1599.5/1625.0]GB [351.308/519.091/45320.960]s

BEG OF #9 << sto 1.00e-20 << eps_var 5.00e-06 << perturbation [1599.5/1625.0]GB [0.001/0.000/45320.960]s
Number of unique variational determinants in sample: 2,204,405
Batch id: 42 / 64
20% 40% 60% 80% 100% 
Number of sto pt dets: 2,842,005,235
END OF create hc sums [1599.5/1624.9]GB [172.179/172.179/45493.139]s
PT sto loop correction: -0.0010026042 Ha
PT sto correction (eps1= 5.00e-06): -0.0009980998 +- 0.0000146311 Ha
PT sto total energy (eps1= 5.00e-06): -2099.9101017811 +- 0.0000146964 Ha
Correlation energy (eps1= 5.00e-06): -1.5964239908 +- 0.0000146964 Ha
END OF #9 << sto 1.00e-20 << eps_var 5.00e-06 << perturbation [1599.5/1625.0]GB [349.655/521.833/45842.793]s

BEG OF #10 << sto 1.00e-20 << eps_var 5.00e-06 << perturbation [1599.5/1625.0]GB [0.001/0.000/45842.793]s
Number of unique variational determinants in sample: 2,204,043
Batch id: 63 / 64
20% 40% 60% 80% 100% 
Number of sto pt dets: 2,841,616,687
END OF create hc sums [1599.5/1624.9]GB [169.452/169.452/46012.245]s
PT sto loop correction: -0.0009766098 Ha
PT sto correction (eps1= 5.00e-06): -0.0009959508 +- 0.0000132617 Ha
PT sto total energy (eps1= 5.00e-06): -2099.9100996321 +- 0.0000133338 Ha
Correlation energy (eps1= 5.00e-06): -1.5964218418 +- 0.0000133338 Ha
END OF #10 << sto 1.00e-20 << eps_var 5.00e-06 << perturbation [1599.5/1625.0]GB [348.989/518.440/46361.233]s
END OF sto 1.00e-20 << eps_var 5.00e-06 << perturbation [1599.5/1625.0]GB [0.021/5262.907/46361.254]s
Total energy: -2099.9100996321 +- 0.0000133338 Ha
END OF eps_var 5.00e-06 << perturbation [1598.7/1624.2]GB [0.150/14357.664/46361.403]s
END OF perturbation [1598.7/1624.2]GB [0.001/46359.573/46361.403]s
