l009
80
Semistochastic Heat-bath Configuration Interation (SHCI)

Start time: Fri Jun 14 18:34:18 2019
Infrastructure: 1 nodes * 80 threads
Configuration:
{
  "chem": {
    "irrep_occs_dn": [
      4,
      2,
      1,
      2,
      1,
      2,
      1,
      0,
      1,
      0
    ],
    "irrep_occs_up": [
      4,
      2,
      1,
      2,
      1,
      2,
      1,
      0,
      1,
      0
    ],
    "irreps": [
      1,
      2,
      3,
      4,
      5,
      6,
      7,
      8,
      9,
      10
    ],
    "point_group": "dih"
  },
  "eps_pt": 1e-20,
  "eps_vars": [
    0.0002,
    0.0001,
    5e-05,
    3e-05,
    2e-05,
    1e-05,
    5e-06
  ],
  "eps_vars_schedule": [
    0.005,
    0.005,
    0.005,
    0.005,
    0.005,
    0.003,
    0.003,
    0.003,
    0.003,
    0.003,
    0.002,
    0.002,
    0.002,
    0.002,
    0.002,
    0.001,
    0.001,
    0.001,
    0.001,
    0.001,
    0.001,
    0.001,
    0.0005,
    0.0005,
    0.0005,
    0.0005,
    0.0005,
    0.0005,
    0.0005,
    0.0003,
    0.0003,
    0.0003,
    0.0003,
    0.0003,
    0.0002,
    0.0002,
    0.0002,
    0.0002,
    0.0002
  ],
  "n_dn": 14,
  "n_up": 14,
  "skip_var": true,
  "system": "chem",
  "target_error": 2e-05,
  "time_sym": true
}
Timing format: [DIFF/SECTION/TOTAL]

BEG OF setup [0.0/25.4]GB [0.001/0.001/0.001]s

BEG OF load integrals << setup [0.0/25.4]GB [0.004/0.000/0.004]s
n_orbs: 76
n_elecs (from FCIDUMP): 28
orb_sym: 1 2 1 6 4 3 5 2 1 6 4 7 9 1 2 10 8 2 3 5 6 4 1 3 5 2 1 1 6 4 2 3 5 7 9 2 6 4 10 8 3 5 1 2 6 4 1 3 5 2 1 7 9 6 4 10 8 3 5 1 2 2 6 4 1 14 12 7 9 11 13 10 8 3 5 2 
END OF load fcidump [0.1/25.5]GB [1.508/1.508/1.512]s
HF det up: 0 1 2 3 4 5 6 7 8 9 10 11 12 13 
HF det dn: 0 1 2 3 4 5 6 7 8 9 10 11 12 13 
Reorder skipped.
Orbitals energy:
#  0: E =  -3.352073809437, sym =  1, origin #  0
#  1: E =  -3.351588342811, sym =  2, origin #  1
#  2: E =  -2.073818818560, sym =  1, origin #  2
#  3: E =  -2.073349739542, sym =  6, origin #  3
#  4: E =  -2.073349739542, sym =  4, origin #  4
#  5: E =  -2.069716190143, sym =  3, origin #  5
#  6: E =  -2.069716190144, sym =  5, origin #  6
#  7: E =  -2.067978498306, sym =  2, origin #  7
#  8: E =  -0.183841799737, sym =  1, origin #  8
#  9: E =  -0.046292855987, sym =  6, origin #  9
# 10: E =  -0.046292855987, sym =  4, origin # 10
# 11: E =  -0.035939306474, sym =  7, origin # 11
# 12: E =  -0.035939306474, sym =  9, origin # 12
# 13: E =  -0.050245317241, sym =  1, origin # 13
# 14: E =   0.141128150977, sym =  2, origin # 14
# 15: E =   0.126899237351, sym = 10, origin # 15
# 16: E =   0.126899237351, sym =  8, origin # 16
# 17: E =   0.109723399258, sym =  2, origin # 17
# 18: E =   0.142074542536, sym =  3, origin # 18
# 19: E =   0.142074542536, sym =  5, origin # 19
# 20: E =   0.987078424626, sym =  6, origin # 20
# 21: E =   0.987078424626, sym =  4, origin # 21
# 22: E =   1.035384590694, sym =  1, origin # 22
# 23: E =   1.234844170548, sym =  3, origin # 23
# 24: E =   1.234844170547, sym =  5, origin # 24
# 25: E =   1.282180469018, sym =  2, origin # 25
# 26: E =   0.294960024438, sym =  1, origin # 26
# 27: E =   2.460800182410, sym =  1, origin # 27
# 28: E =   0.334591403383, sym =  6, origin # 28
# 29: E =   0.334591403383, sym =  4, origin # 29
# 30: E =   0.595986279934, sym =  2, origin # 30
# 31: E =   2.516543040371, sym =  3, origin # 31
# 32: E =   2.516543040372, sym =  5, origin # 32
# 33: E =   1.053453319442, sym =  7, origin # 33
# 34: E =   1.053453319442, sym =  9, origin # 34
# 35: E =   2.562898049210, sym =  2, origin # 35
# 36: E =   2.472944789472, sym =  6, origin # 36
# 37: E =   2.472944789472, sym =  4, origin # 37
# 38: E =   1.123499276531, sym = 10, origin # 38
# 39: E =   1.123499276531, sym =  8, origin # 39
# 40: E =   0.476110146565, sym =  3, origin # 40
# 41: E =   0.476110146565, sym =  5, origin # 41
# 42: E =   1.359895691094, sym =  1, origin # 42
# 43: E =   1.585230062798, sym =  2, origin # 43
# 44: E =   0.402726785730, sym =  6, origin # 44
# 45: E =   0.402726785731, sym =  4, origin # 45
# 46: E =   0.795213936178, sym =  1, origin # 46
# 47: E =   0.654026774269, sym =  3, origin # 47
# 48: E =   0.654026774268, sym =  5, origin # 48
# 49: E =   0.673512050553, sym =  2, origin # 49
# 50: E =   0.452502417172, sym =  1, origin # 50
# 51: E =   2.490377605182, sym =  7, origin # 51
# 52: E =   2.490377605182, sym =  9, origin # 52
# 53: E =   0.787528119951, sym =  6, origin # 53
# 54: E =   0.787528119951, sym =  4, origin # 54
# 55: E =   2.501505417895, sym = 10, origin # 55
# 56: E =   2.501505417895, sym =  8, origin # 56
# 57: E =   0.417684850990, sym =  3, origin # 57
# 58: E =   0.417684850990, sym =  5, origin # 58
# 59: E =   0.384323495534, sym =  1, origin # 59
# 60: E =   0.146306556367, sym =  2, origin # 60
# 61: E =   0.505872897082, sym =  2, origin # 61
# 62: E =   0.365057101888, sym =  6, origin # 62
# 63: E =   0.365057101888, sym =  4, origin # 63
# 64: E =   0.505239304415, sym =  1, origin # 64
# 65: E =   2.492069249144, sym = 14, origin # 65
# 66: E =   2.492069249144, sym = 12, origin # 66
# 67: E =   0.679582569017, sym =  7, origin # 67
# 68: E =   0.679582569017, sym =  9, origin # 68
# 69: E =   2.495684968495, sym = 11, origin # 69
# 70: E =   2.495684968494, sym = 13, origin # 70
# 71: E =   0.681279516556, sym = 10, origin # 71
# 72: E =   0.681279516556, sym =  8, origin # 72
# 73: E =   0.372165463521, sym =  3, origin # 73
# 74: E =   0.372165463522, sym =  5, origin # 74
# 75: E =   0.970283522740, sym =  2, origin # 75
HF det up: 0 1 2 3 4 5 6 7 8 9 10 11 12 13 
HF det dn: 0 1 2 3 4 5 6 7 8 9 10 11 12 13 
END OF reorder orbitals [0.1/25.5]GB [0.053/1.561/1.565]s
FCIDUMP cache saved to: integrals_cache.dat
END OF load integrals << setup [0.1/25.5]GB [0.142/1.702/1.706]s

BEG OF setup hci queue << setup [0.1/25.5]GB [0.001/0.000/1.706]s
Max hci queue elem: 0.4193821488 Ha
Number of entries in hci queue: 1,785,790
END OF setup hci queue << setup [0.1/25.5]GB [0.082/0.082/1.788]s
HF energy: -2097.7002009532 Ha
END OF setup [0.1/25.5]GB [0.005/1.791/1.791]s

BEG OF post variation [0.1/25.5]GB [0.001/0.000/1.792]s
END OF post variation [0.1/25.5]GB [0.001/0.001/1.793]s

BEG OF perturbation [0.1/25.5]GB [0.001/0.000/1.793]s

BEG OF eps_var 2.00e-04 << perturbation [0.1/25.5]GB [0.001/0.000/1.794]s
Loaded 1,693,434 dets from: wf_eps1_2.00e-04.dat
Effect dets (without time sym): 3,382,849
----------------------------------------
Excite Lv       # dets         Sum c^2
0                    1      0.00499198
1                   80      0.00000737
2                14508      0.10839219
3                51076      0.00309511
4               308927      0.38660968
5               374198      0.01751247
6               979962      0.35917137
7               519870      0.01819476
8               769772      0.09205003
9               181030      0.00405206
10              160898      0.00569305
11               15296      0.00014391
12                6975      0.00008554
13                 216      0.00000042
14                  40      0.00000004
----------------------------------------
Orbital                        Sum c^2
0                           1.99614021
1                           1.99615123
2                           1.98895285
3                           1.98906237
4                           1.98906237
5                           1.98903988
6                           1.98903988
7                           1.98892996
8                           1.93415214
9                           1.04907806
10                          1.04907806
11                          1.00712391
12                          1.00712391
13                          1.05218062
14                          0.93575108
15                          0.98101971
16                          0.98101971
17                          0.04798670
18                          0.93889504
19                          0.93889504
20                          0.00854892
21                          0.00854892
22                          0.00821880
23                          0.00624596
24                          0.00624596
25                          0.00587435
26                          0.00676948
27                          0.00289229
28                          0.00617554
29                          0.00617554
30                          0.00342341
31                          0.00282255
32                          0.00282255
33                          0.00735133
34                          0.00735133
35                          0.00280194
36                          0.00288103
37                          0.00288103
38                          0.00679727
39                          0.00679727
40                          0.00360747
41                          0.00360747
42                          0.00282840
43                          0.00219077
44                          0.00092077
45                          0.00092077
46                          0.00019234
47                          0.00007437
48                          0.00007437
49                          0.00008347
Sum orbitals c^2: 28.00000000
----------------------------------------
Most important dets:
Excite Lv         Coef      Det (Reordered orb)
2           0.09726878      |  0  1  2  3  4  5  6  7  8  9 10 12 13 15 |  0  1  2  3  4  5  6  7  8  9 10 11 13 16 |
2           0.09334920      |  0  1  2  3  4  5  6  7  8 10 11 12 13 15 |  0  1  2  3  4  5  6  7  8  9 10 11 13 19 |
2           0.09334920      |  0  1  2  3  4  5  6  7  8  9 11 12 13 16 |  0  1  2  3  4  5  6  7  8  9 10 12 13 18 |
2          -0.09331955      |  0  1  2  3  4  5  6  7  8 10 11 12 13 16 |  0  1  2  3  4  5  6  7  8  9 10 12 13 19 |
2          -0.09331955      |  0  1  2  3  4  5  6  7  8  9 11 12 13 15 |  0  1  2  3  4  5  6  7  8  9 10 11 13 18 |
2          -0.09304828      |  0  1  2  3  4  5  6  7  8  9 10 12 13 14 |  0  1  2  3  4  5  6  7  8  9 10 11 12 16 |
2           0.09304828      |  0  1  2  3  4  5  6  7  8  9 10 11 13 14 |  0  1  2  3  4  5  6  7  8  9 10 11 12 15 |
4          -0.09110576      |  0  1  2  3  4  5  6  7  8  9 11 13 15 16 |  0  1  2  3  4  5  6  7  8  9 10 13 15 18 |
4          -0.09110576      |  0  1  2  3  4  5  6  7  8 10 12 13 15 16 |  0  1  2  3  4  5  6  7  8  9 10 13 16 19 |
4           0.09108854      |  0  1  2  3  4  5  6  7  8  9 12 13 15 16 |  0  1  2  3  4  5  6  7  8  9 10 13 16 18 |
4           0.09108854      |  0  1  2  3  4  5  6  7  8 10 11 13 15 16 |  0  1  2  3  4  5  6  7  8  9 10 13 15 19 |
4           0.09083331      |  0  1  2  3  4  5  6  7  8  9 10 13 14 15 |  0  1  2  3  4  5  6  7  8  9 10 11 15 16 |
4          -0.09083331      |  0  1  2  3  4  5  6  7  8  9 10 13 14 16 |  0  1  2  3  4  5  6  7  8  9 10 12 15 16 |
2           0.08961367      |  0  1  2  3  4  5  6  7  8 10 11 12 13 18 |  0  1  2  3  4  5  6  7  8  9 11 12 13 19 |
2          -0.08923695      |  0  1  2  3  4  5  6  7  8 10 11 12 13 14 |  0  1  2  3  4  5  6  7  8  9 10 11 12 19 |
2           0.08923695      |  0  1  2  3  4  5  6  7  8  9 11 12 13 14 |  0  1  2  3  4  5  6  7  8  9 10 11 12 18 |
4          -0.08784024      |  0  1  2  3  4  5  6  7  8 10 12 13 15 19 |  0  1  2  3  4  5  6  7  8 10 11 13 16 19 |
4          -0.08784024      |  0  1  2  3  4  5  6  7  8  9 12 13 15 18 |  0  1  2  3  4  5  6  7  8  9 11 13 16 18 |
4          -0.08747021      |  0  1  2  3  4  5  6  7  8 10 11 13 15 18 |  0  1  2  3  4  5  6  7  8  9 11 13 15 19 |
4          -0.08747021      |  0  1  2  3  4  5  6  7  8 10 12 13 16 18 |  0  1  2  3  4  5  6  7  8  9 12 13 16 19 |
----------------------------------------
HF energy: -2097.7002009532 Ha
Variational energy: -2099.7850654666 Ha
Memory total: 3170.3GB
Helper size: 0.1GB
Bytes per det: 32
Memory var: 0.4GB
Memory PT limit: 2218.8GB

BEG OF dtm 2.00e-06 << eps_var 2.00e-04 << perturbation [0.9/26.3]GB [2.178/0.000/3.971]s
Number of dtm batches: 1
END OF determine number of dtm batches [0.9/26.3]GB [0.472/0.472/4.443]s

BEG OF #1/1 << dtm 2.00e-06 << eps_var 2.00e-04 << perturbation [0.9/26.3]GB [0.001/0.000/4.444]s
20% 40% 60% 80% 100% 
Number of dtm pt dets: 3,439,119,325
END OF create hc sums [664.3/689.8]GB [312.529/312.529/316.973]s
PT dtm batch correction: -0.0664485214 Ha
PT dtm correction (eps1= 2.00e-04): -0.0664485214 +- 0.0000000000 Ha
PT dtm total energy (eps1= 2.00e-04): -2099.8515139881 +- 0.0000000000 Ha
Correlation energy (eps1= 2.00e-04): -2.1513130349 +- 0.0000000000 Ha
END OF #1/1 << dtm 2.00e-06 << eps_var 2.00e-04 << perturbation [664.5/689.9]GB [508.891/821.420/825.864]s
END OF dtm 2.00e-06 << eps_var 2.00e-04 << perturbation [664.5/689.9]GB [0.005/821.896/825.867]s

BEG OF psto 1.00e-07 << eps_var 2.00e-04 << perturbation [649.5/674.9]GB [0.280/0.001/826.147]s
Number of psto batches: 16
END OF determine number of psto batches [650.3/675.8]GB [3.083/3.083/829.230]s

BEG OF #1/16 << psto 1.00e-07 << eps_var 2.00e-04 << perturbation [650.3/675.8]GB [0.011/0.001/829.240]s
20% 40% 60% 80% 100% 
Number of psto pt dets: 2,462,137,677
END OF create hc sums [669.2/694.7]GB [216.259/216.259/1045.498]s
PT psto batch correction: -0.0001989535 Ha
PT psto correction (eps1= 2.00e-04): -0.0031832553 +- 0.0000050265 Ha
PT psto total energy (eps1= 2.00e-04): -2099.8546972433 +- 0.0000050265 Ha
Correlation energy (eps1= 2.00e-04): -2.1544962901 +- 0.0000050265 Ha
END OF #1/16 << psto 1.00e-07 << eps_var 2.00e-04 << perturbation [669.2/694.6]GB [371.219/587.477/1416.716]s
END OF psto 1.00e-07 << eps_var 2.00e-04 << perturbation [669.2/694.6]GB [0.001/590.570/1416.716]s

BEG OF sto 1.00e-20 << eps_var 2.00e-04 << perturbation [663.9/689.4]GB [0.190/0.001/1416.906]s
Number of samples chosen: 522,923
END OF determine n samples [664.1/689.5]GB [0.821/0.821/1417.726]s

BEG OF #1 << sto 1.00e-20 << eps_var 2.00e-04 << perturbation [664.1/689.5]GB [0.001/0.000/1417.726]s
Number of unique variational determinants in sample: 422,692
Batch id: 57 / 64
20% 40% 60% 80% 100% 
Number of sto pt dets: 495,304,418
END OF create hc sums [670.2/695.6]GB [45.690/45.690/1463.416]s
PT sto loop correction: -0.0000054701 Ha
PT sto correction (eps1= 2.00e-04): -0.0000054701 +- -nan Ha
PT sto total energy (eps1= 2.00e-04): -2099.8547027134 +- -nan Ha
Correlation energy (eps1= 2.00e-04): -2.1545017603 +- -nan Ha
END OF #1 << sto 1.00e-20 << eps_var 2.00e-04 << perturbation [670.2/695.6]GB [74.667/120.356/1538.082]s

BEG OF #2 << sto 1.00e-20 << eps_var 2.00e-04 << perturbation [670.2/695.6]GB [0.001/0.000/1538.082]s
Number of unique variational determinants in sample: 424,228
Batch id: 25 / 64
20% 40% 60% 80% 100% 
Number of sto pt dets: 496,957,971
END OF create hc sums [670.2/695.6]GB [34.775/34.775/1572.857]s
PT sto loop correction: -0.0000127236 Ha
PT sto correction (eps1= 2.00e-04): -0.0000090969 +- 0.0000036267 Ha
PT sto total energy (eps1= 2.00e-04): -2099.8547063402 +- 0.0000061983 Ha
Correlation energy (eps1= 2.00e-04): -2.1545053870 +- 0.0000061983 Ha
END OF #2 << sto 1.00e-20 << eps_var 2.00e-04 << perturbation [670.2/695.6]GB [75.073/109.847/1647.929]s

BEG OF #3 << sto 1.00e-20 << eps_var 2.00e-04 << perturbation [670.2/695.6]GB [0.001/0.000/1647.930]s
Number of unique variational determinants in sample: 423,781
Batch id: 17 / 64
20% 40% 60% 80% 100% 
Number of sto pt dets: 496,401,654
END OF create hc sums [670.2/695.6]GB [34.546/34.546/1682.475]s
PT sto loop correction: -0.0000122502 Ha
PT sto correction (eps1= 2.00e-04): -0.0000101480 +- 0.0000023429 Ha
PT sto total energy (eps1= 2.00e-04): -2099.8547073913 +- 0.0000055457 Ha
Correlation energy (eps1= 2.00e-04): -2.1545064381 +- 0.0000055457 Ha
END OF #3 << sto 1.00e-20 << eps_var 2.00e-04 << perturbation [670.2/695.6]GB [74.746/109.291/1757.220]s

BEG OF #4 << sto 1.00e-20 << eps_var 2.00e-04 << perturbation [670.2/695.6]GB [0.001/0.000/1757.220]s
Number of unique variational determinants in sample: 423,488
Batch id: 27 / 64
20% 40% 60% 80% 100% 
Number of sto pt dets: 496,168,519
END OF create hc sums [670.2/695.6]GB [34.135/34.135/1791.355]s
PT sto loop correction: -0.0000023583 Ha
PT sto correction (eps1= 2.00e-04): -0.0000082005 +- 0.0000025568 Ha
PT sto total energy (eps1= 2.00e-04): -2099.8547054439 +- 0.0000056394 Ha
Correlation energy (eps1= 2.00e-04): -2.1545044907 +- 0.0000056394 Ha
END OF #4 << sto 1.00e-20 << eps_var 2.00e-04 << perturbation [670.2/695.6]GB [75.035/109.169/1866.389]s

BEG OF #5 << sto 1.00e-20 << eps_var 2.00e-04 << perturbation [670.2/695.6]GB [0.001/0.000/1866.389]s
Number of unique variational determinants in sample: 423,692
Batch id: 2 / 64
20% 40% 60% 80% 100% 
Number of sto pt dets: 496,436,578
END OF create hc sums [670.2/695.6]GB [33.719/33.719/1900.108]s
PT sto loop correction: -0.0000140706 Ha
PT sto correction (eps1= 2.00e-04): -0.0000093746 +- 0.0000023023 Ha
PT sto total energy (eps1= 2.00e-04): -2099.8547066179 +- 0.0000055287 Ha
Correlation energy (eps1= 2.00e-04): -2.1545056647 +- 0.0000055287 Ha
END OF #5 << sto 1.00e-20 << eps_var 2.00e-04 << perturbation [670.2/695.6]GB [75.462/109.180/1975.569]s

BEG OF #6 << sto 1.00e-20 << eps_var 2.00e-04 << perturbation [670.2/695.6]GB [0.001/0.000/1975.570]s
Number of unique variational determinants in sample: 423,335
Batch id: 17 / 64
20% 40% 60% 80% 100% 
Number of sto pt dets: 495,934,043
END OF create hc sums [670.2/695.6]GB [32.663/32.663/2008.233]s
PT sto loop correction: -0.0000034063 Ha
PT sto correction (eps1= 2.00e-04): -0.0000083799 +- 0.0000021268 Ha
PT sto total energy (eps1= 2.00e-04): -2099.8547056232 +- 0.0000054579 Ha
Correlation energy (eps1= 2.00e-04): -2.1545046700 +- 0.0000054579 Ha
END OF #6 << sto 1.00e-20 << eps_var 2.00e-04 << perturbation [670.2/695.6]GB [75.268/107.930/2083.500]s
END OF sto 1.00e-20 << eps_var 2.00e-04 << perturbation [670.2/695.6]GB [0.002/666.595/2083.500]s
Total energy: -2099.8547056232 +- 0.0000054579 Ha
END OF eps_var 2.00e-04 << perturbation [670.1/695.5]GB [0.037/2081.744/2083.537]s

BEG OF eps_var 1.00e-04 << perturbation [670.1/695.5]GB [0.001/0.000/2083.537]s
Loaded 4,541,543 dets from: wf_eps1_1.00e-04.dat
Effect dets (without time sym): 9,076,748
----------------------------------------
Excite Lv       # dets         Sum c^2
0                    1      0.00424864
1                  112      0.00000888
2                21341      0.09613069
3                90462      0.00280004
4               571126      0.36339346
5               860198      0.01664553
6              2237479      0.37046358
7              1465816      0.01904773
8              2275392      0.11212064
9               668176      0.00516312
10              733219      0.00948143
11               82682      0.00029809
12               67842      0.00019496
13                1658      0.00000259
14                1244      0.00000063
----------------------------------------
Orbital                        Sum c^2
0                           1.99606196
1                           1.99606840
2                           1.98866710
3                           1.98882056
4                           1.98882056
5                           1.98880308
6                           1.98880308
7                           1.98865292
8                           1.78046805
9                           1.04720508
10                          1.04720508
11                          1.00645042
12                          1.00645042
13                          1.05002744
14                          0.93821225
15                          0.98151095
16                          0.98151095
17                          0.20058673
18                          0.94073688
19                          0.94073688
20                          0.00861864
21                          0.00861864
22                          0.00839184
23                          0.00636610
24                          0.00636610
25                          0.00603431
26                          0.00687945
27                          0.00294329
28                          0.00563914
29                          0.00563914
30                          0.00407062
31                          0.00286483
32                          0.00286483
33                          0.00750658
34                          0.00750658
35                          0.00285129
36                          0.00291905
37                          0.00291905
38                          0.00694866
39                          0.00694866
40                          0.00349514
41                          0.00349514
42                          0.00331385
43                          0.00236415
44                          0.00087234
45                          0.00087234
46                          0.00022756
47                          0.00013145
48                          0.00013145
49                          0.00014591
Sum orbitals c^2: 28.00000000
----------------------------------------
Most important dets:
Excite Lv         Coef      Det (Reordered orb)
2           0.08992868      |  0  1  2  3  4  5  6  7  8  9 10 12 13 15 |  0  1  2  3  4  5  6  7  8  9 10 11 13 16 |
2           0.08634571      |  0  1  2  3  4  5  6  7  8  9 11 12 13 16 |  0  1  2  3  4  5  6  7  8  9 10 12 13 18 |
2           0.08634571      |  0  1  2  3  4  5  6  7  8 10 11 12 13 15 |  0  1  2  3  4  5  6  7  8  9 10 11 13 19 |
2          -0.08633058      |  0  1  2  3  4  5  6  7  8 10 11 12 13 16 |  0  1  2  3  4  5  6  7  8  9 10 12 13 19 |
2          -0.08633058      |  0  1  2  3  4  5  6  7  8  9 11 12 13 15 |  0  1  2  3  4  5  6  7  8  9 10 11 13 18 |
2           0.08621770      |  0  1  2  3  4  5  6  7  8  9 10 11 13 14 |  0  1  2  3  4  5  6  7  8  9 10 11 12 15 |
2          -0.08621770      |  0  1  2  3  4  5  6  7  8  9 10 12 13 14 |  0  1  2  3  4  5  6  7  8  9 10 11 12 16 |
4          -0.08434165      |  0  1  2  3  4  5  6  7  8 10 12 13 15 16 |  0  1  2  3  4  5  6  7  8  9 10 13 16 19 |
4          -0.08434165      |  0  1  2  3  4  5  6  7  8  9 11 13 15 16 |  0  1  2  3  4  5  6  7  8  9 10 13 15 18 |
4           0.08433580      |  0  1  2  3  4  5  6  7  8 10 11 13 15 16 |  0  1  2  3  4  5  6  7  8  9 10 13 15 19 |
4           0.08433580      |  0  1  2  3  4  5  6  7  8  9 12 13 15 16 |  0  1  2  3  4  5  6  7  8  9 10 13 16 18 |
4           0.08423273      |  0  1  2  3  4  5  6  7  8  9 10 13 14 15 |  0  1  2  3  4  5  6  7  8  9 10 11 15 16 |
4          -0.08423273      |  0  1  2  3  4  5  6  7  8  9 10 13 14 16 |  0  1  2  3  4  5  6  7  8  9 10 12 15 16 |
2           0.08297048      |  0  1  2  3  4  5  6  7  8 10 11 12 13 18 |  0  1  2  3  4  5  6  7  8  9 11 12 13 19 |
2          -0.08275478      |  0  1  2  3  4  5  6  7  8 10 11 12 13 14 |  0  1  2  3  4  5  6  7  8  9 10 11 12 19 |
2           0.08275478      |  0  1  2  3  4  5  6  7  8  9 11 12 13 14 |  0  1  2  3  4  5  6  7  8  9 10 11 12 18 |
4          -0.08138317      |  0  1  2  3  4  5  6  7  8 10 12 13 15 19 |  0  1  2  3  4  5  6  7  8 10 11 13 16 19 |
4          -0.08138317      |  0  1  2  3  4  5  6  7  8  9 12 13 15 18 |  0  1  2  3  4  5  6  7  8  9 11 13 16 18 |
4          -0.08105985      |  0  1  2  3  4  5  6  7  8  9 10 12 14 15 |  0  1  2  3  4  5  6  7  8  9 10 11 14 16 |
4          -0.08105087      |  0  1  2  3  4  5  6  7  8 10 12 13 16 18 |  0  1  2  3  4  5  6  7  8  9 12 13 16 19 |
----------------------------------------
HF energy: -2097.7002009532 Ha
Variational energy: -2099.8051984177 Ha
Memory total: 3170.3GB
Helper size: 0.1GB
Bytes per det: 32
Memory var: 0.9GB
Memory PT limit: 2218.2GB

BEG OF dtm 2.00e-06 << eps_var 1.00e-04 << perturbation [670.2/695.7]GB [5.095/0.000/2088.632]s
Number of dtm batches: 1
END OF determine number of dtm batches [670.3/695.7]GB [0.640/0.640/2089.271]s

BEG OF #1/1 << dtm 2.00e-06 << eps_var 1.00e-04 << perturbation [670.3/695.7]GB [0.015/0.000/2089.285]s
20% 40% 60% 80% 100% 
Number of dtm pt dets: 4,315,158,090
END OF create hc sums [679.0/704.4]GB [367.651/367.651/2456.936]s
PT dtm batch correction: -0.0572958786 Ha
PT dtm correction (eps1= 1.00e-04): -0.0572958786 +- 0.0000000000 Ha
PT dtm total energy (eps1= 1.00e-04): -2099.8624942963 +- 0.0000000000 Ha
Correlation energy (eps1= 1.00e-04): -2.1622933431 +- 0.0000000000 Ha
END OF #1/1 << dtm 2.00e-06 << eps_var 1.00e-04 << perturbation [678.9/704.4]GB [544.698/912.349/3001.634]s
END OF dtm 2.00e-06 << eps_var 1.00e-04 << perturbation [678.9/704.4]GB [0.002/913.003/3001.634]s

BEG OF psto 1.00e-07 << eps_var 1.00e-04 << perturbation [666.8/692.3]GB [0.074/0.001/3001.708]s
Number of psto batches: 16
END OF determine number of psto batches [668.5/693.9]GB [5.839/5.839/3007.547]s

BEG OF #1/16 << psto 1.00e-07 << eps_var 1.00e-04 << perturbation [668.5/693.9]GB [0.018/0.001/3007.564]s
20% 40% 60% 80% 100% 
Number of psto pt dets: 3,988,903,377
END OF create hc sums [648.1/673.5]GB [362.432/362.432/3369.995]s
PT psto batch correction: -0.0003278134 Ha
PT psto correction (eps1= 1.00e-04): -0.0052450137 +- 0.0000034745 Ha
PT psto total energy (eps1= 1.00e-04): -2099.8677393101 +- 0.0000034745 Ha
Correlation energy (eps1= 1.00e-04): -2.1675383569 +- 0.0000034745 Ha
END OF #1/16 << psto 1.00e-07 << eps_var 1.00e-04 << perturbation [648.1/673.5]GB [568.141/930.573/3938.136]s
END OF psto 1.00e-07 << eps_var 1.00e-04 << perturbation [648.1/673.5]GB [0.001/936.428/3938.136]s

BEG OF sto 1.00e-20 << eps_var 1.00e-04 << perturbation [629.9/655.3]GB [0.315/0.001/3938.451]s
Number of samples chosen: 1,450,013
END OF determine n samples [630.1/655.5]GB [1.847/1.847/3940.297]s

BEG OF #1 << sto 1.00e-20 << eps_var 1.00e-04 << perturbation [630.1/655.5]GB [0.001/0.000/3940.297]s
Number of unique variational determinants in sample: 1,134,628
Batch id: 25 / 64
20% 40% 60% 80% 100% 
Number of sto pt dets: 1,274,659,147
END OF create hc sums [777.5/802.9]GB [136.280/136.280/4076.577]s
PT sto loop correction: -0.0000193777 Ha
PT sto correction (eps1= 1.00e-04): -0.0000193777 +- -nan Ha
PT sto total energy (eps1= 1.00e-04): -2099.8677586878 +- -nan Ha
Correlation energy (eps1= 1.00e-04): -2.1675577346 +- -nan Ha
END OF #1 << sto 1.00e-20 << eps_var 1.00e-04 << perturbation [777.5/802.9]GB [187.758/324.037/4264.334]s

BEG OF #2 << sto 1.00e-20 << eps_var 1.00e-04 << perturbation [777.5/802.9]GB [0.001/0.000/4264.334]s
Number of unique variational determinants in sample: 1,134,551
Batch id: 1 / 64
20% 40% 60% 80% 100% 
Number of sto pt dets: 1,274,574,680
END OF create hc sums [785.8/811.2]GB [92.482/92.482/4356.816]s
PT sto loop correction: -0.0000175759 Ha
PT sto correction (eps1= 1.00e-04): -0.0000184768 +- 0.0000009009 Ha
PT sto total energy (eps1= 1.00e-04): -2099.8677577869 +- 0.0000035894 Ha
Correlation energy (eps1= 1.00e-04): -2.1675568337 +- 0.0000035894 Ha
END OF #2 << sto 1.00e-20 << eps_var 1.00e-04 << perturbation [785.8/811.2]GB [188.940/281.421/4545.755]s

BEG OF #3 << sto 1.00e-20 << eps_var 1.00e-04 << perturbation [785.8/811.2]GB [0.001/0.000/4545.755]s
Number of unique variational determinants in sample: 1,135,143
Batch id: 5 / 64
20% 40% 60% 80% 100% 
Number of sto pt dets: 1,275,199,967
END OF create hc sums [785.8/811.2]GB [92.750/92.750/4638.505]s
PT sto loop correction: -0.0000186419 Ha
PT sto correction (eps1= 1.00e-04): -0.0000185318 +- 0.0000005230 Ha
PT sto total energy (eps1= 1.00e-04): -2099.8677578419 +- 0.0000035136 Ha
Correlation energy (eps1= 1.00e-04): -2.1675568887 +- 0.0000035136 Ha
END OF #3 << sto 1.00e-20 << eps_var 1.00e-04 << perturbation [785.8/811.2]GB [188.905/281.654/4827.409]s

BEG OF #4 << sto 1.00e-20 << eps_var 1.00e-04 << perturbation [785.8/811.2]GB [0.002/0.001/4827.410]s
Number of unique variational determinants in sample: 1,134,839
Batch id: 60 / 64
20% 40% 60% 80% 100% 
Number of sto pt dets: 1,275,205,464
END OF create hc sums [791.7/817.1]GB [88.198/88.198/4915.607]s
PT sto loop correction: -0.0000149080 Ha
PT sto correction (eps1= 1.00e-04): -0.0000176259 +- 0.0000009785 Ha
PT sto total energy (eps1= 1.00e-04): -2099.8677569359 +- 0.0000036096 Ha
Correlation energy (eps1= 1.00e-04): -2.1675559827 +- 0.0000036096 Ha
END OF #4 << sto 1.00e-20 << eps_var 1.00e-04 << perturbation [791.7/817.1]GB [189.131/277.328/5104.737]s

BEG OF #5 << sto 1.00e-20 << eps_var 1.00e-04 << perturbation [791.7/817.1]GB [0.001/0.000/5104.738]s
Number of unique variational determinants in sample: 1,134,486
Batch id: 12 / 64
20% 40% 60% 80% 100% 
Number of sto pt dets: 1,274,600,489
END OF create hc sums [791.7/817.1]GB [87.054/87.054/5191.791]s
PT sto loop correction: -0.0000208159 Ha
PT sto correction (eps1= 1.00e-04): -0.0000182639 +- 0.0000009907 Ha
PT sto total energy (eps1= 1.00e-04): -2099.8677575739 +- 0.0000036130 Ha
Correlation energy (eps1= 1.00e-04): -2.1675566208 +- 0.0000036130 Ha
END OF #5 << sto 1.00e-20 << eps_var 1.00e-04 << perturbation [791.7/817.1]GB [188.838/275.892/5380.629]s

BEG OF #6 << sto 1.00e-20 << eps_var 1.00e-04 << perturbation [791.7/817.1]GB [0.001/0.000/5380.629]s
Number of unique variational determinants in sample: 1,134,576
Batch id: 50 / 64
20% 40% 60% 80% 100% 
Number of sto pt dets: 1,274,839,807
END OF create hc sums [791.7/817.1]GB [86.472/86.472/5467.101]s
PT sto loop correction: -0.0000161268 Ha
PT sto correction (eps1= 1.00e-04): -0.0000179077 +- 0.0000008839 Ha
PT sto total energy (eps1= 1.00e-04): -2099.8677572178 +- 0.0000035851 Ha
Correlation energy (eps1= 1.00e-04): -2.1675562646 +- 0.0000035851 Ha
END OF #6 << sto 1.00e-20 << eps_var 1.00e-04 << perturbation [791.7/817.1]GB [189.312/275.783/5656.412]s
END OF sto 1.00e-20 << eps_var 1.00e-04 << perturbation [791.7/817.1]GB [0.014/1717.974/5656.425]s
Total energy: -2099.8677572178 +- 0.0000035851 Ha
END OF eps_var 1.00e-04 << perturbation [791.3/816.7]GB [0.058/3572.945/5656.482]s

BEG OF eps_var 5.00e-05 << perturbation [791.3/816.7]GB [0.001/0.000/5656.482]s
Loaded 10,464,738 dets from: wf_eps1_5.00e-05.dat
Effect dets (without time sym): 20,921,434
----------------------------------------
Excite Lv       # dets         Sum c^2
0                    1      0.00415993
1                  136      0.00001049
2                29459      0.09402994
3               162908      0.00289948
4              1064812      0.35777102
5              2096152      0.01721356
6              4915199      0.37108013
7              4017568      0.01997853
8              5006926      0.11624377
9              1747910      0.00560971
10             1523347      0.01042172
11              205144      0.00035029
12              144800      0.00022729
13                4532      0.00000332
14                2540      0.00000081
----------------------------------------
Orbital                        Sum c^2
0                           1.99601205
1                           1.99601955
2                           1.98850019
3                           1.98859655
4                           1.98859655
5                           1.98857538
6                           1.98857538
7                           1.98849172
8                           1.74466484
9                           1.04832799
10                          1.04832799
11                          1.00626867
12                          1.00626867
13                          1.05123333
14                          0.93625471
15                          0.98058869
16                          0.98058869
17                          0.23042364
18                          0.93824857
19                          0.93824857
20                          0.00942117
21                          0.00942117
22                          0.00917349
23                          0.00681700
24                          0.00681700
25                          0.00646273
26                          0.00845581
27                          0.00297474
28                          0.00680038
29                          0.00680038
30                          0.00488073
31                          0.00288174
32                          0.00288174
33                          0.00815237
34                          0.00815237
35                          0.00287804
36                          0.00293620
37                          0.00293620
38                          0.00748957
39                          0.00748957
40                          0.00356132
41                          0.00356132
42                          0.00343726
43                          0.00246145
44                          0.00110590
45                          0.00110590
46                          0.00025979
47                          0.00017406
48                          0.00017406
49                          0.00020578
Sum orbitals c^2: 28.00000000
----------------------------------------
Most important dets:
Excite Lv         Coef      Det (Reordered orb)
2           0.08876626      |  0  1  2  3  4  5  6  7  8  9 10 12 13 15 |  0  1  2  3  4  5  6  7  8  9 10 11 13 16 |
2           0.08506098      |  0  1  2  3  4  5  6  7  8  9 11 12 13 16 |  0  1  2  3  4  5  6  7  8  9 10 12 13 18 |
2           0.08506098      |  0  1  2  3  4  5  6  7  8 10 11 12 13 15 |  0  1  2  3  4  5  6  7  8  9 10 11 13 19 |
2          -0.08501871      |  0  1  2  3  4  5  6  7  8 10 11 12 13 16 |  0  1  2  3  4  5  6  7  8  9 10 12 13 19 |
2          -0.08501871      |  0  1  2  3  4  5  6  7  8  9 11 12 13 15 |  0  1  2  3  4  5  6  7  8  9 10 11 13 18 |
2          -0.08490746      |  0  1  2  3  4  5  6  7  8  9 10 12 13 14 |  0  1  2  3  4  5  6  7  8  9 10 11 12 16 |
2           0.08490746      |  0  1  2  3  4  5  6  7  8  9 10 11 13 14 |  0  1  2  3  4  5  6  7  8  9 10 11 12 15 |
4          -0.08297952      |  0  1  2  3  4  5  6  7  8  9 11 13 15 16 |  0  1  2  3  4  5  6  7  8  9 10 13 15 18 |
4          -0.08297952      |  0  1  2  3  4  5  6  7  8 10 12 13 15 16 |  0  1  2  3  4  5  6  7  8  9 10 13 16 19 |
4           0.08294641      |  0  1  2  3  4  5  6  7  8 10 11 13 15 16 |  0  1  2  3  4  5  6  7  8  9 10 13 15 19 |
4           0.08294641      |  0  1  2  3  4  5  6  7  8  9 12 13 15 16 |  0  1  2  3  4  5  6  7  8  9 10 13 16 18 |
4           0.08284762      |  0  1  2  3  4  5  6  7  8  9 10 13 14 15 |  0  1  2  3  4  5  6  7  8  9 10 11 15 16 |
4          -0.08284762      |  0  1  2  3  4  5  6  7  8  9 10 13 14 16 |  0  1  2  3  4  5  6  7  8  9 10 12 15 16 |
2           0.08149274      |  0  1  2  3  4  5  6  7  8 10 11 12 13 18 |  0  1  2  3  4  5  6  7  8  9 11 12 13 19 |
2          -0.08133573      |  0  1  2  3  4  5  6  7  8 10 11 12 13 14 |  0  1  2  3  4  5  6  7  8  9 10 11 12 19 |
2           0.08133573      |  0  1  2  3  4  5  6  7  8  9 11 12 13 14 |  0  1  2  3  4  5  6  7  8  9 10 11 12 18 |
4          -0.07984969      |  0  1  2  3  4  5  6  7  8 10 12 13 15 19 |  0  1  2  3  4  5  6  7  8 10 11 13 16 19 |
4          -0.07984969      |  0  1  2  3  4  5  6  7  8  9 12 13 15 18 |  0  1  2  3  4  5  6  7  8  9 11 13 16 18 |
4          -0.07954333      |  0  1  2  3  4  5  6  7  8  9 10 12 14 15 |  0  1  2  3  4  5  6  7  8  9 10 11 14 16 |
4          -0.07951713      |  0  1  2  3  4  5  6  7  8 10 12 13 16 18 |  0  1  2  3  4  5  6  7  8  9 12 13 16 19 |
----------------------------------------
HF energy: -2097.7002009532 Ha
Variational energy: -2099.8154514779 Ha
Memory total: 3170.3GB
Helper size: 0.1GB
Bytes per det: 32
Memory var: 2.2GB
Memory PT limit: 2217.0GB

BEG OF dtm 2.00e-06 << eps_var 5.00e-05 << perturbation [792.1/817.6]GB [13.888/0.000/5670.371]s
Number of dtm batches: 1
END OF determine number of dtm batches [792.2/817.6]GB [0.701/0.701/5671.072]s

BEG OF #1/1 << dtm 2.00e-06 << eps_var 5.00e-05 << perturbation [792.2/817.6]GB [0.002/0.000/5671.073]s
20% 40% 60% 80% 100% 
Number of dtm pt dets: 4,554,682,384
END OF create hc sums [806.6/832.0]GB [342.276/342.276/6013.349]s
PT dtm batch correction: -0.0501565519 Ha
PT dtm correction (eps1= 5.00e-05): -0.0501565519 +- 0.0000000000 Ha
PT dtm total energy (eps1= 5.00e-05): -2099.8656080298 +- 0.0000000000 Ha
Correlation energy (eps1= 5.00e-05): -2.1654070766 +- 0.0000000000 Ha
END OF #1/1 << dtm 2.00e-06 << eps_var 5.00e-05 << perturbation [806.6/832.0]GB [538.377/880.652/6551.724]s
END OF dtm 2.00e-06 << eps_var 5.00e-05 << perturbation [806.6/832.0]GB [0.015/881.368/6551.738]s

BEG OF psto 1.00e-07 << eps_var 5.00e-05 << perturbation [796.2/821.6]GB [0.111/0.001/6551.849]s
Number of psto batches: 16
END OF determine number of psto batches [798.7/824.2]GB [8.238/8.238/6560.086]s

BEG OF #1/16 << psto 1.00e-07 << eps_var 5.00e-05 << perturbation [798.7/824.2]GB [0.023/0.001/6560.109]s
20% 40% 60% 80% 100% 
Number of psto pt dets: 5,487,192,742
END OF create hc sums [984.1/1009.6]GB [492.238/492.238/7052.346]s
PT psto batch correction: -0.0003515943 Ha
PT psto correction (eps1= 5.00e-05): -0.0056255080 +- 0.0000024749 Ha
PT psto total energy (eps1= 5.00e-05): -2099.8712335378 +- 0.0000024749 Ha
Correlation energy (eps1= 5.00e-05): -2.1710325846 +- 0.0000024749 Ha
END OF #1/16 << psto 1.00e-07 << eps_var 5.00e-05 << perturbation [984.1/1009.5]GB [758.557/1250.793/7810.902]s
END OF psto 1.00e-07 << eps_var 5.00e-05 << perturbation [984.1/1009.5]GB [0.001/1259.054/7810.902]s

BEG OF sto 1.00e-20 << eps_var 5.00e-05 << perturbation [888.9/914.4]GB [0.938/0.001/7811.840]s
Number of samples chosen: 3,091,499
END OF determine n samples [889.2/914.6]GB [3.978/3.978/7815.817]s

BEG OF #1 << sto 1.00e-20 << eps_var 5.00e-05 << perturbation [889.2/914.6]GB [0.001/0.000/7815.818]s
Number of unique variational determinants in sample: 2,314,611
Batch id: 60 / 64
20% 40% 60% 80% 100% 
Number of sto pt dets: 2,499,949,633
END OF create hc sums [1182.2/1207.6]GB [261.072/261.072/8076.889]s
PT sto loop correction: -0.0000526658 Ha
PT sto correction (eps1= 5.00e-05): -0.0000526658 +- -nan Ha
PT sto total energy (eps1= 5.00e-05): -2099.8712862036 +- -nan Ha
Correlation energy (eps1= 5.00e-05): -2.1710852504 +- -nan Ha
END OF #1 << sto 1.00e-20 << eps_var 5.00e-05 << perturbation [1182.2/1207.6]GB [361.421/622.491/8438.309]s

BEG OF #2 << sto 1.00e-20 << eps_var 5.00e-05 << perturbation [1182.2/1207.6]GB [0.001/0.000/8438.309]s
Number of unique variational determinants in sample: 2,314,290
Batch id: 25 / 64
20% 40% 60% 80% 100% 
Number of sto pt dets: 2,499,859,407
END OF create hc sums [1182.3/1207.7]GB [174.867/174.867/8613.176]s
PT sto loop correction: -0.0000520455 Ha
PT sto correction (eps1= 5.00e-05): -0.0000523556 +- 0.0000003101 Ha
PT sto total energy (eps1= 5.00e-05): -2099.8712858934 +- 0.0000024943 Ha
Correlation energy (eps1= 5.00e-05): -2.1710849403 +- 0.0000024943 Ha
END OF #2 << sto 1.00e-20 << eps_var 5.00e-05 << perturbation [1182.3/1207.7]GB [363.321/538.187/8976.496]s

BEG OF #3 << sto 1.00e-20 << eps_var 5.00e-05 << perturbation [1182.3/1207.7]GB [0.001/0.000/8976.496]s
Number of unique variational determinants in sample: 2,315,591
Batch id: 34 / 64
20% 40% 60% 80% 100% 
Number of sto pt dets: 2,501,206,985
END OF create hc sums [1182.3/1207.8]GB [174.870/174.870/9151.366]s
PT sto loop correction: -0.0000560101 Ha
PT sto correction (eps1= 5.00e-05): -0.0000535738 +- 0.0000012312 Ha
PT sto total energy (eps1= 5.00e-05): -2099.8712871116 +- 0.0000027643 Ha
Correlation energy (eps1= 5.00e-05): -2.1710861584 +- 0.0000027643 Ha
END OF #3 << sto 1.00e-20 << eps_var 5.00e-05 << perturbation [1182.3/1207.8]GB [361.309/536.178/9512.674]s

BEG OF #4 << sto 1.00e-20 << eps_var 5.00e-05 << perturbation [1182.3/1207.8]GB [0.001/0.000/9512.674]s
Number of unique variational determinants in sample: 2,314,542
Batch id: 22 / 64
20% 40% 60% 80% 100% 
Number of sto pt dets: 2,500,197,518
END OF create hc sums [1182.4/1207.8]GB [174.176/174.176/9686.850]s
PT sto loop correction: -0.0000541166 Ha
PT sto correction (eps1= 5.00e-05): -0.0000537095 +- 0.0000008811 Ha
PT sto total energy (eps1= 5.00e-05): -2099.8712872473 +- 0.0000026271 Ha
Correlation energy (eps1= 5.00e-05): -2.1710862941 +- 0.0000026271 Ha
END OF #4 << sto 1.00e-20 << eps_var 5.00e-05 << perturbation [1182.4/1207.8]GB [360.272/534.448/10047.121]s

BEG OF #5 << sto 1.00e-20 << eps_var 5.00e-05 << perturbation [1182.4/1207.8]GB [0.001/0.000/10047.122]s
Number of unique variational determinants in sample: 2,314,471
Batch id: 50 / 64
20% 40% 60% 80% 100% 
Number of sto pt dets: 2,500,347,882
END OF create hc sums [1182.4/1207.8]GB [173.497/173.497/10220.618]s
PT sto loop correction: -0.0000567371 Ha
PT sto correction (eps1= 5.00e-05): -0.0000543150 +- 0.0000009124 Ha
PT sto total energy (eps1= 5.00e-05): -2099.8712878528 +- 0.0000026377 Ha
Correlation energy (eps1= 5.00e-05): -2.1710868996 +- 0.0000026377 Ha
END OF #5 << sto 1.00e-20 << eps_var 5.00e-05 << perturbation [1182.4/1207.8]GB [363.572/537.068/10584.190]s

BEG OF #6 << sto 1.00e-20 << eps_var 5.00e-05 << perturbation [1182.4/1207.8]GB [0.001/0.000/10584.190]s
Number of unique variational determinants in sample: 2,314,607
Batch id: 38 / 64
20% 40% 60% 80% 100% 
Number of sto pt dets: 2,500,461,993
END OF create hc sums [1182.4/1207.8]GB [173.699/173.699/10757.889]s
PT sto loop correction: -0.0000519588 Ha
PT sto correction (eps1= 5.00e-05): -0.0000539223 +- 0.0000008422 Ha
PT sto total energy (eps1= 5.00e-05): -2099.8712874601 +- 0.0000026143 Ha
Correlation energy (eps1= 5.00e-05): -2.1710865069 +- 0.0000026143 Ha
END OF #6 << sto 1.00e-20 << eps_var 5.00e-05 << perturbation [1182.4/1207.9]GB [362.674/536.373/11120.562]s
END OF sto 1.00e-20 << eps_var 5.00e-05 << perturbation [1182.4/1207.9]GB [0.014/3308.736/11120.576]s
Total energy: -2099.8712874601 +- 0.0000026143 Ha
END OF eps_var 5.00e-05 << perturbation [1182.1/1207.5]GB [0.102/5464.196/11120.678]s

BEG OF eps_var 3.00e-05 << perturbation [1182.1/1207.5]GB [0.001/0.000/11120.678]s
Loaded 27,504,498 dets from: wf_eps1_3.00e-05.dat
Effect dets (without time sym): 54,998,853
----------------------------------------
Excite Lv       # dets         Sum c^2
0                    1      0.00433301
1                  162      0.00001395
2                38436      0.09580268
3               295944      0.00320475
4              2125941      0.35820562
5              5479904      0.01852807
6             12236148      0.36715990
7             12318072      0.02114889
8             12862749      0.11467843
9              5360604      0.00587728
10             3441591      0.01043712
11              526970      0.00036798
12              296467      0.00023780
13               10504      0.00000365
14                5360      0.00000086
----------------------------------------
Orbital                        Sum c^2
0                           1.99595163
1                           1.99595809
2                           1.98802990
3                           1.98816419
4                           1.98816419
5                           1.98814207
6                           1.98814207
7                           1.98800710
8                           1.75043234
9                           1.05107595
10                          1.05107595
11                          1.00641968
12                          1.00641968
13                          1.05466409
14                          0.93164201
15                          0.97886309
16                          0.97886309
17                          0.21460177
18                          0.93384015
19                          0.93384015
20                          0.01051401
21                          0.01051401
22                          0.01018064
23                          0.00730834
24                          0.00730834
25                          0.00693673
26                          0.01070280
27                          0.00307231
28                          0.00934372
29                          0.00934372
30                          0.00544930
31                          0.00297640
32                          0.00297640
33                          0.00897698
34                          0.00897698
35                          0.00296829
36                          0.00303447
37                          0.00303447
38                          0.00816892
39                          0.00816892
40                          0.00373056
41                          0.00373056
42                          0.00350755
43                          0.00251700
44                          0.00210619
45                          0.00210619
46                          0.00029064
47                          0.00019927
48                          0.00019927
49                          0.00024321
Sum orbitals c^2: 28.00000000
----------------------------------------
Most important dets:
Excite Lv         Coef      Det (Reordered orb)
2           0.09014115      |  0  1  2  3  4  5  6  7  8  9 10 12 13 15 |  0  1  2  3  4  5  6  7  8  9 10 11 13 16 |
2           0.08601499      |  0  1  2  3  4  5  6  7  8 10 11 12 13 15 |  0  1  2  3  4  5  6  7  8  9 10 11 13 19 |
2           0.08601499      |  0  1  2  3  4  5  6  7  8  9 11 12 13 16 |  0  1  2  3  4  5  6  7  8  9 10 12 13 18 |
2          -0.08598971      |  0  1  2  3  4  5  6  7  8 10 11 12 13 16 |  0  1  2  3  4  5  6  7  8  9 10 12 13 19 |
2          -0.08598971      |  0  1  2  3  4  5  6  7  8  9 11 12 13 15 |  0  1  2  3  4  5  6  7  8  9 10 11 13 18 |
2          -0.08579984      |  0  1  2  3  4  5  6  7  8  9 10 12 13 14 |  0  1  2  3  4  5  6  7  8  9 10 11 12 16 |
2           0.08579984      |  0  1  2  3  4  5  6  7  8  9 10 11 13 14 |  0  1  2  3  4  5  6  7  8  9 10 11 12 15 |
4          -0.08371329      |  0  1  2  3  4  5  6  7  8 10 12 13 15 16 |  0  1  2  3  4  5  6  7  8  9 10 13 16 19 |
4          -0.08371329      |  0  1  2  3  4  5  6  7  8  9 11 13 15 16 |  0  1  2  3  4  5  6  7  8  9 10 13 15 18 |
4           0.08369894      |  0  1  2  3  4  5  6  7  8 10 11 13 15 16 |  0  1  2  3  4  5  6  7  8  9 10 13 15 19 |
4           0.08369894      |  0  1  2  3  4  5  6  7  8  9 12 13 15 16 |  0  1  2  3  4  5  6  7  8  9 10 13 16 18 |
4          -0.08352745      |  0  1  2  3  4  5  6  7  8  9 10 13 14 16 |  0  1  2  3  4  5  6  7  8  9 10 12 15 16 |
4           0.08352745      |  0  1  2  3  4  5  6  7  8  9 10 13 14 15 |  0  1  2  3  4  5  6  7  8  9 10 11 15 16 |
2           0.08210590      |  0  1  2  3  4  5  6  7  8 10 11 12 13 18 |  0  1  2  3  4  5  6  7  8  9 11 12 13 19 |
2          -0.08189047      |  0  1  2  3  4  5  6  7  8 10 11 12 13 14 |  0  1  2  3  4  5  6  7  8  9 10 11 12 19 |
2           0.08189047      |  0  1  2  3  4  5  6  7  8  9 11 12 13 14 |  0  1  2  3  4  5  6  7  8  9 10 11 12 18 |
4          -0.08032940      |  0  1  2  3  4  5  6  7  8 10 12 13 15 19 |  0  1  2  3  4  5  6  7  8 10 11 13 16 19 |
4          -0.08032940      |  0  1  2  3  4  5  6  7  8  9 12 13 15 18 |  0  1  2  3  4  5  6  7  8  9 11 13 16 18 |
4          -0.07994694      |  0  1  2  3  4  5  6  7  8  9 10 12 14 15 |  0  1  2  3  4  5  6  7  8  9 10 11 14 16 |
4          -0.07993829      |  0  1  2  3  4  5  6  7  8 10 11 13 15 18 |  0  1  2  3  4  5  6  7  8  9 11 13 15 19 |
----------------------------------------
HF energy: -2097.7002009532 Ha
Variational energy: -2099.8266037212 Ha
Memory total: 3170.3GB
Helper size: 0.1GB
Bytes per det: 32
Memory var: 5.7GB
Memory PT limit: 2213.4GB

BEG OF dtm 2.00e-06 << eps_var 3.00e-05 << perturbation [1188.6/1214.1]GB [34.295/0.000/11154.972]s
Number of dtm batches: 1
END OF determine number of dtm batches [1188.6/1214.1]GB [1.025/1.025/11155.997]s

BEG OF #1/1 << dtm 2.00e-06 << eps_var 3.00e-05 << perturbation [1188.6/1214.1]GB [0.004/0.000/11156.001]s
20% 40% 60% 80% 100% 
Number of dtm pt dets: 4,588,260,082
END OF create hc sums [1274.2/1299.7]GB [466.663/466.663/11622.664]s
PT dtm batch correction: -0.0413665924 Ha
PT dtm correction (eps1= 3.00e-05): -0.0413665924 +- 0.0000000000 Ha
PT dtm total energy (eps1= 3.00e-05): -2099.8679703136 +- 0.0000000000 Ha
Correlation energy (eps1= 3.00e-05): -2.1677693604 +- 0.0000000000 Ha
END OF #1/1 << dtm 2.00e-06 << eps_var 3.00e-05 << perturbation [1274.2/1299.7]GB [505.794/972.456/12128.457]s
END OF dtm 2.00e-06 << eps_var 3.00e-05 << perturbation [1274.2/1299.7]GB [0.001/973.485/12128.458]s

BEG OF psto 1.00e-07 << eps_var 3.00e-05 << perturbation [1263.5/1288.9]GB [0.144/0.001/12128.602]s
Number of psto batches: 16
END OF determine number of psto batches [1267.6/1293.0]GB [12.156/12.156/12140.757]s

BEG OF #1/16 << psto 1.00e-07 << eps_var 3.00e-05 << perturbation [1267.6/1293.0]GB [0.043/0.001/12140.799]s
20% 40% 60% 80% 100% 
Number of psto pt dets: 8,252,406,191
END OF create hc sums [1289.2/1314.7]GB [692.438/692.438/12833.236]s
PT psto batch correction: -0.0003777204 Ha
PT psto correction (eps1= 3.00e-05): -0.0060435268 +- 0.0000021183 Ha
PT psto total energy (eps1= 3.00e-05): -2099.8740138404 +- 0.0000021183 Ha
Correlation energy (eps1= 3.00e-05): -2.1738128872 +- 0.0000021183 Ha
END OF #1/16 << psto 1.00e-07 << eps_var 3.00e-05 << perturbation [1289.2/1314.6]GB [1084.533/1776.970/13917.769]s
END OF psto 1.00e-07 << eps_var 3.00e-05 << perturbation [1289.2/1314.6]GB [0.001/1789.168/13917.769]s

BEG OF sto 1.00e-20 << eps_var 3.00e-05 << perturbation [1107.0/1132.5]GB [1.724/0.001/13919.493]s
Number of samples chosen: 2,761,380
END OF determine n samples [1107.2/1132.7]GB [3.791/3.791/13923.283]s

BEG OF #1 << sto 1.00e-20 << eps_var 3.00e-05 << perturbation [1107.2/1132.7]GB [0.001/0.000/13923.283]s
Number of unique variational determinants in sample: 2,316,033
Batch id: 24 / 64
20% 40% 60% 80% 100% 
Number of sto pt dets: 2,660,567,295
END OF create hc sums [1461.1/1486.5]GB [233.735/233.735/14157.018]s
PT sto loop correction: 0.0000020611 Ha
PT sto correction (eps1= 3.00e-05): 0.0000020611 +- -nan Ha
PT sto total energy (eps1= 3.00e-05): -2099.8740117794 +- -nan Ha
Correlation energy (eps1= 3.00e-05): -2.1738108262 +- -nan Ha
END OF #1 << sto 1.00e-20 << eps_var 3.00e-05 << perturbation [1461.1/1486.5]GB [372.705/606.439/14529.722]s

BEG OF #2 << sto 1.00e-20 << eps_var 3.00e-05 << perturbation [1461.1/1486.5]GB [0.001/0.000/14529.723]s
Number of unique variational determinants in sample: 2,315,003
Batch id: 4 / 64
20% 40% 60% 80% 100% 
Number of sto pt dets: 2,659,917,213
END OF create hc sums [1461.1/1486.6]GB [175.558/175.558/14705.280]s
PT sto loop correction: -0.0000014483 Ha
PT sto correction (eps1= 3.00e-05): 0.0000003064 +- 0.0000017547 Ha
PT sto total energy (eps1= 3.00e-05): -2099.8740135340 +- 0.0000027507 Ha
Correlation energy (eps1= 3.00e-05): -2.1738125809 +- 0.0000027507 Ha
END OF #2 << sto 1.00e-20 << eps_var 3.00e-05 << perturbation [1461.2/1486.6]GB [372.312/547.869/15077.591]s

BEG OF #3 << sto 1.00e-20 << eps_var 3.00e-05 << perturbation [1461.2/1486.6]GB [0.001/0.000/15077.592]s
Number of unique variational determinants in sample: 2,315,424
Batch id: 5 / 64
20% 40% 60% 80% 100% 
Number of sto pt dets: 2,660,589,322
END OF create hc sums [1461.2/1486.6]GB [176.905/176.905/15254.497]s
PT sto loop correction: -0.0000138388 Ha
PT sto correction (eps1= 3.00e-05): -0.0000044087 +- 0.0000048227 Ha
PT sto total energy (eps1= 3.00e-05): -2099.8740182491 +- 0.0000052674 Ha
Correlation energy (eps1= 3.00e-05): -2.1738172959 +- 0.0000052674 Ha
END OF #3 << sto 1.00e-20 << eps_var 3.00e-05 << perturbation [1461.2/1486.6]GB [372.329/549.234/15626.825]s

BEG OF #4 << sto 1.00e-20 << eps_var 3.00e-05 << perturbation [1461.2/1486.6]GB [0.001/0.000/15626.825]s
Number of unique variational determinants in sample: 2,314,414
Batch id: 15 / 64
20% 40% 60% 80% 100% 
Number of sto pt dets: 2,659,097,278
END OF create hc sums [1461.2/1486.6]GB [174.254/174.254/15801.079]s
PT sto loop correction: -0.0000090088 Ha
PT sto correction (eps1= 3.00e-05): -0.0000055587 +- 0.0000035988 Ha
PT sto total energy (eps1= 3.00e-05): -2099.8740193991 +- 0.0000041760 Ha
Correlation energy (eps1= 3.00e-05): -2.1738184459 +- 0.0000041760 Ha
END OF #4 << sto 1.00e-20 << eps_var 3.00e-05 << perturbation [1461.2/1486.6]GB [372.959/547.213/16174.038]s

BEG OF #5 << sto 1.00e-20 << eps_var 3.00e-05 << perturbation [1461.2/1486.6]GB [0.001/0.000/16174.038]s
Number of unique variational determinants in sample: 2,315,758
Batch id: 45 / 64
20% 40% 60% 80% 100% 
Number of sto pt dets: 2,660,551,555
END OF create hc sums [1461.2/1486.6]GB [174.102/174.102/16348.140]s
PT sto loop correction: -0.0000119977 Ha
PT sto correction (eps1= 3.00e-05): -0.0000068465 +- 0.0000030707 Ha
PT sto total energy (eps1= 3.00e-05): -2099.8740206869 +- 0.0000037305 Ha
Correlation energy (eps1= 3.00e-05): -2.1738197338 +- 0.0000037305 Ha
END OF #5 << sto 1.00e-20 << eps_var 3.00e-05 << perturbation [1461.2/1486.6]GB [372.416/546.517/16720.555]s

BEG OF #6 << sto 1.00e-20 << eps_var 3.00e-05 << perturbation [1461.2/1486.6]GB [0.002/0.000/16720.555]s
Number of unique variational determinants in sample: 2,314,340
Batch id: 17 / 64
20% 40% 60% 80% 100% 
Number of sto pt dets: 2,659,281,734
END OF create hc sums [1461.2/1486.6]GB [173.233/173.233/16893.788]s
PT sto loop correction: -0.0000077843 Ha
PT sto correction (eps1= 3.00e-05): -0.0000070028 +- 0.0000025121 Ha
PT sto total energy (eps1= 3.00e-05): -2099.8740208432 +- 0.0000032860 Ha
Correlation energy (eps1= 3.00e-05): -2.1738198900 +- 0.0000032860 Ha
END OF #6 << sto 1.00e-20 << eps_var 3.00e-05 << perturbation [1461.2/1486.7]GB [371.329/544.561/17265.116]s
END OF sto 1.00e-20 << eps_var 3.00e-05 << perturbation [1461.2/1486.7]GB [0.001/3345.624/17265.116]s
Total energy: -2099.8740208432 +- 0.0000032860 Ha
END OF eps_var 3.00e-05 << perturbation [1461.0/1486.4]GB [0.082/6144.521/17265.198]s

BEG OF eps_var 2.00e-05 << perturbation [1461.0/1486.4]GB [0.001/0.000/17265.199]s
Loaded 63,009,738 dets from: wf_eps1_2.00e-05.dat
Effect dets (without time sym): 126,007,124
----------------------------------------
Excite Lv       # dets         Sum c^2
0                    1      0.00448426
1                  168      0.00002024
2                46329      0.09739926
3               491294      0.00355558
4              3828948      0.35861682
5             11474290      0.02010496
6             25984472      0.36315621
7             29591400      0.02272220
8             30048529      0.11268717
9             14416950      0.00627350
10             8064692      0.01034087
11             1407448      0.00038912
12              618109      0.00024494
13               23470      0.00000395
14               11024      0.00000093
----------------------------------------
Orbital                        Sum c^2
0                           1.99587084
1                           1.99587871
2                           1.98749936
3                           1.98764424
4                           1.98764424
5                           1.98761969
6                           1.98761969
7                           1.98746718
8                           1.76181472
9                           1.05264917
10                          1.05264917
11                          1.00635242
12                          1.00635242
13                          1.05581646
14                          0.92887425
15                          0.97735584
16                          0.97735584
17                          0.19579763
18                          0.93056496
19                          0.93056496
20                          0.01157966
21                          0.01157966
22                          0.01105681
23                          0.00784870
24                          0.00784870
25                          0.00745926
26                          0.01276647
27                          0.00319349
28                          0.01134185
29                          0.01134185
30                          0.00568102
31                          0.00309029
32                          0.00309029
33                          0.00970006
34                          0.00970006
35                          0.00308121
36                          0.00315249
37                          0.00315249
38                          0.00877270
39                          0.00877270
40                          0.00410163
41                          0.00410163
42                          0.00374625
43                          0.00258817
44                          0.00275027
45                          0.00275027
46                          0.00033319
47                          0.00022960
48                          0.00022960
49                          0.00027961
Sum orbitals c^2: 28.00000000
----------------------------------------
Most important dets:
Excite Lv         Coef      Det (Reordered orb)
2           0.09122939      |  0  1  2  3  4  5  6  7  8  9 10 12 13 15 |  0  1  2  3  4  5  6  7  8  9 10 11 13 16 |
2           0.08690101      |  0  1  2  3  4  5  6  7  8 10 11 12 13 15 |  0  1  2  3  4  5  6  7  8  9 10 11 13 19 |
2           0.08690101      |  0  1  2  3  4  5  6  7  8  9 11 12 13 16 |  0  1  2  3  4  5  6  7  8  9 10 12 13 18 |
2          -0.08684722      |  0  1  2  3  4  5  6  7  8  9 11 12 13 15 |  0  1  2  3  4  5  6  7  8  9 10 11 13 18 |
2          -0.08684722      |  0  1  2  3  4  5  6  7  8 10 11 12 13 16 |  0  1  2  3  4  5  6  7  8  9 10 12 13 19 |
2           0.08672542      |  0  1  2  3  4  5  6  7  8  9 10 11 13 14 |  0  1  2  3  4  5  6  7  8  9 10 11 12 15 |
2          -0.08672542      |  0  1  2  3  4  5  6  7  8  9 10 12 13 14 |  0  1  2  3  4  5  6  7  8  9 10 11 12 16 |
4          -0.08442271      |  0  1  2  3  4  5  6  7  8 10 12 13 15 16 |  0  1  2  3  4  5  6  7  8  9 10 13 16 19 |
4          -0.08442271      |  0  1  2  3  4  5  6  7  8  9 11 13 15 16 |  0  1  2  3  4  5  6  7  8  9 10 13 15 18 |
4           0.08438490      |  0  1  2  3  4  5  6  7  8 10 11 13 15 16 |  0  1  2  3  4  5  6  7  8  9 10 13 15 19 |
4           0.08438490      |  0  1  2  3  4  5  6  7  8  9 12 13 15 16 |  0  1  2  3  4  5  6  7  8  9 10 13 16 18 |
4          -0.08428137      |  0  1  2  3  4  5  6  7  8  9 10 13 14 16 |  0  1  2  3  4  5  6  7  8  9 10 12 15 16 |
4           0.08428137      |  0  1  2  3  4  5  6  7  8  9 10 13 14 15 |  0  1  2  3  4  5  6  7  8  9 10 11 15 16 |
2           0.08273460      |  0  1  2  3  4  5  6  7  8 10 11 12 13 18 |  0  1  2  3  4  5  6  7  8  9 11 12 13 19 |
2           0.08255337      |  0  1  2  3  4  5  6  7  8  9 11 12 13 14 |  0  1  2  3  4  5  6  7  8  9 10 11 12 18 |
2          -0.08255337      |  0  1  2  3  4  5  6  7  8 10 11 12 13 14 |  0  1  2  3  4  5  6  7  8  9 10 11 12 19 |
4          -0.08083116      |  0  1  2  3  4  5  6  7  8 10 12 13 15 19 |  0  1  2  3  4  5  6  7  8 10 11 13 16 19 |
4          -0.08083116      |  0  1  2  3  4  5  6  7  8  9 12 13 15 18 |  0  1  2  3  4  5  6  7  8  9 11 13 16 18 |
4          -0.08053089      |  0  1  2  3  4  5  6  7  8  9 10 12 14 15 |  0  1  2  3  4  5  6  7  8  9 10 11 14 16 |
4          -0.08040954      |  0  1  2  3  4  5  6  7  8 10 11 13 15 18 |  0  1  2  3  4  5  6  7  8  9 11 13 15 19 |
----------------------------------------
HF energy: -2097.7002009532 Ha
Variational energy: -2099.8371651776 Ha
Memory total: 3170.3GB
Helper size: 0.1GB
Bytes per det: 32
Memory var: 13.1GB
Memory PT limit: 2206.1GB

BEG OF dtm 2.00e-06 << eps_var 2.00e-05 << perturbation [25.5/50.9]GB [82.730/0.000/17347.928]s
Number of dtm batches: 1
END OF determine number of dtm batches [25.6/51.1]GB [1.850/1.850/17349.779]s

BEG OF #1/1 << dtm 2.00e-06 << eps_var 2.00e-05 << perturbation [25.6/51.1]GB [0.002/0.000/17349.780]s
20% 40% 60% 80% 100% 
Number of dtm pt dets: 4,565,646,434
END OF create hc sums [681.9/707.4]GB [757.286/757.286/18107.065]s
PT dtm batch correction: -0.0320445759 Ha
PT dtm correction (eps1= 2.00e-05): -0.0320445759 +- 0.0000000000 Ha
PT dtm total energy (eps1= 2.00e-05): -2099.8692097535 +- 0.0000000000 Ha
Correlation energy (eps1= 2.00e-05): -2.1690088004 +- 0.0000000000 Ha
END OF #1/1 << dtm 2.00e-06 << eps_var 2.00e-05 << perturbation [681.9/707.3]GB [470.767/1228.052/18577.831]s
END OF dtm 2.00e-06 << eps_var 2.00e-05 << perturbation [681.9/707.3]GB [0.014/1229.916/18577.844]s

BEG OF psto 1.00e-07 << eps_var 2.00e-05 << perturbation [666.3/691.7]GB [0.160/0.001/18578.003]s
Number of psto batches: 21
END OF determine number of psto batches [671.4/696.8]GB [18.366/18.366/18596.368]s

BEG OF #1/21 << psto 1.00e-07 << eps_var 2.00e-05 << perturbation [671.4/696.8]GB [0.053/0.001/18596.421]s
20% 40% 60% 80% 100% 
Number of psto pt dets: 8,354,312,935
END OF create hc sums [1342.9/1368.3]GB [833.379/833.379/19429.799]s
PT psto batch correction: -0.0003468074 Ha
PT psto correction (eps1= 2.00e-05): -0.0072829564 +- 0.0000017344 Ha
PT psto total energy (eps1= 2.00e-05): -2099.8764927099 +- 0.0000017344 Ha
Correlation energy (eps1= 2.00e-05): -2.1762917567 +- 0.0000017344 Ha
END OF #1/21 << psto 1.00e-07 << eps_var 2.00e-05 << perturbation [1342.9/1368.3]GB [1042.221/1875.599/20472.019]s
END OF psto 1.00e-07 << eps_var 2.00e-05 << perturbation [1342.9/1368.3]GB [0.001/1894.017/20472.020]s

BEG OF sto 1.00e-20 << eps_var 2.00e-05 << perturbation [1153.4/1178.9]GB [2.710/0.001/20474.729]s
Number of samples chosen: 2,576,093
END OF determine n samples [1153.6/1179.1]GB [4.015/4.015/20478.743]s

BEG OF #1 << sto 1.00e-20 << eps_var 2.00e-05 << perturbation [1153.6/1179.1]GB [0.001/0.000/20478.744]s
Number of unique variational determinants in sample: 2,310,392
Batch id: 48 / 64
20% 40% 60% 80% 100% 
Number of sto pt dets: 2,781,810,493
END OF create hc sums [1525.2/1550.7]GB [238.296/238.296/20717.039]s
PT sto loop correction: 0.0000871583 Ha
PT sto correction (eps1= 2.00e-05): 0.0000871583 +- -nan Ha
PT sto total energy (eps1= 2.00e-05): -2099.8764055517 +- -nan Ha
Correlation energy (eps1= 2.00e-05): -2.1762045985 +- -nan Ha
END OF #1 << sto 1.00e-20 << eps_var 2.00e-05 << perturbation [1525.2/1550.7]GB [377.546/615.841/21094.584]s

BEG OF #2 << sto 1.00e-20 << eps_var 2.00e-05 << perturbation [1525.2/1550.7]GB [0.001/0.000/21094.585]s
Number of unique variational determinants in sample: 2,310,234
Batch id: 47 / 64
20% 40% 60% 80% 100% 
Number of sto pt dets: 2,781,384,507
END OF create hc sums [1525.2/1550.6]GB [177.438/177.438/21272.022]s
PT sto loop correction: 0.0000895077 Ha
PT sto correction (eps1= 2.00e-05): 0.0000883330 +- 0.0000011747 Ha
PT sto total energy (eps1= 2.00e-05): -2099.8764043769 +- 0.0000020948 Ha
Correlation energy (eps1= 2.00e-05): -2.1762034237 +- 0.0000020948 Ha
END OF #2 << sto 1.00e-20 << eps_var 2.00e-05 << perturbation [1525.2/1550.6]GB [376.874/554.310/21648.895]s

BEG OF #3 << sto 1.00e-20 << eps_var 2.00e-05 << perturbation [1525.2/1550.6]GB [0.001/0.000/21648.895]s
Number of unique variational determinants in sample: 2,309,684
Batch id: 48 / 64
20% 40% 60% 80% 100% 
Number of sto pt dets: 2,780,627,766
END OF create hc sums [1525.2/1550.7]GB [175.590/175.590/21824.485]s
PT sto loop correction: 0.0000865111 Ha
PT sto correction (eps1= 2.00e-05): 0.0000877257 +- 0.0000009104 Ha
PT sto total energy (eps1= 2.00e-05): -2099.8764049842 +- 0.0000019588 Ha
Correlation energy (eps1= 2.00e-05): -2.1762040310 +- 0.0000019588 Ha
END OF #3 << sto 1.00e-20 << eps_var 2.00e-05 << perturbation [1525.3/1550.7]GB [377.375/552.964/22201.859]s

BEG OF #4 << sto 1.00e-20 << eps_var 2.00e-05 << perturbation [1525.3/1550.7]GB [0.001/0.000/22201.859]s
Number of unique variational determinants in sample: 2,310,050
Batch id: 1 / 64
20% 40% 60% 80% 100% 
Number of sto pt dets: 2,780,895,469
END OF create hc sums [1525.3/1550.7]GB [175.259/175.259/22377.118]s
PT sto loop correction: 0.0000774014 Ha
PT sto correction (eps1= 2.00e-05): 0.0000851446 +- 0.0000026601 Ha
PT sto total energy (eps1= 2.00e-05): -2099.8764075653 +- 0.0000031756 Ha
Correlation energy (eps1= 2.00e-05): -2.1762066121 +- 0.0000031756 Ha
END OF #4 << sto 1.00e-20 << eps_var 2.00e-05 << perturbation [1525.3/1550.7]GB [377.278/552.537/22754.396]s

BEG OF #5 << sto 1.00e-20 << eps_var 2.00e-05 << perturbation [1525.3/1550.7]GB [0.001/0.000/22754.396]s
Number of unique variational determinants in sample: 2,308,944
Batch id: 58 / 64
20% 40% 60% 80% 100% 
Number of sto pt dets: 2,779,543,696
END OF create hc sums [1525.3/1550.8]GB [174.607/174.607/22929.002]s
PT sto loop correction: 0.0000897114 Ha
PT sto correction (eps1= 2.00e-05): 0.0000860580 +- 0.0000022539 Ha
PT sto total energy (eps1= 2.00e-05): -2099.8764066519 +- 0.0000028440 Ha
Correlation energy (eps1= 2.00e-05): -2.1762056988 +- 0.0000028440 Ha
END OF #5 << sto 1.00e-20 << eps_var 2.00e-05 << perturbation [1525.3/1550.8]GB [377.282/551.888/23306.283]s

BEG OF #6 << sto 1.00e-20 << eps_var 2.00e-05 << perturbation [1525.3/1550.8]GB [0.001/0.000/23306.284]s
Number of unique variational determinants in sample: 2,310,234
Batch id: 40 / 64
20% 40% 60% 80% 100% 
Number of sto pt dets: 2,781,794,681
END OF create hc sums [1525.3/1550.8]GB [174.271/174.271/23480.554]s
PT sto loop correction: 0.0000876763 Ha
PT sto correction (eps1= 2.00e-05): 0.0000863277 +- 0.0000018600 Ha
PT sto total energy (eps1= 2.00e-05): -2099.8764063822 +- 0.0000025432 Ha
Correlation energy (eps1= 2.00e-05): -2.1762054290 +- 0.0000025432 Ha
END OF #6 << sto 1.00e-20 << eps_var 2.00e-05 << perturbation [1525.4/1550.8]GB [376.871/551.141/23857.424]s
END OF sto 1.00e-20 << eps_var 2.00e-05 << perturbation [1525.4/1550.8]GB [0.014/3382.709/23857.438]s
Total energy: -2099.8764063822 +- 0.0000025432 Ha
END OF eps_var 2.00e-05 << perturbation [1524.9/1550.3]GB [0.115/6592.354/23857.552]s

BEG OF eps_var 1.00e-05 << perturbation [1524.9/1550.3]GB [0.001/0.000/23857.552]s
Loaded 239,947,899 dets from: wf_eps1_1.00e-05.dat
Effect dets (without time sym): 479,871,305
----------------------------------------
Excite Lv       # dets         Sum c^2
0                    1      0.00454214
1                  180      0.00003322
2                60497      0.09756425
3              1043808      0.00410923
4              9685273      0.35618149
5             35369336      0.02279793
6             84305037      0.35891249
7            114779488      0.02587247
8            117844755      0.11158428
9             70442698      0.00727261
10            35390965      0.01041174
11             8421726      0.00045758
12             2357171      0.00025509
13              134982      0.00000448
14               35388      0.00000101
----------------------------------------
Orbital                        Sum c^2
0                           1.99563213
1                           1.99563968
2                           1.98651984
3                           1.98672055
4                           1.98672055
5                           1.98669512
6                           1.98669512
7                           1.98647653
8                           1.76439521
9                           1.05333611
10                          1.05333611
11                          1.00607128
12                          1.00607128
13                          1.05449122
14                          0.92709301
15                          0.97512742
16                          0.97512742
17                          0.18487249
18                          0.92748817
19                          0.92748817
20                          0.01300995
21                          0.01300995
22                          0.01212894
23                          0.00845918
24                          0.00845918
25                          0.00803996
26                          0.01528866
27                          0.00341788
28                          0.01385823
29                          0.01385823
30                          0.00639814
31                          0.00331850
32                          0.00331850
33                          0.01067977
34                          0.01067977
35                          0.00329395
36                          0.00338302
37                          0.00338302
38                          0.00952436
39                          0.00952436
40                          0.00508957
41                          0.00508957
42                          0.00443751
43                          0.00282210
44                          0.00337357
45                          0.00337357
46                          0.00044624
47                          0.00029618
48                          0.00029618
49                          0.00036050
Sum orbitals c^2: 28.00000000
----------------------------------------
Most important dets:
Excite Lv         Coef      Det (Reordered orb)
2           0.09130223      |  0  1  2  3  4  5  6  7  8  9 10 12 13 15 |  0  1  2  3  4  5  6  7  8  9 10 11 13 16 |
2          -0.08696429      |  0  1  2  3  4  5  6  7  8  9 10 12 13 14 |  0  1  2  3  4  5  6  7  8  9 10 11 12 16 |
2           0.08696429      |  0  1  2  3  4  5  6  7  8  9 10 11 13 14 |  0  1  2  3  4  5  6  7  8  9 10 11 12 15 |
2           0.08689025      |  0  1  2  3  4  5  6  7  8 10 11 12 13 15 |  0  1  2  3  4  5  6  7  8  9 10 11 13 19 |
2           0.08689025      |  0  1  2  3  4  5  6  7  8  9 11 12 13 16 |  0  1  2  3  4  5  6  7  8  9 10 12 13 18 |
2          -0.08684793      |  0  1  2  3  4  5  6  7  8 10 11 12 13 16 |  0  1  2  3  4  5  6  7  8  9 10 12 13 19 |
2          -0.08684793      |  0  1  2  3  4  5  6  7  8  9 11 12 13 15 |  0  1  2  3  4  5  6  7  8  9 10 11 13 18 |
4           0.08434703      |  0  1  2  3  4  5  6  7  8  9 10 13 14 15 |  0  1  2  3  4  5  6  7  8  9 10 11 15 16 |
4          -0.08434703      |  0  1  2  3  4  5  6  7  8  9 10 13 14 16 |  0  1  2  3  4  5  6  7  8  9 10 12 15 16 |
4          -0.08424675      |  0  1  2  3  4  5  6  7  8  9 11 13 15 16 |  0  1  2  3  4  5  6  7  8  9 10 13 15 18 |
4          -0.08424675      |  0  1  2  3  4  5  6  7  8 10 12 13 15 16 |  0  1  2  3  4  5  6  7  8  9 10 13 16 19 |
4           0.08422030      |  0  1  2  3  4  5  6  7  8 10 11 13 15 16 |  0  1  2  3  4  5  6  7  8  9 10 13 15 19 |
4           0.08422030      |  0  1  2  3  4  5  6  7  8  9 12 13 15 16 |  0  1  2  3  4  5  6  7  8  9 10 13 16 18 |
2           0.08273103      |  0  1  2  3  4  5  6  7  8 10 11 12 13 18 |  0  1  2  3  4  5  6  7  8  9 11 12 13 19 |
2          -0.08270525      |  0  1  2  3  4  5  6  7  8 10 11 12 13 14 |  0  1  2  3  4  5  6  7  8  9 10 11 12 19 |
2           0.08270525      |  0  1  2  3  4  5  6  7  8  9 11 12 13 14 |  0  1  2  3  4  5  6  7  8  9 10 11 12 18 |
4          -0.08062738      |  0  1  2  3  4  5  6  7  8  9 10 12 14 15 |  0  1  2  3  4  5  6  7  8  9 10 11 14 16 |
4          -0.08060830      |  0  1  2  3  4  5  6  7  8 10 12 13 15 19 |  0  1  2  3  4  5  6  7  8 10 11 13 16 19 |
4          -0.08060830      |  0  1  2  3  4  5  6  7  8  9 12 13 15 18 |  0  1  2  3  4  5  6  7  8  9 11 13 16 18 |
4           0.08024356      |  0  1  2  3  4  5  6  7  8 10 11 13 14 15 |  0  1  2  3  4  5  6  7  8  9 10 11 15 19 |
----------------------------------------
HF energy: -2097.7002009532 Ha
Variational energy: -2099.8534855150 Ha
Memory total: 3170.3GB
Helper size: 0.1GB
Bytes per det: 32
Memory var: 49.9GB
Memory PT limit: 2169.3GB

BEG OF dtm 2.00e-06 << eps_var 1.00e-05 << perturbation [88.4/113.8]GB [305.577/0.000/24163.128]s
Number of dtm batches: 1
END OF determine number of dtm batches [88.5/113.9]GB [5.365/5.365/24168.493]s

BEG OF #1/1 << dtm 2.00e-06 << eps_var 1.00e-05 << perturbation [88.5/113.9]GB [0.001/0.000/24168.494]s
20% 40% 60% 80% 100% 
Number of dtm pt dets: 4,414,649,366
END OF create hc sums [758.1/783.5]GB [2399.723/2399.723/26568.217]s
PT dtm batch correction: -0.0172870217 Ha
PT dtm correction (eps1= 1.00e-05): -0.0172870217 +- 0.0000000000 Ha
PT dtm total energy (eps1= 1.00e-05): -2099.8707725367 +- 0.0000000000 Ha
Correlation energy (eps1= 1.00e-05): -2.1705715835 +- 0.0000000000 Ha
END OF #1/1 << dtm 2.00e-06 << eps_var 1.00e-05 << perturbation [758.1/783.5]GB [410.130/2809.852/26978.346]s
END OF dtm 2.00e-06 << eps_var 1.00e-05 << perturbation [758.1/783.5]GB [0.006/2815.222/26978.350]s

BEG OF psto 1.00e-07 << eps_var 1.00e-05 << perturbation [741.5/766.9]GB [0.184/0.001/26978.534]s
Number of psto batches: 32
END OF determine number of psto batches [749.0/774.4]GB [33.289/33.289/27011.822]s

BEG OF #1/32 << psto 1.00e-07 << eps_var 1.00e-05 << perturbation [749.0/774.4]GB [0.095/0.001/27011.916]s
20% 40% 60% 80% 100% 
Number of psto pt dets: 7,578,706,477
END OF create hc sums [1421.0/1446.5]GB [1079.993/1079.993/28091.908]s
PT psto batch correction: -0.0003027256 Ha
PT psto correction (eps1= 1.00e-05): -0.0096872187 +- 0.0000012482 Ha
PT psto total energy (eps1= 1.00e-05): -2099.8804597554 +- 0.0000012482 Ha
Correlation energy (eps1= 1.00e-05): -2.1802588022 +- 0.0000012482 Ha
END OF #1/32 << psto 1.00e-07 << eps_var 1.00e-05 << perturbation [1421.1/1446.5]GB [843.058/1923.051/28934.966]s
END OF psto 1.00e-07 << eps_var 1.00e-05 << perturbation [1421.1/1446.5]GB [0.001/1956.433/28934.966]s

BEG OF sto 1.00e-20 << eps_var 1.00e-05 << perturbation [1380.8/1406.2]GB [5.078/0.001/28940.044]s
Number of samples chosen: 2,394,936
END OF determine n samples [1381.0/1406.4]GB [4.473/4.473/28944.516]s

BEG OF #1 << sto 1.00e-20 << eps_var 1.00e-05 << perturbation [1381.0/1406.4]GB [0.001/0.000/28944.516]s
Number of unique variational determinants in sample: 2,283,761
Batch id: 14 / 64
20% 40% 60% 80% 100% 
Number of sto pt dets: 2,901,139,817
END OF create hc sums [1541.3/1566.7]GB [242.630/242.630/29187.146]s
PT sto loop correction: 0.0000092629 Ha
PT sto correction (eps1= 1.00e-05): 0.0000092629 +- -nan Ha
PT sto total energy (eps1= 1.00e-05): -2099.8804504925 +- -nan Ha
Correlation energy (eps1= 1.00e-05): -2.1802495393 +- -nan Ha
END OF #1 << sto 1.00e-20 << eps_var 1.00e-05 << perturbation [1541.3/1566.7]GB [374.478/617.107/29561.623]s

BEG OF #2 << sto 1.00e-20 << eps_var 1.00e-05 << perturbation [1541.3/1566.7]GB [0.001/0.000/29561.624]s
Number of unique variational determinants in sample: 2,283,438
Batch id: 29 / 64
20% 40% 60% 80% 100% 
Number of sto pt dets: 2,900,913,215
END OF create hc sums [1541.3/1566.7]GB [174.751/174.751/29736.375]s
PT sto loop correction: 0.0000186898 Ha
PT sto correction (eps1= 1.00e-05): 0.0000139763 +- 0.0000047134 Ha
PT sto total energy (eps1= 1.00e-05): -2099.8804457791 +- 0.0000048759 Ha
Correlation energy (eps1= 1.00e-05): -2.1802448259 +- 0.0000048759 Ha
END OF #2 << sto 1.00e-20 << eps_var 1.00e-05 << perturbation [1541.3/1566.8]GB [373.953/548.703/30110.327]s

BEG OF #3 << sto 1.00e-20 << eps_var 1.00e-05 << perturbation [1541.3/1566.8]GB [0.001/0.000/30110.327]s
Number of unique variational determinants in sample: 2,283,277
Batch id: 21 / 64
20% 40% 60% 80% 100% 
Number of sto pt dets: 2,900,623,529
END OF create hc sums [1541.4/1566.8]GB [174.293/174.293/30284.619]s
PT sto loop correction: 0.0000257060 Ha
PT sto correction (eps1= 1.00e-05): 0.0000178862 +- 0.0000047637 Ha
PT sto total energy (eps1= 1.00e-05): -2099.8804418692 +- 0.0000049245 Ha
Correlation energy (eps1= 1.00e-05): -2.1802409160 +- 0.0000049245 Ha
END OF #3 << sto 1.00e-20 << eps_var 1.00e-05 << perturbation [1541.4/1566.8]GB [373.237/547.529/30657.855]s

BEG OF #4 << sto 1.00e-20 << eps_var 1.00e-05 << perturbation [1541.4/1566.8]GB [0.001/0.000/30657.855]s
Number of unique variational determinants in sample: 2,284,075
Batch id: 30 / 64
20% 40% 60% 80% 100% 
Number of sto pt dets: 2,901,867,415
END OF create hc sums [1541.4/1566.8]GB [175.923/175.923/30833.778]s
PT sto loop correction: 0.0000124453 Ha
PT sto correction (eps1= 1.00e-05): 0.0000165260 +- 0.0000036327 Ha
PT sto total energy (eps1= 1.00e-05): -2099.8804432294 +- 0.0000038412 Ha
Correlation energy (eps1= 1.00e-05): -2.1802422762 +- 0.0000038412 Ha
END OF #4 << sto 1.00e-20 << eps_var 1.00e-05 << perturbation [1541.4/1566.9]GB [374.386/550.308/31208.163]s

BEG OF #5 << sto 1.00e-20 << eps_var 1.00e-05 << perturbation [1541.4/1566.9]GB [0.001/0.000/31208.164]s
Number of unique variational determinants in sample: 2,283,516
Batch id: 54 / 64
20% 40% 60% 80% 100% 
Number of sto pt dets: 2,901,236,881
END OF create hc sums [1541.4/1566.9]GB [177.228/177.228/31385.391]s
PT sto loop correction: -0.0000248208 Ha
PT sto correction (eps1= 1.00e-05): 0.0000082566 +- 0.0000087350 Ha
PT sto total energy (eps1= 1.00e-05): -2099.8804514988 +- 0.0000088237 Ha
Correlation energy (eps1= 1.00e-05): -2.1802505456 +- 0.0000088237 Ha
END OF #5 << sto 1.00e-20 << eps_var 1.00e-05 << perturbation [1541.5/1566.9]GB [374.976/552.203/31760.366]s

BEG OF #6 << sto 1.00e-20 << eps_var 1.00e-05 << perturbation [1541.5/1566.9]GB [0.001/0.001/31760.367]s
Number of unique variational determinants in sample: 2,283,798
Batch id: 56 / 64
20% 40% 60% 80% 100% 
Number of sto pt dets: 2,901,036,428
END OF create hc sums [1541.5/1566.9]GB [173.592/173.592/31933.958]s
PT sto loop correction: 0.0000004412 Ha
PT sto correction (eps1= 1.00e-05): 0.0000069541 +- 0.0000072501 Ha
PT sto total energy (eps1= 1.00e-05): -2099.8804528013 +- 0.0000073567 Ha
Correlation energy (eps1= 1.00e-05): -2.1802518481 +- 0.0000073567 Ha
END OF #6 << sto 1.00e-20 << eps_var 1.00e-05 << perturbation [1541.5/1566.9]GB [374.132/547.723/32308.089]s
END OF sto 1.00e-20 << eps_var 1.00e-05 << perturbation [1541.5/1566.9]GB [0.031/3368.076/32308.119]s
Total energy: -2099.8804528013 +- 0.0000073567 Ha
END OF eps_var 1.00e-05 << perturbation [1540.8/1566.2]GB [0.162/8450.729/32308.281]s

BEG OF eps_var 5.00e-06 << perturbation [1540.8/1566.2]GB [0.001/0.000/32308.281]s
Loaded 775,404,720 dets from: wf_eps1_5.00e-06.dat
Effect dets (without time sym): 1,550,758,932
----------------------------------------
Excite Lv       # dets         Sum c^2
0                    1      0.00435421
1                  190      0.00004099
2                73005      0.09452704
3              1958298      0.00435967
4             21957751      0.34971628
5             90408290      0.02437566
6            232824432      0.35901133
7            352283504      0.02841660
8            388036588      0.11481917
9            267527248      0.00837974
10           141342112      0.01114450
11            42634192      0.00056776
12            10612628      0.00028015
13              977526      0.00000580
14              123167      0.00000112
----------------------------------------
Orbital                        Sum c^2
0                           1.99537139
1                           1.99537735
2                           1.98580972
3                           1.98602086
4                           1.98602086
5                           1.98599574
6                           1.98599574
7                           1.98575841
8                           1.73657241
9                           1.05217986
10                          1.05217986
11                          1.00506091
12                          1.00506091
13                          1.05158006
14                          0.92758905
15                          0.97428554
16                          0.97428554
17                          0.20802922
18                          0.92671391
19                          0.92671391
20                          0.01390557
21                          0.01390557
22                          0.01289090
23                          0.00896644
24                          0.00896644
25                          0.00852089
26                          0.01650185
27                          0.00358400
28                          0.01485465
29                          0.01485465
30                          0.00760808
31                          0.00347979
32                          0.00347979
33                          0.01133304
34                          0.01133304
35                          0.00345275
36                          0.00354295
37                          0.00354295
38                          0.01007348
39                          0.01007348
40                          0.00591502
41                          0.00591502
42                          0.00515451
43                          0.00316757
44                          0.00361518
45                          0.00361518
46                          0.00058301
47                          0.00041732
48                          0.00041732
49                          0.00053037
Sum orbitals c^2: 28.00000000
----------------------------------------
Most important dets:
Excite Lv         Coef      Det (Reordered orb)
2           0.08943583      |  0  1  2  3  4  5  6  7  8  9 10 12 13 15 |  0  1  2  3  4  5  6  7  8  9 10 11 13 16 |
2           0.08539412      |  0  1  2  3  4  5  6  7  8  9 10 11 13 14 |  0  1  2  3  4  5  6  7  8  9 10 11 12 15 |
2          -0.08539412      |  0  1  2  3  4  5  6  7  8  9 10 12 13 14 |  0  1  2  3  4  5  6  7  8  9 10 11 12 16 |
2           0.08513663      |  0  1  2  3  4  5  6  7  8 10 11 12 13 15 |  0  1  2  3  4  5  6  7  8  9 10 11 13 19 |
2           0.08513663      |  0  1  2  3  4  5  6  7  8  9 11 12 13 16 |  0  1  2  3  4  5  6  7  8  9 10 12 13 18 |
2          -0.08510017      |  0  1  2  3  4  5  6  7  8 10 11 12 13 16 |  0  1  2  3  4  5  6  7  8  9 10 12 13 19 |
2          -0.08510017      |  0  1  2  3  4  5  6  7  8  9 11 12 13 15 |  0  1  2  3  4  5  6  7  8  9 10 11 13 18 |
4          -0.08284161      |  0  1  2  3  4  5  6  7  8  9 10 13 14 16 |  0  1  2  3  4  5  6  7  8  9 10 12 15 16 |
4           0.08284161      |  0  1  2  3  4  5  6  7  8  9 10 13 14 15 |  0  1  2  3  4  5  6  7  8  9 10 11 15 16 |
4          -0.08256429      |  0  1  2  3  4  5  6  7  8 10 12 13 15 16 |  0  1  2  3  4  5  6  7  8  9 10 13 16 19 |
4          -0.08256429      |  0  1  2  3  4  5  6  7  8  9 11 13 15 16 |  0  1  2  3  4  5  6  7  8  9 10 13 15 18 |
4           0.08254169      |  0  1  2  3  4  5  6  7  8 10 11 13 15 16 |  0  1  2  3  4  5  6  7  8  9 10 13 15 19 |
4           0.08254169      |  0  1  2  3  4  5  6  7  8  9 12 13 15 16 |  0  1  2  3  4  5  6  7  8  9 10 13 16 18 |
2          -0.08123184      |  0  1  2  3  4  5  6  7  8 10 11 12 13 14 |  0  1  2  3  4  5  6  7  8  9 10 11 12 19 |
2           0.08123184      |  0  1  2  3  4  5  6  7  8  9 11 12 13 14 |  0  1  2  3  4  5  6  7  8  9 10 11 12 18 |
2           0.08110366      |  0  1  2  3  4  5  6  7  8 10 11 12 13 18 |  0  1  2  3  4  5  6  7  8  9 11 12 13 19 |
4          -0.07930869      |  0  1  2  3  4  5  6  7  8  9 10 12 14 15 |  0  1  2  3  4  5  6  7  8  9 10 11 14 16 |
4          -0.07901016      |  0  1  2  3  4  5  6  7  8 10 12 13 15 19 |  0  1  2  3  4  5  6  7  8 10 11 13 16 19 |
4          -0.07901016      |  0  1  2  3  4  5  6  7  8  9 12 13 15 18 |  0  1  2  3  4  5  6  7  8  9 11 13 16 18 |
4           0.07882780      |  0  1  2  3  4  5  6  7  8 10 11 13 14 15 |  0  1  2  3  4  5  6  7  8  9 10 11 15 19 |
----------------------------------------
HF energy: -2097.7002009532 Ha
Variational energy: -2099.8658053784 Ha
Memory total: 3170.3GB
Helper size: 0.1GB
Bytes per det: 32
Memory var: 161.3GB
Memory PT limit: 2057.9GB

BEG OF dtm 2.00e-06 << eps_var 5.00e-06 << perturbation [290.2/315.6]GB [949.856/0.000/33258.137]s
Number of dtm batches: 1
END OF determine number of dtm batches [290.3/315.7]GB [23.901/23.901/33282.037]s

BEG OF #1/1 << dtm 2.00e-06 << eps_var 5.00e-06 << perturbation [290.3/315.7]GB [0.002/0.000/33282.038]s
20% 40% 60% 80% 100% 
Number of dtm pt dets: 3,748,653,828
END OF create hc sums [948.7/974.2]GB [6652.214/6652.214/39934.252]s
PT dtm batch correction: -0.0067495042 Ha
PT dtm correction (eps1= 5.00e-06): -0.0067495042 +- 0.0000000000 Ha
PT dtm total energy (eps1= 5.00e-06): -2099.8725548826 +- 0.0000000000 Ha
Correlation energy (eps1= 5.00e-06): -2.1723539294 +- 0.0000000000 Ha
END OF #1/1 << dtm 2.00e-06 << eps_var 5.00e-06 << perturbation [948.7/974.1]GB [326.084/6978.297/40260.335]s
END OF dtm 2.00e-06 << eps_var 5.00e-06 << perturbation [948.7/974.1]GB [0.002/7002.200/40260.336]s

BEG OF psto 1.00e-07 << eps_var 5.00e-06 << perturbation [933.0/958.4]GB [0.228/0.001/40260.564]s
Number of psto batches: 41
END OF determine number of psto batches [943.9/969.4]GB [51.488/51.488/40312.051]s

BEG OF #1/41 << psto 1.00e-07 << eps_var 5.00e-06 << perturbation [943.9/969.4]GB [0.113/0.001/40312.163]s
20% 40% 60% 80% 100% 
Number of psto pt dets: 7,032,366,467
END OF create hc sums [1548.4/1573.8]GB [1722.588/1722.588/42034.750]s
PT psto batch correction: -0.0002608193 Ha
PT psto correction (eps1= 5.00e-06): -0.0106935908 +- 0.0000009410 Ha
PT psto total energy (eps1= 5.00e-06): -2099.8832484734 +- 0.0000009410 Ha
Correlation energy (eps1= 5.00e-06): -2.1830475202 +- 0.0000009410 Ha
END OF #1/41 << psto 1.00e-07 << eps_var 5.00e-06 << perturbation [1548.4/1573.9]GB [719.732/2442.319/42754.481]s
END OF psto 1.00e-07 << eps_var 5.00e-06 << perturbation [1548.4/1573.9]GB [0.001/2493.919/42754.482]s

BEG OF sto 1.00e-20 << eps_var 5.00e-06 << perturbation [1537.2/1562.6]GB [17.611/0.001/42772.093]s
Number of samples chosen: 2,215,645
END OF determine n samples [1537.4/1562.8]GB [4.495/4.495/42776.587]s

BEG OF #1 << sto 1.00e-20 << eps_var 5.00e-06 << perturbation [1537.4/1562.8]GB [0.001/0.000/42776.587]s
Number of unique variational determinants in sample: 2,167,345
Batch id: 22 / 64
20% 40% 60% 80% 100% 
Number of sto pt dets: 2,832,563,706
END OF create hc sums [1685.8/1711.2]GB [229.009/229.009/43005.596]s
PT sto loop correction: -0.0007299034 Ha
PT sto correction (eps1= 5.00e-06): -0.0007299034 +- -nan Ha
PT sto total energy (eps1= 5.00e-06): -2099.8839783768 +- -nan Ha
Correlation energy (eps1= 5.00e-06): -2.1837774236 +- -nan Ha
END OF #1 << sto 1.00e-20 << eps_var 5.00e-06 << perturbation [1685.8/1711.2]GB [348.956/577.964/43354.551]s

BEG OF #2 << sto 1.00e-20 << eps_var 5.00e-06 << perturbation [1685.8/1711.2]GB [0.001/0.000/43354.551]s
Number of unique variational determinants in sample: 2,167,206
Batch id: 48 / 64
20% 40% 60% 80% 100% 
Number of sto pt dets: 2,832,430,530
END OF create hc sums [1685.8/1711.3]GB [168.722/168.722/43523.273]s
PT sto loop correction: -0.0007031189 Ha
PT sto correction (eps1= 5.00e-06): -0.0007165112 +- 0.0000133922 Ha
PT sto total energy (eps1= 5.00e-06): -2099.8839649846 +- 0.0000134252 Ha
Correlation energy (eps1= 5.00e-06): -2.1837640314 +- 0.0000134252 Ha
END OF #2 << sto 1.00e-20 << eps_var 5.00e-06 << perturbation [1685.9/1711.3]GB [350.000/518.721/43873.272]s

BEG OF #3 << sto 1.00e-20 << eps_var 5.00e-06 << perturbation [1685.9/1711.3]GB [0.001/0.000/43873.272]s
Number of unique variational determinants in sample: 2,167,174
Batch id: 58 / 64
20% 40% 60% 80% 100% 
Number of sto pt dets: 2,832,487,563
END OF create hc sums [1685.9/1711.3]GB [166.286/166.286/44039.558]s
PT sto loop correction: -0.0007976428 Ha
PT sto correction (eps1= 5.00e-06): -0.0007435550 +- 0.0000281275 Ha
PT sto total energy (eps1= 5.00e-06): -2099.8839920285 +- 0.0000281432 Ha
Correlation energy (eps1= 5.00e-06): -2.1837910753 +- 0.0000281432 Ha
END OF #3 << sto 1.00e-20 << eps_var 5.00e-06 << perturbation [1685.9/1711.4]GB [349.290/515.575/44388.847]s

BEG OF #4 << sto 1.00e-20 << eps_var 5.00e-06 << perturbation [1685.9/1711.4]GB [0.001/0.000/44388.847]s
Number of unique variational determinants in sample: 2,167,682
Batch id: 16 / 64
20% 40% 60% 80% 100% 
Number of sto pt dets: 2,833,471,140
END OF create hc sums [1686.0/1711.4]GB [167.053/167.053/44555.900]s
PT sto loop correction: -0.0007855641 Ha
PT sto correction (eps1= 5.00e-06): -0.0007540573 +- 0.0000224917 Ha
PT sto total energy (eps1= 5.00e-06): -2099.8840025307 +- 0.0000225114 Ha
Correlation energy (eps1= 5.00e-06): -2.1838015775 +- 0.0000225114 Ha
END OF #4 << sto 1.00e-20 << eps_var 5.00e-06 << perturbation [1686.0/1711.4]GB [350.001/517.053/44905.900]s

BEG OF #5 << sto 1.00e-20 << eps_var 5.00e-06 << perturbation [1686.0/1711.4]GB [0.001/0.000/44905.901]s
Number of unique variational determinants in sample: 2,167,033
Batch id: 63 / 64
20% 40% 60% 80% 100% 
Number of sto pt dets: 2,832,660,004
END OF create hc sums [1686.0/1711.4]GB [166.925/166.925/45072.825]s
PT sto loop correction: -0.0008238055 Ha
PT sto correction (eps1= 5.00e-06): -0.0007680070 +- 0.0000223186 Ha
PT sto total energy (eps1= 5.00e-06): -2099.8840164804 +- 0.0000223384 Ha
Correlation energy (eps1= 5.00e-06): -2.1838155272 +- 0.0000223384 Ha
END OF #5 << sto 1.00e-20 << eps_var 5.00e-06 << perturbation [1686.0/1711.4]GB [349.565/516.490/45422.390]s

BEG OF #6 << sto 1.00e-20 << eps_var 5.00e-06 << perturbation [1686.0/1711.4]GB [0.001/0.000/45422.390]s
Number of unique variational determinants in sample: 2,167,118
Batch id: 48 / 64
20% 40% 60% 80% 100% 
Number of sto pt dets: 2,832,487,335
END OF create hc sums [1686.0/1711.4]GB [165.765/165.765/45588.155]s
PT sto loop correction: -0.0007148384 Ha
PT sto correction (eps1= 5.00e-06): -0.0007591455 +- 0.0000202634 Ha
PT sto total energy (eps1= 5.00e-06): -2099.8840076189 +- 0.0000202852 Ha
Correlation energy (eps1= 5.00e-06): -2.1838066658 +- 0.0000202852 Ha
END OF #6 << sto 1.00e-20 << eps_var 5.00e-06 << perturbation [1686.0/1711.4]GB [349.282/515.046/45937.436]s

BEG OF #7 << sto 1.00e-20 << eps_var 5.00e-06 << perturbation [1686.0/1711.4]GB [0.001/0.000/45937.437]s
Number of unique variational determinants in sample: 2,167,420
Batch id: 22 / 64
20% 40% 60% 80% 100% 
Number of sto pt dets: 2,832,916,520
END OF create hc sums [1686.0/1711.5]GB [165.666/165.666/46103.103]s
PT sto loop correction: -0.0008038077 Ha
PT sto correction (eps1= 5.00e-06): -0.0007655258 +- 0.0000182756 Ha
PT sto total energy (eps1= 5.00e-06): -2099.8840139993 +- 0.0000182998 Ha
Correlation energy (eps1= 5.00e-06): -2.1838130461 +- 0.0000182998 Ha
END OF #7 << sto 1.00e-20 << eps_var 5.00e-06 << perturbation [1686.0/1711.5]GB [349.065/514.731/46452.167]s

BEG OF #8 << sto 1.00e-20 << eps_var 5.00e-06 << perturbation [1686.0/1711.5]GB [0.001/0.000/46452.168]s
Number of unique variational determinants in sample: 2,166,794
Batch id: 56 / 64
20% 40% 60% 80% 100% 
Number of sto pt dets: 2,831,873,533
END OF create hc sums [1686.1/1711.5]GB [167.623/167.623/46619.791]s
PT sto loop correction: -0.0008373173 Ha
PT sto correction (eps1= 5.00e-06): -0.0007744998 +- 0.0000181942 Ha
PT sto total energy (eps1= 5.00e-06): -2099.8840229732 +- 0.0000182185 Ha
Correlation energy (eps1= 5.00e-06): -2.1838220200 +- 0.0000182185 Ha
END OF #8 << sto 1.00e-20 << eps_var 5.00e-06 << perturbation [1686.1/1711.5]GB [349.068/516.690/46968.858]s

BEG OF #9 << sto 1.00e-20 << eps_var 5.00e-06 << perturbation [1686.1/1711.5]GB [0.001/0.000/46968.858]s
Number of unique variational determinants in sample: 2,166,977
Batch id: 24 / 64
20% 40% 60% 80% 100% 
Number of sto pt dets: 2,832,098,254
END OF create hc sums [1686.1/1711.5]GB [165.442/165.442/47134.299]s
PT sto loop correction: -0.0007994440 Ha
PT sto correction (eps1= 5.00e-06): -0.0007772714 +- 0.0000162834 Ha
PT sto total energy (eps1= 5.00e-06): -2099.8840257448 +- 0.0000163106 Ha
Correlation energy (eps1= 5.00e-06): -2.1838247916 +- 0.0000163106 Ha
END OF #9 << sto 1.00e-20 << eps_var 5.00e-06 << perturbation [1686.1/1711.5]GB [348.365/513.806/47482.664]s

BEG OF #10 << sto 1.00e-20 << eps_var 5.00e-06 << perturbation [1686.1/1711.5]GB [0.001/0.000/47482.665]s
Number of unique variational determinants in sample: 2,167,240
Batch id: 43 / 64
20% 40% 60% 80% 100% 
Number of sto pt dets: 2,832,706,231
END OF create hc sums [1686.1/1711.5]GB [165.150/165.150/47647.815]s
PT sto loop correction: -0.0007751233 Ha
PT sto correction (eps1= 5.00e-06): -0.0007770566 +- 0.0000145659 Ha
PT sto total energy (eps1= 5.00e-06): -2099.8840255300 +- 0.0000145963 Ha
Correlation energy (eps1= 5.00e-06): -2.1838245768 +- 0.0000145963 Ha
END OF #10 << sto 1.00e-20 << eps_var 5.00e-06 << perturbation [1686.1/1711.5]GB [348.862/514.011/47996.676]s
END OF sto 1.00e-20 << eps_var 5.00e-06 << perturbation [1686.1/1711.5]GB [0.001/5224.584/47996.676]s
Total energy: -2099.8840255300 +- 0.0000145963 Ha
END OF eps_var 5.00e-06 << perturbation [1684.8/1710.2]GB [0.133/15688.527/47996.808]s
END OF perturbation [1684.8/1710.2]GB [0.001/47995.016/47996.809]s
