l[009,034]
80
Semistochastic Heat-bath Configuration Interation (SHCI)

Start time: Wed Jun 12 15:01:02 2019
Infrastructure: 2 nodes * 80 threads
Configuration:
{
  "chem": {
    "irrep_occs_dn": [
      4,
      2,
      1,
      2,
      1,
      2,
      1,
      0,
      1,
      0
    ],
    "irrep_occs_up": [
      4,
      2,
      1,
      2,
      1,
      2,
      1,
      0,
      1,
      0
    ],
    "irreps": [
      1,
      2,
      3,
      4,
      5,
      6,
      7,
      8,
      9,
      10
    ],
    "point_group": "dih"
  },
  "eps_pt": 1e-20,
  "eps_vars": [
    0.0002,
    0.0001,
    5e-05,
    3e-05,
    2e-05,
    1e-05,
    5e-06
  ],
  "eps_vars_schedule": [
    0.005,
    0.005,
    0.005,
    0.005,
    0.005,
    0.003,
    0.003,
    0.003,
    0.003,
    0.003,
    0.002,
    0.002,
    0.002,
    0.002,
    0.002,
    0.001,
    0.001,
    0.001,
    0.001,
    0.001,
    0.001,
    0.001,
    0.0005,
    0.0005,
    0.0005,
    0.0005,
    0.0005,
    0.0005,
    0.0005,
    0.0003,
    0.0003,
    0.0003,
    0.0003,
    0.0003,
    0.0002,
    0.0002,
    0.0002,
    0.0002,
    0.0002
  ],
  "n_dn": 14,
  "n_up": 14,
  "system": "chem",
  "target_error": 2e-05,
  "time_sym": true,
  "var_only": true
}
Timing format: [DIFF/SECTION/TOTAL]

BEG OF setup [0.0/24.0]GB [0.001/0.001/0.001]s

BEG OF load integrals << setup [0.0/24.0]GB [0.004/0.000/0.004]s
n_orbs: 76
n_elecs (from FCIDUMP): 28
orb_sym: 1 2 1 6 4 3 5 2 1 6 4 7 9 1 2 10 8 2 3 5 6 4 1 3 5 2 1 1 6 4 2 3 5 7 9 2 6 4 10 8 3 5 1 2 6 4 1 3 5 2 1 7 9 6 4 10 8 3 5 1 2 2 6 4 1 14 12 7 9 11 13 10 8 3 5 2 
END OF load fcidump [0.1/24.1]GB [1.446/1.446/1.449]s
HF det up: 0 1 2 3 4 5 6 7 8 9 10 11 12 13 
HF det dn: 0 1 2 3 4 5 6 7 8 9 10 11 12 13 
Reorder skipped.
Orbitals energy:
#  0: E =  -3.352073809437, sym =  1, origin #  0
#  1: E =  -3.351588342811, sym =  2, origin #  1
#  2: E =  -2.073818818560, sym =  1, origin #  2
#  3: E =  -2.073349739542, sym =  6, origin #  3
#  4: E =  -2.073349739542, sym =  4, origin #  4
#  5: E =  -2.069716190143, sym =  3, origin #  5
#  6: E =  -2.069716190144, sym =  5, origin #  6
#  7: E =  -2.067978498306, sym =  2, origin #  7
#  8: E =  -0.183841799737, sym =  1, origin #  8
#  9: E =  -0.046292855987, sym =  6, origin #  9
# 10: E =  -0.046292855987, sym =  4, origin # 10
# 11: E =  -0.035939306474, sym =  7, origin # 11
# 12: E =  -0.035939306474, sym =  9, origin # 12
# 13: E =  -0.050245317241, sym =  1, origin # 13
# 14: E =   0.141128150977, sym =  2, origin # 14
# 15: E =   0.126899237351, sym = 10, origin # 15
# 16: E =   0.126899237351, sym =  8, origin # 16
# 17: E =   0.109723399258, sym =  2, origin # 17
# 18: E =   0.142074542536, sym =  3, origin # 18
# 19: E =   0.142074542536, sym =  5, origin # 19
# 20: E =   0.987078424626, sym =  6, origin # 20
# 21: E =   0.987078424626, sym =  4, origin # 21
# 22: E =   1.035384590694, sym =  1, origin # 22
# 23: E =   1.234844170548, sym =  3, origin # 23
# 24: E =   1.234844170547, sym =  5, origin # 24
# 25: E =   1.282180469018, sym =  2, origin # 25
# 26: E =   0.294960024438, sym =  1, origin # 26
# 27: E =   2.460800182410, sym =  1, origin # 27
# 28: E =   0.334591403383, sym =  6, origin # 28
# 29: E =   0.334591403383, sym =  4, origin # 29
# 30: E =   0.595986279934, sym =  2, origin # 30
# 31: E =   2.516543040371, sym =  3, origin # 31
# 32: E =   2.516543040372, sym =  5, origin # 32
# 33: E =   1.053453319442, sym =  7, origin # 33
# 34: E =   1.053453319442, sym =  9, origin # 34
# 35: E =   2.562898049210, sym =  2, origin # 35
# 36: E =   2.472944789472, sym =  6, origin # 36
# 37: E =   2.472944789472, sym =  4, origin # 37
# 38: E =   1.123499276531, sym = 10, origin # 38
# 39: E =   1.123499276531, sym =  8, origin # 39
# 40: E =   0.476110146565, sym =  3, origin # 40
# 41: E =   0.476110146565, sym =  5, origin # 41
# 42: E =   1.359895691094, sym =  1, origin # 42
# 43: E =   1.585230062798, sym =  2, origin # 43
# 44: E =   0.402726785730, sym =  6, origin # 44
# 45: E =   0.402726785731, sym =  4, origin # 45
# 46: E =   0.795213936178, sym =  1, origin # 46
# 47: E =   0.654026774269, sym =  3, origin # 47
# 48: E =   0.654026774268, sym =  5, origin # 48
# 49: E =   0.673512050553, sym =  2, origin # 49
# 50: E =   0.452502417172, sym =  1, origin # 50
# 51: E =   2.490377605182, sym =  7, origin # 51
# 52: E =   2.490377605182, sym =  9, origin # 52
# 53: E =   0.787528119951, sym =  6, origin # 53
# 54: E =   0.787528119951, sym =  4, origin # 54
# 55: E =   2.501505417895, sym = 10, origin # 55
# 56: E =   2.501505417895, sym =  8, origin # 56
# 57: E =   0.417684850990, sym =  3, origin # 57
# 58: E =   0.417684850990, sym =  5, origin # 58
# 59: E =   0.384323495534, sym =  1, origin # 59
# 60: E =   0.146306556367, sym =  2, origin # 60
# 61: E =   0.505872897082, sym =  2, origin # 61
# 62: E =   0.365057101888, sym =  6, origin # 62
# 63: E =   0.365057101888, sym =  4, origin # 63
# 64: E =   0.505239304415, sym =  1, origin # 64
# 65: E =   2.492069249144, sym = 14, origin # 65
# 66: E =   2.492069249144, sym = 12, origin # 66
# 67: E =   0.679582569017, sym =  7, origin # 67
# 68: E =   0.679582569017, sym =  9, origin # 68
# 69: E =   2.495684968495, sym = 11, origin # 69
# 70: E =   2.495684968494, sym = 13, origin # 70
# 71: E =   0.681279516556, sym = 10, origin # 71
# 72: E =   0.681279516556, sym =  8, origin # 72
# 73: E =   0.372165463521, sym =  3, origin # 73
# 74: E =   0.372165463522, sym =  5, origin # 74
# 75: E =   0.970283522740, sym =  2, origin # 75
HF det up: 0 1 2 3 4 5 6 7 8 9 10 11 12 13 
HF det dn: 0 1 2 3 4 5 6 7 8 9 10 11 12 13 
END OF reorder orbitals [0.1/24.1]GB [0.052/1.497/1.500]s
FCIDUMP cache saved to: integrals_cache.dat
END OF load integrals << setup [0.1/24.1]GB [0.099/1.596/1.599]s

BEG OF setup hci queue << setup [0.1/24.1]GB [0.001/0.000/1.599]s
Max hci queue elem: 0.4193821488 Ha
Number of entries in hci queue: 1,785,790
END OF setup hci queue << setup [0.1/24.1]GB [0.085/0.085/1.684]s
HF energy: -2097.7002009532 Ha
END OF setup [0.1/24.1]GB [0.003/1.687/1.687]s

BEG OF variation [0.1/24.1]GB [0.001/0.000/1.687]s
Final iteration 0 HF ndets= 1 energy= -2097.70020095

BEG OF eps_var 2.00e-04 << variation [0.1/24.1]GB [0.001/0.000/1.688]s
Loaded 1,693,434 dets from: wf_eps1_2.00e-04.dat
Effect dets (without time sym): 3,382,849
----------------------------------------
Excite Lv       # dets         Sum c^2
0                    1      0.00499198
1                   80      0.00000737
2                14508      0.10839219
3                51076      0.00309511
4               308927      0.38660968
5               374198      0.01751247
6               979962      0.35917137
7               519870      0.01819476
8               769772      0.09205003
9               181030      0.00405206
10              160898      0.00569305
11               15296      0.00014391
12                6975      0.00008554
13                 216      0.00000042
14                  40      0.00000004
----------------------------------------
Orbital                        Sum c^2
0                           1.99614021
1                           1.99615123
2                           1.98895285
3                           1.98906237
4                           1.98906237
5                           1.98903988
6                           1.98903988
7                           1.98892996
8                           1.93415214
9                           1.04907806
10                          1.04907806
11                          1.00712391
12                          1.00712391
13                          1.05218062
14                          0.93575108
15                          0.98101971
16                          0.98101971
17                          0.04798670
18                          0.93889504
19                          0.93889504
20                          0.00854892
21                          0.00854892
22                          0.00821880
23                          0.00624596
24                          0.00624596
25                          0.00587435
26                          0.00676948
27                          0.00289229
28                          0.00617554
29                          0.00617554
30                          0.00342341
31                          0.00282255
32                          0.00282255
33                          0.00735133
34                          0.00735133
35                          0.00280194
36                          0.00288103
37                          0.00288103
38                          0.00679727
39                          0.00679727
40                          0.00360747
41                          0.00360747
42                          0.00282840
43                          0.00219077
44                          0.00092077
45                          0.00092077
46                          0.00019234
47                          0.00007437
48                          0.00007437
49                          0.00008347
Sum orbitals c^2: 28.00000000
----------------------------------------
Most important dets:
Excite Lv         Coef      Det (Reordered orb)
2           0.09726878      |  0  1  2  3  4  5  6  7  8  9 10 12 13 15 |  0  1  2  3  4  5  6  7  8  9 10 11 13 16 |
2           0.09334920      |  0  1  2  3  4  5  6  7  8 10 11 12 13 15 |  0  1  2  3  4  5  6  7  8  9 10 11 13 19 |
2           0.09334920      |  0  1  2  3  4  5  6  7  8  9 11 12 13 16 |  0  1  2  3  4  5  6  7  8  9 10 12 13 18 |
2          -0.09331955      |  0  1  2  3  4  5  6  7  8 10 11 12 13 16 |  0  1  2  3  4  5  6  7  8  9 10 12 13 19 |
2          -0.09331955      |  0  1  2  3  4  5  6  7  8  9 11 12 13 15 |  0  1  2  3  4  5  6  7  8  9 10 11 13 18 |
2          -0.09304828      |  0  1  2  3  4  5  6  7  8  9 10 12 13 14 |  0  1  2  3  4  5  6  7  8  9 10 11 12 16 |
2           0.09304828      |  0  1  2  3  4  5  6  7  8  9 10 11 13 14 |  0  1  2  3  4  5  6  7  8  9 10 11 12 15 |
4          -0.09110576      |  0  1  2  3  4  5  6  7  8  9 11 13 15 16 |  0  1  2  3  4  5  6  7  8  9 10 13 15 18 |
4          -0.09110576      |  0  1  2  3  4  5  6  7  8 10 12 13 15 16 |  0  1  2  3  4  5  6  7  8  9 10 13 16 19 |
4           0.09108854      |  0  1  2  3  4  5  6  7  8  9 12 13 15 16 |  0  1  2  3  4  5  6  7  8  9 10 13 16 18 |
4           0.09108854      |  0  1  2  3  4  5  6  7  8 10 11 13 15 16 |  0  1  2  3  4  5  6  7  8  9 10 13 15 19 |
4           0.09083331      |  0  1  2  3  4  5  6  7  8  9 10 13 14 15 |  0  1  2  3  4  5  6  7  8  9 10 11 15 16 |
4          -0.09083331      |  0  1  2  3  4  5  6  7  8  9 10 13 14 16 |  0  1  2  3  4  5  6  7  8  9 10 12 15 16 |
2           0.08961367      |  0  1  2  3  4  5  6  7  8 10 11 12 13 18 |  0  1  2  3  4  5  6  7  8  9 11 12 13 19 |
2          -0.08923695      |  0  1  2  3  4  5  6  7  8 10 11 12 13 14 |  0  1  2  3  4  5  6  7  8  9 10 11 12 19 |
2           0.08923695      |  0  1  2  3  4  5  6  7  8  9 11 12 13 14 |  0  1  2  3  4  5  6  7  8  9 10 11 12 18 |
4          -0.08784024      |  0  1  2  3  4  5  6  7  8 10 12 13 15 19 |  0  1  2  3  4  5  6  7  8 10 11 13 16 19 |
4          -0.08784024      |  0  1  2  3  4  5  6  7  8  9 12 13 15 18 |  0  1  2  3  4  5  6  7  8  9 11 13 16 18 |
4          -0.08747021      |  0  1  2  3  4  5  6  7  8 10 11 13 15 18 |  0  1  2  3  4  5  6  7  8  9 11 13 15 19 |
4          -0.08747021      |  0  1  2  3  4  5  6  7  8 10 12 13 16 18 |  0  1  2  3  4  5  6  7  8  9 12 13 16 19 |
----------------------------------------
HF energy: -2097.7002009532 Ha
Variational energy: -2099.7850654666 Ha
END OF eps_var 2.00e-04 << variation [0.6/24.6]GB [1.955/1.955/3.643]s

BEG OF eps_var 1.00e-04 << variation [0.6/24.6]GB [0.001/0.000/3.643]s
Loaded 4,541,543 dets from: wf_eps1_1.00e-04.dat
Effect dets (without time sym): 9,076,748
----------------------------------------
Excite Lv       # dets         Sum c^2
0                    1      0.00424864
1                  112      0.00000888
2                21341      0.09613069
3                90462      0.00280004
4               571126      0.36339346
5               860198      0.01664553
6              2237479      0.37046358
7              1465816      0.01904773
8              2275392      0.11212064
9               668176      0.00516312
10              733219      0.00948143
11               82682      0.00029809
12               67842      0.00019496
13                1658      0.00000259
14                1244      0.00000063
----------------------------------------
Orbital                        Sum c^2
0                           1.99606196
1                           1.99606840
2                           1.98866710
3                           1.98882056
4                           1.98882056
5                           1.98880308
6                           1.98880308
7                           1.98865292
8                           1.78046805
9                           1.04720508
10                          1.04720508
11                          1.00645042
12                          1.00645042
13                          1.05002744
14                          0.93821225
15                          0.98151095
16                          0.98151095
17                          0.20058673
18                          0.94073688
19                          0.94073688
20                          0.00861864
21                          0.00861864
22                          0.00839184
23                          0.00636610
24                          0.00636610
25                          0.00603431
26                          0.00687945
27                          0.00294329
28                          0.00563914
29                          0.00563914
30                          0.00407062
31                          0.00286483
32                          0.00286483
33                          0.00750658
34                          0.00750658
35                          0.00285129
36                          0.00291905
37                          0.00291905
38                          0.00694866
39                          0.00694866
40                          0.00349514
41                          0.00349514
42                          0.00331385
43                          0.00236415
44                          0.00087234
45                          0.00087234
46                          0.00022756
47                          0.00013145
48                          0.00013145
49                          0.00014591
Sum orbitals c^2: 28.00000000
----------------------------------------
Most important dets:
Excite Lv         Coef      Det (Reordered orb)
2           0.08992868      |  0  1  2  3  4  5  6  7  8  9 10 12 13 15 |  0  1  2  3  4  5  6  7  8  9 10 11 13 16 |
2           0.08634571      |  0  1  2  3  4  5  6  7  8  9 11 12 13 16 |  0  1  2  3  4  5  6  7  8  9 10 12 13 18 |
2           0.08634571      |  0  1  2  3  4  5  6  7  8 10 11 12 13 15 |  0  1  2  3  4  5  6  7  8  9 10 11 13 19 |
2          -0.08633058      |  0  1  2  3  4  5  6  7  8 10 11 12 13 16 |  0  1  2  3  4  5  6  7  8  9 10 12 13 19 |
2          -0.08633058      |  0  1  2  3  4  5  6  7  8  9 11 12 13 15 |  0  1  2  3  4  5  6  7  8  9 10 11 13 18 |
2           0.08621770      |  0  1  2  3  4  5  6  7  8  9 10 11 13 14 |  0  1  2  3  4  5  6  7  8  9 10 11 12 15 |
2          -0.08621770      |  0  1  2  3  4  5  6  7  8  9 10 12 13 14 |  0  1  2  3  4  5  6  7  8  9 10 11 12 16 |
4          -0.08434165      |  0  1  2  3  4  5  6  7  8 10 12 13 15 16 |  0  1  2  3  4  5  6  7  8  9 10 13 16 19 |
4          -0.08434165      |  0  1  2  3  4  5  6  7  8  9 11 13 15 16 |  0  1  2  3  4  5  6  7  8  9 10 13 15 18 |
4           0.08433580      |  0  1  2  3  4  5  6  7  8 10 11 13 15 16 |  0  1  2  3  4  5  6  7  8  9 10 13 15 19 |
4           0.08433580      |  0  1  2  3  4  5  6  7  8  9 12 13 15 16 |  0  1  2  3  4  5  6  7  8  9 10 13 16 18 |
4           0.08423273      |  0  1  2  3  4  5  6  7  8  9 10 13 14 15 |  0  1  2  3  4  5  6  7  8  9 10 11 15 16 |
4          -0.08423273      |  0  1  2  3  4  5  6  7  8  9 10 13 14 16 |  0  1  2  3  4  5  6  7  8  9 10 12 15 16 |
2           0.08297048      |  0  1  2  3  4  5  6  7  8 10 11 12 13 18 |  0  1  2  3  4  5  6  7  8  9 11 12 13 19 |
2          -0.08275478      |  0  1  2  3  4  5  6  7  8 10 11 12 13 14 |  0  1  2  3  4  5  6  7  8  9 10 11 12 19 |
2           0.08275478      |  0  1  2  3  4  5  6  7  8  9 11 12 13 14 |  0  1  2  3  4  5  6  7  8  9 10 11 12 18 |
4          -0.08138317      |  0  1  2  3  4  5  6  7  8 10 12 13 15 19 |  0  1  2  3  4  5  6  7  8 10 11 13 16 19 |
4          -0.08138317      |  0  1  2  3  4  5  6  7  8  9 12 13 15 18 |  0  1  2  3  4  5  6  7  8  9 11 13 16 18 |
4          -0.08105985      |  0  1  2  3  4  5  6  7  8  9 10 12 14 15 |  0  1  2  3  4  5  6  7  8  9 10 11 14 16 |
4          -0.08105087      |  0  1  2  3  4  5  6  7  8 10 12 13 16 18 |  0  1  2  3  4  5  6  7  8  9 12 13 16 19 |
----------------------------------------
HF energy: -2097.7002009532 Ha
Variational energy: -2099.8051984177 Ha
END OF eps_var 1.00e-04 << variation [1.2/25.2]GB [4.191/4.191/7.834]s

BEG OF eps_var 5.00e-05 << variation [1.2/25.2]GB [0.001/0.000/7.834]s
Loaded 10,464,738 dets from: wf_eps1_5.00e-05.dat
Effect dets (without time sym): 20,921,434
----------------------------------------
Excite Lv       # dets         Sum c^2
0                    1      0.00415993
1                  136      0.00001049
2                29459      0.09402994
3               162908      0.00289948
4              1064812      0.35777102
5              2096152      0.01721356
6              4915199      0.37108013
7              4017568      0.01997853
8              5006926      0.11624377
9              1747910      0.00560971
10             1523347      0.01042172
11              205144      0.00035029
12              144800      0.00022729
13                4532      0.00000332
14                2540      0.00000081
----------------------------------------
Orbital                        Sum c^2
0                           1.99601205
1                           1.99601955
2                           1.98850019
3                           1.98859655
4                           1.98859655
5                           1.98857538
6                           1.98857538
7                           1.98849172
8                           1.74466484
9                           1.04832799
10                          1.04832799
11                          1.00626867
12                          1.00626867
13                          1.05123333
14                          0.93625471
15                          0.98058869
16                          0.98058869
17                          0.23042364
18                          0.93824857
19                          0.93824857
20                          0.00942117
21                          0.00942117
22                          0.00917349
23                          0.00681700
24                          0.00681700
25                          0.00646273
26                          0.00845581
27                          0.00297474
28                          0.00680038
29                          0.00680038
30                          0.00488073
31                          0.00288174
32                          0.00288174
33                          0.00815237
34                          0.00815237
35                          0.00287804
36                          0.00293620
37                          0.00293620
38                          0.00748957
39                          0.00748957
40                          0.00356132
41                          0.00356132
42                          0.00343726
43                          0.00246145
44                          0.00110590
45                          0.00110590
46                          0.00025979
47                          0.00017406
48                          0.00017406
49                          0.00020578
Sum orbitals c^2: 28.00000000
----------------------------------------
Most important dets:
Excite Lv         Coef      Det (Reordered orb)
2           0.08876626      |  0  1  2  3  4  5  6  7  8  9 10 12 13 15 |  0  1  2  3  4  5  6  7  8  9 10 11 13 16 |
2           0.08506098      |  0  1  2  3  4  5  6  7  8  9 11 12 13 16 |  0  1  2  3  4  5  6  7  8  9 10 12 13 18 |
2           0.08506098      |  0  1  2  3  4  5  6  7  8 10 11 12 13 15 |  0  1  2  3  4  5  6  7  8  9 10 11 13 19 |
2          -0.08501871      |  0  1  2  3  4  5  6  7  8 10 11 12 13 16 |  0  1  2  3  4  5  6  7  8  9 10 12 13 19 |
2          -0.08501871      |  0  1  2  3  4  5  6  7  8  9 11 12 13 15 |  0  1  2  3  4  5  6  7  8  9 10 11 13 18 |
2          -0.08490746      |  0  1  2  3  4  5  6  7  8  9 10 12 13 14 |  0  1  2  3  4  5  6  7  8  9 10 11 12 16 |
2           0.08490746      |  0  1  2  3  4  5  6  7  8  9 10 11 13 14 |  0  1  2  3  4  5  6  7  8  9 10 11 12 15 |
4          -0.08297952      |  0  1  2  3  4  5  6  7  8  9 11 13 15 16 |  0  1  2  3  4  5  6  7  8  9 10 13 15 18 |
4          -0.08297952      |  0  1  2  3  4  5  6  7  8 10 12 13 15 16 |  0  1  2  3  4  5  6  7  8  9 10 13 16 19 |
4           0.08294641      |  0  1  2  3  4  5  6  7  8 10 11 13 15 16 |  0  1  2  3  4  5  6  7  8  9 10 13 15 19 |
4           0.08294641      |  0  1  2  3  4  5  6  7  8  9 12 13 15 16 |  0  1  2  3  4  5  6  7  8  9 10 13 16 18 |
4           0.08284762      |  0  1  2  3  4  5  6  7  8  9 10 13 14 15 |  0  1  2  3  4  5  6  7  8  9 10 11 15 16 |
4          -0.08284762      |  0  1  2  3  4  5  6  7  8  9 10 13 14 16 |  0  1  2  3  4  5  6  7  8  9 10 12 15 16 |
2           0.08149274      |  0  1  2  3  4  5  6  7  8 10 11 12 13 18 |  0  1  2  3  4  5  6  7  8  9 11 12 13 19 |
2          -0.08133573      |  0  1  2  3  4  5  6  7  8 10 11 12 13 14 |  0  1  2  3  4  5  6  7  8  9 10 11 12 19 |
2           0.08133573      |  0  1  2  3  4  5  6  7  8  9 11 12 13 14 |  0  1  2  3  4  5  6  7  8  9 10 11 12 18 |
4          -0.07984969      |  0  1  2  3  4  5  6  7  8 10 12 13 15 19 |  0  1  2  3  4  5  6  7  8 10 11 13 16 19 |
4          -0.07984969      |  0  1  2  3  4  5  6  7  8  9 12 13 15 18 |  0  1  2  3  4  5  6  7  8  9 11 13 16 18 |
4          -0.07954333      |  0  1  2  3  4  5  6  7  8  9 10 12 14 15 |  0  1  2  3  4  5  6  7  8  9 10 11 14 16 |
4          -0.07951713      |  0  1  2  3  4  5  6  7  8 10 12 13 16 18 |  0  1  2  3  4  5  6  7  8  9 12 13 16 19 |
----------------------------------------
HF energy: -2097.7002009532 Ha
Variational energy: -2099.8154514779 Ha
END OF eps_var 5.00e-05 << variation [2.7/26.8]GB [8.814/8.814/16.647]s

BEG OF eps_var 3.00e-05 << variation [2.7/26.8]GB [0.001/0.000/16.648]s
Loaded 27,504,498 dets from: wf_eps1_3.00e-05.dat
Effect dets (without time sym): 54,998,853
----------------------------------------
Excite Lv       # dets         Sum c^2
0                    1      0.00433301
1                  162      0.00001395
2                38436      0.09580268
3               295944      0.00320475
4              2125941      0.35820562
5              5479904      0.01852807
6             12236148      0.36715990
7             12318072      0.02114889
8             12862749      0.11467843
9              5360604      0.00587728
10             3441591      0.01043712
11              526970      0.00036798
12              296467      0.00023780
13               10504      0.00000365
14                5360      0.00000086
----------------------------------------
Orbital                        Sum c^2
0                           1.99595163
1                           1.99595809
2                           1.98802990
3                           1.98816419
4                           1.98816419
5                           1.98814207
6                           1.98814207
7                           1.98800710
8                           1.75043234
9                           1.05107595
10                          1.05107595
11                          1.00641968
12                          1.00641968
13                          1.05466409
14                          0.93164201
15                          0.97886309
16                          0.97886309
17                          0.21460177
18                          0.93384015
19                          0.93384015
20                          0.01051401
21                          0.01051401
22                          0.01018064
23                          0.00730834
24                          0.00730834
25                          0.00693673
26                          0.01070280
27                          0.00307231
28                          0.00934372
29                          0.00934372
30                          0.00544930
31                          0.00297640
32                          0.00297640
33                          0.00897698
34                          0.00897698
35                          0.00296829
36                          0.00303447
37                          0.00303447
38                          0.00816892
39                          0.00816892
40                          0.00373056
41                          0.00373056
42                          0.00350755
43                          0.00251700
44                          0.00210619
45                          0.00210619
46                          0.00029064
47                          0.00019927
48                          0.00019927
49                          0.00024321
Sum orbitals c^2: 28.00000000
----------------------------------------
Most important dets:
Excite Lv         Coef      Det (Reordered orb)
2           0.09014115      |  0  1  2  3  4  5  6  7  8  9 10 12 13 15 |  0  1  2  3  4  5  6  7  8  9 10 11 13 16 |
2           0.08601499      |  0  1  2  3  4  5  6  7  8 10 11 12 13 15 |  0  1  2  3  4  5  6  7  8  9 10 11 13 19 |
2           0.08601499      |  0  1  2  3  4  5  6  7  8  9 11 12 13 16 |  0  1  2  3  4  5  6  7  8  9 10 12 13 18 |
2          -0.08598971      |  0  1  2  3  4  5  6  7  8 10 11 12 13 16 |  0  1  2  3  4  5  6  7  8  9 10 12 13 19 |
2          -0.08598971      |  0  1  2  3  4  5  6  7  8  9 11 12 13 15 |  0  1  2  3  4  5  6  7  8  9 10 11 13 18 |
2          -0.08579984      |  0  1  2  3  4  5  6  7  8  9 10 12 13 14 |  0  1  2  3  4  5  6  7  8  9 10 11 12 16 |
2           0.08579984      |  0  1  2  3  4  5  6  7  8  9 10 11 13 14 |  0  1  2  3  4  5  6  7  8  9 10 11 12 15 |
4          -0.08371329      |  0  1  2  3  4  5  6  7  8 10 12 13 15 16 |  0  1  2  3  4  5  6  7  8  9 10 13 16 19 |
4          -0.08371329      |  0  1  2  3  4  5  6  7  8  9 11 13 15 16 |  0  1  2  3  4  5  6  7  8  9 10 13 15 18 |
4           0.08369894      |  0  1  2  3  4  5  6  7  8 10 11 13 15 16 |  0  1  2  3  4  5  6  7  8  9 10 13 15 19 |
4           0.08369894      |  0  1  2  3  4  5  6  7  8  9 12 13 15 16 |  0  1  2  3  4  5  6  7  8  9 10 13 16 18 |
4          -0.08352745      |  0  1  2  3  4  5  6  7  8  9 10 13 14 16 |  0  1  2  3  4  5  6  7  8  9 10 12 15 16 |
4           0.08352745      |  0  1  2  3  4  5  6  7  8  9 10 13 14 15 |  0  1  2  3  4  5  6  7  8  9 10 11 15 16 |
2           0.08210590      |  0  1  2  3  4  5  6  7  8 10 11 12 13 18 |  0  1  2  3  4  5  6  7  8  9 11 12 13 19 |
2          -0.08189047      |  0  1  2  3  4  5  6  7  8 10 11 12 13 14 |  0  1  2  3  4  5  6  7  8  9 10 11 12 19 |
2           0.08189047      |  0  1  2  3  4  5  6  7  8  9 11 12 13 14 |  0  1  2  3  4  5  6  7  8  9 10 11 12 18 |
4          -0.08032940      |  0  1  2  3  4  5  6  7  8 10 12 13 15 19 |  0  1  2  3  4  5  6  7  8 10 11 13 16 19 |
4          -0.08032940      |  0  1  2  3  4  5  6  7  8  9 12 13 15 18 |  0  1  2  3  4  5  6  7  8  9 11 13 16 18 |
4          -0.07994694      |  0  1  2  3  4  5  6  7  8  9 10 12 14 15 |  0  1  2  3  4  5  6  7  8  9 10 11 14 16 |
4          -0.07993829      |  0  1  2  3  4  5  6  7  8 10 11 13 15 18 |  0  1  2  3  4  5  6  7  8  9 11 13 15 19 |
----------------------------------------
HF energy: -2097.7002009532 Ha
Variational energy: -2099.8266037212 Ha
END OF eps_var 3.00e-05 << variation [7.0/31.0]GB [22.910/22.910/39.558]s

BEG OF eps_var 2.00e-05 << variation [7.0/31.0]GB [0.001/0.000/39.558]s
Loaded 63,009,738 dets from: wf_eps1_2.00e-05.dat
Effect dets (without time sym): 126,007,124
----------------------------------------
Excite Lv       # dets         Sum c^2
0                    1      0.00448426
1                  168      0.00002024
2                46329      0.09739926
3               491294      0.00355558
4              3828948      0.35861682
5             11474290      0.02010496
6             25984472      0.36315621
7             29591400      0.02272220
8             30048529      0.11268717
9             14416950      0.00627350
10             8064692      0.01034087
11             1407448      0.00038912
12              618109      0.00024494
13               23470      0.00000395
14               11024      0.00000093
----------------------------------------
Orbital                        Sum c^2
0                           1.99587084
1                           1.99587871
2                           1.98749936
3                           1.98764424
4                           1.98764424
5                           1.98761969
6                           1.98761969
7                           1.98746718
8                           1.76181472
9                           1.05264917
10                          1.05264917
11                          1.00635242
12                          1.00635242
13                          1.05581646
14                          0.92887425
15                          0.97735584
16                          0.97735584
17                          0.19579763
18                          0.93056496
19                          0.93056496
20                          0.01157966
21                          0.01157966
22                          0.01105681
23                          0.00784870
24                          0.00784870
25                          0.00745926
26                          0.01276647
27                          0.00319349
28                          0.01134185
29                          0.01134185
30                          0.00568102
31                          0.00309029
32                          0.00309029
33                          0.00970006
34                          0.00970006
35                          0.00308121
36                          0.00315249
37                          0.00315249
38                          0.00877270
39                          0.00877270
40                          0.00410163
41                          0.00410163
42                          0.00374625
43                          0.00258817
44                          0.00275027
45                          0.00275027
46                          0.00033319
47                          0.00022960
48                          0.00022960
49                          0.00027961
Sum orbitals c^2: 28.00000000
----------------------------------------
Most important dets:
Excite Lv         Coef      Det (Reordered orb)
2           0.09122939      |  0  1  2  3  4  5  6  7  8  9 10 12 13 15 |  0  1  2  3  4  5  6  7  8  9 10 11 13 16 |
2           0.08690101      |  0  1  2  3  4  5  6  7  8 10 11 12 13 15 |  0  1  2  3  4  5  6  7  8  9 10 11 13 19 |
2           0.08690101      |  0  1  2  3  4  5  6  7  8  9 11 12 13 16 |  0  1  2  3  4  5  6  7  8  9 10 12 13 18 |
2          -0.08684722      |  0  1  2  3  4  5  6  7  8  9 11 12 13 15 |  0  1  2  3  4  5  6  7  8  9 10 11 13 18 |
2          -0.08684722      |  0  1  2  3  4  5  6  7  8 10 11 12 13 16 |  0  1  2  3  4  5  6  7  8  9 10 12 13 19 |
2           0.08672542      |  0  1  2  3  4  5  6  7  8  9 10 11 13 14 |  0  1  2  3  4  5  6  7  8  9 10 11 12 15 |
2          -0.08672542      |  0  1  2  3  4  5  6  7  8  9 10 12 13 14 |  0  1  2  3  4  5  6  7  8  9 10 11 12 16 |
4          -0.08442271      |  0  1  2  3  4  5  6  7  8 10 12 13 15 16 |  0  1  2  3  4  5  6  7  8  9 10 13 16 19 |
4          -0.08442271      |  0  1  2  3  4  5  6  7  8  9 11 13 15 16 |  0  1  2  3  4  5  6  7  8  9 10 13 15 18 |
4           0.08438490      |  0  1  2  3  4  5  6  7  8 10 11 13 15 16 |  0  1  2  3  4  5  6  7  8  9 10 13 15 19 |
4           0.08438490      |  0  1  2  3  4  5  6  7  8  9 12 13 15 16 |  0  1  2  3  4  5  6  7  8  9 10 13 16 18 |
4          -0.08428137      |  0  1  2  3  4  5  6  7  8  9 10 13 14 16 |  0  1  2  3  4  5  6  7  8  9 10 12 15 16 |
4           0.08428137      |  0  1  2  3  4  5  6  7  8  9 10 13 14 15 |  0  1  2  3  4  5  6  7  8  9 10 11 15 16 |
2           0.08273460      |  0  1  2  3  4  5  6  7  8 10 11 12 13 18 |  0  1  2  3  4  5  6  7  8  9 11 12 13 19 |
2           0.08255337      |  0  1  2  3  4  5  6  7  8  9 11 12 13 14 |  0  1  2  3  4  5  6  7  8  9 10 11 12 18 |
2          -0.08255337      |  0  1  2  3  4  5  6  7  8 10 11 12 13 14 |  0  1  2  3  4  5  6  7  8  9 10 11 12 19 |
4          -0.08083116      |  0  1  2  3  4  5  6  7  8 10 12 13 15 19 |  0  1  2  3  4  5  6  7  8 10 11 13 16 19 |
4          -0.08083116      |  0  1  2  3  4  5  6  7  8  9 12 13 15 18 |  0  1  2  3  4  5  6  7  8  9 11 13 16 18 |
4          -0.08053089      |  0  1  2  3  4  5  6  7  8  9 10 12 14 15 |  0  1  2  3  4  5  6  7  8  9 10 11 14 16 |
4          -0.08040954      |  0  1  2  3  4  5  6  7  8 10 11 13 15 18 |  0  1  2  3  4  5  6  7  8  9 11 13 15 19 |
----------------------------------------
HF energy: -2097.7002009532 Ha
Variational energy: -2099.8371651776 Ha
END OF eps_var 2.00e-05 << variation [12.3/36.4]GB [49.531/49.531/89.089]s

BEG OF eps_var 1.00e-05 << variation [12.3/36.4]GB [0.001/0.000/89.089]s

BEG OF main << eps_var 1.00e-05 << variation [12.3/36.4]GB [0.004/0.000/89.093]s

BEG OF #1 << main << eps_var 1.00e-05 << variation [12.8/36.8]GB [0.161/0.001/89.254]s
20% 40% 60% 80% 100% 
Number of dets / new dets: 212,628,845 / 149,619,107
END OF get next det list [46.0/70.0]GB [364.677/364.677/453.930]s
END OF update unique ab [51.8/75.8]GB [486.432/851.108/940.362]s
END OF create abm1 [61.5/85.5]GB [433.144/1284.251/1373.504]s
Outer size of a/b singles: 18,503,596 / 0
Full size of absingles: 2,066,151,144
END OF create absingles [86.5/110.5]GB [236.961/1521.212/1610.465]s
10% 20% 30% 40% 50% 60% 70% 80% 90% 100% 
Number of nonzero elems: 69,175,662,755
END OF generate sparse hamiltonian [471.3/495.3]GB [6570.393/8091.604/8180.858]s
Davidson #0: -2099.8371651778
Davidson #1: -2099.8510976475
Davidson #2: -2099.8517293587
Davidson #3: -2099.8518763444
Davidson #4: -2099.8519317932
Davidson #5: -2099.8519525243
Davidson #6: -2099.8519669256
Davidson #7: -2099.8519792075
Davidson #8: -2099.8519869649
END OF diagonalize sparse hamiltonian [496.8/520.9]GB [673.319/8764.923/8854.176]s
Iteration 1 eps1= 1.00e-05 ndets= 212,628,845 energy= -2099.85198696
END OF #1 << main << eps_var 1.00e-05 << variation [496.8/520.9]GB [0.001/8764.923/8854.177]s

BEG OF #2 << main << eps_var 1.00e-05 << variation [496.8/520.9]GB [0.430/0.001/8854.606]s
20% 40% 60% 80% 100% 
Number of dets / new dets: 231,286,865 / 18,658,020
END OF get next det list [496.8/520.8]GB [365.581/365.581/9220.187]s
END OF update unique ab [496.8/520.8]GB [75.454/441.034/9295.640]s
END OF create abm1 [496.8/520.8]GB [123.941/564.975/9419.581]s
Outer size of a/b singles: 19,732,527 / 0
Full size of absingles: 1,459,653,596
END OF create absingles [496.8/520.9]GB [55.837/620.812/9475.417]s
10% 20% 30% 40% 50% 60% 70% 80% 90% 100% 
Number of nonzero elems: 76,144,675,749
END OF generate sparse hamiltonian [510.7/534.7]GB [4562.719/5183.530/14038.136]s
Davidson #0: -2099.8519869646
Davidson #1: -2099.8529526329
Davidson #2: -2099.8530081222
Davidson #3: -2099.8530234267
Davidson #4: -2099.8530396272
Davidson #5: -2099.8530452152
Davidson #6: -2099.8530504646
Davidson #7: -2099.8530582224
Davidson #8: -2099.8530636114
END OF diagonalize sparse hamiltonian [538.6/562.6]GB [680.583/5864.112/14718.718]s
Iteration 2 eps1= 1.00e-05 ndets= 231,286,865 energy= -2099.85306361
END OF #2 << main << eps_var 1.00e-05 << variation [538.6/562.6]GB [0.001/5864.112/14718.718]s

BEG OF #3 << main << eps_var 1.00e-05 << variation [538.6/562.6]GB [0.486/0.001/14719.203]s
20% 40% 60% 80% 100% 
Number of dets / new dets: 235,989,804 / 4,702,939
END OF get next det list [538.5/562.5]GB [286.038/286.038/15005.241]s
END OF update unique ab [538.5/562.5]GB [21.867/307.904/15027.107]s
END OF create abm1 [538.5/562.5]GB [42.349/350.252/15069.455]s
Outer size of a/b singles: 20,033,687 / 0
Full size of absingles: 829,514,110
END OF create absingles [538.5/562.5]GB [20.831/371.082/15090.285]s
10% 20% 30% 40% 50% 60% 70% 80% 90% 100% 
Number of nonzero elems: 78,085,670,246
END OF generate sparse hamiltonian [537.2/561.2]GB [1460.854/1831.935/16551.138]s
Davidson #0: -2099.8530636113
Davidson #1: -2099.8532636535
Davidson #2: -2099.8532852455
Davidson #3: -2099.8532886881
Davidson #4: -2099.8532915956
Davidson #5: -2099.8532929995
Davidson #6: -2099.8532943063
Davidson #7: -2099.8532979236
Davidson #8: -2099.8533005319
END OF diagonalize sparse hamiltonian [550.3/574.3]GB [663.087/2495.022/17214.225]s
Iteration 3 eps1= 1.00e-05 ndets= 235,989,804 energy= -2099.85330053
END OF #3 << main << eps_var 1.00e-05 << variation [550.3/574.3]GB [0.001/2495.022/17214.225]s

BEG OF #4 << main << eps_var 1.00e-05 << variation [550.3/574.3]GB [0.010/0.000/17214.234]s
20% 40% 60% 80% 100% 
Number of dets / new dets: 238,524,331 / 2,534,527
END OF get next det list [555.4/579.4]GB [212.623/212.623/17426.857]s
END OF update unique ab [555.4/579.5]GB [14.884/227.507/17441.741]s
END OF create abm1 [555.7/579.7]GB [24.983/252.488/17466.723]s
Outer size of a/b singles: 20,188,320 / 0
Full size of absingles: 658,424,118
END OF create absingles [556.3/580.3]GB [15.811/268.298/17482.533]s
10% 20% 30% 40% 50% 60% 70% 80% 90% 100% 
Number of nonzero elems: 79,162,819,669
END OF generate sparse hamiltonian [558.4/582.4]GB [1017.101/1285.399/18499.633]s
Davidson #0: -2099.8533005322
Davidson #1: -2099.8534100398
Davidson #2: -2099.8534147731
Davidson #3: -2099.8534160392
Davidson #4: -2099.8534168135
Davidson #5: -2099.8534171106
Davidson #6: -2099.8534176001
Davidson #7: -2099.8534184904
Davidson #8: -2099.8534195265
END OF diagonalize sparse hamiltonian [558.2/582.3]GB [606.312/1891.710/19105.945]s
Iteration 4 eps1= 1.00e-05 ndets= 238,524,331 energy= -2099.85341953
END OF #4 << main << eps_var 1.00e-05 << variation [558.2/582.3]GB [0.001/1891.711/19105.945]s

BEG OF #5 << main << eps_var 1.00e-05 << variation [558.2/582.3]GB [0.005/0.000/19105.950]s
20% 40% 60% 80% 100% 
Number of dets / new dets: 239,292,095 / 767,764
END OF get next det list [558.1/582.2]GB [189.220/189.220/19295.169]s
END OF update unique ab [558.2/582.2]GB [7.463/196.682/19302.631]s
END OF create abm1 [558.3/582.3]GB [9.061/205.742/19311.692]s
Outer size of a/b singles: 20,227,413 / 0
Full size of absingles: 341,451,846
END OF create absingles [558.4/582.4]GB [7.473/213.215/19319.164]s
10% 20% 30% 40% 50% 60% 70% 80% 90% 100% 
Number of nonzero elems: 79,510,264,401
END OF generate sparse hamiltonian [559.0/583.0]GB [604.317/817.531/19923.481]s
Davidson #0: -2099.8534195262
Davidson #1: -2099.8534496203
Davidson #2: -2099.8534531453
Davidson #3: -2099.8534536729
Davidson #4: -2099.8534539006
Davidson #5: -2099.8534540045
Davidson #6: -2099.8534541775
Davidson #7: -2099.8534545695
Davidson #8: -2099.8534549063
END OF diagonalize sparse hamiltonian [564.5/588.5]GB [538.247/1355.778/20461.727]s
Iteration 5 eps1= 1.00e-05 ndets= 239,292,095 energy= -2099.85345491
END OF #5 << main << eps_var 1.00e-05 << variation [564.5/588.5]GB [0.001/1355.778/20461.727]s

BEG OF #6 << main << eps_var 1.00e-05 << variation [564.5/588.5]GB [0.002/0.000/20461.729]s
20% 40% 60% 80% 100% 
Number of dets / new dets: 239,736,233 / 444,138
END OF get next det list [564.4/588.4]GB [124.148/124.148/20585.876]s
END OF update unique ab [564.4/588.5]GB [6.168/130.315/20592.043]s
END OF create abm1 [564.5/588.6]GB [6.414/136.728/20598.457]s
Outer size of a/b singles: 20,248,129 / 0
Full size of absingles: 258,413,568
END OF create absingles [564.7/588.7]GB [5.732/142.459/20604.188]s
10% 20% 30% 40% 50% 60% 70% 80% 90% 100% 
Number of nonzero elems: 79,700,954,153
END OF generate sparse hamiltonian [564.7/588.7]GB [531.985/674.443/21136.171]s
Davidson #0: -2099.8534549060
Davidson #1: -2099.8534744771
Davidson #2: -2099.8534751713
Davidson #3: -2099.8534753352
Davidson #4: -2099.8534754335
Davidson #5: -2099.8534754679
Davidson #6: -2099.8534755310
Davidson #7: -2099.8534756562
Davidson #8: -2099.8534758345
END OF diagonalize sparse hamiltonian [563.4/587.4]GB [533.064/1207.506/21669.235]s
Iteration 6 eps1= 1.00e-05 ndets= 239,736,233 energy= -2099.85347583
END OF #6 << main << eps_var 1.00e-05 << variation [563.4/587.4]GB [0.001/1207.506/21669.235]s

BEG OF #7 << main << eps_var 1.00e-05 << variation [563.4/587.4]GB [0.001/0.000/21669.236]s
20% 40% 60% 80% 100% 
Number of dets / new dets: 239,947,899 / 211,666
END OF get next det list [563.3/587.3]GB [119.210/119.210/21788.446]s
END OF update unique ab [563.3/587.3]GB [4.113/123.322/21792.558]s
END OF create abm1 [563.4/587.4]GB [2.801/126.123/21795.358]s
Outer size of a/b singles: 20,257,004 / 0
Full size of absingles: 155,851,998
END OF create absingles [563.9/588.0]GB [4.367/130.489/21799.725]s
10% 20% 30% 40% 50% 60% 70% 80% 90% 100% 
Number of nonzero elems: 79,791,573,483
END OF generate sparse hamiltonian [563.9/587.9]GB [443.390/573.879/22243.114]s
Davidson #0: -2099.8534758342
Davidson #1: -2099.8534844800
Davidson #2: -2099.8534849729
Davidson #3: -2099.8534850680
Davidson #4: -2099.8534851091
Davidson #5: -2099.8534851238
Davidson #6: -2099.8534851465
Davidson #7: -2099.8534851849
Davidson #8: -2099.8534852312
END OF diagonalize sparse hamiltonian [564.0/588.0]GB [445.652/1019.530/22688.766]s
Iteration 7 eps1= 1.00e-05 ndets= 239,947,899 energy= -2099.85348523
END OF #7 << main << eps_var 1.00e-05 << variation [564.0/588.0]GB [0.001/1019.531/22688.766]s

BEG OF #8 << main << eps_var 1.00e-05 << variation [564.0/588.0]GB [0.001/0.000/22688.767]s
Davidson #0: -2099.8534852311
Davidson #1: -2099.8534852610
Davidson #2: -2099.8534852830
Davidson #3: -2099.8534852994
Davidson #4: -2099.8534853078
Davidson #5: -2099.8534853138
Davidson #6: -2099.8534853240
Davidson #7: -2099.8534853387
Davidson #8: -2099.8534853544
END OF diagonalize sparse hamiltonian [563.9/587.9]GB [494.800/494.800/23183.567]s
Iteration 8 eps1= 1.00e-05 ndets= 239,947,899 energy= -2099.85348535
END OF #8 << main << eps_var 1.00e-05 << variation [563.9/587.9]GB [0.001/494.800/23183.567]s

BEG OF #9 << main << eps_var 1.00e-05 << variation [563.9/587.9]GB [0.000/0.000/23183.567]s
Davidson #0: -2099.8534853541
Davidson #1: -2099.8534853666
Davidson #2: -2099.8534853779
Davidson #3: -2099.8534853849
Davidson #4: -2099.8534853884
Davidson #5: -2099.8534853919
Davidson #6: -2099.8534853976
Davidson #7: -2099.8534854061
Davidson #8: -2099.8534854145
END OF diagonalize sparse hamiltonian [564.6/588.6]GB [513.680/513.680/23697.247]s
Iteration 9 eps1= 1.00e-05 ndets= 239,947,899 energy= -2099.85348541
END OF #9 << main << eps_var 1.00e-05 << variation [564.6/588.6]GB [0.001/513.680/23697.247]s

BEG OF #10 << main << eps_var 1.00e-05 << variation [564.6/588.6]GB [0.000/0.000/23697.247]s
Davidson #0: -2099.8534854146
Davidson #1: -2099.8534854220
Davidson #2: -2099.8534854286
Davidson #3: -2099.8534854325
Davidson #4: -2099.8534854347
Davidson #5: -2099.8534854366
Davidson #6: -2099.8534854401
Davidson #7: -2099.8534854452
Davidson #8: -2099.8534854504
END OF diagonalize sparse hamiltonian [563.9/588.0]GB [483.200/483.200/24180.447]s
Iteration 10 eps1= 1.00e-05 ndets= 239,947,899 energy= -2099.85348545
END OF #10 << main << eps_var 1.00e-05 << variation [563.9/588.0]GB [0.001/483.200/24180.447]s

BEG OF #11 << main << eps_var 1.00e-05 << variation [563.9/588.0]GB [0.000/0.000/24180.447]s
Davidson #0: -2099.8534854506
Davidson #1: -2099.8534854553
Davidson #2: -2099.8534854593
Davidson #3: -2099.8534854618
Davidson #4: -2099.8534854631
Davidson #5: -2099.8534854642
Davidson #6: -2099.8534854664
Davidson #7: -2099.8534854696
Davidson #8: -2099.8534854729
END OF diagonalize sparse hamiltonian [564.4/588.4]GB [531.951/531.951/24712.398]s
Iteration 11 eps1= 1.00e-05 ndets= 239,947,899 energy= -2099.85348547
END OF #11 << main << eps_var 1.00e-05 << variation [564.4/588.4]GB [0.001/531.951/24712.398]s

BEG OF #12 << main << eps_var 1.00e-05 << variation [564.4/588.4]GB [0.000/0.000/24712.399]s
Davidson #0: -2099.8534854725
Davidson #1: -2099.8534854756
Davidson #2: -2099.8534854781
Davidson #3: -2099.8534854797
Davidson #4: -2099.8534854805
Davidson #5: -2099.8534854815
Davidson #6: -2099.8534854829
Davidson #7: -2099.8534854850
Davidson #8: -2099.8534854871
END OF diagonalize sparse hamiltonian [563.9/588.0]GB [520.130/520.130/25232.528]s
Iteration 12 eps1= 1.00e-05 ndets= 239,947,899 energy= -2099.85348549
END OF #12 << main << eps_var 1.00e-05 << variation [563.9/588.0]GB [0.001/520.130/25232.529]s

BEG OF #13 << main << eps_var 1.00e-05 << variation [563.9/588.0]GB [0.001/0.000/25232.529]s
Davidson #0: -2099.8534854871
Davidson #1: -2099.8534854891
Davidson #2: -2099.8534854907
Davidson #3: -2099.8534854917
Davidson #4: -2099.8534854923
Davidson #5: -2099.8534854932
Davidson #6: -2099.8534854941
Davidson #7: -2099.8534854955
Davidson #8: -2099.8534854969
END OF diagonalize sparse hamiltonian [564.0/588.0]GB [525.316/525.316/25757.844]s
Iteration 13 eps1= 1.00e-05 ndets= 239,947,899 energy= -2099.85348550
END OF #13 << main << eps_var 1.00e-05 << variation [564.0/588.0]GB [0.001/525.316/25757.844]s

BEG OF #14 << main << eps_var 1.00e-05 << variation [564.0/588.0]GB [0.000/0.000/25757.845]s
Davidson #0: -2099.8534854968
Davidson #1: -2099.8534854981
Davidson #2: -2099.8534854992
Davidson #3: -2099.8534854999
Davidson #4: -2099.8534855003
Davidson #5: -2099.8534855003
Davidson #6: -2099.8534855009
Davidson #7: -2099.8534855018
Davidson #8: -2099.8534855028
END OF diagonalize sparse hamiltonian [564.4/588.4]GB [529.877/529.877/26287.722]s
Iteration 14 eps1= 1.00e-05 ndets= 239,947,899 energy= -2099.85348550
END OF #14 << main << eps_var 1.00e-05 << variation [564.4/588.4]GB [0.001/529.877/26287.722]s

BEG OF #15 << main << eps_var 1.00e-05 << variation [564.4/588.4]GB [0.000/0.000/26287.722]s
Davidson #0: -2099.8534855030
Davidson #1: -2099.8534855039
Davidson #2: -2099.8534855046
Davidson #3: -2099.8534855050
Davidson #4: -2099.8534855053
Davidson #5: -2099.8534855054
Davidson #6: -2099.8534855057
Davidson #7: -2099.8534855063
Davidson #8: -2099.8534855070
END OF diagonalize sparse hamiltonian [563.9/588.0]GB [525.432/525.432/26813.154]s
Iteration 15 eps1= 1.00e-05 ndets= 239,947,899 energy= -2099.85348551
END OF #15 << main << eps_var 1.00e-05 << variation [563.9/588.0]GB [0.001/525.433/26813.154]s

BEG OF #16 << main << eps_var 1.00e-05 << variation [563.9/588.0]GB [0.000/0.000/26813.155]s
Davidson #0: -2099.8534855064
Davidson #1: -2099.8534855070
Davidson #2: -2099.8534855075
Davidson #3: -2099.8534855077
Davidson #4: -2099.8534855079
Davidson #5: -2099.8534855090
Davidson #6: -2099.8534855093
Davidson #7: -2099.8534855096
Davidson #8: -2099.8534855101
END OF diagonalize sparse hamiltonian [564.3/588.4]GB [533.963/533.963/27347.118]s
Iteration 16 eps1= 1.00e-05 ndets= 239,947,899 energy= -2099.85348551
END OF #16 << main << eps_var 1.00e-05 << variation [564.3/588.4]GB [0.001/533.963/27347.118]s

BEG OF #17 << main << eps_var 1.00e-05 << variation [564.3/588.4]GB [0.000/0.000/27347.118]s
Davidson #0: -2099.8534855098
Davidson #1: -2099.8534855102
Davidson #2: -2099.8534855105
Davidson #3: -2099.8534855107
Davidson #4: -2099.8534855108
Davidson #5: -2099.8534855114
Davidson #6: -2099.8534855115
Davidson #7: -2099.8534855118
Davidson #8: -2099.8534855121
END OF diagonalize sparse hamiltonian [563.9/587.9]GB [529.929/529.929/27877.047]s
Iteration 17 eps1= 1.00e-05 ndets= 239,947,899 energy= -2099.85348551
END OF #17 << main << eps_var 1.00e-05 << variation [563.9/587.9]GB [0.001/529.930/27877.048]s

BEG OF #18 << main << eps_var 1.00e-05 << variation [563.9/587.9]GB [0.001/0.000/27877.048]s
Davidson #0: -2099.8534855118
Davidson #1: -2099.8534855121
Davidson #2: -2099.8534855123
Davidson #3: -2099.8534855124
Davidson #4: -2099.8534855125
Davidson #5: -2099.8534855118
Davidson #6: -2099.8534855119
Davidson #7: -2099.8534855121
Davidson #8: -2099.8534855123
END OF diagonalize sparse hamiltonian [564.0/588.0]GB [539.533/539.533/28416.581]s
Iteration 18 eps1= 1.00e-05 ndets= 239,947,899 energy= -2099.85348551
END OF #18 << main << eps_var 1.00e-05 << variation [564.0/588.0]GB [0.001/539.533/28416.581]s

BEG OF #19 << main << eps_var 1.00e-05 << variation [564.0/588.0]GB [0.000/0.000/28416.581]s
Davidson #0: -2099.8534855125
Davidson #1: -2099.8534855127
Davidson #2: -2099.8534855128
Davidson #3: -2099.8534855129
Davidson #4: -2099.8534855130
Davidson #5: -2099.8534855131
Davidson #6: -2099.8534855132
Davidson #7: -2099.8534855133
Davidson #8: -2099.8534855135
END OF diagonalize sparse hamiltonian [564.4/588.4]GB [536.224/536.224/28952.805]s
Iteration 19 eps1= 1.00e-05 ndets= 239,947,899 energy= -2099.85348551
END OF #19 << main << eps_var 1.00e-05 << variation [564.4/588.4]GB [0.001/536.225/28952.805]s

BEG OF #20 << main << eps_var 1.00e-05 << variation [564.4/588.4]GB [0.000/0.000/28952.806]s
Davidson #0: -2099.8534855138
Davidson #1: -2099.8534855139
Davidson #2: -2099.8534855140
Davidson #3: -2099.8534855141
Davidson #4: -2099.8534855141
Davidson #5: -2099.8534855136
Davidson #6: -2099.8534855137
Davidson #7: -2099.8534855137
Davidson #8: -2099.8534855138
END OF diagonalize sparse hamiltonian [564.0/588.0]GB [501.679/501.679/29454.484]s
Iteration 20 eps1= 1.00e-05 ndets= 239,947,899 energy= -2099.85348551
END OF #20 << main << eps_var 1.00e-05 << variation [564.0/588.0]GB [0.001/501.679/29454.484]s

BEG OF #21 << main << eps_var 1.00e-05 << variation [564.0/588.0]GB [0.000/0.000/29454.484]s
Davidson #0: -2099.8534855143
Davidson #1: -2099.8534855144
Davidson #2: -2099.8534855145
Davidson #3: -2099.8534855145
Davidson #4: -2099.8534855145
Davidson #5: -2099.8534855148
Davidson #6: -2099.8534855149
Davidson #7: -2099.8534855149
Davidson #8: -2099.8534855150
END OF diagonalize sparse hamiltonian [564.3/588.3]GB [476.295/476.295/29930.779]s
Iteration 21 eps1= 1.00e-05 ndets= 239,947,899 energy= -2099.85348551
END OF #21 << main << eps_var 1.00e-05 << variation [564.3/588.3]GB [0.001/476.295/29930.779]s

BEG OF #22 << main << eps_var 1.00e-05 << variation [564.3/588.3]GB [0.000/0.000/29930.779]s
Davidson #0: -2099.8534855145
Davidson #1: -2099.8534855145
Davidson #2: -2099.8534855146
Davidson #3: -2099.8534855146
Davidson #4: -2099.8534855146
Davidson #5: -2099.8534855147
Davidson #6: -2099.8534855147
Davidson #7: -2099.8534855148
Davidson #8: -2099.8534855148
END OF diagonalize sparse hamiltonian [563.9/588.0]GB [448.777/448.777/30379.556]s
Iteration 22 eps1= 1.00e-05 ndets= 239,947,899 energy= -2099.85348551
END OF #22 << main << eps_var 1.00e-05 << variation [563.9/588.0]GB [0.001/448.777/30379.556]s

BEG OF #23 << main << eps_var 1.00e-05 << variation [563.9/588.0]GB [0.000/0.000/30379.556]s
Davidson #0: -2099.8534855147
Davidson #1: -2099.8534855147
Davidson #2: -2099.8534855147
Davidson #3: -2099.8534855148
Davidson #4: -2099.8534855148
Davidson #5: -2099.8534855152
Davidson #6: -2099.8534855152
Davidson #7: -2099.8534855152
Davidson #8: -2099.8534855152
END OF diagonalize sparse hamiltonian [564.0/588.0]GB [442.635/442.635/30822.192]s
Iteration 23 eps1= 1.00e-05 ndets= 239,947,899 energy= -2099.85348552
END OF #23 << main << eps_var 1.00e-05 << variation [564.0/588.0]GB [0.001/442.636/30822.192]s

BEG OF #24 << main << eps_var 1.00e-05 << variation [564.0/588.0]GB [0.001/0.000/30822.192]s
Davidson #0: -2099.8534855151
Davidson #1: -2099.8534855151
Davidson #2: -2099.8534855151
Davidson #3: -2099.8534855151
Davidson #4: -2099.8534855151
Davidson #5: -2099.8534855146
Davidson #6: -2099.8534855146
Davidson #7: -2099.8534855146
Davidson #8: -2099.8534855146
END OF diagonalize sparse hamiltonian [564.4/588.4]GB [420.096/420.096/31242.288]s
Iteration 24 eps1= 1.00e-05 ndets= 239,947,899 energy= -2099.85348551
END OF #24 << main << eps_var 1.00e-05 << variation [564.4/588.4]GB [0.001/420.096/31242.288]s

BEG OF #25 << main << eps_var 1.00e-05 << variation [564.4/588.4]GB [0.000/0.000/31242.289]s
Davidson #0: -2099.8534855149
Davidson #1: -2099.8534855149
Davidson #2: -2099.8534855149
Davidson #3: -2099.8534855150
Davidson #4: -2099.8534855150
Davidson #5: -2099.8534855152
Davidson #6: -2099.8534855152
Davidson #7: -2099.8534855152
Davidson #8: -2099.8534855152
END OF diagonalize sparse hamiltonian [563.8/587.9]GB [429.770/429.770/31672.058]s
Iteration 25 eps1= 1.00e-05 ndets= 239,947,899 energy= -2099.85348552
END OF #25 << main << eps_var 1.00e-05 << variation [563.8/587.9]GB [0.001/429.770/31672.058]s

BEG OF #26 << main << eps_var 1.00e-05 << variation [563.8/587.9]GB [0.000/0.000/31672.059]s
Davidson #0: -2099.8534855149
Davidson #1: -2099.8534855149
Davidson #2: -2099.8534855149
Davidson #3: -2099.8534855149
Davidson #4: -2099.8534855149
Davidson #5: -2099.8534855152
Davidson #6: -2099.8534855152
Davidson #7: -2099.8534855152
Davidson #8: -2099.8534855152
END OF diagonalize sparse hamiltonian [564.4/588.4]GB [438.514/438.514/32110.573]s
Iteration 26 eps1= 1.00e-05 ndets= 239,947,899 energy= -2099.85348552
END OF #26 << main << eps_var 1.00e-05 << variation [564.4/588.4]GB [0.001/438.515/32110.573]s

BEG OF #27 << main << eps_var 1.00e-05 << variation [564.4/588.4]GB [0.000/0.000/32110.573]s
Davidson #0: -2099.8534855154
Davidson #1: -2099.8534855154
Davidson #2: -2099.8534855154
Davidson #3: -2099.8534855154
Davidson #4: -2099.8534855154
Davidson #5: -2099.8534855152
Davidson #6: -2099.8534855152
Davidson #7: -2099.8534855152
Davidson #8: -2099.8534855152
END OF diagonalize sparse hamiltonian [563.8/587.9]GB [429.639/429.639/32540.212]s
Iteration 27 eps1= 1.00e-05 ndets= 239,947,899 energy= -2099.85348552
END OF #27 << main << eps_var 1.00e-05 << variation [563.8/587.9]GB [0.001/429.640/32540.213]s

BEG OF #28 << main << eps_var 1.00e-05 << variation [563.8/587.9]GB [0.000/0.000/32540.213]s
Davidson #0: -2099.8534855149
Davidson #1: -2099.8534855149
Davidson #2: -2099.8534855149
Davidson #3: -2099.8534855149
Davidson #4: -2099.8534855149
Davidson #5: -2099.8534855153
Davidson #6: -2099.8534855153
Davidson #7: -2099.8534855153
Davidson #8: -2099.8534855153
END OF diagonalize sparse hamiltonian [563.8/587.9]GB [431.985/431.985/32972.198]s
Iteration 28 eps1= 1.00e-05 ndets= 239,947,899 energy= -2099.85348552
END OF #28 << main << eps_var 1.00e-05 << variation [563.8/587.9]GB [0.001/431.986/32972.198]s

BEG OF #29 << main << eps_var 1.00e-05 << variation [563.8/587.9]GB [0.000/0.000/32972.198]s
Davidson #0: -2099.8534855144
Davidson #1: -2099.8534855144
Davidson #2: -2099.8534855144
Davidson #3: -2099.8534855144
Davidson #4: -2099.8534855145
Davidson #5: -2099.8534855148
Davidson #6: -2099.8534855148
Davidson #7: -2099.8534855148
Davidson #8: -2099.8534855148
END OF diagonalize sparse hamiltonian [564.3/588.4]GB [448.784/448.784/33420.983]s
Iteration 29 eps1= 1.00e-05 ndets= 239,947,899 energy= -2099.85348551
END OF #29 << main << eps_var 1.00e-05 << variation [564.3/588.4]GB [0.001/448.785/33420.983]s

BEG OF #30 << main << eps_var 1.00e-05 << variation [564.3/588.4]GB [0.000/0.000/33420.983]s
Davidson #0: -2099.8534855149
Davidson #1: -2099.8534855150
Davidson #2: -2099.8534855150
Davidson #3: -2099.8534855150
Davidson #4: -2099.8534855150
Davidson #5: -2099.8534855150
Davidson #6: -2099.8534855150
Davidson #7: -2099.8534855150
Davidson #8: -2099.8534855150
END OF diagonalize sparse hamiltonian [563.9/587.9]GB [452.850/452.850/33873.833]s
Iteration 30 eps1= 1.00e-05 ndets= 239,947,899 energy= -2099.85348551
END OF #30 << main << eps_var 1.00e-05 << variation [563.9/587.9]GB [0.001/452.850/33873.833]s

BEG OF #31 << main << eps_var 1.00e-05 << variation [563.9/587.9]GB [0.000/0.000/33873.834]s
Davidson #0: -2099.8534855147
Davidson #1: -2099.8534855147
Davidson #2: -2099.8534855147
Davidson #3: -2099.8534855147
Davidson #4: -2099.8534855147
Davidson #5: -2099.8534855145
Davidson #6: -2099.8534855145
Davidson #7: -2099.8534855145
Davidson #8: -2099.8534855145
END OF diagonalize sparse hamiltonian [564.2/588.2]GB [459.665/459.665/34333.498]s
Iteration 31 eps1= 1.00e-05 ndets= 239,947,899 energy= -2099.85348551
END OF #31 << main << eps_var 1.00e-05 << variation [564.2/588.2]GB [0.001/459.665/34333.498]s

BEG OF #32 << main << eps_var 1.00e-05 << variation [564.2/588.2]GB [0.000/0.000/34333.498]s
Davidson #0: -2099.8534855150
Davidson #1: -2099.8534855150
Davidson #2: -2099.8534855150
END OF diagonalize sparse hamiltonian [564.3/588.3]GB [122.817/122.817/34456.315]s
Iteration 32 eps1= 1.00e-05 ndets= 239,947,899 energy= -2099.85348552
END OF #32 << main << eps_var 1.00e-05 << variation [564.3/588.3]GB [0.001/122.817/34456.315]s
Final iteration 32 eps1= 1.00e-05 ndets= 239,947,899 energy= -2099.85348552
Effect dets (without time sym): 479,871,305
----------------------------------------
Excite Lv       # dets         Sum c^2
0                    1      0.00454214
1                  180      0.00003322
2                60497      0.09756425
3              1043808      0.00410923
4              9685273      0.35618149
5             35369336      0.02279793
6             84305037      0.35891249
7            114779488      0.02587247
8            117844755      0.11158428
9             70442698      0.00727261
10            35390965      0.01041174
11             8421726      0.00045758
12             2357171      0.00025509
13              134982      0.00000448
14               35388      0.00000101
----------------------------------------
Orbital                        Sum c^2
0                           1.99563213
1                           1.99563968
2                           1.98651984
3                           1.98672055
4                           1.98672055
5                           1.98669512
6                           1.98669512
7                           1.98647653
8                           1.76439521
9                           1.05333611
10                          1.05333611
11                          1.00607128
12                          1.00607128
13                          1.05449122
14                          0.92709301
15                          0.97512742
16                          0.97512742
17                          0.18487249
18                          0.92748817
19                          0.92748817
20                          0.01300995
21                          0.01300995
22                          0.01212894
23                          0.00845918
24                          0.00845918
25                          0.00803996
26                          0.01528866
27                          0.00341788
28                          0.01385823
29                          0.01385823
30                          0.00639814
31                          0.00331850
32                          0.00331850
33                          0.01067977
34                          0.01067977
35                          0.00329395
36                          0.00338302
37                          0.00338302
38                          0.00952436
39                          0.00952436
40                          0.00508957
41                          0.00508957
42                          0.00443751
43                          0.00282210
44                          0.00337357
45                          0.00337357
46                          0.00044624
47                          0.00029618
48                          0.00029618
49                          0.00036050
Sum orbitals c^2: 28.00000000
----------------------------------------
Most important dets:
Excite Lv         Coef      Det (Reordered orb)
2           0.09130223      |  0  1  2  3  4  5  6  7  8  9 10 12 13 15 |  0  1  2  3  4  5  6  7  8  9 10 11 13 16 |
2          -0.08696429      |  0  1  2  3  4  5  6  7  8  9 10 12 13 14 |  0  1  2  3  4  5  6  7  8  9 10 11 12 16 |
2           0.08696429      |  0  1  2  3  4  5  6  7  8  9 10 11 13 14 |  0  1  2  3  4  5  6  7  8  9 10 11 12 15 |
2           0.08689025      |  0  1  2  3  4  5  6  7  8 10 11 12 13 15 |  0  1  2  3  4  5  6  7  8  9 10 11 13 19 |
2           0.08689025      |  0  1  2  3  4  5  6  7  8  9 11 12 13 16 |  0  1  2  3  4  5  6  7  8  9 10 12 13 18 |
2          -0.08684793      |  0  1  2  3  4  5  6  7  8 10 11 12 13 16 |  0  1  2  3  4  5  6  7  8  9 10 12 13 19 |
2          -0.08684793      |  0  1  2  3  4  5  6  7  8  9 11 12 13 15 |  0  1  2  3  4  5  6  7  8  9 10 11 13 18 |
4           0.08434703      |  0  1  2  3  4  5  6  7  8  9 10 13 14 15 |  0  1  2  3  4  5  6  7  8  9 10 11 15 16 |
4          -0.08434703      |  0  1  2  3  4  5  6  7  8  9 10 13 14 16 |  0  1  2  3  4  5  6  7  8  9 10 12 15 16 |
4          -0.08424675      |  0  1  2  3  4  5  6  7  8  9 11 13 15 16 |  0  1  2  3  4  5  6  7  8  9 10 13 15 18 |
4          -0.08424675      |  0  1  2  3  4  5  6  7  8 10 12 13 15 16 |  0  1  2  3  4  5  6  7  8  9 10 13 16 19 |
4           0.08422030      |  0  1  2  3  4  5  6  7  8 10 11 13 15 16 |  0  1  2  3  4  5  6  7  8  9 10 13 15 19 |
4           0.08422030      |  0  1  2  3  4  5  6  7  8  9 12 13 15 16 |  0  1  2  3  4  5  6  7  8  9 10 13 16 18 |
2           0.08273103      |  0  1  2  3  4  5  6  7  8 10 11 12 13 18 |  0  1  2  3  4  5  6  7  8  9 11 12 13 19 |
2          -0.08270525      |  0  1  2  3  4  5  6  7  8 10 11 12 13 14 |  0  1  2  3  4  5  6  7  8  9 10 11 12 19 |
2           0.08270525      |  0  1  2  3  4  5  6  7  8  9 11 12 13 14 |  0  1  2  3  4  5  6  7  8  9 10 11 12 18 |
4          -0.08062738      |  0  1  2  3  4  5  6  7  8  9 10 12 14 15 |  0  1  2  3  4  5  6  7  8  9 10 11 14 16 |
4          -0.08060830      |  0  1  2  3  4  5  6  7  8 10 12 13 15 19 |  0  1  2  3  4  5  6  7  8 10 11 13 16 19 |
4          -0.08060830      |  0  1  2  3  4  5  6  7  8  9 12 13 15 18 |  0  1  2  3  4  5  6  7  8  9 11 13 16 18 |
4           0.08024356      |  0  1  2  3  4  5  6  7  8 10 11 13 14 15 |  0  1  2  3  4  5  6  7  8  9 10 11 15 19 |
----------------------------------------
END OF main << eps_var 1.00e-05 << variation [564.4/588.4]GB [57.176/34424.398/34513.491]s
Variational results saved to: wf_eps1_1.00e-05.dat
END OF eps_var 1.00e-05 << variation [564.8/588.8]GB [15.081/34439.483/34528.572]s

BEG OF eps_var 5.00e-06 << variation [564.8/588.8]GB [0.001/0.000/34528.572]s

BEG OF main << eps_var 5.00e-06 << variation [564.8/588.8]GB [0.008/0.000/34528.580]s

BEG OF #1 << main << eps_var 5.00e-06 << variation [564.8/588.8]GB [0.002/0.000/34528.582]s
20% 40% 60% 80% 100% 
Number of dets / new dets: 700,290,740 / 460,342,841
END OF get next det list [777.4/801.4]GB [1109.022/1109.022/35637.604]s
END OF update unique ab [772.1/796.1]GB [1441.929/2550.950/37079.532]s
END OF create abm1 [777.8/801.8]GB [1151.373/3702.322/38230.904]s
Outer size of a/b singles: 46,409,637 / 0
Full size of absingles: 5,604,377,568
END OF create absingles [784.4/808.4]GB [700.750/4403.072/38931.653]s
10% 20% 30% 40% 50% 60% 70% 80% 90% 100% 
Number of nonzero elems: 278,256,840,610
END OF generate sparse hamiltonian [1837.1/1861.1]GB [42079.733/46482.803/81011.385]s
Davidson #0: -2099.8534855141
Davidson #1: -2099.8641691676
Davidson #2: -2099.8645951876
Davidson #3: -2099.8646968210
Davidson #4: -2099.8647386377
Davidson #5: -2099.8647519985
Davidson #6: -2099.8647605318
Davidson #7: -2099.8647681564
Davidson #8: -2099.8647740710
END OF diagonalize sparse hamiltonian [1925.4/1949.4]GB [2743.435/49226.238/83754.819]s
Iteration 33 eps1= 5.00e-06 ndets= 700,290,740 energy= -2099.86477407
END OF #1 << main << eps_var 5.00e-06 << variation [1925.4/1949.4]GB [0.001/49226.238/83754.819]s

BEG OF #2 << main << eps_var 5.00e-06 << variation [1925.4/1949.4]GB [1.460/0.001/83756.279]s
20% 40% 60% 80% 100% 
Number of dets / new dets: 748,035,379 / 47,744,639
END OF get next det list [2040.3/2064.3]GB [1155.438/1155.438/84911.716]s
END OF update unique ab [2040.2/2064.2]GB [229.372/1384.809/85141.087]s
END OF create abm1 [2040.2/2064.2]GB [274.218/1659.025/85415.304]s
Outer size of a/b singles: 49,009,728 / 0
Full size of absingles: 3,800,758,836
END OF create absingles [2040.2/2064.2]GB [141.778/1800.803/85557.081]s
10% 20% 30% 40% 50% 60% 70% 80% 90% 100% 
Number of nonzero elems: 301,907,304,357
END OF generate sparse hamiltonian [2036.8/2060.8]GB [24788.963/26589.766/110346.044]s
Davidson #0: -2099.8647740700
Davidson #1: -2099.8653711274
Davidson #2: -2099.8654009494
Davidson #3: -2099.8654092436
Davidson #4: -2099.8654191242
Davidson #5: -2099.8654227318
Davidson #6: -2099.8654261250
Davidson #7: -2099.8654317234
Davidson #8: -2099.8654362326
END OF diagonalize sparse hamiltonian [2077.8/2101.8]GB [2659.167/29248.932/113005.211]s
Iteration 34 eps1= 5.00e-06 ndets= 748,035,379 energy= -2099.86543623
END OF #2 << main << eps_var 5.00e-06 << variation [2077.8/2101.8]GB [0.001/29248.932/113005.211]s

BEG OF #3 << main << eps_var 5.00e-06 << variation [2077.8/2101.8]GB [1.582/0.001/113006.792]s
20% 40% 60% 80% 100% 
Number of dets / new dets: 760,457,487 / 12,422,108
END OF get next det list [2125.1/2149.1]GB [860.783/860.783/113867.575]s
END OF update unique ab [2125.1/2149.1]GB [66.173/926.956/113933.747]s
END OF create abm1 [2125.1/2149.1]GB [98.763/1025.718/114032.510]s
Outer size of a/b singles: 49,727,765 / 0
Full size of absingles: 2,191,970,036
END OF create absingles [2126.3/2150.3]GB [60.003/1085.721/114092.512]s
10% 20% 30% 40% 50% 60% 70% 80% 90% 100% 
Number of nonzero elems: 308,741,041,087
END OF generate sparse hamiltonian [2126.8/2150.8]GB [7631.858/8717.578/121724.369]s
Davidson #0: -2099.8654362327
Davidson #1: -2099.8655755406
Davidson #2: -2099.8655890343
Davidson #3: -2099.8655912545
Davidson #4: -2099.8655931035
Davidson #5: -2099.8655941074
Davidson #6: -2099.8655951746
Davidson #7: -2099.8655989218
Davidson #8: -2099.8656026112
END OF diagonalize sparse hamiltonian [2126.9/2150.9]GB [2734.855/11452.432/124459.223]s
Iteration 35 eps1= 5.00e-06 ndets= 760,457,487 energy= -2099.86560261
END OF #3 << main << eps_var 5.00e-06 << variation [2126.9/2150.9]GB [0.001/11452.432/124459.223]s

BEG OF #4 << main << eps_var 5.00e-06 << variation [2126.9/2150.9]GB [0.028/0.001/124459.252]s
20% 40% 60% 80% 100% 
Number of dets / new dets: 768,571,605 / 8,114,118
END OF get next det list [2198.5/2222.6]GB [583.171/583.171/125042.422]s
END OF update unique ab [2201.0/2225.0]GB [51.774/634.944/125094.195]s
END OF create abm1 [2201.2/2225.2]GB [66.643/701.587/125160.838]s
Outer size of a/b singles: 50,207,322 / 0
Full size of absingles: 1,783,006,606
END OF create absingles [2202.6/2226.6]GB [41.888/743.474/125202.725]s
10% 20% 30% 40% 50% 60% 70% 80% 90% 100% 
Number of nonzero elems: 313,176,658,637
END OF generate sparse hamiltonian [2180.5/2204.6]GB [5286.608/6030.081/130489.332]s
Davidson #0: -2099.8656026113
Davidson #1: -2099.8657012688
Davidson #2: -2099.8657055173
Davidson #3: -2099.8657065559
Davidson #4: -2099.8657072286
Davidson #5: -2099.8657075280
Davidson #6: -2099.8657079675
Davidson #7: -2099.8657091035
Davidson #8: -2099.8657107512
END OF diagonalize sparse hamiltonian [2197.5/2221.5]GB [2611.856/8641.937/133101.188]s
Iteration 36 eps1= 5.00e-06 ndets= 768,571,605 energy= -2099.86571075
END OF #4 << main << eps_var 5.00e-06 << variation [2197.5/2221.5]GB [0.001/8641.937/133101.188]s

BEG OF #5 << main << eps_var 5.00e-06 << variation [2197.5/2221.5]GB [0.023/0.001/133101.211]s
20% 40% 60% 80% 100% 
Number of dets / new dets: 771,564,876 / 2,993,271
END OF get next det list [2246.0/2270.0]GB [407.582/407.582/133508.792]s
END OF update unique ab [2245.9/2269.9]GB [25.821/433.403/133534.613]s
END OF create abm1 [2246.4/2270.4]GB [36.824/470.227/133571.437]s
Outer size of a/b singles: 50,389,474 / 0
Full size of absingles: 1,005,170,876
END OF create absingles [2246.4/2270.4]GB [22.034/492.260/133593.470]s
10% 20% 30% 40% 50% 60% 70% 80% 90% 100% 
Number of nonzero elems: 314,750,704,674
END OF generate sparse hamiltonian [2243.7/2267.7]GB [2831.951/3324.210/136425.420]s
Davidson #0: -2099.8657107513
Davidson #1: -2099.8657477618
Davidson #2: -2099.8657511022
Davidson #3: -2099.8657516805
Davidson #4: -2099.8657519135
Davidson #5: -2099.8657520292
Davidson #6: -2099.8657522302
Davidson #7: -2099.8657526814
Davidson #8: -2099.8657531775
END OF diagonalize sparse hamiltonian [2243.1/2267.1]GB [2414.790/5738.999/138840.209]s
Iteration 37 eps1= 5.00e-06 ndets= 771,564,876 energy= -2099.86575318
END OF #5 << main << eps_var 5.00e-06 << variation [2243.1/2267.1]GB [0.001/5738.999/138840.210]s

BEG OF #6 << main << eps_var 5.00e-06 << variation [2243.1/2267.1]GB [0.006/0.000/138840.215]s
20% 40% 60% 80% 100% 
Number of dets / new dets: 773,369,062 / 1,804,186
END OF get next det list [2309.7/2333.7]GB [306.464/306.464/139146.680]s
END OF update unique ab [2309.7/2333.8]GB [19.677/326.140/139166.355]s
END OF create abm1 [2310.0/2334.0]GB [22.412/348.552/139188.767]s
Outer size of a/b singles: 50,503,134 / 0
Full size of absingles: 764,427,394
END OF create absingles [2311.3/2335.4]GB [18.200/366.751/139206.966]s
10% 20% 30% 40% 50% 60% 70% 80% 90% 100% 
Number of nonzero elems: 315,630,496,720
END OF generate sparse hamiltonian [2308.5/2332.5]GB [2313.459/2680.209/141520.425]s
Davidson #0: -2099.8657531777
Davidson #1: -2099.8657763688
Davidson #2: -2099.8657771876
Davidson #3: -2099.8657773685
Davidson #4: -2099.8657774914
Davidson #5: -2099.8657775472
Davidson #6: -2099.8657776289
Davidson #7: -2099.8657778454
Davidson #8: -2099.8657782051
END OF diagonalize sparse hamiltonian [2307.4/2331.4]GB [2607.332/5287.541/144127.756]s
Iteration 38 eps1= 5.00e-06 ndets= 773,369,062 energy= -2099.86577821
END OF #6 << main << eps_var 5.00e-06 << variation [2307.4/2331.4]GB [0.001/5287.541/144127.756]s

BEG OF #7 << main << eps_var 5.00e-06 << variation [2307.4/2331.4]GB [0.003/0.000/144127.759]s
20% 40% 60% 80% 100% 
Number of dets / new dets: 774,801,337 / 1,432,275
END OF get next det list [2355.9/2379.9]GB [268.612/268.612/144396.371]s
END OF update unique ab [2355.9/2379.9]GB [17.483/286.095/144413.854]s
END OF create abm1 [2356.1/2380.2]GB [18.571/304.665/144432.424]s
Outer size of a/b singles: 50,594,962 / 0
Full size of absingles: 671,939,250
END OF create absingles [2357.3/2381.4]GB [15.882/320.547/144448.306]s
10% 20% 30% 40% 50% 60% 70% 80% 90% 100% 
Number of nonzero elems: 316,320,269,079
END OF generate sparse hamiltonian [2353.7/2377.7]GB [2115.816/2436.362/146564.121]s
Davidson #0: -2099.8657782036
Davidson #1: -2099.8657963223
Davidson #2: -2099.8657968502
Davidson #3: -2099.8657969828
Davidson #4: -2099.8657970482
Davidson #5: -2099.8657970709
Davidson #6: -2099.8657971045
Davidson #7: -2099.8657971516
Davidson #8: -2099.8657972412
END OF diagonalize sparse hamiltonian [2359.2/2383.3]GB [1955.302/4391.663/148519.422]s
Iteration 39 eps1= 5.00e-06 ndets= 774,801,337 energy= -2099.86579724
END OF #7 << main << eps_var 5.00e-06 << variation [2359.2/2383.3]GB [0.001/4391.663/148519.422]s

BEG OF #8 << main << eps_var 5.00e-06 << variation [2359.2/2383.3]GB [0.003/0.000/148519.425]s
20% 40% 60% 80% 100% 
Number of dets / new dets: 775,404,720 / 603,383
END OF get next det list [2432.0/2456.0]GB [233.772/233.772/148753.197]s
END OF update unique ab [2432.0/2456.1]GB [11.187/244.958/148764.384]s
END OF create abm1 [2432.2/2456.2]GB [8.199/253.157/148772.582]s
Outer size of a/b singles: 50,633,640 / 0
Full size of absingles: 388,427,914
END OF create absingles [2433.6/2457.6]GB [10.475/263.631/148783.057]s
10% 20% 30% 40% 50% 60% 70% 80% 90% 100% 
Number of nonzero elems: 316,608,971,328
END OF generate sparse hamiltonian [2434.5/2458.6]GB [1696.618/1960.249/150479.674]s
Davidson #0: -2099.8657972404
Davidson #1: -2099.8658048500
Davidson #2: -2099.8658050528
Davidson #3: -2099.8658050989
Davidson #4: -2099.8658051292
Davidson #5: -2099.8658051392
Davidson #6: -2099.8658051551
Davidson #7: -2099.8658051937
Davidson #8: -2099.8658052520
END OF diagonalize sparse hamiltonian [2434.1/2458.1]GB [2343.487/4303.736/152823.161]s
Iteration 40 eps1= 5.00e-06 ndets= 775,404,720 energy= -2099.86580525
END OF #8 << main << eps_var 5.00e-06 << variation [2434.1/2458.1]GB [0.001/4303.736/152823.161]s

BEG OF #9 << main << eps_var 5.00e-06 << variation [2434.1/2458.1]GB [0.002/0.000/152823.163]s
Davidson #0: -2099.8658052540
Davidson #1: -2099.8658052809
Davidson #2: -2099.8658052970
Davidson #3: -2099.8658053060
Davidson #4: -2099.8658053115
Davidson #5: -2099.8658053141
Davidson #6: -2099.8658053176
Davidson #7: -2099.8658053242
Davidson #8: -2099.8658053314
END OF diagonalize sparse hamiltonian [2434.1/2458.2]GB [2165.476/2165.476/154988.639]s
Iteration 41 eps1= 5.00e-06 ndets= 775,404,720 energy= -2099.86580533
END OF #9 << main << eps_var 5.00e-06 << variation [2434.1/2458.2]GB [0.001/2165.476/154988.639]s

BEG OF #10 << main << eps_var 5.00e-06 << variation [2434.1/2458.2]GB [0.000/0.000/154988.639]s
Davidson #0: -2099.8658053308
Davidson #1: -2099.8658053362
Davidson #2: -2099.8658053402
Davidson #3: -2099.8658053425
Davidson #4: -2099.8658053442
Davidson #5: -2099.8658053450
Davidson #6: -2099.8658053467
Davidson #7: -2099.8658053495
Davidson #8: -2099.8658053525
END OF diagonalize sparse hamiltonian [2432.1/2456.2]GB [2000.955/2000.955/156989.594]s
Iteration 42 eps1= 5.00e-06 ndets= 775,404,720 energy= -2099.86580535
END OF #10 << main << eps_var 5.00e-06 << variation [2432.1/2456.2]GB [0.001/2000.955/156989.595]s

BEG OF #11 << main << eps_var 5.00e-06 << variation [2432.1/2456.2]GB [0.000/0.000/156989.595]s
Davidson #0: -2099.8658053529
Davidson #1: -2099.8658053554
Davidson #2: -2099.8658053574
Davidson #3: -2099.8658053585
Davidson #4: -2099.8658053593
Davidson #5: -2099.8658053587
Davidson #6: -2099.8658053596
Davidson #7: -2099.8658053610
Davidson #8: -2099.8658053625
END OF diagonalize sparse hamiltonian [2432.2/2456.2]GB [1949.806/1949.806/158939.400]s
Iteration 43 eps1= 5.00e-06 ndets= 775,404,720 energy= -2099.86580536
END OF #11 << main << eps_var 5.00e-06 << variation [2432.2/2456.2]GB [0.001/1949.806/158939.400]s

BEG OF #12 << main << eps_var 5.00e-06 << variation [2432.2/2456.2]GB [0.000/0.000/158939.401]s
Davidson #0: -2099.8658053649
Davidson #1: -2099.8658053662
Davidson #2: -2099.8658053672
Davidson #3: -2099.8658053677
Davidson #4: -2099.8658053681
Davidson #5: -2099.8658053679
Davidson #6: -2099.8658053683
Davidson #7: -2099.8658053691
Davidson #8: -2099.8658053699
END OF diagonalize sparse hamiltonian [2432.1/2456.2]GB [1946.172/1946.172/160885.572]s
Iteration 44 eps1= 5.00e-06 ndets= 775,404,720 energy= -2099.86580537
END OF #12 << main << eps_var 5.00e-06 << variation [2432.1/2456.2]GB [0.001/1946.172/160885.573]s

BEG OF #13 << main << eps_var 5.00e-06 << variation [2432.1/2456.2]GB [0.000/0.000/160885.573]s
Davidson #0: -2099.8658053703
Davidson #1: -2099.8658053710
Davidson #2: -2099.8658053715
Davidson #3: -2099.8658053718
Davidson #4: -2099.8658053720
Davidson #5: -2099.8658053719
Davidson #6: -2099.8658053722
Davidson #7: -2099.8658053726
Davidson #8: -2099.8658053730
END OF diagonalize sparse hamiltonian [2432.2/2456.2]GB [1955.643/1955.643/162841.215]s
Iteration 45 eps1= 5.00e-06 ndets= 775,404,720 energy= -2099.86580537
END OF #13 << main << eps_var 5.00e-06 << variation [2432.2/2456.2]GB [0.001/1955.643/162841.216]s

BEG OF #14 << main << eps_var 5.00e-06 << variation [2432.2/2456.2]GB [0.000/0.000/162841.216]s
Davidson #0: -2099.8658053720
Davidson #1: -2099.8658053724
Davidson #2: -2099.8658053727
Davidson #3: -2099.8658053728
Davidson #4: -2099.8658053730
Davidson #5: -2099.8658053747
Davidson #6: -2099.8658053748
Davidson #7: -2099.8658053750
Davidson #8: -2099.8658053753
END OF diagonalize sparse hamiltonian [2432.2/2456.2]GB [1885.543/1885.543/164726.759]s
Iteration 46 eps1= 5.00e-06 ndets= 775,404,720 energy= -2099.86580538
END OF #14 << main << eps_var 5.00e-06 << variation [2432.2/2456.2]GB [0.001/1885.543/164726.759]s

BEG OF #15 << main << eps_var 5.00e-06 << variation [2432.2/2456.2]GB [0.000/0.000/164726.759]s
Davidson #0: -2099.8658053756
Davidson #1: -2099.8658053758
Davidson #2: -2099.8658053760
Davidson #3: -2099.8658053761
Davidson #4: -2099.8658053761
Davidson #5: -2099.8658053755
Davidson #6: -2099.8658053756
Davidson #7: -2099.8658053758
Davidson #8: -2099.8658053759
END OF diagonalize sparse hamiltonian [2432.2/2456.2]GB [1865.883/1865.883/166592.642]s
Iteration 47 eps1= 5.00e-06 ndets= 775,404,720 energy= -2099.86580538
END OF #15 << main << eps_var 5.00e-06 << variation [2432.2/2456.2]GB [0.001/1865.883/166592.642]s

BEG OF #16 << main << eps_var 5.00e-06 << variation [2432.2/2456.2]GB [0.000/0.000/166592.643]s
Davidson #0: -2099.8658053754
Davidson #1: -2099.8658053756
Davidson #2: -2099.8658053757
Davidson #3: -2099.8658053757
Davidson #4: -2099.8658053758
Davidson #5: -2099.8658053763
Davidson #6: -2099.8658053763
Davidson #7: -2099.8658053764
Davidson #8: -2099.8658053765
END OF diagonalize sparse hamiltonian [2432.2/2456.2]GB [1820.938/1820.938/168413.581]s
Iteration 48 eps1= 5.00e-06 ndets= 775,404,720 energy= -2099.86580538
END OF #16 << main << eps_var 5.00e-06 << variation [2432.2/2456.2]GB [0.001/1820.939/168413.581]s

BEG OF #17 << main << eps_var 5.00e-06 << variation [2432.2/2456.2]GB [0.000/0.000/168413.581]s
Davidson #0: -2099.8658053769
Davidson #1: -2099.8658053770
Davidson #2: -2099.8658053770
Davidson #3: -2099.8658053771
Davidson #4: -2099.8658053771
Davidson #5: -2099.8658053779
Davidson #6: -2099.8658053779
Davidson #7: -2099.8658053780
Davidson #8: -2099.8658053780
END OF diagonalize sparse hamiltonian [2432.1/2456.1]GB [1836.156/1836.156/170249.737]s
Iteration 49 eps1= 5.00e-06 ndets= 775,404,720 energy= -2099.86580538
END OF #17 << main << eps_var 5.00e-06 << variation [2432.1/2456.1]GB [0.001/1836.156/170249.737]s

BEG OF #18 << main << eps_var 5.00e-06 << variation [2432.1/2456.1]GB [0.000/0.000/170249.738]s
Davidson #0: -2099.8658053765
Davidson #1: -2099.8658053766
Davidson #2: -2099.8658053766
Davidson #3: -2099.8658053767
Davidson #4: -2099.8658053767
Davidson #5: -2099.8658053768
Davidson #6: -2099.8658053768
Davidson #7: -2099.8658053768
Davidson #8: -2099.8658053769
END OF diagonalize sparse hamiltonian [2432.1/2456.1]GB [1831.375/1831.375/172081.113]s
Iteration 50 eps1= 5.00e-06 ndets= 775,404,720 energy= -2099.86580538
END OF #18 << main << eps_var 5.00e-06 << variation [2432.1/2456.1]GB [0.005/1831.380/172081.117]s

BEG OF #19 << main << eps_var 5.00e-06 << variation [2432.1/2456.1]GB [0.005/0.000/172081.118]s
Davidson #0: -2099.8658053771
Davidson #1: -2099.8658053771
Davidson #2: -2099.8658053772
Davidson #3: -2099.8658053772
Davidson #4: -2099.8658053772
Davidson #5: -2099.8658053771
Davidson #6: -2099.8658053771
Davidson #7: -2099.8658053772
Davidson #8: -2099.8658053772
END OF diagonalize sparse hamiltonian [2432.1/2456.1]GB [1868.434/1868.434/173949.552]s
Iteration 51 eps1= 5.00e-06 ndets= 775,404,720 energy= -2099.86580538
END OF #19 << main << eps_var 5.00e-06 << variation [2432.1/2456.1]GB [0.001/1868.435/173949.552]s

BEG OF #20 << main << eps_var 5.00e-06 << variation [2432.1/2456.1]GB [0.000/0.000/173949.552]s
Davidson #0: -2099.8658053760
Davidson #1: -2099.8658053760
Davidson #2: -2099.8658053761
Davidson #3: -2099.8658053761
Davidson #4: -2099.8658053761
Davidson #5: -2099.8658053769
Davidson #6: -2099.8658053769
Davidson #7: -2099.8658053769
Davidson #8: -2099.8658053769
END OF diagonalize sparse hamiltonian [2432.1/2456.1]GB [1906.529/1906.529/175856.081]s
Iteration 52 eps1= 5.00e-06 ndets= 775,404,720 energy= -2099.86580538
END OF #20 << main << eps_var 5.00e-06 << variation [2432.1/2456.1]GB [0.001/1906.530/175856.082]s

BEG OF #21 << main << eps_var 5.00e-06 << variation [2432.1/2456.1]GB [0.000/0.000/175856.082]s
Davidson #0: -2099.8658053772
Davidson #1: -2099.8658053772
Davidson #2: -2099.8658053773
Davidson #3: -2099.8658053773
Davidson #4: -2099.8658053773
Davidson #5: -2099.8658053780
Davidson #6: -2099.8658053780
Davidson #7: -2099.8658053780
Davidson #8: -2099.8658053780
END OF diagonalize sparse hamiltonian [2432.1/2456.1]GB [1874.347/1874.347/177730.429]s
Iteration 53 eps1= 5.00e-06 ndets= 775,404,720 energy= -2099.86580538
END OF #21 << main << eps_var 5.00e-06 << variation [2432.1/2456.1]GB [0.001/1874.347/177730.429]s

BEG OF #22 << main << eps_var 5.00e-06 << variation [2432.1/2456.1]GB [0.000/0.000/177730.429]s
Davidson #0: -2099.8658053772
Davidson #1: -2099.8658053772
Davidson #2: -2099.8658053772
Davidson #3: -2099.8658053772
Davidson #4: -2099.8658053772
Davidson #5: -2099.8658053786
Davidson #6: -2099.8658053786
Davidson #7: -2099.8658053786
Davidson #8: -2099.8658053786
END OF diagonalize sparse hamiltonian [2432.2/2456.2]GB [1758.284/1758.284/179488.713]s
Iteration 54 eps1= 5.00e-06 ndets= 775,404,720 energy= -2099.86580538
END OF #22 << main << eps_var 5.00e-06 << variation [2432.2/2456.2]GB [0.001/1758.284/179488.713]s

BEG OF #23 << main << eps_var 5.00e-06 << variation [2432.2/2456.2]GB [0.000/0.000/179488.713]s
Davidson #0: -2099.8658053783
Davidson #1: -2099.8658053783
Davidson #2: -2099.8658053784
Davidson #3: -2099.8658053784
Davidson #4: -2099.8658053784
Davidson #5: -2099.8658053774
Davidson #6: -2099.8658053774
Davidson #7: -2099.8658053775
Davidson #8: -2099.8658053775
END OF diagonalize sparse hamiltonian [2432.1/2456.2]GB [1867.290/1867.290/181356.003]s
Iteration 55 eps1= 5.00e-06 ndets= 775,404,720 energy= -2099.86580538
END OF #23 << main << eps_var 5.00e-06 << variation [2432.1/2456.2]GB [0.001/1867.290/181356.003]s

BEG OF #24 << main << eps_var 5.00e-06 << variation [2432.1/2456.2]GB [0.000/0.000/181356.004]s
Davidson #0: -2099.8658053780
Davidson #1: -2099.8658053780
Davidson #2: -2099.8658053780
Davidson #3: -2099.8658053780
Davidson #4: -2099.8658053780
Davidson #5: -2099.8658053767
Davidson #6: -2099.8658053767
Davidson #7: -2099.8658053767
Davidson #8: -2099.8658053767
END OF diagonalize sparse hamiltonian [2432.1/2456.1]GB [2108.716/2108.716/183464.719]s
Iteration 56 eps1= 5.00e-06 ndets= 775,404,720 energy= -2099.86580538
END OF #24 << main << eps_var 5.00e-06 << variation [2432.1/2456.1]GB [0.001/2108.716/183464.720]s

BEG OF #25 << main << eps_var 5.00e-06 << variation [2432.1/2456.1]GB [0.000/0.000/183464.720]s
Davidson #0: -2099.8658053784
Davidson #1: -2099.8658053784
Davidson #2: -2099.8658053784
Davidson #3: -2099.8658053784
Davidson #4: -2099.8658053784
END OF diagonalize sparse hamiltonian [2432.2/2456.2]GB [1291.789/1291.789/184756.509]s
Iteration 57 eps1= 5.00e-06 ndets= 775,404,720 energy= -2099.86580538
END OF #25 << main << eps_var 5.00e-06 << variation [2432.2/2456.2]GB [0.001/1291.790/184756.509]s
Final iteration 57 eps1= 5.00e-06 ndets= 775,404,720 energy= -2099.86580538
Effect dets (without time sym): 1,550,758,932
----------------------------------------
Excite Lv       # dets         Sum c^2
0                    1      0.00435421
1                  190      0.00004099
2                73005      0.09452704
3              1958298      0.00435967
4             21957751      0.34971628
5             90408290      0.02437566
6            232824432      0.35901133
7            352283504      0.02841660
8            388036588      0.11481917
9            267527248      0.00837974
10           141342112      0.01114450
11            42634192      0.00056776
12            10612628      0.00028015
13              977526      0.00000580
14              123167      0.00000112
----------------------------------------
Orbital                        Sum c^2
0                           1.99537139
1                           1.99537735
2                           1.98580972
3                           1.98602086
4                           1.98602086
5                           1.98599574
6                           1.98599574
7                           1.98575841
8                           1.73657241
9                           1.05217986
10                          1.05217986
11                          1.00506091
12                          1.00506091
13                          1.05158006
14                          0.92758905
15                          0.97428554
16                          0.97428554
17                          0.20802922
18                          0.92671391
19                          0.92671391
20                          0.01390557
21                          0.01390557
22                          0.01289090
23                          0.00896644
24                          0.00896644
25                          0.00852089
26                          0.01650185
27                          0.00358400
28                          0.01485465
29                          0.01485465
30                          0.00760808
31                          0.00347979
32                          0.00347979
33                          0.01133304
34                          0.01133304
35                          0.00345275
36                          0.00354295
37                          0.00354295
38                          0.01007348
39                          0.01007348
40                          0.00591502
41                          0.00591502
42                          0.00515451
43                          0.00316757
44                          0.00361518
45                          0.00361518
46                          0.00058301
47                          0.00041732
48                          0.00041732
49                          0.00053037
Sum orbitals c^2: 28.00000000
----------------------------------------
Most important dets:
Excite Lv         Coef      Det (Reordered orb)
2           0.08943583      |  0  1  2  3  4  5  6  7  8  9 10 12 13 15 |  0  1  2  3  4  5  6  7  8  9 10 11 13 16 |
2           0.08539412      |  0  1  2  3  4  5  6  7  8  9 10 11 13 14 |  0  1  2  3  4  5  6  7  8  9 10 11 12 15 |
2          -0.08539412      |  0  1  2  3  4  5  6  7  8  9 10 12 13 14 |  0  1  2  3  4  5  6  7  8  9 10 11 12 16 |
2           0.08513663      |  0  1  2  3  4  5  6  7  8 10 11 12 13 15 |  0  1  2  3  4  5  6  7  8  9 10 11 13 19 |
2           0.08513663      |  0  1  2  3  4  5  6  7  8  9 11 12 13 16 |  0  1  2  3  4  5  6  7  8  9 10 12 13 18 |
2          -0.08510017      |  0  1  2  3  4  5  6  7  8 10 11 12 13 16 |  0  1  2  3  4  5  6  7  8  9 10 12 13 19 |
2          -0.08510017      |  0  1  2  3  4  5  6  7  8  9 11 12 13 15 |  0  1  2  3  4  5  6  7  8  9 10 11 13 18 |
4          -0.08284161      |  0  1  2  3  4  5  6  7  8  9 10 13 14 16 |  0  1  2  3  4  5  6  7  8  9 10 12 15 16 |
4           0.08284161      |  0  1  2  3  4  5  6  7  8  9 10 13 14 15 |  0  1  2  3  4  5  6  7  8  9 10 11 15 16 |
4          -0.08256429      |  0  1  2  3  4  5  6  7  8 10 12 13 15 16 |  0  1  2  3  4  5  6  7  8  9 10 13 16 19 |
4          -0.08256429      |  0  1  2  3  4  5  6  7  8  9 11 13 15 16 |  0  1  2  3  4  5  6  7  8  9 10 13 15 18 |
4           0.08254169      |  0  1  2  3  4  5  6  7  8 10 11 13 15 16 |  0  1  2  3  4  5  6  7  8  9 10 13 15 19 |
4           0.08254169      |  0  1  2  3  4  5  6  7  8  9 12 13 15 16 |  0  1  2  3  4  5  6  7  8  9 10 13 16 18 |
2          -0.08123184      |  0  1  2  3  4  5  6  7  8 10 11 12 13 14 |  0  1  2  3  4  5  6  7  8  9 10 11 12 19 |
2           0.08123184      |  0  1  2  3  4  5  6  7  8  9 11 12 13 14 |  0  1  2  3  4  5  6  7  8  9 10 11 12 18 |
2           0.08110366      |  0  1  2  3  4  5  6  7  8 10 11 12 13 18 |  0  1  2  3  4  5  6  7  8  9 11 12 13 19 |
4          -0.07930869      |  0  1  2  3  4  5  6  7  8  9 10 12 14 15 |  0  1  2  3  4  5  6  7  8  9 10 11 14 16 |
4          -0.07901016      |  0  1  2  3  4  5  6  7  8 10 12 13 15 19 |  0  1  2  3  4  5  6  7  8 10 11 13 16 19 |
4          -0.07901016      |  0  1  2  3  4  5  6  7  8  9 12 13 15 18 |  0  1  2  3  4  5  6  7  8  9 11 13 16 18 |
4           0.07882780      |  0  1  2  3  4  5  6  7  8 10 11 13 14 15 |  0  1  2  3  4  5  6  7  8  9 10 11 15 19 |
----------------------------------------
END OF main << eps_var 5.00e-06 << variation [2432.2/2456.2]GB [188.431/150416.360/184944.940]s
Variational results saved to: wf_eps1_5.00e-06.dat
END OF eps_var 5.00e-06 << variation [2433.5/2457.5]GB [50.709/150467.076/184995.648]s
END OF variation [2431.7/2455.7]GB [309.178/185303.138/185304.825]s

BEG OF post variation [2431.7/2455.7]GB [0.001/0.000/185304.825]s
END OF post variation [2431.7/2455.7]GB [0.001/0.001/185304.825]s
