l[028,031]
80
Semistochastic Heat-bath Configuration Interation (SHCI)

Start time: Wed Jun 12 11:20:03 2019
Infrastructure: 2 nodes * 80 threads
Configuration:
{
  "chem": {
    "irrep_occs_dn": [
      4,
      2,
      1,
      2,
      1,
      2,
      1,
      0,
      1,
      0
    ],
    "irrep_occs_up": [
      4,
      2,
      1,
      2,
      1,
      2,
      1,
      0,
      1,
      0
    ],
    "irreps": [
      1,
      2,
      3,
      4,
      5,
      6,
      7,
      8,
      9,
      10
    ],
    "point_group": "dih"
  },
  "eps_pt": 1e-20,
  "eps_vars": [
    0.0002,
    0.0001,
    5e-05,
    3e-05,
    2e-05,
    1e-05,
    5e-06
  ],
  "eps_vars_schedule": [
    0.005,
    0.005,
    0.005,
    0.005,
    0.005,
    0.003,
    0.003,
    0.003,
    0.003,
    0.003,
    0.002,
    0.002,
    0.002,
    0.002,
    0.002,
    0.001,
    0.001,
    0.001,
    0.001,
    0.001,
    0.001,
    0.001,
    0.0005,
    0.0005,
    0.0005,
    0.0005,
    0.0005,
    0.0005,
    0.0005,
    0.0003,
    0.0003,
    0.0003,
    0.0003,
    0.0003,
    0.0002,
    0.0002,
    0.0002,
    0.0002,
    0.0002
  ],
  "n_dn": 14,
  "n_up": 14,
  "system": "chem",
  "target_error": 2e-05,
  "time_sym": true,
  "var_only": true
}
Timing format: [DIFF/SECTION/TOTAL]

BEG OF setup [0.0/23.7]GB [0.001/0.001/0.001]s

BEG OF load integrals << setup [0.0/23.7]GB [0.004/0.000/0.004]s
n_orbs: 76
n_elecs (from FCIDUMP): 28
orb_sym: 1 2 1 6 4 3 5 2 1 6 4 7 9 1 2 10 8 2 3 5 6 4 1 3 5 2 1 1 6 4 2 3 5 7 9 6 4 2 10 8 3 5 1 2 1 6 4 3 5 2 1 6 4 7 9 10 8 3 5 1 2 2 6 4 7 9 1 14 12 11 13 10 8 3 5 2 
END OF load fcidump [0.1/23.8]GB [1.459/1.459/1.463]s
HF det up: 0 1 2 3 4 5 6 7 8 9 10 11 12 13 
HF det dn: 0 1 2 3 4 5 6 7 8 9 10 11 12 13 
Reorder skipped.
Orbitals energy:
#  0: E =  -3.360876575559, sym =  1, origin #  0
#  1: E =  -3.360083939798, sym =  2, origin #  1
#  2: E =  -2.082510146618, sym =  1, origin #  2
#  3: E =  -2.081219804317, sym =  6, origin #  3
#  4: E =  -2.081219804318, sym =  4, origin #  4
#  5: E =  -2.076595863467, sym =  3, origin #  5
#  6: E =  -2.076595863467, sym =  5, origin #  6
#  7: E =  -2.074042359892, sym =  2, origin #  7
#  8: E =  -0.189643376540, sym =  1, origin #  8
#  9: E =  -0.062724526878, sym =  6, origin #  9
# 10: E =  -0.062724526878, sym =  4, origin # 10
# 11: E =  -0.047901212558, sym =  7, origin # 11
# 12: E =  -0.047901212559, sym =  9, origin # 12
# 13: E =  -0.068067667032, sym =  1, origin # 13
# 14: E =   0.147722893314, sym =  2, origin # 14
# 15: E =   0.129859155201, sym = 10, origin # 15
# 16: E =   0.129859155201, sym =  8, origin # 16
# 17: E =   0.162802657993, sym =  2, origin # 17
# 18: E =   0.149715604365, sym =  3, origin # 18
# 19: E =   0.149715604365, sym =  5, origin # 19
# 20: E =   0.977951630091, sym =  6, origin # 20
# 21: E =   0.977951630091, sym =  4, origin # 21
# 22: E =   1.049992404366, sym =  1, origin # 22
# 23: E =   1.265194494341, sym =  3, origin # 23
# 24: E =   1.265194494341, sym =  5, origin # 24
# 25: E =   1.316447801392, sym =  2, origin # 25
# 26: E =   0.303421316358, sym =  1, origin # 26
# 27: E =   2.438191523833, sym =  1, origin # 27
# 28: E =   0.307859331743, sym =  6, origin # 28
# 29: E =   0.307859331743, sym =  4, origin # 29
# 30: E =   0.679627595927, sym =  2, origin # 30
# 31: E =   2.545812086537, sym =  3, origin # 31
# 32: E =   2.545812086538, sym =  5, origin # 32
# 33: E =   1.028396908957, sym =  7, origin # 33
# 34: E =   1.028396908957, sym =  9, origin # 34
# 35: E =   2.448236931149, sym =  6, origin # 35
# 36: E =   2.448236931149, sym =  4, origin # 36
# 37: E =   2.608575265148, sym =  2, origin # 37
# 38: E =   1.127391688144, sym = 10, origin # 38
# 39: E =   1.127391688144, sym =  8, origin # 39
# 40: E =   0.493232707354, sym =  3, origin # 40
# 41: E =   0.493232707354, sym =  5, origin # 41
# 42: E =   1.398869196018, sym =  1, origin # 42
# 43: E =   1.634345912433, sym =  2, origin # 43
# 44: E =   0.739843358775, sym =  1, origin # 44
# 45: E =   0.364337894667, sym =  6, origin # 45
# 46: E =   0.364337894668, sym =  4, origin # 46
# 47: E =   0.631156984935, sym =  3, origin # 47
# 48: E =   0.631156984935, sym =  5, origin # 48
# 49: E =   0.560134088546, sym =  2, origin # 49
# 50: E =   0.504438065349, sym =  1, origin # 50
# 51: E =   0.787137351020, sym =  6, origin # 51
# 52: E =   0.787137351020, sym =  4, origin # 52
# 53: E =   2.482175331574, sym =  7, origin # 53
# 54: E =   2.482175331574, sym =  9, origin # 54
# 55: E =   2.507133795423, sym = 10, origin # 55
# 56: E =   2.507133795423, sym =  8, origin # 56
# 57: E =   0.434477137529, sym =  3, origin # 57
# 58: E =   0.434477137529, sym =  5, origin # 58
# 59: E =   0.423253995865, sym =  1, origin # 59
# 60: E =   0.725589900962, sym =  2, origin # 60
# 61: E =   0.958096666595, sym =  2, origin # 61
# 62: E =   0.414129106754, sym =  6, origin # 62
# 63: E =   0.414129106754, sym =  4, origin # 63
# 64: E =   0.701132222832, sym =  7, origin # 64
# 65: E =   0.701132222832, sym =  9, origin # 65
# 66: E =   0.394376970587, sym =  1, origin # 66
# 67: E =   2.489458141876, sym = 14, origin # 67
# 68: E =   2.489458141876, sym = 12, origin # 68
# 69: E =   2.494842951489, sym = 11, origin # 69
# 70: E =   2.494842951489, sym = 13, origin # 70
# 71: E =   0.682288688282, sym = 10, origin # 71
# 72: E =   0.682288688282, sym =  8, origin # 72
# 73: E =   0.390610316028, sym =  3, origin # 73
# 74: E =   0.390610316028, sym =  5, origin # 74
# 75: E =   0.159680138282, sym =  2, origin # 75
HF det up: 0 1 2 3 4 5 6 7 8 9 10 11 12 13 
HF det dn: 0 1 2 3 4 5 6 7 8 9 10 11 12 13 
END OF reorder orbitals [0.1/23.8]GB [0.053/1.511/1.515]s
FCIDUMP cache saved to: integrals_cache.dat
END OF load integrals << setup [0.1/23.8]GB [0.145/1.656/1.659]s

BEG OF setup hci queue << setup [0.1/23.8]GB [0.001/0.000/1.660]s
Max hci queue elem: 0.4122390283 Ha
Number of entries in hci queue: 1,785,360
END OF setup hci queue << setup [0.1/23.8]GB [0.086/0.086/1.745]s
HF energy: -2097.7774837424 Ha
END OF setup [0.1/23.8]GB [0.004/1.749/1.749]s

BEG OF variation [0.1/23.8]GB [0.001/0.000/1.749]s
Final iteration 0 HF ndets= 1 energy= -2097.77748374

BEG OF eps_var 2.00e-04 << variation [0.1/23.8]GB [0.001/0.000/1.750]s
Loaded 1,575,490 dets from: wf_eps1_2.00e-04.dat
Effect dets (without time sym): 3,147,355
----------------------------------------
Excite Lv       # dets         Sum c^2
0                    1      0.00602337
1                   90      0.00000828
2                15588      0.12094828
3                53780      0.00346039
4               318142      0.40006180
5               372440      0.01833351
6               956937      0.34447986
7               471944      0.01783543
8               689887      0.08076750
9               133806      0.00366047
10              124248      0.00426818
11                6882      0.00010535
12                3610      0.00004760
----------------------------------------
Orbital                        Sum c^2
0                           1.99610463
1                           1.99611891
2                           1.98890997
3                           1.98905546
4                           1.98905546
5                           1.98901605
6                           1.98901605
7                           1.98882891
8                           1.95628983
9                           1.07563865
10                          1.07563865
11                          1.01426865
12                          1.01426865
13                          1.07836622
14                          0.90928117
15                          0.97381932
16                          0.97381932
17                          0.02534126
18                          0.91225251
19                          0.91225251
20                          0.00891520
21                          0.00891520
22                          0.00857635
23                          0.00599853
24                          0.00599853
25                          0.00553532
26                          0.00709202
27                          0.00292791
28                          0.00678127
29                          0.00678127
30                          0.00347561
31                          0.00279295
32                          0.00279295
33                          0.00747234
34                          0.00747234
35                          0.00290699
36                          0.00290699
37                          0.00278035
38                          0.00667768
39                          0.00667768
40                          0.00365168
41                          0.00365168
42                          0.00286387
43                          0.00197996
44                          0.00018877
45                          0.00000004
46                          0.00000004
47                          0.00007633
48                          0.00007633
49                          0.00003582
Sum orbitals c^2: 28.00000000
----------------------------------------
Most important dets:
Excite Lv         Coef      Det (Reordered orb)
2           0.10526476      |  0  1  2  3  4  5  6  7  8  9 10 12 13 15 |  0  1  2  3  4  5  6  7  8  9 10 11 13 16 |
2           0.09888992      |  0  1  2  3  4  5  6  7  8  9 11 12 13 16 |  0  1  2  3  4  5  6  7  8  9 10 12 13 18 |
2           0.09888992      |  0  1  2  3  4  5  6  7  8 10 11 12 13 15 |  0  1  2  3  4  5  6  7  8  9 10 11 13 19 |
2          -0.09882137      |  0  1  2  3  4  5  6  7  8 10 11 12 13 16 |  0  1  2  3  4  5  6  7  8  9 10 12 13 19 |
2          -0.09882137      |  0  1  2  3  4  5  6  7  8  9 11 12 13 15 |  0  1  2  3  4  5  6  7  8  9 10 11 13 18 |
2           0.09870186      |  0  1  2  3  4  5  6  7  8  9 10 12 13 14 |  0  1  2  3  4  5  6  7  8  9 10 11 12 16 |
2          -0.09870186      |  0  1  2  3  4  5  6  7  8  9 10 11 13 14 |  0  1  2  3  4  5  6  7  8  9 10 11 12 15 |
4          -0.09518288      |  0  1  2  3  4  5  6  7  8 10 12 13 15 16 |  0  1  2  3  4  5  6  7  8  9 10 13 16 19 |
4          -0.09518288      |  0  1  2  3  4  5  6  7  8  9 11 13 15 16 |  0  1  2  3  4  5  6  7  8  9 10 13 15 18 |
4           0.09514527      |  0  1  2  3  4  5  6  7  8 10 11 13 15 16 |  0  1  2  3  4  5  6  7  8  9 10 13 15 19 |
4           0.09514527      |  0  1  2  3  4  5  6  7  8  9 12 13 15 16 |  0  1  2  3  4  5  6  7  8  9 10 13 16 18 |
4           0.09504294      |  0  1  2  3  4  5  6  7  8  9 10 13 14 16 |  0  1  2  3  4  5  6  7  8  9 10 12 15 16 |
4          -0.09504294      |  0  1  2  3  4  5  6  7  8  9 10 13 14 15 |  0  1  2  3  4  5  6  7  8  9 10 11 15 16 |
2           0.09295679      |  0  1  2  3  4  5  6  7  8 10 11 12 13 18 |  0  1  2  3  4  5  6  7  8  9 11 12 13 19 |
2           0.09253242      |  0  1  2  3  4  5  6  7  8 10 11 12 13 14 |  0  1  2  3  4  5  6  7  8  9 10 11 12 19 |
2          -0.09253242      |  0  1  2  3  4  5  6  7  8  9 11 12 13 14 |  0  1  2  3  4  5  6  7  8  9 10 11 12 18 |
4          -0.09037724      |  0  1  2  3  4  5  6  7  8 10 12 13 15 19 |  0  1  2  3  4  5  6  7  8 10 11 13 16 19 |
4          -0.09037724      |  0  1  2  3  4  5  6  7  8  9 12 13 15 18 |  0  1  2  3  4  5  6  7  8  9 11 13 16 18 |
4          -0.08997705      |  0  1  2  3  4  5  6  7  8  9 10 12 14 15 |  0  1  2  3  4  5  6  7  8  9 10 11 14 16 |
4          -0.08950765      |  0  1  2  3  4  5  6  7  8 10 12 13 16 18 |  0  1  2  3  4  5  6  7  8  9 12 13 16 19 |
----------------------------------------
HF energy: -2097.7774837424 Ha
Variational energy: -2099.7895080679 Ha
END OF eps_var 2.00e-04 << variation [0.5/24.2]GB [1.469/1.469/3.219]s

BEG OF eps_var 1.00e-04 << variation [0.5/24.2]GB [0.001/0.000/3.219]s
Loaded 4,264,091 dets from: wf_eps1_1.00e-04.dat
Effect dets (without time sym): 8,522,018
----------------------------------------
Excite Lv       # dets         Sum c^2
0                    1      0.00545826
1                  122      0.00000996
2                23568      0.11227627
3                98306      0.00327578
4               607367      0.38518144
5               878796      0.01782621
6              2220413      0.35286344
7              1373154      0.01841117
8              2055191      0.09349758
9               562550      0.00434048
10              590795      0.00655115
11               61162      0.00019541
12               48771      0.00011134
13                1134      0.00000127
14                 688      0.00000025
----------------------------------------
Orbital                        Sum c^2
0                           1.99606852
1                           1.99607806
2                           1.98864681
3                           1.98885541
4                           1.98885541
5                           1.98882211
6                           1.98882211
7                           1.98857211
8                           1.85819156
9                           1.07377841
10                          1.07377841
11                          1.01356118
12                          1.01356118
13                          1.07604123
14                          0.91177547
15                          0.97425902
16                          0.97425902
17                          0.12021098
18                          0.91401467
19                          0.91401467
20                          0.00907120
21                          0.00907120
22                          0.00877980
23                          0.00609340
24                          0.00609340
25                          0.00568352
26                          0.00739732
27                          0.00297008
28                          0.00691207
29                          0.00691207
30                          0.00434551
31                          0.00283283
32                          0.00283283
33                          0.00763926
34                          0.00763926
35                          0.00294066
36                          0.00294066
37                          0.00281823
38                          0.00682448
39                          0.00682448
40                          0.00358267
41                          0.00358267
42                          0.00319971
43                          0.00221032
44                          0.00021937
45                          0.00000086
46                          0.00000086
47                          0.00013811
48                          0.00013811
49                          0.00032697
Sum orbitals c^2: 28.00000000
----------------------------------------
Most important dets:
Excite Lv         Coef      Det (Reordered orb)
2           0.10034007      |  0  1  2  3  4  5  6  7  8  9 10 12 13 15 |  0  1  2  3  4  5  6  7  8  9 10 11 13 16 |
2           0.09424257      |  0  1  2  3  4  5  6  7  8  9 11 12 13 16 |  0  1  2  3  4  5  6  7  8  9 10 12 13 18 |
2           0.09424257      |  0  1  2  3  4  5  6  7  8 10 11 12 13 15 |  0  1  2  3  4  5  6  7  8  9 10 11 13 19 |
2          -0.09419241      |  0  1  2  3  4  5  6  7  8  9 11 12 13 15 |  0  1  2  3  4  5  6  7  8  9 10 11 13 18 |
2          -0.09419241      |  0  1  2  3  4  5  6  7  8 10 11 12 13 16 |  0  1  2  3  4  5  6  7  8  9 10 12 13 19 |
2           0.09418432      |  0  1  2  3  4  5  6  7  8  9 10 12 13 14 |  0  1  2  3  4  5  6  7  8  9 10 11 12 16 |
2          -0.09418432      |  0  1  2  3  4  5  6  7  8  9 10 11 13 14 |  0  1  2  3  4  5  6  7  8  9 10 11 12 15 |
4          -0.09077732      |  0  1  2  3  4  5  6  7  8 10 12 13 15 16 |  0  1  2  3  4  5  6  7  8  9 10 13 16 19 |
4          -0.09077732      |  0  1  2  3  4  5  6  7  8  9 11 13 15 16 |  0  1  2  3  4  5  6  7  8  9 10 13 15 18 |
4           0.09076475      |  0  1  2  3  4  5  6  7  8  9 10 13 14 16 |  0  1  2  3  4  5  6  7  8  9 10 12 15 16 |
4          -0.09076475      |  0  1  2  3  4  5  6  7  8  9 10 13 14 15 |  0  1  2  3  4  5  6  7  8  9 10 11 15 16 |
4           0.09074883      |  0  1  2  3  4  5  6  7  8  9 12 13 15 16 |  0  1  2  3  4  5  6  7  8  9 10 13 16 18 |
4           0.09074883      |  0  1  2  3  4  5  6  7  8 10 11 13 15 16 |  0  1  2  3  4  5  6  7  8  9 10 13 15 19 |
2           0.08868565      |  0  1  2  3  4  5  6  7  8 10 11 12 13 18 |  0  1  2  3  4  5  6  7  8  9 11 12 13 19 |
2          -0.08838925      |  0  1  2  3  4  5  6  7  8  9 11 12 13 14 |  0  1  2  3  4  5  6  7  8  9 10 11 12 18 |
2           0.08838925      |  0  1  2  3  4  5  6  7  8 10 11 12 13 14 |  0  1  2  3  4  5  6  7  8  9 10 11 12 19 |
4          -0.08621653      |  0  1  2  3  4  5  6  7  8 10 12 13 15 19 |  0  1  2  3  4  5  6  7  8 10 11 13 16 19 |
4          -0.08621653      |  0  1  2  3  4  5  6  7  8  9 12 13 15 18 |  0  1  2  3  4  5  6  7  8  9 11 13 16 18 |
4          -0.08596503      |  0  1  2  3  4  5  6  7  8  9 10 12 14 15 |  0  1  2  3  4  5  6  7  8  9 10 11 14 16 |
4          -0.08545869      |  0  1  2  3  4  5  6  7  8 10 12 13 16 18 |  0  1  2  3  4  5  6  7  8  9 12 13 16 19 |
----------------------------------------
HF energy: -2097.7774837424 Ha
Variational energy: -2099.8079954464 Ha
END OF eps_var 1.00e-04 << variation [1.1/24.8]GB [4.165/4.165/7.384]s

BEG OF eps_var 5.00e-05 << variation [1.1/24.8]GB [0.001/0.000/7.384]s
Loaded 10,931,601 dets from: wf_eps1_5.00e-05.dat
Effect dets (without time sym): 21,855,086
----------------------------------------
Excite Lv       # dets         Sum c^2
0                    1      0.00543402
1                  158      0.00001302
2                34055      0.11057637
3               188844      0.00345180
4              1220038      0.37930601
5              2375548      0.01858022
6              5352212      0.35302649
7              4250816      0.01942136
8              5023621      0.09755427
9              1703816      0.00478394
10             1395047      0.00746428
11              184970      0.00024398
12              120112      0.00014195
13                3810      0.00000185
14                2038      0.00000044
----------------------------------------
Orbital                        Sum c^2
0                           1.99601926
1                           1.99602841
2                           1.98845311
3                           1.98860135
4                           1.98860135
5                           1.98856438
6                           1.98856438
7                           1.98837253
8                           1.81860938
9                           1.07661632
10                          1.07661632
11                          1.01377926
12                          1.01377926
13                          1.07909010
14                          0.90783857
15                          0.97274539
16                          0.97274539
17                          0.15165485
18                          0.90959904
19                          0.90959904
20                          0.01005444
21                          0.01005444
22                          0.00970887
23                          0.00654954
24                          0.00654954
25                          0.00610354
26                          0.00918995
27                          0.00301226
28                          0.00874378
29                          0.00874378
30                          0.00574558
31                          0.00285034
32                          0.00285034
33                          0.00840579
34                          0.00840579
35                          0.00296337
36                          0.00296337
37                          0.00284863
38                          0.00741424
39                          0.00741424
40                          0.00364868
41                          0.00364868
42                          0.00336004
43                          0.00236538
44                          0.00025960
45                          0.00000474
46                          0.00000474
47                          0.00018082
48                          0.00018082
49                          0.00056007
Sum orbitals c^2: 28.00000000
----------------------------------------
Most important dets:
Excite Lv         Coef      Det (Reordered orb)
2           0.09965200      |  0  1  2  3  4  5  6  7  8  9 10 12 13 15 |  0  1  2  3  4  5  6  7  8  9 10 11 13 16 |
2           0.09316216      |  0  1  2  3  4  5  6  7  8 10 11 12 13 15 |  0  1  2  3  4  5  6  7  8  9 10 11 13 19 |
2           0.09316216      |  0  1  2  3  4  5  6  7  8  9 11 12 13 16 |  0  1  2  3  4  5  6  7  8  9 10 12 13 18 |
2          -0.09308080      |  0  1  2  3  4  5  6  7  8 10 11 12 13 16 |  0  1  2  3  4  5  6  7  8  9 10 12 13 19 |
2          -0.09308080      |  0  1  2  3  4  5  6  7  8  9 11 12 13 15 |  0  1  2  3  4  5  6  7  8  9 10 11 13 18 |
2           0.09306799      |  0  1  2  3  4  5  6  7  8  9 10 12 13 14 |  0  1  2  3  4  5  6  7  8  9 10 11 12 16 |
2          -0.09306799      |  0  1  2  3  4  5  6  7  8  9 10 11 13 14 |  0  1  2  3  4  5  6  7  8  9 10 11 12 15 |
4          -0.08947952      |  0  1  2  3  4  5  6  7  8 10 12 13 15 16 |  0  1  2  3  4  5  6  7  8  9 10 13 16 19 |
4          -0.08947952      |  0  1  2  3  4  5  6  7  8  9 11 13 15 16 |  0  1  2  3  4  5  6  7  8  9 10 13 15 18 |
4           0.08944454      |  0  1  2  3  4  5  6  7  8  9 10 13 14 16 |  0  1  2  3  4  5  6  7  8  9 10 12 15 16 |
4          -0.08944454      |  0  1  2  3  4  5  6  7  8  9 10 13 14 15 |  0  1  2  3  4  5  6  7  8  9 10 11 15 16 |
4           0.08942915      |  0  1  2  3  4  5  6  7  8  9 12 13 15 16 |  0  1  2  3  4  5  6  7  8  9 10 13 16 18 |
4           0.08942915      |  0  1  2  3  4  5  6  7  8 10 11 13 15 16 |  0  1  2  3  4  5  6  7  8  9 10 13 15 19 |
2           0.08722311      |  0  1  2  3  4  5  6  7  8 10 11 12 13 18 |  0  1  2  3  4  5  6  7  8  9 11 12 13 19 |
2           0.08695651      |  0  1  2  3  4  5  6  7  8 10 11 12 13 14 |  0  1  2  3  4  5  6  7  8  9 10 11 12 19 |
2          -0.08695651      |  0  1  2  3  4  5  6  7  8  9 11 12 13 14 |  0  1  2  3  4  5  6  7  8  9 10 11 12 18 |
4          -0.08462063      |  0  1  2  3  4  5  6  7  8 10 12 13 15 19 |  0  1  2  3  4  5  6  7  8 10 11 13 16 19 |
4          -0.08462063      |  0  1  2  3  4  5  6  7  8  9 12 13 15 18 |  0  1  2  3  4  5  6  7  8  9 11 13 16 18 |
4          -0.08438363      |  0  1  2  3  4  5  6  7  8  9 10 12 14 15 |  0  1  2  3  4  5  6  7  8  9 10 11 14 16 |
4          -0.08384760      |  0  1  2  3  4  5  6  7  8 10 12 13 16 18 |  0  1  2  3  4  5  6  7  8  9 12 13 16 19 |
----------------------------------------
HF energy: -2097.7774837424 Ha
Variational energy: -2099.8197454504 Ha
END OF eps_var 5.00e-05 << variation [2.7/26.5]GB [9.155/9.155/16.539]s

BEG OF eps_var 3.00e-05 << variation [2.7/26.5]GB [0.001/0.000/16.540]s
Loaded 29,723,848 dets from: wf_eps1_3.00e-05.dat
Effect dets (without time sym): 59,437,391
----------------------------------------
Excite Lv       # dets         Sum c^2
0                    1      0.00567127
1                  168      0.00002001
2                44501      0.11222492
3               350472      0.00385202
4              2492799      0.37752840
5              6282788      0.02008633
6             13674988      0.34879437
7             13277512      0.02079362
8             13597101      0.09756143
9              5439482      0.00518938
10             3479088      0.00783445
11              503202      0.00027861
12              281650      0.00016233
13                8816      0.00000233
14                4823      0.00000054
----------------------------------------
Orbital                        Sum c^2
0                           1.99595492
1                           1.99596352
2                           1.98793852
3                           1.98813487
4                           1.98813487
5                           1.98809290
6                           1.98809290
7                           1.98784282
8                           1.80856027
9                           1.08138782
10                          1.08138782
11                          1.01433130
12                          1.01433130
13                          1.08436264
14                          0.90127491
15                          0.97037096
16                          0.97037096
17                          0.15110109
18                          0.90291035
19                          0.90291035
20                          0.01137843
21                          0.01137843
22                          0.01087856
23                          0.00704186
24                          0.00704186
25                          0.00657175
26                          0.01137262
27                          0.00312286
28                          0.01156272
29                          0.01156272
30                          0.00666569
31                          0.00295385
32                          0.00295385
33                          0.00934585
34                          0.00934585
35                          0.00307625
36                          0.00307625
37                          0.00294427
38                          0.00812751
39                          0.00812751
40                          0.00386582
41                          0.00386582
42                          0.00345933
43                          0.00259716
44                          0.00029867
45                          0.00000764
46                          0.00000764
47                          0.00020365
48                          0.00020365
49                          0.00113502
Sum orbitals c^2: 28.00000000
----------------------------------------
Most important dets:
Excite Lv         Coef      Det (Reordered orb)
2           0.10100532      |  0  1  2  3  4  5  6  7  8  9 10 12 13 15 |  0  1  2  3  4  5  6  7  8  9 10 11 13 16 |
2           0.09382024      |  0  1  2  3  4  5  6  7  8  9 11 12 13 16 |  0  1  2  3  4  5  6  7  8  9 10 12 13 18 |
2           0.09382024      |  0  1  2  3  4  5  6  7  8 10 11 12 13 15 |  0  1  2  3  4  5  6  7  8  9 10 11 13 19 |
2          -0.09373901      |  0  1  2  3  4  5  6  7  8 10 11 12 13 16 |  0  1  2  3  4  5  6  7  8  9 10 12 13 19 |
2          -0.09373901      |  0  1  2  3  4  5  6  7  8  9 11 12 13 15 |  0  1  2  3  4  5  6  7  8  9 10 11 13 18 |
2           0.09371026      |  0  1  2  3  4  5  6  7  8  9 10 12 13 14 |  0  1  2  3  4  5  6  7  8  9 10 11 12 16 |
2          -0.09371026      |  0  1  2  3  4  5  6  7  8  9 10 11 13 14 |  0  1  2  3  4  5  6  7  8  9 10 11 12 15 |
4          -0.08978447      |  0  1  2  3  4  5  6  7  8 10 12 13 15 16 |  0  1  2  3  4  5  6  7  8  9 10 13 16 19 |
4          -0.08978447      |  0  1  2  3  4  5  6  7  8  9 11 13 15 16 |  0  1  2  3  4  5  6  7  8  9 10 13 15 18 |
4           0.08974098      |  0  1  2  3  4  5  6  7  8  9 12 13 15 16 |  0  1  2  3  4  5  6  7  8  9 10 13 16 18 |
4           0.08974098      |  0  1  2  3  4  5  6  7  8 10 11 13 15 16 |  0  1  2  3  4  5  6  7  8  9 10 13 15 19 |
4           0.08972850      |  0  1  2  3  4  5  6  7  8  9 10 13 14 16 |  0  1  2  3  4  5  6  7  8  9 10 12 15 16 |
4          -0.08972850      |  0  1  2  3  4  5  6  7  8  9 10 13 14 15 |  0  1  2  3  4  5  6  7  8  9 10 11 15 16 |
2           0.08730261      |  0  1  2  3  4  5  6  7  8 10 11 12 13 18 |  0  1  2  3  4  5  6  7  8  9 11 12 13 19 |
2           0.08698637      |  0  1  2  3  4  5  6  7  8 10 11 12 13 14 |  0  1  2  3  4  5  6  7  8  9 10 11 12 19 |
2          -0.08698637      |  0  1  2  3  4  5  6  7  8  9 11 12 13 14 |  0  1  2  3  4  5  6  7  8  9 10 11 12 18 |
4          -0.08451947      |  0  1  2  3  4  5  6  7  8 10 12 13 15 19 |  0  1  2  3  4  5  6  7  8 10 11 13 16 19 |
4          -0.08451947      |  0  1  2  3  4  5  6  7  8  9 12 13 15 18 |  0  1  2  3  4  5  6  7  8  9 11 13 16 18 |
4          -0.08425870      |  0  1  2  3  4  5  6  7  8  9 10 12 14 15 |  0  1  2  3  4  5  6  7  8  9 10 11 14 16 |
4          -0.08362679      |  0  1  2  3  4  5  6  7  8 10 12 13 16 18 |  0  1  2  3  4  5  6  7  8  9 12 13 16 19 |
----------------------------------------
HF energy: -2097.7774837424 Ha
Variational energy: -2099.8324721926 Ha
END OF eps_var 3.00e-05 << variation [4.9/28.6]GB [25.437/25.437/41.976]s

BEG OF eps_var 2.00e-05 << variation [4.9/28.6]GB [0.001/0.000/41.976]s
Loaded 67,522,658 dets from: wf_eps1_2.00e-05.dat
Effect dets (without time sym): 135,032,509
----------------------------------------
Excite Lv       # dets         Sum c^2
0                    1      0.00582130
1                  172      0.00002928
2                53768      0.11327737
3               575142      0.00425647
4              4479308      0.37631990
5             13034182      0.02178153
6             28905356      0.34516887
7             31606970      0.02250293
8             31642028      0.09674296
9             14577408      0.00566631
10             8129506      0.00794673
11             1412124      0.00030944
12              582476      0.00017357
13               24512      0.00000273
14                9556      0.00000061
----------------------------------------
Orbital                        Sum c^2
0                           1.99586323
1                           1.99587318
2                           1.98737115
3                           1.98760026
4                           1.98760026
5                           1.98755632
6                           1.98755632
7                           1.98726423
8                           1.81038250
9                           1.08313824
10                          1.08313824
11                          1.01460092
12                          1.01460092
13                          1.08544135
14                          0.89848851
15                          0.96851163
16                          0.96851163
17                          0.14158618
18                          0.89941760
19                          0.89941760
20                          0.01248147
21                          0.01248147
22                          0.01177010
23                          0.00754427
24                          0.00754427
25                          0.00705790
26                          0.01344282
27                          0.00325375
28                          0.01385847
29                          0.01385847
30                          0.00691606
31                          0.00307302
32                          0.00307302
33                          0.01007216
34                          0.01007216
35                          0.00320410
36                          0.00320410
37                          0.00305994
38                          0.00869013
39                          0.00869013
40                          0.00428110
41                          0.00428110
42                          0.00370184
43                          0.00271260
44                          0.00034656
45                          0.00001160
46                          0.00001160
47                          0.00023461
48                          0.00023461
49                          0.00140054
Sum orbitals c^2: 28.00000000
----------------------------------------
Most important dets:
Excite Lv         Coef      Det (Reordered orb)
2           0.10166873      |  0  1  2  3  4  5  6  7  8  9 10 12 13 15 |  0  1  2  3  4  5  6  7  8  9 10 11 13 16 |
2           0.09427544      |  0  1  2  3  4  5  6  7  8  9 11 12 13 16 |  0  1  2  3  4  5  6  7  8  9 10 12 13 18 |
2           0.09427544      |  0  1  2  3  4  5  6  7  8 10 11 12 13 15 |  0  1  2  3  4  5  6  7  8  9 10 11 13 19 |
2           0.09426722      |  0  1  2  3  4  5  6  7  8  9 10 12 13 14 |  0  1  2  3  4  5  6  7  8  9 10 11 12 16 |
2          -0.09426722      |  0  1  2  3  4  5  6  7  8  9 10 11 13 14 |  0  1  2  3  4  5  6  7  8  9 10 11 12 15 |
2          -0.09416744      |  0  1  2  3  4  5  6  7  8 10 11 12 13 16 |  0  1  2  3  4  5  6  7  8  9 10 12 13 19 |
2          -0.09416744      |  0  1  2  3  4  5  6  7  8  9 11 12 13 15 |  0  1  2  3  4  5  6  7  8  9 10 11 13 18 |
4          -0.09005484      |  0  1  2  3  4  5  6  7  8  9 10 13 14 15 |  0  1  2  3  4  5  6  7  8  9 10 11 15 16 |
4           0.09005484      |  0  1  2  3  4  5  6  7  8  9 10 13 14 16 |  0  1  2  3  4  5  6  7  8  9 10 12 15 16 |
4          -0.08999907      |  0  1  2  3  4  5  6  7  8 10 12 13 15 16 |  0  1  2  3  4  5  6  7  8  9 10 13 16 19 |
4          -0.08999907      |  0  1  2  3  4  5  6  7  8  9 11 13 15 16 |  0  1  2  3  4  5  6  7  8  9 10 13 15 18 |
4           0.08993344      |  0  1  2  3  4  5  6  7  8 10 11 13 15 16 |  0  1  2  3  4  5  6  7  8  9 10 13 15 19 |
4           0.08993344      |  0  1  2  3  4  5  6  7  8  9 12 13 15 16 |  0  1  2  3  4  5  6  7  8  9 10 13 16 18 |
2           0.08755452      |  0  1  2  3  4  5  6  7  8 10 11 12 13 18 |  0  1  2  3  4  5  6  7  8  9 11 12 13 19 |
2           0.08732790      |  0  1  2  3  4  5  6  7  8 10 11 12 13 14 |  0  1  2  3  4  5  6  7  8  9 10 11 12 19 |
2          -0.08732790      |  0  1  2  3  4  5  6  7  8  9 11 12 13 14 |  0  1  2  3  4  5  6  7  8  9 10 11 12 18 |
4          -0.08455173      |  0  1  2  3  4  5  6  7  8 10 12 13 15 19 |  0  1  2  3  4  5  6  7  8 10 11 13 16 19 |
4          -0.08455173      |  0  1  2  3  4  5  6  7  8  9 12 13 15 18 |  0  1  2  3  4  5  6  7  8  9 11 13 16 18 |
4          -0.08443194      |  0  1  2  3  4  5  6  7  8  9 10 12 14 15 |  0  1  2  3  4  5  6  7  8  9 10 11 14 16 |
4          -0.08365719      |  0  1  2  3  4  5  6  7  8 10 12 13 16 18 |  0  1  2  3  4  5  6  7  8  9 12 13 16 19 |
----------------------------------------
HF energy: -2097.7774837424 Ha
Variational energy: -2099.8436458125 Ha
END OF eps_var 2.00e-05 << variation [17.5/41.2]GB [59.604/59.604/101.580]s

BEG OF eps_var 1.00e-05 << variation [17.5/41.2]GB [0.001/0.000/101.581]s

BEG OF main << eps_var 1.00e-05 << variation [17.5/41.2]GB [0.005/0.000/101.585]s

BEG OF #1 << main << eps_var 1.00e-05 << variation [18.0/41.7]GB [0.213/0.001/101.799]s
20% 40% 60% 80% 100% 
Number of dets / new dets: 221,220,582 / 153,697,924
END OF get next det list [53.2/76.9]GB [363.116/363.116/464.914]s
END OF update unique ab [64.7/88.4]GB [511.891/875.006/976.804]s
END OF create abm1 [65.1/88.8]GB [441.816/1316.821/1418.619]s
Outer size of a/b singles: 19,089,590 / 0
Full size of absingles: 2,135,351,578
END OF create absingles [87.4/111.1]GB [242.266/1559.086/1660.884]s
10% 20% 30% 40% 50% 60% 70% 80% 90% 100% 
Number of nonzero elems: 75,294,490,818
END OF generate sparse hamiltonian [504.9/528.6]GB [7152.444/8711.530/8813.328]s
Davidson #0: -2099.8436458128
Davidson #1: -2099.8579221723
Davidson #2: -2099.8585632447
Davidson #3: -2099.8587134361
Davidson #4: -2099.8587721977
Davidson #5: -2099.8587935512
Davidson #6: -2099.8588074759
Davidson #7: -2099.8588188485
Davidson #8: -2099.8588268331
END OF diagonalize sparse hamiltonian [531.5/555.2]GB [721.820/9433.349/9535.147]s
Iteration 1 eps1= 1.00e-05 ndets= 221,220,582 energy= -2099.85882683
END OF #1 << main << eps_var 1.00e-05 << variation [531.5/555.2]GB [0.001/9433.350/9535.147]s

BEG OF #2 << main << eps_var 1.00e-05 << variation [531.5/555.2]GB [0.477/0.001/9535.624]s
20% 40% 60% 80% 100% 
Number of dets / new dets: 239,773,049 / 18,552,467
END OF get next det list [531.8/555.6]GB [378.437/378.437/9914.061]s
END OF update unique ab [532.0/555.7]GB [77.925/456.362/9991.986]s
END OF create abm1 [532.0/555.7]GB [121.480/577.841/10113.465]s
Outer size of a/b singles: 20,253,625 / 0
Full size of absingles: 1,498,372,388
END OF create absingles [532.1/555.8]GB [58.122/635.963/10171.586]s
10% 20% 30% 40% 50% 60% 70% 80% 90% 100% 
Number of nonzero elems: 82,659,420,833
END OF generate sparse hamiltonian [550.2/573.9]GB [4880.869/5516.831/15052.455]s
Davidson #0: -2099.8588268324
Davidson #1: -2099.8597736552
Davidson #2: -2099.8598128482
Davidson #3: -2099.8598263981
Davidson #4: -2099.8598415138
Davidson #5: -2099.8598470149
Davidson #6: -2099.8598520241
Davidson #7: -2099.8598586192
Davidson #8: -2099.8598638721
END OF diagonalize sparse hamiltonian [578.9/602.6]GB [742.195/6259.025/15794.649]s
Iteration 2 eps1= 1.00e-05 ndets= 239,773,049 energy= -2099.85986387
END OF #2 << main << eps_var 1.00e-05 << variation [578.9/602.6]GB [0.001/6259.026/15794.649]s

BEG OF #3 << main << eps_var 1.00e-05 << variation [578.9/602.6]GB [0.492/0.001/15795.141]s
20% 40% 60% 80% 100% 
Number of dets / new dets: 244,392,760 / 4,619,711
END OF get next det list [584.7/608.4]GB [307.109/307.109/16102.250]s
END OF update unique ab [584.7/608.4]GB [22.706/329.814/16124.955]s
END OF create abm1 [585.0/608.7]GB [46.191/376.004/16171.145]s
Outer size of a/b singles: 20,535,492 / 0
Full size of absingles: 846,664,768
END OF create absingles [585.0/608.7]GB [22.137/398.141/16193.282]s
10% 20% 30% 40% 50% 60% 70% 80% 90% 100% 
Number of nonzero elems: 84,680,150,270
END OF generate sparse hamiltonian [584.7/608.4]GB [1535.306/1933.446/17728.587]s
Davidson #0: -2099.8598638720
Davidson #1: -2099.8600622845
Davidson #2: -2099.8600779545
Davidson #3: -2099.8600808871
Davidson #4: -2099.8600833816
Davidson #5: -2099.8600846346
Davidson #6: -2099.8600857859
Davidson #7: -2099.8600888393
Davidson #8: -2099.8600912735
END OF diagonalize sparse hamiltonian [596.4/620.1]GB [642.089/2575.534/18370.675]s
Iteration 3 eps1= 1.00e-05 ndets= 244,392,760 energy= -2099.86009127
END OF #3 << main << eps_var 1.00e-05 << variation [596.4/620.1]GB [0.001/2575.534/18370.675]s

BEG OF #4 << main << eps_var 1.00e-05 << variation [596.4/620.1]GB [0.011/0.000/18370.686]s
20% 40% 60% 80% 100% 
Number of dets / new dets: 246,791,257 / 2,398,497
END OF get next det list [595.8/619.5]GB [216.558/216.558/18587.244]s
END OF update unique ab [595.9/619.6]GB [14.464/231.022/18601.708]s
END OF create abm1 [596.0/619.8]GB [24.142/255.163/18625.849]s
Outer size of a/b singles: 20,676,783 / 0
Full size of absingles: 659,535,578
END OF create absingles [596.6/620.3]GB [15.426/270.589/18641.275]s
10% 20% 30% 40% 50% 60% 70% 80% 90% 100% 
Number of nonzero elems: 85,754,384,499
END OF generate sparse hamiltonian [597.1/620.8]GB [1062.630/1333.218/19703.904]s
Davidson #0: -2099.8600912729
Davidson #1: -2099.8601947708
Davidson #2: -2099.8601971265
Davidson #3: -2099.8601980632
Davidson #4: -2099.8601986526
Davidson #5: -2099.8601988734
Davidson #6: -2099.8601992103
Davidson #7: -2099.8601997920
Davidson #8: -2099.8602006375
END OF diagonalize sparse hamiltonian [597.4/621.1]GB [570.543/1903.760/20274.446]s
Iteration 4 eps1= 1.00e-05 ndets= 246,791,257 energy= -2099.86020064
END OF #4 << main << eps_var 1.00e-05 << variation [597.4/621.1]GB [0.001/1903.760/20274.446]s

BEG OF #5 << main << eps_var 1.00e-05 << variation [597.4/621.1]GB [0.005/0.000/20274.451]s
20% 40% 60% 80% 100% 
Number of dets / new dets: 247,408,381 / 617,124
END OF get next det list [612.8/636.5]GB [193.265/193.265/20467.716]s
END OF update unique ab [612.8/636.5]GB [6.928/200.192/20474.643]s
END OF create abm1 [612.9/636.6]GB [7.993/208.185/20482.635]s
Outer size of a/b singles: 20,708,305 / 0
Full size of absingles: 312,872,362
END OF create absingles [613.5/637.2]GB [7.708/215.892/20490.343]s
10% 20% 30% 40% 50% 60% 70% 80% 90% 100% 
Number of nonzero elems: 86,044,955,683
END OF generate sparse hamiltonian [613.5/637.2]GB [612.571/828.462/21102.913]s
Davidson #0: -2099.8602006376
Davidson #1: -2099.8602248823
Davidson #2: -2099.8602267423
Davidson #3: -2099.8602270677
Davidson #4: -2099.8602272140
Davidson #5: -2099.8602272808
Davidson #6: -2099.8602273734
Davidson #7: -2099.8602275883
Davidson #8: -2099.8602278168
END OF diagonalize sparse hamiltonian [613.4/637.1]GB [694.496/1522.958/21797.409]s
Iteration 5 eps1= 1.00e-05 ndets= 247,408,381 energy= -2099.86022782
END OF #5 << main << eps_var 1.00e-05 << variation [613.4/637.1]GB [0.001/1522.958/21797.409]s

BEG OF #6 << main << eps_var 1.00e-05 << variation [613.4/637.1]GB [0.002/0.000/21797.410]s
20% 40% 60% 80% 100% 
Number of dets / new dets: 247,699,855 / 291,474
END OF get next det list [613.4/637.1]GB [113.730/113.730/21911.141]s
END OF update unique ab [613.4/637.1]GB [5.050/118.780/21916.191]s
END OF create abm1 [613.4/637.1]GB [3.897/122.677/21920.087]s
Outer size of a/b singles: 20,722,123 / 0
Full size of absingles: 201,307,168
END OF create absingles [613.5/637.2]GB [5.758/128.434/21925.844]s
10% 20% 30% 40% 50% 60% 70% 80% 90% 100% 
Number of nonzero elems: 86,170,891,593
END OF generate sparse hamiltonian [613.4/637.1]GB [526.172/654.605/22452.015]s
Davidson #0: -2099.8602278173
Davidson #1: -2099.8602402588
Davidson #2: -2099.8602405979
Davidson #3: -2099.8602406861
Davidson #4: -2099.8602407392
Davidson #5: -2099.8602407584
Davidson #6: -2099.8602407891
Davidson #7: -2099.8602408611
Davidson #8: -2099.8602409585
END OF diagonalize sparse hamiltonian [613.0/636.7]GB [485.688/1140.292/22937.702]s
Iteration 6 eps1= 1.00e-05 ndets= 247,699,855 energy= -2099.86024096
END OF #6 << main << eps_var 1.00e-05 << variation [613.0/636.7]GB [0.001/1140.292/22937.703]s

BEG OF #7 << main << eps_var 1.00e-05 << variation [613.0/636.7]GB [0.001/0.000/22937.703]s
20% 40% 60% 80% 100% 
Number of dets / new dets: 247,848,550 / 148,695
END OF get next det list [612.4/636.1]GB [102.701/102.701/23040.404]s
END OF update unique ab [612.4/636.1]GB [3.712/106.413/23044.116]s
END OF create abm1 [612.5/636.2]GB [2.163/108.575/23046.278]s
Outer size of a/b singles: 20,729,328 / 0
Full size of absingles: 124,573,390
END OF create absingles [613.0/636.8]GB [4.140/112.714/23050.418]s
10% 20% 30% 40% 50% 60% 70% 80% 90% 100% 
Number of nonzero elems: 86,234,794,538
END OF generate sparse hamiltonian [613.6/637.3]GB [448.318/561.031/23498.735]s
Davidson #0: -2099.8602409584
Davidson #1: -2099.8602471239
Davidson #2: -2099.8602473358
Davidson #3: -2099.8602473830
Davidson #4: -2099.8602474044
Davidson #5: -2099.8602474118
Davidson #6: -2099.8602474216
Davidson #7: -2099.8602474381
Davidson #8: -2099.8602474591
END OF diagonalize sparse hamiltonian [612.5/636.2]GB [653.799/1214.830/24152.534]s
Iteration 7 eps1= 1.00e-05 ndets= 247,848,550 energy= -2099.86024746
END OF #7 << main << eps_var 1.00e-05 << variation [612.5/636.2]GB [0.001/1214.831/24152.534]s

BEG OF #8 << main << eps_var 1.00e-05 << variation [612.5/636.2]GB [0.001/0.000/24152.535]s
Davidson #0: -2099.8602474594
Davidson #1: -2099.8602474731
Davidson #2: -2099.8602474821
Davidson #3: -2099.8602474895
Davidson #4: -2099.8602474936
Davidson #5: -2099.8602474957
Davidson #6: -2099.8602475008
Davidson #7: -2099.8602475068
Davidson #8: -2099.8602475139
END OF diagonalize sparse hamiltonian [612.5/636.2]GB [645.916/645.916/24798.451]s
Iteration 8 eps1= 1.00e-05 ndets= 247,848,550 energy= -2099.86024751
END OF #8 << main << eps_var 1.00e-05 << variation [612.5/636.2]GB [0.001/645.916/24798.451]s

BEG OF #9 << main << eps_var 1.00e-05 << variation [612.5/636.2]GB [0.000/0.000/24798.451]s
Davidson #0: -2099.8602475137
Davidson #1: -2099.8602475196
Davidson #2: -2099.8602475239
Davidson #3: -2099.8602475273
Davidson #4: -2099.8602475290
Davidson #5: -2099.8602475305
Davidson #6: -2099.8602475331
Davidson #7: -2099.8602475364
Davidson #8: -2099.8602475402
END OF diagonalize sparse hamiltonian [612.4/636.1]GB [613.278/613.278/25411.729]s
Iteration 9 eps1= 1.00e-05 ndets= 247,848,550 energy= -2099.86024754
END OF #9 << main << eps_var 1.00e-05 << variation [612.4/636.1]GB [0.001/613.278/25411.729]s

BEG OF #10 << main << eps_var 1.00e-05 << variation [612.4/636.1]GB [0.000/0.000/25411.729]s
Davidson #0: -2099.8602475409
Davidson #1: -2099.8602475442
Davidson #2: -2099.8602475467
Davidson #3: -2099.8602475486
Davidson #4: -2099.8602475495
Davidson #5: -2099.8602475503
Davidson #6: -2099.8602475519
Davidson #7: -2099.8602475539
Davidson #8: -2099.8602475561
END OF diagonalize sparse hamiltonian [612.3/636.1]GB [489.194/489.194/25900.923]s
Iteration 10 eps1= 1.00e-05 ndets= 247,848,550 energy= -2099.86024756
END OF #10 << main << eps_var 1.00e-05 << variation [612.3/636.1]GB [0.001/489.194/25900.923]s

BEG OF #11 << main << eps_var 1.00e-05 << variation [612.3/636.1]GB [0.000/0.000/25900.923]s
Davidson #0: -2099.8602475555
Davidson #1: -2099.8602475575
Davidson #2: -2099.8602475590
Davidson #3: -2099.8602475601
Davidson #4: -2099.8602475607
Davidson #5: -2099.8602475616
Davidson #6: -2099.8602475626
Davidson #7: -2099.8602475638
Davidson #8: -2099.8602475652
END OF diagonalize sparse hamiltonian [612.2/636.0]GB [500.565/500.565/26401.488]s
Iteration 11 eps1= 1.00e-05 ndets= 247,848,550 energy= -2099.86024757
END OF #11 << main << eps_var 1.00e-05 << variation [612.2/636.0]GB [0.001/500.565/26401.488]s

BEG OF #12 << main << eps_var 1.00e-05 << variation [612.2/636.0]GB [0.000/0.000/26401.488]s
Davidson #0: -2099.8602475651
Davidson #1: -2099.8602475663
Davidson #2: -2099.8602475673
Davidson #3: -2099.8602475680
Davidson #4: -2099.8602475684
Davidson #5: -2099.8602475683
Davidson #6: -2099.8602475689
Davidson #7: -2099.8602475697
Davidson #8: -2099.8602475706
END OF diagonalize sparse hamiltonian [612.4/636.1]GB [500.437/500.437/26901.925]s
Iteration 12 eps1= 1.00e-05 ndets= 247,848,550 energy= -2099.86024757
END OF #12 << main << eps_var 1.00e-05 << variation [612.4/636.1]GB [0.001/500.437/26901.925]s

BEG OF #13 << main << eps_var 1.00e-05 << variation [612.4/636.1]GB [0.000/0.000/26901.926]s
Davidson #0: -2099.8602475714
Davidson #1: -2099.8602475722
Davidson #2: -2099.8602475728
Davidson #3: -2099.8602475733
Davidson #4: -2099.8602475735
Davidson #5: -2099.8602475734
Davidson #6: -2099.8602475738
Davidson #7: -2099.8602475743
Davidson #8: -2099.8602475749
END OF diagonalize sparse hamiltonian [612.3/636.0]GB [488.105/488.105/27390.030]s
Iteration 13 eps1= 1.00e-05 ndets= 247,848,550 energy= -2099.86024757
END OF #13 << main << eps_var 1.00e-05 << variation [612.3/636.0]GB [0.001/488.105/27390.030]s

BEG OF #14 << main << eps_var 1.00e-05 << variation [612.3/636.0]GB [0.000/0.000/27390.031]s
Davidson #0: -2099.8602475752
Davidson #1: -2099.8602475757
Davidson #2: -2099.8602475761
Davidson #3: -2099.8602475764
Davidson #4: -2099.8602475766
Davidson #5: -2099.8602475763
Davidson #6: -2099.8602475766
Davidson #7: -2099.8602475769
Davidson #8: -2099.8602475773
END OF diagonalize sparse hamiltonian [612.4/636.1]GB [587.875/587.875/27977.905]s
Iteration 14 eps1= 1.00e-05 ndets= 247,848,550 energy= -2099.86024758
END OF #14 << main << eps_var 1.00e-05 << variation [612.4/636.1]GB [0.001/587.875/27977.905]s

BEG OF #15 << main << eps_var 1.00e-05 << variation [612.4/636.1]GB [0.000/0.000/27977.906]s
Davidson #0: -2099.8602475773
Davidson #1: -2099.8602475776
Davidson #2: -2099.8602475779
Davidson #3: -2099.8602475781
Davidson #4: -2099.8602475782
Davidson #5: -2099.8602475783
Davidson #6: -2099.8602475785
Davidson #7: -2099.8602475787
Davidson #8: -2099.8602475790
END OF diagonalize sparse hamiltonian [612.3/636.0]GB [597.775/597.775/28575.681]s
Iteration 15 eps1= 1.00e-05 ndets= 247,848,550 energy= -2099.86024758
END OF #15 << main << eps_var 1.00e-05 << variation [612.3/636.0]GB [0.001/597.775/28575.681]s

BEG OF #16 << main << eps_var 1.00e-05 << variation [612.3/636.0]GB [0.000/0.000/28575.681]s
Davidson #0: -2099.8602475793
Davidson #1: -2099.8602475795
Davidson #2: -2099.8602475797
Davidson #3: -2099.8602475798
Davidson #4: -2099.8602475799
Davidson #5: -2099.8602475802
Davidson #6: -2099.8602475803
Davidson #7: -2099.8602475804
Davidson #8: -2099.8602475806
END OF diagonalize sparse hamiltonian [612.3/636.1]GB [620.722/620.722/29196.403]s
Iteration 16 eps1= 1.00e-05 ndets= 247,848,550 energy= -2099.86024758
END OF #16 << main << eps_var 1.00e-05 << variation [612.3/636.1]GB [0.001/620.723/29196.404]s

BEG OF #17 << main << eps_var 1.00e-05 << variation [612.3/636.1]GB [0.000/0.000/29196.404]s
Davidson #0: -2099.8602475796
Davidson #1: -2099.8602475798
Davidson #2: -2099.8602475799
Davidson #3: -2099.8602475800
Davidson #4: -2099.8602475800
Davidson #5: -2099.8602475802
Davidson #6: -2099.8602475803
Davidson #7: -2099.8602475804
Davidson #8: -2099.8602475805
END OF diagonalize sparse hamiltonian [612.3/636.0]GB [592.744/592.744/29789.148]s
Iteration 17 eps1= 1.00e-05 ndets= 247,848,550 energy= -2099.86024758
END OF #17 << main << eps_var 1.00e-05 << variation [612.3/636.0]GB [0.001/592.745/29789.148]s

BEG OF #18 << main << eps_var 1.00e-05 << variation [612.3/636.0]GB [0.000/0.000/29789.148]s
Davidson #0: -2099.8602475802
Davidson #1: -2099.8602475803
Davidson #2: -2099.8602475804
Davidson #3: -2099.8602475804
Davidson #4: -2099.8602475805
Davidson #5: -2099.8602475807
Davidson #6: -2099.8602475807
Davidson #7: -2099.8602475808
Davidson #8: -2099.8602475808
END OF diagonalize sparse hamiltonian [612.3/636.0]GB [565.012/565.012/30354.161]s
Iteration 18 eps1= 1.00e-05 ndets= 247,848,550 energy= -2099.86024758
END OF #18 << main << eps_var 1.00e-05 << variation [612.3/636.0]GB [0.001/565.013/30354.161]s

BEG OF #19 << main << eps_var 1.00e-05 << variation [612.3/636.0]GB [0.000/0.000/30354.161]s
Davidson #0: -2099.8602475812
Davidson #1: -2099.8602475813
Davidson #2: -2099.8602475813
Davidson #3: -2099.8602475813
Davidson #4: -2099.8602475814
Davidson #5: -2099.8602475813
Davidson #6: -2099.8602475813
Davidson #7: -2099.8602475814
Davidson #8: -2099.8602475814
END OF diagonalize sparse hamiltonian [612.3/636.1]GB [557.198/557.198/30911.359]s
Iteration 19 eps1= 1.00e-05 ndets= 247,848,550 energy= -2099.86024758
END OF #19 << main << eps_var 1.00e-05 << variation [612.3/636.1]GB [0.001/557.198/30911.359]s

BEG OF #20 << main << eps_var 1.00e-05 << variation [612.3/636.1]GB [0.000/0.000/30911.360]s
Davidson #0: -2099.8602475813
Davidson #1: -2099.8602475813
Davidson #2: -2099.8602475814
Davidson #3: -2099.8602475814
Davidson #4: -2099.8602475814
Davidson #5: -2099.8602475819
Davidson #6: -2099.8602475820
Davidson #7: -2099.8602475820
Davidson #8: -2099.8602475820
END OF diagonalize sparse hamiltonian [612.3/636.0]GB [532.518/532.518/31443.877]s
Iteration 20 eps1= 1.00e-05 ndets= 247,848,550 energy= -2099.86024758
END OF #20 << main << eps_var 1.00e-05 << variation [612.3/636.0]GB [0.001/532.518/31443.877]s

BEG OF #21 << main << eps_var 1.00e-05 << variation [612.3/636.0]GB [0.000/0.000/31443.878]s
Davidson #0: -2099.8602475818
Davidson #1: -2099.8602475818
Davidson #2: -2099.8602475818
Davidson #3: -2099.8602475819
Davidson #4: -2099.8602475819
Davidson #5: -2099.8602475815
Davidson #6: -2099.8602475815
Davidson #7: -2099.8602475815
Davidson #8: -2099.8602475815
END OF diagonalize sparse hamiltonian [612.2/636.0]GB [518.415/518.415/31962.292]s
Iteration 21 eps1= 1.00e-05 ndets= 247,848,550 energy= -2099.86024758
END OF #21 << main << eps_var 1.00e-05 << variation [612.2/636.0]GB [0.001/518.415/31962.292]s

BEG OF #22 << main << eps_var 1.00e-05 << variation [612.2/636.0]GB [0.000/0.000/31962.293]s
Davidson #0: -2099.8602475817
Davidson #1: -2099.8602475817
Davidson #2: -2099.8602475817
Davidson #3: -2099.8602475817
Davidson #4: -2099.8602475817
Davidson #5: -2099.8602475818
Davidson #6: -2099.8602475818
Davidson #7: -2099.8602475818
Davidson #8: -2099.8602475818
END OF diagonalize sparse hamiltonian [612.3/636.0]GB [479.883/479.883/32442.175]s
Iteration 22 eps1= 1.00e-05 ndets= 247,848,550 energy= -2099.86024758
END OF #22 << main << eps_var 1.00e-05 << variation [612.3/636.0]GB [0.001/479.883/32442.175]s

BEG OF #23 << main << eps_var 1.00e-05 << variation [612.3/636.0]GB [0.000/0.000/32442.175]s
Davidson #0: -2099.8602475824
Davidson #1: -2099.8602475824
Davidson #2: -2099.8602475824
Davidson #3: -2099.8602475824
Davidson #4: -2099.8602475824
Davidson #5: -2099.8602475821
Davidson #6: -2099.8602475821
Davidson #7: -2099.8602475821
Davidson #8: -2099.8602475821
END OF diagonalize sparse hamiltonian [612.2/636.0]GB [461.768/461.768/32903.944]s
Iteration 23 eps1= 1.00e-05 ndets= 247,848,550 energy= -2099.86024758
END OF #23 << main << eps_var 1.00e-05 << variation [612.2/636.0]GB [0.001/461.769/32903.944]s

BEG OF #24 << main << eps_var 1.00e-05 << variation [612.2/636.0]GB [0.000/0.000/32903.944]s
Davidson #0: -2099.8602475824
Davidson #1: -2099.8602475825
Davidson #2: -2099.8602475825
Davidson #3: -2099.8602475825
Davidson #4: -2099.8602475825
Davidson #5: -2099.8602475820
Davidson #6: -2099.8602475820
Davidson #7: -2099.8602475820
Davidson #8: -2099.8602475820
END OF diagonalize sparse hamiltonian [612.3/636.1]GB [480.222/480.222/33384.165]s
Iteration 24 eps1= 1.00e-05 ndets= 247,848,550 energy= -2099.86024758
END OF #24 << main << eps_var 1.00e-05 << variation [612.3/636.1]GB [0.001/480.222/33384.166]s

BEG OF #25 << main << eps_var 1.00e-05 << variation [612.3/636.1]GB [0.000/0.000/33384.166]s
Davidson #0: -2099.8602475822
Davidson #1: -2099.8602475822
Davidson #2: -2099.8602475822
Davidson #3: -2099.8602475822
Davidson #4: -2099.8602475822
Davidson #5: -2099.8602475816
Davidson #6: -2099.8602475816
Davidson #7: -2099.8602475816
Davidson #8: -2099.8602475817
END OF diagonalize sparse hamiltonian [612.3/636.0]GB [464.538/464.538/33848.704]s
Iteration 25 eps1= 1.00e-05 ndets= 247,848,550 energy= -2099.86024758
END OF #25 << main << eps_var 1.00e-05 << variation [612.3/636.0]GB [0.001/464.538/33848.704]s

BEG OF #26 << main << eps_var 1.00e-05 << variation [612.3/636.0]GB [0.000/0.000/33848.704]s
Davidson #0: -2099.8602475818
Davidson #1: -2099.8602475818
Davidson #2: -2099.8602475818
Davidson #3: -2099.8602475818
Davidson #4: -2099.8602475818
END OF diagonalize sparse hamiltonian [612.3/636.0]GB [266.179/266.179/34114.883]s
Iteration 26 eps1= 1.00e-05 ndets= 247,848,550 energy= -2099.86024758
END OF #26 << main << eps_var 1.00e-05 << variation [612.3/636.0]GB [0.001/266.179/34114.883]s
Final iteration 26 eps1= 1.00e-05 ndets= 247,848,550 energy= -2099.86024758
Effect dets (without time sym): 495,670,620
----------------------------------------
Excite Lv       # dets         Sum c^2
0                    1      0.00584385
1                  184      0.00004465
2                67894      0.11298431
3              1195610      0.00486965
4             11110838      0.37319580
5             39279708      0.02461088
6             91467323      0.34134809
7            119673146      0.02564997
8            119897426      0.09617823
9             68630800      0.00662020
10            34089395      0.00809302
11             7824042      0.00037259
12             2269733      0.00018476
13              129124      0.00000327
14               35396      0.00000070
----------------------------------------
Orbital                        Sum c^2
0                           1.99560771
1                           1.99561870
2                           1.98639371
3                           1.98667168
4                           1.98667168
5                           1.98662667
6                           1.98662667
7                           1.98626903
8                           1.80951069
9                           1.08374662
10                          1.08374662
11                          1.01438777
12                          1.01438777
13                          1.08333059
14                          0.89730384
15                          0.96617359
16                          0.96617359
17                          0.13387509
18                          0.89637388
19                          0.89637388
20                          0.01395428
21                          0.01395428
22                          0.01285495
23                          0.00811592
24                          0.00811592
25                          0.00760131
26                          0.01606960
27                          0.00348643
28                          0.01679147
29                          0.01679147
30                          0.00751607
31                          0.00329992
32                          0.00329992
33                          0.01105747
34                          0.01105747
35                          0.00343813
36                          0.00343813
37                          0.00327266
38                          0.00939262
39                          0.00939262
40                          0.00532833
41                          0.00532833
42                          0.00432396
43                          0.00289325
44                          0.00046281
45                          0.00001492
46                          0.00001492
47                          0.00030453
48                          0.00030453
49                          0.00153540
Sum orbitals c^2: 28.00000000
----------------------------------------
Most important dets:
Excite Lv         Coef      Det (Reordered orb)
2           0.10141482      |  0  1  2  3  4  5  6  7  8  9 10 12 13 15 |  0  1  2  3  4  5  6  7  8  9 10 11 13 16 |
2           0.09436748      |  0  1  2  3  4  5  6  7  8  9 10 12 13 14 |  0  1  2  3  4  5  6  7  8  9 10 11 12 16 |
2          -0.09436748      |  0  1  2  3  4  5  6  7  8  9 10 11 13 14 |  0  1  2  3  4  5  6  7  8  9 10 11 12 15 |
2           0.09401645      |  0  1  2  3  4  5  6  7  8 10 11 12 13 15 |  0  1  2  3  4  5  6  7  8  9 10 11 13 19 |
2           0.09401645      |  0  1  2  3  4  5  6  7  8  9 11 12 13 16 |  0  1  2  3  4  5  6  7  8  9 10 12 13 18 |
2          -0.09392800      |  0  1  2  3  4  5  6  7  8 10 11 12 13 16 |  0  1  2  3  4  5  6  7  8  9 10 12 13 19 |
2          -0.09392800      |  0  1  2  3  4  5  6  7  8  9 11 12 13 15 |  0  1  2  3  4  5  6  7  8  9 10 11 13 18 |
4           0.08996312      |  0  1  2  3  4  5  6  7  8  9 10 13 14 16 |  0  1  2  3  4  5  6  7  8  9 10 12 15 16 |
4          -0.08996312      |  0  1  2  3  4  5  6  7  8  9 10 13 14 15 |  0  1  2  3  4  5  6  7  8  9 10 11 15 16 |
4          -0.08956295      |  0  1  2  3  4  5  6  7  8 10 12 13 15 16 |  0  1  2  3  4  5  6  7  8  9 10 13 16 19 |
4          -0.08956295      |  0  1  2  3  4  5  6  7  8  9 11 13 15 16 |  0  1  2  3  4  5  6  7  8  9 10 13 15 18 |
4           0.08951456      |  0  1  2  3  4  5  6  7  8  9 12 13 15 16 |  0  1  2  3  4  5  6  7  8  9 10 13 16 18 |
4           0.08951456      |  0  1  2  3  4  5  6  7  8 10 11 13 15 16 |  0  1  2  3  4  5  6  7  8  9 10 13 15 19 |
2           0.08738037      |  0  1  2  3  4  5  6  7  8 10 11 12 13 14 |  0  1  2  3  4  5  6  7  8  9 10 11 12 19 |
2          -0.08738037      |  0  1  2  3  4  5  6  7  8  9 11 12 13 14 |  0  1  2  3  4  5  6  7  8  9 10 11 12 18 |
2           0.08734862      |  0  1  2  3  4  5  6  7  8 10 11 12 13 18 |  0  1  2  3  4  5  6  7  8  9 11 12 13 19 |
4          -0.08439259      |  0  1  2  3  4  5  6  7  8  9 10 12 14 15 |  0  1  2  3  4  5  6  7  8  9 10 11 14 16 |
4          -0.08408224      |  0  1  2  3  4  5  6  7  8 10 12 13 15 19 |  0  1  2  3  4  5  6  7  8 10 11 13 16 19 |
4          -0.08408224      |  0  1  2  3  4  5  6  7  8  9 12 13 15 18 |  0  1  2  3  4  5  6  7  8  9 11 13 16 18 |
4           0.08336736      |  0  1  2  3  4  5  6  7  8  9 12 13 14 16 |  0  1  2  3  4  5  6  7  8  9 10 12 16 18 |
----------------------------------------
END OF main << eps_var 1.00e-05 << variation [612.3/636.0]GB [55.242/34068.540/34170.126]s
Variational results saved to: wf_eps1_1.00e-05.dat
END OF eps_var 1.00e-05 << variation [612.9/636.6]GB [14.976/34083.520/34185.100]s

BEG OF eps_var 5.00e-06 << variation [612.9/636.6]GB [0.001/0.000/34185.101]s

BEG OF main << eps_var 5.00e-06 << variation [612.9/636.6]GB [0.007/0.000/34185.107]s

BEG OF #1 << main << eps_var 5.00e-06 << variation [612.9/636.6]GB [0.004/0.000/34185.111]s
20% 40% 60% 80% 100% 
Number of dets / new dets: 704,968,416 / 457,119,866
END OF get next det list [821.5/845.2]GB [1142.598/1142.598/35327.709]s
END OF update unique ab [815.7/839.4]GB [1451.555/2594.152/36779.263]s
END OF create abm1 [822.4/846.1]GB [1139.187/3733.338/37918.449]s
Outer size of a/b singles: 46,054,877 / 0
Full size of absingles: 5,530,030,808
END OF create absingles [830.1/853.8]GB [698.906/4432.244/38617.355]s
10% 20% 30% 40% 50% 60% 70% 80% 90% 100% 
Number of nonzero elems: 294,620,492,552
END OF generate sparse hamiltonian [1926.2/1949.9]GB [44120.959/48553.202/82738.313]s
Davidson #0: -2099.8602475812
Davidson #1: -2099.8707468612
Davidson #2: -2099.8711566538
Davidson #3: -2099.8712530045
Davidson #4: -2099.8712885583
Davidson #5: -2099.8712997203
Davidson #6: -2099.8713074307
Davidson #7: -2099.8713167955
Davidson #8: -2099.8713225232
END OF diagonalize sparse hamiltonian [2015.1/2038.8]GB [2653.490/51206.692/85391.803]s
Iteration 27 eps1= 5.00e-06 ndets= 704,968,416 energy= -2099.87132252
END OF #1 << main << eps_var 5.00e-06 << variation [2015.1/2038.8]GB [0.001/51206.692/85391.803]s

BEG OF #2 << main << eps_var 5.00e-06 << variation [2015.1/2038.8]GB [1.415/0.001/85393.218]s
20% 40% 60% 80% 100% 
Number of dets / new dets: 750,543,729 / 45,575,313
END OF get next det list [2079.0/2102.7]GB [1152.741/1152.741/86545.958]s
END OF update unique ab [2079.0/2102.7]GB [212.087/1364.828/86758.045]s
END OF create abm1 [2079.5/2103.2]GB [266.930/1631.757/87024.974]s
Outer size of a/b singles: 48,340,982 / 0
Full size of absingles: 3,726,800,446
END OF create absingles [2079.5/2103.2]GB [144.199/1775.954/87169.171]s
10% 20% 30% 40% 50% 60% 70% 80% 90% 100% 
Number of nonzero elems: 319,008,263,047
END OF generate sparse hamiltonian [2069.4/2093.2]GB [26260.252/28036.205/113429.422]s
Davidson #0: -2099.8713225221
Davidson #1: -2099.8719047352
Davidson #2: -2099.8719267610
Davidson #3: -2099.8719357495
Davidson #4: -2099.8719427826
Davidson #5: -2099.8719454686
Davidson #6: -2099.8719484376
Davidson #7: -2099.8719524401
Davidson #8: -2099.8719559691
END OF diagonalize sparse hamiltonian [2163.5/2187.3]GB [2561.168/30597.372/115990.589]s
Iteration 28 eps1= 5.00e-06 ndets= 750,543,729 energy= -2099.87195597
END OF #2 << main << eps_var 5.00e-06 << variation [2163.5/2187.3]GB [0.001/30597.373/115990.590]s

BEG OF #3 << main << eps_var 5.00e-06 << variation [2163.5/2187.3]GB [1.449/0.001/115992.039]s
20% 40% 60% 80% 100% 
Number of dets / new dets: 761,872,317 / 11,328,588
END OF get next det list [2181.4/2205.1]GB [877.256/877.256/116869.294]s
END OF update unique ab [2181.4/2205.1]GB [63.268/940.523/116932.561]s
END OF create abm1 [2181.4/2205.1]GB [91.057/1031.579/117023.617]s
Outer size of a/b singles: 48,913,602 / 0
Full size of absingles: 2,095,099,190
END OF create absingles [2182.5/2206.2]GB [50.838/1082.416/117074.454]s
10% 20% 30% 40% 50% 60% 70% 80% 90% 100% 
Number of nonzero elems: 325,803,504,403
END OF generate sparse hamiltonian [2179.9/2203.6]GB [7850.740/8933.156/124925.194]s
Davidson #0: -2099.8719559695
Davidson #1: -2099.8720855311
Davidson #2: -2099.8720948311
Davidson #3: -2099.8720965640
Davidson #4: -2099.8720979260
Davidson #5: -2099.8720986161
Davidson #6: -2099.8720993121
Davidson #7: -2099.8721013485
Davidson #8: -2099.8721034585
END OF diagonalize sparse hamiltonian [2226.8/2250.5]GB [3005.973/11939.128/127931.166]s
Iteration 29 eps1= 5.00e-06 ndets= 761,872,317 energy= -2099.87210346
END OF #3 << main << eps_var 5.00e-06 << variation [2226.8/2250.5]GB [0.001/11939.128/127931.166]s

BEG OF #4 << main << eps_var 5.00e-06 << variation [2226.8/2250.5]GB [0.018/0.001/127931.183]s
20% 40% 60% 80% 100% 
Number of dets / new dets: 768,124,316 / 6,251,999
END OF get next det list [2226.9/2250.6]GB [585.175/585.175/128516.358]s
END OF update unique ab [2227.0/2250.7]GB [42.210/627.385/128558.568]s
END OF create abm1 [2227.4/2251.1]GB [56.218/683.602/128614.785]s
Outer size of a/b singles: 49,240,282 / 0
Full size of absingles: 1,606,798,408
END OF create absingles [2228.7/2252.4]GB [35.553/719.155/128650.338]s
10% 20% 30% 40% 50% 60% 70% 80% 90% 100% 
Number of nonzero elems: 329,631,330,118
END OF generate sparse hamiltonian [2234.1/2257.8]GB [5004.316/5723.470/133654.653]s
Davidson #0: -2099.8721034580
Davidson #1: -2099.8721792693
Davidson #2: -2099.8721809040
Davidson #3: -2099.8721815441
Davidson #4: -2099.8721819334
Davidson #5: -2099.8721820832
Davidson #6: -2099.8721823658
Davidson #7: -2099.8721828539
Davidson #8: -2099.8721837859
END OF diagonalize sparse hamiltonian [2275.2/2298.9]GB [2853.578/8577.047/136508.230]s
Iteration 30 eps1= 5.00e-06 ndets= 768,124,316 energy= -2099.87218379
END OF #4 << main << eps_var 5.00e-06 << variation [2275.2/2298.9]GB [0.001/8577.047/136508.230]s

BEG OF #5 << main << eps_var 5.00e-06 << variation [2275.2/2298.9]GB [0.012/0.000/136508.242]s
20% 40% 60% 80% 100% 
Number of dets / new dets: 770,267,086 / 2,142,770
END OF get next det list [2323.3/2347.0]GB [382.160/382.160/136890.402]s
END OF update unique ab [2323.3/2347.1]GB [23.219/405.379/136913.620]s
END OF create abm1 [2323.6/2347.3]GB [25.694/431.072/136939.314]s
Outer size of a/b singles: 49,355,374 / 0
Full size of absingles: 868,203,334
END OF create absingles [2324.9/2348.6]GB [20.788/451.860/136960.101]s
10% 20% 30% 40% 50% 60% 70% 80% 90% 100% 
Number of nonzero elems: 330,925,246,616
END OF generate sparse hamiltonian [2325.9/2349.6]GB [2735.150/3187.009/139695.251]s
Davidson #0: -2099.8721837845
Davidson #1: -2099.8722104137
Davidson #2: -2099.8722123150
Davidson #3: -2099.8722125880
Davidson #4: -2099.8722127194
Davidson #5: -2099.8722127799
Davidson #6: -2099.8722128690
Davidson #7: -2099.8722130928
Davidson #8: -2099.8722133568
END OF diagonalize sparse hamiltonian [2330.8/2354.5]GB [2754.239/5941.247/142449.489]s
Iteration 31 eps1= 5.00e-06 ndets= 770,267,086 energy= -2099.87221336
END OF #5 << main << eps_var 5.00e-06 << variation [2330.8/2354.5]GB [0.001/5941.247/142449.489]s

BEG OF #6 << main << eps_var 5.00e-06 << variation [2330.8/2354.5]GB [0.004/0.000/142449.493]s
20% 40% 60% 80% 100% 
Number of dets / new dets: 771,438,142 / 1,171,056
END OF get next det list [2354.9/2378.6]GB [296.288/296.288/142745.780]s
END OF update unique ab [2354.9/2378.6]GB [16.285/312.572/142762.065]s
END OF create abm1 [2355.2/2378.9]GB [16.915/329.487/142778.980]s
Outer size of a/b singles: 49,422,674 / 0
Full size of absingles: 594,422,664
END OF create absingles [2356.5/2380.2]GB [15.246/344.733/142794.225]s
10% 20% 30% 40% 50% 60% 70% 80% 90% 100% 
Number of nonzero elems: 331,563,210,288
END OF generate sparse hamiltonian [2357.3/2381.0]GB [2197.555/2542.287/144991.780]s
Davidson #0: -2099.8722133567
Davidson #1: -2099.8722292146
Davidson #2: -2099.8722294928
Davidson #3: -2099.8722295802
Davidson #4: -2099.8722296416
Davidson #5: -2099.8722296603
Davidson #6: -2099.8722296988
Davidson #7: -2099.8722297683
Davidson #8: -2099.8722299010
END OF diagonalize sparse hamiltonian [2356.2/2379.9]GB [2651.237/5193.523/147643.016]s
Iteration 32 eps1= 5.00e-06 ndets= 771,438,142 energy= -2099.87222990
END OF #6 << main << eps_var 5.00e-06 << variation [2356.2/2379.9]GB [0.001/5193.523/147643.016]s

BEG OF #7 << main << eps_var 5.00e-06 << variation [2356.2/2379.9]GB [0.002/0.000/147643.018]s
20% 40% 60% 80% 100% 
Number of dets / new dets: 772,152,322 / 714,180
END OF get next det list [2356.1/2379.9]GB [245.357/245.357/147888.375]s
END OF update unique ab [2356.2/2379.9]GB [12.719/258.075/147901.093]s
END OF create abm1 [2356.3/2380.0]GB [10.150/268.224/147911.242]s
Outer size of a/b singles: 49,465,684 / 0
Full size of absingles: 434,431,730
END OF create absingles [2357.6/2381.4]GB [11.882/280.106/147923.123]s
10% 20% 30% 40% 50% 60% 70% 80% 90% 100% 
Number of nonzero elems: 331,944,416,658
END OF generate sparse hamiltonian [2358.0/2381.7]GB [1939.535/2219.640/149862.658]s
Davidson #0: -2099.8722299024
Davidson #1: -2099.8722392825
Davidson #2: -2099.8722395312
Davidson #3: -2099.8722395814
Davidson #4: -2099.8722396119
Davidson #5: -2099.8722396204
Davidson #6: -2099.8722396310
Davidson #7: -2099.8722396537
Davidson #8: -2099.8722396851
END OF diagonalize sparse hamiltonian [2356.9/2380.6]GB [2438.038/4657.677/152300.695]s
Iteration 33 eps1= 5.00e-06 ndets= 772,152,322 energy= -2099.87223969
END OF #7 << main << eps_var 5.00e-06 << variation [2356.9/2380.6]GB [0.001/4657.677/152300.695]s

BEG OF #8 << main << eps_var 5.00e-06 << variation [2356.9/2380.6]GB [0.002/0.000/152300.697]s
Davidson #0: -2099.8722396857
Davidson #1: -2099.8722397029
Davidson #2: -2099.8722397136
Davidson #3: -2099.8722397201
Davidson #4: -2099.8722397240
Davidson #5: -2099.8722397259
Davidson #6: -2099.8722397291
Davidson #7: -2099.8722397349
Davidson #8: -2099.8722397415
END OF diagonalize sparse hamiltonian [2356.9/2380.6]GB [2428.732/2428.732/154729.429]s
Iteration 34 eps1= 5.00e-06 ndets= 772,152,322 energy= -2099.87223974
END OF #8 << main << eps_var 5.00e-06 << variation [2356.9/2380.6]GB [0.001/2428.732/154729.429]s

BEG OF #9 << main << eps_var 5.00e-06 << variation [2356.9/2380.6]GB [0.000/0.000/154729.429]s
Davidson #0: -2099.8722397408
Davidson #1: -2099.8722397457
Davidson #2: -2099.8722397494
Davidson #3: -2099.8722397513
Davidson #4: -2099.8722397526
Davidson #5: -2099.8722397537
Davidson #6: -2099.8722397552
Davidson #7: -2099.8722397577
Davidson #8: -2099.8722397603
END OF diagonalize sparse hamiltonian [2356.9/2380.6]GB [2488.614/2488.614/157218.043]s
Iteration 35 eps1= 5.00e-06 ndets= 772,152,322 energy= -2099.87223976
END OF #9 << main << eps_var 5.00e-06 << variation [2356.9/2380.6]GB [0.001/2488.614/157218.043]s

BEG OF #10 << main << eps_var 5.00e-06 << variation [2356.9/2380.6]GB [0.000/0.000/157218.043]s
Davidson #0: -2099.8722397610
Davidson #1: -2099.8722397632
Davidson #2: -2099.8722397649
Davidson #3: -2099.8722397658
Davidson #4: -2099.8722397663
Davidson #5: -2099.8722397667
Davidson #6: -2099.8722397674
Davidson #7: -2099.8722397686
Davidson #8: -2099.8722397699
END OF diagonalize sparse hamiltonian [2356.9/2380.6]GB [2390.995/2390.995/159609.038]s
Iteration 36 eps1= 5.00e-06 ndets= 772,152,322 energy= -2099.87223977
END OF #10 << main << eps_var 5.00e-06 << variation [2356.9/2380.6]GB [0.001/2390.995/159609.038]s

BEG OF #11 << main << eps_var 5.00e-06 << variation [2356.9/2380.6]GB [0.000/0.000/159609.038]s
Davidson #0: -2099.8722397705
Davidson #1: -2099.8722397716
Davidson #2: -2099.8722397724
Davidson #3: -2099.8722397728
Davidson #4: -2099.8722397731
Davidson #5: -2099.8722397735
Davidson #6: -2099.8722397738
Davidson #7: -2099.8722397744
Davidson #8: -2099.8722397751
END OF diagonalize sparse hamiltonian [2357.0/2380.7]GB [2419.749/2419.749/162028.787]s
Iteration 37 eps1= 5.00e-06 ndets= 772,152,322 energy= -2099.87223978
END OF #11 << main << eps_var 5.00e-06 << variation [2357.0/2380.7]GB [0.001/2419.749/162028.787]s

BEG OF #12 << main << eps_var 5.00e-06 << variation [2357.0/2380.7]GB [0.004/0.000/162028.792]s
Davidson #0: -2099.8722397740
Davidson #1: -2099.8722397745
Davidson #2: -2099.8722397749
Davidson #3: -2099.8722397752
Davidson #4: -2099.8722397753
Davidson #5: -2099.8722397750
Davidson #6: -2099.8722397751
Davidson #7: -2099.8722397755
Davidson #8: -2099.8722397758
END OF diagonalize sparse hamiltonian [2356.9/2380.7]GB [2370.339/2370.339/164399.131]s
Iteration 38 eps1= 5.00e-06 ndets= 772,152,322 energy= -2099.87223978
END OF #12 << main << eps_var 5.00e-06 << variation [2356.9/2380.7]GB [0.001/2370.340/164399.131]s

BEG OF #13 << main << eps_var 5.00e-06 << variation [2356.9/2380.7]GB [0.000/0.000/164399.131]s
Davidson #0: -2099.8722397761
Davidson #1: -2099.8722397764
Davidson #2: -2099.8722397766
Davidson #3: -2099.8722397768
Davidson #4: -2099.8722397768
Davidson #5: -2099.8722397771
Davidson #6: -2099.8722397772
Davidson #7: -2099.8722397774
Davidson #8: -2099.8722397776
END OF diagonalize sparse hamiltonian [2356.9/2380.6]GB [2404.121/2404.121/166803.252]s
Iteration 39 eps1= 5.00e-06 ndets= 772,152,322 energy= -2099.87223978
END OF #13 << main << eps_var 5.00e-06 << variation [2356.9/2380.6]GB [0.001/2404.121/166803.252]s

BEG OF #14 << main << eps_var 5.00e-06 << variation [2356.9/2380.6]GB [0.000/0.000/166803.253]s
Davidson #0: -2099.8722397769
Davidson #1: -2099.8722397771
Davidson #2: -2099.8722397772
Davidson #3: -2099.8722397773
Davidson #4: -2099.8722397773
Davidson #5: -2099.8722397780
Davidson #6: -2099.8722397780
Davidson #7: -2099.8722397781
Davidson #8: -2099.8722397782
END OF diagonalize sparse hamiltonian [2357.0/2380.7]GB [2352.850/2352.850/169156.103]s
Iteration 40 eps1= 5.00e-06 ndets= 772,152,322 energy= -2099.87223978
END OF #14 << main << eps_var 5.00e-06 << variation [2357.0/2380.7]GB [0.001/2352.850/169156.103]s

BEG OF #15 << main << eps_var 5.00e-06 << variation [2357.0/2380.7]GB [0.000/0.000/169156.103]s
Davidson #0: -2099.8722397779
Davidson #1: -2099.8722397780
Davidson #2: -2099.8722397781
Davidson #3: -2099.8722397781
Davidson #4: -2099.8722397782
Davidson #5: -2099.8722397777
Davidson #6: -2099.8722397777
Davidson #7: -2099.8722397778
Davidson #8: -2099.8722397778
END OF diagonalize sparse hamiltonian [2356.9/2380.7]GB [2314.248/2314.248/171470.351]s
Iteration 41 eps1= 5.00e-06 ndets= 772,152,322 energy= -2099.87223978
END OF #15 << main << eps_var 5.00e-06 << variation [2356.9/2380.7]GB [0.001/2314.249/171470.351]s

BEG OF #16 << main << eps_var 5.00e-06 << variation [2356.9/2380.7]GB [0.000/0.000/171470.352]s
Davidson #0: -2099.8722397789
Davidson #1: -2099.8722397790
Davidson #2: -2099.8722397790
Davidson #3: -2099.8722397790
Davidson #4: -2099.8722397791
Davidson #5: -2099.8722397785
Davidson #6: -2099.8722397785
Davidson #7: -2099.8722397786
Davidson #8: -2099.8722397786
END OF diagonalize sparse hamiltonian [2356.9/2380.6]GB [2316.851/2316.851/173787.202]s
Iteration 42 eps1= 5.00e-06 ndets= 772,152,322 energy= -2099.87223978
END OF #16 << main << eps_var 5.00e-06 << variation [2356.9/2380.6]GB [0.001/2316.851/173787.202]s

BEG OF #17 << main << eps_var 5.00e-06 << variation [2356.9/2380.6]GB [0.000/0.000/173787.203]s
Davidson #0: -2099.8722397795
Davidson #1: -2099.8722397795
Davidson #2: -2099.8722397796
Davidson #3: -2099.8722397796
Davidson #4: -2099.8722397796
Davidson #5: -2099.8722397794
Davidson #6: -2099.8722397794
Davidson #7: -2099.8722397794
Davidson #8: -2099.8722397794
END OF diagonalize sparse hamiltonian [2356.9/2380.6]GB [2350.931/2350.931/176138.134]s
Iteration 43 eps1= 5.00e-06 ndets= 772,152,322 energy= -2099.87223978
END OF #17 << main << eps_var 5.00e-06 << variation [2356.9/2380.6]GB [0.001/2350.931/176138.134]s

BEG OF #18 << main << eps_var 5.00e-06 << variation [2356.9/2380.6]GB [0.000/0.000/176138.134]s
Davidson #0: -2099.8722397799
Davidson #1: -2099.8722397799
Davidson #2: -2099.8722397800
Davidson #3: -2099.8722397800
Davidson #4: -2099.8722397800
Davidson #5: -2099.8722397797
Davidson #6: -2099.8722397797
Davidson #7: -2099.8722397797
Davidson #8: -2099.8722397797
END OF diagonalize sparse hamiltonian [2357.0/2380.7]GB [2326.961/2326.961/178465.095]s
Iteration 44 eps1= 5.00e-06 ndets= 772,152,322 energy= -2099.87223978
END OF #18 << main << eps_var 5.00e-06 << variation [2357.0/2380.7]GB [0.001/2326.961/178465.095]s

BEG OF #19 << main << eps_var 5.00e-06 << variation [2357.0/2380.7]GB [0.000/0.000/178465.095]s
Davidson #0: -2099.8722397787
Davidson #1: -2099.8722397787
Davidson #2: -2099.8722397787
Davidson #3: -2099.8722397787
Davidson #4: -2099.8722397787
Davidson #5: -2099.8722397793
Davidson #6: -2099.8722397793
Davidson #7: -2099.8722397793
Davidson #8: -2099.8722397793
END OF diagonalize sparse hamiltonian [2357.0/2380.7]GB [2304.829/2304.829/180769.924]s
Iteration 45 eps1= 5.00e-06 ndets= 772,152,322 energy= -2099.87223978
END OF #19 << main << eps_var 5.00e-06 << variation [2357.0/2380.7]GB [0.001/2304.829/180769.924]s

BEG OF #20 << main << eps_var 5.00e-06 << variation [2357.0/2380.7]GB [0.000/0.000/180769.924]s
Davidson #0: -2099.8722397797
Davidson #1: -2099.8722397797
Davidson #2: -2099.8722397798
Davidson #3: -2099.8722397798
Davidson #4: -2099.8722397798
Davidson #5: -2099.8722397792
Davidson #6: -2099.8722397792
Davidson #7: -2099.8722397792
Davidson #8: -2099.8722397792
END OF diagonalize sparse hamiltonian [2356.9/2380.6]GB [2311.790/2311.790/183081.714]s
Iteration 46 eps1= 5.00e-06 ndets= 772,152,322 energy= -2099.87223978
END OF #20 << main << eps_var 5.00e-06 << variation [2356.9/2380.6]GB [0.001/2311.790/183081.714]s

BEG OF #21 << main << eps_var 5.00e-06 << variation [2356.9/2380.6]GB [0.000/0.000/183081.714]s
Davidson #0: -2099.8722397793
Davidson #1: -2099.8722397793
Davidson #2: -2099.8722397793
Davidson #3: -2099.8722397793
Davidson #4: -2099.8722397793
Davidson #5: -2099.8722397788
Davidson #6: -2099.8722397788
Davidson #7: -2099.8722397788
Davidson #8: -2099.8722397788
END OF diagonalize sparse hamiltonian [2356.9/2380.6]GB [2264.364/2264.364/185346.079]s
Iteration 47 eps1= 5.00e-06 ndets= 772,152,322 energy= -2099.87223978
END OF #21 << main << eps_var 5.00e-06 << variation [2356.9/2380.6]GB [0.001/2264.365/185346.079]s

BEG OF #22 << main << eps_var 5.00e-06 << variation [2356.9/2380.6]GB [0.001/0.000/185346.079]s
Davidson #0: -2099.8722397786
Davidson #1: -2099.8722397786
Davidson #2: -2099.8722397786
Davidson #3: -2099.8722397786
Davidson #4: -2099.8722397786
Davidson #5: -2099.8722397788
Davidson #6: -2099.8722397788
Davidson #7: -2099.8722397788
Davidson #8: -2099.8722397788
END OF diagonalize sparse hamiltonian [2356.9/2380.6]GB [2253.280/2253.280/187599.359]s
Iteration 48 eps1= 5.00e-06 ndets= 772,152,322 energy= -2099.87223978
END OF #22 << main << eps_var 5.00e-06 << variation [2356.9/2380.6]GB [0.001/2253.280/187599.359]s

BEG OF #23 << main << eps_var 5.00e-06 << variation [2356.9/2380.6]GB [0.000/0.000/187599.359]s
Davidson #0: -2099.8722397794
Davidson #1: -2099.8722397794
Davidson #2: -2099.8722397794
Davidson #3: -2099.8722397794
Davidson #4: -2099.8722397794
Davidson #5: -2099.8722397794
Davidson #6: -2099.8722397794
Davidson #7: -2099.8722397794
Davidson #8: -2099.8722397794
END OF diagonalize sparse hamiltonian [2356.9/2380.6]GB [2215.253/2215.253/189814.611]s
Iteration 49 eps1= 5.00e-06 ndets= 772,152,322 energy= -2099.87223978
END OF #23 << main << eps_var 5.00e-06 << variation [2356.9/2380.6]GB [0.001/2215.253/189814.612]s

BEG OF #24 << main << eps_var 5.00e-06 << variation [2356.9/2380.6]GB [0.001/0.000/189814.612]s
Davidson #0: -2099.8722397800
Davidson #1: -2099.8722397800
Davidson #2: -2099.8722397800
Davidson #3: -2099.8722397800
Davidson #4: -2099.8722397800
Davidson #5: -2099.8722397796
Davidson #6: -2099.8722397796
Davidson #7: -2099.8722397796
Davidson #8: -2099.8722397796
END OF diagonalize sparse hamiltonian [2356.9/2380.6]GB [2255.191/2255.191/192069.803]s
Iteration 50 eps1= 5.00e-06 ndets= 772,152,322 energy= -2099.87223978
END OF #24 << main << eps_var 5.00e-06 << variation [2356.9/2380.6]GB [0.001/2255.191/192069.803]s

BEG OF #25 << main << eps_var 5.00e-06 << variation [2356.9/2380.6]GB [0.000/0.000/192069.803]s
Davidson #0: -2099.8722397789
Davidson #1: -2099.8722397789
Davidson #2: -2099.8722397789
Davidson #3: -2099.8722397789
Davidson #4: -2099.8722397789
END OF diagonalize sparse hamiltonian [2357.0/2380.7]GB [1232.138/1232.138/193301.941]s
Iteration 51 eps1= 5.00e-06 ndets= 772,152,322 energy= -2099.87223978
END OF #25 << main << eps_var 5.00e-06 << variation [2357.0/2380.7]GB [0.001/1232.138/193301.941]s
Final iteration 51 eps1= 5.00e-06 ndets= 772,152,322 energy= -2099.87223978
Effect dets (without time sym): 1,544,250,421
----------------------------------------
Excite Lv       # dets         Sum c^2
0                    1      0.00565017
1                  188      0.00005364
2                78574      0.11028386
3              2228906      0.00517656
4             24958880      0.36811220
5             99332918      0.02636094
6            249027059      0.34128714
7            360052110      0.02808650
8            384315239      0.09824334
9            250403240      0.00753298
10           128292719      0.00855605
11            35853660      0.00045122
12             8894855      0.00020054
13              707890      0.00000410
14              104182      0.00000077
----------------------------------------
Orbital                        Sum c^2
0                           1.99533811
1                           1.99534784
2                           1.98571635
3                           1.98599625
4                           1.98599625
5                           1.98595089
6                           1.98595089
7                           1.98558101
8                           1.79114531
9                           1.08242935
10                          1.08242935
11                          1.01335516
12                          1.01335516
13                          1.07993727
14                          0.89836964
15                          0.96536884
16                          0.96536884
17                          0.14694799
18                          0.89564063
19                          0.89564063
20                          0.01489278
21                          0.01489278
22                          0.01366086
23                          0.00859476
24                          0.00859476
25                          0.00804718
26                          0.01747306
27                          0.00365501
28                          0.01809182
29                          0.01809182
30                          0.00867349
31                          0.00345493
32                          0.00345493
33                          0.01170870
34                          0.01170870
35                          0.00359405
36                          0.00359405
37                          0.00342621
38                          0.00989237
39                          0.00989237
40                          0.00617668
41                          0.00617668
42                          0.00494227
43                          0.00322602
44                          0.00060898
45                          0.00001789
46                          0.00001789
47                          0.00043641
48                          0.00043641
49                          0.00197803
Sum orbitals c^2: 28.00000000
----------------------------------------
Most important dets:
Excite Lv         Coef      Det (Reordered orb)
2           0.09981080      |  0  1  2  3  4  5  6  7  8  9 10 12 13 15 |  0  1  2  3  4  5  6  7  8  9 10 11 13 16 |
2           0.09316472      |  0  1  2  3  4  5  6  7  8  9 10 12 13 14 |  0  1  2  3  4  5  6  7  8  9 10 11 12 16 |
2          -0.09316472      |  0  1  2  3  4  5  6  7  8  9 10 11 13 14 |  0  1  2  3  4  5  6  7  8  9 10 11 12 15 |
2           0.09258835      |  0  1  2  3  4  5  6  7  8  9 11 12 13 16 |  0  1  2  3  4  5  6  7  8  9 10 12 13 18 |
2           0.09258835      |  0  1  2  3  4  5  6  7  8 10 11 12 13 15 |  0  1  2  3  4  5  6  7  8  9 10 11 13 19 |
2          -0.09251814      |  0  1  2  3  4  5  6  7  8 10 11 12 13 16 |  0  1  2  3  4  5  6  7  8  9 10 12 13 19 |
2          -0.09251814      |  0  1  2  3  4  5  6  7  8  9 11 12 13 15 |  0  1  2  3  4  5  6  7  8  9 10 11 13 18 |
4           0.08883758      |  0  1  2  3  4  5  6  7  8  9 10 13 14 16 |  0  1  2  3  4  5  6  7  8  9 10 12 15 16 |
4          -0.08883758      |  0  1  2  3  4  5  6  7  8  9 10 13 14 15 |  0  1  2  3  4  5  6  7  8  9 10 11 15 16 |
4          -0.08822420      |  0  1  2  3  4  5  6  7  8 10 12 13 15 16 |  0  1  2  3  4  5  6  7  8  9 10 13 16 19 |
4          -0.08822420      |  0  1  2  3  4  5  6  7  8  9 11 13 15 16 |  0  1  2  3  4  5  6  7  8  9 10 13 15 18 |
4           0.08818859      |  0  1  2  3  4  5  6  7  8  9 12 13 15 16 |  0  1  2  3  4  5  6  7  8  9 10 13 16 18 |
4           0.08818859      |  0  1  2  3  4  5  6  7  8 10 11 13 15 16 |  0  1  2  3  4  5  6  7  8  9 10 13 15 19 |
2           0.08632526      |  0  1  2  3  4  5  6  7  8 10 11 12 13 14 |  0  1  2  3  4  5  6  7  8  9 10 11 12 19 |
2          -0.08632526      |  0  1  2  3  4  5  6  7  8  9 11 12 13 14 |  0  1  2  3  4  5  6  7  8  9 10 11 12 18 |
2           0.08608948      |  0  1  2  3  4  5  6  7  8 10 11 12 13 18 |  0  1  2  3  4  5  6  7  8  9 11 12 13 19 |
4          -0.08347022      |  0  1  2  3  4  5  6  7  8  9 10 12 14 15 |  0  1  2  3  4  5  6  7  8  9 10 11 14 16 |
4          -0.08282126      |  0  1  2  3  4  5  6  7  8 10 12 13 15 19 |  0  1  2  3  4  5  6  7  8 10 11 13 16 19 |
4          -0.08282126      |  0  1  2  3  4  5  6  7  8  9 12 13 15 18 |  0  1  2  3  4  5  6  7  8  9 11 13 16 18 |
4           0.08237499      |  0  1  2  3  4  5  6  7  8  9 12 13 14 16 |  0  1  2  3  4  5  6  7  8  9 10 12 16 18 |
----------------------------------------
END OF main << eps_var 5.00e-06 << variation [2356.9/2380.6]GB [174.814/159291.648/193476.755]s
Variational results saved to: wf_eps1_5.00e-06.dat
END OF eps_var 5.00e-06 << variation [2358.9/2382.6]GB [48.439/159340.093/193525.193]s
END OF variation [2356.9/2380.7]GB [434.675/193958.119/193959.868]s

BEG OF post variation [2356.9/2380.7]GB [0.001/0.000/193959.868]s
END OF post variation [2356.9/2380.7]GB [0.001/0.001/193959.868]s
