l028
80
Semistochastic Heat-bath Configuration Interation (SHCI)

Start time: Fri Jun 14 17:17:46 2019
Infrastructure: 1 nodes * 80 threads
Configuration:
{
  "chem": {
    "irrep_occs_dn": [
      4,
      2,
      1,
      2,
      1,
      2,
      1,
      0,
      1,
      0
    ],
    "irrep_occs_up": [
      4,
      2,
      1,
      2,
      1,
      2,
      1,
      0,
      1,
      0
    ],
    "irreps": [
      1,
      2,
      3,
      4,
      5,
      6,
      7,
      8,
      9,
      10
    ],
    "point_group": "dih"
  },
  "eps_pt": 1e-20,
  "eps_vars": [
    0.0002,
    0.0001,
    5e-05,
    3e-05,
    2e-05,
    1e-05,
    5e-06
  ],
  "eps_vars_schedule": [
    0.005,
    0.005,
    0.005,
    0.005,
    0.005,
    0.003,
    0.003,
    0.003,
    0.003,
    0.003,
    0.002,
    0.002,
    0.002,
    0.002,
    0.002,
    0.001,
    0.001,
    0.001,
    0.001,
    0.001,
    0.001,
    0.001,
    0.0005,
    0.0005,
    0.0005,
    0.0005,
    0.0005,
    0.0005,
    0.0005,
    0.0003,
    0.0003,
    0.0003,
    0.0003,
    0.0003,
    0.0002,
    0.0002,
    0.0002,
    0.0002,
    0.0002
  ],
  "n_dn": 14,
  "n_up": 14,
  "skip_var": true,
  "system": "chem",
  "target_error": 2e-05,
  "time_sym": true
}
Timing format: [DIFF/SECTION/TOTAL]

BEG OF setup [0.0/23.6]GB [0.001/0.001/0.001]s

BEG OF load integrals << setup [0.0/23.6]GB [0.004/0.000/0.004]s
n_orbs: 76
n_elecs (from FCIDUMP): 28
orb_sym: 1 2 1 6 4 3 5 2 1 6 4 7 9 1 2 10 8 2 3 5 6 4 1 3 5 2 1 1 6 4 2 3 5 7 9 6 4 2 10 8 3 5 1 2 1 6 4 3 5 2 1 6 4 7 9 10 8 3 5 1 2 2 6 4 7 9 1 14 12 11 13 10 8 3 5 2 
END OF load fcidump [0.1/23.6]GB [1.649/1.649/1.653]s
HF det up: 0 1 2 3 4 5 6 7 8 9 10 11 12 13 
HF det dn: 0 1 2 3 4 5 6 7 8 9 10 11 12 13 
Reorder skipped.
Orbitals energy:
#  0: E =  -3.360876575559, sym =  1, origin #  0
#  1: E =  -3.360083939798, sym =  2, origin #  1
#  2: E =  -2.082510146618, sym =  1, origin #  2
#  3: E =  -2.081219804317, sym =  6, origin #  3
#  4: E =  -2.081219804318, sym =  4, origin #  4
#  5: E =  -2.076595863467, sym =  3, origin #  5
#  6: E =  -2.076595863467, sym =  5, origin #  6
#  7: E =  -2.074042359892, sym =  2, origin #  7
#  8: E =  -0.189643376540, sym =  1, origin #  8
#  9: E =  -0.062724526878, sym =  6, origin #  9
# 10: E =  -0.062724526878, sym =  4, origin # 10
# 11: E =  -0.047901212558, sym =  7, origin # 11
# 12: E =  -0.047901212559, sym =  9, origin # 12
# 13: E =  -0.068067667032, sym =  1, origin # 13
# 14: E =   0.147722893314, sym =  2, origin # 14
# 15: E =   0.129859155201, sym = 10, origin # 15
# 16: E =   0.129859155201, sym =  8, origin # 16
# 17: E =   0.162802657993, sym =  2, origin # 17
# 18: E =   0.149715604365, sym =  3, origin # 18
# 19: E =   0.149715604365, sym =  5, origin # 19
# 20: E =   0.977951630091, sym =  6, origin # 20
# 21: E =   0.977951630091, sym =  4, origin # 21
# 22: E =   1.049992404366, sym =  1, origin # 22
# 23: E =   1.265194494341, sym =  3, origin # 23
# 24: E =   1.265194494341, sym =  5, origin # 24
# 25: E =   1.316447801392, sym =  2, origin # 25
# 26: E =   0.303421316358, sym =  1, origin # 26
# 27: E =   2.438191523833, sym =  1, origin # 27
# 28: E =   0.307859331743, sym =  6, origin # 28
# 29: E =   0.307859331743, sym =  4, origin # 29
# 30: E =   0.679627595927, sym =  2, origin # 30
# 31: E =   2.545812086537, sym =  3, origin # 31
# 32: E =   2.545812086538, sym =  5, origin # 32
# 33: E =   1.028396908957, sym =  7, origin # 33
# 34: E =   1.028396908957, sym =  9, origin # 34
# 35: E =   2.448236931149, sym =  6, origin # 35
# 36: E =   2.448236931149, sym =  4, origin # 36
# 37: E =   2.608575265148, sym =  2, origin # 37
# 38: E =   1.127391688144, sym = 10, origin # 38
# 39: E =   1.127391688144, sym =  8, origin # 39
# 40: E =   0.493232707354, sym =  3, origin # 40
# 41: E =   0.493232707354, sym =  5, origin # 41
# 42: E =   1.398869196018, sym =  1, origin # 42
# 43: E =   1.634345912433, sym =  2, origin # 43
# 44: E =   0.739843358775, sym =  1, origin # 44
# 45: E =   0.364337894667, sym =  6, origin # 45
# 46: E =   0.364337894668, sym =  4, origin # 46
# 47: E =   0.631156984935, sym =  3, origin # 47
# 48: E =   0.631156984935, sym =  5, origin # 48
# 49: E =   0.560134088546, sym =  2, origin # 49
# 50: E =   0.504438065349, sym =  1, origin # 50
# 51: E =   0.787137351020, sym =  6, origin # 51
# 52: E =   0.787137351020, sym =  4, origin # 52
# 53: E =   2.482175331574, sym =  7, origin # 53
# 54: E =   2.482175331574, sym =  9, origin # 54
# 55: E =   2.507133795423, sym = 10, origin # 55
# 56: E =   2.507133795423, sym =  8, origin # 56
# 57: E =   0.434477137529, sym =  3, origin # 57
# 58: E =   0.434477137529, sym =  5, origin # 58
# 59: E =   0.423253995865, sym =  1, origin # 59
# 60: E =   0.725589900962, sym =  2, origin # 60
# 61: E =   0.958096666595, sym =  2, origin # 61
# 62: E =   0.414129106754, sym =  6, origin # 62
# 63: E =   0.414129106754, sym =  4, origin # 63
# 64: E =   0.701132222832, sym =  7, origin # 64
# 65: E =   0.701132222832, sym =  9, origin # 65
# 66: E =   0.394376970587, sym =  1, origin # 66
# 67: E =   2.489458141876, sym = 14, origin # 67
# 68: E =   2.489458141876, sym = 12, origin # 68
# 69: E =   2.494842951489, sym = 11, origin # 69
# 70: E =   2.494842951489, sym = 13, origin # 70
# 71: E =   0.682288688282, sym = 10, origin # 71
# 72: E =   0.682288688282, sym =  8, origin # 72
# 73: E =   0.390610316028, sym =  3, origin # 73
# 74: E =   0.390610316028, sym =  5, origin # 74
# 75: E =   0.159680138282, sym =  2, origin # 75
HF det up: 0 1 2 3 4 5 6 7 8 9 10 11 12 13 
HF det dn: 0 1 2 3 4 5 6 7 8 9 10 11 12 13 
END OF reorder orbitals [0.1/23.6]GB [0.054/1.702/1.706]s
FCIDUMP cache saved to: integrals_cache.dat
END OF load integrals << setup [0.1/23.6]GB [0.276/1.978/1.982]s

BEG OF setup hci queue << setup [0.1/23.6]GB [0.001/0.000/1.982]s
Max hci queue elem: 0.4122390283 Ha
Number of entries in hci queue: 1,785,360
END OF setup hci queue << setup [0.1/23.6]GB [0.092/0.092/2.074]s
HF energy: -2097.7774837424 Ha
END OF setup [0.1/23.6]GB [0.006/2.078/2.078]s

BEG OF post variation [0.1/23.6]GB [0.001/0.000/2.079]s
END OF post variation [0.1/23.6]GB [0.001/0.001/2.080]s

BEG OF perturbation [0.1/23.6]GB [0.001/0.000/2.080]s

BEG OF eps_var 2.00e-04 << perturbation [0.1/23.6]GB [0.001/0.000/2.081]s
Loaded 1,575,490 dets from: wf_eps1_2.00e-04.dat
Effect dets (without time sym): 3,147,355
----------------------------------------
Excite Lv       # dets         Sum c^2
0                    1      0.00602337
1                   90      0.00000828
2                15588      0.12094828
3                53780      0.00346039
4               318142      0.40006180
5               372440      0.01833351
6               956937      0.34447986
7               471944      0.01783543
8               689887      0.08076750
9               133806      0.00366047
10              124248      0.00426818
11                6882      0.00010535
12                3610      0.00004760
----------------------------------------
Orbital                        Sum c^2
0                           1.99610463
1                           1.99611891
2                           1.98890997
3                           1.98905546
4                           1.98905546
5                           1.98901605
6                           1.98901605
7                           1.98882891
8                           1.95628983
9                           1.07563865
10                          1.07563865
11                          1.01426865
12                          1.01426865
13                          1.07836622
14                          0.90928117
15                          0.97381932
16                          0.97381932
17                          0.02534126
18                          0.91225251
19                          0.91225251
20                          0.00891520
21                          0.00891520
22                          0.00857635
23                          0.00599853
24                          0.00599853
25                          0.00553532
26                          0.00709202
27                          0.00292791
28                          0.00678127
29                          0.00678127
30                          0.00347561
31                          0.00279295
32                          0.00279295
33                          0.00747234
34                          0.00747234
35                          0.00290699
36                          0.00290699
37                          0.00278035
38                          0.00667768
39                          0.00667768
40                          0.00365168
41                          0.00365168
42                          0.00286387
43                          0.00197996
44                          0.00018877
45                          0.00000004
46                          0.00000004
47                          0.00007633
48                          0.00007633
49                          0.00003582
Sum orbitals c^2: 28.00000000
----------------------------------------
Most important dets:
Excite Lv         Coef      Det (Reordered orb)
2           0.10526476      |  0  1  2  3  4  5  6  7  8  9 10 12 13 15 |  0  1  2  3  4  5  6  7  8  9 10 11 13 16 |
2           0.09888992      |  0  1  2  3  4  5  6  7  8  9 11 12 13 16 |  0  1  2  3  4  5  6  7  8  9 10 12 13 18 |
2           0.09888992      |  0  1  2  3  4  5  6  7  8 10 11 12 13 15 |  0  1  2  3  4  5  6  7  8  9 10 11 13 19 |
2          -0.09882137      |  0  1  2  3  4  5  6  7  8 10 11 12 13 16 |  0  1  2  3  4  5  6  7  8  9 10 12 13 19 |
2          -0.09882137      |  0  1  2  3  4  5  6  7  8  9 11 12 13 15 |  0  1  2  3  4  5  6  7  8  9 10 11 13 18 |
2           0.09870186      |  0  1  2  3  4  5  6  7  8  9 10 12 13 14 |  0  1  2  3  4  5  6  7  8  9 10 11 12 16 |
2          -0.09870186      |  0  1  2  3  4  5  6  7  8  9 10 11 13 14 |  0  1  2  3  4  5  6  7  8  9 10 11 12 15 |
4          -0.09518288      |  0  1  2  3  4  5  6  7  8 10 12 13 15 16 |  0  1  2  3  4  5  6  7  8  9 10 13 16 19 |
4          -0.09518288      |  0  1  2  3  4  5  6  7  8  9 11 13 15 16 |  0  1  2  3  4  5  6  7  8  9 10 13 15 18 |
4           0.09514527      |  0  1  2  3  4  5  6  7  8 10 11 13 15 16 |  0  1  2  3  4  5  6  7  8  9 10 13 15 19 |
4           0.09514527      |  0  1  2  3  4  5  6  7  8  9 12 13 15 16 |  0  1  2  3  4  5  6  7  8  9 10 13 16 18 |
4           0.09504294      |  0  1  2  3  4  5  6  7  8  9 10 13 14 16 |  0  1  2  3  4  5  6  7  8  9 10 12 15 16 |
4          -0.09504294      |  0  1  2  3  4  5  6  7  8  9 10 13 14 15 |  0  1  2  3  4  5  6  7  8  9 10 11 15 16 |
2           0.09295679      |  0  1  2  3  4  5  6  7  8 10 11 12 13 18 |  0  1  2  3  4  5  6  7  8  9 11 12 13 19 |
2           0.09253242      |  0  1  2  3  4  5  6  7  8 10 11 12 13 14 |  0  1  2  3  4  5  6  7  8  9 10 11 12 19 |
2          -0.09253242      |  0  1  2  3  4  5  6  7  8  9 11 12 13 14 |  0  1  2  3  4  5  6  7  8  9 10 11 12 18 |
4          -0.09037724      |  0  1  2  3  4  5  6  7  8 10 12 13 15 19 |  0  1  2  3  4  5  6  7  8 10 11 13 16 19 |
4          -0.09037724      |  0  1  2  3  4  5  6  7  8  9 12 13 15 18 |  0  1  2  3  4  5  6  7  8  9 11 13 16 18 |
4          -0.08997705      |  0  1  2  3  4  5  6  7  8  9 10 12 14 15 |  0  1  2  3  4  5  6  7  8  9 10 11 14 16 |
4          -0.08950765      |  0  1  2  3  4  5  6  7  8 10 12 13 16 18 |  0  1  2  3  4  5  6  7  8  9 12 13 16 19 |
----------------------------------------
HF energy: -2097.7774837424 Ha
Variational energy: -2099.7895080679 Ha
Memory total: 3170.3GB
Helper size: 0.1GB
Bytes per det: 32
Memory var: 0.3GB
Memory PT limit: 2218.8GB

BEG OF dtm 2.00e-06 << eps_var 2.00e-04 << perturbation [1.2/24.7]GB [2.532/0.000/4.612]s
Number of dtm batches: 1
END OF determine number of dtm batches [1.2/24.7]GB [0.446/0.446/5.058]s

BEG OF #1/1 << dtm 2.00e-06 << eps_var 2.00e-04 << perturbation [1.2/24.7]GB [0.002/0.000/5.059]s
20% 40% 60% 80% 100% 
Number of dtm pt dets: 3,425,126,877
END OF create hc sums [668.5/692.1]GB [284.332/284.332/289.391]s
PT dtm batch correction: -0.0683963379 Ha
PT dtm correction (eps1= 2.00e-04): -0.0683963379 +- 0.0000000000 Ha
PT dtm total energy (eps1= 2.00e-04): -2099.8579044058 +- 0.0000000000 Ha
Correlation energy (eps1= 2.00e-04): -2.0804206634 +- 0.0000000000 Ha
END OF #1/1 << dtm 2.00e-06 << eps_var 2.00e-04 << perturbation [668.6/692.1]GB [511.937/796.268/801.327]s
END OF dtm 2.00e-06 << eps_var 2.00e-04 << perturbation [668.6/692.1]GB [0.028/796.742/801.353]s

BEG OF psto 1.00e-07 << eps_var 2.00e-04 << perturbation [654.1/677.6]GB [0.109/0.001/801.463]s
Number of psto batches: 16
END OF determine number of psto batches [654.9/678.4]GB [3.088/3.088/804.550]s

BEG OF #1/16 << psto 1.00e-07 << eps_var 2.00e-04 << perturbation [654.9/678.4]GB [0.026/0.001/804.575]s
20% 40% 60% 80% 100% 
Number of psto pt dets: 2,479,009,484
END OF create hc sums [674.7/698.3]GB [228.379/228.379/1032.953]s
PT psto batch correction: -0.0002101799 Ha
PT psto correction (eps1= 2.00e-04): -0.0033628787 +- 0.0000050684 Ha
PT psto total energy (eps1= 2.00e-04): -2099.8612672845 +- 0.0000050684 Ha
Correlation energy (eps1= 2.00e-04): -2.0837835421 +- 0.0000050684 Ha
END OF #1/16 << psto 1.00e-07 << eps_var 2.00e-04 << perturbation [674.7/698.3]GB [377.054/605.432/1410.006]s
END OF psto 1.00e-07 << eps_var 2.00e-04 << perturbation [674.7/698.3]GB [0.001/608.545/1410.007]s

BEG OF sto 1.00e-20 << eps_var 2.00e-04 << perturbation [669.5/693.0]GB [0.182/0.001/1410.188]s
Number of samples chosen: 484,227
END OF determine n samples [669.6/693.2]GB [0.891/0.891/1411.079]s

BEG OF #1 << sto 1.00e-20 << eps_var 2.00e-04 << perturbation [669.6/693.2]GB [0.001/0.000/1411.079]s
Number of unique variational determinants in sample: 393,521
Batch id: 61 / 64
20% 40% 60% 80% 100% 
Number of sto pt dets: 458,942,546
END OF create hc sums [675.7/699.2]GB [45.306/45.306/1456.385]s
PT sto loop correction: -0.0000018625 Ha
PT sto correction (eps1= 2.00e-04): -0.0000018625 +- -nan Ha
PT sto total energy (eps1= 2.00e-04): -2099.8612691470 +- -nan Ha
Correlation energy (eps1= 2.00e-04): -2.0837854046 +- -nan Ha
END OF #1 << sto 1.00e-20 << eps_var 2.00e-04 << perturbation [675.7/699.2]GB [69.196/114.501/1525.580]s

BEG OF #2 << sto 1.00e-20 << eps_var 2.00e-04 << perturbation [675.7/699.2]GB [0.001/0.000/1525.580]s
Number of unique variational determinants in sample: 393,014
Batch id: 17 / 64
20% 40% 60% 80% 100% 
Number of sto pt dets: 458,528,853
END OF create hc sums [675.7/699.2]GB [29.952/29.952/1555.532]s
PT sto loop correction: -0.0000022014 Ha
PT sto correction (eps1= 2.00e-04): -0.0000020320 +- 0.0000001694 Ha
PT sto total energy (eps1= 2.00e-04): -2099.8612693165 +- 0.0000050713 Ha
Correlation energy (eps1= 2.00e-04): -2.0837855740 +- 0.0000050713 Ha
END OF #2 << sto 1.00e-20 << eps_var 2.00e-04 << perturbation [675.7/699.2]GB [69.001/98.953/1624.532]s

BEG OF #3 << sto 1.00e-20 << eps_var 2.00e-04 << perturbation [675.7/699.2]GB [0.001/0.000/1624.533]s
Number of unique variational determinants in sample: 392,983
Batch id: 25 / 64
20% 40% 60% 80% 100% 
Number of sto pt dets: 458,407,242
END OF create hc sums [675.7/699.2]GB [30.931/30.931/1655.463]s
PT sto loop correction: 0.0000039805 Ha
PT sto correction (eps1= 2.00e-04): -0.0000000278 +- 0.0000020066 Ha
PT sto total energy (eps1= 2.00e-04): -2099.8612673123 +- 0.0000054512 Ha
Correlation energy (eps1= 2.00e-04): -2.0837835699 +- 0.0000054512 Ha
END OF #3 << sto 1.00e-20 << eps_var 2.00e-04 << perturbation [675.7/699.2]GB [68.906/99.836/1724.369]s

BEG OF #4 << sto 1.00e-20 << eps_var 2.00e-04 << perturbation [675.7/699.2]GB [0.001/0.000/1724.369]s
Number of unique variational determinants in sample: 393,419
Batch id: 49 / 64
20% 40% 60% 80% 100% 
Number of sto pt dets: 458,764,644
END OF create hc sums [675.7/699.2]GB [30.372/30.372/1754.741]s
PT sto loop correction: -0.0000021873 Ha
PT sto correction (eps1= 2.00e-04): -0.0000005677 +- 0.0000015181 Ha
PT sto total energy (eps1= 2.00e-04): -2099.8612678522 +- 0.0000052909 Ha
Correlation energy (eps1= 2.00e-04): -2.0837841097 +- 0.0000052909 Ha
END OF #4 << sto 1.00e-20 << eps_var 2.00e-04 << perturbation [675.7/699.2]GB [68.837/99.208/1823.576]s

BEG OF #5 << sto 1.00e-20 << eps_var 2.00e-04 << perturbation [675.7/699.2]GB [0.001/0.000/1823.577]s
Number of unique variational determinants in sample: 393,435
Batch id: 7 / 64
20% 40% 60% 80% 100% 
Number of sto pt dets: 458,865,763
END OF create hc sums [675.7/699.2]GB [29.996/29.996/1853.573]s
PT sto loop correction: -0.0000087642 Ha
PT sto correction (eps1= 2.00e-04): -0.0000022070 +- 0.0000020174 Ha
PT sto total energy (eps1= 2.00e-04): -2099.8612694915 +- 0.0000054552 Ha
Correlation energy (eps1= 2.00e-04): -2.0837857490 +- 0.0000054552 Ha
END OF #5 << sto 1.00e-20 << eps_var 2.00e-04 << perturbation [675.7/699.2]GB [68.987/98.982/1922.559]s

BEG OF #6 << sto 1.00e-20 << eps_var 2.00e-04 << perturbation [675.7/699.2]GB [0.001/0.000/1922.559]s
Number of unique variational determinants in sample: 392,856
Batch id: 57 / 64
20% 40% 60% 80% 100% 
Number of sto pt dets: 458,156,515
END OF create hc sums [675.7/699.2]GB [29.929/29.929/1952.488]s
PT sto loop correction: -0.0000027611 Ha
PT sto correction (eps1= 2.00e-04): -0.0000022993 +- 0.0000016498 Ha
PT sto total energy (eps1= 2.00e-04): -2099.8612695838 +- 0.0000053302 Ha
Correlation energy (eps1= 2.00e-04): -2.0837858414 +- 0.0000053302 Ha
END OF #6 << sto 1.00e-20 << eps_var 2.00e-04 << perturbation [675.7/699.2]GB [69.005/98.934/2021.492]s
END OF sto 1.00e-20 << eps_var 2.00e-04 << perturbation [675.7/699.2]GB [0.001/611.305/2021.493]s
Total energy: -2099.8612695838 +- 0.0000053302 Ha
END OF eps_var 2.00e-04 << perturbation [675.6/699.2]GB [0.051/2019.464/2021.544]s

BEG OF eps_var 1.00e-04 << perturbation [675.6/699.2]GB [0.001/0.000/2021.544]s
Loaded 4,264,091 dets from: wf_eps1_1.00e-04.dat
Effect dets (without time sym): 8,522,018
----------------------------------------
Excite Lv       # dets         Sum c^2
0                    1      0.00545826
1                  122      0.00000996
2                23568      0.11227627
3                98306      0.00327578
4               607367      0.38518144
5               878796      0.01782621
6              2220413      0.35286344
7              1373154      0.01841117
8              2055191      0.09349758
9               562550      0.00434048
10              590795      0.00655115
11               61162      0.00019541
12               48771      0.00011134
13                1134      0.00000127
14                 688      0.00000025
----------------------------------------
Orbital                        Sum c^2
0                           1.99606852
1                           1.99607806
2                           1.98864681
3                           1.98885541
4                           1.98885541
5                           1.98882211
6                           1.98882211
7                           1.98857211
8                           1.85819156
9                           1.07377841
10                          1.07377841
11                          1.01356118
12                          1.01356118
13                          1.07604123
14                          0.91177547
15                          0.97425902
16                          0.97425902
17                          0.12021098
18                          0.91401467
19                          0.91401467
20                          0.00907120
21                          0.00907120
22                          0.00877980
23                          0.00609340
24                          0.00609340
25                          0.00568352
26                          0.00739732
27                          0.00297008
28                          0.00691207
29                          0.00691207
30                          0.00434551
31                          0.00283283
32                          0.00283283
33                          0.00763926
34                          0.00763926
35                          0.00294066
36                          0.00294066
37                          0.00281823
38                          0.00682448
39                          0.00682448
40                          0.00358267
41                          0.00358267
42                          0.00319971
43                          0.00221032
44                          0.00021937
45                          0.00000086
46                          0.00000086
47                          0.00013811
48                          0.00013811
49                          0.00032697
Sum orbitals c^2: 28.00000000
----------------------------------------
Most important dets:
Excite Lv         Coef      Det (Reordered orb)
2           0.10034007      |  0  1  2  3  4  5  6  7  8  9 10 12 13 15 |  0  1  2  3  4  5  6  7  8  9 10 11 13 16 |
2           0.09424257      |  0  1  2  3  4  5  6  7  8  9 11 12 13 16 |  0  1  2  3  4  5  6  7  8  9 10 12 13 18 |
2           0.09424257      |  0  1  2  3  4  5  6  7  8 10 11 12 13 15 |  0  1  2  3  4  5  6  7  8  9 10 11 13 19 |
2          -0.09419241      |  0  1  2  3  4  5  6  7  8  9 11 12 13 15 |  0  1  2  3  4  5  6  7  8  9 10 11 13 18 |
2          -0.09419241      |  0  1  2  3  4  5  6  7  8 10 11 12 13 16 |  0  1  2  3  4  5  6  7  8  9 10 12 13 19 |
2           0.09418432      |  0  1  2  3  4  5  6  7  8  9 10 12 13 14 |  0  1  2  3  4  5  6  7  8  9 10 11 12 16 |
2          -0.09418432      |  0  1  2  3  4  5  6  7  8  9 10 11 13 14 |  0  1  2  3  4  5  6  7  8  9 10 11 12 15 |
4          -0.09077732      |  0  1  2  3  4  5  6  7  8 10 12 13 15 16 |  0  1  2  3  4  5  6  7  8  9 10 13 16 19 |
4          -0.09077732      |  0  1  2  3  4  5  6  7  8  9 11 13 15 16 |  0  1  2  3  4  5  6  7  8  9 10 13 15 18 |
4           0.09076475      |  0  1  2  3  4  5  6  7  8  9 10 13 14 16 |  0  1  2  3  4  5  6  7  8  9 10 12 15 16 |
4          -0.09076475      |  0  1  2  3  4  5  6  7  8  9 10 13 14 15 |  0  1  2  3  4  5  6  7  8  9 10 11 15 16 |
4           0.09074883      |  0  1  2  3  4  5  6  7  8  9 12 13 15 16 |  0  1  2  3  4  5  6  7  8  9 10 13 16 18 |
4           0.09074883      |  0  1  2  3  4  5  6  7  8 10 11 13 15 16 |  0  1  2  3  4  5  6  7  8  9 10 13 15 19 |
2           0.08868565      |  0  1  2  3  4  5  6  7  8 10 11 12 13 18 |  0  1  2  3  4  5  6  7  8  9 11 12 13 19 |
2          -0.08838925      |  0  1  2  3  4  5  6  7  8  9 11 12 13 14 |  0  1  2  3  4  5  6  7  8  9 10 11 12 18 |
2           0.08838925      |  0  1  2  3  4  5  6  7  8 10 11 12 13 14 |  0  1  2  3  4  5  6  7  8  9 10 11 12 19 |
4          -0.08621653      |  0  1  2  3  4  5  6  7  8 10 12 13 15 19 |  0  1  2  3  4  5  6  7  8 10 11 13 16 19 |
4          -0.08621653      |  0  1  2  3  4  5  6  7  8  9 12 13 15 18 |  0  1  2  3  4  5  6  7  8  9 11 13 16 18 |
4          -0.08596503      |  0  1  2  3  4  5  6  7  8  9 10 12 14 15 |  0  1  2  3  4  5  6  7  8  9 10 11 14 16 |
4          -0.08545869      |  0  1  2  3  4  5  6  7  8 10 12 13 16 18 |  0  1  2  3  4  5  6  7  8  9 12 13 16 19 |
----------------------------------------
HF energy: -2097.7774837424 Ha
Variational energy: -2099.8079954464 Ha
Memory total: 3170.3GB
Helper size: 0.1GB
Bytes per det: 32
Memory var: 0.9GB
Memory PT limit: 2218.3GB

BEG OF dtm 2.00e-06 << eps_var 1.00e-04 << perturbation [675.8/699.3]GB [6.054/0.000/2027.597]s
Number of dtm batches: 1
END OF determine number of dtm batches [675.8/699.3]GB [0.523/0.523/2028.120]s

BEG OF #1/1 << dtm 2.00e-06 << eps_var 1.00e-04 << perturbation [675.8/699.3]GB [0.002/0.000/2028.121]s
20% 40% 60% 80% 100% 
Number of dtm pt dets: 4,142,345,538
END OF create hc sums [678.1/701.7]GB [397.422/397.422/2425.543]s
PT dtm batch correction: -0.0599437558 Ha
PT dtm correction (eps1= 1.00e-04): -0.0599437558 +- 0.0000000000 Ha
PT dtm total energy (eps1= 1.00e-04): -2099.8679392022 +- 0.0000000000 Ha
Correlation energy (eps1= 1.00e-04): -2.0904554598 +- 0.0000000000 Ha
END OF #1/1 << dtm 2.00e-06 << eps_var 1.00e-04 << perturbation [678.1/701.7]GB [520.717/918.139/2946.260]s
END OF dtm 2.00e-06 << eps_var 1.00e-04 << perturbation [678.1/701.7]GB [0.016/918.678/2946.275]s

BEG OF psto 1.00e-07 << eps_var 1.00e-04 << perturbation [664.9/688.4]GB [0.121/0.001/2946.396]s
Number of psto batches: 16
END OF determine number of psto batches [666.5/690.0]GB [5.521/5.521/2951.916]s

BEG OF #1/16 << psto 1.00e-07 << eps_var 1.00e-04 << perturbation [666.5/690.0]GB [0.017/0.001/2951.932]s
20% 40% 60% 80% 100% 
Number of psto pt dets: 3,972,769,069
END OF create hc sums [666.7/690.3]GB [348.657/348.657/3300.588]s
PT psto batch correction: -0.0003126397 Ha
PT psto correction (eps1= 1.00e-04): -0.0050022352 +- 0.0000038421 Ha
PT psto total energy (eps1= 1.00e-04): -2099.8729414374 +- 0.0000038421 Ha
Correlation energy (eps1= 1.00e-04): -2.0954576950 +- 0.0000038421 Ha
END OF #1/16 << psto 1.00e-07 << eps_var 1.00e-04 << perturbation [666.7/690.3]GB [565.623/914.279/3866.210]s
END OF psto 1.00e-07 << eps_var 1.00e-04 << perturbation [666.7/690.3]GB [0.002/919.815/3866.210]s

BEG OF sto 1.00e-20 << eps_var 1.00e-04 << perturbation [648.3/671.9]GB [0.278/0.001/3866.488]s
Number of samples chosen: 1,375,950
END OF determine n samples [648.5/672.1]GB [1.719/1.719/3868.206]s

BEG OF #1 << sto 1.00e-20 << eps_var 1.00e-04 << perturbation [648.5/672.1]GB [0.001/0.000/3868.206]s
Number of unique variational determinants in sample: 1,065,266
Batch id: 1 / 64
20% 40% 60% 80% 100% 
Number of sto pt dets: 1,186,110,638
END OF create hc sums [781.9/805.5]GB [128.198/128.198/3996.404]s
PT sto loop correction: -0.0000063992 Ha
PT sto correction (eps1= 1.00e-04): -0.0000063992 +- -nan Ha
PT sto total energy (eps1= 1.00e-04): -2099.8729478366 +- -nan Ha
Correlation energy (eps1= 1.00e-04): -2.0954640942 +- -nan Ha
END OF #1 << sto 1.00e-20 << eps_var 1.00e-04 << perturbation [781.9/805.5]GB [175.040/303.237/4171.444]s

BEG OF #2 << sto 1.00e-20 << eps_var 1.00e-04 << perturbation [781.9/805.5]GB [0.001/0.000/4171.444]s
Number of unique variational determinants in sample: 1,065,703
Batch id: 17 / 64
20% 40% 60% 80% 100% 
Number of sto pt dets: 1,186,630,359
END OF create hc sums [782.9/806.5]GB [82.868/82.868/4254.312]s
PT sto loop correction: -0.0000083311 Ha
PT sto correction (eps1= 1.00e-04): -0.0000073651 +- 0.0000009659 Ha
PT sto total energy (eps1= 1.00e-04): -2099.8729488025 +- 0.0000039617 Ha
Correlation energy (eps1= 1.00e-04): -2.0954650601 +- 0.0000039617 Ha
END OF #2 << sto 1.00e-20 << eps_var 1.00e-04 << perturbation [782.9/806.5]GB [174.718/257.586/4429.029]s

BEG OF #3 << sto 1.00e-20 << eps_var 1.00e-04 << perturbation [782.9/806.5]GB [0.001/0.000/4429.030]s
Number of unique variational determinants in sample: 1,066,072
Batch id: 33 / 64
20% 40% 60% 80% 100% 
Number of sto pt dets: 1,187,074,772
END OF create hc sums [782.9/806.5]GB [83.081/83.081/4512.110]s
PT sto loop correction: -0.0000158530 Ha
PT sto correction (eps1= 1.00e-04): -0.0000101944 +- 0.0000028837 Ha
PT sto total energy (eps1= 1.00e-04): -2099.8729516318 +- 0.0000048040 Ha
Correlation energy (eps1= 1.00e-04): -2.0954678894 +- 0.0000048040 Ha
END OF #3 << sto 1.00e-20 << eps_var 1.00e-04 << perturbation [782.9/806.5]GB [174.958/258.038/4687.067]s

BEG OF #4 << sto 1.00e-20 << eps_var 1.00e-04 << perturbation [782.9/806.5]GB [0.002/0.001/4687.068]s
Number of unique variational determinants in sample: 1,066,101
Batch id: 24 / 64
20% 40% 60% 80% 100% 
Number of sto pt dets: 1,186,897,599
END OF create hc sums [783.0/806.5]GB [83.236/83.236/4770.303]s
PT sto loop correction: -0.0000138300 Ha
PT sto correction (eps1= 1.00e-04): -0.0000111033 +- 0.0000022325 Ha
PT sto total energy (eps1= 1.00e-04): -2099.8729525407 +- 0.0000044437 Ha
Correlation energy (eps1= 1.00e-04): -2.0954687983 +- 0.0000044437 Ha
END OF #4 << sto 1.00e-20 << eps_var 1.00e-04 << perturbation [783.0/806.5]GB [175.039/258.274/4945.341]s

BEG OF #5 << sto 1.00e-20 << eps_var 1.00e-04 << perturbation [783.0/806.5]GB [0.001/0.000/4945.341]s
Number of unique variational determinants in sample: 1,065,580
Batch id: 29 / 64
20% 40% 60% 80% 100% 
Number of sto pt dets: 1,186,587,920
END OF create hc sums [785.9/809.5]GB [81.414/81.414/5026.755]s
PT sto loop correction: -0.0000045822 Ha
PT sto correction (eps1= 1.00e-04): -0.0000097991 +- 0.0000021660 Ha
PT sto total energy (eps1= 1.00e-04): -2099.8729512365 +- 0.0000044106 Ha
Correlation energy (eps1= 1.00e-04): -2.0954674941 +- 0.0000044106 Ha
END OF #5 << sto 1.00e-20 << eps_var 1.00e-04 << perturbation [785.9/809.5]GB [174.876/256.289/5201.630]s

BEG OF #6 << sto 1.00e-20 << eps_var 1.00e-04 << perturbation [785.9/809.5]GB [0.002/0.000/5201.630]s
Number of unique variational determinants in sample: 1,065,465
Batch id: 49 / 64
20% 40% 60% 80% 100% 
Number of sto pt dets: 1,186,368,378
END OF create hc sums [785.9/809.5]GB [80.669/80.669/5282.299]s
PT sto loop correction: -0.0000077063 Ha
PT sto correction (eps1= 1.00e-04): -0.0000094503 +- 0.0000018026 Ha
PT sto total energy (eps1= 1.00e-04): -2099.8729508877 +- 0.0000042440 Ha
Correlation energy (eps1= 1.00e-04): -2.0954671453 +- 0.0000042440 Ha
END OF #6 << sto 1.00e-20 << eps_var 1.00e-04 << perturbation [786.0/809.5]GB [175.169/255.837/5457.467]s
END OF sto 1.00e-20 << eps_var 1.00e-04 << perturbation [786.0/809.5]GB [0.001/1590.981/5457.468]s
Total energy: -2099.8729508877 +- 0.0000042440 Ha
END OF eps_var 1.00e-04 << perturbation [785.7/809.3]GB [0.068/3435.991/5457.535]s

BEG OF eps_var 5.00e-05 << perturbation [785.7/809.3]GB [0.001/0.000/5457.535]s
Loaded 10,931,601 dets from: wf_eps1_5.00e-05.dat
Effect dets (without time sym): 21,855,086
----------------------------------------
Excite Lv       # dets         Sum c^2
0                    1      0.00543402
1                  158      0.00001302
2                34055      0.11057637
3               188844      0.00345180
4              1220038      0.37930601
5              2375548      0.01858022
6              5352212      0.35302649
7              4250816      0.01942136
8              5023621      0.09755427
9              1703816      0.00478394
10             1395047      0.00746428
11              184970      0.00024398
12              120112      0.00014195
13                3810      0.00000185
14                2038      0.00000044
----------------------------------------
Orbital                        Sum c^2
0                           1.99601926
1                           1.99602841
2                           1.98845311
3                           1.98860135
4                           1.98860135
5                           1.98856438
6                           1.98856438
7                           1.98837253
8                           1.81860938
9                           1.07661632
10                          1.07661632
11                          1.01377926
12                          1.01377926
13                          1.07909010
14                          0.90783857
15                          0.97274539
16                          0.97274539
17                          0.15165485
18                          0.90959904
19                          0.90959904
20                          0.01005444
21                          0.01005444
22                          0.00970887
23                          0.00654954
24                          0.00654954
25                          0.00610354
26                          0.00918995
27                          0.00301226
28                          0.00874378
29                          0.00874378
30                          0.00574558
31                          0.00285034
32                          0.00285034
33                          0.00840579
34                          0.00840579
35                          0.00296337
36                          0.00296337
37                          0.00284863
38                          0.00741424
39                          0.00741424
40                          0.00364868
41                          0.00364868
42                          0.00336004
43                          0.00236538
44                          0.00025960
45                          0.00000474
46                          0.00000474
47                          0.00018082
48                          0.00018082
49                          0.00056007
Sum orbitals c^2: 28.00000000
----------------------------------------
Most important dets:
Excite Lv         Coef      Det (Reordered orb)
2           0.09965200      |  0  1  2  3  4  5  6  7  8  9 10 12 13 15 |  0  1  2  3  4  5  6  7  8  9 10 11 13 16 |
2           0.09316216      |  0  1  2  3  4  5  6  7  8 10 11 12 13 15 |  0  1  2  3  4  5  6  7  8  9 10 11 13 19 |
2           0.09316216      |  0  1  2  3  4  5  6  7  8  9 11 12 13 16 |  0  1  2  3  4  5  6  7  8  9 10 12 13 18 |
2          -0.09308080      |  0  1  2  3  4  5  6  7  8 10 11 12 13 16 |  0  1  2  3  4  5  6  7  8  9 10 12 13 19 |
2          -0.09308080      |  0  1  2  3  4  5  6  7  8  9 11 12 13 15 |  0  1  2  3  4  5  6  7  8  9 10 11 13 18 |
2           0.09306799      |  0  1  2  3  4  5  6  7  8  9 10 12 13 14 |  0  1  2  3  4  5  6  7  8  9 10 11 12 16 |
2          -0.09306799      |  0  1  2  3  4  5  6  7  8  9 10 11 13 14 |  0  1  2  3  4  5  6  7  8  9 10 11 12 15 |
4          -0.08947952      |  0  1  2  3  4  5  6  7  8 10 12 13 15 16 |  0  1  2  3  4  5  6  7  8  9 10 13 16 19 |
4          -0.08947952      |  0  1  2  3  4  5  6  7  8  9 11 13 15 16 |  0  1  2  3  4  5  6  7  8  9 10 13 15 18 |
4           0.08944454      |  0  1  2  3  4  5  6  7  8  9 10 13 14 16 |  0  1  2  3  4  5  6  7  8  9 10 12 15 16 |
4          -0.08944454      |  0  1  2  3  4  5  6  7  8  9 10 13 14 15 |  0  1  2  3  4  5  6  7  8  9 10 11 15 16 |
4           0.08942915      |  0  1  2  3  4  5  6  7  8  9 12 13 15 16 |  0  1  2  3  4  5  6  7  8  9 10 13 16 18 |
4           0.08942915      |  0  1  2  3  4  5  6  7  8 10 11 13 15 16 |  0  1  2  3  4  5  6  7  8  9 10 13 15 19 |
2           0.08722311      |  0  1  2  3  4  5  6  7  8 10 11 12 13 18 |  0  1  2  3  4  5  6  7  8  9 11 12 13 19 |
2           0.08695651      |  0  1  2  3  4  5  6  7  8 10 11 12 13 14 |  0  1  2  3  4  5  6  7  8  9 10 11 12 19 |
2          -0.08695651      |  0  1  2  3  4  5  6  7  8  9 11 12 13 14 |  0  1  2  3  4  5  6  7  8  9 10 11 12 18 |
4          -0.08462063      |  0  1  2  3  4  5  6  7  8 10 12 13 15 19 |  0  1  2  3  4  5  6  7  8 10 11 13 16 19 |
4          -0.08462063      |  0  1  2  3  4  5  6  7  8  9 12 13 15 18 |  0  1  2  3  4  5  6  7  8  9 11 13 16 18 |
4          -0.08438363      |  0  1  2  3  4  5  6  7  8  9 10 12 14 15 |  0  1  2  3  4  5  6  7  8  9 10 11 14 16 |
4          -0.08384760      |  0  1  2  3  4  5  6  7  8 10 12 13 16 18 |  0  1  2  3  4  5  6  7  8  9 12 13 16 19 |
----------------------------------------
HF energy: -2097.7774837424 Ha
Variational energy: -2099.8197454504 Ha
Memory total: 3170.3GB
Helper size: 0.1GB
Bytes per det: 32
Memory var: 2.3GB
Memory PT limit: 2216.9GB

BEG OF dtm 2.00e-06 << eps_var 5.00e-05 << perturbation [786.1/809.7]GB [14.988/0.000/5472.523]s
Number of dtm batches: 1
END OF determine number of dtm batches [786.2/809.7]GB [0.729/0.729/5473.252]s

BEG OF #1/1 << dtm 2.00e-06 << eps_var 5.00e-05 << perturbation [786.2/809.7]GB [0.002/0.000/5473.254]s
20% 40% 60% 80% 100% 
Number of dtm pt dets: 4,429,800,605
END OF create hc sums [806.9/830.4]GB [404.083/404.083/5877.336]s
PT dtm batch correction: -0.0519267093 Ha
PT dtm correction (eps1= 5.00e-05): -0.0519267093 +- 0.0000000000 Ha
PT dtm total energy (eps1= 5.00e-05): -2099.8716721598 +- 0.0000000000 Ha
Correlation energy (eps1= 5.00e-05): -2.0941884173 +- 0.0000000000 Ha
END OF #1/1 << dtm 2.00e-06 << eps_var 5.00e-05 << perturbation [806.9/830.4]GB [530.224/934.306/6407.559]s
END OF dtm 2.00e-06 << eps_var 5.00e-05 << perturbation [806.9/830.4]GB [0.014/935.049/6407.572]s

BEG OF psto 1.00e-07 << eps_var 5.00e-05 << perturbation [797.0/820.6]GB [0.100/0.001/6407.672]s
Number of psto batches: 16
END OF determine number of psto batches [799.5/823.0]GB [8.647/8.647/6416.318]s

BEG OF #1/16 << psto 1.00e-07 << eps_var 5.00e-05 << perturbation [799.5/823.0]GB [0.025/0.001/6416.343]s
20% 40% 60% 80% 100% 
Number of psto pt dets: 5,830,829,714
END OF create hc sums [1049.2/1072.8]GB [556.181/556.181/6972.523]s
PT psto batch correction: -0.0003417574 Ha
PT psto correction (eps1= 5.00e-05): -0.0054681183 +- 0.0000025303 Ha
PT psto total energy (eps1= 5.00e-05): -2099.8771402781 +- 0.0000025303 Ha
Correlation energy (eps1= 5.00e-05): -2.0996565356 +- 0.0000025303 Ha
END OF #1/16 << psto 1.00e-07 << eps_var 5.00e-05 << perturbation [1049.2/1072.8]GB [802.021/1358.201/7774.543]s
END OF psto 1.00e-07 << eps_var 5.00e-05 << perturbation [1049.2/1072.8]GB [0.001/1366.873/7774.543]s

BEG OF sto 1.00e-20 << eps_var 5.00e-05 << perturbation [960.5/984.1]GB [0.902/0.001/7775.445]s
Number of samples chosen: 3,080,804
END OF determine n samples [960.7/984.3]GB [3.550/3.550/7778.995]s

BEG OF #1 << sto 1.00e-20 << eps_var 5.00e-05 << perturbation [960.7/984.3]GB [0.001/0.000/7778.995]s
Number of unique variational determinants in sample: 2,303,360
Batch id: 10 / 64
20% 40% 60% 80% 100% 
Number of sto pt dets: 2,483,907,825
END OF create hc sums [1262.2/1285.8]GB [266.879/266.879/8045.874]s
PT sto loop correction: -0.0000466483 Ha
PT sto correction (eps1= 5.00e-05): -0.0000466483 +- -nan Ha
PT sto total energy (eps1= 5.00e-05): -2099.8771869263 +- -nan Ha
Correlation energy (eps1= 5.00e-05): -2.0997031839 +- -nan Ha
END OF #1 << sto 1.00e-20 << eps_var 5.00e-05 << perturbation [1262.2/1285.8]GB [362.938/629.817/8408.811]s

BEG OF #2 << sto 1.00e-20 << eps_var 5.00e-05 << perturbation [1262.2/1285.8]GB [0.001/0.000/8408.812]s
Number of unique variational determinants in sample: 2,303,667
Batch id: 63 / 64
20% 40% 60% 80% 100% 
Number of sto pt dets: 2,484,107,197
END OF create hc sums [1262.3/1285.8]GB [174.656/174.656/8583.468]s
PT sto loop correction: -0.0000423519 Ha
PT sto correction (eps1= 5.00e-05): -0.0000445001 +- 0.0000021482 Ha
PT sto total energy (eps1= 5.00e-05): -2099.8771847781 +- 0.0000033192 Ha
Correlation energy (eps1= 5.00e-05): -2.0997010357 +- 0.0000033192 Ha
END OF #2 << sto 1.00e-20 << eps_var 5.00e-05 << perturbation [1262.3/1285.9]GB [359.074/533.729/8942.541]s

BEG OF #3 << sto 1.00e-20 << eps_var 5.00e-05 << perturbation [1262.3/1285.9]GB [0.001/0.000/8942.541]s
Number of unique variational determinants in sample: 2,305,205
Batch id: 29 / 64
20% 40% 60% 80% 100% 
Number of sto pt dets: 2,485,697,355
END OF create hc sums [1262.4/1285.9]GB [174.153/174.153/9116.693]s
PT sto loop correction: -0.0000407349 Ha
PT sto correction (eps1= 5.00e-05): -0.0000432450 +- 0.0000017645 Ha
PT sto total energy (eps1= 5.00e-05): -2099.8771835231 +- 0.0000030848 Ha
Correlation energy (eps1= 5.00e-05): -2.0996997807 +- 0.0000030848 Ha
END OF #3 << sto 1.00e-20 << eps_var 5.00e-05 << perturbation [1262.4/1285.9]GB [358.846/532.998/9475.539]s

BEG OF #4 << sto 1.00e-20 << eps_var 5.00e-05 << perturbation [1262.4/1285.9]GB [0.001/0.001/9475.539]s
Number of unique variational determinants in sample: 2,303,816
Batch id: 51 / 64
20% 40% 60% 80% 100% 
Number of sto pt dets: 2,484,169,701
END OF create hc sums [1262.4/1286.0]GB [173.388/173.388/9648.927]s
PT sto loop correction: -0.0000451521 Ha
PT sto correction (eps1= 5.00e-05): -0.0000437218 +- 0.0000013357 Ha
PT sto total energy (eps1= 5.00e-05): -2099.8771839999 +- 0.0000028612 Ha
Correlation energy (eps1= 5.00e-05): -2.0997002574 +- 0.0000028612 Ha
END OF #4 << sto 1.00e-20 << eps_var 5.00e-05 << perturbation [1262.4/1286.0]GB [358.201/531.589/10007.127]s

BEG OF #5 << sto 1.00e-20 << eps_var 5.00e-05 << perturbation [1262.4/1286.0]GB [0.001/0.000/10007.128]s
Number of unique variational determinants in sample: 2,303,376
Batch id: 12 / 64
20% 40% 60% 80% 100% 
Number of sto pt dets: 2,483,726,023
END OF create hc sums [1262.5/1286.0]GB [173.425/173.425/10180.553]s
PT sto loop correction: -0.0000459445 Ha
PT sto correction (eps1= 5.00e-05): -0.0000441663 +- 0.0000011261 Ha
PT sto total energy (eps1= 5.00e-05): -2099.8771844444 +- 0.0000027695 Ha
Correlation energy (eps1= 5.00e-05): -2.0997007020 +- 0.0000027695 Ha
END OF #5 << sto 1.00e-20 << eps_var 5.00e-05 << perturbation [1262.5/1286.0]GB [358.518/531.943/10539.071]s

BEG OF #6 << sto 1.00e-20 << eps_var 5.00e-05 << perturbation [1262.5/1286.0]GB [0.001/0.000/10539.071]s
Number of unique variational determinants in sample: 2,303,082
Batch id: 27 / 64
20% 40% 60% 80% 100% 
Number of sto pt dets: 2,483,456,232
END OF create hc sums [1262.5/1286.0]GB [173.033/173.033/10712.103]s
PT sto loop correction: -0.0000392353 Ha
PT sto correction (eps1= 5.00e-05): -0.0000433445 +- 0.0000012332 Ha
PT sto total energy (eps1= 5.00e-05): -2099.8771836226 +- 0.0000028148 Ha
Correlation energy (eps1= 5.00e-05): -2.0996998801 +- 0.0000028148 Ha
END OF #6 << sto 1.00e-20 << eps_var 5.00e-05 << perturbation [1262.5/1286.1]GB [358.663/531.695/11070.765]s
END OF sto 1.00e-20 << eps_var 5.00e-05 << perturbation [1262.5/1286.1]GB [0.031/3295.351/11070.795]s
Total energy: -2099.8771836226 +- 0.0000028148 Ha
END OF eps_var 5.00e-05 << perturbation [1262.4/1285.9]GB [0.094/5613.354/11070.889]s

BEG OF eps_var 3.00e-05 << perturbation [1262.4/1285.9]GB [0.001/0.000/11070.889]s
Loaded 29,723,848 dets from: wf_eps1_3.00e-05.dat
Effect dets (without time sym): 59,437,391
----------------------------------------
Excite Lv       # dets         Sum c^2
0                    1      0.00567127
1                  168      0.00002001
2                44501      0.11222492
3               350472      0.00385202
4              2492799      0.37752840
5              6282788      0.02008633
6             13674988      0.34879437
7             13277512      0.02079362
8             13597101      0.09756143
9              5439482      0.00518938
10             3479088      0.00783445
11              503202      0.00027861
12              281650      0.00016233
13                8816      0.00000233
14                4823      0.00000054
----------------------------------------
Orbital                        Sum c^2
0                           1.99595492
1                           1.99596352
2                           1.98793852
3                           1.98813487
4                           1.98813487
5                           1.98809290
6                           1.98809290
7                           1.98784282
8                           1.80856027
9                           1.08138782
10                          1.08138782
11                          1.01433130
12                          1.01433130
13                          1.08436264
14                          0.90127491
15                          0.97037096
16                          0.97037096
17                          0.15110109
18                          0.90291035
19                          0.90291035
20                          0.01137843
21                          0.01137843
22                          0.01087856
23                          0.00704186
24                          0.00704186
25                          0.00657175
26                          0.01137262
27                          0.00312286
28                          0.01156272
29                          0.01156272
30                          0.00666569
31                          0.00295385
32                          0.00295385
33                          0.00934585
34                          0.00934585
35                          0.00307625
36                          0.00307625
37                          0.00294427
38                          0.00812751
39                          0.00812751
40                          0.00386582
41                          0.00386582
42                          0.00345933
43                          0.00259716
44                          0.00029867
45                          0.00000764
46                          0.00000764
47                          0.00020365
48                          0.00020365
49                          0.00113502
Sum orbitals c^2: 28.00000000
----------------------------------------
Most important dets:
Excite Lv         Coef      Det (Reordered orb)
2           0.10100532      |  0  1  2  3  4  5  6  7  8  9 10 12 13 15 |  0  1  2  3  4  5  6  7  8  9 10 11 13 16 |
2           0.09382024      |  0  1  2  3  4  5  6  7  8  9 11 12 13 16 |  0  1  2  3  4  5  6  7  8  9 10 12 13 18 |
2           0.09382024      |  0  1  2  3  4  5  6  7  8 10 11 12 13 15 |  0  1  2  3  4  5  6  7  8  9 10 11 13 19 |
2          -0.09373901      |  0  1  2  3  4  5  6  7  8 10 11 12 13 16 |  0  1  2  3  4  5  6  7  8  9 10 12 13 19 |
2          -0.09373901      |  0  1  2  3  4  5  6  7  8  9 11 12 13 15 |  0  1  2  3  4  5  6  7  8  9 10 11 13 18 |
2           0.09371026      |  0  1  2  3  4  5  6  7  8  9 10 12 13 14 |  0  1  2  3  4  5  6  7  8  9 10 11 12 16 |
2          -0.09371026      |  0  1  2  3  4  5  6  7  8  9 10 11 13 14 |  0  1  2  3  4  5  6  7  8  9 10 11 12 15 |
4          -0.08978447      |  0  1  2  3  4  5  6  7  8 10 12 13 15 16 |  0  1  2  3  4  5  6  7  8  9 10 13 16 19 |
4          -0.08978447      |  0  1  2  3  4  5  6  7  8  9 11 13 15 16 |  0  1  2  3  4  5  6  7  8  9 10 13 15 18 |
4           0.08974098      |  0  1  2  3  4  5  6  7  8  9 12 13 15 16 |  0  1  2  3  4  5  6  7  8  9 10 13 16 18 |
4           0.08974098      |  0  1  2  3  4  5  6  7  8 10 11 13 15 16 |  0  1  2  3  4  5  6  7  8  9 10 13 15 19 |
4           0.08972850      |  0  1  2  3  4  5  6  7  8  9 10 13 14 16 |  0  1  2  3  4  5  6  7  8  9 10 12 15 16 |
4          -0.08972850      |  0  1  2  3  4  5  6  7  8  9 10 13 14 15 |  0  1  2  3  4  5  6  7  8  9 10 11 15 16 |
2           0.08730261      |  0  1  2  3  4  5  6  7  8 10 11 12 13 18 |  0  1  2  3  4  5  6  7  8  9 11 12 13 19 |
2           0.08698637      |  0  1  2  3  4  5  6  7  8 10 11 12 13 14 |  0  1  2  3  4  5  6  7  8  9 10 11 12 19 |
2          -0.08698637      |  0  1  2  3  4  5  6  7  8  9 11 12 13 14 |  0  1  2  3  4  5  6  7  8  9 10 11 12 18 |
4          -0.08451947      |  0  1  2  3  4  5  6  7  8 10 12 13 15 19 |  0  1  2  3  4  5  6  7  8 10 11 13 16 19 |
4          -0.08451947      |  0  1  2  3  4  5  6  7  8  9 12 13 15 18 |  0  1  2  3  4  5  6  7  8  9 11 13 16 18 |
4          -0.08425870      |  0  1  2  3  4  5  6  7  8  9 10 12 14 15 |  0  1  2  3  4  5  6  7  8  9 10 11 14 16 |
4          -0.08362679      |  0  1  2  3  4  5  6  7  8 10 12 13 16 18 |  0  1  2  3  4  5  6  7  8  9 12 13 16 19 |
----------------------------------------
HF energy: -2097.7774837424 Ha
Variational energy: -2099.8324721926 Ha
Memory total: 3170.3GB
Helper size: 0.1GB
Bytes per det: 32
Memory var: 6.2GB
Memory PT limit: 2213.0GB

BEG OF dtm 2.00e-06 << eps_var 3.00e-05 << perturbation [1264.1/1287.6]GB [37.476/0.000/11108.365]s
Number of dtm batches: 1
END OF determine number of dtm batches [1264.1/1287.7]GB [1.110/1.110/11109.474]s

BEG OF #1/1 << dtm 2.00e-06 << eps_var 3.00e-05 << perturbation [1264.1/1287.7]GB [0.013/0.000/11109.487]s
20% 40% 60% 80% 100% 
Number of dtm pt dets: 4,523,644,860
END OF create hc sums [1306.8/1330.4]GB [504.696/504.696/11614.183]s
PT dtm batch correction: -0.0419214068 Ha
PT dtm correction (eps1= 3.00e-05): -0.0419214068 +- 0.0000000000 Ha
PT dtm total energy (eps1= 3.00e-05): -2099.8743935994 +- 0.0000000000 Ha
Correlation energy (eps1= 3.00e-05): -2.0969098570 +- 0.0000000000 Ha
END OF #1/1 << dtm 2.00e-06 << eps_var 3.00e-05 << perturbation [1306.8/1330.4]GB [489.293/993.988/12103.475]s
END OF dtm 2.00e-06 << eps_var 3.00e-05 << perturbation [1306.8/1330.4]GB [0.031/995.140/12103.505]s

BEG OF psto 1.00e-07 << eps_var 3.00e-05 << perturbation [1299.2/1322.7]GB [0.089/0.001/12103.593]s
Number of psto batches: 16
END OF determine number of psto batches [1303.4/1326.9]GB [13.457/13.457/12117.049]s

BEG OF #1/16 << psto 1.00e-07 << eps_var 3.00e-05 << perturbation [1303.4/1326.9]GB [0.043/0.001/12117.091]s
20% 40% 60% 80% 100% 
Number of psto pt dets: 9,000,853,723
END OF create hc sums [1660.5/1684.0]GB [785.161/785.161/12902.251]s
PT psto batch correction: -0.0003892463 Ha
PT psto correction (eps1= 3.00e-05): -0.0062279404 +- 0.0000021609 Ha
PT psto total energy (eps1= 3.00e-05): -2099.8806215398 +- 0.0000021609 Ha
Correlation energy (eps1= 3.00e-05): -2.1031377973 +- 0.0000021609 Ha
END OF #1/16 << psto 1.00e-07 << eps_var 3.00e-05 << perturbation [1660.4/1684.0]GB [1176.042/1961.202/14078.292]s
END OF psto 1.00e-07 << eps_var 3.00e-05 << perturbation [1660.4/1684.0]GB [0.002/1974.700/14078.293]s

BEG OF sto 1.00e-20 << eps_var 3.00e-05 << perturbation [1297.8/1321.4]GB [2.741/0.001/14081.033]s
Number of samples chosen: 2,726,270
END OF determine n samples [1298.0/1321.6]GB [3.847/3.847/14084.879]s

BEG OF #1 << sto 1.00e-20 << eps_var 3.00e-05 << perturbation [1298.0/1321.6]GB [0.001/0.000/14084.879]s
Number of unique variational determinants in sample: 2,307,639
Batch id: 53 / 64
20% 40% 60% 80% 100% 
Number of sto pt dets: 2,661,070,868
END OF create hc sums [1698.2/1721.8]GB [243.337/243.337/14328.216]s
PT sto loop correction: 0.0000149625 Ha
PT sto correction (eps1= 3.00e-05): 0.0000149625 +- -nan Ha
PT sto total energy (eps1= 3.00e-05): -2099.8806065772 +- -nan Ha
Correlation energy (eps1= 3.00e-05): -2.1031228348 +- -nan Ha
END OF #1 << sto 1.00e-20 << eps_var 3.00e-05 << perturbation [1698.2/1721.8]GB [370.405/613.741/14698.621]s

BEG OF #2 << sto 1.00e-20 << eps_var 3.00e-05 << perturbation [1698.2/1721.8]GB [0.002/0.000/14698.621]s
Number of unique variational determinants in sample: 2,308,294
Batch id: 7 / 64
20% 40% 60% 80% 100% 
Number of sto pt dets: 2,661,154,741
END OF create hc sums [1698.3/1721.9]GB [174.699/174.699/14873.320]s
PT sto loop correction: 0.0000065623 Ha
PT sto correction (eps1= 3.00e-05): 0.0000107624 +- 0.0000042001 Ha
PT sto total energy (eps1= 3.00e-05): -2099.8806107774 +- 0.0000047234 Ha
Correlation energy (eps1= 3.00e-05): -2.1031270349 +- 0.0000047234 Ha
END OF #2 << sto 1.00e-20 << eps_var 3.00e-05 << perturbation [1698.3/1721.8]GB [370.925/545.623/15244.243]s

BEG OF #3 << sto 1.00e-20 << eps_var 3.00e-05 << perturbation [1698.3/1721.8]GB [0.002/0.000/15244.244]s
Number of unique variational determinants in sample: 2,308,930
Batch id: 45 / 64
20% 40% 60% 80% 100% 
Number of sto pt dets: 2,662,367,905
END OF create hc sums [1698.3/1721.9]GB [174.259/174.259/15418.502]s
PT sto loop correction: 0.0000040455 Ha
PT sto correction (eps1= 3.00e-05): 0.0000085234 +- 0.0000033005 Ha
PT sto total energy (eps1= 3.00e-05): -2099.8806130163 +- 0.0000039450 Ha
Correlation energy (eps1= 3.00e-05): -2.1031292739 +- 0.0000039450 Ha
END OF #3 << sto 1.00e-20 << eps_var 3.00e-05 << perturbation [1698.3/1721.9]GB [372.261/546.519/15790.763]s

BEG OF #4 << sto 1.00e-20 << eps_var 3.00e-05 << perturbation [1698.3/1721.9]GB [0.001/0.000/15790.763]s
Number of unique variational determinants in sample: 2,308,117
Batch id: 20 / 64
20% 40% 60% 80% 100% 
Number of sto pt dets: 2,661,241,935
END OF create hc sums [1698.4/1721.9]GB [173.427/173.427/15964.190]s
PT sto loop correction: 0.0000030369 Ha
PT sto correction (eps1= 3.00e-05): 0.0000071518 +- 0.0000027070 Ha
PT sto total energy (eps1= 3.00e-05): -2099.8806143880 +- 0.0000034638 Ha
Correlation energy (eps1= 3.00e-05): -2.1031306455 +- 0.0000034638 Ha
END OF #4 << sto 1.00e-20 << eps_var 3.00e-05 << perturbation [1698.4/1721.9]GB [370.318/543.744/16334.507]s

BEG OF #5 << sto 1.00e-20 << eps_var 3.00e-05 << perturbation [1698.4/1721.9]GB [0.002/0.000/16334.507]s
Number of unique variational determinants in sample: 2,308,189
Batch id: 46 / 64
20% 40% 60% 80% 100% 
Number of sto pt dets: 2,662,037,998
END OF create hc sums [1698.4/1722.0]GB [174.780/174.780/16509.287]s
PT sto loop correction: 0.0000170949 Ha
PT sto correction (eps1= 3.00e-05): 0.0000091404 +- 0.0000028899 Ha
PT sto total energy (eps1= 3.00e-05): -2099.8806123993 +- 0.0000036085 Ha
Correlation energy (eps1= 3.00e-05): -2.1031286569 +- 0.0000036085 Ha
END OF #5 << sto 1.00e-20 << eps_var 3.00e-05 << perturbation [1698.4/1722.0]GB [369.254/544.033/16878.540]s

BEG OF #6 << sto 1.00e-20 << eps_var 3.00e-05 << perturbation [1698.4/1722.0]GB [0.001/0.000/16878.540]s
Number of unique variational determinants in sample: 2,308,053
Batch id: 6 / 64
20% 40% 60% 80% 100% 
Number of sto pt dets: 2,660,830,107
END OF create hc sums [1698.5/1722.0]GB [173.205/173.205/17051.745]s
PT sto loop correction: 0.0000094653 Ha
PT sto correction (eps1= 3.00e-05): 0.0000091946 +- 0.0000023602 Ha
PT sto total energy (eps1= 3.00e-05): -2099.8806123452 +- 0.0000032000 Ha
Correlation energy (eps1= 3.00e-05): -2.1031286028 +- 0.0000032000 Ha
END OF #6 << sto 1.00e-20 << eps_var 3.00e-05 << perturbation [1698.5/1722.0]GB [370.532/543.736/17422.276]s
END OF sto 1.00e-20 << eps_var 3.00e-05 << perturbation [1698.5/1722.0]GB [0.002/3341.245/17422.277]s
Total energy: -2099.8806123452 +- 0.0000032000 Ha
END OF eps_var 3.00e-05 << perturbation [1698.2/1721.8]GB [0.112/6351.499/17422.388]s

BEG OF eps_var 2.00e-05 << perturbation [1698.2/1721.8]GB [0.001/0.000/17422.389]s
Loaded 67,522,658 dets from: wf_eps1_2.00e-05.dat
Effect dets (without time sym): 135,032,509
----------------------------------------
Excite Lv       # dets         Sum c^2
0                    1      0.00582130
1                  172      0.00002928
2                53768      0.11327737
3               575142      0.00425647
4              4479308      0.37631990
5             13034182      0.02178153
6             28905356      0.34516887
7             31606970      0.02250293
8             31642028      0.09674296
9             14577408      0.00566631
10             8129506      0.00794673
11             1412124      0.00030944
12              582476      0.00017357
13               24512      0.00000273
14                9556      0.00000061
----------------------------------------
Orbital                        Sum c^2
0                           1.99586323
1                           1.99587318
2                           1.98737115
3                           1.98760026
4                           1.98760026
5                           1.98755632
6                           1.98755632
7                           1.98726423
8                           1.81038250
9                           1.08313824
10                          1.08313824
11                          1.01460092
12                          1.01460092
13                          1.08544135
14                          0.89848851
15                          0.96851163
16                          0.96851163
17                          0.14158618
18                          0.89941760
19                          0.89941760
20                          0.01248147
21                          0.01248147
22                          0.01177010
23                          0.00754427
24                          0.00754427
25                          0.00705790
26                          0.01344282
27                          0.00325375
28                          0.01385847
29                          0.01385847
30                          0.00691606
31                          0.00307302
32                          0.00307302
33                          0.01007216
34                          0.01007216
35                          0.00320410
36                          0.00320410
37                          0.00305994
38                          0.00869013
39                          0.00869013
40                          0.00428110
41                          0.00428110
42                          0.00370184
43                          0.00271260
44                          0.00034656
45                          0.00001160
46                          0.00001160
47                          0.00023461
48                          0.00023461
49                          0.00140054
Sum orbitals c^2: 28.00000000
----------------------------------------
Most important dets:
Excite Lv         Coef      Det (Reordered orb)
2           0.10166873      |  0  1  2  3  4  5  6  7  8  9 10 12 13 15 |  0  1  2  3  4  5  6  7  8  9 10 11 13 16 |
2           0.09427544      |  0  1  2  3  4  5  6  7  8  9 11 12 13 16 |  0  1  2  3  4  5  6  7  8  9 10 12 13 18 |
2           0.09427544      |  0  1  2  3  4  5  6  7  8 10 11 12 13 15 |  0  1  2  3  4  5  6  7  8  9 10 11 13 19 |
2           0.09426722      |  0  1  2  3  4  5  6  7  8  9 10 12 13 14 |  0  1  2  3  4  5  6  7  8  9 10 11 12 16 |
2          -0.09426722      |  0  1  2  3  4  5  6  7  8  9 10 11 13 14 |  0  1  2  3  4  5  6  7  8  9 10 11 12 15 |
2          -0.09416744      |  0  1  2  3  4  5  6  7  8 10 11 12 13 16 |  0  1  2  3  4  5  6  7  8  9 10 12 13 19 |
2          -0.09416744      |  0  1  2  3  4  5  6  7  8  9 11 12 13 15 |  0  1  2  3  4  5  6  7  8  9 10 11 13 18 |
4          -0.09005484      |  0  1  2  3  4  5  6  7  8  9 10 13 14 15 |  0  1  2  3  4  5  6  7  8  9 10 11 15 16 |
4           0.09005484      |  0  1  2  3  4  5  6  7  8  9 10 13 14 16 |  0  1  2  3  4  5  6  7  8  9 10 12 15 16 |
4          -0.08999907      |  0  1  2  3  4  5  6  7  8 10 12 13 15 16 |  0  1  2  3  4  5  6  7  8  9 10 13 16 19 |
4          -0.08999907      |  0  1  2  3  4  5  6  7  8  9 11 13 15 16 |  0  1  2  3  4  5  6  7  8  9 10 13 15 18 |
4           0.08993344      |  0  1  2  3  4  5  6  7  8 10 11 13 15 16 |  0  1  2  3  4  5  6  7  8  9 10 13 15 19 |
4           0.08993344      |  0  1  2  3  4  5  6  7  8  9 12 13 15 16 |  0  1  2  3  4  5  6  7  8  9 10 13 16 18 |
2           0.08755452      |  0  1  2  3  4  5  6  7  8 10 11 12 13 18 |  0  1  2  3  4  5  6  7  8  9 11 12 13 19 |
2           0.08732790      |  0  1  2  3  4  5  6  7  8 10 11 12 13 14 |  0  1  2  3  4  5  6  7  8  9 10 11 12 19 |
2          -0.08732790      |  0  1  2  3  4  5  6  7  8  9 11 12 13 14 |  0  1  2  3  4  5  6  7  8  9 10 11 12 18 |
4          -0.08455173      |  0  1  2  3  4  5  6  7  8 10 12 13 15 19 |  0  1  2  3  4  5  6  7  8 10 11 13 16 19 |
4          -0.08455173      |  0  1  2  3  4  5  6  7  8  9 12 13 15 18 |  0  1  2  3  4  5  6  7  8  9 11 13 16 18 |
4          -0.08443194      |  0  1  2  3  4  5  6  7  8  9 10 12 14 15 |  0  1  2  3  4  5  6  7  8  9 10 11 14 16 |
4          -0.08365719      |  0  1  2  3  4  5  6  7  8 10 12 13 16 18 |  0  1  2  3  4  5  6  7  8  9 12 13 16 19 |
----------------------------------------
HF energy: -2097.7774837424 Ha
Variational energy: -2099.8436458125 Ha
Memory total: 3170.3GB
Helper size: 0.1GB
Bytes per det: 32
Memory var: 14.0GB
Memory PT limit: 2205.1GB

BEG OF dtm 2.00e-06 << eps_var 2.00e-05 << perturbation [27.6/51.2]GB [87.430/0.000/17509.818]s
Number of dtm batches: 1
END OF determine number of dtm batches [27.7/51.3]GB [1.925/1.925/17511.743]s

BEG OF #1/1 << dtm 2.00e-06 << eps_var 2.00e-05 << perturbation [27.7/51.3]GB [0.002/0.000/17511.744]s
20% 40% 60% 80% 100% 
Number of dtm pt dets: 4,524,943,140
END OF create hc sums [696.7/720.2]GB [821.095/821.095/18332.839]s
PT dtm batch correction: -0.0320564084 Ha
PT dtm correction (eps1= 2.00e-05): -0.0320564084 +- 0.0000000000 Ha
PT dtm total energy (eps1= 2.00e-05): -2099.8757022209 +- 0.0000000000 Ha
Correlation energy (eps1= 2.00e-05): -2.0982184785 +- 0.0000000000 Ha
END OF #1/1 << dtm 2.00e-06 << eps_var 2.00e-05 << perturbation [696.7/720.3]GB [463.452/1284.546/18796.290]s
END OF dtm 2.00e-06 << eps_var 2.00e-05 << perturbation [696.7/720.3]GB [0.016/1286.488/18796.305]s

BEG OF psto 1.00e-07 << eps_var 2.00e-05 << perturbation [682.8/706.4]GB [0.138/0.001/18796.443]s
Number of psto batches: 22
END OF determine number of psto batches [689.6/713.1]GB [20.280/20.280/18816.722]s

BEG OF #1/22 << psto 1.00e-07 << eps_var 2.00e-05 << perturbation [689.6/713.1]GB [0.070/0.001/18816.791]s
20% 40% 60% 80% 100% 
Number of psto pt dets: 8,623,360,775
END OF create hc sums [1679.1/1702.7]GB [886.197/886.197/19702.987]s
PT psto batch correction: -0.0003507702 Ha
PT psto correction (eps1= 2.00e-05): -0.0077169439 +- 0.0000018333 Ha
PT psto total energy (eps1= 2.00e-05): -2099.8834191648 +- 0.0000018333 Ha
Correlation energy (eps1= 2.00e-05): -2.1059354223 +- 0.0000018333 Ha
END OF #1/22 << psto 1.00e-07 << eps_var 2.00e-05 << perturbation [1679.1/1702.7]GB [1076.367/1962.564/20779.354]s
END OF psto 1.00e-07 << eps_var 2.00e-05 << perturbation [1679.1/1702.7]GB [0.001/1982.912/20779.354]s

BEG OF sto 1.00e-20 << eps_var 2.00e-05 << perturbation [1472.6/1496.2]GB [2.617/0.001/20781.971]s
Number of samples chosen: 2,564,289
END OF determine n samples [1472.8/1496.4]GB [3.774/3.774/20785.745]s

BEG OF #1 << sto 1.00e-20 << eps_var 2.00e-05 << perturbation [1472.8/1496.4]GB [0.001/0.000/20785.745]s
Number of unique variational determinants in sample: 2,315,380
Batch id: 16 / 64
20% 40% 60% 80% 100% 
Number of sto pt dets: 2,793,664,796
END OF create hc sums [1841.2/1864.8]GB [236.273/236.273/21022.017]s
PT sto loop correction: 0.0000882709 Ha
PT sto correction (eps1= 2.00e-05): 0.0000882709 +- -nan Ha
PT sto total energy (eps1= 2.00e-05): -2099.8833308939 +- -nan Ha
Correlation energy (eps1= 2.00e-05): -2.1058471514 +- -nan Ha
END OF #1 << sto 1.00e-20 << eps_var 2.00e-05 << perturbation [1841.1/1864.6]GB [381.380/617.653/21403.397]s

BEG OF #2 << sto 1.00e-20 << eps_var 2.00e-05 << perturbation [1841.1/1864.6]GB [0.001/0.001/21403.398]s
Number of unique variational determinants in sample: 2,315,376
Batch id: 12 / 64
20% 40% 60% 80% 100% 
Number of sto pt dets: 2,794,116,574
END OF create hc sums [1841.1/1864.7]GB [177.257/177.257/21580.654]s
PT sto loop correction: 0.0001115410 Ha
PT sto correction (eps1= 2.00e-05): 0.0000999059 +- 0.0000116350 Ha
PT sto total energy (eps1= 2.00e-05): -2099.8833192588 +- 0.0000117786 Ha
Correlation energy (eps1= 2.00e-05): -2.1058355164 +- 0.0000117786 Ha
END OF #2 << sto 1.00e-20 << eps_var 2.00e-05 << perturbation [1841.2/1864.7]GB [382.897/560.153/21963.551]s

BEG OF #3 << sto 1.00e-20 << eps_var 2.00e-05 << perturbation [1841.2/1864.7]GB [0.001/0.000/21963.551]s
Number of unique variational determinants in sample: 2,315,272
Batch id: 6 / 64
20% 40% 60% 80% 100% 
Number of sto pt dets: 2,793,582,650
END OF create hc sums [1841.2/1864.8]GB [176.188/176.188/22139.739]s
PT sto loop correction: 0.0001046015 Ha
PT sto correction (eps1= 2.00e-05): 0.0001014711 +- 0.0000068974 Ha
PT sto total energy (eps1= 2.00e-05): -2099.8833176937 +- 0.0000071369 Ha
Correlation energy (eps1= 2.00e-05): -2.1058339512 +- 0.0000071369 Ha
END OF #3 << sto 1.00e-20 << eps_var 2.00e-05 << perturbation [1841.2/1864.8]GB [382.525/558.713/22522.263]s

BEG OF #4 << sto 1.00e-20 << eps_var 2.00e-05 << perturbation [1841.2/1864.8]GB [0.001/0.000/22522.264]s
Number of unique variational determinants in sample: 2,315,909
Batch id: 2 / 64
20% 40% 60% 80% 100% 
Number of sto pt dets: 2,794,515,358
END OF create hc sums [1841.3/1864.9]GB [175.606/175.606/22697.870]s
PT sto loop correction: 0.0001104717 Ha
PT sto correction (eps1= 2.00e-05): 0.0001037213 +- 0.0000053712 Ha
PT sto total energy (eps1= 2.00e-05): -2099.8833154435 +- 0.0000056755 Ha
Correlation energy (eps1= 2.00e-05): -2.1058317011 +- 0.0000056755 Ha
END OF #4 << sto 1.00e-20 << eps_var 2.00e-05 << perturbation [1841.3/1864.8]GB [377.998/553.604/23075.867]s

BEG OF #5 << sto 1.00e-20 << eps_var 2.00e-05 << perturbation [1841.3/1864.8]GB [0.001/0.000/23075.868]s
Number of unique variational determinants in sample: 2,314,557
Batch id: 29 / 64
20% 40% 60% 80% 100% 
Number of sto pt dets: 2,792,484,085
END OF create hc sums [1841.3/1864.9]GB [175.425/175.425/23251.292]s
PT sto loop correction: 0.0000938622 Ha
PT sto correction (eps1= 2.00e-05): 0.0001017494 +- 0.0000046041 Ha
PT sto total energy (eps1= 2.00e-05): -2099.8833174153 +- 0.0000049557 Ha
Correlation energy (eps1= 2.00e-05): -2.1058336729 +- 0.0000049557 Ha
END OF #5 << sto 1.00e-20 << eps_var 2.00e-05 << perturbation [1841.3/1864.9]GB [378.112/553.536/23629.403]s

BEG OF #6 << sto 1.00e-20 << eps_var 2.00e-05 << perturbation [1841.3/1864.9]GB [0.001/0.000/23629.404]s
Number of unique variational determinants in sample: 2,315,049
Batch id: 44 / 64
20% 40% 60% 80% 100% 
Number of sto pt dets: 2,793,544,969
END OF create hc sums [1841.3/1864.9]GB [175.050/175.050/23804.453]s
PT sto loop correction: 0.0001151165 Ha
PT sto correction (eps1= 2.00e-05): 0.0001039773 +- 0.0000043698 Ha
PT sto total energy (eps1= 2.00e-05): -2099.8833151875 +- 0.0000047388 Ha
Correlation energy (eps1= 2.00e-05): -2.1058314451 +- 0.0000047388 Ha
END OF #6 << sto 1.00e-20 << eps_var 2.00e-05 << perturbation [1841.4/1864.9]GB [378.805/553.854/24183.258]s
END OF sto 1.00e-20 << eps_var 2.00e-05 << perturbation [1841.4/1864.9]GB [0.019/3401.306/24183.276]s
Total energy: -2099.8833151875 +- 0.0000047388 Ha
END OF eps_var 2.00e-05 << perturbation [1840.9/1864.5]GB [0.143/6761.030/24183.418]s

BEG OF eps_var 1.00e-05 << perturbation [1840.9/1864.5]GB [0.001/0.000/24183.418]s
Loaded 247,848,550 dets from: wf_eps1_1.00e-05.dat
Effect dets (without time sym): 495,670,620
----------------------------------------
Excite Lv       # dets         Sum c^2
0                    1      0.00584385
1                  184      0.00004465
2                67894      0.11298431
3              1195610      0.00486965
4             11110838      0.37319580
5             39279708      0.02461088
6             91467323      0.34134809
7            119673146      0.02564997
8            119897426      0.09617823
9             68630800      0.00662020
10            34089395      0.00809302
11             7824042      0.00037259
12             2269733      0.00018476
13              129124      0.00000327
14               35396      0.00000070
----------------------------------------
Orbital                        Sum c^2
0                           1.99560771
1                           1.99561870
2                           1.98639371
3                           1.98667168
4                           1.98667168
5                           1.98662667
6                           1.98662667
7                           1.98626903
8                           1.80951069
9                           1.08374662
10                          1.08374662
11                          1.01438777
12                          1.01438777
13                          1.08333059
14                          0.89730384
15                          0.96617359
16                          0.96617359
17                          0.13387509
18                          0.89637388
19                          0.89637388
20                          0.01395428
21                          0.01395428
22                          0.01285495
23                          0.00811592
24                          0.00811592
25                          0.00760131
26                          0.01606960
27                          0.00348643
28                          0.01679147
29                          0.01679147
30                          0.00751607
31                          0.00329992
32                          0.00329992
33                          0.01105747
34                          0.01105747
35                          0.00343813
36                          0.00343813
37                          0.00327266
38                          0.00939262
39                          0.00939262
40                          0.00532833
41                          0.00532833
42                          0.00432396
43                          0.00289325
44                          0.00046281
45                          0.00001492
46                          0.00001492
47                          0.00030453
48                          0.00030453
49                          0.00153540
Sum orbitals c^2: 28.00000000
----------------------------------------
Most important dets:
Excite Lv         Coef      Det (Reordered orb)
2           0.10141482      |  0  1  2  3  4  5  6  7  8  9 10 12 13 15 |  0  1  2  3  4  5  6  7  8  9 10 11 13 16 |
2           0.09436748      |  0  1  2  3  4  5  6  7  8  9 10 12 13 14 |  0  1  2  3  4  5  6  7  8  9 10 11 12 16 |
2          -0.09436748      |  0  1  2  3  4  5  6  7  8  9 10 11 13 14 |  0  1  2  3  4  5  6  7  8  9 10 11 12 15 |
2           0.09401645      |  0  1  2  3  4  5  6  7  8 10 11 12 13 15 |  0  1  2  3  4  5  6  7  8  9 10 11 13 19 |
2           0.09401645      |  0  1  2  3  4  5  6  7  8  9 11 12 13 16 |  0  1  2  3  4  5  6  7  8  9 10 12 13 18 |
2          -0.09392800      |  0  1  2  3  4  5  6  7  8 10 11 12 13 16 |  0  1  2  3  4  5  6  7  8  9 10 12 13 19 |
2          -0.09392800      |  0  1  2  3  4  5  6  7  8  9 11 12 13 15 |  0  1  2  3  4  5  6  7  8  9 10 11 13 18 |
4           0.08996312      |  0  1  2  3  4  5  6  7  8  9 10 13 14 16 |  0  1  2  3  4  5  6  7  8  9 10 12 15 16 |
4          -0.08996312      |  0  1  2  3  4  5  6  7  8  9 10 13 14 15 |  0  1  2  3  4  5  6  7  8  9 10 11 15 16 |
4          -0.08956295      |  0  1  2  3  4  5  6  7  8 10 12 13 15 16 |  0  1  2  3  4  5  6  7  8  9 10 13 16 19 |
4          -0.08956295      |  0  1  2  3  4  5  6  7  8  9 11 13 15 16 |  0  1  2  3  4  5  6  7  8  9 10 13 15 18 |
4           0.08951456      |  0  1  2  3  4  5  6  7  8  9 12 13 15 16 |  0  1  2  3  4  5  6  7  8  9 10 13 16 18 |
4           0.08951456      |  0  1  2  3  4  5  6  7  8 10 11 13 15 16 |  0  1  2  3  4  5  6  7  8  9 10 13 15 19 |
2           0.08738037      |  0  1  2  3  4  5  6  7  8 10 11 12 13 14 |  0  1  2  3  4  5  6  7  8  9 10 11 12 19 |
2          -0.08738037      |  0  1  2  3  4  5  6  7  8  9 11 12 13 14 |  0  1  2  3  4  5  6  7  8  9 10 11 12 18 |
2           0.08734862      |  0  1  2  3  4  5  6  7  8 10 11 12 13 18 |  0  1  2  3  4  5  6  7  8  9 11 12 13 19 |
4          -0.08439259      |  0  1  2  3  4  5  6  7  8  9 10 12 14 15 |  0  1  2  3  4  5  6  7  8  9 10 11 14 16 |
4          -0.08408224      |  0  1  2  3  4  5  6  7  8 10 12 13 15 19 |  0  1  2  3  4  5  6  7  8 10 11 13 16 19 |
4          -0.08408224      |  0  1  2  3  4  5  6  7  8  9 12 13 15 18 |  0  1  2  3  4  5  6  7  8  9 11 13 16 18 |
4           0.08336736      |  0  1  2  3  4  5  6  7  8  9 12 13 14 16 |  0  1  2  3  4  5  6  7  8  9 10 12 16 18 |
----------------------------------------
HF energy: -2097.7774837424 Ha
Variational energy: -2099.8602475818 Ha
Memory total: 3170.3GB
Helper size: 0.1GB
Bytes per det: 32
Memory var: 51.5GB
Memory PT limit: 2167.6GB

BEG OF dtm 2.00e-06 << eps_var 1.00e-05 << perturbation [90.7/114.2]GB [304.706/0.000/24488.124]s
Number of dtm batches: 1
END OF determine number of dtm batches [90.8/114.4]GB [5.673/5.673/24493.797]s

BEG OF #1/1 << dtm 2.00e-06 << eps_var 1.00e-05 << perturbation [90.8/114.4]GB [0.002/0.000/24493.798]s
20% 40% 60% 80% 100% 
Number of dtm pt dets: 4,370,964,879
END OF create hc sums [767.3/790.8]GB [2474.888/2474.888/26968.686]s
PT dtm batch correction: -0.0169736199 Ha
PT dtm correction (eps1= 1.00e-05): -0.0169736199 +- 0.0000000000 Ha
PT dtm total energy (eps1= 1.00e-05): -2099.8772212017 +- 0.0000000000 Ha
Correlation energy (eps1= 1.00e-05): -2.0997374592 +- 0.0000000000 Ha
END OF #1/1 << dtm 2.00e-06 << eps_var 1.00e-05 << perturbation [767.3/790.8]GB [403.791/2878.677/27372.474]s
END OF dtm 2.00e-06 << eps_var 1.00e-05 << perturbation [767.3/790.8]GB [0.006/2884.355/27372.479]s

BEG OF psto 1.00e-07 << eps_var 1.00e-05 << perturbation [753.1/776.6]GB [0.186/0.001/27372.664]s
Number of psto batches: 34
END OF determine number of psto batches [762.2/785.7]GB [35.053/35.053/27407.717]s

BEG OF #1/34 << psto 1.00e-07 << eps_var 1.00e-05 << perturbation [762.2/785.7]GB [0.096/0.001/27407.812]s
20% 40% 60% 80% 100% 
Number of psto pt dets: 7,530,446,259
END OF create hc sums [1421.4/1445.0]GB [1108.406/1108.406/28516.217]s
PT psto batch correction: -0.0003000030 Ha
PT psto correction (eps1= 1.00e-05): -0.0102001024 +- 0.0000013181 Ha
PT psto total energy (eps1= 1.00e-05): -2099.8874213041 +- 0.0000013181 Ha
Correlation energy (eps1= 1.00e-05): -2.1099375617 +- 0.0000013181 Ha
END OF #1/34 << psto 1.00e-07 << eps_var 1.00e-05 << perturbation [1421.4/1445.0]GB [833.693/1942.098/29349.910]s
END OF psto 1.00e-07 << eps_var 1.00e-05 << perturbation [1421.4/1445.0]GB [0.001/1977.247/29349.910]s

BEG OF sto 1.00e-20 << eps_var 1.00e-05 << perturbation [1378.1/1401.6]GB [5.245/0.001/29355.154]s
Number of samples chosen: 2,370,208
END OF determine n samples [1378.3/1401.9]GB [4.708/4.708/29359.861]s

BEG OF #1 << sto 1.00e-20 << eps_var 1.00e-05 << perturbation [1378.3/1401.9]GB [0.001/0.000/29359.861]s
Number of unique variational determinants in sample: 2,265,484
Batch id: 37 / 64
20% 40% 60% 80% 100% 
Number of sto pt dets: 2,878,894,861
END OF create hc sums [1527.4/1551.0]GB [240.306/240.306/29600.167]s
PT sto loop correction: -0.0000078314 Ha
PT sto correction (eps1= 1.00e-05): -0.0000078314 +- -nan Ha
PT sto total energy (eps1= 1.00e-05): -2099.8874291355 +- -nan Ha
Correlation energy (eps1= 1.00e-05): -2.1099453930 +- -nan Ha
END OF #1 << sto 1.00e-20 << eps_var 1.00e-05 << perturbation [1527.4/1551.0]GB [372.580/612.885/29972.746]s

BEG OF #2 << sto 1.00e-20 << eps_var 1.00e-05 << perturbation [1527.4/1551.0]GB [0.001/0.000/29972.747]s
Number of unique variational determinants in sample: 2,265,516
Batch id: 37 / 64
20% 40% 60% 80% 100% 
Number of sto pt dets: 2,878,986,703
END OF create hc sums [1527.5/1551.0]GB [174.149/174.149/30146.895]s
PT sto loop correction: -0.0000356534 Ha
PT sto correction (eps1= 1.00e-05): -0.0000217424 +- 0.0000139110 Ha
PT sto total energy (eps1= 1.00e-05): -2099.8874430465 +- 0.0000139733 Ha
Correlation energy (eps1= 1.00e-05): -2.1099593040 +- 0.0000139733 Ha
END OF #2 << sto 1.00e-20 << eps_var 1.00e-05 << perturbation [1527.5/1551.1]GB [372.098/546.246/30518.992]s

BEG OF #3 << sto 1.00e-20 << eps_var 1.00e-05 << perturbation [1527.5/1551.1]GB [0.002/0.000/30518.993]s
Number of unique variational determinants in sample: 2,265,854
Batch id: 29 / 64
20% 40% 60% 80% 100% 
Number of sto pt dets: 2,878,643,965
END OF create hc sums [1527.5/1551.1]GB [174.134/174.134/30693.126]s
PT sto loop correction: -0.0000630750 Ha
PT sto correction (eps1= 1.00e-05): -0.0000355199 +- 0.0000159476 Ha
PT sto total energy (eps1= 1.00e-05): -2099.8874568240 +- 0.0000160020 Ha
Correlation energy (eps1= 1.00e-05): -2.1099730816 +- 0.0000160020 Ha
END OF #3 << sto 1.00e-20 << eps_var 1.00e-05 << perturbation [1527.5/1551.1]GB [371.721/545.854/31064.846]s

BEG OF #4 << sto 1.00e-20 << eps_var 1.00e-05 << perturbation [1527.5/1551.1]GB [0.001/0.000/31064.847]s
Number of unique variational determinants in sample: 2,265,062
Batch id: 35 / 64
20% 40% 60% 80% 100% 
Number of sto pt dets: 2,877,856,226
END OF create hc sums [1527.6/1551.1]GB [174.126/174.126/31238.972]s
PT sto loop correction: -0.0000191626 Ha
PT sto correction (eps1= 1.00e-05): -0.0000314306 +- 0.0000119952 Ha
PT sto total energy (eps1= 1.00e-05): -2099.8874527347 +- 0.0000120674 Ha
Correlation energy (eps1= 1.00e-05): -2.1099689922 +- 0.0000120674 Ha
END OF #4 << sto 1.00e-20 << eps_var 1.00e-05 << perturbation [1527.6/1551.1]GB [372.573/546.698/31611.544]s

BEG OF #5 << sto 1.00e-20 << eps_var 1.00e-05 << perturbation [1527.6/1551.1]GB [0.001/0.000/31611.545]s
Number of unique variational determinants in sample: 2,264,514
Batch id: 63 / 64
20% 40% 60% 80% 100% 
Number of sto pt dets: 2,877,039,996
END OF create hc sums [1527.6/1551.2]GB [173.977/173.977/31785.521]s
PT sto loop correction: -0.0000762882 Ha
PT sto correction (eps1= 1.00e-05): -0.0000404021 +- 0.0000129159 Ha
PT sto total energy (eps1= 1.00e-05): -2099.8874617062 +- 0.0000129829 Ha
Correlation energy (eps1= 1.00e-05): -2.1099779638 +- 0.0000129829 Ha
END OF #5 << sto 1.00e-20 << eps_var 1.00e-05 << perturbation [1527.6/1551.2]GB [371.808/545.784/32157.328]s

BEG OF #6 << sto 1.00e-20 << eps_var 1.00e-05 << perturbation [1527.6/1551.2]GB [0.001/0.000/32157.329]s
Number of unique variational determinants in sample: 2,265,157
Batch id: 45 / 64
20% 40% 60% 80% 100% 
Number of sto pt dets: 2,877,964,777
END OF create hc sums [1527.6/1551.2]GB [172.942/172.942/32330.271]s
PT sto loop correction: -0.0001201431 Ha
PT sto correction (eps1= 1.00e-05): -0.0000536923 +- 0.0000169659 Ha
PT sto total energy (eps1= 1.00e-05): -2099.8874749964 +- 0.0000170170 Ha
Correlation energy (eps1= 1.00e-05): -2.1099912539 +- 0.0000170170 Ha
END OF #6 << sto 1.00e-20 << eps_var 1.00e-05 << perturbation [1527.7/1551.2]GB [372.188/545.130/32702.458]s

BEG OF #7 << sto 1.00e-20 << eps_var 1.00e-05 << perturbation [1527.7/1551.2]GB [0.001/0.000/32702.458]s
Number of unique variational determinants in sample: 2,265,791
Batch id: 27 / 64
20% 40% 60% 80% 100% 
Number of sto pt dets: 2,878,953,919
END OF create hc sums [1527.6/1551.2]GB [173.842/173.842/32876.300]s
PT sto loop correction: -0.0000430037 Ha
PT sto correction (eps1= 1.00e-05): -0.0000521653 +- 0.0000144199 Ha
PT sto total energy (eps1= 1.00e-05): -2099.8874734694 +- 0.0000144800 Ha
Correlation energy (eps1= 1.00e-05): -2.1099897270 +- 0.0000144800 Ha
END OF #7 << sto 1.00e-20 << eps_var 1.00e-05 << perturbation [1527.7/1551.2]GB [372.643/546.483/33248.941]s

BEG OF #8 << sto 1.00e-20 << eps_var 1.00e-05 << perturbation [1527.7/1551.2]GB [0.001/0.000/33248.942]s
Number of unique variational determinants in sample: 2,265,652
Batch id: 38 / 64
20% 40% 60% 80% 100% 
Number of sto pt dets: 2,878,401,248
END OF create hc sums [1527.7/1551.2]GB [172.269/172.269/33421.210]s
PT sto loop correction: -0.0000482131 Ha
PT sto correction (eps1= 1.00e-05): -0.0000516713 +- 0.0000124977 Ha
PT sto total energy (eps1= 1.00e-05): -2099.8874729754 +- 0.0000125671 Ha
Correlation energy (eps1= 1.00e-05): -2.1099892330 +- 0.0000125671 Ha
END OF #8 << sto 1.00e-20 << eps_var 1.00e-05 << perturbation [1527.7/1551.2]GB [371.863/544.132/33793.073]s
END OF sto 1.00e-20 << eps_var 1.00e-05 << perturbation [1527.7/1551.2]GB [0.014/4437.932/33793.086]s
Total energy: -2099.8874729754 +- 0.0000125671 Ha
END OF eps_var 1.00e-05 << perturbation [1526.5/1550.1]GB [0.121/9609.789/33793.207]s

BEG OF eps_var 5.00e-06 << perturbation [1526.5/1550.1]GB [0.001/0.000/33793.207]s
Loaded 772,152,322 dets from: wf_eps1_5.00e-06.dat
Effect dets (without time sym): 1,544,250,421
----------------------------------------
Excite Lv       # dets         Sum c^2
0                    1      0.00565017
1                  188      0.00005364
2                78574      0.11028386
3              2228906      0.00517656
4             24958880      0.36811220
5             99332918      0.02636094
6            249027059      0.34128714
7            360052110      0.02808650
8            384315239      0.09824334
9            250403240      0.00753298
10           128292719      0.00855605
11            35853660      0.00045122
12             8894855      0.00020054
13              707890      0.00000410
14              104182      0.00000077
----------------------------------------
Orbital                        Sum c^2
0                           1.99533811
1                           1.99534784
2                           1.98571635
3                           1.98599625
4                           1.98599625
5                           1.98595089
6                           1.98595089
7                           1.98558101
8                           1.79114531
9                           1.08242935
10                          1.08242935
11                          1.01335516
12                          1.01335516
13                          1.07993727
14                          0.89836964
15                          0.96536884
16                          0.96536884
17                          0.14694799
18                          0.89564063
19                          0.89564063
20                          0.01489278
21                          0.01489278
22                          0.01366086
23                          0.00859476
24                          0.00859476
25                          0.00804718
26                          0.01747306
27                          0.00365501
28                          0.01809182
29                          0.01809182
30                          0.00867349
31                          0.00345493
32                          0.00345493
33                          0.01170870
34                          0.01170870
35                          0.00359405
36                          0.00359405
37                          0.00342621
38                          0.00989237
39                          0.00989237
40                          0.00617668
41                          0.00617668
42                          0.00494227
43                          0.00322602
44                          0.00060898
45                          0.00001789
46                          0.00001789
47                          0.00043641
48                          0.00043641
49                          0.00197803
Sum orbitals c^2: 28.00000000
----------------------------------------
Most important dets:
Excite Lv         Coef      Det (Reordered orb)
2           0.09981080      |  0  1  2  3  4  5  6  7  8  9 10 12 13 15 |  0  1  2  3  4  5  6  7  8  9 10 11 13 16 |
2           0.09316472      |  0  1  2  3  4  5  6  7  8  9 10 12 13 14 |  0  1  2  3  4  5  6  7  8  9 10 11 12 16 |
2          -0.09316472      |  0  1  2  3  4  5  6  7  8  9 10 11 13 14 |  0  1  2  3  4  5  6  7  8  9 10 11 12 15 |
2           0.09258835      |  0  1  2  3  4  5  6  7  8  9 11 12 13 16 |  0  1  2  3  4  5  6  7  8  9 10 12 13 18 |
2           0.09258835      |  0  1  2  3  4  5  6  7  8 10 11 12 13 15 |  0  1  2  3  4  5  6  7  8  9 10 11 13 19 |
2          -0.09251814      |  0  1  2  3  4  5  6  7  8 10 11 12 13 16 |  0  1  2  3  4  5  6  7  8  9 10 12 13 19 |
2          -0.09251814      |  0  1  2  3  4  5  6  7  8  9 11 12 13 15 |  0  1  2  3  4  5  6  7  8  9 10 11 13 18 |
4           0.08883758      |  0  1  2  3  4  5  6  7  8  9 10 13 14 16 |  0  1  2  3  4  5  6  7  8  9 10 12 15 16 |
4          -0.08883758      |  0  1  2  3  4  5  6  7  8  9 10 13 14 15 |  0  1  2  3  4  5  6  7  8  9 10 11 15 16 |
4          -0.08822420      |  0  1  2  3  4  5  6  7  8 10 12 13 15 16 |  0  1  2  3  4  5  6  7  8  9 10 13 16 19 |
4          -0.08822420      |  0  1  2  3  4  5  6  7  8  9 11 13 15 16 |  0  1  2  3  4  5  6  7  8  9 10 13 15 18 |
4           0.08818859      |  0  1  2  3  4  5  6  7  8  9 12 13 15 16 |  0  1  2  3  4  5  6  7  8  9 10 13 16 18 |
4           0.08818859      |  0  1  2  3  4  5  6  7  8 10 11 13 15 16 |  0  1  2  3  4  5  6  7  8  9 10 13 15 19 |
2           0.08632526      |  0  1  2  3  4  5  6  7  8 10 11 12 13 14 |  0  1  2  3  4  5  6  7  8  9 10 11 12 19 |
2          -0.08632526      |  0  1  2  3  4  5  6  7  8  9 11 12 13 14 |  0  1  2  3  4  5  6  7  8  9 10 11 12 18 |
2           0.08608948      |  0  1  2  3  4  5  6  7  8 10 11 12 13 18 |  0  1  2  3  4  5  6  7  8  9 11 12 13 19 |
4          -0.08347022      |  0  1  2  3  4  5  6  7  8  9 10 12 14 15 |  0  1  2  3  4  5  6  7  8  9 10 11 14 16 |
4          -0.08282126      |  0  1  2  3  4  5  6  7  8 10 12 13 15 19 |  0  1  2  3  4  5  6  7  8 10 11 13 16 19 |
4          -0.08282126      |  0  1  2  3  4  5  6  7  8  9 12 13 15 18 |  0  1  2  3  4  5  6  7  8  9 11 13 16 18 |
4           0.08237499      |  0  1  2  3  4  5  6  7  8  9 12 13 14 16 |  0  1  2  3  4  5  6  7  8  9 10 12 16 18 |
----------------------------------------
HF energy: -2097.7774837424 Ha
Variational energy: -2099.8722397789 Ha
Memory total: 3170.3GB
Helper size: 0.1GB
Bytes per det: 32
Memory var: 160.6GB
Memory PT limit: 2058.6GB

BEG OF dtm 2.00e-06 << eps_var 5.00e-06 << perturbation [291.7/315.2]GB [1003.346/0.000/34796.553]s
Number of dtm batches: 1
END OF determine number of dtm batches [291.8/315.3]GB [32.767/32.767/34829.320]s

BEG OF #1/1 << dtm 2.00e-06 << eps_var 5.00e-06 << perturbation [291.8/315.3]GB [0.002/0.001/34829.322]s
20% 40% 60% 80% 100% 
Number of dtm pt dets: 3,695,695,748
END OF create hc sums [948.6/972.2]GB [6642.179/6642.179/41471.500]s
PT dtm batch correction: -0.0066365833 Ha
PT dtm correction (eps1= 5.00e-06): -0.0066365833 +- 0.0000000000 Ha
PT dtm total energy (eps1= 5.00e-06): -2099.8788763622 +- 0.0000000000 Ha
Correlation energy (eps1= 5.00e-06): -2.1013926197 +- 0.0000000000 Ha
END OF #1/1 << dtm 2.00e-06 << eps_var 5.00e-06 << perturbation [948.6/972.2]GB [320.506/6962.684/41792.005]s
END OF dtm 2.00e-06 << eps_var 5.00e-06 << perturbation [948.6/972.2]GB [0.014/6995.465/41792.018]s

BEG OF psto 1.00e-07 << eps_var 5.00e-06 << perturbation [931.9/955.5]GB [0.154/0.001/41792.172]s
Number of psto batches: 43
END OF determine number of psto batches [942.9/966.5]GB [52.943/52.943/41845.114]s

BEG OF #1/43 << psto 1.00e-07 << eps_var 5.00e-06 << perturbation [942.9/966.5]GB [0.114/0.001/41845.227]s
20% 40% 60% 80% 100% 
Number of psto pt dets: 6,991,815,211
END OF create hc sums [1563.4/1587.0]GB [1744.877/1744.877/43590.104]s
PT psto batch correction: -0.0002585351 Ha
PT psto correction (eps1= 5.00e-06): -0.0111170101 +- 0.0000010038 Ha
PT psto total energy (eps1= 5.00e-06): -2099.8899933723 +- 0.0000010038 Ha
Correlation energy (eps1= 5.00e-06): -2.1125096299 +- 0.0000010038 Ha
END OF #1/43 << psto 1.00e-07 << eps_var 5.00e-06 << perturbation [1563.5/1587.1]GB [720.784/2465.661/44310.887]s
END OF psto 1.00e-07 << eps_var 5.00e-06 << perturbation [1563.5/1587.1]GB [0.001/2518.717/44310.888]s

BEG OF sto 1.00e-20 << eps_var 5.00e-06 << perturbation [1538.8/1562.3]GB [17.957/0.001/44328.844]s
Number of samples chosen: 2,217,510
END OF determine n samples [1539.0/1562.5]GB [5.021/5.021/44333.865]s

BEG OF #1 << sto 1.00e-20 << eps_var 5.00e-06 << perturbation [1539.0/1562.5]GB [0.001/0.000/44333.865]s
Number of unique variational determinants in sample: 2,169,998
Batch id: 63 / 64
20% 40% 60% 80% 100% 
Number of sto pt dets: 2,832,056,876
END OF create hc sums [1700.6/1724.2]GB [228.285/228.285/44562.150]s
PT sto loop correction: -0.0008329268 Ha
PT sto correction (eps1= 5.00e-06): -0.0008329268 +- -nan Ha
PT sto total energy (eps1= 5.00e-06): -2099.8908262991 +- -nan Ha
Correlation energy (eps1= 5.00e-06): -2.1133425566 +- -nan Ha
END OF #1 << sto 1.00e-20 << eps_var 5.00e-06 << perturbation [1700.6/1724.2]GB [348.637/576.921/44910.786]s

BEG OF #2 << sto 1.00e-20 << eps_var 5.00e-06 << perturbation [1700.6/1724.2]GB [0.001/0.000/44910.786]s
Number of unique variational determinants in sample: 2,169,804
Batch id: 0 / 64
20% 40% 60% 80% 100% 
Number of sto pt dets: 2,831,854,725
END OF create hc sums [1700.7/1724.2]GB [168.962/168.962/45079.748]s
PT sto loop correction: -0.0009346877 Ha
PT sto correction (eps1= 5.00e-06): -0.0008838073 +- 0.0000508805 Ha
PT sto total energy (eps1= 5.00e-06): -2099.8908771795 +- 0.0000508904 Ha
Correlation energy (eps1= 5.00e-06): -2.1133934371 +- 0.0000508904 Ha
END OF #2 << sto 1.00e-20 << eps_var 5.00e-06 << perturbation [1700.7/1724.3]GB [350.147/519.108/45429.894]s

BEG OF #3 << sto 1.00e-20 << eps_var 5.00e-06 << perturbation [1700.7/1724.3]GB [0.001/0.000/45429.894]s
Number of unique variational determinants in sample: 2,170,126
Batch id: 20 / 64
20% 40% 60% 80% 100% 
Number of sto pt dets: 2,832,119,249
END OF create hc sums [1700.7/1724.3]GB [166.358/166.358/45596.252]s
PT sto loop correction: -0.0009202464 Ha
PT sto correction (eps1= 5.00e-06): -0.0008959536 +- 0.0000317880 Ha
PT sto total energy (eps1= 5.00e-06): -2099.8908893259 +- 0.0000318038 Ha
Correlation energy (eps1= 5.00e-06): -2.1134055835 +- 0.0000318038 Ha
END OF #3 << sto 1.00e-20 << eps_var 5.00e-06 << perturbation [1700.8/1724.3]GB [349.068/515.425/45945.319]s

BEG OF #4 << sto 1.00e-20 << eps_var 5.00e-06 << perturbation [1700.8/1724.3]GB [0.002/0.000/45945.320]s
Number of unique variational determinants in sample: 2,169,520
Batch id: 27 / 64
20% 40% 60% 80% 100% 
Number of sto pt dets: 2,831,808,589
END OF create hc sums [1701.0/1724.5]GB [166.239/166.239/46111.559]s
PT sto loop correction: -0.0008725835 Ha
PT sto correction (eps1= 5.00e-06): -0.0008901111 +- 0.0000232244 Ha
PT sto total energy (eps1= 5.00e-06): -2099.8908834834 +- 0.0000232461 Ha
Correlation energy (eps1= 5.00e-06): -2.1133997410 +- 0.0000232461 Ha
END OF #4 << sto 1.00e-20 << eps_var 5.00e-06 << perturbation [1700.8/1724.4]GB [349.337/515.576/46460.895]s

BEG OF #5 << sto 1.00e-20 << eps_var 5.00e-06 << perturbation [1700.8/1724.4]GB [0.002/0.000/46460.895]s
Number of unique variational determinants in sample: 2,170,346
Batch id: 57 / 64
20% 40% 60% 80% 100% 
Number of sto pt dets: 2,832,868,881
END OF create hc sums [1700.8/1724.4]GB [165.445/165.445/46626.340]s
PT sto loop correction: -0.0009759779 Ha
PT sto correction (eps1= 5.00e-06): -0.0009072845 +- 0.0000248706 Ha
PT sto total energy (eps1= 5.00e-06): -2099.8909006568 +- 0.0000248909 Ha
Correlation energy (eps1= 5.00e-06): -2.1134169143 +- 0.0000248909 Ha
END OF #5 << sto 1.00e-20 << eps_var 5.00e-06 << perturbation [1700.8/1724.4]GB [349.071/514.515/46975.410]s

BEG OF #6 << sto 1.00e-20 << eps_var 5.00e-06 << perturbation [1700.8/1724.4]GB [0.001/0.001/46975.411]s
Number of unique variational determinants in sample: 2,170,020
Batch id: 12 / 64
20% 40% 60% 80% 100% 
Number of sto pt dets: 2,831,999,940
END OF create hc sums [1700.8/1724.4]GB [165.512/165.512/47140.922]s
PT sto loop correction: -0.0009507432 Ha
PT sto correction (eps1= 5.00e-06): -0.0009145276 +- 0.0000215599 Ha
PT sto total energy (eps1= 5.00e-06): -2099.8909078999 +- 0.0000215832 Ha
Correlation energy (eps1= 5.00e-06): -2.1134241574 +- 0.0000215832 Ha
END OF #6 << sto 1.00e-20 << eps_var 5.00e-06 << perturbation [1700.8/1724.4]GB [349.902/515.413/47490.823]s

BEG OF #7 << sto 1.00e-20 << eps_var 5.00e-06 << perturbation [1700.8/1724.4]GB [0.001/0.000/47490.824]s
Number of unique variational determinants in sample: 2,170,012
Batch id: 50 / 64
20% 40% 60% 80% 100% 
Number of sto pt dets: 2,832,408,875
END OF create hc sums [1700.8/1724.4]GB [165.310/165.310/47656.133]s
PT sto loop correction: -0.0009027513 Ha
PT sto correction (eps1= 5.00e-06): -0.0009128453 +- 0.0000182989 Ha
PT sto total energy (eps1= 5.00e-06): -2099.8909062175 +- 0.0000183264 Ha
Correlation energy (eps1= 5.00e-06): -2.1134224751 +- 0.0000183264 Ha
END OF #7 << sto 1.00e-20 << eps_var 5.00e-06 << perturbation [1700.8/1724.4]GB [349.020/514.329/48005.152]s

BEG OF #8 << sto 1.00e-20 << eps_var 5.00e-06 << perturbation [1700.8/1724.4]GB [0.001/0.000/48005.153]s
Number of unique variational determinants in sample: 2,169,811
Batch id: 13 / 64
20% 40% 60% 80% 100% 
Number of sto pt dets: 2,832,207,129
END OF create hc sums [1700.8/1724.4]GB [165.230/165.230/48170.383]s
PT sto loop correction: -0.0009132692 Ha
PT sto correction (eps1= 5.00e-06): -0.0009128983 +- 0.0000158474 Ha
PT sto total energy (eps1= 5.00e-06): -2099.8909062705 +- 0.0000158792 Ha
Correlation energy (eps1= 5.00e-06): -2.1134225281 +- 0.0000158792 Ha
END OF #8 << sto 1.00e-20 << eps_var 5.00e-06 << perturbation [1700.8/1724.4]GB [348.999/514.229/48519.382]s

BEG OF #9 << sto 1.00e-20 << eps_var 5.00e-06 << perturbation [1700.8/1724.4]GB [0.001/0.000/48519.382]s
Number of unique variational determinants in sample: 2,169,919
Batch id: 38 / 64
20% 40% 60% 80% 100% 
Number of sto pt dets: 2,832,307,160
END OF create hc sums [1700.8/1724.4]GB [165.338/165.338/48684.720]s
PT sto loop correction: -0.0009511972 Ha
PT sto correction (eps1= 5.00e-06): -0.0009171537 +- 0.0000146096 Ha
PT sto total energy (eps1= 5.00e-06): -2099.8909105260 +- 0.0000146440 Ha
Correlation energy (eps1= 5.00e-06): -2.1134267835 +- 0.0000146440 Ha
END OF #9 << sto 1.00e-20 << eps_var 5.00e-06 << perturbation [1700.8/1724.4]GB [349.338/514.675/49034.056]s

BEG OF #10 << sto 1.00e-20 << eps_var 5.00e-06 << perturbation [1700.8/1724.4]GB [0.001/0.000/49034.057]s
Number of unique variational determinants in sample: 2,169,821
Batch id: 26 / 64
20% 40% 60% 80% 100% 
Number of sto pt dets: 2,831,850,753
END OF create hc sums [1700.8/1724.4]GB [167.423/167.423/49201.479]s
PT sto loop correction: -0.0008622553 Ha
PT sto correction (eps1= 5.00e-06): -0.0009116638 +- 0.0000141736 Ha
PT sto total energy (eps1= 5.00e-06): -2099.8909050361 +- 0.0000142091 Ha
Correlation energy (eps1= 5.00e-06): -2.1134212937 +- 0.0000142091 Ha
END OF #10 << sto 1.00e-20 << eps_var 5.00e-06 << perturbation [1700.9/1724.4]GB [348.740/516.161/49550.218]s
END OF sto 1.00e-20 << eps_var 5.00e-06 << perturbation [1700.9/1724.4]GB [0.002/5221.375/49550.218]s
Total energy: -2099.8909050361 +- 0.0000142091 Ha
END OF eps_var 5.00e-06 << perturbation [1700.1/1723.6]GB [0.162/15757.173/49550.380]s
END OF perturbation [1700.1/1723.6]GB [0.002/49548.301/49550.380]s
