l[011,035]
80
Semistochastic Heat-bath Configuration Interation (SHCI)

Start time: Tue Nov 20 22:40:55 2018
Infrastructure: 2 nodes * 80 threads
Configuration:
{
  "chem": {
    "irrep_occs_dn": [
      4,
      2,
      1,
      2,
      1,
      2,
      1,
      0,
      1,
      0
    ],
    "irrep_occs_up": [
      4,
      2,
      1,
      2,
      1,
      2,
      1,
      0,
      1,
      0
    ],
    "irreps": [
      1,
      2,
      3,
      4,
      5,
      6,
      7,
      8,
      9,
      10
    ],
    "point_group": "dih"
  },
  "eps_vars": [
    0.0001,
    5e-05,
    3e-05,
    2e-05,
    1e-05,
    5e-06
  ],
  "eps_vars_schedule": [
    0.005,
    0.005,
    0.005,
    0.003,
    0.003,
    0.003,
    0.002,
    0.002,
    0.002,
    0.001,
    0.001,
    0.001,
    0.0005,
    0.0005,
    0.0005,
    0.0003,
    0.0003,
    0.0003,
    0.0002,
    0.0002,
    0.0002
  ],
  "n_dn": 14,
  "n_up": 14,
  "system": "chem",
  "time_sym": true
}
Timing format: [DIFF/SECTION/TOTAL]

BEG OF setup [0.0/246.2]GB [0.001/0.001/0.001]s

BEG OF load integrals << setup [0.0/246.2]GB [0.004/0.001/0.004]s
n_orbs: 76
n_elecs (from FCIDUMP): 28
orb_sym: 1 2 -6 6 -5 5 1 2 1 1 -6 6 7 -7 -8 8 5 -5 2 2 6 -6 -7 7 1 8 -8 6 -6 1 5 -5 2 -10 10 9 -9 -7 7 8 -8 6 -6 1 5 -5 2 2 1 -5 5 2 1 6 -6 1 -7 7 6 -6 2 1 -8 8 5 -5 2 1 6 -6 2 -5 5 5 -5 2 
Convert to Adam's notation:
1 2 6 4 5 3 1 2 1 1 6 4 7 9 10 8 3 5 2 2 4 6 9 7 1 8 10 4 6 1 3 5 2 14 12 11 13 9 7 8 10 4 6 1 3 5 2 2 1 5 3 2 1 4 6 1 9 7 4 6 2 1 10 8 3 5 2 1 4 6 2 5 3 3 5 2 
END OF load fcidump [0.1/246.3]GB [1.632/1.632/1.636]s
HF det up: 0 1 2 3 4 5 6 7 8 9 10 11 12 13 
HF det dn: 0 1 2 3 4 5 6 7 8 9 10 11 12 13 
Reorder skipped.
Orbitals energy:
#  0: E =  -3.362360236777, sym =  1, origin #  0
#  1: E =  -3.361612116218, sym =  2, origin #  1
#  2: E =  -2.084193002344, sym =  6, origin #  2
#  3: E =  -2.084193002344, sym =  4, origin #  3
#  4: E =  -2.079549194329, sym =  5, origin #  4
#  5: E =  -2.079549194329, sym =  3, origin #  5
#  6: E =  -2.084583441190, sym =  1, origin #  6
#  7: E =  -2.076596035398, sym =  2, origin #  7
#  8: E =  -0.190946364992, sym =  1, origin #  8
#  9: E =  -0.070838691999, sym =  1, origin #  9
# 10: E =  -0.065337240214, sym =  6, origin # 10
# 11: E =  -0.065337240214, sym =  4, origin # 11
# 12: E =  -0.050531652942, sym =  7, origin # 12
# 13: E =  -0.050531652942, sym =  9, origin # 13
# 14: E =   0.127199810701, sym = 10, origin # 14
# 15: E =   0.127199810701, sym =  8, origin # 15
# 16: E =   0.146957652292, sym =  3, origin # 16
# 17: E =   0.146957652292, sym =  5, origin # 17
# 18: E =   0.147910335613, sym =  2, origin # 18
# 19: E =   0.361831985937, sym =  2, origin # 19
# 20: E =   1.040355300308, sym =  4, origin # 20
# 21: E =   1.040355300308, sym =  6, origin # 21
# 22: E =   1.117959994722, sym =  9, origin # 22
# 23: E =   1.117959994722, sym =  7, origin # 23
# 24: E =   1.109339101936, sym =  1, origin # 24
# 25: E =   1.208890040402, sym =  8, origin # 25
# 26: E =   1.208890040402, sym = 10, origin # 26
# 27: E =   0.253922213257, sym =  4, origin # 27
# 28: E =   0.253922213257, sym =  6, origin # 28
# 29: E =   0.303482220631, sym =  1, origin # 29
# 30: E =   1.299142956273, sym =  3, origin # 30
# 31: E =   1.299142956273, sym =  5, origin # 31
# 32: E =   1.264711618121, sym =  2, origin # 32
# 33: E =   2.486984805890, sym = 14, origin # 33
# 34: E =   2.486984805890, sym = 12, origin # 34
# 35: E =   2.492363246275, sym = 11, origin # 35
# 36: E =   2.492363246275, sym = 13, origin # 36
# 37: E =   2.479512611435, sym =  9, origin # 37
# 38: E =   2.479512611435, sym =  7, origin # 38
# 39: E =   2.504615043534, sym =  8, origin # 39
# 40: E =   2.504615043534, sym = 10, origin # 40
# 41: E =   2.447728229411, sym =  4, origin # 41
# 42: E =   2.447728229411, sym =  6, origin # 42
# 43: E =   2.434215706370, sym =  1, origin # 43
# 44: E =   2.550157334830, sym =  3, origin # 44
# 45: E =   2.550157334830, sym =  5, origin # 45
# 46: E =   2.606211655048, sym =  2, origin # 46
# 47: E =   0.697670342349, sym =  2, origin # 47
# 48: E =   1.411748108407, sym =  1, origin # 48
# 49: E =   0.479674016465, sym =  5, origin # 49
# 50: E =   0.479674016465, sym =  3, origin # 50
# 51: E =   1.384888848706, sym =  2, origin # 51
# 52: E =   0.482631968398, sym =  1, origin # 52
# 53: E =   0.517725982889, sym =  4, origin # 53
# 54: E =   0.517725982889, sym =  6, origin # 54
# 55: E =   0.465093510230, sym =  1, origin # 55
# 56: E =   0.607530411567, sym =  9, origin # 56
# 57: E =   0.607530411567, sym =  7, origin # 57
# 58: E =   0.674332019905, sym =  4, origin # 58
# 59: E =   0.674332019905, sym =  6, origin # 59
# 60: E =   0.721477158913, sym =  2, origin # 60
# 61: E =   0.682060072728, sym =  1, origin # 61
# 62: E =   0.597001666804, sym = 10, origin # 62
# 63: E =   0.597001666804, sym =  8, origin # 63
# 64: E =   0.597652819522, sym =  3, origin # 64
# 65: E =   0.597652819522, sym =  5, origin # 65
# 66: E =   0.541579079924, sym =  2, origin # 66
# 67: E =   0.351892350721, sym =  1, origin # 67
# 68: E =   0.355525756520, sym =  4, origin # 68
# 69: E =   0.355525756520, sym =  6, origin # 69
# 70: E =   1.068106369746, sym =  2, origin # 70
# 71: E =   0.471998322959, sym =  5, origin # 71
# 72: E =   0.471998322959, sym =  3, origin # 72
# 73: E =   0.352916461035, sym =  3, origin # 73
# 74: E =   0.352916461035, sym =  5, origin # 74
# 75: E =   0.142849756527, sym =  2, origin # 75
HF det up: 0 1 2 3 4 5 6 7 8 9 10 11 12 13 
HF det dn: 0 1 2 3 4 5 6 7 8 9 10 11 12 13 
END OF reorder orbitals [0.1/246.3]GB [0.066/1.698/1.701]s
FCIDUMP cache saved to: integrals_cache.dat
END OF load integrals << setup [0.1/246.3]GB [0.119/1.817/1.820]s

BEG OF setup hci queue << setup [0.1/246.3]GB [0.001/0.000/1.820]s
Max hci queue elem: 0.4117823204 Ha
Number of entries in hci queue: 1,782,622
END OF setup hci queue << setup [0.1/246.3]GB [0.107/0.107/1.926]s
HF energy: -2097.7715886704 Ha
END OF setup [0.1/246.3]GB [0.005/1.931/1.931]s

BEG OF variation [0.1/246.3]GB [0.001/0.000/1.932]s
Final iteration 0 HF ndets= 1 energy= -2097.77158867

BEG OF eps_var 1.00e-04 << variation [0.1/246.3]GB [0.001/0.000/1.932]s
Loaded 3,717,825 dets from: wf_eps1_1.00e-04.dat
Effect dets (without time sym): 7,430,731
----------------------------------------
Excite Lv       # dets         Sum c^2
0                    1      0.00589113
1                  116      0.00001086
2                22664      0.11845262
3                94136      0.00346904
4               577188      0.39499607
5               845756      0.01833267
6              2039469      0.34681310
7              1273728      0.01806862
8              1686719      0.08493147
9               471856      0.00386364
10              361547      0.00498064
11               41614      0.00012750
12               15432      0.00006239
13                 442      0.00000024
14                  63      0.00000002
----------------------------------------
Orbital                        Sum c^2
0                           1.99615546
1                           1.99613795
2                           1.98901187
3                           1.98901187
4                           1.98897875
5                           1.98897875
6                           1.98883033
7                           1.98871135
8                           1.92091365
9                           1.08319232
10                          1.07488966
11                          1.07488966
12                          1.01389155
13                          1.01389155
14                          0.97388812
15                          0.97388812
16                          0.91276034
17                          0.91276034
18                          0.90431033
19                          0.04061049
20                          0.00892245
21                          0.00892245
22                          0.00755900
23                          0.00755900
24                          0.00844751
25                          0.00675002
26                          0.00675002
27                          0.00917375
28                          0.00917375
29                          0.00833156
30                          0.00608082
31                          0.00608082
32                          0.00836295
33                          0.00289876
34                          0.00289876
35                          0.00289192
36                          0.00289192
37                          0.00289042
38                          0.00289042
39                          0.00284527
40                          0.00284527
41                          0.00292303
42                          0.00292303
43                          0.00294737
44                          0.00280554
45                          0.00280554
46                          0.00279522
47                          0.00392665
48                          0.00312254
49                          0.00365134
Sum orbitals c^2: 28.00000000
----------------------------------------
Most important dets:
Excite Lv         Coef      Det (Reordered orb)
2           0.10412780      |  0  1  2  3  4  5  6  7  8  9 10 11 13 14 |  0  1  2  3  4  5  6  7  8  9 10 11 12 15 |
2           0.09768030      |  0  1  2  3  4  5  6  7  8  9 10 12 13 15 |  0  1  2  3  4  5  6  7  8  9 10 11 13 16 |
2           0.09768030      |  0  1  2  3  4  5  6  7  8  9 11 12 13 14 |  0  1  2  3  4  5  6  7  8  9 10 11 12 17 |
2          -0.09762963      |  0  1  2  3  4  5  6  7  8  9 11 12 13 15 |  0  1  2  3  4  5  6  7  8  9 10 11 13 17 |
2          -0.09762963      |  0  1  2  3  4  5  6  7  8  9 10 12 13 14 |  0  1  2  3  4  5  6  7  8  9 10 11 12 16 |
2          -0.09689855      |  0  1  2  3  4  5  6  7  8 10 11 12 13 14 |  0  1  2  3  4  5  6  7  8  9 10 11 12 18 |
2           0.09689855      |  0  1  2  3  4  5  6  7  8 10 11 12 13 15 |  0  1  2  3  4  5  6  7  8  9 10 11 13 18 |
4          -0.09403372      |  0  1  2  3  4  5  6  7  8  9 11 13 14 15 |  0  1  2  3  4  5  6  7  8  9 10 11 15 17 |
4          -0.09403372      |  0  1  2  3  4  5  6  7  8  9 10 12 14 15 |  0  1  2  3  4  5  6  7  8  9 10 11 14 16 |
4           0.09400933      |  0  1  2  3  4  5  6  7  8  9 10 13 14 15 |  0  1  2  3  4  5  6  7  8  9 10 11 15 16 |
4           0.09400933      |  0  1  2  3  4  5  6  7  8  9 11 12 14 15 |  0  1  2  3  4  5  6  7  8  9 10 11 14 17 |
4          -0.09332954      |  0  1  2  3  4  5  6  7  8 10 11 12 14 15 |  0  1  2  3  4  5  6  7  8  9 10 11 14 18 |
4           0.09332954      |  0  1  2  3  4  5  6  7  8 10 11 13 14 15 |  0  1  2  3  4  5  6  7  8  9 10 11 15 18 |
2           0.09186994      |  0  1  2  3  4  5  6  7  8  9 11 12 13 16 |  0  1  2  3  4  5  6  7  8  9 10 12 13 17 |
2           0.09086231      |  0  1  2  3  4  5  6  7  8 10 11 12 13 17 |  0  1  2  3  4  5  6  7  8  9 11 12 13 18 |
2          -0.09086231      |  0  1  2  3  4  5  6  7  8 10 11 12 13 16 |  0  1  2  3  4  5  6  7  8  9 10 12 13 18 |
4          -0.08927741      |  0  1  2  3  4  5  6  7  8  9 11 13 14 17 |  0  1  2  3  4  5  6  7  8  9 11 12 15 17 |
4          -0.08927741      |  0  1  2  3  4  5  6  7  8  9 10 13 14 16 |  0  1  2  3  4  5  6  7  8  9 10 12 15 16 |
4          -0.08847716      |  0  1  2  3  4  5  6  7  8  9 11 13 15 16 |  0  1  2  3  4  5  6  7  8  9 10 13 15 17 |
4          -0.08847716      |  0  1  2  3  4  5  6  7  8  9 11 12 14 16 |  0  1  2  3  4  5  6  7  8  9 10 12 14 17 |
----------------------------------------
HF energy: -2097.7715886704 Ha
Variational energy: -2099.8005521084 Ha
END OF eps_var 1.00e-04 << variation [0.5/246.8]GB [6.209/6.209/8.141]s

BEG OF eps_var 5.00e-05 << variation [0.5/246.8]GB [0.001/0.000/8.142]s
Loaded 13,197,794 dets from: wf_eps1_5.00e-05.dat
Effect dets (without time sym): 26,387,096
----------------------------------------
Excite Lv       # dets         Sum c^2
0                    1      0.00556125
1                  138      0.00001504
2                33665      0.11226694
3               200712      0.00355635
4              1346591      0.38176172
5              2721562      0.01885210
6              6299756      0.35140257
7              5123948      0.01937276
8              6265792      0.09527568
9              2184002      0.00461890
10             1803674      0.00697953
11              250880      0.00021497
12              149204      0.00012064
13                5060      0.00000129
14                2111      0.00000024
----------------------------------------
Orbital                        Sum c^2
0                           1.99610253
1                           1.99608745
2                           1.98866295
3                           1.98866295
4                           1.98862833
5                           1.98862833
6                           1.98852425
7                           1.98841572
8                           1.83311704
9                           1.08439930
10                          1.07659201
11                          1.07659213
12                          1.01381675
13                          1.01381681
14                          0.97257478
15                          0.97257485
16                          0.90950791
17                          0.90950803
18                          0.90209682
19                          0.10299697
20                          0.00996460
21                          0.00996460
22                          0.00838368
23                          0.00838368
24                          0.00936191
25                          0.00741303
26                          0.00741303
27                          0.01197174
28                          0.01197174
29                          0.01003319
30                          0.00660000
31                          0.00660000
32                          0.01287550
33                          0.00301203
34                          0.00301203
35                          0.00300459
36                          0.00300459
37                          0.00294412
38                          0.00294412
39                          0.00289636
40                          0.00289636
41                          0.00295681
42                          0.00295681
43                          0.00300395
44                          0.00283593
45                          0.00283593
46                          0.00284176
47                          0.00605237
48                          0.00333875
49                          0.00360641
Sum orbitals c^2: 28.00000000
----------------------------------------
Most important dets:
Excite Lv         Coef      Det (Reordered orb)
2           0.10077233      |  0  1  2  3  4  5  6  7  8  9 10 11 13 14 |  0  1  2  3  4  5  6  7  8  9 10 11 12 15 |
2           0.09421241      |  0  1  2  3  4  5  6  7  8  9 11 12 13 14 |  0  1  2  3  4  5  6  7  8  9 10 11 12 17 |
2           0.09421241      |  0  1  2  3  4  5  6  7  8  9 10 12 13 15 |  0  1  2  3  4  5  6  7  8  9 10 11 13 16 |
2          -0.09412205      |  0  1  2  3  4  5  6  7  8  9 10 12 13 14 |  0  1  2  3  4  5  6  7  8  9 10 11 12 16 |
2          -0.09412204      |  0  1  2  3  4  5  6  7  8  9 11 12 13 15 |  0  1  2  3  4  5  6  7  8  9 10 11 13 17 |
2          -0.09351178      |  0  1  2  3  4  5  6  7  8 10 11 12 13 14 |  0  1  2  3  4  5  6  7  8  9 10 11 12 18 |
2           0.09351177      |  0  1  2  3  4  5  6  7  8 10 11 12 13 15 |  0  1  2  3  4  5  6  7  8  9 10 11 13 18 |
4          -0.09047589      |  0  1  2  3  4  5  6  7  8  9 11 13 14 15 |  0  1  2  3  4  5  6  7  8  9 10 11 15 17 |
4          -0.09047588      |  0  1  2  3  4  5  6  7  8  9 10 12 14 15 |  0  1  2  3  4  5  6  7  8  9 10 11 14 16 |
4           0.09041692      |  0  1  2  3  4  5  6  7  8  9 10 13 14 15 |  0  1  2  3  4  5  6  7  8  9 10 11 15 16 |
4           0.09041692      |  0  1  2  3  4  5  6  7  8  9 11 12 14 15 |  0  1  2  3  4  5  6  7  8  9 10 11 14 17 |
4           0.08985185      |  0  1  2  3  4  5  6  7  8 10 11 13 14 15 |  0  1  2  3  4  5  6  7  8  9 10 11 15 18 |
4          -0.08985184      |  0  1  2  3  4  5  6  7  8 10 11 12 14 15 |  0  1  2  3  4  5  6  7  8  9 10 11 14 18 |
2           0.08818163      |  0  1  2  3  4  5  6  7  8  9 11 12 13 16 |  0  1  2  3  4  5  6  7  8  9 10 12 13 17 |
2          -0.08734701      |  0  1  2  3  4  5  6  7  8 10 11 12 13 16 |  0  1  2  3  4  5  6  7  8  9 10 12 13 18 |
2           0.08734701      |  0  1  2  3  4  5  6  7  8 10 11 12 13 17 |  0  1  2  3  4  5  6  7  8  9 11 12 13 18 |
4          -0.08554919      |  0  1  2  3  4  5  6  7  8  9 11 13 14 17 |  0  1  2  3  4  5  6  7  8  9 11 12 15 17 |
4          -0.08554918      |  0  1  2  3  4  5  6  7  8  9 10 13 14 16 |  0  1  2  3  4  5  6  7  8  9 10 12 15 16 |
4          -0.08475227      |  0  1  2  3  4  5  6  7  8  9 11 13 15 16 |  0  1  2  3  4  5  6  7  8  9 10 13 15 17 |
4          -0.08475227      |  0  1  2  3  4  5  6  7  8  9 11 12 14 16 |  0  1  2  3  4  5  6  7  8  9 10 12 14 17 |
----------------------------------------
HF energy: -2097.7715886704 Ha
Variational energy: -2099.8183497457 Ha
END OF eps_var 5.00e-05 << variation [2.0/248.2]GB [19.932/19.932/28.073]s

BEG OF eps_var 3.00e-05 << variation [2.0/248.2]GB [0.001/0.000/28.074]s
Loaded 33,222,788 dets from: wf_eps1_3.00e-05.dat
Effect dets (without time sym): 66,434,301
----------------------------------------
Excite Lv       # dets         Sum c^2
0                    1      0.00562602
1                  156      0.00002219
2                43160      0.11196947
3               362472      0.00388687
4              2622966      0.37789447
5              6623782      0.02018343
6             14854212      0.34925412
7             14409894      0.02074374
8             15684689      0.09723255
9              6289046      0.00508544
10             4453387      0.00768426
11              659350      0.00026145
12              409823      0.00015354
13               13638      0.00000200
14                7725      0.00000045
----------------------------------------
Orbital                        Sum c^2
0                           1.99597170
1                           1.99595746
2                           1.98815827
3                           1.98815827
4                           1.98811958
5                           1.98811958
6                           1.98795800
7                           1.98784452
8                           1.81282759
9                           1.08666740
10                          1.07911850
11                          1.07911850
12                          1.01395513
13                          1.01395514
14                          0.97075395
15                          0.97075396
16                          0.90532734
17                          0.90532734
18                          0.89836591
19                          0.11126153
20                          0.01108867
21                          0.01108867
22                          0.00919112
23                          0.00919112
24                          0.01026696
25                          0.00807004
26                          0.00807004
27                          0.01484089
28                          0.01484089
29                          0.01211767
30                          0.00710354
31                          0.00710354
32                          0.01446051
33                          0.00316205
34                          0.00316205
35                          0.00315350
36                          0.00315350
37                          0.00305583
38                          0.00305583
39                          0.00300289
40                          0.00300289
41                          0.00308028
42                          0.00308028
43                          0.00312576
44                          0.00294925
45                          0.00294925
46                          0.00294797
47                          0.00697018
48                          0.00352482
49                          0.00387149
Sum orbitals c^2: 28.00000000
----------------------------------------
Most important dets:
Excite Lv         Coef      Det (Reordered orb)
2           0.10093580      |  0  1  2  3  4  5  6  7  8  9 10 11 13 14 |  0  1  2  3  4  5  6  7  8  9 10 11 12 15 |
2           0.09395462      |  0  1  2  3  4  5  6  7  8  9 11 12 13 14 |  0  1  2  3  4  5  6  7  8  9 10 11 12 17 |
2           0.09395462      |  0  1  2  3  4  5  6  7  8  9 10 12 13 15 |  0  1  2  3  4  5  6  7  8  9 10 11 13 16 |
2          -0.09387916      |  0  1  2  3  4  5  6  7  8  9 11 12 13 15 |  0  1  2  3  4  5  6  7  8  9 10 11 13 17 |
2          -0.09387916      |  0  1  2  3  4  5  6  7  8  9 10 12 13 14 |  0  1  2  3  4  5  6  7  8  9 10 11 12 16 |
2           0.09332520      |  0  1  2  3  4  5  6  7  8 10 11 12 13 15 |  0  1  2  3  4  5  6  7  8  9 10 11 13 18 |
2          -0.09332520      |  0  1  2  3  4  5  6  7  8 10 11 12 13 14 |  0  1  2  3  4  5  6  7  8  9 10 11 12 18 |
4          -0.08999123      |  0  1  2  3  4  5  6  7  8  9 11 13 14 15 |  0  1  2  3  4  5  6  7  8  9 10 11 15 17 |
4          -0.08999122      |  0  1  2  3  4  5  6  7  8  9 10 12 14 15 |  0  1  2  3  4  5  6  7  8  9 10 11 14 16 |
4           0.08995469      |  0  1  2  3  4  5  6  7  8  9 11 12 14 15 |  0  1  2  3  4  5  6  7  8  9 10 11 14 17 |
4           0.08995469      |  0  1  2  3  4  5  6  7  8  9 10 13 14 15 |  0  1  2  3  4  5  6  7  8  9 10 11 15 16 |
4          -0.08944285      |  0  1  2  3  4  5  6  7  8 10 11 12 14 15 |  0  1  2  3  4  5  6  7  8  9 10 11 14 18 |
4           0.08944284      |  0  1  2  3  4  5  6  7  8 10 11 13 14 15 |  0  1  2  3  4  5  6  7  8  9 10 11 15 18 |
2           0.08762244      |  0  1  2  3  4  5  6  7  8  9 11 12 13 16 |  0  1  2  3  4  5  6  7  8  9 10 12 13 17 |
2           0.08687087      |  0  1  2  3  4  5  6  7  8 10 11 12 13 17 |  0  1  2  3  4  5  6  7  8  9 11 12 13 18 |
2          -0.08687087      |  0  1  2  3  4  5  6  7  8 10 11 12 13 16 |  0  1  2  3  4  5  6  7  8  9 10 12 13 18 |
4          -0.08485477      |  0  1  2  3  4  5  6  7  8  9 11 13 14 17 |  0  1  2  3  4  5  6  7  8  9 11 12 15 17 |
4          -0.08485477      |  0  1  2  3  4  5  6  7  8  9 10 13 14 16 |  0  1  2  3  4  5  6  7  8  9 10 12 15 16 |
4          -0.08400503      |  0  1  2  3  4  5  6  7  8  9 11 13 15 16 |  0  1  2  3  4  5  6  7  8  9 10 13 15 17 |
4          -0.08400503      |  0  1  2  3  4  5  6  7  8  9 11 12 14 16 |  0  1  2  3  4  5  6  7  8  9 10 12 14 17 |
----------------------------------------
HF energy: -2097.7715886704 Ha
Variational energy: -2099.8319281906 Ha
END OF eps_var 3.00e-05 << variation [5.0/251.2]GB [49.991/49.991/78.065]s

BEG OF eps_var 2.00e-05 << variation [5.0/251.2]GB [0.001/0.000/78.065]s
Loaded 71,825,804 dets from: wf_eps1_2.00e-05.dat
Effect dets (without time sym): 143,636,872
----------------------------------------
Excite Lv       # dets         Sum c^2
0                    1      0.00573733
1                  172      0.00003251
2                51525      0.11261949
3               586738      0.00428951
4              4617638      0.37623987
5             13435664      0.02182927
6             30355786      0.34606244
7             33009358      0.02237568
8             34262790      0.09690477
9             15464520      0.00554422
10             9472168      0.00789832
11             1550180      0.00029418
12              787500      0.00016936
13               28360      0.00000249
14               14472      0.00000057
----------------------------------------
Orbital                        Sum c^2
0                           1.99586272
1                           1.99584789
2                           1.98760655
3                           1.98760655
4                           1.98756544
5                           1.98756544
6                           1.98736115
7                           1.98723531
8                           1.81171553
9                           1.08750346
10                          1.08076085
11                          1.08076084
12                          1.01396504
13                          1.01396504
14                          0.96918232
15                          0.96918233
16                          0.90211232
17                          0.90211231
18                          0.89565419
19                          0.10667227
20                          0.01197970
21                          0.01197970
22                          0.00984520
23                          0.00984520
24                          0.01098612
25                          0.00859451
26                          0.00859451
27                          0.01689680
28                          0.01689680
29                          0.01409921
30                          0.00757772
31                          0.00757772
32                          0.01503729
33                          0.00330163
34                          0.00330163
35                          0.00329286
36                          0.00329286
37                          0.00319640
38                          0.00319640
39                          0.00313998
40                          0.00313998
41                          0.00321409
42                          0.00321409
43                          0.00326354
44                          0.00307310
45                          0.00307310
46                          0.00306908
47                          0.00725927
48                          0.00386672
49                          0.00435812
Sum orbitals c^2: 28.00000000
----------------------------------------
Most important dets:
Excite Lv         Coef      Det (Reordered orb)
2           0.10145650      |  0  1  2  3  4  5  6  7  8  9 10 11 13 14 |  0  1  2  3  4  5  6  7  8  9 10 11 12 15 |
2           0.09425456      |  0  1  2  3  4  5  6  7  8  9 11 12 13 14 |  0  1  2  3  4  5  6  7  8  9 10 11 12 17 |
2           0.09425456      |  0  1  2  3  4  5  6  7  8  9 10 12 13 15 |  0  1  2  3  4  5  6  7  8  9 10 11 13 16 |
2          -0.09416439      |  0  1  2  3  4  5  6  7  8  9 10 12 13 14 |  0  1  2  3  4  5  6  7  8  9 10 11 12 16 |
2          -0.09416439      |  0  1  2  3  4  5  6  7  8  9 11 12 13 15 |  0  1  2  3  4  5  6  7  8  9 10 11 13 17 |
2           0.09369539      |  0  1  2  3  4  5  6  7  8 10 11 12 13 15 |  0  1  2  3  4  5  6  7  8  9 10 11 13 18 |
2          -0.09369538      |  0  1  2  3  4  5  6  7  8 10 11 12 13 14 |  0  1  2  3  4  5  6  7  8  9 10 11 12 18 |
4          -0.09010931      |  0  1  2  3  4  5  6  7  8  9 11 13 14 15 |  0  1  2  3  4  5  6  7  8  9 10 11 15 17 |
4          -0.09010931      |  0  1  2  3  4  5  6  7  8  9 10 12 14 15 |  0  1  2  3  4  5  6  7  8  9 10 11 14 16 |
4           0.09005529      |  0  1  2  3  4  5  6  7  8  9 10 13 14 15 |  0  1  2  3  4  5  6  7  8  9 10 11 15 16 |
4           0.09005529      |  0  1  2  3  4  5  6  7  8  9 11 12 14 15 |  0  1  2  3  4  5  6  7  8  9 10 11 14 17 |
4          -0.08962891      |  0  1  2  3  4  5  6  7  8 10 11 12 14 15 |  0  1  2  3  4  5  6  7  8  9 10 11 14 18 |
4           0.08962891      |  0  1  2  3  4  5  6  7  8 10 11 13 14 15 |  0  1  2  3  4  5  6  7  8  9 10 11 15 18 |
2           0.08770253      |  0  1  2  3  4  5  6  7  8  9 11 12 13 16 |  0  1  2  3  4  5  6  7  8  9 10 12 13 17 |
2          -0.08699900      |  0  1  2  3  4  5  6  7  8 10 11 12 13 16 |  0  1  2  3  4  5  6  7  8  9 10 12 13 18 |
2           0.08699900      |  0  1  2  3  4  5  6  7  8 10 11 12 13 17 |  0  1  2  3  4  5  6  7  8  9 11 12 13 18 |
4          -0.08479361      |  0  1  2  3  4  5  6  7  8  9 10 13 14 16 |  0  1  2  3  4  5  6  7  8  9 10 12 15 16 |
4          -0.08479361      |  0  1  2  3  4  5  6  7  8  9 11 13 14 17 |  0  1  2  3  4  5  6  7  8  9 11 12 15 17 |
4          -0.08391731      |  0  1  2  3  4  5  6  7  8  9 11 13 15 16 |  0  1  2  3  4  5  6  7  8  9 10 13 15 17 |
4          -0.08391731      |  0  1  2  3  4  5  6  7  8  9 11 12 14 16 |  0  1  2  3  4  5  6  7  8  9 10 12 14 17 |
----------------------------------------
HF energy: -2097.7715886704 Ha
Variational energy: -2099.8433443197 Ha
END OF eps_var 2.00e-05 << variation [11.4/257.6]GB [115.237/115.237/193.302]s

BEG OF eps_var 1.00e-05 << variation [11.4/257.6]GB [0.001/0.000/193.302]s
Loaded 246,119,808 dets from: wf_eps1_1.00e-05.dat
Effect dets (without time sym): 492,210,320
----------------------------------------
Excite Lv       # dets         Sum c^2
0                    1      0.00581422
1                  182      0.00005052
2                64437      0.11288717
3              1192248      0.00495320
4             11009706      0.37355327
5             38700652      0.02474264
6             90662168      0.34152065
7            117832654      0.02551460
8            119878661      0.09591967
9             67808600      0.00648449
10            34822432      0.00801734
11             7656454      0.00035674
12             2419577      0.00018174
13              121626      0.00000305
14               40922      0.00000069
----------------------------------------
Orbital                        Sum c^2
0                           1.99561458
1                           1.99559539
2                           1.98668314
3                           1.98668314
4                           1.98663979
5                           1.98663979
6                           1.98639557
7                           1.98625892
8                           1.81264727
9                           1.08675036
10                          1.08181252
11                          1.08181252
12                          1.01404231
13                          1.01404231
14                          0.96676484
15                          0.96676484
16                          0.89862320
17                          0.89862320
18                          0.89334212
19                          0.09927379
20                          0.01317262
21                          0.01317262
22                          0.01069347
23                          0.01069347
24                          0.01189163
25                          0.00919177
26                          0.00919177
27                          0.01954935
28                          0.01954935
29                          0.01694421
30                          0.00808995
31                          0.00808995
32                          0.01550595
33                          0.00347271
34                          0.00347271
35                          0.00346334
36                          0.00346334
37                          0.00341744
38                          0.00341744
39                          0.00335606
40                          0.00335606
41                          0.00344861
42                          0.00344861
43                          0.00349891
44                          0.00329871
45                          0.00329871
46                          0.00328156
47                          0.00781371
48                          0.00460395
49                          0.00543964
Sum orbitals c^2: 28.00000000
----------------------------------------
Most important dets:
Excite Lv         Coef      Det (Reordered orb)
2           0.10158528      |  0  1  2  3  4  5  6  7  8  9 10 11 13 14 |  0  1  2  3  4  5  6  7  8  9 10 11 12 15 |
2           0.09431559      |  0  1  2  3  4  5  6  7  8  9 11 12 13 14 |  0  1  2  3  4  5  6  7  8  9 10 11 12 17 |
2           0.09431559      |  0  1  2  3  4  5  6  7  8  9 10 12 13 15 |  0  1  2  3  4  5  6  7  8  9 10 11 13 16 |
2          -0.09423887      |  0  1  2  3  4  5  6  7  8  9 11 12 13 15 |  0  1  2  3  4  5  6  7  8  9 10 11 13 17 |
2          -0.09423886      |  0  1  2  3  4  5  6  7  8  9 10 12 13 14 |  0  1  2  3  4  5  6  7  8  9 10 11 12 16 |
2           0.09396305      |  0  1  2  3  4  5  6  7  8 10 11 12 13 15 |  0  1  2  3  4  5  6  7  8  9 10 11 13 18 |
2          -0.09396305      |  0  1  2  3  4  5  6  7  8 10 11 12 13 14 |  0  1  2  3  4  5  6  7  8  9 10 11 12 18 |
4          -0.08992950      |  0  1  2  3  4  5  6  7  8  9 11 13 14 15 |  0  1  2  3  4  5  6  7  8  9 10 11 15 17 |
4          -0.08992950      |  0  1  2  3  4  5  6  7  8  9 10 12 14 15 |  0  1  2  3  4  5  6  7  8  9 10 11 14 16 |
4           0.08989004      |  0  1  2  3  4  5  6  7  8  9 11 12 14 15 |  0  1  2  3  4  5  6  7  8  9 10 11 14 17 |
4           0.08989004      |  0  1  2  3  4  5  6  7  8  9 10 13 14 15 |  0  1  2  3  4  5  6  7  8  9 10 11 15 16 |
4           0.08965509      |  0  1  2  3  4  5  6  7  8 10 11 13 14 15 |  0  1  2  3  4  5  6  7  8  9 10 11 15 18 |
4          -0.08965509      |  0  1  2  3  4  5  6  7  8 10 11 12 14 15 |  0  1  2  3  4  5  6  7  8  9 10 11 14 18 |
2           0.08776763      |  0  1  2  3  4  5  6  7  8  9 11 12 13 16 |  0  1  2  3  4  5  6  7  8  9 10 12 13 17 |
2          -0.08716370      |  0  1  2  3  4  5  6  7  8 10 11 12 13 16 |  0  1  2  3  4  5  6  7  8  9 10 12 13 18 |
2           0.08716370      |  0  1  2  3  4  5  6  7  8 10 11 12 13 17 |  0  1  2  3  4  5  6  7  8  9 11 12 13 18 |
4          -0.08454435      |  0  1  2  3  4  5  6  7  8  9 11 13 14 17 |  0  1  2  3  4  5  6  7  8  9 11 12 15 17 |
4          -0.08454435      |  0  1  2  3  4  5  6  7  8  9 10 13 14 16 |  0  1  2  3  4  5  6  7  8  9 10 12 15 16 |
4          -0.08390313      |  0  1  2  3  4  5  6  7  8 10 11 13 14 18 |  0  1  2  3  4  5  6  7  8 10 11 12 15 18 |
4          -0.08375043      |  0  1  2  3  4  5  6  7  8  9 11 13 15 16 |  0  1  2  3  4  5  6  7  8  9 10 13 15 17 |
----------------------------------------
HF energy: -2097.7715886704 Ha
Variational energy: -2099.8596024858 Ha
END OF eps_var 1.00e-05 << variation [34.0/280.2]GB [401.795/401.795/595.097]s

BEG OF eps_var 5.00e-06 << variation [34.0/280.2]GB [0.001/0.000/595.097]s

BEG OF main << eps_var 5.00e-06 << variation [34.0/280.2]GB [0.005/0.000/595.102]s

BEG OF #1 << main << eps_var 5.00e-06 << variation [35.9/282.2]GB [1.126/0.001/596.228]s
10% 20% 30% 40% 50% 60% 70% 80% 90% 100% 
Number of dets / new dets: 683,538,610 / 437,418,802
END OF get next det list [151.3/397.5]GB [2077.513/2077.513/2673.740]s
END OF update unique ab [189.0/435.2]GB [2401.628/4479.141/5075.368]s
END OF create abm1 [222.4/468.7]GB [2210.381/6672.075/7268.302]s
Outer size of a/b singles: 44,666,752 / 0
Full size of absingles: 5,428,253,228
END OF create absingles [271.2/517.4]GB [3320.038/9974.672/10570.899]s
10% 20% 30% 40% 50% 60% 70% 80% 90% 100% 
Number of nonzero elems: 286,086,978,618
END OF generate sparse hamiltonian [1853.0/2099.2]GB [51706.482/61681.122/62277.349]s
Davidson #0: -2099.8596024863
Davidson #1: -2099.8695659925
Davidson #2: -2099.8699483446
Davidson #3: -2099.8699904525
Davidson #4: -2099.8700578256
Davidson #5: -2099.8700779313
Davidson #6: -2099.8700901680
Davidson #7: -2099.8701010925
Davidson #8: -2099.8701116315
END OF diagonalize sparse hamiltonian [1853.1/2099.4]GB [2850.434/64531.548/65127.775]s
Iteration 1 eps1= 5.00e-06 ndets= 683,538,610 energy= -2099.87011163
END OF #1 << main << eps_var 5.00e-06 << variation [1853.1/2099.4]GB [0.001/64531.548/65127.775]s

BEG OF #2 << main << eps_var 5.00e-06 << variation [1856.6/2102.8]GB [5.307/0.001/65133.082]s
10% 20% 30% 40% 50% 60% 70% 80% 90% 100% 
Number of dets / new dets: 725,811,721 / 42,273,111
END OF get next det list [1888.6/2134.8]GB [2837.912/2837.912/67970.993]s
END OF update unique ab [1889.2/2135.4]GB [301.476/3139.386/68272.467]s
END OF create abm1 [1894.9/2141.1]GB [371.318/3510.691/68643.772]s
Outer size of a/b singles: 46,948,211 / 0
Full size of absingles: 3,438,590,178
END OF create absingles [1895.6/2141.8]GB [267.799/3773.360/68906.441]s
10% 20% 30% 40% 50% 60% 70% 80% 90% 100% 
Number of nonzero elems: 308,925,680,167
END OF generate sparse hamiltonian [1992.3/2238.5]GB [28770.627/32543.973/97677.054]s
Davidson #0: -2099.8701116322
Davidson #1: -2099.8706394581
Davidson #2: -2099.8706669797
Davidson #3: -2099.8706751897
Davidson #4: -2099.8706820577
Davidson #5: -2099.8706854076
Davidson #6: -2099.8706880453
Davidson #7: -2099.8706930076
Davidson #8: -2099.8706977884
END OF diagonalize sparse hamiltonian [1992.6/2238.8]GB [3199.764/35743.721/100876.802]s
Iteration 2 eps1= 5.00e-06 ndets= 725,811,721 energy= -2099.87069779
END OF #2 << main << eps_var 5.00e-06 << variation [1992.6/2238.8]GB [0.001/35743.722/100876.803]s

BEG OF #3 << main << eps_var 5.00e-06 << variation [1992.9/2239.2]GB [6.866/0.001/100883.668]s
10% 20% 30% 40% 50% 60% 70% 80% 90% 100% 
Number of dets / new dets: 737,899,867 / 12,088,146
END OF get next det list [1993.7/2239.9]GB [1576.006/1576.006/102459.673]s
END OF update unique ab [1993.9/2240.1]GB [107.157/1683.162/102566.829]s
END OF create abm1 [1993.9/2240.1]GB [149.001/1832.146/102715.813]s
Outer size of a/b singles: 47,609,700 / 0
Full size of absingles: 2,013,609,442
END OF create absingles [1995.1/2241.3]GB [110.484/1942.617/102826.284]s
10% 20% 30% 40% 50% 60% 70% 80% 90% 100% 
Number of nonzero elems: 316,257,299,149
END OF generate sparse hamiltonian [2020.3/2266.5]GB [10329.011/12271.612/113155.279]s
Davidson #0: -2099.8706977887
Davidson #1: -2099.8708372665
Davidson #2: -2099.8708412333
Davidson #3: -2099.8708427242
Davidson #4: -2099.8708438882
Davidson #5: -2099.8708443702
Davidson #6: -2099.8708449987
Davidson #7: -2099.8708460290
Davidson #8: -2099.8708475725
END OF diagonalize sparse hamiltonian [2020.5/2266.7]GB [3207.388/15478.984/116362.651]s
Iteration 3 eps1= 5.00e-06 ndets= 737,899,867 energy= -2099.87084757
END OF #3 << main << eps_var 5.00e-06 << variation [2020.5/2266.7]GB [0.001/15478.984/116362.651]s

BEG OF #4 << main << eps_var 5.00e-06 << variation [2020.6/2266.8]GB [0.053/0.001/116362.704]s
10% 20% 30% 40% 50% 60% 70% 80% 90% 100% 
Number of dets / new dets: 741,265,318 / 3,365,451
END OF get next det list [2020.6/2266.9]GB [785.743/785.743/117148.446]s
END OF update unique ab [2020.7/2266.9]GB [47.140/832.882/117195.585]s
END OF create abm1 [2020.8/2267.0]GB [59.695/892.564/117255.267]s
Outer size of a/b singles: 47,775,556 / 0
Full size of absingles: 1,091,257,494
END OF create absingles [2020.8/2267.0]GB [50.403/942.955/117305.659]s
10% 20% 30% 40% 50% 60% 70% 80% 90% 100% 
Number of nonzero elems: 318,610,698,174
END OF generate sparse hamiltonian [2023.5/2269.7]GB [4731.564/5674.507/122037.210]s
Davidson #0: -2099.8708475723
Davidson #1: -2099.8708859695
Davidson #2: -2099.8708875540
Davidson #3: -2099.8708879361
Davidson #4: -2099.8708882241
Davidson #5: -2099.8708883435
Davidson #6: -2099.8708885196
Davidson #7: -2099.8708889023
Davidson #8: -2099.8708894933
END OF diagonalize sparse hamiltonian [2023.5/2269.7]GB [3077.639/8752.130/125114.833]s
Iteration 4 eps1= 5.00e-06 ndets= 741,265,318 energy= -2099.87088949
END OF #4 << main << eps_var 5.00e-06 << variation [2023.5/2269.7]GB [0.002/8752.131/125114.834]s

BEG OF #5 << main << eps_var 5.00e-06 << variation [2023.5/2269.8]GB [0.015/0.000/125114.849]s
10% 20% 30% 40% 50% 60% 70% 80% 90% 100% 
Number of dets / new dets: 742,887,851 / 1,622,533
END OF get next det list [2023.6/2269.8]GB [491.652/491.652/125606.500]s
END OF update unique ab [2023.6/2269.8]GB [31.748/523.398/125638.247]s
END OF create abm1 [2023.6/2269.8]GB [31.880/555.265/125670.114]s
Outer size of a/b singles: 47,846,909 / 0
Full size of absingles: 691,850,034
END OF create absingles [2023.7/2269.9]GB [33.224/588.474/125703.322]s
10% 20% 30% 40% 50% 60% 70% 80% 90% 100% 
Number of nonzero elems: 319,684,890,591
END OF generate sparse hamiltonian [2025.6/2271.8]GB [3395.957/3984.417/129099.265]s
Davidson #0: -2099.8708894938
Davidson #1: -2099.8709104292
Davidson #2: -2099.8709109859
Davidson #3: -2099.8709111480
Davidson #4: -2099.8709112505
Davidson #5: -2099.8709112838
Davidson #6: -2099.8709113438
Davidson #7: -2099.8709114449
Davidson #8: -2099.8709116319
END OF diagonalize sparse hamiltonian [2025.5/2271.7]GB [3012.548/6996.949/132111.797]s
Iteration 5 eps1= 5.00e-06 ndets= 742,887,851 energy= -2099.87091163
END OF #5 << main << eps_var 5.00e-06 << variation [2025.5/2271.7]GB [0.002/6996.949/132111.798]s

BEG OF #6 << main << eps_var 5.00e-06 << variation [2025.5/2271.8]GB [0.008/0.000/132111.805]s
10% 20% 30% 40% 50% 60% 70% 80% 90% 100% 
Number of dets / new dets: 743,406,992 / 519,141
END OF get next det list [2025.6/2271.8]GB [304.943/304.943/132416.748]s
END OF update unique ab [2025.6/2271.8]GB [17.228/322.170/132433.975]s
END OF create abm1 [2025.6/2271.8]GB [13.817/335.974/132447.779]s
Outer size of a/b singles: 47,865,883 / 0
Full size of absingles: 345,357,132
END OF create absingles [2025.6/2271.8]GB [17.767/353.729/132465.534]s
10% 20% 30% 40% 50% 60% 70% 80% 90% 100% 
Number of nonzero elems: 320,048,797,816
END OF generate sparse hamiltonian [2026.0/2272.2]GB [2553.856/2907.571/135019.376]s
Davidson #0: -2099.8709116329
Davidson #1: -2099.8709180894
Davidson #2: -2099.8709183321
Davidson #3: -2099.8709183847
Davidson #4: -2099.8709184173
Davidson #5: -2099.8709184284
Davidson #6: -2099.8709184435
Davidson #7: -2099.8709184812
Davidson #8: -2099.8709185269
END OF diagonalize sparse hamiltonian [2026.1/2272.3]GB [2951.053/5858.608/137970.413]s
Iteration 6 eps1= 5.00e-06 ndets= 743,406,992 energy= -2099.87091853
END OF #6 << main << eps_var 5.00e-06 << variation [2026.1/2272.3]GB [0.002/5858.609/137970.413]s

BEG OF #7 << main << eps_var 5.00e-06 << variation [2026.1/2272.3]GB [0.003/0.000/137970.416]s
Davidson #0: -2099.8709185261
Davidson #1: -2099.8709185484
Davidson #2: -2099.8709185649
Davidson #3: -2099.8709185725
END OF diagonalize sparse hamiltonian [2026.1/2272.3]GB [1358.705/1358.705/139329.121]s
Iteration 7 eps1= 5.00e-06 ndets= 743,406,992 energy= -2099.87091857
END OF #7 << main << eps_var 5.00e-06 << variation [2026.1/2272.3]GB [0.002/1358.705/139329.121]s
Final iteration 7 eps1= 5.00e-06 ndets= 743,406,992 energy= -2099.87091857
Effect dets (without time sym): 1,486,757,513
----------------------------------------
Excite Lv       # dets         Sum c^2
0                    1      0.00572331
1                  188      0.00006345
2                75105      0.11129220
3              2208218      0.00537292
4             24357405      0.36951525
5             96737456      0.02679217
6            241400914      0.34005977
7            348534626      0.02807108
8            369057640      0.09681651
9            240443220      0.00736968
10           121105151      0.00830015
11            33973034      0.00042666
12             8122600      0.00019238
13              650320      0.00000374
14               91635      0.00000074
----------------------------------------
Orbital                        Sum c^2
0                           1.99536576
1                           1.99534456
2                           1.98604534
3                           1.98604534
4                           1.98600004
5                           1.98600004
6                           1.98576967
7                           1.98562740
8                           1.80072619
9                           1.08480996
10                          1.08148155
11                          1.08148155
12                          1.01336824
13                          1.01336824
14                          0.96563170
15                          0.96563169
16                          0.89683144
17                          0.89683144
18                          0.89251261
19                          0.10545528
20                          0.01404989
21                          0.01404989
22                          0.01131775
23                          0.01131775
24                          0.01258351
25                          0.00963187
26                          0.00963187
27                          0.02081866
28                          0.02081866
29                          0.01858004
30                          0.00851326
31                          0.00851326
32                          0.01637109
33                          0.00357604
34                          0.00357604
35                          0.00356632
36                          0.00356632
37                          0.00355486
38                          0.00355486
39                          0.00349061
40                          0.00349061
41                          0.00359250
42                          0.00359250
43                          0.00365699
44                          0.00343923
45                          0.00343923
46                          0.00342373
47                          0.00874078
48                          0.00530582
49                          0.00625380
Sum orbitals c^2: 28.00000000
----------------------------------------
Most important dets:
Excite Lv         Coef      Det (Reordered orb)
2           0.10060706      |  0  1  2  3  4  5  6  7  8  9 10 11 13 14 |  0  1  2  3  4  5  6  7  8  9 10 11 12 15 |
2           0.09340897      |  0  1  2  3  4  5  6  7  8  9 11 12 13 14 |  0  1  2  3  4  5  6  7  8  9 10 11 12 17 |
2           0.09340897      |  0  1  2  3  4  5  6  7  8  9 10 12 13 15 |  0  1  2  3  4  5  6  7  8  9 10 11 13 16 |
2          -0.09334194      |  0  1  2  3  4  5  6  7  8  9 10 12 13 14 |  0  1  2  3  4  5  6  7  8  9 10 11 12 16 |
2          -0.09334194      |  0  1  2  3  4  5  6  7  8  9 11 12 13 15 |  0  1  2  3  4  5  6  7  8  9 10 11 13 17 |
2          -0.09321771      |  0  1  2  3  4  5  6  7  8 10 11 12 13 14 |  0  1  2  3  4  5  6  7  8  9 10 11 12 18 |
2           0.09321771      |  0  1  2  3  4  5  6  7  8 10 11 12 13 15 |  0  1  2  3  4  5  6  7  8  9 10 11 13 18 |
4          -0.08902519      |  0  1  2  3  4  5  6  7  8  9 11 13 14 15 |  0  1  2  3  4  5  6  7  8  9 10 11 15 17 |
4          -0.08902519      |  0  1  2  3  4  5  6  7  8  9 10 12 14 15 |  0  1  2  3  4  5  6  7  8  9 10 11 14 16 |
4           0.08899152      |  0  1  2  3  4  5  6  7  8  9 11 12 14 15 |  0  1  2  3  4  5  6  7  8  9 10 11 14 17 |
4           0.08899152      |  0  1  2  3  4  5  6  7  8  9 10 13 14 15 |  0  1  2  3  4  5  6  7  8  9 10 11 15 16 |
4           0.08890551      |  0  1  2  3  4  5  6  7  8 10 11 13 14 15 |  0  1  2  3  4  5  6  7  8  9 10 11 15 18 |
4          -0.08890551      |  0  1  2  3  4  5  6  7  8 10 11 12 14 15 |  0  1  2  3  4  5  6  7  8  9 10 11 14 18 |
2           0.08693572      |  0  1  2  3  4  5  6  7  8  9 11 12 13 16 |  0  1  2  3  4  5  6  7  8  9 10 12 13 17 |
2          -0.08646476      |  0  1  2  3  4  5  6  7  8 10 11 12 13 16 |  0  1  2  3  4  5  6  7  8  9 10 12 13 18 |
2           0.08646476      |  0  1  2  3  4  5  6  7  8 10 11 12 13 17 |  0  1  2  3  4  5  6  7  8  9 11 12 13 18 |
4          -0.08362662      |  0  1  2  3  4  5  6  7  8  9 10 13 14 16 |  0  1  2  3  4  5  6  7  8  9 10 12 15 16 |
4          -0.08362662      |  0  1  2  3  4  5  6  7  8  9 11 13 14 17 |  0  1  2  3  4  5  6  7  8  9 11 12 15 17 |
4          -0.08322156      |  0  1  2  3  4  5  6  7  8 10 11 13 14 18 |  0  1  2  3  4  5  6  7  8 10 11 12 15 18 |
4          -0.08291350      |  0  1  2  3  4  5  6  7  8  9 11 12 14 16 |  0  1  2  3  4  5  6  7  8  9 10 12 14 17 |
----------------------------------------
END OF main << eps_var 5.00e-06 << variation [2020.2/2266.4]GB [787.708/139521.727/140116.828]s
Variational results saved to: wf_eps1_5.00e-06.dat
END OF eps_var 5.00e-06 << variation [2018.5/2264.8]GB [64.177/139585.907/140181.004]s
END OF variation [1942.2/2188.4]GB [781.694/140960.766/140962.697]s

BEG OF post variation [1880.9/2127.1]GB [11.974/0.000/140962.698]s
END OF post variation [1880.9/2127.1]GB [0.007/0.007/140962.705]s

BEG OF perturbation [1880.9/2127.1]GB [0.001/0.000/140962.705]s

BEG OF eps_var 1.00e-04 << perturbation [1880.9/2127.1]GB [0.001/0.000/140962.705]s
Total energy: -2099.8667668100 +- 0.0000043408 (loaded from result file)
END OF eps_var 1.00e-04 << perturbation [1880.9/2127.1]GB [0.001/0.001/140962.706]s

BEG OF eps_var 5.00e-05 << perturbation [1880.9/2127.1]GB [0.001/0.000/140962.706]s
Total energy: -2099.8751039872 +- 0.0000034345 (loaded from result file)
END OF eps_var 5.00e-05 << perturbation [1880.9/2127.1]GB [0.001/0.001/140962.707]s

BEG OF eps_var 3.00e-05 << perturbation [1880.9/2127.1]GB [0.001/0.000/140962.707]s
Total energy: -2099.8787615850 +- 0.0000023443 (loaded from result file)
END OF eps_var 3.00e-05 << perturbation [1880.9/2127.1]GB [0.001/0.001/140962.708]s

BEG OF eps_var 2.00e-05 << perturbation [1880.9/2127.1]GB [0.001/0.000/140962.708]s
Total energy: -2099.8816532150 +- 0.0000040547 (loaded from result file)
END OF eps_var 2.00e-05 << perturbation [1880.9/2127.1]GB [0.001/0.001/140962.708]s

BEG OF eps_var 1.00e-05 << perturbation [1880.9/2127.1]GB [0.001/0.000/140962.709]s
Total energy: -2099.8859910656 +- 0.0000086512 (loaded from result file)
END OF eps_var 1.00e-05 << perturbation [1880.9/2127.1]GB [0.001/0.001/140962.709]s

BEG OF eps_var 5.00e-06 << perturbation [1880.9/2127.1]GB [0.001/0.001/140962.710]s
Loaded 743,406,992 dets from: wf_eps1_5.00e-06.dat
Effect dets (without time sym): 1,486,757,513
----------------------------------------
Excite Lv       # dets         Sum c^2
0                    1      0.00572331
1                  188      0.00006345
2                75105      0.11129220
3              2208218      0.00537292
4             24357405      0.36951525
5             96737456      0.02679217
6            241400914      0.34005977
7            348534626      0.02807108
8            369057640      0.09681651
9            240443220      0.00736968
10           121105151      0.00830015
11            33973034      0.00042666
12             8122600      0.00019238
13              650320      0.00000374
14               91635      0.00000074
----------------------------------------
Orbital                        Sum c^2
0                           1.99536576
1                           1.99534456
2                           1.98604534
3                           1.98604534
4                           1.98600004
5                           1.98600004
6                           1.98576967
7                           1.98562740
8                           1.80072619
9                           1.08480996
10                          1.08148155
11                          1.08148155
12                          1.01336824
13                          1.01336824
14                          0.96563170
15                          0.96563169
16                          0.89683144
17                          0.89683144
18                          0.89251261
19                          0.10545528
20                          0.01404989
21                          0.01404989
22                          0.01131775
23                          0.01131775
24                          0.01258351
25                          0.00963187
26                          0.00963187
27                          0.02081866
28                          0.02081866
29                          0.01858004
30                          0.00851326
31                          0.00851326
32                          0.01637109
33                          0.00357604
34                          0.00357604
35                          0.00356632
36                          0.00356632
37                          0.00355486
38                          0.00355486
39                          0.00349061
40                          0.00349061
41                          0.00359250
42                          0.00359250
43                          0.00365699
44                          0.00343923
45                          0.00343923
46                          0.00342373
47                          0.00874078
48                          0.00530582
49                          0.00625380
Sum orbitals c^2: 28.00000000
----------------------------------------
Most important dets:
Excite Lv         Coef      Det (Reordered orb)
2           0.10060706      |  0  1  2  3  4  5  6  7  8  9 10 11 13 14 |  0  1  2  3  4  5  6  7  8  9 10 11 12 15 |
2           0.09340897      |  0  1  2  3  4  5  6  7  8  9 11 12 13 14 |  0  1  2  3  4  5  6  7  8  9 10 11 12 17 |
2           0.09340897      |  0  1  2  3  4  5  6  7  8  9 10 12 13 15 |  0  1  2  3  4  5  6  7  8  9 10 11 13 16 |
2          -0.09334194      |  0  1  2  3  4  5  6  7  8  9 10 12 13 14 |  0  1  2  3  4  5  6  7  8  9 10 11 12 16 |
2          -0.09334194      |  0  1  2  3  4  5  6  7  8  9 11 12 13 15 |  0  1  2  3  4  5  6  7  8  9 10 11 13 17 |
2          -0.09321771      |  0  1  2  3  4  5  6  7  8 10 11 12 13 14 |  0  1  2  3  4  5  6  7  8  9 10 11 12 18 |
2           0.09321771      |  0  1  2  3  4  5  6  7  8 10 11 12 13 15 |  0  1  2  3  4  5  6  7  8  9 10 11 13 18 |
4          -0.08902519      |  0  1  2  3  4  5  6  7  8  9 11 13 14 15 |  0  1  2  3  4  5  6  7  8  9 10 11 15 17 |
4          -0.08902519      |  0  1  2  3  4  5  6  7  8  9 10 12 14 15 |  0  1  2  3  4  5  6  7  8  9 10 11 14 16 |
4           0.08899152      |  0  1  2  3  4  5  6  7  8  9 11 12 14 15 |  0  1  2  3  4  5  6  7  8  9 10 11 14 17 |
4           0.08899152      |  0  1  2  3  4  5  6  7  8  9 10 13 14 15 |  0  1  2  3  4  5  6  7  8  9 10 11 15 16 |
4           0.08890551      |  0  1  2  3  4  5  6  7  8 10 11 13 14 15 |  0  1  2  3  4  5  6  7  8  9 10 11 15 18 |
4          -0.08890551      |  0  1  2  3  4  5  6  7  8 10 11 12 14 15 |  0  1  2  3  4  5  6  7  8  9 10 11 14 18 |
2           0.08693572      |  0  1  2  3  4  5  6  7  8  9 11 12 13 16 |  0  1  2  3  4  5  6  7  8  9 10 12 13 17 |
2          -0.08646476      |  0  1  2  3  4  5  6  7  8 10 11 12 13 16 |  0  1  2  3  4  5  6  7  8  9 10 12 13 18 |
2           0.08646476      |  0  1  2  3  4  5  6  7  8 10 11 12 13 17 |  0  1  2  3  4  5  6  7  8  9 11 12 13 18 |
4          -0.08362662      |  0  1  2  3  4  5  6  7  8  9 10 13 14 16 |  0  1  2  3  4  5  6  7  8  9 10 12 15 16 |
4          -0.08362662      |  0  1  2  3  4  5  6  7  8  9 11 13 14 17 |  0  1  2  3  4  5  6  7  8  9 11 12 15 17 |
4          -0.08322156      |  0  1  2  3  4  5  6  7  8 10 11 13 14 18 |  0  1  2  3  4  5  6  7  8 10 11 12 15 18 |
4          -0.08291350      |  0  1  2  3  4  5  6  7  8  9 11 12 14 16 |  0  1  2  3  4  5  6  7  8  9 10 12 14 17 |
----------------------------------------
HF energy: -2097.7715886704 Ha
Variational energy: -2099.8709185725 Ha
Memory total: 3170.3GB
Helper size: 0.1GB
Bytes per det: 32
Memory var: 154.6GB
Memory PT limit: 3334.2GB

BEG OF dtm 2.00e-06 << eps_var 5.00e-06 << perturbation [273.2/519.4]GB [2759.975/0.000/143722.684]s
Number of dtm batches: 1
END OF determine number of dtm batches [273.1/519.3]GB [26.215/26.215/143748.899]s

BEG OF #1/1 << dtm 2.00e-06 << eps_var 5.00e-06 << perturbation [273.1/519.3]GB [0.002/0.000/143748.899]s
20% 40% 60% 80% 100% 
Number of dtm pt dets: 3,592,565,257
END OF create hc sums [506.2/752.5]GB [8790.263/8790.263/152539.162]s
PT dtm batch correction: -0.0062944568 Ha
PT dtm correction (eps1= 5.00e-06): -0.0062944568 +- 0.0000000000 Ha
PT dtm total energy (eps1= 5.00e-06): -2099.8772130292 +- 0.0000000000 Ha
Correlation energy (eps1= 5.00e-06): -2.1056243588 +- 0.0000000000 Ha
END OF #1/1 << dtm 2.00e-06 << eps_var 5.00e-06 << perturbation [506.2/752.4]GB [436.673/9226.935/152975.834]s
END OF dtm 2.00e-06 << eps_var 5.00e-06 << perturbation [506.2/752.4]GB [0.044/9253.192/152975.876]s

BEG OF psto 1.00e-07 << eps_var 5.00e-06 << perturbation [271.4/517.6]GB [28.436/0.001/153004.311]s
Number of psto batches: 16
END OF determine number of psto batches [277.4/523.7]GB [68.187/68.187/153072.496]s

BEG OF #1/16 << psto 1.00e-07 << eps_var 5.00e-06 << perturbation [277.4/523.7]GB [0.035/0.002/153072.530]s
20% 40% 60% 80% 100% 
Number of psto pt dets: 18,842,153,935
END OF create hc sums [2111.7/2357.9]GB [11576.457/11576.457/164648.986]s
PT psto batch correction: -0.0007066969 Ha
PT psto correction (eps1= 5.00e-06): -0.0113071511 +- 0.0000005971 Ha
PT psto total energy (eps1= 5.00e-06): -2099.8885201804 +- 0.0000005971 Ha
Correlation energy (eps1= 5.00e-06): -2.1169315100 +- 0.0000005971 Ha
END OF #1/16 << psto 1.00e-07 << eps_var 5.00e-06 << perturbation [2111.6/2357.8]GB [2769.390/14345.844/167418.373]s
END OF psto 1.00e-07 << eps_var 5.00e-06 << perturbation [2111.6/2357.8]GB [0.002/14414.064/167418.373]s

BEG OF sto 5.00e-12 << eps_var 5.00e-06 << perturbation [286.3/532.5]GB [227.837/0.001/167646.210]s
Number of samples chosen: 3,045,931
END OF determine n samples [282.8/529.0]GB [19.168/19.168/167665.376]s

BEG OF #1 << sto 5.00e-12 << eps_var 5.00e-06 << perturbation [282.8/529.0]GB [0.309/0.000/167665.377]s
Number of unique variational determinants in sample: 2,962,810
Batch id: 23 / 64
20% 40% 60% 80% 100% 
Number of sto pt dets: 3,777,113,941
END OF create hc sums [588.2/834.4]GB [1143.461/1143.461/168808.837]s
PT sto loop correction: -0.0010062218 Ha
PT sto correction (eps1= 5.00e-06): -0.0010062218 +- -nan Ha
PT sto total energy (eps1= 5.00e-06): -2099.8895264022 +- -nan Ha
Correlation energy (eps1= 5.00e-06): -2.1179377318 +- -nan Ha
END OF #1 << sto 5.00e-12 << eps_var 5.00e-06 << perturbation [588.2/834.4]GB [646.581/1789.855/169455.231]s

BEG OF #2 << sto 5.00e-12 << eps_var 5.00e-06 << perturbation [588.2/834.4]GB [0.001/0.000/169455.232]s
Number of unique variational determinants in sample: 2,962,424
Batch id: 28 / 64
20% 40% 60% 80% 100% 
Number of sto pt dets: 3,776,603,616
END OF create hc sums [595.1/841.3]GB [1025.067/1025.067/170480.298]s
PT sto loop correction: -0.0009315641 Ha
PT sto correction (eps1= 5.00e-06): -0.0009688929 +- 0.0000373288 Ha
PT sto total energy (eps1= 5.00e-06): -2099.8894890733 +- 0.0000373336 Ha
Correlation energy (eps1= 5.00e-06): -2.1179004029 +- 0.0000373336 Ha
END OF #2 << sto 5.00e-12 << eps_var 5.00e-06 << perturbation [595.1/841.3]GB [602.854/1627.734/171082.966]s

BEG OF #3 << sto 5.00e-12 << eps_var 5.00e-06 << perturbation [595.1/841.3]GB [0.002/0.001/171082.966]s
Number of unique variational determinants in sample: 2,962,690
Batch id: 9 / 64
20% 40% 60% 80% 100% 
Number of sto pt dets: 3,776,973,965
END OF create hc sums [598.7/844.9]GB [1025.401/1025.401/172108.366]s
PT sto loop correction: -0.0009498431 Ha
PT sto correction (eps1= 5.00e-06): -0.0009625430 +- 0.0000224678 Ha
PT sto total energy (eps1= 5.00e-06): -2099.8894827234 +- 0.0000224758 Ha
Correlation energy (eps1= 5.00e-06): -2.1178940530 +- 0.0000224758 Ha
END OF #3 << sto 5.00e-12 << eps_var 5.00e-06 << perturbation [598.7/844.9]GB [552.089/1577.306/172660.272]s

BEG OF #4 << sto 5.00e-12 << eps_var 5.00e-06 << perturbation [598.7/844.9]GB [0.002/0.001/172660.273]s
Number of unique variational determinants in sample: 2,962,364
Batch id: 55 / 64
20% 40% 60% 80% 100% 
Number of sto pt dets: 3,776,382,563
END OF create hc sums [604.1/850.3]GB [1000.353/1000.353/173660.625]s
PT sto loop correction: -0.0009773630 Ha
PT sto correction (eps1= 5.00e-06): -0.0009662480 +- 0.0000163134 Ha
PT sto total energy (eps1= 5.00e-06): -2099.8894864284 +- 0.0000163244 Ha
Correlation energy (eps1= 5.00e-06): -2.1178977580 +- 0.0000163244 Ha
END OF #4 << sto 5.00e-12 << eps_var 5.00e-06 << perturbation [604.1/850.3]GB [627.872/1628.047/174288.319]s

BEG OF #5 << sto 5.00e-12 << eps_var 5.00e-06 << perturbation [604.1/850.3]GB [0.002/0.001/174288.320]s
Number of unique variational determinants in sample: 2,962,935
Batch id: 54 / 64
20% 40% 60% 80% 100% 
Number of sto pt dets: 3,777,145,347
END OF create hc sums [607.7/853.9]GB [1001.182/1001.182/175289.501]s
PT sto loop correction: -0.0010973768 Ha
PT sto correction (eps1= 5.00e-06): -0.0009924738 +- 0.0000291113 Ha
PT sto total energy (eps1= 5.00e-06): -2099.8895126541 +- 0.0000291174 Ha
Correlation energy (eps1= 5.00e-06): -2.1179239837 +- 0.0000291174 Ha
END OF #5 << sto 5.00e-12 << eps_var 5.00e-06 << perturbation [607.6/853.8]GB [623.614/1624.613/175912.932]s

BEG OF #6 << sto 5.00e-12 << eps_var 5.00e-06 << perturbation [607.6/853.8]GB [0.002/0.001/175912.933]s
Number of unique variational determinants in sample: 2,962,984
Batch id: 47 / 64
20% 40% 60% 80% 100% 
Number of sto pt dets: 3,777,894,051
END OF create hc sums [612.5/858.7]GB [1020.409/1020.409/176933.342]s
PT sto loop correction: -0.0010389164 Ha
PT sto correction (eps1= 5.00e-06): -0.0010002142 +- 0.0000249979 Ha
PT sto total energy (eps1= 5.00e-06): -2099.8895203946 +- 0.0000250050 Ha
Correlation energy (eps1= 5.00e-06): -2.1179317242 +- 0.0000250050 Ha
END OF #6 << sto 5.00e-12 << eps_var 5.00e-06 << perturbation [612.6/858.8]GB [631.213/1651.370/177564.302]s

BEG OF #7 << sto 5.00e-12 << eps_var 5.00e-06 << perturbation [612.6/858.8]GB [0.002/0.001/177564.303]s
Number of unique variational determinants in sample: 2,962,360
Batch id: 13 / 64
20% 40% 60% 80% 100% 
Number of sto pt dets: 3,776,530,773
END OF create hc sums [617.9/864.1]GB [1013.216/1013.216/178577.518]s
PT sto loop correction: -0.0009985505 Ha
PT sto correction (eps1= 5.00e-06): -0.0009999765 +- 0.0000211284 Ha
PT sto total energy (eps1= 5.00e-06): -2099.8895201569 +- 0.0000211368 Ha
Correlation energy (eps1= 5.00e-06): -2.1179314865 +- 0.0000211368 Ha
END OF #7 << sto 5.00e-12 << eps_var 5.00e-06 << perturbation [617.9/864.1]GB [547.047/1560.039/179124.341]s
END OF sto 5.00e-12 << eps_var 5.00e-06 << perturbation [617.9/864.1]GB [0.022/11478.152/179124.361]s
Total energy: -2099.8895201569 +- 0.0000211368 Ha
END OF eps_var 5.00e-06 << perturbation [259.2/505.4]GB [44.945/38206.596/179169.305]s
END OF perturbation [259.2/505.4]GB [0.002/38206.601/179169.305]s
