l037
80
Semistochastic Heat-bath Configuration Interation (SHCI)

Start time: Fri Jun 14 13:05:35 2019
Infrastructure: 1 nodes * 80 threads
Configuration:
{
  "chem": {
    "irrep_occs_dn": [
      4,
      2,
      1,
      2,
      1,
      2,
      1,
      0,
      1,
      0
    ],
    "irrep_occs_up": [
      4,
      2,
      1,
      2,
      1,
      2,
      1,
      0,
      1,
      0
    ],
    "irreps": [
      1,
      2,
      3,
      4,
      5,
      6,
      7,
      8,
      9,
      10
    ],
    "point_group": "dih"
  },
  "eps_pt": 1e-20,
  "eps_vars": [
    0.0002,
    0.0001,
    5e-05,
    3e-05,
    2e-05,
    1e-05,
    5e-06
  ],
  "eps_vars_schedule": [
    0.005,
    0.005,
    0.005,
    0.005,
    0.005,
    0.003,
    0.003,
    0.003,
    0.003,
    0.003,
    0.002,
    0.002,
    0.002,
    0.002,
    0.002,
    0.001,
    0.001,
    0.001,
    0.001,
    0.001,
    0.001,
    0.001,
    0.0005,
    0.0005,
    0.0005,
    0.0005,
    0.0005,
    0.0005,
    0.0005,
    0.0003,
    0.0003,
    0.0003,
    0.0003,
    0.0003,
    0.0002,
    0.0002,
    0.0002,
    0.0002,
    0.0002
  ],
  "n_dn": 14,
  "n_up": 14,
  "skip_var": true,
  "system": "chem",
  "target_error": 2e-05,
  "time_sym": true
}
Timing format: [DIFF/SECTION/TOTAL]

BEG OF setup [0.0/25.3]GB [0.001/0.001/0.001]s

BEG OF load integrals << setup [0.0/25.3]GB [0.004/0.001/0.004]s
n_orbs: 76
n_elecs (from FCIDUMP): 28
orb_sym: 1 2 1 6 4 3 5 2 1 6 4 7 9 1 2 10 8 2 3 5 6 4 1 3 5 2 1 1 6 4 2 7 9 3 5 6 4 10 8 2 1 3 5 2 1 6 4 3 5 2 6 4 1 7 9 10 8 3 5 1 2 2 6 4 7 9 1 14 12 11 13 10 8 3 5 2 
END OF load fcidump [0.1/25.4]GB [1.757/1.757/1.760]s
HF det up: 0 1 2 3 4 5 6 7 8 9 10 11 12 13 
HF det dn: 0 1 2 3 4 5 6 7 8 9 10 11 12 13 
Reorder skipped.
Orbitals energy:
#  0: E =  -3.373794598024, sym =  1, origin #  0
#  1: E =  -3.372554824583, sym =  2, origin #  1
#  2: E =  -2.096062676944, sym =  1, origin #  2
#  3: E =  -2.093238934018, sym =  6, origin #  3
#  4: E =  -2.093238934018, sym =  4, origin #  4
#  5: E =  -2.087136783170, sym =  3, origin #  5
#  6: E =  -2.087136783160, sym =  5, origin #  6
#  7: E =  -2.082824297753, sym =  2, origin #  7
#  8: E =  -0.195867664345, sym =  1, origin #  8
#  9: E =  -0.085896946114, sym =  6, origin #  9
# 10: E =  -0.085896946114, sym =  4, origin # 10
# 11: E =  -0.064321877162, sym =  7, origin # 11
# 12: E =  -0.064321877162, sym =  9, origin # 12
# 13: E =  -0.092579125553, sym =  1, origin # 13
# 14: E =   0.154759736473, sym =  2, origin # 14
# 15: E =   0.131789180843, sym = 10, origin # 15
# 16: E =   0.131789180843, sym =  8, origin # 16
# 17: E =   0.227630335762, sym =  2, origin # 17
# 18: E =   0.158122939207, sym =  3, origin # 18
# 19: E =   0.158122939207, sym =  5, origin # 19
# 20: E =   0.982955425894, sym =  6, origin # 20
# 21: E =   0.982955425893, sym =  4, origin # 21
# 22: E =   0.669736819910, sym =  1, origin # 22
# 23: E =   1.304619055736, sym =  3, origin # 23
# 24: E =   1.304619055736, sym =  5, origin # 24
# 25: E =   1.331470057849, sym =  2, origin # 25
# 26: E =   0.700944222165, sym =  1, origin # 26
# 27: E =   2.406697249079, sym =  1, origin # 27
# 28: E =   0.305544705427, sym =  6, origin # 28
# 29: E =   0.305544705427, sym =  4, origin # 29
# 30: E =   0.757263858258, sym =  2, origin # 30
# 31: E =   0.999169652211, sym =  7, origin # 31
# 32: E =   0.999169652211, sym =  9, origin # 32
# 33: E =   2.614689256856, sym =  3, origin # 33
# 34: E =   2.614689256856, sym =  5, origin # 34
# 35: E =   2.405563002007, sym =  6, origin # 35
# 36: E =   2.405563002007, sym =  4, origin # 36
# 37: E =   1.142447438745, sym = 10, origin # 37
# 38: E =   1.142447438745, sym =  8, origin # 38
# 39: E =   2.719077987128, sym =  2, origin # 39
# 40: E =   1.453392634785, sym =  1, origin # 40
# 41: E =   0.505788013127, sym =  3, origin # 41
# 42: E =   0.505788013127, sym =  5, origin # 42
# 43: E =   1.695655033927, sym =  2, origin # 43
# 44: E =   0.676381304488, sym =  1, origin # 44
# 45: E =   0.417434598541, sym =  6, origin # 45
# 46: E =   0.417434598541, sym =  4, origin # 46
# 47: E =   0.541672509270, sym =  3, origin # 47
# 48: E =   0.541672509270, sym =  5, origin # 48
# 49: E =   0.953694610417, sym =  2, origin # 49
# 50: E =   0.753134232310, sym =  6, origin # 50
# 51: E =   0.753134232310, sym =  4, origin # 51
# 52: E =   0.386136483121, sym =  1, origin # 52
# 53: E =   2.462946078379, sym =  7, origin # 53
# 54: E =   2.462946078378, sym =  9, origin # 54
# 55: E =   2.520629341599, sym = 10, origin # 55
# 56: E =   2.520629341599, sym =  8, origin # 56
# 57: E =   0.331530834928, sym =  3, origin # 57
# 58: E =   0.331530834928, sym =  5, origin # 58
# 59: E =   0.484003084887, sym =  1, origin # 59
# 60: E =   0.840668030455, sym =  2, origin # 60
# 61: E =   0.628300950066, sym =  2, origin # 61
# 62: E =   0.355849631577, sym =  6, origin # 62
# 63: E =   0.355849631577, sym =  4, origin # 63
# 64: E =   0.720933231465, sym =  7, origin # 64
# 65: E =   0.720933231464, sym =  9, origin # 65
# 66: E =   0.485510658924, sym =  1, origin # 66
# 67: E =   2.483965942193, sym = 14, origin # 67
# 68: E =   2.483965942193, sym = 12, origin # 68
# 69: E =   2.493408413849, sym = 11, origin # 69
# 70: E =   2.493408413849, sym = 13, origin # 70
# 71: E =   0.672707250651, sym = 10, origin # 71
# 72: E =   0.672707250651, sym =  8, origin # 72
# 73: E =   0.602915843295, sym =  3, origin # 73
# 74: E =   0.602915843295, sym =  5, origin # 74
# 75: E =   0.133298943199, sym =  2, origin # 75
HF det up: 0 1 2 3 4 5 6 7 8 9 10 11 12 13 
HF det dn: 0 1 2 3 4 5 6 7 8 9 10 11 12 13 
END OF reorder orbitals [0.1/25.4]GB [0.055/1.811/1.815]s
FCIDUMP cache saved to: integrals_cache.dat
END OF load integrals << setup [0.1/25.4]GB [0.149/1.960/1.963]s

BEG OF setup hci queue << setup [0.1/25.4]GB [0.001/0.000/1.964]s
Max hci queue elem: 0.4039654284 Ha
Number of entries in hci queue: 1,784,956
END OF setup hci queue << setup [0.1/25.4]GB [0.085/0.085/2.048]s
HF energy: -2097.8716695608 Ha
END OF setup [0.1/25.4]GB [0.003/2.051/2.051]s

BEG OF post variation [0.1/25.4]GB [0.001/0.000/2.051]s
END OF post variation [0.1/25.4]GB [0.001/0.001/2.052]s

BEG OF perturbation [0.1/25.4]GB [0.001/0.000/2.052]s

BEG OF eps_var 2.00e-04 << perturbation [0.1/25.4]GB [0.001/0.000/2.052]s
Loaded 1,622,381 dets from: wf_eps1_2.00e-04.dat
Effect dets (without time sym): 3,241,275
----------------------------------------
Excite Lv       # dets         Sum c^2
0                    1      0.00802075
1                  104      0.00000971
2                18465      0.14130825
3                60814      0.00403257
4               357348      0.41496783
5               397338      0.01915892
6              1004251      0.32080453
7               473868      0.01689654
8               683894      0.06825142
9               122842      0.00318084
10              114520      0.00325594
11                4816      0.00008199
12                3014      0.00003071
----------------------------------------
Orbital                        Sum c^2
0                           1.99606835
1                           1.99610601
2                           1.98893047
3                           1.98907384
4                           1.98907384
5                           1.98900442
6                           1.98900442
7                           1.98865302
8                           1.96324187
9                           1.11821558
10                          1.11821558
11                          1.02600010
12                          1.02600010
13                          1.12045083
14                          0.86716445
15                          0.96197803
16                          0.96197803
17                          0.01788206
18                          0.86967127
19                          0.86967127
20                          0.00933692
21                          0.00933692
22                          0.01054224
23                          0.00566409
24                          0.00566409
25                          0.00520608
26                          0.00518007
27                          0.00297990
28                          0.00747063
29                          0.00747063
30                          0.00354252
31                          0.00763992
32                          0.00763992
33                          0.00273963
34                          0.00273963
35                          0.00296041
36                          0.00296041
37                          0.00651043
38                          0.00651043
39                          0.00272670
40                          0.00292735
41                          0.00363879
42                          0.00363879
43                          0.00178851
44                          0.00015116
45                          0.00065999
46                          0.00065999
47                          0.00001118
48                          0.00001118
49                          0.00001119
Sum orbitals c^2: 28.00000000
----------------------------------------
Most important dets:
Excite Lv         Coef      Det (Reordered orb)
2           0.11827805      |  0  1  2  3  4  5  6  7  8  9 10 12 13 15 |  0  1  2  3  4  5  6  7  8  9 10 11 13 16 |
2           0.10715635      |  0  1  2  3  4  5  6  7  8 10 11 12 13 15 |  0  1  2  3  4  5  6  7  8  9 10 11 13 19 |
2           0.10715635      |  0  1  2  3  4  5  6  7  8  9 11 12 13 16 |  0  1  2  3  4  5  6  7  8  9 10 12 13 18 |
2          -0.10700782      |  0  1  2  3  4  5  6  7  8  9 10 11 13 14 |  0  1  2  3  4  5  6  7  8  9 10 11 12 15 |
2           0.10700782      |  0  1  2  3  4  5  6  7  8  9 10 12 13 14 |  0  1  2  3  4  5  6  7  8  9 10 11 12 16 |
2          -0.10698177      |  0  1  2  3  4  5  6  7  8 10 11 12 13 16 |  0  1  2  3  4  5  6  7  8  9 10 12 13 19 |
2          -0.10698177      |  0  1  2  3  4  5  6  7  8  9 11 12 13 15 |  0  1  2  3  4  5  6  7  8  9 10 11 13 18 |
4          -0.10083085      |  0  1  2  3  4  5  6  7  8 10 12 13 15 16 |  0  1  2  3  4  5  6  7  8  9 10 13 16 19 |
4          -0.10083085      |  0  1  2  3  4  5  6  7  8  9 11 13 15 16 |  0  1  2  3  4  5  6  7  8  9 10 13 15 18 |
4           0.10080549      |  0  1  2  3  4  5  6  7  8  9 10 13 14 16 |  0  1  2  3  4  5  6  7  8  9 10 12 15 16 |
4          -0.10080549      |  0  1  2  3  4  5  6  7  8  9 10 13 14 15 |  0  1  2  3  4  5  6  7  8  9 10 11 15 16 |
4           0.10073501      |  0  1  2  3  4  5  6  7  8  9 12 13 15 16 |  0  1  2  3  4  5  6  7  8  9 10 13 16 18 |
4           0.10073501      |  0  1  2  3  4  5  6  7  8 10 11 13 15 16 |  0  1  2  3  4  5  6  7  8  9 10 13 15 19 |
2           0.09733381      |  0  1  2  3  4  5  6  7  8 10 11 12 13 18 |  0  1  2  3  4  5  6  7  8  9 11 12 13 19 |
2           0.09653539      |  0  1  2  3  4  5  6  7  8 10 11 12 13 14 |  0  1  2  3  4  5  6  7  8  9 10 11 12 19 |
2          -0.09653539      |  0  1  2  3  4  5  6  7  8  9 11 12 13 14 |  0  1  2  3  4  5  6  7  8  9 10 11 12 18 |
4          -0.09361501      |  0  1  2  3  4  5  6  7  8 10 12 13 15 19 |  0  1  2  3  4  5  6  7  8 10 11 13 16 19 |
4          -0.09361501      |  0  1  2  3  4  5  6  7  8  9 12 13 15 18 |  0  1  2  3  4  5  6  7  8  9 11 13 16 18 |
4          -0.09333788      |  0  1  2  3  4  5  6  7  8  9 10 12 14 15 |  0  1  2  3  4  5  6  7  8  9 10 11 14 16 |
4          -0.09162578      |  0  1  2  3  4  5  6  7  8 10 11 13 15 18 |  0  1  2  3  4  5  6  7  8  9 11 13 15 19 |
----------------------------------------
HF energy: -2097.8716695608 Ha
Variational energy: -2099.7935219065 Ha
Memory total: 3170.3GB
Helper size: 0.1GB
Bytes per det: 32
Memory var: 0.3GB
Memory PT limit: 2218.8GB

BEG OF dtm 2.00e-06 << eps_var 2.00e-04 << perturbation [1.2/26.5]GB [2.516/0.000/4.568]s
Number of dtm batches: 1
END OF determine number of dtm batches [1.2/26.5]GB [0.500/0.500/5.067]s

BEG OF #1/1 << dtm 2.00e-06 << eps_var 2.00e-04 << perturbation [1.2/26.5]GB [0.012/0.000/5.079]s
20% 40% 60% 80% 100% 
Number of dtm pt dets: 3,640,816,257
END OF create hc sums [671.1/696.4]GB [384.143/384.143/389.222]s
PT dtm batch correction: -0.0706629825 Ha
PT dtm correction (eps1= 2.00e-04): -0.0706629825 +- 0.0000000000 Ha
PT dtm total energy (eps1= 2.00e-04): -2099.8641848890 +- 0.0000000000 Ha
Correlation energy (eps1= 2.00e-04): -1.9925153282 +- 0.0000000000 Ha
END OF #1/1 << dtm 2.00e-06 << eps_var 2.00e-04 << perturbation [671.2/696.5]GB [568.143/952.285/957.363]s
END OF dtm 2.00e-06 << eps_var 2.00e-04 << perturbation [671.2/696.5]GB [0.004/952.799/957.366]s

BEG OF psto 1.00e-07 << eps_var 2.00e-04 << perturbation [655.4/680.7]GB [0.122/0.001/957.488]s
Number of psto batches: 16
END OF determine number of psto batches [656.2/681.5]GB [3.341/3.341/960.828]s

BEG OF #1/16 << psto 1.00e-07 << eps_var 2.00e-04 << perturbation [656.2/681.5]GB [0.011/0.001/960.838]s
20% 40% 60% 80% 100% 
Number of psto pt dets: 2,628,596,909
END OF create hc sums [675.8/701.1]GB [230.441/230.441/1191.278]s
PT psto batch correction: -0.0002437174 Ha
PT psto correction (eps1= 2.00e-04): -0.0038994783 +- 0.0000054379 Ha
PT psto total energy (eps1= 2.00e-04): -2099.8680843673 +- 0.0000054379 Ha
Correlation energy (eps1= 2.00e-04): -1.9964148066 +- 0.0000054379 Ha
END OF #1/16 << psto 1.00e-07 << eps_var 2.00e-04 << perturbation [675.1/700.4]GB [391.992/622.432/1583.269]s
END OF psto 1.00e-07 << eps_var 2.00e-04 << perturbation [675.1/700.4]GB [0.002/625.782/1583.270]s

BEG OF sto 1.00e-20 << eps_var 2.00e-04 << perturbation [669.4/694.7]GB [0.154/0.001/1583.424]s
Number of samples chosen: 495,971
END OF determine n samples [669.6/694.9]GB [0.802/0.802/1584.224]s

BEG OF #1 << sto 1.00e-20 << eps_var 2.00e-04 << perturbation [669.6/694.9]GB [0.001/0.000/1584.225]s
Number of unique variational determinants in sample: 404,796
Batch id: 58 / 64
20% 40% 60% 80% 100% 
Number of sto pt dets: 466,940,064
END OF create hc sums [676.3/701.6]GB [46.181/46.181/1630.406]s
PT sto loop correction: -0.0000084792 Ha
PT sto correction (eps1= 2.00e-04): -0.0000084792 +- -nan Ha
PT sto total energy (eps1= 2.00e-04): -2099.8680928465 +- -nan Ha
Correlation energy (eps1= 2.00e-04): -1.9964232857 +- -nan Ha
END OF #1 << sto 1.00e-20 << eps_var 2.00e-04 << perturbation [676.3/701.6]GB [70.584/116.764/1700.989]s

BEG OF #2 << sto 1.00e-20 << eps_var 2.00e-04 << perturbation [676.3/701.6]GB [0.001/0.000/1700.989]s
Number of unique variational determinants in sample: 404,718
Batch id: 47 / 64
20% 40% 60% 80% 100% 
Number of sto pt dets: 466,826,014
END OF create hc sums [676.3/701.6]GB [31.748/31.748/1732.737]s
PT sto loop correction: -0.0000041885 Ha
PT sto correction (eps1= 2.00e-04): -0.0000063338 +- 0.0000021454 Ha
PT sto total energy (eps1= 2.00e-04): -2099.8680907011 +- 0.0000058458 Ha
Correlation energy (eps1= 2.00e-04): -1.9964211404 +- 0.0000058458 Ha
END OF #2 << sto 1.00e-20 << eps_var 2.00e-04 << perturbation [676.3/701.6]GB [70.389/102.136/1803.125]s

BEG OF #3 << sto 1.00e-20 << eps_var 2.00e-04 << perturbation [676.3/701.6]GB [0.001/0.000/1803.125]s
Number of unique variational determinants in sample: 404,905
Batch id: 7 / 64
20% 40% 60% 80% 100% 
Number of sto pt dets: 466,891,627
END OF create hc sums [676.3/701.6]GB [31.368/31.368/1834.493]s
PT sto loop correction: -0.0000062123 Ha
PT sto correction (eps1= 2.00e-04): -0.0000062933 +- 0.0000012393 Ha
PT sto total energy (eps1= 2.00e-04): -2099.8680906606 +- 0.0000055773 Ha
Correlation energy (eps1= 2.00e-04): -1.9964210999 +- 0.0000055773 Ha
END OF #3 << sto 1.00e-20 << eps_var 2.00e-04 << perturbation [676.3/701.6]GB [70.224/101.591/1904.716]s

BEG OF #4 << sto 1.00e-20 << eps_var 2.00e-04 << perturbation [676.3/701.6]GB [0.001/0.000/1904.717]s
Number of unique variational determinants in sample: 404,987
Batch id: 3 / 64
20% 40% 60% 80% 100% 
Number of sto pt dets: 467,171,686
END OF create hc sums [676.3/701.6]GB [30.851/30.851/1935.567]s
PT sto loop correction: -0.0000038975 Ha
PT sto correction (eps1= 2.00e-04): -0.0000056944 +- 0.0000010614 Ha
PT sto total energy (eps1= 2.00e-04): -2099.8680900617 +- 0.0000055405 Ha
Correlation energy (eps1= 2.00e-04): -1.9964205009 +- 0.0000055405 Ha
END OF #4 << sto 1.00e-20 << eps_var 2.00e-04 << perturbation [676.3/701.6]GB [70.614/101.463/2006.180]s

BEG OF #5 << sto 1.00e-20 << eps_var 2.00e-04 << perturbation [676.3/701.6]GB [0.001/0.000/2006.180]s
Number of unique variational determinants in sample: 404,906
Batch id: 41 / 64
20% 40% 60% 80% 100% 
Number of sto pt dets: 466,834,702
END OF create hc sums [676.3/701.6]GB [31.305/31.305/2037.485]s
PT sto loop correction: -0.0000021901 Ha
PT sto correction (eps1= 2.00e-04): -0.0000049935 +- 0.0000010804 Ha
PT sto total energy (eps1= 2.00e-04): -2099.8680893608 +- 0.0000055442 Ha
Correlation energy (eps1= 2.00e-04): -1.9964198001 +- 0.0000055442 Ha
END OF #5 << sto 1.00e-20 << eps_var 2.00e-04 << perturbation [676.3/701.6]GB [70.154/101.458/2107.638]s

BEG OF #6 << sto 1.00e-20 << eps_var 2.00e-04 << perturbation [676.3/701.6]GB [0.001/0.000/2107.639]s
Number of unique variational determinants in sample: 405,380
Batch id: 13 / 64
20% 40% 60% 80% 100% 
Number of sto pt dets: 467,289,165
END OF create hc sums [676.3/701.6]GB [30.805/30.805/2138.443]s
PT sto loop correction: -0.0000084939 Ha
PT sto correction (eps1= 2.00e-04): -0.0000055769 +- 0.0000010576 Ha
PT sto total energy (eps1= 2.00e-04): -2099.8680899442 +- 0.0000055398 Ha
Correlation energy (eps1= 2.00e-04): -1.9964203835 +- 0.0000055398 Ha
END OF #6 << sto 1.00e-20 << eps_var 2.00e-04 << perturbation [676.3/701.6]GB [70.634/101.439/2209.077]s
END OF sto 1.00e-20 << eps_var 2.00e-04 << perturbation [676.3/701.6]GB [0.014/625.667/2209.090]s
Total energy: -2099.8680899442 +- 0.0000055398 Ha
END OF eps_var 2.00e-04 << perturbation [676.2/701.5]GB [0.110/2207.147/2209.200]s

BEG OF eps_var 1.00e-04 << perturbation [676.2/701.5]GB [0.001/0.000/2209.200]s
Loaded 4,068,199 dets from: wf_eps1_1.00e-04.dat
Effect dets (without time sym): 8,130,824
----------------------------------------
Excite Lv       # dets         Sum c^2
0                    1      0.00758991
1                  134      0.00001182
2                27428      0.13526928
3               109078      0.00395142
4               672344      0.40588567
5               911996      0.01901218
6              2269993      0.32694829
7              1291292      0.01743594
8              1876227      0.07566101
9               470096      0.00360338
10              435193      0.00444133
11               43676      0.00012902
12               22524      0.00006018
13                 686      0.00000053
14                 156      0.00000005
----------------------------------------
Orbital                        Sum c^2
0                           1.99604432
1                           1.99608251
2                           1.98872152
3                           1.98890474
4                           1.98890474
5                           1.98884251
6                           1.98884251
7                           1.98844204
8                           1.90486325
9                           1.11635482
10                          1.11635482
11                          1.02530311
12                          1.02530311
13                          1.11800573
14                          0.86961289
15                          0.96233561
16                          0.96233561
17                          0.07203469
18                          0.87121193
19                          0.87121193
20                          0.00956267
21                          0.00956267
22                          0.01094206
23                          0.00577384
24                          0.00577384
25                          0.00536935
26                          0.00530029
27                          0.00301325
28                          0.00803168
29                          0.00803168
30                          0.00456151
31                          0.00785577
32                          0.00785577
33                          0.00277119
34                          0.00277119
35                          0.00298966
36                          0.00298966
37                          0.00666248
38                          0.00666248
39                          0.00276267
40                          0.00322582
41                          0.00366022
42                          0.00366022
43                          0.00202411
44                          0.00019942
45                          0.00082614
46                          0.00082614
47                          0.00004758
48                          0.00004758
49                          0.00004840
Sum orbitals c^2: 28.00000000
----------------------------------------
Most important dets:
Excite Lv         Coef      Det (Reordered orb)
2           0.11509495      |  0  1  2  3  4  5  6  7  8  9 10 12 13 15 |  0  1  2  3  4  5  6  7  8  9 10 11 13 16 |
2           0.10412705      |  0  1  2  3  4  5  6  7  8  9 11 12 13 16 |  0  1  2  3  4  5  6  7  8  9 10 12 13 18 |
2           0.10412705      |  0  1  2  3  4  5  6  7  8 10 11 12 13 15 |  0  1  2  3  4  5  6  7  8  9 10 11 13 19 |
2           0.10409689      |  0  1  2  3  4  5  6  7  8  9 10 12 13 14 |  0  1  2  3  4  5  6  7  8  9 10 11 12 16 |
2          -0.10409689      |  0  1  2  3  4  5  6  7  8  9 10 11 13 14 |  0  1  2  3  4  5  6  7  8  9 10 11 12 15 |
2          -0.10397684      |  0  1  2  3  4  5  6  7  8 10 11 12 13 16 |  0  1  2  3  4  5  6  7  8  9 10 12 13 19 |
2          -0.10397684      |  0  1  2  3  4  5  6  7  8  9 11 12 13 15 |  0  1  2  3  4  5  6  7  8  9 10 11 13 18 |
4           0.09804833      |  0  1  2  3  4  5  6  7  8  9 10 13 14 16 |  0  1  2  3  4  5  6  7  8  9 10 12 15 16 |
4          -0.09804833      |  0  1  2  3  4  5  6  7  8  9 10 13 14 15 |  0  1  2  3  4  5  6  7  8  9 10 11 15 16 |
4          -0.09796239      |  0  1  2  3  4  5  6  7  8 10 12 13 15 16 |  0  1  2  3  4  5  6  7  8  9 10 13 16 19 |
4          -0.09796239      |  0  1  2  3  4  5  6  7  8  9 11 13 15 16 |  0  1  2  3  4  5  6  7  8  9 10 13 15 18 |
4           0.09788209      |  0  1  2  3  4  5  6  7  8 10 11 13 15 16 |  0  1  2  3  4  5  6  7  8  9 10 13 15 19 |
4           0.09788209      |  0  1  2  3  4  5  6  7  8  9 12 13 15 16 |  0  1  2  3  4  5  6  7  8  9 10 13 16 18 |
2           0.09462776      |  0  1  2  3  4  5  6  7  8 10 11 12 13 18 |  0  1  2  3  4  5  6  7  8  9 11 12 13 19 |
2           0.09401655      |  0  1  2  3  4  5  6  7  8 10 11 12 13 14 |  0  1  2  3  4  5  6  7  8  9 10 11 12 19 |
2          -0.09401655      |  0  1  2  3  4  5  6  7  8  9 11 12 13 14 |  0  1  2  3  4  5  6  7  8  9 10 11 12 18 |
4          -0.09082951      |  0  1  2  3  4  5  6  7  8 10 12 13 15 19 |  0  1  2  3  4  5  6  7  8 10 11 13 16 19 |
4          -0.09082951      |  0  1  2  3  4  5  6  7  8  9 12 13 15 18 |  0  1  2  3  4  5  6  7  8  9 11 13 16 18 |
4          -0.09070863      |  0  1  2  3  4  5  6  7  8  9 10 12 14 15 |  0  1  2  3  4  5  6  7  8  9 10 11 14 16 |
4          -0.08912178      |  0  1  2  3  4  5  6  7  8 10 12 13 16 18 |  0  1  2  3  4  5  6  7  8  9 12 13 16 19 |
----------------------------------------
HF energy: -2097.8716695608 Ha
Variational energy: -2099.8100685931 Ha
Memory total: 3170.3GB
Helper size: 0.1GB
Bytes per det: 32
Memory var: 0.8GB
Memory PT limit: 2218.3GB

BEG OF dtm 2.00e-06 << eps_var 1.00e-04 << perturbation [676.4/701.7]GB [5.891/0.000/2215.091]s
Number of dtm batches: 1
END OF determine number of dtm batches [676.4/701.7]GB [0.547/0.547/2215.637]s

BEG OF #1/1 << dtm 2.00e-06 << eps_var 1.00e-04 << perturbation [676.4/701.7]GB [0.018/0.000/2215.654]s
20% 40% 60% 80% 100% 
Number of dtm pt dets: 4,198,902,759
END OF create hc sums [674.0/699.3]GB [397.225/397.225/2612.879]s
PT dtm batch correction: -0.0626864128 Ha
PT dtm correction (eps1= 1.00e-04): -0.0626864128 +- 0.0000000000 Ha
PT dtm total energy (eps1= 1.00e-04): -2099.8727550059 +- 0.0000000000 Ha
Correlation energy (eps1= 1.00e-04): -2.0010854451 +- 0.0000000000 Ha
END OF #1/1 << dtm 2.00e-06 << eps_var 1.00e-04 << perturbation [674.0/699.3]GB [534.939/932.163/3147.817]s
END OF dtm 2.00e-06 << eps_var 1.00e-04 << perturbation [674.0/699.3]GB [0.021/932.747/3147.837]s

BEG OF psto 1.00e-07 << eps_var 1.00e-04 << perturbation [659.1/684.4]GB [0.134/0.001/3147.971]s
Number of psto batches: 16
END OF determine number of psto batches [660.8/686.1]GB [5.713/5.713/3153.683]s

BEG OF #1/16 << psto 1.00e-07 << eps_var 1.00e-04 << perturbation [660.8/686.1]GB [0.018/0.001/3153.700]s
20% 40% 60% 80% 100% 
Number of psto pt dets: 4,015,967,152
END OF create hc sums [670.5/695.8]GB [379.828/379.828/3533.527]s
PT psto batch correction: -0.0003290716 Ha
PT psto correction (eps1= 1.00e-04): -0.0052651456 +- 0.0000043001 Ha
PT psto total energy (eps1= 1.00e-04): -2099.8780201514 +- 0.0000043001 Ha
Correlation energy (eps1= 1.00e-04): -2.0063505907 +- 0.0000043001 Ha
END OF #1/16 << psto 1.00e-07 << eps_var 1.00e-04 << perturbation [670.4/695.7]GB [569.853/949.680/4103.380]s
END OF psto 1.00e-07 << eps_var 1.00e-04 << perturbation [670.4/695.7]GB [0.002/955.410/4103.380]s

BEG OF sto 1.00e-20 << eps_var 1.00e-04 << perturbation [651.8/677.1]GB [0.299/0.001/4103.679]s
Number of samples chosen: 1,314,142
END OF determine n samples [652.0/677.3]GB [1.688/1.688/4105.366]s

BEG OF #1 << sto 1.00e-20 << eps_var 1.00e-04 << perturbation [652.0/677.3]GB [0.001/0.000/4105.366]s
Number of unique variational determinants in sample: 1,016,609
Batch id: 6 / 64
20% 40% 60% 80% 100% 
Number of sto pt dets: 1,114,881,829
END OF create hc sums [778.1/803.4]GB [107.384/107.384/4212.750]s
PT sto loop correction: -0.0000084486 Ha
PT sto correction (eps1= 1.00e-04): -0.0000084486 +- -nan Ha
PT sto total energy (eps1= 1.00e-04): -2099.8780286001 +- -nan Ha
Correlation energy (eps1= 1.00e-04): -2.0063590393 +- -nan Ha
END OF #1 << sto 1.00e-20 << eps_var 1.00e-04 << perturbation [778.1/803.4]GB [163.791/271.174/4376.540]s

BEG OF #2 << sto 1.00e-20 << eps_var 1.00e-04 << perturbation [778.1/803.4]GB [0.001/0.000/4376.540]s
Number of unique variational determinants in sample: 1,015,846
Batch id: 35 / 64
20% 40% 60% 80% 100% 
Number of sto pt dets: 1,114,327,611
END OF create hc sums [778.1/803.4]GB [76.955/76.955/4453.495]s
PT sto loop correction: -0.0000141964 Ha
PT sto correction (eps1= 1.00e-04): -0.0000113225 +- 0.0000028739 Ha
PT sto total energy (eps1= 1.00e-04): -2099.8780314740 +- 0.0000051720 Ha
Correlation energy (eps1= 1.00e-04): -2.0063619132 +- 0.0000051720 Ha
END OF #2 << sto 1.00e-20 << eps_var 1.00e-04 << perturbation [778.1/803.4]GB [163.755/240.709/4617.249]s

BEG OF #3 << sto 1.00e-20 << eps_var 1.00e-04 << perturbation [778.1/803.4]GB [0.002/0.000/4617.249]s
Number of unique variational determinants in sample: 1,015,833
Batch id: 45 / 64
20% 40% 60% 80% 100% 
Number of sto pt dets: 1,114,232,836
END OF create hc sums [778.1/803.4]GB [76.596/76.596/4693.845]s
PT sto loop correction: -0.0000094637 Ha
PT sto correction (eps1= 1.00e-04): -0.0000107029 +- 0.0000017712 Ha
PT sto total energy (eps1= 1.00e-04): -2099.8780308543 +- 0.0000046505 Ha
Correlation energy (eps1= 1.00e-04): -2.0063612936 +- 0.0000046505 Ha
END OF #3 << sto 1.00e-20 << eps_var 1.00e-04 << perturbation [778.1/803.4]GB [164.026/240.621/4857.870]s

BEG OF #4 << sto 1.00e-20 << eps_var 1.00e-04 << perturbation [778.1/803.4]GB [0.001/0.000/4857.871]s
Number of unique variational determinants in sample: 1,016,709
Batch id: 62 / 64
20% 40% 60% 80% 100% 
Number of sto pt dets: 1,115,236,712
END OF create hc sums [778.1/803.4]GB [76.319/76.319/4934.190]s
PT sto loop correction: -0.0000053173 Ha
PT sto correction (eps1= 1.00e-04): -0.0000093565 +- 0.0000018388 Ha
PT sto total energy (eps1= 1.00e-04): -2099.8780295079 +- 0.0000046767 Ha
Correlation energy (eps1= 1.00e-04): -2.0063599472 +- 0.0000046767 Ha
END OF #4 << sto 1.00e-20 << eps_var 1.00e-04 << perturbation [778.1/803.4]GB [164.574/240.893/5098.763]s

BEG OF #5 << sto 1.00e-20 << eps_var 1.00e-04 << perturbation [778.1/803.4]GB [0.001/0.000/5098.764]s
Number of unique variational determinants in sample: 1,016,650
Batch id: 49 / 64
20% 40% 60% 80% 100% 
Number of sto pt dets: 1,115,113,168
END OF create hc sums [778.1/803.4]GB [76.346/76.346/5175.109]s
PT sto loop correction: -0.0000098494 Ha
PT sto correction (eps1= 1.00e-04): -0.0000094551 +- 0.0000014278 Ha
PT sto total energy (eps1= 1.00e-04): -2099.8780296065 +- 0.0000045309 Ha
Correlation energy (eps1= 1.00e-04): -2.0063600458 +- 0.0000045309 Ha
END OF #5 << sto 1.00e-20 << eps_var 1.00e-04 << perturbation [778.1/803.4]GB [164.225/240.571/5339.334]s

BEG OF #6 << sto 1.00e-20 << eps_var 1.00e-04 << perturbation [778.1/803.4]GB [0.001/0.000/5339.334]s
Number of unique variational determinants in sample: 1,016,633
Batch id: 43 / 64
20% 40% 60% 80% 100% 
Number of sto pt dets: 1,115,239,362
END OF create hc sums [778.3/803.6]GB [76.564/76.564/5415.898]s
PT sto loop correction: -0.0000134463 Ha
PT sto correction (eps1= 1.00e-04): -0.0000101203 +- 0.0000013422 Ha
PT sto total energy (eps1= 1.00e-04): -2099.8780302717 +- 0.0000045047 Ha
Correlation energy (eps1= 1.00e-04): -2.0063607110 +- 0.0000045047 Ha
END OF #6 << sto 1.00e-20 << eps_var 1.00e-04 << perturbation [778.1/803.4]GB [163.675/240.238/5579.572]s
END OF sto 1.00e-20 << eps_var 1.00e-04 << perturbation [778.1/803.4]GB [0.014/1475.907/5579.585]s
Total energy: -2099.8780302717 +- 0.0000045047 Ha
END OF eps_var 1.00e-04 << perturbation [777.8/803.1]GB [0.132/3370.517/5579.717]s

BEG OF eps_var 5.00e-05 << perturbation [777.8/803.1]GB [0.001/0.000/5579.717]s
Loaded 11,311,437 dets from: wf_eps1_5.00e-05.dat
Effect dets (without time sym): 22,614,797
----------------------------------------
Excite Lv       # dets         Sum c^2
0                    1      0.00783718
1                  152      0.00001779
2                39602      0.13533827
3               222208      0.00426826
4              1432009      0.40028985
5              2694866      0.01991573
6              5844836      0.32551502
7              4309312      0.01832424
8              4991589      0.07898892
9              1564534      0.00399705
10             1259612      0.00524576
11              154044      0.00017259
12               97692      0.00008811
13                2786      0.00000101
14                1554      0.00000022
----------------------------------------
Orbital                        Sum c^2
0                           1.99599452
1                           1.99603165
2                           1.98850763
3                           1.98862145
4                           1.98862145
5                           1.98855035
6                           1.98855035
7                           1.98821623
8                           1.86486564
9                           1.12278582
10                          1.12278582
11                          1.02639900
12                          1.02639900
13                          1.12475963
14                          0.86217886
15                          0.95987252
16                          0.95987252
17                          0.10263094
18                          0.86328832
19                          0.86328832
20                          0.01065183
21                          0.01065183
22                          0.01257639
23                          0.00611341
24                          0.00611341
25                          0.00572142
26                          0.00559562
27                          0.00307215
28                          0.01047097
29                          0.01047097
30                          0.00667812
31                          0.00867026
32                          0.00867026
33                          0.00279502
34                          0.00279502
35                          0.00302435
36                          0.00302435
37                          0.00720416
38                          0.00720416
39                          0.00279571
40                          0.00332634
41                          0.00373487
42                          0.00373487
43                          0.00226100
44                          0.00025329
45                          0.00110913
46                          0.00110913
47                          0.00006808
48                          0.00006808
49                          0.00006770
Sum orbitals c^2: 28.00000000
----------------------------------------
Most important dets:
Excite Lv         Coef      Det (Reordered orb)
2           0.11580274      |  0  1  2  3  4  5  6  7  8  9 10 12 13 15 |  0  1  2  3  4  5  6  7  8  9 10 11 13 16 |
2           0.10369608      |  0  1  2  3  4  5  6  7  8 10 11 12 13 15 |  0  1  2  3  4  5  6  7  8  9 10 11 13 19 |
2           0.10369608      |  0  1  2  3  4  5  6  7  8  9 11 12 13 16 |  0  1  2  3  4  5  6  7  8  9 10 12 13 18 |
2          -0.10367675      |  0  1  2  3  4  5  6  7  8  9 10 11 13 14 |  0  1  2  3  4  5  6  7  8  9 10 11 12 15 |
2           0.10367675      |  0  1  2  3  4  5  6  7  8  9 10 12 13 14 |  0  1  2  3  4  5  6  7  8  9 10 11 12 16 |
2          -0.10348512      |  0  1  2  3  4  5  6  7  8  9 11 12 13 15 |  0  1  2  3  4  5  6  7  8  9 10 11 13 18 |
2          -0.10348512      |  0  1  2  3  4  5  6  7  8 10 11 12 13 16 |  0  1  2  3  4  5  6  7  8  9 10 12 13 19 |
4          -0.09712615      |  0  1  2  3  4  5  6  7  8  9 10 13 14 15 |  0  1  2  3  4  5  6  7  8  9 10 11 15 16 |
4           0.09712615      |  0  1  2  3  4  5  6  7  8  9 10 13 14 16 |  0  1  2  3  4  5  6  7  8  9 10 12 15 16 |
4          -0.09700925      |  0  1  2  3  4  5  6  7  8 10 12 13 15 16 |  0  1  2  3  4  5  6  7  8  9 10 13 16 19 |
4          -0.09700925      |  0  1  2  3  4  5  6  7  8  9 11 13 15 16 |  0  1  2  3  4  5  6  7  8  9 10 13 15 18 |
4           0.09689162      |  0  1  2  3  4  5  6  7  8  9 12 13 15 16 |  0  1  2  3  4  5  6  7  8  9 10 13 16 18 |
4           0.09689162      |  0  1  2  3  4  5  6  7  8 10 11 13 15 16 |  0  1  2  3  4  5  6  7  8  9 10 13 15 19 |
2           0.09336290      |  0  1  2  3  4  5  6  7  8 10 11 12 13 18 |  0  1  2  3  4  5  6  7  8  9 11 12 13 19 |
2          -0.09271901      |  0  1  2  3  4  5  6  7  8  9 11 12 13 14 |  0  1  2  3  4  5  6  7  8  9 10 11 12 18 |
2           0.09271901      |  0  1  2  3  4  5  6  7  8 10 11 12 13 14 |  0  1  2  3  4  5  6  7  8  9 10 11 12 19 |
4          -0.08932914      |  0  1  2  3  4  5  6  7  8  9 12 13 15 18 |  0  1  2  3  4  5  6  7  8  9 11 13 16 18 |
4          -0.08932914      |  0  1  2  3  4  5  6  7  8 10 12 13 15 19 |  0  1  2  3  4  5  6  7  8 10 11 13 16 19 |
4          -0.08926379      |  0  1  2  3  4  5  6  7  8  9 10 12 14 15 |  0  1  2  3  4  5  6  7  8  9 10 11 14 16 |
0           0.08852783      |  0  1  2  3  4  5  6  7  8  9 10 11 12 13 |  0  1  2  3  4  5  6  7  8  9 10 11 12 13 |
----------------------------------------
HF energy: -2097.8716695608 Ha
Variational energy: -2099.8227276776 Ha
Memory total: 3170.3GB
Helper size: 0.1GB
Bytes per det: 32
Memory var: 2.4GB
Memory PT limit: 2216.8GB

BEG OF dtm 2.00e-06 << eps_var 5.00e-05 << perturbation [778.7/804.0]GB [15.497/0.000/5595.213]s
Number of dtm batches: 1
END OF determine number of dtm batches [778.7/804.0]GB [0.740/0.740/5595.953]s

BEG OF #1/1 << dtm 2.00e-06 << eps_var 5.00e-05 << perturbation [778.7/804.0]GB [0.002/0.000/5595.954]s
20% 40% 60% 80% 100% 
Number of dtm pt dets: 4,516,012,646
END OF create hc sums [801.0/826.3]GB [374.377/374.377/5970.331]s
PT dtm batch correction: -0.0543007992 Ha
PT dtm correction (eps1= 5.00e-05): -0.0543007992 +- 0.0000000000 Ha
PT dtm total energy (eps1= 5.00e-05): -2099.8770284768 +- 0.0000000000 Ha
Correlation energy (eps1= 5.00e-05): -2.0053589160 +- 0.0000000000 Ha
END OF #1/1 << dtm 2.00e-06 << eps_var 5.00e-05 << perturbation [800.9/826.2]GB [519.891/894.267/6490.221]s
END OF dtm 2.00e-06 << eps_var 5.00e-05 << perturbation [800.9/826.2]GB [0.014/895.021/6490.234]s

BEG OF psto 1.00e-07 << eps_var 5.00e-05 << perturbation [790.0/815.3]GB [0.120/0.001/6490.354]s
Number of psto batches: 16
END OF determine number of psto batches [792.7/818.0]GB [9.498/9.498/6499.851]s

BEG OF #1/16 << psto 1.00e-07 << eps_var 5.00e-05 << perturbation [792.7/818.0]GB [0.027/0.001/6499.878]s
20% 40% 60% 80% 100% 
Number of psto pt dets: 6,246,570,269
END OF create hc sums [1052.1/1077.4]GB [582.999/582.999/7082.875]s
PT psto batch correction: -0.0003667575 Ha
PT psto correction (eps1= 5.00e-05): -0.0058681205 +- 0.0000028855 Ha
PT psto total energy (eps1= 5.00e-05): -2099.8828965974 +- 0.0000028855 Ha
Correlation energy (eps1= 5.00e-05): -2.0112270366 +- 0.0000028855 Ha
END OF #1/16 << psto 1.00e-07 << eps_var 5.00e-05 << perturbation [1052.1/1077.4]GB [847.843/1430.841/7930.717]s
END OF psto 1.00e-07 << eps_var 5.00e-05 << perturbation [1052.1/1077.4]GB [0.001/1440.365/7930.718]s

BEG OF sto 1.00e-20 << eps_var 5.00e-05 << perturbation [995.7/1021.1]GB [0.701/0.001/7931.418]s
Number of samples chosen: 3,088,132
END OF determine n samples [996.0/1021.3]GB [3.786/3.786/7935.204]s

BEG OF #1 << sto 1.00e-20 << eps_var 5.00e-05 << perturbation [996.0/1021.3]GB [0.001/0.000/7935.204]s
Number of unique variational determinants in sample: 2,316,681
Batch id: 21 / 64
20% 40% 60% 80% 100% 
Number of sto pt dets: 2,471,728,131
END OF create hc sums [1272.5/1297.8]GB [259.102/259.102/8194.306]s
PT sto loop correction: -0.0000334163 Ha
PT sto correction (eps1= 5.00e-05): -0.0000334163 +- -nan Ha
PT sto total energy (eps1= 5.00e-05): -2099.8829300137 +- -nan Ha
Correlation energy (eps1= 5.00e-05): -2.0112604529 +- -nan Ha
END OF #1 << sto 1.00e-20 << eps_var 5.00e-05 << perturbation [1272.5/1297.8]GB [357.232/616.333/8551.537]s

BEG OF #2 << sto 1.00e-20 << eps_var 5.00e-05 << perturbation [1272.5/1297.8]GB [0.001/0.000/8551.537]s
Number of unique variational determinants in sample: 2,317,681
Batch id: 30 / 64
20% 40% 60% 80% 100% 
Number of sto pt dets: 2,472,669,129
END OF create hc sums [1272.5/1297.8]GB [175.662/175.662/8727.199]s
PT sto loop correction: -0.0000321784 Ha
PT sto correction (eps1= 5.00e-05): -0.0000327973 +- 0.0000006190 Ha
PT sto total energy (eps1= 5.00e-05): -2099.8829293947 +- 0.0000029512 Ha
Correlation energy (eps1= 5.00e-05): -2.0112598339 +- 0.0000029512 Ha
END OF #2 << sto 1.00e-20 << eps_var 5.00e-05 << perturbation [1272.5/1297.8]GB [358.328/533.989/9085.526]s

BEG OF #3 << sto 1.00e-20 << eps_var 5.00e-05 << perturbation [1272.5/1297.8]GB [0.001/0.000/9085.526]s
Number of unique variational determinants in sample: 2,318,329
Batch id: 41 / 64
20% 40% 60% 80% 100% 
Number of sto pt dets: 2,473,206,512
END OF create hc sums [1272.6/1297.9]GB [175.118/175.118/9260.643]s
PT sto loop correction: -0.0000350642 Ha
PT sto correction (eps1= 5.00e-05): -0.0000335530 +- 0.0000008359 Ha
PT sto total energy (eps1= 5.00e-05): -2099.8829301503 +- 0.0000030042 Ha
Correlation energy (eps1= 5.00e-05): -2.0112605895 +- 0.0000030042 Ha
END OF #3 << sto 1.00e-20 << eps_var 5.00e-05 << perturbation [1272.6/1297.9]GB [357.657/532.774/9618.300]s

BEG OF #4 << sto 1.00e-20 << eps_var 5.00e-05 << perturbation [1272.6/1297.9]GB [0.001/0.000/9618.300]s
Number of unique variational determinants in sample: 2,316,895
Batch id: 33 / 64
20% 40% 60% 80% 100% 
Number of sto pt dets: 2,472,131,762
END OF create hc sums [1272.6/1297.9]GB [174.345/174.345/9792.645]s
PT sto loop correction: -0.0000318424 Ha
PT sto correction (eps1= 5.00e-05): -0.0000331253 +- 0.0000007295 Ha
PT sto total energy (eps1= 5.00e-05): -2099.8829297227 +- 0.0000029763 Ha
Correlation energy (eps1= 5.00e-05): -2.0112601619 +- 0.0000029763 Ha
END OF #4 << sto 1.00e-20 << eps_var 5.00e-05 << perturbation [1272.6/1297.9]GB [357.267/531.611/10149.910]s

BEG OF #5 << sto 1.00e-20 << eps_var 5.00e-05 << perturbation [1272.6/1297.9]GB [0.001/0.000/10149.911]s
Number of unique variational determinants in sample: 2,316,798
Batch id: 18 / 64
20% 40% 60% 80% 100% 
Number of sto pt dets: 2,472,167,903
END OF create hc sums [1272.6/1297.9]GB [174.354/174.354/10324.265]s
PT sto loop correction: -0.0000358873 Ha
PT sto correction (eps1= 5.00e-05): -0.0000336777 +- 0.0000007902 Ha
PT sto total energy (eps1= 5.00e-05): -2099.8829302751 +- 0.0000029918 Ha
Correlation energy (eps1= 5.00e-05): -2.0112607143 +- 0.0000029918 Ha
END OF #5 << sto 1.00e-20 << eps_var 5.00e-05 << perturbation [1272.6/1297.9]GB [358.091/532.445/10682.355]s

BEG OF #6 << sto 1.00e-20 << eps_var 5.00e-05 << perturbation [1272.6/1297.9]GB [0.001/0.000/10682.355]s
Number of unique variational determinants in sample: 2,317,346
Batch id: 60 / 64
20% 40% 60% 80% 100% 
Number of sto pt dets: 2,472,374,501
END OF create hc sums [1272.6/1297.9]GB [174.795/174.795/10857.150]s
PT sto loop correction: -0.0000320958 Ha
PT sto correction (eps1= 5.00e-05): -0.0000334141 +- 0.0000006970 Ha
PT sto total energy (eps1= 5.00e-05): -2099.8829300114 +- 0.0000029685 Ha
Correlation energy (eps1= 5.00e-05): -2.0112604507 +- 0.0000029685 Ha
END OF #6 << sto 1.00e-20 << eps_var 5.00e-05 << perturbation [1272.6/1297.9]GB [357.444/532.238/11214.594]s
END OF sto 1.00e-20 << eps_var 5.00e-05 << perturbation [1272.6/1297.9]GB [0.001/3283.177/11214.594]s
Total energy: -2099.8829300114 +- 0.0000029685 Ha
END OF eps_var 5.00e-05 << perturbation [1272.4/1297.7]GB [0.106/5634.984/11214.700]s

BEG OF eps_var 3.00e-05 << perturbation [1272.4/1297.7]GB [0.001/0.000/11214.701]s
Loaded 30,646,591 dets from: wf_eps1_3.00e-05.dat
Effect dets (without time sym): 61,282,764
----------------------------------------
Excite Lv       # dets         Sum c^2
0                    1      0.00827593
1                  164      0.00002944
2                50191      0.13764601
3               427664      0.00479992
4              2970878      0.39720713
5              7145602      0.02160610
6             14865778      0.32076747
7             13427716      0.01975822
8             13416345      0.07948571
9              5024678      0.00444052
10             3235489      0.00566384
11              463238      0.00021072
12              242816      0.00010723
13                8522      0.00000146
14                3682      0.00000031
----------------------------------------
Orbital                        Sum c^2
0                           1.99593418
1                           1.99597205
2                           1.98799619
3                           1.98813287
4                           1.98813287
5                           1.98805442
6                           1.98805442
7                           1.98769655
8                           1.84905275
9                           1.12942092
10                          1.12942092
11                          1.02771605
12                          1.02771605
13                          1.13109054
14                          0.85450783
15                          0.95664402
16                          0.95664402
17                          0.10776418
18                          0.85471569
19                          0.85471569
20                          0.01209559
21                          0.01209559
22                          0.01476541
23                          0.00659240
24                          0.00659240
25                          0.00616326
26                          0.00639636
27                          0.00319240
28                          0.01361999
29                          0.01361999
30                          0.00785728
31                          0.00967897
32                          0.00967897
33                          0.00289433
34                          0.00289433
35                          0.00314599
36                          0.00314599
37                          0.00790566
38                          0.00790566
39                          0.00288802
40                          0.00342221
41                          0.00396478
42                          0.00396478
43                          0.00249260
44                          0.00027671
45                          0.00182652
46                          0.00182652
47                          0.00007883
48                          0.00007883
49                          0.00008720
Sum orbitals c^2: 28.00000000
----------------------------------------
Most important dets:
Excite Lv         Coef      Det (Reordered orb)
2           0.11751472      |  0  1  2  3  4  5  6  7  8  9 10 12 13 15 |  0  1  2  3  4  5  6  7  8  9 10 11 13 16 |
2           0.10445760      |  0  1  2  3  4  5  6  7  8  9 10 12 13 14 |  0  1  2  3  4  5  6  7  8  9 10 11 12 16 |
2          -0.10445760      |  0  1  2  3  4  5  6  7  8  9 10 11 13 14 |  0  1  2  3  4  5  6  7  8  9 10 11 12 15 |
2           0.10433727      |  0  1  2  3  4  5  6  7  8  9 11 12 13 16 |  0  1  2  3  4  5  6  7  8  9 10 12 13 18 |
2           0.10433727      |  0  1  2  3  4  5  6  7  8 10 11 12 13 15 |  0  1  2  3  4  5  6  7  8  9 10 11 13 19 |
2          -0.10408429      |  0  1  2  3  4  5  6  7  8 10 11 12 13 16 |  0  1  2  3  4  5  6  7  8  9 10 12 13 19 |
2          -0.10408429      |  0  1  2  3  4  5  6  7  8  9 11 12 13 15 |  0  1  2  3  4  5  6  7  8  9 10 11 13 18 |
4           0.09731286      |  0  1  2  3  4  5  6  7  8  9 10 13 14 16 |  0  1  2  3  4  5  6  7  8  9 10 12 15 16 |
4          -0.09731286      |  0  1  2  3  4  5  6  7  8  9 10 13 14 15 |  0  1  2  3  4  5  6  7  8  9 10 11 15 16 |
4          -0.09706082      |  0  1  2  3  4  5  6  7  8 10 12 13 15 16 |  0  1  2  3  4  5  6  7  8  9 10 13 16 19 |
4          -0.09706082      |  0  1  2  3  4  5  6  7  8  9 11 13 15 16 |  0  1  2  3  4  5  6  7  8  9 10 13 15 18 |
4           0.09692531      |  0  1  2  3  4  5  6  7  8  9 12 13 15 16 |  0  1  2  3  4  5  6  7  8  9 10 13 16 18 |
4           0.09692531      |  0  1  2  3  4  5  6  7  8 10 11 13 15 16 |  0  1  2  3  4  5  6  7  8  9 10 13 15 19 |
2           0.09318838      |  0  1  2  3  4  5  6  7  8 10 11 12 13 18 |  0  1  2  3  4  5  6  7  8  9 11 12 13 19 |
2          -0.09258853      |  0  1  2  3  4  5  6  7  8  9 11 12 13 14 |  0  1  2  3  4  5  6  7  8  9 10 11 12 18 |
2           0.09258853      |  0  1  2  3  4  5  6  7  8 10 11 12 13 14 |  0  1  2  3  4  5  6  7  8  9 10 11 12 19 |
0           0.09097214      |  0  1  2  3  4  5  6  7  8  9 10 11 12 13 |  0  1  2  3  4  5  6  7  8  9 10 11 12 13 |
4          -0.08897676      |  0  1  2  3  4  5  6  7  8  9 10 12 14 15 |  0  1  2  3  4  5  6  7  8  9 10 11 14 16 |
4          -0.08887442      |  0  1  2  3  4  5  6  7  8  9 12 13 15 18 |  0  1  2  3  4  5  6  7  8  9 11 13 16 18 |
4          -0.08887442      |  0  1  2  3  4  5  6  7  8 10 12 13 15 19 |  0  1  2  3  4  5  6  7  8 10 11 13 16 19 |
----------------------------------------
HF energy: -2097.8716695608 Ha
Variational energy: -2099.8360616805 Ha
Memory total: 3170.3GB
Helper size: 0.1GB
Bytes per det: 32
Memory var: 6.4GB
Memory PT limit: 2212.8GB

BEG OF dtm 2.00e-06 << eps_var 3.00e-05 << perturbation [1274.1/1299.4]GB [39.887/0.000/11254.587]s
Number of dtm batches: 1
END OF determine number of dtm batches [1274.2/1299.5]GB [1.159/1.159/11255.746]s

BEG OF #1/1 << dtm 2.00e-06 << eps_var 3.00e-05 << perturbation [1274.2/1299.5]GB [0.002/0.000/11255.747]s
20% 40% 60% 80% 100% 
Number of dtm pt dets: 4,631,314,014
END OF create hc sums [1308.0/1333.3]GB [487.595/487.595/11743.342]s
PT dtm batch correction: -0.0437306330 Ha
PT dtm correction (eps1= 3.00e-05): -0.0437306330 +- 0.0000000000 Ha
PT dtm total energy (eps1= 3.00e-05): -2099.8797923135 +- 0.0000000000 Ha
Correlation energy (eps1= 3.00e-05): -2.0081227528 +- 0.0000000000 Ha
END OF #1/1 << dtm 2.00e-06 << eps_var 3.00e-05 << perturbation [1308.0/1333.3]GB [494.262/981.856/12237.603]s
END OF dtm 2.00e-06 << eps_var 3.00e-05 << perturbation [1308.0/1333.3]GB [0.005/983.020/12237.607]s

BEG OF psto 1.00e-07 << eps_var 3.00e-05 << perturbation [1299.3/1324.6]GB [0.105/0.001/12237.712]s
Number of psto batches: 18
END OF determine number of psto batches [1303.4/1328.7]GB [14.895/14.895/12252.606]s

BEG OF #1/18 << psto 1.00e-07 << eps_var 3.00e-05 << perturbation [1303.4/1328.7]GB [0.044/0.001/12252.649]s
20% 40% 60% 80% 100% 
Number of psto pt dets: 8,589,102,049
END OF create hc sums [1627.9/1653.2]GB [753.669/753.669/13006.317]s
PT psto batch correction: -0.0003755590 Ha
PT psto correction (eps1= 3.00e-05): -0.0067600628 +- 0.0000024217 Ha
PT psto total energy (eps1= 3.00e-05): -2099.8865523764 +- 0.0000024217 Ha
Correlation energy (eps1= 3.00e-05): -2.0148828156 +- 0.0000024217 Ha
END OF #1/18 << psto 1.00e-07 << eps_var 3.00e-05 << perturbation [1627.8/1653.1]GB [1112.289/1865.956/14118.604]s
END OF psto 1.00e-07 << eps_var 3.00e-05 << perturbation [1627.8/1653.1]GB [0.002/1880.894/14118.605]s

BEG OF sto 1.00e-20 << eps_var 3.00e-05 << perturbation [1447.6/1472.9]GB [1.757/0.001/14120.362]s
Number of samples chosen: 2,716,959
END OF determine n samples [1447.8/1473.1]GB [3.922/3.922/14124.283]s

BEG OF #1 << sto 1.00e-20 << eps_var 3.00e-05 << perturbation [1447.8/1473.1]GB [0.001/0.000/14124.283]s
Number of unique variational determinants in sample: 2,312,346
Batch id: 52 / 64
20% 40% 60% 80% 100% 
Number of sto pt dets: 2,652,470,289
END OF create hc sums [1846.1/1871.4]GB [238.694/238.694/14362.976]s
PT sto loop correction: 0.0000519544 Ha
PT sto correction (eps1= 3.00e-05): 0.0000519544 +- -nan Ha
PT sto total energy (eps1= 3.00e-05): -2099.8865004220 +- -nan Ha
Correlation energy (eps1= 3.00e-05): -2.0148308612 +- -nan Ha
END OF #1 << sto 1.00e-20 << eps_var 3.00e-05 << perturbation [1846.1/1871.4]GB [369.895/608.588/14732.871]s

BEG OF #2 << sto 1.00e-20 << eps_var 3.00e-05 << perturbation [1846.1/1871.4]GB [0.002/0.000/14732.871]s
Number of unique variational determinants in sample: 2,313,524
Batch id: 1 / 64
20% 40% 60% 80% 100% 
Number of sto pt dets: 2,653,466,544
END OF create hc sums [1846.2/1871.5]GB [175.910/175.910/14908.781]s
PT sto loop correction: 0.0000416899 Ha
PT sto correction (eps1= 3.00e-05): 0.0000468222 +- 0.0000051322 Ha
PT sto total energy (eps1= 3.00e-05): -2099.8865055542 +- 0.0000056749 Ha
Correlation energy (eps1= 3.00e-05): -2.0148359934 +- 0.0000056749 Ha
END OF #2 << sto 1.00e-20 << eps_var 3.00e-05 << perturbation [1846.2/1871.5]GB [369.151/545.060/15277.931]s

BEG OF #3 << sto 1.00e-20 << eps_var 3.00e-05 << perturbation [1846.2/1871.5]GB [0.002/0.000/15277.931]s
Number of unique variational determinants in sample: 2,313,267
Batch id: 59 / 64
20% 40% 60% 80% 100% 
Number of sto pt dets: 2,653,456,254
END OF create hc sums [1846.2/1871.5]GB [175.594/175.594/15453.525]s
PT sto loop correction: 0.0000475561 Ha
PT sto correction (eps1= 3.00e-05): 0.0000470668 +- 0.0000029732 Ha
PT sto total energy (eps1= 3.00e-05): -2099.8865053096 +- 0.0000038346 Ha
Correlation energy (eps1= 3.00e-05): -2.0148357488 +- 0.0000038346 Ha
END OF #3 << sto 1.00e-20 << eps_var 3.00e-05 << perturbation [1846.2/1871.5]GB [368.627/544.219/15822.150]s

BEG OF #4 << sto 1.00e-20 << eps_var 3.00e-05 << perturbation [1846.2/1871.5]GB [0.001/0.000/15822.151]s
Number of unique variational determinants in sample: 2,312,099
Batch id: 43 / 64
20% 40% 60% 80% 100% 
Number of sto pt dets: 2,652,061,777
END OF create hc sums [1846.2/1871.5]GB [174.692/174.692/15996.842]s
PT sto loop correction: 0.0000405938 Ha
PT sto correction (eps1= 3.00e-05): 0.0000454486 +- 0.0000026530 Ha
PT sto total energy (eps1= 3.00e-05): -2099.8865069278 +- 0.0000035921 Ha
Correlation energy (eps1= 3.00e-05): -2.0148373670 +- 0.0000035921 Ha
END OF #4 << sto 1.00e-20 << eps_var 3.00e-05 << perturbation [1846.2/1871.5]GB [369.663/544.354/16366.504]s

BEG OF #5 << sto 1.00e-20 << eps_var 3.00e-05 << perturbation [1846.2/1871.5]GB [0.002/0.000/16366.505]s
Number of unique variational determinants in sample: 2,312,470
Batch id: 27 / 64
20% 40% 60% 80% 100% 
Number of sto pt dets: 2,652,506,693
END OF create hc sums [1846.3/1871.6]GB [174.129/174.129/16540.633]s
PT sto loop correction: 0.0000448999 Ha
PT sto correction (eps1= 3.00e-05): 0.0000453388 +- 0.0000020580 Ha
PT sto total energy (eps1= 3.00e-05): -2099.8865070375 +- 0.0000031780 Ha
Correlation energy (eps1= 3.00e-05): -2.0148374768 +- 0.0000031780 Ha
END OF #5 << sto 1.00e-20 << eps_var 3.00e-05 << perturbation [1846.3/1871.6]GB [369.924/544.052/16910.557]s

BEG OF #6 << sto 1.00e-20 << eps_var 3.00e-05 << perturbation [1846.3/1871.6]GB [0.002/0.000/16910.557]s
Number of unique variational determinants in sample: 2,313,575
Batch id: 31 / 64
20% 40% 60% 80% 100% 
Number of sto pt dets: 2,653,811,038
END OF create hc sums [1846.3/1871.6]GB [174.707/174.707/17085.263]s
PT sto loop correction: 0.0000353238 Ha
PT sto correction (eps1= 3.00e-05): 0.0000436697 +- 0.0000023685 Ha
PT sto total energy (eps1= 3.00e-05): -2099.8865087067 +- 0.0000033874 Ha
Correlation energy (eps1= 3.00e-05): -2.0148391459 +- 0.0000033874 Ha
END OF #6 << sto 1.00e-20 << eps_var 3.00e-05 << perturbation [1846.3/1871.6]GB [369.898/544.604/17455.161]s
END OF sto 1.00e-20 << eps_var 3.00e-05 << perturbation [1846.3/1871.6]GB [0.014/3334.813/17455.174]s
Total energy: -2099.8865087067 +- 0.0000033874 Ha
END OF eps_var 3.00e-05 << perturbation [1845.8/1871.1]GB [0.159/6240.632/17455.333]s

BEG OF eps_var 2.00e-05 << perturbation [1845.8/1871.1]GB [0.001/0.000/17455.333]s
Loaded 69,697,893 dets from: wf_eps1_2.00e-05.dat
Effect dets (without time sym): 139,382,099
----------------------------------------
Excite Lv       # dets         Sum c^2
0                    1      0.00850498
1                  174      0.00004288
2                58889      0.13879274
3               702070      0.00530402
4              5422195      0.39501467
5             15132666      0.02342230
6             31819312      0.31713386
7             32451178      0.02145165
8             31114770      0.07921155
9             13410694      0.00491534
10             7455724      0.00584267
11             1258742      0.00024305
12              523168      0.00011810
13               24278      0.00000183
14                8238      0.00000038
----------------------------------------
Orbital                        Sum c^2
0                           1.99583492
1                           1.99587731
2                           1.98743038
3                           1.98760382
4                           1.98760382
5                           1.98752133
6                           1.98752133
7                           1.98711105
8                           1.84501777
9                           1.13216735
10                          1.13216735
11                          1.02849527
12                          1.02849527
13                          1.13300080
14                          0.85062323
15                          0.95418067
16                          0.95418067
17                          0.10435283
18                          0.85010542
19                          0.85010542
20                          0.01326846
21                          0.01326846
22                          0.01681496
23                          0.00706031
24                          0.00706031
25                          0.00660330
26                          0.00744259
27                          0.00332861
28                          0.01614879
29                          0.01614879
30                          0.00816897
31                          0.01047365
32                          0.01047365
33                          0.00301140
34                          0.00301140
35                          0.00328195
36                          0.00328195
37                          0.00845105
38                          0.00845105
39                          0.00299684
40                          0.00361549
41                          0.00438144
42                          0.00438144
43                          0.00263823
44                          0.00030888
45                          0.00234377
46                          0.00234377
47                          0.00008768
48                          0.00008768
49                          0.00010941
Sum orbitals c^2: 28.00000000
----------------------------------------
Most important dets:
Excite Lv         Coef      Det (Reordered orb)
2           0.11811184      |  0  1  2  3  4  5  6  7  8  9 10 12 13 15 |  0  1  2  3  4  5  6  7  8  9 10 11 13 16 |
2          -0.10490270      |  0  1  2  3  4  5  6  7  8  9 10 11 13 14 |  0  1  2  3  4  5  6  7  8  9 10 11 12 15 |
2           0.10490270      |  0  1  2  3  4  5  6  7  8  9 10 12 13 14 |  0  1  2  3  4  5  6  7  8  9 10 11 12 16 |
2           0.10464633      |  0  1  2  3  4  5  6  7  8  9 11 12 13 16 |  0  1  2  3  4  5  6  7  8  9 10 12 13 18 |
2           0.10464633      |  0  1  2  3  4  5  6  7  8 10 11 12 13 15 |  0  1  2  3  4  5  6  7  8  9 10 11 13 19 |
2          -0.10438337      |  0  1  2  3  4  5  6  7  8 10 11 12 13 16 |  0  1  2  3  4  5  6  7  8  9 10 12 13 19 |
2          -0.10438337      |  0  1  2  3  4  5  6  7  8  9 11 12 13 15 |  0  1  2  3  4  5  6  7  8  9 10 11 13 18 |
4           0.09738465      |  0  1  2  3  4  5  6  7  8  9 10 13 14 16 |  0  1  2  3  4  5  6  7  8  9 10 12 15 16 |
4          -0.09738465      |  0  1  2  3  4  5  6  7  8  9 10 13 14 15 |  0  1  2  3  4  5  6  7  8  9 10 11 15 16 |
4          -0.09699306      |  0  1  2  3  4  5  6  7  8 10 12 13 15 16 |  0  1  2  3  4  5  6  7  8  9 10 13 16 19 |
4          -0.09699306      |  0  1  2  3  4  5  6  7  8  9 11 13 15 16 |  0  1  2  3  4  5  6  7  8  9 10 13 15 18 |
4           0.09685375      |  0  1  2  3  4  5  6  7  8 10 11 13 15 16 |  0  1  2  3  4  5  6  7  8  9 10 13 15 19 |
4           0.09685375      |  0  1  2  3  4  5  6  7  8  9 12 13 15 16 |  0  1  2  3  4  5  6  7  8  9 10 13 16 18 |
2           0.09328335      |  0  1  2  3  4  5  6  7  8 10 11 12 13 18 |  0  1  2  3  4  5  6  7  8  9 11 12 13 19 |
2           0.09273726      |  0  1  2  3  4  5  6  7  8 10 11 12 13 14 |  0  1  2  3  4  5  6  7  8  9 10 11 12 19 |
2          -0.09273726      |  0  1  2  3  4  5  6  7  8  9 11 12 13 14 |  0  1  2  3  4  5  6  7  8  9 10 11 12 18 |
0           0.09222243      |  0  1  2  3  4  5  6  7  8  9 10 11 12 13 |  0  1  2  3  4  5  6  7  8  9 10 11 12 13 |
4          -0.08884973      |  0  1  2  3  4  5  6  7  8  9 10 12 14 15 |  0  1  2  3  4  5  6  7  8  9 10 11 14 16 |
4          -0.08859486      |  0  1  2  3  4  5  6  7  8 10 12 13 15 19 |  0  1  2  3  4  5  6  7  8 10 11 13 16 19 |
4          -0.08859486      |  0  1  2  3  4  5  6  7  8  9 12 13 15 18 |  0  1  2  3  4  5  6  7  8  9 11 13 16 18 |
----------------------------------------
HF energy: -2097.8716695608 Ha
Variational energy: -2099.8477455903 Ha
Memory total: 3170.3GB
Helper size: 0.1GB
Bytes per det: 32
Memory var: 14.5GB
Memory PT limit: 2204.7GB

BEG OF dtm 2.00e-06 << eps_var 2.00e-05 << perturbation [25.7/51.0]GB [89.643/0.000/17544.976]s
Number of dtm batches: 1
END OF determine number of dtm batches [25.8/51.2]GB [2.002/2.002/17546.978]s

BEG OF #1/1 << dtm 2.00e-06 << eps_var 2.00e-05 << perturbation [25.8/51.2]GB [0.002/0.000/17546.979]s
20% 40% 60% 80% 100% 
Number of dtm pt dets: 4,653,232,769
END OF create hc sums [701.2/726.5]GB [777.435/777.435/18324.414]s
PT dtm batch correction: -0.0334287189 Ha
PT dtm correction (eps1= 2.00e-05): -0.0334287189 +- 0.0000000000 Ha
PT dtm total energy (eps1= 2.00e-05): -2099.8811743092 +- 0.0000000000 Ha
Correlation energy (eps1= 2.00e-05): -2.0095047485 +- 0.0000000000 Ha
END OF #1/1 << dtm 2.00e-06 << eps_var 2.00e-05 << perturbation [701.2/726.5]GB [463.308/1240.742/18787.721]s
END OF dtm 2.00e-06 << eps_var 2.00e-05 << perturbation [701.2/726.5]GB [0.002/1242.746/18787.721]s

BEG OF psto 1.00e-07 << eps_var 2.00e-05 << perturbation [687.8/713.1]GB [0.158/0.001/18787.879]s
Number of psto batches: 24
END OF determine number of psto batches [694.9/720.2]GB [22.668/22.668/18810.545]s

BEG OF #1/24 << psto 1.00e-07 << eps_var 2.00e-05 << perturbation [694.9/720.2]GB [0.071/0.001/18810.616]s
20% 40% 60% 80% 100% 
Number of psto pt dets: 8,470,540,307
END OF create hc sums [1937.3/1962.6]GB [910.121/910.121/19720.736]s
PT psto batch correction: -0.0003494889 Ha
PT psto correction (eps1= 2.00e-05): -0.0083877344 +- 0.0000020673 Ha
PT psto total energy (eps1= 2.00e-05): -2099.8895620436 +- 0.0000020673 Ha
Correlation energy (eps1= 2.00e-05): -2.0178924828 +- 0.0000020673 Ha
END OF #1/24 << psto 1.00e-07 << eps_var 2.00e-05 << perturbation [1937.3/1962.6]GB [1033.989/1944.110/20754.724]s
END OF psto 1.00e-07 << eps_var 2.00e-05 << perturbation [1937.3/1962.6]GB [0.001/1966.847/20754.725]s

BEG OF sto 1.00e-20 << eps_var 2.00e-05 << perturbation [1846.8/1872.1]GB [2.215/0.001/20756.940]s
Number of samples chosen: 2,552,813
END OF determine n samples [1847.1/1872.4]GB [4.017/4.017/20760.956]s

BEG OF #1 << sto 1.00e-20 << eps_var 2.00e-05 << perturbation [1847.1/1872.4]GB [0.001/0.000/20760.956]s
Number of unique variational determinants in sample: 2,314,791
Batch id: 44 / 64
20% 40% 60% 80% 100% 
Number of sto pt dets: 2,783,225,670
END OF create hc sums [2044.7/2070.0]GB [238.142/238.142/20999.098]s
PT sto loop correction: 0.0001707934 Ha
PT sto correction (eps1= 2.00e-05): 0.0001707934 +- -nan Ha
PT sto total energy (eps1= 2.00e-05): -2099.8893912502 +- -nan Ha
Correlation energy (eps1= 2.00e-05): -2.0177216894 +- -nan Ha
END OF #1 << sto 1.00e-20 << eps_var 2.00e-05 << perturbation [2044.5/2069.8]GB [377.165/615.305/21376.261]s

BEG OF #2 << sto 1.00e-20 << eps_var 2.00e-05 << perturbation [2044.5/2069.8]GB [0.002/0.000/21376.262]s
Number of unique variational determinants in sample: 2,315,178
Batch id: 57 / 64
20% 40% 60% 80% 100% 
Number of sto pt dets: 2,783,839,335
END OF create hc sums [2044.6/2069.9]GB [177.250/177.250/21553.511]s
PT sto loop correction: 0.0001713686 Ha
PT sto correction (eps1= 2.00e-05): 0.0001710810 +- 0.0000002876 Ha
PT sto total energy (eps1= 2.00e-05): -2099.8893909626 +- 0.0000020872 Ha
Correlation energy (eps1= 2.00e-05): -2.0177214018 +- 0.0000020872 Ha
END OF #2 << sto 1.00e-20 << eps_var 2.00e-05 << perturbation [2044.6/2070.0]GB [377.201/554.450/21930.711]s

BEG OF #3 << sto 1.00e-20 << eps_var 2.00e-05 << perturbation [2044.6/2070.0]GB [0.001/0.000/21930.711]s
Number of unique variational determinants in sample: 2,314,131
Batch id: 38 / 64
20% 40% 60% 80% 100% 
Number of sto pt dets: 2,782,476,027
END OF create hc sums [2044.7/2070.0]GB [176.191/176.191/22106.902]s
PT sto loop correction: 0.0001546643 Ha
PT sto correction (eps1= 2.00e-05): 0.0001656088 +- 0.0000054748 Ha
PT sto total energy (eps1= 2.00e-05): -2099.8893964348 +- 0.0000058521 Ha
Correlation energy (eps1= 2.00e-05): -2.0177268741 +- 0.0000058521 Ha
END OF #3 << sto 1.00e-20 << eps_var 2.00e-05 << perturbation [2044.7/2070.0]GB [376.637/552.827/22483.538]s

BEG OF #4 << sto 1.00e-20 << eps_var 2.00e-05 << perturbation [2044.7/2070.0]GB [0.002/0.000/22483.538]s
Number of unique variational determinants in sample: 2,314,410
Batch id: 54 / 64
20% 40% 60% 80% 100% 
Number of sto pt dets: 2,783,128,770
END OF create hc sums [2044.7/2070.0]GB [175.971/175.971/22659.509]s
PT sto loop correction: 0.0001550036 Ha
PT sto correction (eps1= 2.00e-05): 0.0001629575 +- 0.0000046921 Ha
PT sto total energy (eps1= 2.00e-05): -2099.8893990861 +- 0.0000051273 Ha
Correlation energy (eps1= 2.00e-05): -2.0177295253 +- 0.0000051273 Ha
END OF #4 << sto 1.00e-20 << eps_var 2.00e-05 << perturbation [2044.7/2070.0]GB [376.751/552.721/23036.259]s

BEG OF #5 << sto 1.00e-20 << eps_var 2.00e-05 << perturbation [2044.7/2070.0]GB [0.002/0.001/23036.260]s
Number of unique variational determinants in sample: 2,314,328
Batch id: 54 / 64
20% 40% 60% 80% 100% 
Number of sto pt dets: 2,783,114,845
END OF create hc sums [2044.7/2070.1]GB [176.533/176.533/23212.793]s
PT sto loop correction: 0.0001432418 Ha
PT sto correction (eps1= 2.00e-05): 0.0001590143 +- 0.0000053626 Ha
PT sto total energy (eps1= 2.00e-05): -2099.8894030293 +- 0.0000057473 Ha
Correlation energy (eps1= 2.00e-05): -2.0177334685 +- 0.0000057473 Ha
END OF #5 << sto 1.00e-20 << eps_var 2.00e-05 << perturbation [2044.8/2070.1]GB [377.284/553.817/23590.076]s

BEG OF #6 << sto 1.00e-20 << eps_var 2.00e-05 << perturbation [2044.8/2070.1]GB [0.001/0.000/23590.076]s
Number of unique variational determinants in sample: 2,314,554
Batch id: 0 / 64
20% 40% 60% 80% 100% 
Number of sto pt dets: 2,783,808,671
END OF create hc sums [2044.8/2070.1]GB [175.369/175.369/23765.445]s
PT sto loop correction: 0.0001513769 Ha
PT sto correction (eps1= 2.00e-05): 0.0001577414 +- 0.0000045598 Ha
PT sto total energy (eps1= 2.00e-05): -2099.8894043022 +- 0.0000050066 Ha
Correlation energy (eps1= 2.00e-05): -2.0177347414 +- 0.0000050066 Ha
END OF #6 << sto 1.00e-20 << eps_var 2.00e-05 << perturbation [2044.8/2070.1]GB [377.101/552.470/24142.546]s
END OF sto 1.00e-20 << eps_var 2.00e-05 << perturbation [2044.8/2070.1]GB [0.028/3385.633/24142.572]s
Total energy: -2099.8894043022 +- 0.0000050066 Ha
END OF eps_var 2.00e-05 << perturbation [2044.1/2069.4]GB [0.133/6687.372/24142.705]s

BEG OF eps_var 1.00e-05 << perturbation [2044.1/2069.4]GB [0.001/0.000/24142.705]s
Loaded 256,641,144 dets from: wf_eps1_1.00e-05.dat
Effect dets (without time sym): 513,253,386
----------------------------------------
Excite Lv       # dets         Sum c^2
0                    1      0.00849856
1                  184      0.00006501
2                71500      0.13816261
3              1473756      0.00605339
4             13656214      0.39135098
5             46104190      0.02645839
6            102727556      0.31359115
7            125225534      0.02448941
8            120356948      0.07907080
9             63748040      0.00577845
10            31029442      0.00604922
11             6728788      0.00029933
12             1983799      0.00012987
13              117664      0.00000238
14               29770      0.00000046
----------------------------------------
Orbital                        Sum c^2
0                           1.99557181
1                           1.99562013
2                           1.98645941
3                           1.98668789
4                           1.98668789
5                           1.98660206
6                           1.98660206
7                           1.98612086
8                           1.83993990
9                           1.13305501
10                          1.13305501
11                          1.02843970
12                          1.02843970
13                          1.13154648
14                          0.84867324
15                          0.95159385
16                          0.95159385
17                          0.09993573
18                          0.84648536
19                          0.84648536
20                          0.01481029
21                          0.01481029
22                          0.01966172
23                          0.00764885
24                          0.00764885
25                          0.00713255
26                          0.00931078
27                          0.00356903
28                          0.01941027
29                          0.01941027
30                          0.00871527
31                          0.01152432
32                          0.01152432
33                          0.00322246
34                          0.00322246
35                          0.00351633
36                          0.00351633
37                          0.00913806
38                          0.00913806
39                          0.00319612
40                          0.00418006
41                          0.00541121
42                          0.00541121
43                          0.00283984
44                          0.00041428
45                          0.00293852
46                          0.00293852
47                          0.00012219
48                          0.00012219
49                          0.00014883
Sum orbitals c^2: 28.00000000
----------------------------------------
Most important dets:
Excite Lv         Coef      Det (Reordered orb)
2           0.11762243      |  0  1  2  3  4  5  6  7  8  9 10 12 13 15 |  0  1  2  3  4  5  6  7  8  9 10 11 13 16 |
2           0.10486302      |  0  1  2  3  4  5  6  7  8  9 10 12 13 14 |  0  1  2  3  4  5  6  7  8  9 10 11 12 16 |
2          -0.10486302      |  0  1  2  3  4  5  6  7  8  9 10 11 13 14 |  0  1  2  3  4  5  6  7  8  9 10 11 12 15 |
2           0.10425798      |  0  1  2  3  4  5  6  7  8 10 11 12 13 15 |  0  1  2  3  4  5  6  7  8  9 10 11 13 19 |
2           0.10425798      |  0  1  2  3  4  5  6  7  8  9 11 12 13 16 |  0  1  2  3  4  5  6  7  8  9 10 12 13 18 |
2          -0.10402855      |  0  1  2  3  4  5  6  7  8 10 11 12 13 16 |  0  1  2  3  4  5  6  7  8  9 10 12 13 19 |
2          -0.10402855      |  0  1  2  3  4  5  6  7  8  9 11 12 13 15 |  0  1  2  3  4  5  6  7  8  9 10 11 13 18 |
4           0.09711511      |  0  1  2  3  4  5  6  7  8  9 10 13 14 16 |  0  1  2  3  4  5  6  7  8  9 10 12 15 16 |
4          -0.09711511      |  0  1  2  3  4  5  6  7  8  9 10 13 14 15 |  0  1  2  3  4  5  6  7  8  9 10 11 15 16 |
4          -0.09639980      |  0  1  2  3  4  5  6  7  8 10 12 13 15 16 |  0  1  2  3  4  5  6  7  8  9 10 13 16 19 |
4          -0.09639980      |  0  1  2  3  4  5  6  7  8  9 11 13 15 16 |  0  1  2  3  4  5  6  7  8  9 10 13 15 18 |
4           0.09628511      |  0  1  2  3  4  5  6  7  8  9 12 13 15 16 |  0  1  2  3  4  5  6  7  8  9 10 13 16 18 |
4           0.09628511      |  0  1  2  3  4  5  6  7  8 10 11 13 15 16 |  0  1  2  3  4  5  6  7  8  9 10 13 15 19 |
2           0.09297365      |  0  1  2  3  4  5  6  7  8 10 11 12 13 18 |  0  1  2  3  4  5  6  7  8  9 11 12 13 19 |
2           0.09271833      |  0  1  2  3  4  5  6  7  8 10 11 12 13 14 |  0  1  2  3  4  5  6  7  8  9 10 11 12 19 |
2          -0.09271833      |  0  1  2  3  4  5  6  7  8  9 11 12 13 14 |  0  1  2  3  4  5  6  7  8  9 10 11 12 18 |
0           0.09218765      |  0  1  2  3  4  5  6  7  8  9 10 11 12 13 |  0  1  2  3  4  5  6  7  8  9 10 11 12 13 |
4          -0.08853672      |  0  1  2  3  4  5  6  7  8  9 10 12 14 15 |  0  1  2  3  4  5  6  7  8  9 10 11 14 16 |
4          -0.08791500      |  0  1  2  3  4  5  6  7  8  9 12 13 15 18 |  0  1  2  3  4  5  6  7  8  9 11 13 16 18 |
4          -0.08791500      |  0  1  2  3  4  5  6  7  8 10 12 13 15 19 |  0  1  2  3  4  5  6  7  8 10 11 13 16 19 |
----------------------------------------
HF energy: -2097.8716695608 Ha
Variational energy: -2099.8650643980 Ha
Memory total: 3170.3GB
Helper size: 0.1GB
Bytes per det: 32
Memory var: 53.4GB
Memory PT limit: 2165.8GB

BEG OF dtm 2.00e-06 << eps_var 1.00e-05 << perturbation [89.2/114.5]GB [295.988/0.000/24438.693]s
Number of dtm batches: 1
END OF determine number of dtm batches [89.3/114.6]GB [5.974/5.974/24444.667]s

BEG OF #1/1 << dtm 2.00e-06 << eps_var 1.00e-05 << perturbation [89.3/114.6]GB [0.002/0.000/24444.668]s
20% 40% 60% 80% 100% 
Number of dtm pt dets: 4,515,195,694
END OF create hc sums [766.0/791.3]GB [2475.345/2475.345/26920.012]s
PT dtm batch correction: -0.0177291887 Ha
PT dtm correction (eps1= 1.00e-05): -0.0177291887 +- 0.0000000000 Ha
PT dtm total energy (eps1= 1.00e-05): -2099.8827935867 +- 0.0000000000 Ha
Correlation energy (eps1= 1.00e-05): -2.0111240259 +- 0.0000000000 Ha
END OF #1/1 << dtm 2.00e-06 << eps_var 1.00e-05 << perturbation [766.0/791.3]GB [423.322/2898.666/27343.334]s
END OF dtm 2.00e-06 << eps_var 1.00e-05 << perturbation [766.0/791.3]GB [0.016/2904.656/27343.348]s

BEG OF psto 1.00e-07 << eps_var 1.00e-05 << perturbation [751.0/776.3]GB [0.120/0.001/27343.468]s
Number of psto batches: 36
END OF determine number of psto batches [762.3/787.6]GB [37.779/37.779/27381.246]s

BEG OF #1/36 << psto 1.00e-07 << eps_var 1.00e-05 << perturbation [762.3/787.6]GB [0.118/0.001/27381.364]s
20% 40% 60% 80% 100% 
Number of psto pt dets: 7,554,648,379
END OF create hc sums [1403.8/1429.1]GB [1158.298/1158.298/28539.661]s
PT psto batch correction: -0.0003058388 Ha
PT psto correction (eps1= 1.00e-05): -0.0110101979 +- 0.0000014597 Ha
PT psto total energy (eps1= 1.00e-05): -2099.8938037845 +- 0.0000014597 Ha
Correlation energy (eps1= 1.00e-05): -2.0221342238 +- 0.0000014597 Ha
END OF #1/36 << psto 1.00e-07 << eps_var 1.00e-05 << perturbation [1403.8/1429.1]GB [840.631/1998.928/29380.291]s
END OF psto 1.00e-07 << eps_var 1.00e-05 << perturbation [1403.8/1429.1]GB [0.002/2036.824/29380.292]s

BEG OF sto 1.00e-20 << eps_var 1.00e-05 << perturbation [1361.4/1386.7]GB [5.365/0.001/29385.656]s
Number of samples chosen: 2,379,580
END OF determine n samples [1361.6/1386.9]GB [4.637/4.637/29390.293]s

BEG OF #1 << sto 1.00e-20 << eps_var 1.00e-05 << perturbation [1361.6/1386.9]GB [0.001/0.000/29390.293]s
Number of unique variational determinants in sample: 2,279,766
Batch id: 15 / 64
20% 40% 60% 80% 100% 
Number of sto pt dets: 2,888,980,135
END OF create hc sums [1508.3/1533.7]GB [240.361/240.361/29630.654]s
PT sto loop correction: -0.0000026063 Ha
PT sto correction (eps1= 1.00e-05): -0.0000026063 +- -nan Ha
PT sto total energy (eps1= 1.00e-05): -2099.8938063908 +- -nan Ha
Correlation energy (eps1= 1.00e-05): -2.0221368300 +- -nan Ha
END OF #1 << sto 1.00e-20 << eps_var 1.00e-05 << perturbation [1508.4/1533.7]GB [371.826/612.186/30002.478]s

BEG OF #2 << sto 1.00e-20 << eps_var 1.00e-05 << perturbation [1508.4/1533.7]GB [0.001/0.000/30002.479]s
Number of unique variational determinants in sample: 2,279,334
Batch id: 63 / 64
20% 40% 60% 80% 100% 
Number of sto pt dets: 2,888,503,166
END OF create hc sums [1508.4/1533.7]GB [176.930/176.930/30179.408]s
PT sto loop correction: 0.0000055227 Ha
PT sto correction (eps1= 1.00e-05): 0.0000014582 +- 0.0000040645 Ha
PT sto total energy (eps1= 1.00e-05): -2099.8938023263 +- 0.0000043187 Ha
Correlation energy (eps1= 1.00e-05): -2.0221327655 +- 0.0000043187 Ha
END OF #2 << sto 1.00e-20 << eps_var 1.00e-05 << perturbation [1508.4/1533.7]GB [372.693/549.622/30552.100]s

BEG OF #3 << sto 1.00e-20 << eps_var 1.00e-05 << perturbation [1508.4/1533.7]GB [0.001/0.000/30552.101]s
Number of unique variational determinants in sample: 2,279,213
Batch id: 52 / 64
20% 40% 60% 80% 100% 
Number of sto pt dets: 2,888,654,533
END OF create hc sums [1508.5/1533.8]GB [177.569/177.569/30729.670]s
PT sto loop correction: -0.0000705949 Ha
PT sto correction (eps1= 1.00e-05): -0.0000225595 +- 0.0000241321 Ha
PT sto total energy (eps1= 1.00e-05): -2099.8938263440 +- 0.0000241762 Ha
Correlation energy (eps1= 1.00e-05): -2.0221567833 +- 0.0000241762 Ha
END OF #3 << sto 1.00e-20 << eps_var 1.00e-05 << perturbation [1508.5/1533.8]GB [373.160/550.728/31102.828]s

BEG OF #4 << sto 1.00e-20 << eps_var 1.00e-05 << perturbation [1508.5/1533.8]GB [0.001/0.000/31102.829]s
Number of unique variational determinants in sample: 2,279,651
Batch id: 9 / 64
20% 40% 60% 80% 100% 
Number of sto pt dets: 2,889,243,995
END OF create hc sums [1508.5/1533.8]GB [175.843/175.843/31278.671]s
PT sto loop correction: -0.0000667532 Ha
PT sto correction (eps1= 1.00e-05): -0.0000336079 +- 0.0000203285 Ha
PT sto total energy (eps1= 1.00e-05): -2099.8938373924 +- 0.0000203808 Ha
Correlation energy (eps1= 1.00e-05): -2.0221678317 +- 0.0000203808 Ha
END OF #4 << sto 1.00e-20 << eps_var 1.00e-05 << perturbation [1508.5/1533.8]GB [371.796/547.637/31650.466]s

BEG OF #5 << sto 1.00e-20 << eps_var 1.00e-05 << perturbation [1508.5/1533.8]GB [0.001/0.000/31650.466]s
Number of unique variational determinants in sample: 2,279,635
Batch id: 11 / 64
20% 40% 60% 80% 100% 
Number of sto pt dets: 2,888,688,949
END OF create hc sums [1508.5/1533.8]GB [175.270/175.270/31825.736]s
PT sto loop correction: -0.0000365067 Ha
PT sto correction (eps1= 1.00e-05): -0.0000341877 +- 0.0000157570 Ha
PT sto total energy (eps1= 1.00e-05): -2099.8938379722 +- 0.0000158245 Ha
Correlation energy (eps1= 1.00e-05): -2.0221684114 +- 0.0000158245 Ha
END OF #5 << sto 1.00e-20 << eps_var 1.00e-05 << perturbation [1508.5/1533.8]GB [372.518/547.787/32198.253]s

BEG OF #6 << sto 1.00e-20 << eps_var 1.00e-05 << perturbation [1508.5/1533.8]GB [0.001/0.000/32198.253]s
Number of unique variational determinants in sample: 2,279,622
Batch id: 9 / 64
20% 40% 60% 80% 100% 
Number of sto pt dets: 2,888,235,325
END OF create hc sums [1508.5/1533.8]GB [176.626/176.626/32374.879]s
PT sto loop correction: 0.0000119088 Ha
PT sto correction (eps1= 1.00e-05): -0.0000265049 +- 0.0000149849 Ha
PT sto total energy (eps1= 1.00e-05): -2099.8938302895 +- 0.0000150558 Ha
Correlation energy (eps1= 1.00e-05): -2.0221607287 +- 0.0000150558 Ha
END OF #6 << sto 1.00e-20 << eps_var 1.00e-05 << perturbation [1508.5/1533.8]GB [373.273/549.898/32748.151]s

BEG OF #7 << sto 1.00e-20 << eps_var 1.00e-05 << perturbation [1508.5/1533.8]GB [0.001/0.000/32748.151]s
Number of unique variational determinants in sample: 2,279,690
Batch id: 48 / 64
20% 40% 60% 80% 100% 
Number of sto pt dets: 2,888,826,826
END OF create hc sums [1508.5/1533.8]GB [176.657/176.657/32924.808]s
PT sto loop correction: -0.0000163933 Ha
PT sto correction (eps1= 1.00e-05): -0.0000250604 +- 0.0000127467 Ha
PT sto total energy (eps1= 1.00e-05): -2099.8938288449 +- 0.0000128300 Ha
Correlation energy (eps1= 1.00e-05): -2.0221592842 +- 0.0000128300 Ha
END OF #7 << sto 1.00e-20 << eps_var 1.00e-05 << perturbation [1508.5/1533.8]GB [372.605/549.260/33297.411]s
END OF sto 1.00e-20 << eps_var 1.00e-05 << perturbation [1508.5/1533.8]GB [0.002/3911.756/33297.412]s
Total energy: -2099.8938288449 +- 0.0000128300 Ha
END OF eps_var 1.00e-05 << perturbation [1506.7/1532.0]GB [0.147/9154.853/33297.558]s

BEG OF eps_var 5.00e-06 << perturbation [1506.7/1532.0]GB [0.001/0.000/33297.558]s
Loaded 795,542,364 dets from: wf_eps1_5.00e-06.dat
Effect dets (without time sym): 1,591,027,541
----------------------------------------
Excite Lv       # dets         Sum c^2
0                    1      0.00822747
1                  188      0.00007858
2                80598      0.13530415
3              2730436      0.00647169
4             30793873      0.38715910
5            116938694      0.02852594
6            281944501      0.31350865
7            381259152      0.02693364
8            389627986      0.08037237
9            234550798      0.00656170
10           115751128      0.00635405
11            29409386      0.00035820
12             7335715      0.00014098
13              517624      0.00000295
14               87461      0.00000052
----------------------------------------
Orbital                        Sum c^2
0                           1.99528889
1                           1.99534009
2                           1.98574937
3                           1.98600899
4                           1.98600899
5                           1.98592234
6                           1.98592234
7                           1.98539045
8                           1.82714937
9                           1.13124445
10                          1.13124445
11                          1.02732720
12                          1.02732720
13                          1.12786808
14                          0.84988299
15                          0.95079672
16                          0.95079672
17                          0.10659789
18                          0.84602242
19                          0.84602242
20                          0.01580344
21                          0.01580344
22                          0.02146845
23                          0.00811327
24                          0.00811327
25                          0.00755007
26                          0.01059701
27                          0.00374733
28                          0.02105007
29                          0.02105007
30                          0.00978571
31                          0.01221132
32                          0.01221132
33                          0.00337248
34                          0.00337248
35                          0.00367907
36                          0.00367907
37                          0.00960796
38                          0.00960796
39                          0.00334341
40                          0.00473912
41                          0.00630980
42                          0.00630980
43                          0.00316739
44                          0.00054956
45                          0.00327863
46                          0.00327863
47                          0.00019007
48                          0.00019007
49                          0.00019845
Sum orbitals c^2: 28.00000000
----------------------------------------
Most important dets:
Excite Lv         Coef      Det (Reordered orb)
2           0.11596616      |  0  1  2  3  4  5  6  7  8  9 10 12 13 15 |  0  1  2  3  4  5  6  7  8  9 10 11 13 16 |
2           0.10379186      |  0  1  2  3  4  5  6  7  8  9 10 12 13 14 |  0  1  2  3  4  5  6  7  8  9 10 11 12 16 |
2          -0.10379186      |  0  1  2  3  4  5  6  7  8  9 10 11 13 14 |  0  1  2  3  4  5  6  7  8  9 10 11 12 15 |
2           0.10295875      |  0  1  2  3  4  5  6  7  8 10 11 12 13 15 |  0  1  2  3  4  5  6  7  8  9 10 11 13 19 |
2           0.10295875      |  0  1  2  3  4  5  6  7  8  9 11 12 13 16 |  0  1  2  3  4  5  6  7  8  9 10 12 13 18 |
2          -0.10277336      |  0  1  2  3  4  5  6  7  8 10 11 12 13 16 |  0  1  2  3  4  5  6  7  8  9 10 12 13 19 |
2          -0.10277336      |  0  1  2  3  4  5  6  7  8  9 11 12 13 15 |  0  1  2  3  4  5  6  7  8  9 10 11 13 18 |
4           0.09615202      |  0  1  2  3  4  5  6  7  8  9 10 13 14 16 |  0  1  2  3  4  5  6  7  8  9 10 12 15 16 |
4          -0.09615202      |  0  1  2  3  4  5  6  7  8  9 10 13 14 15 |  0  1  2  3  4  5  6  7  8  9 10 11 15 16 |
4          -0.09522838      |  0  1  2  3  4  5  6  7  8 10 12 13 15 16 |  0  1  2  3  4  5  6  7  8  9 10 13 16 19 |
4          -0.09522838      |  0  1  2  3  4  5  6  7  8  9 11 13 15 16 |  0  1  2  3  4  5  6  7  8  9 10 13 15 18 |
4           0.09514046      |  0  1  2  3  4  5  6  7  8  9 12 13 15 16 |  0  1  2  3  4  5  6  7  8  9 10 13 16 18 |
4           0.09514046      |  0  1  2  3  4  5  6  7  8 10 11 13 15 16 |  0  1  2  3  4  5  6  7  8  9 10 13 15 19 |
2          -0.09195550      |  0  1  2  3  4  5  6  7  8  9 11 12 13 14 |  0  1  2  3  4  5  6  7  8  9 10 11 12 18 |
2           0.09195550      |  0  1  2  3  4  5  6  7  8 10 11 12 13 14 |  0  1  2  3  4  5  6  7  8  9 10 11 12 19 |
2           0.09195035      |  0  1  2  3  4  5  6  7  8 10 11 12 13 18 |  0  1  2  3  4  5  6  7  8  9 11 12 13 19 |
0           0.09070540      |  0  1  2  3  4  5  6  7  8  9 10 11 12 13 |  0  1  2  3  4  5  6  7  8  9 10 11 12 13 |
4          -0.08775536      |  0  1  2  3  4  5  6  7  8  9 10 12 14 15 |  0  1  2  3  4  5  6  7  8  9 10 11 14 16 |
4          -0.08683150      |  0  1  2  3  4  5  6  7  8 10 12 13 15 19 |  0  1  2  3  4  5  6  7  8 10 11 13 16 19 |
4          -0.08683150      |  0  1  2  3  4  5  6  7  8  9 12 13 15 18 |  0  1  2  3  4  5  6  7  8  9 11 13 16 18 |
----------------------------------------
HF energy: -2097.8716695608 Ha
Variational energy: -2099.8774869906 Ha
Memory total: 3170.3GB
Helper size: 0.1GB
Bytes per det: 32
Memory var: 165.5GB
Memory PT limit: 2053.7GB

BEG OF dtm 2.00e-06 << eps_var 5.00e-06 << perturbation [291.5/316.8]GB [969.904/0.000/34267.462]s
Number of dtm batches: 1
END OF determine number of dtm batches [291.6/316.9]GB [25.161/25.161/34292.623]s

BEG OF #1/1 << dtm 2.00e-06 << eps_var 5.00e-06 << perturbation [291.6/316.9]GB [0.002/0.001/34292.624]s
20% 40% 60% 80% 100% 
Number of dtm pt dets: 3,805,282,076
END OF create hc sums [961.1/986.4]GB [6744.429/6744.429/41037.052]s
PT dtm batch correction: -0.0068915986 Ha
PT dtm correction (eps1= 5.00e-06): -0.0068915986 +- 0.0000000000 Ha
PT dtm total energy (eps1= 5.00e-06): -2099.8843785892 +- 0.0000000000 Ha
Correlation energy (eps1= 5.00e-06): -2.0127090285 +- 0.0000000000 Ha
END OF #1/1 << dtm 2.00e-06 << eps_var 5.00e-06 << perturbation [961.1/986.4]GB [329.325/7073.753/41366.376]s
END OF dtm 2.00e-06 << eps_var 5.00e-06 << perturbation [961.1/986.4]GB [0.016/7098.930/41366.391]s

BEG OF psto 1.00e-07 << eps_var 5.00e-06 << perturbation [945.0/970.3]GB [0.218/0.001/41366.609]s
Number of psto batches: 46
END OF determine number of psto batches [956.1/981.4]GB [56.928/56.928/41423.536]s

BEG OF #1/46 << psto 1.00e-07 << eps_var 5.00e-06 << perturbation [956.1/981.4]GB [0.114/0.001/41423.650]s
20% 40% 60% 80% 100% 
Number of psto pt dets: 6,905,254,602
END OF create hc sums [1558.2/1583.5]GB [1791.894/1791.894/43215.543]s
PT psto batch correction: -0.0002582839 Ha
PT psto correction (eps1= 5.00e-06): -0.0118810600 +- 0.0000011044 Ha
PT psto total energy (eps1= 5.00e-06): -2099.8962596492 +- 0.0000011044 Ha
Correlation energy (eps1= 5.00e-06): -2.0245900884 +- 0.0000011044 Ha
END OF #1/46 << psto 1.00e-07 << eps_var 5.00e-06 << perturbation [1558.0/1583.3]GB [700.432/2492.324/43915.973]s
END OF psto 1.00e-07 << eps_var 5.00e-06 << perturbation [1558.0/1583.3]GB [0.001/2549.366/43915.973]s

BEG OF sto 1.00e-20 << eps_var 5.00e-06 << perturbation [1535.7/1561.0]GB [17.796/0.001/43933.769]s
Number of samples chosen: 2,212,843
END OF determine n samples [1536.0/1561.3]GB [4.462/4.462/43938.230]s

BEG OF #1 << sto 1.00e-20 << eps_var 5.00e-06 << perturbation [1536.0/1561.3]GB [0.001/0.000/43938.230]s
Number of unique variational determinants in sample: 2,167,668
Batch id: 3 / 64
20% 40% 60% 80% 100% 
Number of sto pt dets: 2,823,550,481
END OF create hc sums [1692.0/1717.3]GB [226.507/226.507/44164.737]s
PT sto loop correction: -0.0009233145 Ha
PT sto correction (eps1= 5.00e-06): -0.0009233145 +- -nan Ha
PT sto total energy (eps1= 5.00e-06): -2099.8971829637 +- -nan Ha
Correlation energy (eps1= 5.00e-06): -2.0255134030 +- -nan Ha
END OF #1 << sto 1.00e-20 << eps_var 5.00e-06 << perturbation [1692.0/1717.3]GB [349.263/575.769/44513.999]s

BEG OF #2 << sto 1.00e-20 << eps_var 5.00e-06 << perturbation [1692.0/1717.3]GB [0.002/0.000/44513.999]s
Number of unique variational determinants in sample: 2,167,505
Batch id: 16 / 64
20% 40% 60% 80% 100% 
Number of sto pt dets: 2,823,388,152
END OF create hc sums [1692.1/1717.4]GB [166.613/166.613/44680.612]s
PT sto loop correction: -0.0010546670 Ha
PT sto correction (eps1= 5.00e-06): -0.0009889908 +- 0.0000656762 Ha
PT sto total energy (eps1= 5.00e-06): -2099.8972486400 +- 0.0000656855 Ha
Correlation energy (eps1= 5.00e-06): -2.0255790792 +- 0.0000656855 Ha
END OF #2 << sto 1.00e-20 << eps_var 5.00e-06 << perturbation [1692.1/1717.4]GB [348.110/514.722/45028.721]s

BEG OF #3 << sto 1.00e-20 << eps_var 5.00e-06 << perturbation [1692.1/1717.4]GB [0.002/0.000/45028.722]s
Number of unique variational determinants in sample: 2,167,721
Batch id: 35 / 64
20% 40% 60% 80% 100% 
Number of sto pt dets: 2,823,839,666
END OF create hc sums [1692.1/1717.4]GB [167.042/167.042/45195.763]s
PT sto loop correction: -0.0011639531 Ha
PT sto correction (eps1= 5.00e-06): -0.0010473115 +- 0.0000695637 Ha
PT sto total energy (eps1= 5.00e-06): -2099.8973069607 +- 0.0000695724 Ha
Correlation energy (eps1= 5.00e-06): -2.0256374000 +- 0.0000695724 Ha
END OF #3 << sto 1.00e-20 << eps_var 5.00e-06 << perturbation [1692.1/1717.5]GB [347.860/514.901/45543.622]s

BEG OF #4 << sto 1.00e-20 << eps_var 5.00e-06 << perturbation [1692.1/1717.5]GB [0.002/0.000/45543.623]s
Number of unique variational determinants in sample: 2,167,890
Batch id: 63 / 64
20% 40% 60% 80% 100% 
Number of sto pt dets: 2,824,413,411
END OF create hc sums [1692.1/1717.4]GB [165.893/165.893/45709.515]s
PT sto loop correction: -0.0010686406 Ha
PT sto correction (eps1= 5.00e-06): -0.0010526438 +- 0.0000494771 Ha
PT sto total energy (eps1= 5.00e-06): -2099.8973122930 +- 0.0000494894 Ha
Correlation energy (eps1= 5.00e-06): -2.0256427322 +- 0.0000494894 Ha
END OF #4 << sto 1.00e-20 << eps_var 5.00e-06 << perturbation [1692.2/1717.5]GB [348.348/514.241/46057.863]s

BEG OF #5 << sto 1.00e-20 << eps_var 5.00e-06 << perturbation [1692.2/1717.5]GB [0.001/0.000/46057.863]s
Number of unique variational determinants in sample: 2,167,925
Batch id: 19 / 64
20% 40% 60% 80% 100% 
Number of sto pt dets: 2,823,643,799
END OF create hc sums [1692.1/1717.4]GB [166.790/166.790/46224.653]s
PT sto loop correction: -0.0008920504 Ha
PT sto correction (eps1= 5.00e-06): -0.0010205251 +- 0.0000500040 Ha
PT sto total energy (eps1= 5.00e-06): -2099.8972801743 +- 0.0000500162 Ha
Correlation energy (eps1= 5.00e-06): -2.0256106136 +- 0.0000500162 Ha
END OF #5 << sto 1.00e-20 << eps_var 5.00e-06 << perturbation [1692.2/1717.5]GB [347.844/514.633/46572.496]s

BEG OF #6 << sto 1.00e-20 << eps_var 5.00e-06 << perturbation [1692.2/1717.5]GB [0.001/0.000/46572.497]s
Number of unique variational determinants in sample: 2,167,482
Batch id: 22 / 64
20% 40% 60% 80% 100% 
Number of sto pt dets: 2,823,539,673
END OF create hc sums [1692.2/1717.5]GB [165.464/165.464/46737.960]s
PT sto loop correction: -0.0010085422 Ha
PT sto correction (eps1= 5.00e-06): -0.0010185280 +- 0.0000408769 Ha
PT sto total energy (eps1= 5.00e-06): -2099.8972781772 +- 0.0000408918 Ha
Correlation energy (eps1= 5.00e-06): -2.0256086164 +- 0.0000408918 Ha
END OF #6 << sto 1.00e-20 << eps_var 5.00e-06 << perturbation [1692.2/1717.5]GB [347.933/513.396/47085.892]s

BEG OF #7 << sto 1.00e-20 << eps_var 5.00e-06 << perturbation [1692.2/1717.5]GB [0.001/0.000/47085.893]s
Number of unique variational determinants in sample: 2,167,847
Batch id: 1 / 64
20% 40% 60% 80% 100% 
Number of sto pt dets: 2,823,646,687
END OF create hc sums [1692.2/1717.5]GB [165.377/165.377/47251.270]s
PT sto loop correction: -0.0011329726 Ha
PT sto correction (eps1= 5.00e-06): -0.0010348772 +- 0.0000382206 Ha
PT sto total energy (eps1= 5.00e-06): -2099.8972945264 +- 0.0000382365 Ha
Correlation energy (eps1= 5.00e-06): -2.0256249656 +- 0.0000382365 Ha
END OF #7 << sto 1.00e-20 << eps_var 5.00e-06 << perturbation [1692.2/1717.5]GB [349.442/514.818/47600.711]s

BEG OF #8 << sto 1.00e-20 << eps_var 5.00e-06 << perturbation [1692.2/1717.5]GB [0.001/0.000/47600.711]s
Number of unique variational determinants in sample: 2,168,075
Batch id: 52 / 64
20% 40% 60% 80% 100% 
Number of sto pt dets: 2,823,905,464
END OF create hc sums [1692.2/1717.5]GB [166.604/166.604/47767.314]s
PT sto loop correction: -0.0010264665 Ha
PT sto correction (eps1= 5.00e-06): -0.0010338259 +- 0.0000331167 Ha
PT sto total energy (eps1= 5.00e-06): -2099.8972934751 +- 0.0000331351 Ha
Correlation energy (eps1= 5.00e-06): -2.0256239143 +- 0.0000331351 Ha
END OF #8 << sto 1.00e-20 << eps_var 5.00e-06 << perturbation [1692.2/1717.5]GB [347.986/514.589/48115.300]s

BEG OF #9 << sto 1.00e-20 << eps_var 5.00e-06 << perturbation [1692.2/1717.5]GB [0.002/0.000/48115.300]s
Number of unique variational determinants in sample: 2,167,966
Batch id: 39 / 64
20% 40% 60% 80% 100% 
Number of sto pt dets: 2,824,172,794
END OF create hc sums [1692.2/1717.5]GB [168.390/168.390/48283.690]s
PT sto loop correction: -0.0009991183 Ha
PT sto correction (eps1= 5.00e-06): -0.0010299695 +- 0.0000294597 Ha
PT sto total energy (eps1= 5.00e-06): -2099.8972896187 +- 0.0000294804 Ha
Correlation energy (eps1= 5.00e-06): -2.0256200579 +- 0.0000294804 Ha
END OF #9 << sto 1.00e-20 << eps_var 5.00e-06 << perturbation [1692.2/1717.5]GB [347.712/516.101/48631.401]s

BEG OF #10 << sto 1.00e-20 << eps_var 5.00e-06 << perturbation [1692.2/1717.5]GB [0.001/0.000/48631.401]s
Number of unique variational determinants in sample: 2,167,779
Batch id: 4 / 64
20% 40% 60% 80% 100% 
Number of sto pt dets: 2,823,855,922
END OF create hc sums [1692.2/1717.5]GB [165.478/165.478/48796.879]s
PT sto loop correction: -0.0009954166 Ha
PT sto correction (eps1= 5.00e-06): -0.0010265142 +- 0.0000265751 Ha
PT sto total energy (eps1= 5.00e-06): -2099.8972861634 +- 0.0000265981 Ha
Correlation energy (eps1= 5.00e-06): -2.0256166026 +- 0.0000265981 Ha
END OF #10 << sto 1.00e-20 << eps_var 5.00e-06 << perturbation [1692.2/1717.5]GB [347.552/513.029/49144.430]s

BEG OF #11 << sto 1.00e-20 << eps_var 5.00e-06 << perturbation [1692.2/1717.5]GB [0.001/0.000/49144.430]s
Number of unique variational determinants in sample: 2,167,942
Batch id: 32 / 64
20% 40% 60% 80% 100% 
Number of sto pt dets: 2,823,785,110
END OF create hc sums [1692.2/1717.5]GB [165.221/165.221/49309.650]s
PT sto loop correction: -0.0009427105 Ha
PT sto correction (eps1= 5.00e-06): -0.0010188957 +- 0.0000252165 Ha
PT sto total energy (eps1= 5.00e-06): -2099.8972785449 +- 0.0000252407 Ha
Correlation energy (eps1= 5.00e-06): -2.0256089841 +- 0.0000252407 Ha
END OF #11 << sto 1.00e-20 << eps_var 5.00e-06 << perturbation [1692.2/1717.5]GB [348.074/513.294/49657.723]s

BEG OF #12 << sto 1.00e-20 << eps_var 5.00e-06 << perturbation [1692.2/1717.5]GB [0.002/0.001/49657.724]s
Number of unique variational determinants in sample: 2,167,696
Batch id: 13 / 64
20% 40% 60% 80% 100% 
Number of sto pt dets: 2,823,850,019
END OF create hc sums [1692.2/1717.5]GB [165.134/165.134/49822.857]s
PT sto loop correction: -0.0010637873 Ha
PT sto correction (eps1= 5.00e-06): -0.0010226366 +- 0.0000233214 Ha
PT sto total energy (eps1= 5.00e-06): -2099.8972822858 +- 0.0000233475 Ha
Correlation energy (eps1= 5.00e-06): -2.0256127251 +- 0.0000233475 Ha
END OF #12 << sto 1.00e-20 << eps_var 5.00e-06 << perturbation [1692.2/1717.5]GB [349.354/514.487/50172.211]s

BEG OF #13 << sto 1.00e-20 << eps_var 5.00e-06 << perturbation [1692.2/1717.5]GB [0.002/0.000/50172.211]s
Number of unique variational determinants in sample: 2,167,631
Batch id: 4 / 64
20% 40% 60% 80% 100% 
Number of sto pt dets: 2,823,559,578
END OF create hc sums [1692.2/1717.5]GB [165.525/165.525/50337.736]s
PT sto loop correction: -0.0010116905 Ha
PT sto correction (eps1= 5.00e-06): -0.0010217946 +- 0.0000214691 Ha
PT sto total energy (eps1= 5.00e-06): -2099.8972814438 +- 0.0000214975 Ha
Correlation energy (eps1= 5.00e-06): -2.0256118830 +- 0.0000214975 Ha
END OF #13 << sto 1.00e-20 << eps_var 5.00e-06 << perturbation [1692.2/1717.5]GB [349.049/514.574/50686.784]s

BEG OF #14 << sto 1.00e-20 << eps_var 5.00e-06 << perturbation [1692.2/1717.5]GB [0.002/0.000/50686.785]s
Number of unique variational determinants in sample: 2,167,704
Batch id: 46 / 64
20% 40% 60% 80% 100% 
Number of sto pt dets: 2,823,613,068
END OF create hc sums [1692.2/1717.5]GB [167.742/167.742/50854.526]s
PT sto loop correction: -0.0010881311 Ha
PT sto correction (eps1= 5.00e-06): -0.0010265329 +- 0.0000204335 Ha
PT sto total energy (eps1= 5.00e-06): -2099.8972861821 +- 0.0000204633 Ha
Correlation energy (eps1= 5.00e-06): -2.0256166214 +- 0.0000204633 Ha
END OF #14 << sto 1.00e-20 << eps_var 5.00e-06 << perturbation [1692.2/1717.5]GB [348.616/516.357/51203.141]s

BEG OF #15 << sto 1.00e-20 << eps_var 5.00e-06 << perturbation [1692.2/1717.5]GB [0.001/0.000/51203.142]s
Number of unique variational determinants in sample: 2,167,735
Batch id: 41 / 64
20% 40% 60% 80% 100% 
Number of sto pt dets: 2,823,727,930
END OF create hc sums [1692.2/1717.5]GB [165.275/165.275/51368.416]s
PT sto loop correction: -0.0009555098 Ha
PT sto correction (eps1= 5.00e-06): -0.0010217981 +- 0.0000196030 Ha
PT sto total energy (eps1= 5.00e-06): -2099.8972814473 +- 0.0000196341 Ha
Correlation energy (eps1= 5.00e-06): -2.0256118865 +- 0.0000196341 Ha
END OF #15 << sto 1.00e-20 << eps_var 5.00e-06 << perturbation [1692.2/1717.5]GB [348.637/513.911/51717.052]s
END OF sto 1.00e-20 << eps_var 5.00e-06 << perturbation [1692.2/1717.5]GB [0.002/7783.285/51717.053]s
Total energy: -2099.8972814473 +- 0.0000196341 Ha
END OF eps_var 5.00e-06 << perturbation [1690.6/1715.9]GB [0.170/18419.665/51717.223]s
END OF perturbation [1690.6/1715.9]GB [0.001/51715.171/51717.223]s
