l[023,035]
80
Semistochastic Heat-bath Configuration Interation (SHCI)

Start time: Wed Jun 12 05:21:03 2019
Infrastructure: 2 nodes * 80 threads
Configuration:
{
  "chem": {
    "irrep_occs_dn": [
      4,
      2,
      1,
      2,
      1,
      2,
      1,
      0,
      1,
      0
    ],
    "irrep_occs_up": [
      4,
      2,
      1,
      2,
      1,
      2,
      1,
      0,
      1,
      0
    ],
    "irreps": [
      1,
      2,
      3,
      4,
      5,
      6,
      7,
      8,
      9,
      10
    ],
    "point_group": "dih"
  },
  "eps_pt": 1e-20,
  "eps_vars": [
    0.0002,
    0.0001,
    5e-05,
    3e-05,
    2e-05,
    1e-05,
    5e-06
  ],
  "eps_vars_schedule": [
    0.005,
    0.005,
    0.005,
    0.005,
    0.005,
    0.003,
    0.003,
    0.003,
    0.003,
    0.003,
    0.002,
    0.002,
    0.002,
    0.002,
    0.002,
    0.001,
    0.001,
    0.001,
    0.001,
    0.001,
    0.001,
    0.001,
    0.0005,
    0.0005,
    0.0005,
    0.0005,
    0.0005,
    0.0005,
    0.0005,
    0.0003,
    0.0003,
    0.0003,
    0.0003,
    0.0003,
    0.0002,
    0.0002,
    0.0002,
    0.0002,
    0.0002
  ],
  "n_dn": 14,
  "n_up": 14,
  "system": "chem",
  "target_error": 2e-05,
  "time_sym": true,
  "var_only": true
}
Timing format: [DIFF/SECTION/TOTAL]

BEG OF setup [0.0/23.0]GB [0.001/0.001/0.001]s

BEG OF load integrals << setup [18446744073.7/23.0]GB [0.004/0.000/0.004]s
n_orbs: 76
n_elecs (from FCIDUMP): 28
orb_sym: 1 2 1 6 4 3 5 2 1 6 4 7 9 1 2 10 8 2 3 5 6 4 1 3 5 2 1 1 6 4 2 7 9 3 5 6 4 10 8 2 1 3 5 2 1 6 4 3 5 2 6 4 1 7 9 10 8 3 5 1 2 2 6 4 7 9 1 14 12 11 13 10 8 3 5 2 
END OF load fcidump [0.1/23.1]GB [1.445/1.445/1.449]s
HF det up: 0 1 2 3 4 5 6 7 8 9 10 11 12 13 
HF det dn: 0 1 2 3 4 5 6 7 8 9 10 11 12 13 
Reorder skipped.
Orbitals energy:
#  0: E =  -3.373794598024, sym =  1, origin #  0
#  1: E =  -3.372554824583, sym =  2, origin #  1
#  2: E =  -2.096062676944, sym =  1, origin #  2
#  3: E =  -2.093238934018, sym =  6, origin #  3
#  4: E =  -2.093238934018, sym =  4, origin #  4
#  5: E =  -2.087136783170, sym =  3, origin #  5
#  6: E =  -2.087136783160, sym =  5, origin #  6
#  7: E =  -2.082824297753, sym =  2, origin #  7
#  8: E =  -0.195867664345, sym =  1, origin #  8
#  9: E =  -0.085896946114, sym =  6, origin #  9
# 10: E =  -0.085896946114, sym =  4, origin # 10
# 11: E =  -0.064321877162, sym =  7, origin # 11
# 12: E =  -0.064321877162, sym =  9, origin # 12
# 13: E =  -0.092579125553, sym =  1, origin # 13
# 14: E =   0.154759736473, sym =  2, origin # 14
# 15: E =   0.131789180843, sym = 10, origin # 15
# 16: E =   0.131789180843, sym =  8, origin # 16
# 17: E =   0.227630335762, sym =  2, origin # 17
# 18: E =   0.158122939207, sym =  3, origin # 18
# 19: E =   0.158122939207, sym =  5, origin # 19
# 20: E =   0.982955425894, sym =  6, origin # 20
# 21: E =   0.982955425893, sym =  4, origin # 21
# 22: E =   0.669736819910, sym =  1, origin # 22
# 23: E =   1.304619055736, sym =  3, origin # 23
# 24: E =   1.304619055736, sym =  5, origin # 24
# 25: E =   1.331470057849, sym =  2, origin # 25
# 26: E =   0.700944222165, sym =  1, origin # 26
# 27: E =   2.406697249079, sym =  1, origin # 27
# 28: E =   0.305544705427, sym =  6, origin # 28
# 29: E =   0.305544705427, sym =  4, origin # 29
# 30: E =   0.757263858258, sym =  2, origin # 30
# 31: E =   0.999169652211, sym =  7, origin # 31
# 32: E =   0.999169652211, sym =  9, origin # 32
# 33: E =   2.614689256856, sym =  3, origin # 33
# 34: E =   2.614689256856, sym =  5, origin # 34
# 35: E =   2.405563002007, sym =  6, origin # 35
# 36: E =   2.405563002007, sym =  4, origin # 36
# 37: E =   1.142447438745, sym = 10, origin # 37
# 38: E =   1.142447438745, sym =  8, origin # 38
# 39: E =   2.719077987128, sym =  2, origin # 39
# 40: E =   1.453392634785, sym =  1, origin # 40
# 41: E =   0.505788013127, sym =  3, origin # 41
# 42: E =   0.505788013127, sym =  5, origin # 42
# 43: E =   1.695655033927, sym =  2, origin # 43
# 44: E =   0.676381304488, sym =  1, origin # 44
# 45: E =   0.417434598541, sym =  6, origin # 45
# 46: E =   0.417434598541, sym =  4, origin # 46
# 47: E =   0.541672509270, sym =  3, origin # 47
# 48: E =   0.541672509270, sym =  5, origin # 48
# 49: E =   0.953694610417, sym =  2, origin # 49
# 50: E =   0.753134232310, sym =  6, origin # 50
# 51: E =   0.753134232310, sym =  4, origin # 51
# 52: E =   0.386136483121, sym =  1, origin # 52
# 53: E =   2.462946078379, sym =  7, origin # 53
# 54: E =   2.462946078378, sym =  9, origin # 54
# 55: E =   2.520629341599, sym = 10, origin # 55
# 56: E =   2.520629341599, sym =  8, origin # 56
# 57: E =   0.331530834928, sym =  3, origin # 57
# 58: E =   0.331530834928, sym =  5, origin # 58
# 59: E =   0.484003084887, sym =  1, origin # 59
# 60: E =   0.840668030455, sym =  2, origin # 60
# 61: E =   0.628300950066, sym =  2, origin # 61
# 62: E =   0.355849631577, sym =  6, origin # 62
# 63: E =   0.355849631577, sym =  4, origin # 63
# 64: E =   0.720933231465, sym =  7, origin # 64
# 65: E =   0.720933231464, sym =  9, origin # 65
# 66: E =   0.485510658924, sym =  1, origin # 66
# 67: E =   2.483965942193, sym = 14, origin # 67
# 68: E =   2.483965942193, sym = 12, origin # 68
# 69: E =   2.493408413849, sym = 11, origin # 69
# 70: E =   2.493408413849, sym = 13, origin # 70
# 71: E =   0.672707250651, sym = 10, origin # 71
# 72: E =   0.672707250651, sym =  8, origin # 72
# 73: E =   0.602915843295, sym =  3, origin # 73
# 74: E =   0.602915843295, sym =  5, origin # 74
# 75: E =   0.133298943199, sym =  2, origin # 75
HF det up: 0 1 2 3 4 5 6 7 8 9 10 11 12 13 
HF det dn: 0 1 2 3 4 5 6 7 8 9 10 11 12 13 
END OF reorder orbitals [0.1/23.1]GB [0.053/1.497/1.501]s
FCIDUMP cache saved to: integrals_cache.dat
END OF load integrals << setup [0.1/23.1]GB [0.090/1.587/1.591]s

BEG OF setup hci queue << setup [0.1/23.1]GB [0.001/0.000/1.591]s
Max hci queue elem: 0.4039654284 Ha
Number of entries in hci queue: 1,784,956
END OF setup hci queue << setup [0.1/23.1]GB [0.082/0.082/1.673]s
HF energy: -2097.8716695608 Ha
END OF setup [0.1/23.1]GB [0.005/1.677/1.677]s

BEG OF variation [0.1/23.1]GB [0.001/0.000/1.678]s
Final iteration 0 HF ndets= 1 energy= -2097.87166956

BEG OF eps_var 2.00e-04 << variation [0.1/23.1]GB [0.001/0.000/1.678]s
Loaded 1,622,381 dets from: wf_eps1_2.00e-04.dat
Effect dets (without time sym): 3,241,275
----------------------------------------
Excite Lv       # dets         Sum c^2
0                    1      0.00802075
1                  104      0.00000971
2                18465      0.14130825
3                60814      0.00403257
4               357348      0.41496783
5               397338      0.01915892
6              1004251      0.32080453
7               473868      0.01689654
8               683894      0.06825142
9               122842      0.00318084
10              114520      0.00325594
11                4816      0.00008199
12                3014      0.00003071
----------------------------------------
Orbital                        Sum c^2
0                           1.99606835
1                           1.99610601
2                           1.98893047
3                           1.98907384
4                           1.98907384
5                           1.98900442
6                           1.98900442
7                           1.98865302
8                           1.96324187
9                           1.11821558
10                          1.11821558
11                          1.02600010
12                          1.02600010
13                          1.12045083
14                          0.86716445
15                          0.96197803
16                          0.96197803
17                          0.01788206
18                          0.86967127
19                          0.86967127
20                          0.00933692
21                          0.00933692
22                          0.01054224
23                          0.00566409
24                          0.00566409
25                          0.00520608
26                          0.00518007
27                          0.00297990
28                          0.00747063
29                          0.00747063
30                          0.00354252
31                          0.00763992
32                          0.00763992
33                          0.00273963
34                          0.00273963
35                          0.00296041
36                          0.00296041
37                          0.00651043
38                          0.00651043
39                          0.00272670
40                          0.00292735
41                          0.00363879
42                          0.00363879
43                          0.00178851
44                          0.00015116
45                          0.00065999
46                          0.00065999
47                          0.00001118
48                          0.00001118
49                          0.00001119
Sum orbitals c^2: 28.00000000
----------------------------------------
Most important dets:
Excite Lv         Coef      Det (Reordered orb)
2           0.11827805      |  0  1  2  3  4  5  6  7  8  9 10 12 13 15 |  0  1  2  3  4  5  6  7  8  9 10 11 13 16 |
2           0.10715635      |  0  1  2  3  4  5  6  7  8 10 11 12 13 15 |  0  1  2  3  4  5  6  7  8  9 10 11 13 19 |
2           0.10715635      |  0  1  2  3  4  5  6  7  8  9 11 12 13 16 |  0  1  2  3  4  5  6  7  8  9 10 12 13 18 |
2          -0.10700782      |  0  1  2  3  4  5  6  7  8  9 10 11 13 14 |  0  1  2  3  4  5  6  7  8  9 10 11 12 15 |
2           0.10700782      |  0  1  2  3  4  5  6  7  8  9 10 12 13 14 |  0  1  2  3  4  5  6  7  8  9 10 11 12 16 |
2          -0.10698177      |  0  1  2  3  4  5  6  7  8 10 11 12 13 16 |  0  1  2  3  4  5  6  7  8  9 10 12 13 19 |
2          -0.10698177      |  0  1  2  3  4  5  6  7  8  9 11 12 13 15 |  0  1  2  3  4  5  6  7  8  9 10 11 13 18 |
4          -0.10083085      |  0  1  2  3  4  5  6  7  8 10 12 13 15 16 |  0  1  2  3  4  5  6  7  8  9 10 13 16 19 |
4          -0.10083085      |  0  1  2  3  4  5  6  7  8  9 11 13 15 16 |  0  1  2  3  4  5  6  7  8  9 10 13 15 18 |
4           0.10080549      |  0  1  2  3  4  5  6  7  8  9 10 13 14 16 |  0  1  2  3  4  5  6  7  8  9 10 12 15 16 |
4          -0.10080549      |  0  1  2  3  4  5  6  7  8  9 10 13 14 15 |  0  1  2  3  4  5  6  7  8  9 10 11 15 16 |
4           0.10073501      |  0  1  2  3  4  5  6  7  8  9 12 13 15 16 |  0  1  2  3  4  5  6  7  8  9 10 13 16 18 |
4           0.10073501      |  0  1  2  3  4  5  6  7  8 10 11 13 15 16 |  0  1  2  3  4  5  6  7  8  9 10 13 15 19 |
2           0.09733381      |  0  1  2  3  4  5  6  7  8 10 11 12 13 18 |  0  1  2  3  4  5  6  7  8  9 11 12 13 19 |
2           0.09653539      |  0  1  2  3  4  5  6  7  8 10 11 12 13 14 |  0  1  2  3  4  5  6  7  8  9 10 11 12 19 |
2          -0.09653539      |  0  1  2  3  4  5  6  7  8  9 11 12 13 14 |  0  1  2  3  4  5  6  7  8  9 10 11 12 18 |
4          -0.09361501      |  0  1  2  3  4  5  6  7  8 10 12 13 15 19 |  0  1  2  3  4  5  6  7  8 10 11 13 16 19 |
4          -0.09361501      |  0  1  2  3  4  5  6  7  8  9 12 13 15 18 |  0  1  2  3  4  5  6  7  8  9 11 13 16 18 |
4          -0.09333788      |  0  1  2  3  4  5  6  7  8  9 10 12 14 15 |  0  1  2  3  4  5  6  7  8  9 10 11 14 16 |
4          -0.09162578      |  0  1  2  3  4  5  6  7  8 10 11 13 15 18 |  0  1  2  3  4  5  6  7  8  9 11 13 15 19 |
----------------------------------------
HF energy: -2097.8716695608 Ha
Variational energy: -2099.7935219065 Ha
END OF eps_var 2.00e-04 << variation [0.4/23.4]GB [1.642/1.642/3.319]s

BEG OF eps_var 1.00e-04 << variation [0.4/23.4]GB [0.001/0.000/3.320]s
Loaded 4,068,199 dets from: wf_eps1_1.00e-04.dat
Effect dets (without time sym): 8,130,824
----------------------------------------
Excite Lv       # dets         Sum c^2
0                    1      0.00758991
1                  134      0.00001182
2                27428      0.13526928
3               109078      0.00395142
4               672344      0.40588567
5               911996      0.01901218
6              2269993      0.32694829
7              1291292      0.01743594
8              1876227      0.07566101
9               470096      0.00360338
10              435193      0.00444133
11               43676      0.00012902
12               22524      0.00006018
13                 686      0.00000053
14                 156      0.00000005
----------------------------------------
Orbital                        Sum c^2
0                           1.99604432
1                           1.99608251
2                           1.98872152
3                           1.98890474
4                           1.98890474
5                           1.98884251
6                           1.98884251
7                           1.98844204
8                           1.90486325
9                           1.11635482
10                          1.11635482
11                          1.02530311
12                          1.02530311
13                          1.11800573
14                          0.86961289
15                          0.96233561
16                          0.96233561
17                          0.07203469
18                          0.87121193
19                          0.87121193
20                          0.00956267
21                          0.00956267
22                          0.01094206
23                          0.00577384
24                          0.00577384
25                          0.00536935
26                          0.00530029
27                          0.00301325
28                          0.00803168
29                          0.00803168
30                          0.00456151
31                          0.00785577
32                          0.00785577
33                          0.00277119
34                          0.00277119
35                          0.00298966
36                          0.00298966
37                          0.00666248
38                          0.00666248
39                          0.00276267
40                          0.00322582
41                          0.00366022
42                          0.00366022
43                          0.00202411
44                          0.00019942
45                          0.00082614
46                          0.00082614
47                          0.00004758
48                          0.00004758
49                          0.00004840
Sum orbitals c^2: 28.00000000
----------------------------------------
Most important dets:
Excite Lv         Coef      Det (Reordered orb)
2           0.11509495      |  0  1  2  3  4  5  6  7  8  9 10 12 13 15 |  0  1  2  3  4  5  6  7  8  9 10 11 13 16 |
2           0.10412705      |  0  1  2  3  4  5  6  7  8  9 11 12 13 16 |  0  1  2  3  4  5  6  7  8  9 10 12 13 18 |
2           0.10412705      |  0  1  2  3  4  5  6  7  8 10 11 12 13 15 |  0  1  2  3  4  5  6  7  8  9 10 11 13 19 |
2           0.10409689      |  0  1  2  3  4  5  6  7  8  9 10 12 13 14 |  0  1  2  3  4  5  6  7  8  9 10 11 12 16 |
2          -0.10409689      |  0  1  2  3  4  5  6  7  8  9 10 11 13 14 |  0  1  2  3  4  5  6  7  8  9 10 11 12 15 |
2          -0.10397684      |  0  1  2  3  4  5  6  7  8 10 11 12 13 16 |  0  1  2  3  4  5  6  7  8  9 10 12 13 19 |
2          -0.10397684      |  0  1  2  3  4  5  6  7  8  9 11 12 13 15 |  0  1  2  3  4  5  6  7  8  9 10 11 13 18 |
4           0.09804833      |  0  1  2  3  4  5  6  7  8  9 10 13 14 16 |  0  1  2  3  4  5  6  7  8  9 10 12 15 16 |
4          -0.09804833      |  0  1  2  3  4  5  6  7  8  9 10 13 14 15 |  0  1  2  3  4  5  6  7  8  9 10 11 15 16 |
4          -0.09796239      |  0  1  2  3  4  5  6  7  8 10 12 13 15 16 |  0  1  2  3  4  5  6  7  8  9 10 13 16 19 |
4          -0.09796239      |  0  1  2  3  4  5  6  7  8  9 11 13 15 16 |  0  1  2  3  4  5  6  7  8  9 10 13 15 18 |
4           0.09788209      |  0  1  2  3  4  5  6  7  8 10 11 13 15 16 |  0  1  2  3  4  5  6  7  8  9 10 13 15 19 |
4           0.09788209      |  0  1  2  3  4  5  6  7  8  9 12 13 15 16 |  0  1  2  3  4  5  6  7  8  9 10 13 16 18 |
2           0.09462776      |  0  1  2  3  4  5  6  7  8 10 11 12 13 18 |  0  1  2  3  4  5  6  7  8  9 11 12 13 19 |
2           0.09401655      |  0  1  2  3  4  5  6  7  8 10 11 12 13 14 |  0  1  2  3  4  5  6  7  8  9 10 11 12 19 |
2          -0.09401655      |  0  1  2  3  4  5  6  7  8  9 11 12 13 14 |  0  1  2  3  4  5  6  7  8  9 10 11 12 18 |
4          -0.09082951      |  0  1  2  3  4  5  6  7  8 10 12 13 15 19 |  0  1  2  3  4  5  6  7  8 10 11 13 16 19 |
4          -0.09082951      |  0  1  2  3  4  5  6  7  8  9 12 13 15 18 |  0  1  2  3  4  5  6  7  8  9 11 13 16 18 |
4          -0.09070863      |  0  1  2  3  4  5  6  7  8  9 10 12 14 15 |  0  1  2  3  4  5  6  7  8  9 10 11 14 16 |
4          -0.08912178      |  0  1  2  3  4  5  6  7  8 10 12 13 16 18 |  0  1  2  3  4  5  6  7  8  9 12 13 16 19 |
----------------------------------------
HF energy: -2097.8716695608 Ha
Variational energy: -2099.8100685931 Ha
END OF eps_var 1.00e-04 << variation [0.8/23.8]GB [3.318/3.318/6.637]s

BEG OF eps_var 5.00e-05 << variation [0.8/23.8]GB [0.001/0.000/6.638]s
Loaded 11,311,437 dets from: wf_eps1_5.00e-05.dat
Effect dets (without time sym): 22,614,797
----------------------------------------
Excite Lv       # dets         Sum c^2
0                    1      0.00783718
1                  152      0.00001779
2                39602      0.13533827
3               222208      0.00426826
4              1432009      0.40028985
5              2694866      0.01991573
6              5844836      0.32551502
7              4309312      0.01832424
8              4991589      0.07898892
9              1564534      0.00399705
10             1259612      0.00524576
11              154044      0.00017259
12               97692      0.00008811
13                2786      0.00000101
14                1554      0.00000022
----------------------------------------
Orbital                        Sum c^2
0                           1.99599452
1                           1.99603165
2                           1.98850763
3                           1.98862145
4                           1.98862145
5                           1.98855035
6                           1.98855035
7                           1.98821623
8                           1.86486564
9                           1.12278582
10                          1.12278582
11                          1.02639900
12                          1.02639900
13                          1.12475963
14                          0.86217886
15                          0.95987252
16                          0.95987252
17                          0.10263094
18                          0.86328832
19                          0.86328832
20                          0.01065183
21                          0.01065183
22                          0.01257639
23                          0.00611341
24                          0.00611341
25                          0.00572142
26                          0.00559562
27                          0.00307215
28                          0.01047097
29                          0.01047097
30                          0.00667812
31                          0.00867026
32                          0.00867026
33                          0.00279502
34                          0.00279502
35                          0.00302435
36                          0.00302435
37                          0.00720416
38                          0.00720416
39                          0.00279571
40                          0.00332634
41                          0.00373487
42                          0.00373487
43                          0.00226100
44                          0.00025329
45                          0.00110913
46                          0.00110913
47                          0.00006808
48                          0.00006808
49                          0.00006770
Sum orbitals c^2: 28.00000000
----------------------------------------
Most important dets:
Excite Lv         Coef      Det (Reordered orb)
2           0.11580274      |  0  1  2  3  4  5  6  7  8  9 10 12 13 15 |  0  1  2  3  4  5  6  7  8  9 10 11 13 16 |
2           0.10369608      |  0  1  2  3  4  5  6  7  8 10 11 12 13 15 |  0  1  2  3  4  5  6  7  8  9 10 11 13 19 |
2           0.10369608      |  0  1  2  3  4  5  6  7  8  9 11 12 13 16 |  0  1  2  3  4  5  6  7  8  9 10 12 13 18 |
2          -0.10367675      |  0  1  2  3  4  5  6  7  8  9 10 11 13 14 |  0  1  2  3  4  5  6  7  8  9 10 11 12 15 |
2           0.10367675      |  0  1  2  3  4  5  6  7  8  9 10 12 13 14 |  0  1  2  3  4  5  6  7  8  9 10 11 12 16 |
2          -0.10348512      |  0  1  2  3  4  5  6  7  8  9 11 12 13 15 |  0  1  2  3  4  5  6  7  8  9 10 11 13 18 |
2          -0.10348512      |  0  1  2  3  4  5  6  7  8 10 11 12 13 16 |  0  1  2  3  4  5  6  7  8  9 10 12 13 19 |
4          -0.09712615      |  0  1  2  3  4  5  6  7  8  9 10 13 14 15 |  0  1  2  3  4  5  6  7  8  9 10 11 15 16 |
4           0.09712615      |  0  1  2  3  4  5  6  7  8  9 10 13 14 16 |  0  1  2  3  4  5  6  7  8  9 10 12 15 16 |
4          -0.09700925      |  0  1  2  3  4  5  6  7  8 10 12 13 15 16 |  0  1  2  3  4  5  6  7  8  9 10 13 16 19 |
4          -0.09700925      |  0  1  2  3  4  5  6  7  8  9 11 13 15 16 |  0  1  2  3  4  5  6  7  8  9 10 13 15 18 |
4           0.09689162      |  0  1  2  3  4  5  6  7  8  9 12 13 15 16 |  0  1  2  3  4  5  6  7  8  9 10 13 16 18 |
4           0.09689162      |  0  1  2  3  4  5  6  7  8 10 11 13 15 16 |  0  1  2  3  4  5  6  7  8  9 10 13 15 19 |
2           0.09336290      |  0  1  2  3  4  5  6  7  8 10 11 12 13 18 |  0  1  2  3  4  5  6  7  8  9 11 12 13 19 |
2          -0.09271901      |  0  1  2  3  4  5  6  7  8  9 11 12 13 14 |  0  1  2  3  4  5  6  7  8  9 10 11 12 18 |
2           0.09271901      |  0  1  2  3  4  5  6  7  8 10 11 12 13 14 |  0  1  2  3  4  5  6  7  8  9 10 11 12 19 |
4          -0.08932914      |  0  1  2  3  4  5  6  7  8  9 12 13 15 18 |  0  1  2  3  4  5  6  7  8  9 11 13 16 18 |
4          -0.08932914      |  0  1  2  3  4  5  6  7  8 10 12 13 15 19 |  0  1  2  3  4  5  6  7  8 10 11 13 16 19 |
4          -0.08926379      |  0  1  2  3  4  5  6  7  8  9 10 12 14 15 |  0  1  2  3  4  5  6  7  8  9 10 11 14 16 |
0           0.08852783      |  0  1  2  3  4  5  6  7  8  9 10 11 12 13 |  0  1  2  3  4  5  6  7  8  9 10 11 12 13 |
----------------------------------------
HF energy: -2097.8716695608 Ha
Variational energy: -2099.8227276776 Ha
END OF eps_var 5.00e-05 << variation [2.7/25.7]GB [9.717/9.717/16.354]s

BEG OF eps_var 3.00e-05 << variation [2.7/25.7]GB [0.001/0.000/16.355]s
Loaded 30,646,591 dets from: wf_eps1_3.00e-05.dat
Effect dets (without time sym): 61,282,764
----------------------------------------
Excite Lv       # dets         Sum c^2
0                    1      0.00827593
1                  164      0.00002944
2                50191      0.13764601
3               427664      0.00479992
4              2970878      0.39720713
5              7145602      0.02160610
6             14865778      0.32076747
7             13427716      0.01975822
8             13416345      0.07948571
9              5024678      0.00444052
10             3235489      0.00566384
11              463238      0.00021072
12              242816      0.00010723
13                8522      0.00000146
14                3682      0.00000031
----------------------------------------
Orbital                        Sum c^2
0                           1.99593418
1                           1.99597205
2                           1.98799619
3                           1.98813287
4                           1.98813287
5                           1.98805442
6                           1.98805442
7                           1.98769655
8                           1.84905275
9                           1.12942092
10                          1.12942092
11                          1.02771605
12                          1.02771605
13                          1.13109054
14                          0.85450783
15                          0.95664402
16                          0.95664402
17                          0.10776418
18                          0.85471569
19                          0.85471569
20                          0.01209559
21                          0.01209559
22                          0.01476541
23                          0.00659240
24                          0.00659240
25                          0.00616326
26                          0.00639636
27                          0.00319240
28                          0.01361999
29                          0.01361999
30                          0.00785728
31                          0.00967897
32                          0.00967897
33                          0.00289433
34                          0.00289433
35                          0.00314599
36                          0.00314599
37                          0.00790566
38                          0.00790566
39                          0.00288802
40                          0.00342221
41                          0.00396478
42                          0.00396478
43                          0.00249260
44                          0.00027671
45                          0.00182652
46                          0.00182652
47                          0.00007883
48                          0.00007883
49                          0.00008720
Sum orbitals c^2: 28.00000000
----------------------------------------
Most important dets:
Excite Lv         Coef      Det (Reordered orb)
2           0.11751472      |  0  1  2  3  4  5  6  7  8  9 10 12 13 15 |  0  1  2  3  4  5  6  7  8  9 10 11 13 16 |
2           0.10445760      |  0  1  2  3  4  5  6  7  8  9 10 12 13 14 |  0  1  2  3  4  5  6  7  8  9 10 11 12 16 |
2          -0.10445760      |  0  1  2  3  4  5  6  7  8  9 10 11 13 14 |  0  1  2  3  4  5  6  7  8  9 10 11 12 15 |
2           0.10433727      |  0  1  2  3  4  5  6  7  8  9 11 12 13 16 |  0  1  2  3  4  5  6  7  8  9 10 12 13 18 |
2           0.10433727      |  0  1  2  3  4  5  6  7  8 10 11 12 13 15 |  0  1  2  3  4  5  6  7  8  9 10 11 13 19 |
2          -0.10408429      |  0  1  2  3  4  5  6  7  8 10 11 12 13 16 |  0  1  2  3  4  5  6  7  8  9 10 12 13 19 |
2          -0.10408429      |  0  1  2  3  4  5  6  7  8  9 11 12 13 15 |  0  1  2  3  4  5  6  7  8  9 10 11 13 18 |
4           0.09731286      |  0  1  2  3  4  5  6  7  8  9 10 13 14 16 |  0  1  2  3  4  5  6  7  8  9 10 12 15 16 |
4          -0.09731286      |  0  1  2  3  4  5  6  7  8  9 10 13 14 15 |  0  1  2  3  4  5  6  7  8  9 10 11 15 16 |
4          -0.09706082      |  0  1  2  3  4  5  6  7  8 10 12 13 15 16 |  0  1  2  3  4  5  6  7  8  9 10 13 16 19 |
4          -0.09706082      |  0  1  2  3  4  5  6  7  8  9 11 13 15 16 |  0  1  2  3  4  5  6  7  8  9 10 13 15 18 |
4           0.09692531      |  0  1  2  3  4  5  6  7  8  9 12 13 15 16 |  0  1  2  3  4  5  6  7  8  9 10 13 16 18 |
4           0.09692531      |  0  1  2  3  4  5  6  7  8 10 11 13 15 16 |  0  1  2  3  4  5  6  7  8  9 10 13 15 19 |
2           0.09318838      |  0  1  2  3  4  5  6  7  8 10 11 12 13 18 |  0  1  2  3  4  5  6  7  8  9 11 12 13 19 |
2          -0.09258853      |  0  1  2  3  4  5  6  7  8  9 11 12 13 14 |  0  1  2  3  4  5  6  7  8  9 10 11 12 18 |
2           0.09258853      |  0  1  2  3  4  5  6  7  8 10 11 12 13 14 |  0  1  2  3  4  5  6  7  8  9 10 11 12 19 |
0           0.09097214      |  0  1  2  3  4  5  6  7  8  9 10 11 12 13 |  0  1  2  3  4  5  6  7  8  9 10 11 12 13 |
4          -0.08897676      |  0  1  2  3  4  5  6  7  8  9 10 12 14 15 |  0  1  2  3  4  5  6  7  8  9 10 11 14 16 |
4          -0.08887442      |  0  1  2  3  4  5  6  7  8  9 12 13 15 18 |  0  1  2  3  4  5  6  7  8  9 11 13 16 18 |
4          -0.08887442      |  0  1  2  3  4  5  6  7  8 10 12 13 15 19 |  0  1  2  3  4  5  6  7  8 10 11 13 16 19 |
----------------------------------------
HF energy: -2097.8716695608 Ha
Variational energy: -2099.8360616805 Ha
END OF eps_var 3.00e-05 << variation [4.9/27.9]GB [26.228/26.228/42.582]s

BEG OF eps_var 2.00e-05 << variation [4.9/27.9]GB [0.001/0.000/42.582]s
Loaded 69,697,893 dets from: wf_eps1_2.00e-05.dat
Effect dets (without time sym): 139,382,099
----------------------------------------
Excite Lv       # dets         Sum c^2
0                    1      0.00850498
1                  174      0.00004288
2                58889      0.13879274
3               702070      0.00530402
4              5422195      0.39501467
5             15132666      0.02342230
6             31819312      0.31713386
7             32451178      0.02145165
8             31114770      0.07921155
9             13410694      0.00491534
10             7455724      0.00584267
11             1258742      0.00024305
12              523168      0.00011810
13               24278      0.00000183
14                8238      0.00000038
----------------------------------------
Orbital                        Sum c^2
0                           1.99583492
1                           1.99587731
2                           1.98743038
3                           1.98760382
4                           1.98760382
5                           1.98752133
6                           1.98752133
7                           1.98711105
8                           1.84501777
9                           1.13216735
10                          1.13216735
11                          1.02849527
12                          1.02849527
13                          1.13300080
14                          0.85062323
15                          0.95418067
16                          0.95418067
17                          0.10435283
18                          0.85010542
19                          0.85010542
20                          0.01326846
21                          0.01326846
22                          0.01681496
23                          0.00706031
24                          0.00706031
25                          0.00660330
26                          0.00744259
27                          0.00332861
28                          0.01614879
29                          0.01614879
30                          0.00816897
31                          0.01047365
32                          0.01047365
33                          0.00301140
34                          0.00301140
35                          0.00328195
36                          0.00328195
37                          0.00845105
38                          0.00845105
39                          0.00299684
40                          0.00361549
41                          0.00438144
42                          0.00438144
43                          0.00263823
44                          0.00030888
45                          0.00234377
46                          0.00234377
47                          0.00008768
48                          0.00008768
49                          0.00010941
Sum orbitals c^2: 28.00000000
----------------------------------------
Most important dets:
Excite Lv         Coef      Det (Reordered orb)
2           0.11811184      |  0  1  2  3  4  5  6  7  8  9 10 12 13 15 |  0  1  2  3  4  5  6  7  8  9 10 11 13 16 |
2          -0.10490270      |  0  1  2  3  4  5  6  7  8  9 10 11 13 14 |  0  1  2  3  4  5  6  7  8  9 10 11 12 15 |
2           0.10490270      |  0  1  2  3  4  5  6  7  8  9 10 12 13 14 |  0  1  2  3  4  5  6  7  8  9 10 11 12 16 |
2           0.10464633      |  0  1  2  3  4  5  6  7  8  9 11 12 13 16 |  0  1  2  3  4  5  6  7  8  9 10 12 13 18 |
2           0.10464633      |  0  1  2  3  4  5  6  7  8 10 11 12 13 15 |  0  1  2  3  4  5  6  7  8  9 10 11 13 19 |
2          -0.10438337      |  0  1  2  3  4  5  6  7  8 10 11 12 13 16 |  0  1  2  3  4  5  6  7  8  9 10 12 13 19 |
2          -0.10438337      |  0  1  2  3  4  5  6  7  8  9 11 12 13 15 |  0  1  2  3  4  5  6  7  8  9 10 11 13 18 |
4           0.09738465      |  0  1  2  3  4  5  6  7  8  9 10 13 14 16 |  0  1  2  3  4  5  6  7  8  9 10 12 15 16 |
4          -0.09738465      |  0  1  2  3  4  5  6  7  8  9 10 13 14 15 |  0  1  2  3  4  5  6  7  8  9 10 11 15 16 |
4          -0.09699306      |  0  1  2  3  4  5  6  7  8 10 12 13 15 16 |  0  1  2  3  4  5  6  7  8  9 10 13 16 19 |
4          -0.09699306      |  0  1  2  3  4  5  6  7  8  9 11 13 15 16 |  0  1  2  3  4  5  6  7  8  9 10 13 15 18 |
4           0.09685375      |  0  1  2  3  4  5  6  7  8 10 11 13 15 16 |  0  1  2  3  4  5  6  7  8  9 10 13 15 19 |
4           0.09685375      |  0  1  2  3  4  5  6  7  8  9 12 13 15 16 |  0  1  2  3  4  5  6  7  8  9 10 13 16 18 |
2           0.09328335      |  0  1  2  3  4  5  6  7  8 10 11 12 13 18 |  0  1  2  3  4  5  6  7  8  9 11 12 13 19 |
2           0.09273726      |  0  1  2  3  4  5  6  7  8 10 11 12 13 14 |  0  1  2  3  4  5  6  7  8  9 10 11 12 19 |
2          -0.09273726      |  0  1  2  3  4  5  6  7  8  9 11 12 13 14 |  0  1  2  3  4  5  6  7  8  9 10 11 12 18 |
0           0.09222243      |  0  1  2  3  4  5  6  7  8  9 10 11 12 13 |  0  1  2  3  4  5  6  7  8  9 10 11 12 13 |
4          -0.08884973      |  0  1  2  3  4  5  6  7  8  9 10 12 14 15 |  0  1  2  3  4  5  6  7  8  9 10 11 14 16 |
4          -0.08859486      |  0  1  2  3  4  5  6  7  8 10 12 13 15 19 |  0  1  2  3  4  5  6  7  8 10 11 13 16 19 |
4          -0.08859486      |  0  1  2  3  4  5  6  7  8  9 12 13 15 18 |  0  1  2  3  4  5  6  7  8  9 11 13 16 18 |
----------------------------------------
HF energy: -2097.8716695608 Ha
Variational energy: -2099.8477455903 Ha
END OF eps_var 2.00e-05 << variation [12.6/35.6]GB [46.108/46.108/88.690]s

BEG OF eps_var 1.00e-05 << variation [12.6/35.6]GB [0.001/0.000/88.690]s
Loaded 256,641,144 dets from: wf_eps1_1.00e-05.dat
Effect dets (without time sym): 513,253,386
----------------------------------------
Excite Lv       # dets         Sum c^2
0                    1      0.00849856
1                  184      0.00006501
2                71500      0.13816261
3              1473756      0.00605339
4             13656214      0.39135098
5             46104190      0.02645839
6            102727556      0.31359115
7            125225534      0.02448941
8            120356948      0.07907080
9             63748040      0.00577845
10            31029442      0.00604922
11             6728788      0.00029933
12             1983799      0.00012987
13              117664      0.00000238
14               29770      0.00000046
----------------------------------------
Orbital                        Sum c^2
0                           1.99557181
1                           1.99562013
2                           1.98645941
3                           1.98668789
4                           1.98668789
5                           1.98660206
6                           1.98660206
7                           1.98612086
8                           1.83993990
9                           1.13305501
10                          1.13305501
11                          1.02843970
12                          1.02843970
13                          1.13154648
14                          0.84867324
15                          0.95159385
16                          0.95159385
17                          0.09993573
18                          0.84648536
19                          0.84648536
20                          0.01481029
21                          0.01481029
22                          0.01966172
23                          0.00764885
24                          0.00764885
25                          0.00713255
26                          0.00931078
27                          0.00356903
28                          0.01941027
29                          0.01941027
30                          0.00871527
31                          0.01152432
32                          0.01152432
33                          0.00322246
34                          0.00322246
35                          0.00351633
36                          0.00351633
37                          0.00913806
38                          0.00913806
39                          0.00319612
40                          0.00418006
41                          0.00541121
42                          0.00541121
43                          0.00283984
44                          0.00041428
45                          0.00293852
46                          0.00293852
47                          0.00012219
48                          0.00012219
49                          0.00014883
Sum orbitals c^2: 28.00000000
----------------------------------------
Most important dets:
Excite Lv         Coef      Det (Reordered orb)
2           0.11762243      |  0  1  2  3  4  5  6  7  8  9 10 12 13 15 |  0  1  2  3  4  5  6  7  8  9 10 11 13 16 |
2           0.10486302      |  0  1  2  3  4  5  6  7  8  9 10 12 13 14 |  0  1  2  3  4  5  6  7  8  9 10 11 12 16 |
2          -0.10486302      |  0  1  2  3  4  5  6  7  8  9 10 11 13 14 |  0  1  2  3  4  5  6  7  8  9 10 11 12 15 |
2           0.10425798      |  0  1  2  3  4  5  6  7  8 10 11 12 13 15 |  0  1  2  3  4  5  6  7  8  9 10 11 13 19 |
2           0.10425798      |  0  1  2  3  4  5  6  7  8  9 11 12 13 16 |  0  1  2  3  4  5  6  7  8  9 10 12 13 18 |
2          -0.10402855      |  0  1  2  3  4  5  6  7  8 10 11 12 13 16 |  0  1  2  3  4  5  6  7  8  9 10 12 13 19 |
2          -0.10402855      |  0  1  2  3  4  5  6  7  8  9 11 12 13 15 |  0  1  2  3  4  5  6  7  8  9 10 11 13 18 |
4           0.09711511      |  0  1  2  3  4  5  6  7  8  9 10 13 14 16 |  0  1  2  3  4  5  6  7  8  9 10 12 15 16 |
4          -0.09711511      |  0  1  2  3  4  5  6  7  8  9 10 13 14 15 |  0  1  2  3  4  5  6  7  8  9 10 11 15 16 |
4          -0.09639980      |  0  1  2  3  4  5  6  7  8 10 12 13 15 16 |  0  1  2  3  4  5  6  7  8  9 10 13 16 19 |
4          -0.09639980      |  0  1  2  3  4  5  6  7  8  9 11 13 15 16 |  0  1  2  3  4  5  6  7  8  9 10 13 15 18 |
4           0.09628511      |  0  1  2  3  4  5  6  7  8  9 12 13 15 16 |  0  1  2  3  4  5  6  7  8  9 10 13 16 18 |
4           0.09628511      |  0  1  2  3  4  5  6  7  8 10 11 13 15 16 |  0  1  2  3  4  5  6  7  8  9 10 13 15 19 |
2           0.09297365      |  0  1  2  3  4  5  6  7  8 10 11 12 13 18 |  0  1  2  3  4  5  6  7  8  9 11 12 13 19 |
2           0.09271833      |  0  1  2  3  4  5  6  7  8 10 11 12 13 14 |  0  1  2  3  4  5  6  7  8  9 10 11 12 19 |
2          -0.09271833      |  0  1  2  3  4  5  6  7  8  9 11 12 13 14 |  0  1  2  3  4  5  6  7  8  9 10 11 12 18 |
0           0.09218765      |  0  1  2  3  4  5  6  7  8  9 10 11 12 13 |  0  1  2  3  4  5  6  7  8  9 10 11 12 13 |
4          -0.08853672      |  0  1  2  3  4  5  6  7  8  9 10 12 14 15 |  0  1  2  3  4  5  6  7  8  9 10 11 14 16 |
4          -0.08791500      |  0  1  2  3  4  5  6  7  8  9 12 13 15 18 |  0  1  2  3  4  5  6  7  8  9 11 13 16 18 |
4          -0.08791500      |  0  1  2  3  4  5  6  7  8 10 12 13 15 19 |  0  1  2  3  4  5  6  7  8 10 11 13 16 19 |
----------------------------------------
HF energy: -2097.8716695608 Ha
Variational energy: -2099.8650643980 Ha
END OF eps_var 1.00e-05 << variation [50.7/73.7]GB [233.083/233.083/321.773]s

BEG OF eps_var 5.00e-06 << variation [50.7/73.7]GB [0.001/0.000/321.773]s

BEG OF main << eps_var 5.00e-06 << variation [50.7/73.7]GB [0.004/0.000/321.777]s

BEG OF #1 << main << eps_var 5.00e-06 << variation [52.7/75.7]GB [0.688/0.001/322.465]s
20% 40% 60% 80% 100% 
Number of dets / new dets: 729,271,640 / 472,630,496
END OF get next det list [154.4/177.4]GB [1524.532/1524.532/1846.996]s
END OF update unique ab [189.6/212.6]GB [1813.641/3338.173/3660.637]s
END OF create abm1 [215.1/238.1]GB [1429.322/4767.494/5089.959]s
Outer size of a/b singles: 45,695,269 / 0
Full size of absingles: 5,637,921,144
END OF create absingles [284.0/307.0]GB [914.673/5682.167/6004.631]s
10% 20% 30% 40% 50% 60% 70% 80% 90% 100% 
Number of nonzero elems: 338,604,794,264
END OF generate sparse hamiltonian [2135.0/2158.0]GB [52393.881/58076.047/58398.512]s
Davidson #0: -2099.8650643973
Davidson #1: -2099.8759863144
Davidson #2: -2099.8764174054
Davidson #3: -2099.8765191755
Davidson #4: -2099.8765578612
Davidson #5: -2099.8765712130
Davidson #6: -2099.8765794947
Davidson #7: -2099.8765885091
Davidson #8: -2099.8765943315
END OF diagonalize sparse hamiltonian [2226.9/2249.9]GB [3385.585/61461.632/61784.096]s
Iteration 1 eps1= 5.00e-06 ndets= 729,271,640 energy= -2099.87659433
END OF #1 << main << eps_var 5.00e-06 << variation [2226.9/2249.9]GB [0.005/61461.632/61784.096]s

BEG OF #2 << main << eps_var 5.00e-06 << variation [2226.9/2249.9]GB [1.478/0.001/61785.574]s
20% 40% 60% 80% 100% 
Number of dets / new dets: 776,358,901 / 47,087,261
END OF get next det list [2345.6/2368.6]GB [1225.836/1225.836/63011.409]s
END OF update unique ab [2345.8/2368.8]GB [225.727/1451.562/63237.136]s
END OF create abm1 [2345.8/2368.8]GB [276.927/1728.489/63514.062]s
Outer size of a/b singles: 47,899,632 / 0
Full size of absingles: 3,746,575,528
END OF create absingles [2345.8/2368.8]GB [147.211/1875.699/63661.273]s
10% 20% 30% 40% 50% 60% 70% 80% 90% 100% 
Number of nonzero elems: 366,772,860,939
END OF generate sparse hamiltonian [2305.9/2328.9]GB [31101.990/32977.688/94763.262]s
Davidson #0: -2099.8765943304
Davidson #1: -2099.8771914641
Davidson #2: -2099.8772167728
Davidson #3: -2099.8772251476
Davidson #4: -2099.8772329124
Davidson #5: -2099.8772357620
Davidson #6: -2099.8772384783
Davidson #7: -2099.8772426863
Davidson #8: -2099.8772455925
END OF diagonalize sparse hamiltonian [2403.2/2426.2]GB [3669.459/36647.147/98432.720]s
Iteration 2 eps1= 5.00e-06 ndets= 776,358,901 energy= -2099.87724559
END OF #2 << main << eps_var 5.00e-06 << variation [2403.2/2426.2]GB [0.001/36647.147/98432.720]s

BEG OF #3 << main << eps_var 5.00e-06 << variation [2403.2/2426.2]GB [1.604/0.001/98434.324]s
20% 40% 60% 80% 100% 
Number of dets / new dets: 787,642,755 / 11,283,854
END OF get next det list [2421.7/2444.7]GB [946.124/946.124/99380.447]s
END OF update unique ab [2421.8/2444.8]GB [64.942/1011.065/99445.388]s
END OF create abm1 [2421.8/2444.8]GB [94.367/1105.432/99539.755]s
Outer size of a/b singles: 48,415,464 / 0
Full size of absingles: 2,081,851,220
END OF create absingles [2422.9/2445.9]GB [50.248/1155.679/99590.002]s
10% 20% 30% 40% 50% 60% 70% 80% 90% 100% 
Number of nonzero elems: 374,260,145,083
END OF generate sparse hamiltonian [2420.4/2443.4]GB [8869.367/10025.045/108459.368]s
Davidson #0: -2099.8772455907
Davidson #1: -2099.8773723699
Davidson #2: -2099.8773814161
Davidson #3: -2099.8773830513
Davidson #4: -2099.8773842752
Davidson #5: -2099.8773848341
Davidson #6: -2099.8773854134
Davidson #7: -2099.8773868647
Davidson #8: -2099.8773878794
END OF diagonalize sparse hamiltonian [2456.6/2479.6]GB [3406.568/13431.613/111865.936]s
Iteration 3 eps1= 5.00e-06 ndets= 787,642,755 energy= -2099.87738788
END OF #3 << main << eps_var 5.00e-06 << variation [2456.6/2479.6]GB [0.001/13431.613/111865.936]s

BEG OF #4 << main << eps_var 5.00e-06 << variation [2456.6/2479.6]GB [0.019/0.001/111865.955]s
20% 40% 60% 80% 100% 
Number of dets / new dets: 792,633,502 / 4,990,747
END OF get next det list [2506.3/2529.3]GB [640.293/640.293/112506.247]s
END OF update unique ab [2506.3/2529.3]GB [40.075/680.367/112546.322]s
END OF create abm1 [2506.7/2529.7]GB [53.375/733.742/112599.696]s
Outer size of a/b singles: 48,644,090 / 0
Full size of absingles: 1,464,911,068
END OF create absingles [2507.2/2530.2]GB [31.778/765.518/112631.473]s
10% 20% 30% 40% 50% 60% 70% 80% 90% 100% 
Number of nonzero elems: 377,718,633,196
END OF generate sparse hamiltonian [2513.7/2536.7]GB [4945.982/5711.500/117577.454]s
Davidson #0: -2099.8773878786
Davidson #1: -2099.8774451622
Davidson #2: -2099.8774468940
Davidson #3: -2099.8774474362
Davidson #4: -2099.8774477410
Davidson #5: -2099.8774478487
Davidson #6: -2099.8774480373
Davidson #7: -2099.8774483453
Davidson #8: -2099.8774487381
END OF diagonalize sparse hamiltonian [2512.6/2535.6]GB [3194.868/8906.367/120772.321]s
Iteration 4 eps1= 5.00e-06 ndets= 792,633,502 energy= -2099.87744874
END OF #4 << main << eps_var 5.00e-06 << variation [2512.6/2535.6]GB [0.001/8906.367/120772.322]s

BEG OF #5 << main << eps_var 5.00e-06 << variation [2512.6/2535.6]GB [0.008/0.000/120772.330]s
20% 40% 60% 80% 100% 
Number of dets / new dets: 794,254,513 / 1,621,011
END OF get next det list [2630.9/2653.9]GB [451.344/451.344/121223.674]s
END OF update unique ab [2631.0/2654.0]GB [23.017/474.361/121246.690]s
END OF create abm1 [2631.2/2654.2]GB [21.554/495.914/121268.244]s
Outer size of a/b singles: 48,718,858 / 0
Full size of absingles: 788,419,440
END OF create absingles [2632.5/2655.5]GB [17.819/513.732/121286.062]s
10% 20% 30% 40% 50% 60% 70% 80% 90% 100% 
Number of nonzero elems: 378,902,797,249
END OF generate sparse hamiltonian [2633.6/2656.6]GB [3021.050/3534.782/124307.111]s
Davidson #0: -2099.8774487392
Davidson #1: -2099.8774674560
Davidson #2: -2099.8774686619
Davidson #3: -2099.8774688683
Davidson #4: -2099.8774689729
Davidson #5: -2099.8774690130
Davidson #6: -2099.8774690768
Davidson #7: -2099.8774692134
Davidson #8: -2099.8774693563
END OF diagonalize sparse hamiltonian [2632.4/2655.4]GB [2849.541/6384.322/127156.651]s
Iteration 5 eps1= 5.00e-06 ndets= 794,254,513 energy= -2099.87746936
END OF #5 << main << eps_var 5.00e-06 << variation [2632.4/2655.4]GB [0.001/6384.322/127156.651]s

BEG OF #6 << main << eps_var 5.00e-06 << variation [2632.4/2655.4]GB [0.003/0.000/127156.655]s
20% 40% 60% 80% 100% 
Number of dets / new dets: 795,067,090 / 812,577
END OF get next det list [2757.0/2780.0]GB [294.033/294.033/127450.687]s
END OF update unique ab [2757.0/2780.0]GB [16.231/310.263/127466.917]s
END OF create abm1 [2757.1/2780.1]GB [10.296/320.559/127477.213]s
Outer size of a/b singles: 48,760,608 / 0
Full size of absingles: 496,130,076
END OF create absingles [2758.5/2781.5]GB [13.181/333.739/127490.394]s
10% 20% 30% 40% 50% 60% 70% 80% 90% 100% 
Number of nonzero elems: 379,459,184,120
END OF generate sparse hamiltonian [2758.8/2781.8]GB [2449.134/2782.873/129939.527]s
Davidson #0: -2099.8774693562
Davidson #1: -2099.8774799086
Davidson #2: -2099.8774801553
Davidson #3: -2099.8774802306
Davidson #4: -2099.8774802769
Davidson #5: -2099.8774802913
Davidson #6: -2099.8774803187
Davidson #7: -2099.8774803609
Davidson #8: -2099.8774804385
END OF diagonalize sparse hamiltonian [2757.8/2780.8]GB [2806.678/5589.550/132746.204]s
Iteration 6 eps1= 5.00e-06 ndets= 795,067,090 energy= -2099.87748044
END OF #6 << main << eps_var 5.00e-06 << variation [2757.8/2780.8]GB [0.001/5589.550/132746.204]s

BEG OF #7 << main << eps_var 5.00e-06 << variation [2757.8/2780.8]GB [0.002/0.000/132746.206]s
20% 40% 60% 80% 100% 
Number of dets / new dets: 795,542,364 / 475,274
END OF get next det list [2882.4/2905.4]GB [279.262/279.262/133025.468]s
END OF update unique ab [2882.4/2905.4]GB [12.832/292.094/133038.300]s
END OF create abm1 [2882.5/2905.5]GB [7.110/299.203/133045.409]s
Outer size of a/b singles: 48,786,777 / 0
Full size of absingles: 340,331,318
END OF create absingles [2883.8/2906.8]GB [10.076/309.278/133055.484]s
10% 20% 30% 40% 50% 60% 70% 80% 90% 100% 
Number of nonzero elems: 379,770,925,790
END OF generate sparse hamiltonian [2883.7/2906.7]GB [2184.627/2493.904/135240.110]s
Davidson #0: -2099.8774804384
Davidson #1: -2099.8774865767
Davidson #2: -2099.8774867812
Davidson #3: -2099.8774868245
Davidson #4: -2099.8774868472
Davidson #5: -2099.8774868530
Davidson #6: -2099.8774868613
Davidson #7: -2099.8774868780
Davidson #8: -2099.8774868978
END OF diagonalize sparse hamiltonian [2882.7/2905.7]GB [2876.837/5370.741/138116.946]s
Iteration 7 eps1= 5.00e-06 ndets= 795,542,364 energy= -2099.87748690
END OF #7 << main << eps_var 5.00e-06 << variation [2882.7/2905.7]GB [0.001/5370.741/138116.947]s

BEG OF #8 << main << eps_var 5.00e-06 << variation [2882.7/2905.7]GB [0.002/0.000/138116.948]s
Davidson #0: -2099.8774868988
Davidson #1: -2099.8774869099
Davidson #2: -2099.8774869196
Davidson #3: -2099.8774869250
Davidson #4: -2099.8774869281
Davidson #5: -2099.8774869303
Davidson #6: -2099.8774869334
Davidson #7: -2099.8774869395
Davidson #8: -2099.8774869447
END OF diagonalize sparse hamiltonian [2877.0/2900.0]GB [2963.474/2963.474/141080.422]s
Iteration 8 eps1= 5.00e-06 ndets= 795,542,364 energy= -2099.87748694
END OF #8 << main << eps_var 5.00e-06 << variation [2877.0/2900.0]GB [0.001/2963.474/141080.422]s

BEG OF #9 << main << eps_var 5.00e-06 << variation [2877.0/2900.0]GB [0.000/0.000/141080.422]s
Davidson #0: -2099.8774869449
Davidson #1: -2099.8774869491
Davidson #2: -2099.8774869531
Davidson #3: -2099.8774869551
Davidson #4: -2099.8774869563
Davidson #5: -2099.8774869573
Davidson #6: -2099.8774869589
Davidson #7: -2099.8774869618
Davidson #8: -2099.8774869643
END OF diagonalize sparse hamiltonian [2871.0/2894.0]GB [3041.268/3041.268/144121.691]s
Iteration 9 eps1= 5.00e-06 ndets= 795,542,364 energy= -2099.87748696
END OF #9 << main << eps_var 5.00e-06 << variation [2871.0/2894.0]GB [0.001/3041.269/144121.691]s

BEG OF #10 << main << eps_var 5.00e-06 << variation [2871.0/2894.0]GB [0.000/0.000/144121.691]s
Davidson #0: -2099.8774869645
Davidson #1: -2099.8774869666
Davidson #2: -2099.8774869686
Davidson #3: -2099.8774869696
Davidson #4: -2099.8774869703
Davidson #5: -2099.8774869706
Davidson #6: -2099.8774869715
Davidson #7: -2099.8774869730
Davidson #8: -2099.8774869744
END OF diagonalize sparse hamiltonian [2864.9/2887.9]GB [2821.545/2821.545/146943.236]s
Iteration 10 eps1= 5.00e-06 ndets= 795,542,364 energy= -2099.87748697
END OF #10 << main << eps_var 5.00e-06 << variation [2864.9/2887.9]GB [0.001/2821.545/146943.236]s

BEG OF #11 << main << eps_var 5.00e-06 << variation [2864.9/2887.9]GB [0.000/0.000/146943.237]s
Davidson #0: -2099.8774869745
Davidson #1: -2099.8774869757
Davidson #2: -2099.8774869768
Davidson #3: -2099.8774869774
Davidson #4: -2099.8774869778
Davidson #5: -2099.8774869783
Davidson #6: -2099.8774869788
Davidson #7: -2099.8774869797
Davidson #8: -2099.8774869805
END OF diagonalize sparse hamiltonian [2858.8/2881.8]GB [2748.011/2748.011/149691.248]s
Iteration 11 eps1= 5.00e-06 ndets= 795,542,364 energy= -2099.87748698
END OF #11 << main << eps_var 5.00e-06 << variation [2858.8/2881.8]GB [0.001/2748.011/149691.248]s

BEG OF #12 << main << eps_var 5.00e-06 << variation [2858.8/2881.8]GB [0.000/0.000/149691.248]s
Davidson #0: -2099.8774869802
Davidson #1: -2099.8774869809
Davidson #2: -2099.8774869816
Davidson #3: -2099.8774869819
Davidson #4: -2099.8774869821
Davidson #5: -2099.8774869820
Davidson #6: -2099.8774869823
Davidson #7: -2099.8774869828
Davidson #8: -2099.8774869833
END OF diagonalize sparse hamiltonian [2852.5/2875.6]GB [2724.066/2724.066/152415.314]s
Iteration 12 eps1= 5.00e-06 ndets= 795,542,364 energy= -2099.87748698
END OF #12 << main << eps_var 5.00e-06 << variation [2852.5/2875.6]GB [0.001/2724.066/152415.314]s

BEG OF #13 << main << eps_var 5.00e-06 << variation [2852.5/2875.6]GB [0.000/0.000/152415.314]s
Davidson #0: -2099.8774869835
Davidson #1: -2099.8774869839
Davidson #2: -2099.8774869843
Davidson #3: -2099.8774869845
Davidson #4: -2099.8774869847
Davidson #5: -2099.8774869846
Davidson #6: -2099.8774869848
Davidson #7: -2099.8774869851
Davidson #8: -2099.8774869854
END OF diagonalize sparse hamiltonian [2846.4/2869.4]GB [2751.454/2751.454/155166.768]s
Iteration 13 eps1= 5.00e-06 ndets= 795,542,364 energy= -2099.87748699
END OF #13 << main << eps_var 5.00e-06 << variation [2846.4/2869.4]GB [0.001/2751.454/155166.768]s

BEG OF #14 << main << eps_var 5.00e-06 << variation [2846.4/2869.4]GB [0.000/0.000/155166.768]s
Davidson #0: -2099.8774869861
Davidson #1: -2099.8774869864
Davidson #2: -2099.8774869867
Davidson #3: -2099.8774869868
Davidson #4: -2099.8774869869
Davidson #5: -2099.8774869866
Davidson #6: -2099.8774869868
Davidson #7: -2099.8774869870
Davidson #8: -2099.8774869872
END OF diagonalize sparse hamiltonian [2840.3/2863.3]GB [2652.258/2652.258/157819.027]s
Iteration 14 eps1= 5.00e-06 ndets= 795,542,364 energy= -2099.87748699
END OF #14 << main << eps_var 5.00e-06 << variation [2840.3/2863.3]GB [0.001/2652.259/157819.027]s

BEG OF #15 << main << eps_var 5.00e-06 << variation [2840.3/2863.3]GB [0.001/0.000/157819.027]s
Davidson #0: -2099.8774869868
Davidson #1: -2099.8774869870
Davidson #2: -2099.8774869872
Davidson #3: -2099.8774869873
Davidson #4: -2099.8774869873
Davidson #5: -2099.8774869875
Davidson #6: -2099.8774869875
Davidson #7: -2099.8774869877
Davidson #8: -2099.8774869878
END OF diagonalize sparse hamiltonian [2846.6/2869.6]GB [2664.179/2664.179/160483.205]s
Iteration 15 eps1= 5.00e-06 ndets= 795,542,364 energy= -2099.87748699
END OF #15 << main << eps_var 5.00e-06 << variation [2846.6/2869.6]GB [0.001/2664.179/160483.206]s

BEG OF #16 << main << eps_var 5.00e-06 << variation [2846.6/2869.6]GB [0.000/0.000/160483.206]s
Davidson #0: -2099.8774869880
Davidson #1: -2099.8774869881
Davidson #2: -2099.8774869882
Davidson #3: -2099.8774869883
Davidson #4: -2099.8774869883
Davidson #5: -2099.8774869876
Davidson #6: -2099.8774869877
Davidson #7: -2099.8774869878
Davidson #8: -2099.8774869879
END OF diagonalize sparse hamiltonian [2840.4/2863.4]GB [2655.865/2655.865/163139.070]s
Iteration 16 eps1= 5.00e-06 ndets= 795,542,364 energy= -2099.87748699
END OF #16 << main << eps_var 5.00e-06 << variation [2840.4/2863.4]GB [0.001/2655.865/163139.071]s

BEG OF #17 << main << eps_var 5.00e-06 << variation [2840.4/2863.4]GB [0.000/0.000/163139.071]s
Davidson #0: -2099.8774869881
Davidson #1: -2099.8774869881
Davidson #2: -2099.8774869882
Davidson #3: -2099.8774869883
Davidson #4: -2099.8774869883
Davidson #5: -2099.8774869889
Davidson #6: -2099.8774869889
Davidson #7: -2099.8774869890
Davidson #8: -2099.8774869891
END OF diagonalize sparse hamiltonian [2840.3/2863.3]GB [2701.862/2701.862/165840.933]s
Iteration 17 eps1= 5.00e-06 ndets= 795,542,364 energy= -2099.87748699
END OF #17 << main << eps_var 5.00e-06 << variation [2840.3/2863.3]GB [0.001/2701.862/165840.933]s

BEG OF #18 << main << eps_var 5.00e-06 << variation [2840.3/2863.3]GB [0.000/0.000/165840.933]s
Davidson #0: -2099.8774869906
Davidson #1: -2099.8774869907
Davidson #2: -2099.8774869908
Davidson #3: -2099.8774869908
Davidson #4: -2099.8774869908
Davidson #5: -2099.8774869882
Davidson #6: -2099.8774869882
Davidson #7: -2099.8774869883
Davidson #8: -2099.8774869883
END OF diagonalize sparse hamiltonian [2834.1/2857.1]GB [2614.162/2614.162/168455.095]s
Iteration 18 eps1= 5.00e-06 ndets= 795,542,364 energy= -2099.87748699
END OF #18 << main << eps_var 5.00e-06 << variation [2834.1/2857.1]GB [0.001/2614.163/168455.095]s

BEG OF #19 << main << eps_var 5.00e-06 << variation [2834.1/2857.1]GB [0.000/0.000/168455.096]s
Davidson #0: -2099.8774869899
Davidson #1: -2099.8774869899
Davidson #2: -2099.8774869899
Davidson #3: -2099.8774869900
Davidson #4: -2099.8774869900
Davidson #5: -2099.8774869890
Davidson #6: -2099.8774869891
Davidson #7: -2099.8774869891
Davidson #8: -2099.8774869891
END OF diagonalize sparse hamiltonian [2840.3/2863.3]GB [2646.313/2646.313/171101.408]s
Iteration 19 eps1= 5.00e-06 ndets= 795,542,364 energy= -2099.87748699
END OF #19 << main << eps_var 5.00e-06 << variation [2840.3/2863.3]GB [0.001/2646.313/171101.409]s

BEG OF #20 << main << eps_var 5.00e-06 << variation [2840.3/2863.3]GB [0.000/0.000/171101.409]s
Davidson #0: -2099.8774869902
Davidson #1: -2099.8774869903
Davidson #2: -2099.8774869903
Davidson #3: -2099.8774869903
Davidson #4: -2099.8774869903
Davidson #5: -2099.8774869897
Davidson #6: -2099.8774869897
Davidson #7: -2099.8774869897
Davidson #8: -2099.8774869897
END OF diagonalize sparse hamiltonian [2834.0/2857.0]GB [2552.037/2552.037/173653.446]s
Iteration 20 eps1= 5.00e-06 ndets= 795,542,364 energy= -2099.87748699
END OF #20 << main << eps_var 5.00e-06 << variation [2834.0/2857.0]GB [0.001/2552.038/173653.446]s

BEG OF #21 << main << eps_var 5.00e-06 << variation [2834.0/2857.0]GB [0.000/0.000/173653.446]s
Davidson #0: -2099.8774869898
Davidson #1: -2099.8774869898
Davidson #2: -2099.8774869899
Davidson #3: -2099.8774869899
Davidson #4: -2099.8774869899
Davidson #5: -2099.8774869884
Davidson #6: -2099.8774869885
Davidson #7: -2099.8774869885
Davidson #8: -2099.8774869885
END OF diagonalize sparse hamiltonian [2840.3/2863.3]GB [2549.987/2549.987/176203.433]s
Iteration 21 eps1= 5.00e-06 ndets= 795,542,364 energy= -2099.87748699
END OF #21 << main << eps_var 5.00e-06 << variation [2840.3/2863.3]GB [0.001/2549.988/176203.434]s

BEG OF #22 << main << eps_var 5.00e-06 << variation [2840.3/2863.3]GB [0.000/0.000/176203.434]s
Davidson #0: -2099.8774869898
Davidson #1: -2099.8774869898
Davidson #2: -2099.8774869898
Davidson #3: -2099.8774869898
Davidson #4: -2099.8774869898
Davidson #5: -2099.8774869896
Davidson #6: -2099.8774869896
Davidson #7: -2099.8774869896
Davidson #8: -2099.8774869896
END OF diagonalize sparse hamiltonian [2834.1/2857.1]GB [2513.376/2513.376/178716.810]s
Iteration 22 eps1= 5.00e-06 ndets= 795,542,364 energy= -2099.87748699
END OF #22 << main << eps_var 5.00e-06 << variation [2834.1/2857.1]GB [0.001/2513.376/178716.810]s

BEG OF #23 << main << eps_var 5.00e-06 << variation [2834.1/2857.1]GB [0.000/0.000/178716.810]s
Davidson #0: -2099.8774869889
Davidson #1: -2099.8774869889
Davidson #2: -2099.8774869889
Davidson #3: -2099.8774869889
Davidson #4: -2099.8774869889
Davidson #5: -2099.8774869897
Davidson #6: -2099.8774869897
Davidson #7: -2099.8774869897
Davidson #8: -2099.8774869897
END OF diagonalize sparse hamiltonian [2840.4/2863.4]GB [2360.398/2360.398/181077.208]s
Iteration 23 eps1= 5.00e-06 ndets= 795,542,364 energy= -2099.87748699
END OF #23 << main << eps_var 5.00e-06 << variation [2840.4/2863.4]GB [0.001/2360.398/181077.208]s

BEG OF #24 << main << eps_var 5.00e-06 << variation [2840.4/2863.4]GB [0.000/0.000/181077.208]s
Davidson #0: -2099.8774869885
Davidson #1: -2099.8774869885
Davidson #2: -2099.8774869885
Davidson #3: -2099.8774869885
Davidson #4: -2099.8774869885
Davidson #5: -2099.8774869891
Davidson #6: -2099.8774869891
Davidson #7: -2099.8774869891
Davidson #8: -2099.8774869891
END OF diagonalize sparse hamiltonian [2834.0/2857.0]GB [2595.272/2595.272/183672.480]s
Iteration 24 eps1= 5.00e-06 ndets= 795,542,364 energy= -2099.87748699
END OF #24 << main << eps_var 5.00e-06 << variation [2834.0/2857.0]GB [0.001/2595.272/183672.480]s

BEG OF #25 << main << eps_var 5.00e-06 << variation [2834.0/2857.0]GB [0.000/0.000/183672.481]s
Davidson #0: -2099.8774869899
Davidson #1: -2099.8774869899
Davidson #2: -2099.8774869899
Davidson #3: -2099.8774869899
Davidson #4: -2099.8774869899
Davidson #5: -2099.8774869896
Davidson #6: -2099.8774869896
Davidson #7: -2099.8774869896
Davidson #8: -2099.8774869896
END OF diagonalize sparse hamiltonian [2840.3/2863.3]GB [2603.179/2603.179/186275.659]s
Iteration 25 eps1= 5.00e-06 ndets= 795,542,364 energy= -2099.87748699
END OF #25 << main << eps_var 5.00e-06 << variation [2840.3/2863.3]GB [0.001/2603.179/186275.659]s

BEG OF #26 << main << eps_var 5.00e-06 << variation [2840.3/2863.3]GB [0.000/0.000/186275.659]s
Davidson #0: -2099.8774869894
Davidson #1: -2099.8774869894
Davidson #2: -2099.8774869894
Davidson #3: -2099.8774869894
Davidson #4: -2099.8774869894
Davidson #5: -2099.8774869894
Davidson #6: -2099.8774869894
Davidson #7: -2099.8774869894
Davidson #8: -2099.8774869894
END OF diagonalize sparse hamiltonian [2834.1/2857.1]GB [2588.714/2588.714/188864.374]s
Iteration 26 eps1= 5.00e-06 ndets= 795,542,364 energy= -2099.87748699
END OF #26 << main << eps_var 5.00e-06 << variation [2834.1/2857.1]GB [0.001/2588.715/188864.374]s

BEG OF #27 << main << eps_var 5.00e-06 << variation [2834.1/2857.1]GB [0.000/0.000/188864.374]s
Davidson #0: -2099.8774869900
Davidson #1: -2099.8774869900
Davidson #2: -2099.8774869900
Davidson #3: -2099.8774869900
Davidson #4: -2099.8774869900
Davidson #5: -2099.8774869896
Davidson #6: -2099.8774869896
Davidson #7: -2099.8774869896
Davidson #8: -2099.8774869896
END OF diagonalize sparse hamiltonian [2840.3/2863.3]GB [2614.717/2614.717/191479.091]s
Iteration 27 eps1= 5.00e-06 ndets= 795,542,364 energy= -2099.87748699
END OF #27 << main << eps_var 5.00e-06 << variation [2840.3/2863.3]GB [0.001/2614.718/191479.091]s

BEG OF #28 << main << eps_var 5.00e-06 << variation [2840.3/2863.3]GB [0.000/0.000/191479.092]s
Davidson #0: -2099.8774869895
Davidson #1: -2099.8774869895
Davidson #2: -2099.8774869895
Davidson #3: -2099.8774869895
Davidson #4: -2099.8774869895
Davidson #5: -2099.8774869893
Davidson #6: -2099.8774869893
Davidson #7: -2099.8774869893
Davidson #8: -2099.8774869893
END OF diagonalize sparse hamiltonian [2834.1/2857.1]GB [2537.206/2537.206/194016.298]s
Iteration 28 eps1= 5.00e-06 ndets= 795,542,364 energy= -2099.87748699
END OF #28 << main << eps_var 5.00e-06 << variation [2834.1/2857.1]GB [0.001/2537.206/194016.298]s

BEG OF #29 << main << eps_var 5.00e-06 << variation [2834.1/2857.1]GB [0.000/0.000/194016.298]s
Davidson #0: -2099.8774869906
Davidson #1: -2099.8774869906
Davidson #2: -2099.8774869906
END OF diagonalize sparse hamiltonian [2840.4/2863.4]GB [852.295/852.295/194868.593]s
Iteration 29 eps1= 5.00e-06 ndets= 795,542,364 energy= -2099.87748699
END OF #29 << main << eps_var 5.00e-06 << variation [2840.4/2863.4]GB [0.001/852.295/194868.593]s
Final iteration 29 eps1= 5.00e-06 ndets= 795,542,364 energy= -2099.87748699
Effect dets (without time sym): 1,591,027,541
----------------------------------------
Excite Lv       # dets         Sum c^2
0                    1      0.00822747
1                  188      0.00007858
2                80598      0.13530415
3              2730436      0.00647169
4             30793873      0.38715910
5            116938694      0.02852594
6            281944501      0.31350865
7            381259152      0.02693364
8            389627986      0.08037237
9            234550798      0.00656170
10           115751128      0.00635405
11            29409386      0.00035820
12             7335715      0.00014098
13              517624      0.00000295
14               87461      0.00000052
----------------------------------------
Orbital                        Sum c^2
0                           1.99528889
1                           1.99534009
2                           1.98574937
3                           1.98600899
4                           1.98600899
5                           1.98592234
6                           1.98592234
7                           1.98539045
8                           1.82714937
9                           1.13124445
10                          1.13124445
11                          1.02732720
12                          1.02732720
13                          1.12786808
14                          0.84988299
15                          0.95079672
16                          0.95079672
17                          0.10659789
18                          0.84602242
19                          0.84602242
20                          0.01580344
21                          0.01580344
22                          0.02146845
23                          0.00811327
24                          0.00811327
25                          0.00755007
26                          0.01059701
27                          0.00374733
28                          0.02105007
29                          0.02105007
30                          0.00978571
31                          0.01221132
32                          0.01221132
33                          0.00337248
34                          0.00337248
35                          0.00367907
36                          0.00367907
37                          0.00960796
38                          0.00960796
39                          0.00334341
40                          0.00473912
41                          0.00630980
42                          0.00630980
43                          0.00316739
44                          0.00054956
45                          0.00327863
46                          0.00327863
47                          0.00019007
48                          0.00019007
49                          0.00019845
Sum orbitals c^2: 28.00000000
----------------------------------------
Most important dets:
Excite Lv         Coef      Det (Reordered orb)
2           0.11596616      |  0  1  2  3  4  5  6  7  8  9 10 12 13 15 |  0  1  2  3  4  5  6  7  8  9 10 11 13 16 |
2           0.10379186      |  0  1  2  3  4  5  6  7  8  9 10 12 13 14 |  0  1  2  3  4  5  6  7  8  9 10 11 12 16 |
2          -0.10379186      |  0  1  2  3  4  5  6  7  8  9 10 11 13 14 |  0  1  2  3  4  5  6  7  8  9 10 11 12 15 |
2           0.10295875      |  0  1  2  3  4  5  6  7  8 10 11 12 13 15 |  0  1  2  3  4  5  6  7  8  9 10 11 13 19 |
2           0.10295875      |  0  1  2  3  4  5  6  7  8  9 11 12 13 16 |  0  1  2  3  4  5  6  7  8  9 10 12 13 18 |
2          -0.10277336      |  0  1  2  3  4  5  6  7  8 10 11 12 13 16 |  0  1  2  3  4  5  6  7  8  9 10 12 13 19 |
2          -0.10277336      |  0  1  2  3  4  5  6  7  8  9 11 12 13 15 |  0  1  2  3  4  5  6  7  8  9 10 11 13 18 |
4           0.09615202      |  0  1  2  3  4  5  6  7  8  9 10 13 14 16 |  0  1  2  3  4  5  6  7  8  9 10 12 15 16 |
4          -0.09615202      |  0  1  2  3  4  5  6  7  8  9 10 13 14 15 |  0  1  2  3  4  5  6  7  8  9 10 11 15 16 |
4          -0.09522838      |  0  1  2  3  4  5  6  7  8 10 12 13 15 16 |  0  1  2  3  4  5  6  7  8  9 10 13 16 19 |
4          -0.09522838      |  0  1  2  3  4  5  6  7  8  9 11 13 15 16 |  0  1  2  3  4  5  6  7  8  9 10 13 15 18 |
4           0.09514046      |  0  1  2  3  4  5  6  7  8  9 12 13 15 16 |  0  1  2  3  4  5  6  7  8  9 10 13 16 18 |
4           0.09514046      |  0  1  2  3  4  5  6  7  8 10 11 13 15 16 |  0  1  2  3  4  5  6  7  8  9 10 13 15 19 |
2          -0.09195550      |  0  1  2  3  4  5  6  7  8  9 11 12 13 14 |  0  1  2  3  4  5  6  7  8  9 10 11 12 18 |
2           0.09195550      |  0  1  2  3  4  5  6  7  8 10 11 12 13 14 |  0  1  2  3  4  5  6  7  8  9 10 11 12 19 |
2           0.09195035      |  0  1  2  3  4  5  6  7  8 10 11 12 13 18 |  0  1  2  3  4  5  6  7  8  9 11 12 13 19 |
0           0.09070540      |  0  1  2  3  4  5  6  7  8  9 10 11 12 13 |  0  1  2  3  4  5  6  7  8  9 10 11 12 13 |
4          -0.08775536      |  0  1  2  3  4  5  6  7  8  9 10 12 14 15 |  0  1  2  3  4  5  6  7  8  9 10 11 14 16 |
4          -0.08683150      |  0  1  2  3  4  5  6  7  8 10 12 13 15 19 |  0  1  2  3  4  5  6  7  8 10 11 13 16 19 |
4          -0.08683150      |  0  1  2  3  4  5  6  7  8  9 12 13 15 18 |  0  1  2  3  4  5  6  7  8  9 11 13 16 18 |
----------------------------------------
END OF main << eps_var 5.00e-06 << variation [2840.3/2863.3]GB [186.791/194733.607/195055.384]s
Variational results saved to: wf_eps1_5.00e-06.dat
END OF eps_var 5.00e-06 << variation [2841.6/2864.6]GB [52.053/194785.663/195107.436]s
END OF variation [2839.4/2862.4]GB [305.107/195410.865/195412.543]s

BEG OF post variation [2839.4/2862.4]GB [0.001/0.000/195412.543]s
END OF post variation [2839.4/2862.4]GB [0.001/0.001/195412.543]s
