l032
80
Semistochastic Heat-bath Configuration Interation (SHCI)

Start time: Fri Jun 14 11:52:17 2019
Infrastructure: 1 nodes * 80 threads
Configuration:
{
  "chem": {
    "irrep_occs_dn": [
      4,
      2,
      1,
      2,
      1,
      2,
      1,
      0,
      1,
      0
    ],
    "irrep_occs_up": [
      4,
      2,
      1,
      2,
      1,
      2,
      1,
      0,
      1,
      0
    ],
    "irreps": [
      1,
      2,
      3,
      4,
      5,
      6,
      7,
      8,
      9,
      10
    ],
    "point_group": "dih"
  },
  "eps_pt": 1e-20,
  "eps_vars": [
    0.0002,
    0.0001,
    5e-05,
    3e-05,
    2e-05,
    1e-05,
    5e-06
  ],
  "eps_vars_schedule": [
    0.005,
    0.005,
    0.005,
    0.005,
    0.005,
    0.003,
    0.003,
    0.003,
    0.003,
    0.003,
    0.002,
    0.002,
    0.002,
    0.002,
    0.002,
    0.001,
    0.001,
    0.001,
    0.001,
    0.001,
    0.001,
    0.001,
    0.0005,
    0.0005,
    0.0005,
    0.0005,
    0.0005,
    0.0005,
    0.0005,
    0.0003,
    0.0003,
    0.0003,
    0.0003,
    0.0003,
    0.0002,
    0.0002,
    0.0002,
    0.0002,
    0.0002
  ],
  "n_dn": 14,
  "n_up": 14,
  "skip_var": true,
  "system": "chem",
  "target_error": 2e-05,
  "time_sym": true
}
Timing format: [DIFF/SECTION/TOTAL]

BEG OF setup [0.0/23.7]GB [0.001/0.001/0.001]s

BEG OF load integrals << setup [18446744073.7/23.7]GB [0.004/0.001/0.004]s
n_orbs: 76
n_elecs (from FCIDUMP): 28
orb_sym: 1 2 1 6 4 3 5 2 1 6 4 7 9 1 2 10 8 2 3 5 6 4 1 3 5 2 1 1 6 4 2 7 9 3 5 10 8 6 4 2 1 3 5 6 4 1 2 3 5 2 6 4 1 7 9 10 8 3 5 1 2 2 6 4 7 9 1 14 12 11 13 10 8 3 5 2 
END OF load fcidump [0.1/23.8]GB [1.465/1.465/1.468]s
HF det up: 0 1 2 3 4 5 6 7 8 9 10 11 12 13 
HF det dn: 0 1 2 3 4 5 6 7 8 9 10 11 12 13 
Reorder skipped.
Orbitals energy:
#  0: E =  -3.393656143773, sym =  1, origin #  0
#  1: E =  -3.390624620852, sym =  2, origin #  1
#  2: E =  -2.118627604961, sym =  1, origin #  2
#  3: E =  -2.111204201228, sym =  6, origin #  3
#  4: E =  -2.111204201228, sym =  4, origin #  4
#  5: E =  -2.102743376168, sym =  3, origin #  5
#  6: E =  -2.102743376168, sym =  5, origin #  6
#  7: E =  -2.095892451629, sym =  2, origin #  7
#  8: E =  -0.202144295639, sym =  1, origin #  8
#  9: E =  -0.119022399956, sym =  6, origin #  9
# 10: E =  -0.119022399956, sym =  4, origin # 10
# 11: E =  -0.087317898081, sym =  7, origin # 11
# 12: E =  -0.087317898081, sym =  9, origin # 12
# 13: E =  -0.126975809002, sym =  1, origin # 13
# 14: E =   0.162646637809, sym =  2, origin # 14
# 15: E =   0.131917503303, sym = 10, origin # 15
# 16: E =   0.131917503303, sym =  8, origin # 16
# 17: E =   0.303747486641, sym =  2, origin # 17
# 18: E =   0.168242126893, sym =  3, origin # 18
# 19: E =   0.168242126893, sym =  5, origin # 19
# 20: E =   0.985899948685, sym =  6, origin # 20
# 21: E =   0.985899948685, sym =  4, origin # 21
# 22: E =   0.623574615253, sym =  1, origin # 22
# 23: E =   1.353702605427, sym =  3, origin # 23
# 24: E =   1.353702605427, sym =  5, origin # 24
# 25: E =   1.360588258270, sym =  2, origin # 25
# 26: E =   0.795506007691, sym =  1, origin # 26
# 27: E =   2.364443621361, sym =  1, origin # 27
# 28: E =   0.314244151596, sym =  6, origin # 28
# 29: E =   0.314244151596, sym =  4, origin # 29
# 30: E =   2.731182414002, sym =  2, origin # 30
# 31: E =   0.967125287628, sym =  7, origin # 31
# 32: E =   0.967125287628, sym =  9, origin # 32
# 33: E =   2.709276527435, sym =  3, origin # 33
# 34: E =   2.709276527435, sym =  5, origin # 34
# 35: E =   1.166281096048, sym = 10, origin # 35
# 36: E =   1.166281096048, sym =  8, origin # 36
# 37: E =   2.347126093693, sym =  6, origin # 37
# 38: E =   2.347126093693, sym =  4, origin # 38
# 39: E =   0.999285336285, sym =  2, origin # 39
# 40: E =   1.508088355362, sym =  1, origin # 40
# 41: E =   0.541763137161, sym =  3, origin # 41
# 42: E =   0.541763137161, sym =  5, origin # 42
# 43: E =   0.408006745735, sym =  6, origin # 43
# 44: E =   0.408006745735, sym =  4, origin # 44
# 45: E =   0.607764513709, sym =  1, origin # 45
# 46: E =   1.770523100653, sym =  2, origin # 46
# 47: E =   0.264975353926, sym =  3, origin # 47
# 48: E =   0.264975353926, sym =  5, origin # 48
# 49: E =   1.011965027260, sym =  2, origin # 49
# 50: E =   0.721948069145, sym =  6, origin # 50
# 51: E =   0.721948069145, sym =  4, origin # 51
# 52: E =   0.630787961842, sym =  1, origin # 52
# 53: E =   2.423926605568, sym =  7, origin # 53
# 54: E =   2.423926605568, sym =  9, origin # 54
# 55: E =   2.549690085866, sym = 10, origin # 55
# 56: E =   2.549690085867, sym =  8, origin # 56
# 57: E =   0.584943996886, sym =  3, origin # 57
# 58: E =   0.584943996885, sym =  5, origin # 58
# 59: E =   0.467656701256, sym =  1, origin # 59
# 60: E =   0.668568086700, sym =  2, origin # 60
# 61: E =   0.890003881846, sym =  2, origin # 61
# 62: E =   0.352980875682, sym =  6, origin # 62
# 63: E =   0.352980875682, sym =  4, origin # 63
# 64: E =   0.734030268615, sym =  7, origin # 64
# 65: E =   0.734030268615, sym =  9, origin # 65
# 66: E =   0.301383161106, sym =  1, origin # 66
# 67: E =   2.472240314622, sym = 14, origin # 67
# 68: E =   2.472240314622, sym = 12, origin # 68
# 69: E =   2.491299993719, sym = 11, origin # 69
# 70: E =   2.491299993719, sym = 13, origin # 70
# 71: E =   0.654506271279, sym = 10, origin # 71
# 72: E =   0.654506271279, sym =  8, origin # 72
# 73: E =   0.664778496110, sym =  3, origin # 73
# 74: E =   0.664778496110, sym =  5, origin # 74
# 75: E =   0.177966004662, sym =  2, origin # 75
HF det up: 0 1 2 3 4 5 6 7 8 9 10 11 12 13 
HF det dn: 0 1 2 3 4 5 6 7 8 9 10 11 12 13 
END OF reorder orbitals [0.1/23.8]GB [0.054/1.518/1.521]s
FCIDUMP cache saved to: integrals_cache.dat
END OF load integrals << setup [0.1/23.8]GB [0.121/1.638/1.641]s

BEG OF setup hci queue << setup [0.1/23.8]GB [0.001/0.000/1.642]s
Max hci queue elem: 0.3941380477 Ha
Number of entries in hci queue: 1,785,264
END OF setup hci queue << setup [0.1/23.8]GB [0.083/0.083/1.724]s
HF energy: -2097.9907194243 Ha
END OF setup [0.1/23.8]GB [0.005/1.727/1.727]s

BEG OF post variation [0.1/23.8]GB [0.001/0.000/1.728]s
END OF post variation [0.1/23.8]GB [0.001/0.001/1.728]s

BEG OF perturbation [0.1/23.8]GB [0.001/0.000/1.729]s

BEG OF eps_var 2.00e-04 << perturbation [0.1/23.8]GB [0.001/0.000/1.729]s
Loaded 1,645,288 dets from: wf_eps1_2.00e-04.dat
Effect dets (without time sym): 3,287,120
----------------------------------------
Excite Lv       # dets         Sum c^2
0                    1      0.01296952
1                  122      0.00001431
2                22543      0.17948703
3                71126      0.00512097
4               407260      0.43008411
5               423738      0.02005124
6              1039760      0.28007038
7               460146      0.01507176
8               647412      0.05220805
9               109892      0.00252908
10               98595      0.00230905
11                4028      0.00006375
12                2497      0.00002075
----------------------------------------
Orbital                        Sum c^2
0                           1.99610442
1                           1.99610121
2                           1.98892533
3                           1.98912244
4                           1.98912244
5                           1.98899053
6                           1.98899053
7                           1.98836547
8                           1.96401263
9                           1.19125003
10                          1.19125003
11                          1.04613608
12                          1.04613608
13                          1.19015737
14                          0.79768128
15                          0.94179147
16                          0.94179147
17                          0.01631498
18                          0.79662946
19                          0.79662946
20                          0.00987618
21                          0.00987618
22                          0.01069374
23                          0.00519123
24                          0.00519123
25                          0.00480857
26                          0.00530493
27                          0.00305251
28                          0.00783339
29                          0.00783339
30                          0.00275186
31                          0.00789744
32                          0.00789744
33                          0.00267528
34                          0.00267528
35                          0.00627794
36                          0.00627794
37                          0.00303884
38                          0.00303884
39                          0.00363698
40                          0.00305105
41                          0.00355916
42                          0.00355916
43                          0.00065215
44                          0.00065215
45                          0.00015532
46                          0.00172574
47                          0.00000000
48                          0.00000000
49                          0.00016031
Sum orbitals c^2: 28.00000000
----------------------------------------
Most important dets:
Excite Lv         Coef      Det (Reordered orb)
2           0.14255129      |  0  1  2  3  4  5  6  7  8  9 10 12 13 15 |  0  1  2  3  4  5  6  7  8  9 10 11 13 16 |
2          -0.12069934      |  0  1  2  3  4  5  6  7  8  9 10 12 13 14 |  0  1  2  3  4  5  6  7  8  9 10 11 12 16 |
2           0.12069934      |  0  1  2  3  4  5  6  7  8  9 10 11 13 14 |  0  1  2  3  4  5  6  7  8  9 10 11 12 15 |
2           0.12055709      |  0  1  2  3  4  5  6  7  8  9 11 12 13 16 |  0  1  2  3  4  5  6  7  8  9 10 12 13 18 |
2           0.12055709      |  0  1  2  3  4  5  6  7  8 10 11 12 13 15 |  0  1  2  3  4  5  6  7  8  9 10 11 13 19 |
2          -0.11998870      |  0  1  2  3  4  5  6  7  8  9 11 12 13 15 |  0  1  2  3  4  5  6  7  8  9 10 11 13 18 |
2          -0.11998870      |  0  1  2  3  4  5  6  7  8 10 11 12 13 16 |  0  1  2  3  4  5  6  7  8  9 10 12 13 19 |
0           0.11388378      |  0  1  2  3  4  5  6  7  8  9 10 11 12 13 |  0  1  2  3  4  5  6  7  8  9 10 11 12 13 |
4           0.10945412      |  0  1  2  3  4  5  6  7  8  9 10 13 14 15 |  0  1  2  3  4  5  6  7  8  9 10 11 15 16 |
4          -0.10945412      |  0  1  2  3  4  5  6  7  8  9 10 13 14 16 |  0  1  2  3  4  5  6  7  8  9 10 12 15 16 |
4          -0.10906841      |  0  1  2  3  4  5  6  7  8  9 11 13 15 16 |  0  1  2  3  4  5  6  7  8  9 10 13 15 18 |
4          -0.10906841      |  0  1  2  3  4  5  6  7  8 10 12 13 15 16 |  0  1  2  3  4  5  6  7  8  9 10 13 16 19 |
4           0.10873960      |  0  1  2  3  4  5  6  7  8  9 12 13 15 16 |  0  1  2  3  4  5  6  7  8  9 10 13 16 18 |
4           0.10873960      |  0  1  2  3  4  5  6  7  8 10 11 13 15 16 |  0  1  2  3  4  5  6  7  8  9 10 13 15 19 |
2           0.10283482      |  0  1  2  3  4  5  6  7  8 10 11 12 13 18 |  0  1  2  3  4  5  6  7  8  9 11 12 13 19 |
2          -0.10261349      |  0  1  2  3  4  5  6  7  8  9 10 11 13 15 |  0  1  2  3  4  5  6  7  8  9 10 11 13 15 |
2          -0.10261349      |  0  1  2  3  4  5  6  7  8  9 10 12 13 16 |  0  1  2  3  4  5  6  7  8  9 10 12 13 16 |
2          -0.10132853      |  0  1  2  3  4  5  6  7  8 10 11 12 13 14 |  0  1  2  3  4  5  6  7  8  9 10 11 12 19 |
2           0.10132853      |  0  1  2  3  4  5  6  7  8  9 11 12 13 14 |  0  1  2  3  4  5  6  7  8  9 10 11 12 18 |
4          -0.09850113      |  0  1  2  3  4  5  6  7  8  9 10 12 14 15 |  0  1  2  3  4  5  6  7  8  9 10 11 14 16 |
----------------------------------------
HF energy: -2097.9907194243 Ha
Variational energy: -2099.7949170251 Ha
Memory total: 3170.3GB
Helper size: 0.1GB
Bytes per det: 32
Memory var: 0.3GB
Memory PT limit: 2218.8GB

BEG OF dtm 2.00e-06 << eps_var 2.00e-04 << perturbation [1.2/24.9]GB [2.658/0.000/4.387]s
Number of dtm batches: 1
END OF determine number of dtm batches [1.2/24.9]GB [0.493/0.493/4.880]s

BEG OF #1/1 << dtm 2.00e-06 << eps_var 2.00e-04 << perturbation [1.2/24.9]GB [0.002/0.000/4.881]s
20% 40% 60% 80% 100% 
Number of dtm pt dets: 3,721,890,720
END OF create hc sums [648.3/672.0]GB [386.241/386.241/391.122]s
PT dtm batch correction: -0.0740199978 Ha
PT dtm correction (eps1= 2.00e-04): -0.0740199978 +- 0.0000000000 Ha
PT dtm total energy (eps1= 2.00e-04): -2099.8689370228 +- 0.0000000000 Ha
Correlation energy (eps1= 2.00e-04): -1.8782175986 +- 0.0000000000 Ha
END OF #1/1 << dtm 2.00e-06 << eps_var 2.00e-04 << perturbation [648.4/672.1]GB [587.881/974.121/979.001]s
END OF dtm 2.00e-06 << eps_var 2.00e-04 << perturbation [648.4/672.1]GB [0.004/974.617/979.004]s

BEG OF psto 1.00e-07 << eps_var 2.00e-04 << perturbation [636.3/660.0]GB [0.103/0.001/979.107]s
Number of psto batches: 16
END OF determine number of psto batches [637.1/660.8]GB [3.501/3.501/982.607]s

BEG OF #1/16 << psto 1.00e-07 << eps_var 2.00e-04 << perturbation [637.1/660.8]GB [0.012/0.001/982.618]s
20% 40% 60% 80% 100% 
Number of psto pt dets: 2,765,309,627
END OF create hc sums [652.7/676.4]GB [259.732/259.732/1242.349]s
PT psto batch correction: -0.0002543495 Ha
PT psto correction (eps1= 2.00e-04): -0.0040695913 +- 0.0000057435 Ha
PT psto total energy (eps1= 2.00e-04): -2099.8730066142 +- 0.0000057435 Ha
Correlation energy (eps1= 2.00e-04): -1.8822871899 +- 0.0000057435 Ha
END OF #1/16 << psto 1.00e-07 << eps_var 2.00e-04 << perturbation [652.7/676.4]GB [414.341/674.073/1656.690]s
END OF psto 1.00e-07 << eps_var 2.00e-04 << perturbation [652.7/676.4]GB [0.001/677.584/1656.690]s

BEG OF sto 1.00e-20 << eps_var 2.00e-04 << perturbation [646.7/670.4]GB [0.183/0.001/1656.873]s
Number of samples chosen: 504,119
END OF determine n samples [646.8/670.5]GB [0.781/0.781/1657.653]s

BEG OF #1 << sto 1.00e-20 << eps_var 2.00e-04 << perturbation [646.8/670.5]GB [0.001/0.000/1657.653]s
Number of unique variational determinants in sample: 410,798
Batch id: 25 / 64
20% 40% 60% 80% 100% 
Number of sto pt dets: 470,594,375
END OF create hc sums [653.9/677.7]GB [43.757/43.757/1701.410]s
PT sto loop correction: -0.0000041959 Ha
PT sto correction (eps1= 2.00e-04): -0.0000041959 +- -nan Ha
PT sto total energy (eps1= 2.00e-04): -2099.8730108101 +- -nan Ha
Correlation energy (eps1= 2.00e-04): -1.8822913858 +- -nan Ha
END OF #1 << sto 1.00e-20 << eps_var 2.00e-04 << perturbation [653.9/677.6]GB [71.148/114.904/1772.557]s

BEG OF #2 << sto 1.00e-20 << eps_var 2.00e-04 << perturbation [653.9/677.6]GB [0.001/0.000/1772.557]s
Number of unique variational determinants in sample: 411,527
Batch id: 11 / 64
20% 40% 60% 80% 100% 
Number of sto pt dets: 471,130,069
END OF create hc sums [653.9/677.6]GB [32.211/32.211/1804.768]s
PT sto loop correction: 0.0000062482 Ha
PT sto correction (eps1= 2.00e-04): 0.0000010262 +- 0.0000052221 Ha
PT sto total energy (eps1= 2.00e-04): -2099.8730055880 +- 0.0000077626 Ha
Correlation energy (eps1= 2.00e-04): -1.8822861638 +- 0.0000077626 Ha
END OF #2 << sto 1.00e-20 << eps_var 2.00e-04 << perturbation [653.9/677.6]GB [70.642/102.852/1875.409]s

BEG OF #3 << sto 1.00e-20 << eps_var 2.00e-04 << perturbation [653.9/677.6]GB [0.001/0.000/1875.409]s
Number of unique variational determinants in sample: 410,910
Batch id: 22 / 64
20% 40% 60% 80% 100% 
Number of sto pt dets: 470,662,941
END OF create hc sums [653.9/677.6]GB [32.154/32.154/1907.563]s
PT sto loop correction: -0.0000075481 Ha
PT sto correction (eps1= 2.00e-04): -0.0000018319 +- 0.0000041543 Ha
PT sto total energy (eps1= 2.00e-04): -2099.8730084461 +- 0.0000070885 Ha
Correlation energy (eps1= 2.00e-04): -1.8822890218 +- 0.0000070885 Ha
END OF #3 << sto 1.00e-20 << eps_var 2.00e-04 << perturbation [653.9/677.6]GB [70.598/102.751/1978.160]s

BEG OF #4 << sto 1.00e-20 << eps_var 2.00e-04 << perturbation [653.9/677.6]GB [0.001/0.000/1978.160]s
Number of unique variational determinants in sample: 411,136
Batch id: 9 / 64
20% 40% 60% 80% 100% 
Number of sto pt dets: 470,834,751
END OF create hc sums [653.9/677.6]GB [31.905/31.905/2010.064]s
PT sto loop correction: -0.0000008102 Ha
PT sto correction (eps1= 2.00e-04): -0.0000015765 +- 0.0000029487 Ha
PT sto total energy (eps1= 2.00e-04): -2099.8730081907 +- 0.0000064562 Ha
Correlation energy (eps1= 2.00e-04): -1.8822887664 +- 0.0000064562 Ha
END OF #4 << sto 1.00e-20 << eps_var 2.00e-04 << perturbation [653.9/677.6]GB [70.687/102.590/2080.750]s

BEG OF #5 << sto 1.00e-20 << eps_var 2.00e-04 << perturbation [653.9/677.6]GB [0.001/0.000/2080.750]s
Number of unique variational determinants in sample: 410,435
Batch id: 11 / 64
20% 40% 60% 80% 100% 
Number of sto pt dets: 470,147,673
END OF create hc sums [653.9/677.6]GB [32.237/32.237/2112.987]s
PT sto loop correction: -0.0000052860 Ha
PT sto correction (eps1= 2.00e-04): -0.0000023184 +- 0.0000024015 Ha
PT sto total energy (eps1= 2.00e-04): -2099.8730089326 +- 0.0000062254 Ha
Correlation energy (eps1= 2.00e-04): -1.8822895083 +- 0.0000062254 Ha
END OF #5 << sto 1.00e-20 << eps_var 2.00e-04 << perturbation [653.9/677.6]GB [70.651/102.887/2183.638]s

BEG OF #6 << sto 1.00e-20 << eps_var 2.00e-04 << perturbation [653.9/677.6]GB [0.001/0.000/2183.638]s
Number of unique variational determinants in sample: 410,579
Batch id: 14 / 64
20% 40% 60% 80% 100% 
Number of sto pt dets: 470,134,014
END OF create hc sums [653.9/677.6]GB [32.014/32.014/2215.651]s
PT sto loop correction: -0.0000054249 Ha
PT sto correction (eps1= 2.00e-04): -0.0000028361 +- 0.0000020280 Ha
PT sto total energy (eps1= 2.00e-04): -2099.8730094503 +- 0.0000060911 Ha
Correlation energy (eps1= 2.00e-04): -1.8822900261 +- 0.0000060911 Ha
END OF #6 << sto 1.00e-20 << eps_var 2.00e-04 << perturbation [653.9/677.6]GB [71.922/103.935/2287.572]s
END OF sto 1.00e-20 << eps_var 2.00e-04 << perturbation [653.9/677.6]GB [0.026/630.726/2287.598]s
Total energy: -2099.8730094503 +- 0.0000060911 Ha
END OF eps_var 2.00e-04 << perturbation [653.9/677.6]GB [0.053/2285.921/2287.650]s

BEG OF eps_var 1.00e-04 << perturbation [653.9/677.6]GB [0.001/0.000/2287.651]s
Loaded 3,876,468 dets from: wf_eps1_1.00e-04.dat
Effect dets (without time sym): 7,747,696
----------------------------------------
Excite Lv       # dets         Sum c^2
0                    1      0.01277546
1                  142      0.00001821
2                33395      0.17615947
3               129116      0.00520266
4               773494      0.42407564
5               985788      0.02025332
6              2319964      0.28371238
7              1206796      0.01562102
8              1610200      0.05636630
9               364536      0.00281267
10              288433      0.00288262
11               25552      0.00008637
12                9961      0.00003370
13                 282      0.00000017
14                  36      0.00000001
----------------------------------------
Orbital                        Sum c^2
0                           1.99607938
1                           1.99607313
2                           1.98874855
3                           1.98895168
4                           1.98895168
5                           1.98882143
6                           1.98882143
7                           1.98819302
8                           1.92865580
9                           1.19092510
10                          1.19092510
11                          1.04592651
12                          1.04592651
13                          1.18943759
14                          0.79813039
15                          0.94149173
16                          0.94149173
17                          0.04665920
18                          0.79634691
19                          0.79634691
20                          0.01025025
21                          0.01025025
22                          0.01130040
23                          0.00530998
24                          0.00530998
25                          0.00497026
26                          0.00548890
27                          0.00308999
28                          0.00883070
29                          0.00883070
30                          0.00277632
31                          0.00820315
32                          0.00820315
33                          0.00270231
34                          0.00270231
35                          0.00643863
36                          0.00643863
37                          0.00307085
38                          0.00307085
39                          0.00475749
40                          0.00328672
41                          0.00366647
42                          0.00366647
43                          0.00085511
44                          0.00085511
45                          0.00022061
46                          0.00188660
47                          0.00000027
48                          0.00000027
49                          0.00022755
Sum orbitals c^2: 28.00000000
----------------------------------------
Most important dets:
Excite Lv         Coef      Det (Reordered orb)
2           0.14139929      |  0  1  2  3  4  5  6  7  8  9 10 12 13 15 |  0  1  2  3  4  5  6  7  8  9 10 11 13 16 |
2           0.11913416      |  0  1  2  3  4  5  6  7  8  9 10 11 13 14 |  0  1  2  3  4  5  6  7  8  9 10 11 12 15 |
2          -0.11913416      |  0  1  2  3  4  5  6  7  8  9 10 12 13 14 |  0  1  2  3  4  5  6  7  8  9 10 11 12 16 |
2           0.11887250      |  0  1  2  3  4  5  6  7  8  9 11 12 13 16 |  0  1  2  3  4  5  6  7  8  9 10 12 13 18 |
2           0.11887250      |  0  1  2  3  4  5  6  7  8 10 11 12 13 15 |  0  1  2  3  4  5  6  7  8  9 10 11 13 19 |
2          -0.11833929      |  0  1  2  3  4  5  6  7  8  9 11 12 13 15 |  0  1  2  3  4  5  6  7  8  9 10 11 13 18 |
2          -0.11833929      |  0  1  2  3  4  5  6  7  8 10 11 12 13 16 |  0  1  2  3  4  5  6  7  8  9 10 12 13 19 |
0           0.11302857      |  0  1  2  3  4  5  6  7  8  9 10 11 12 13 |  0  1  2  3  4  5  6  7  8  9 10 11 12 13 |
4           0.10773804      |  0  1  2  3  4  5  6  7  8  9 10 13 14 15 |  0  1  2  3  4  5  6  7  8  9 10 11 15 16 |
4          -0.10773804      |  0  1  2  3  4  5  6  7  8  9 10 13 14 16 |  0  1  2  3  4  5  6  7  8  9 10 12 15 16 |
4          -0.10721801      |  0  1  2  3  4  5  6  7  8  9 11 13 15 16 |  0  1  2  3  4  5  6  7  8  9 10 13 15 18 |
4          -0.10721801      |  0  1  2  3  4  5  6  7  8 10 12 13 15 16 |  0  1  2  3  4  5  6  7  8  9 10 13 16 19 |
4           0.10694584      |  0  1  2  3  4  5  6  7  8  9 12 13 15 16 |  0  1  2  3  4  5  6  7  8  9 10 13 16 18 |
4           0.10694584      |  0  1  2  3  4  5  6  7  8 10 11 13 15 16 |  0  1  2  3  4  5  6  7  8  9 10 13 15 19 |
2          -0.10138003      |  0  1  2  3  4  5  6  7  8  9 10 11 13 15 |  0  1  2  3  4  5  6  7  8  9 10 11 13 15 |
2          -0.10138003      |  0  1  2  3  4  5  6  7  8  9 10 12 13 16 |  0  1  2  3  4  5  6  7  8  9 10 12 13 16 |
2           0.10118997      |  0  1  2  3  4  5  6  7  8 10 11 12 13 18 |  0  1  2  3  4  5  6  7  8  9 11 12 13 19 |
2           0.09981959      |  0  1  2  3  4  5  6  7  8  9 11 12 13 14 |  0  1  2  3  4  5  6  7  8  9 10 11 12 18 |
2          -0.09981959      |  0  1  2  3  4  5  6  7  8 10 11 12 13 14 |  0  1  2  3  4  5  6  7  8  9 10 11 12 19 |
4          -0.09641815      |  0  1  2  3  4  5  6  7  8  9 10 12 14 15 |  0  1  2  3  4  5  6  7  8  9 10 11 14 16 |
----------------------------------------
HF energy: -2097.9907194243 Ha
Variational energy: -2099.8100882898 Ha
Memory total: 3170.3GB
Helper size: 0.1GB
Bytes per det: 32
Memory var: 0.8GB
Memory PT limit: 2218.4GB

BEG OF dtm 2.00e-06 << eps_var 1.00e-04 << perturbation [654.0/677.7]GB [4.317/0.000/2291.968]s
Number of dtm batches: 1
END OF determine number of dtm batches [654.0/677.7]GB [0.559/0.559/2292.526]s

BEG OF #1/1 << dtm 2.00e-06 << eps_var 1.00e-04 << perturbation [654.0/677.7]GB [0.002/0.000/2292.527]s
20% 40% 60% 80% 100% 
Number of dtm pt dets: 4,165,704,044
END OF create hc sums [683.1/706.8]GB [397.167/397.167/2689.694]s
PT dtm batch correction: -0.0659732169 Ha
PT dtm correction (eps1= 1.00e-04): -0.0659732169 +- 0.0000000000 Ha
PT dtm total energy (eps1= 1.00e-04): -2099.8760615068 +- 0.0000000000 Ha
Correlation energy (eps1= 1.00e-04): -1.8853420825 +- 0.0000000000 Ha
END OF #1/1 << dtm 2.00e-06 << eps_var 1.00e-04 << perturbation [682.4/706.1]GB [519.494/916.660/3209.187]s
END OF dtm 2.00e-06 << eps_var 1.00e-04 << perturbation [682.4/706.1]GB [0.002/917.220/3209.187]s

BEG OF psto 1.00e-07 << eps_var 1.00e-04 << perturbation [668.9/692.6]GB [0.131/0.001/3209.318]s
Number of psto batches: 16
END OF determine number of psto batches [670.5/694.2]GB [6.091/6.091/3215.408]s

BEG OF #1/16 << psto 1.00e-07 << eps_var 1.00e-04 << perturbation [670.5/694.2]GB [0.018/0.001/3215.425]s
20% 40% 60% 80% 100% 
Number of psto pt dets: 4,008,523,395
END OF create hc sums [656.5/680.2]GB [366.499/366.499/3581.924]s
PT psto batch correction: -0.0003263709 Ha
PT psto correction (eps1= 1.00e-04): -0.0052219346 +- 0.0000039299 Ha
PT psto total energy (eps1= 1.00e-04): -2099.8812834413 +- 0.0000039299 Ha
Correlation energy (eps1= 1.00e-04): -1.8905640171 +- 0.0000039299 Ha
END OF #1/16 << psto 1.00e-07 << eps_var 1.00e-04 << perturbation [656.5/680.2]GB [565.389/931.887/4147.312]s
END OF psto 1.00e-07 << eps_var 1.00e-04 << perturbation [656.5/680.2]GB [0.001/937.995/4147.312]s

BEG OF sto 1.00e-20 << eps_var 1.00e-04 << perturbation [638.4/662.1]GB [0.273/0.001/4147.585]s
Number of samples chosen: 1,257,511
END OF determine n samples [638.6/662.3]GB [1.724/1.724/4149.309]s

BEG OF #1 << sto 1.00e-20 << eps_var 1.00e-04 << perturbation [638.6/662.3]GB [0.001/0.000/4149.309]s
Number of unique variational determinants in sample: 969,568
Batch id: 54 / 64
20% 40% 60% 80% 100% 
Number of sto pt dets: 1,053,214,026
END OF create hc sums [764.4/788.1]GB [98.207/98.207/4247.516]s
PT sto loop correction: -0.0000160320 Ha
PT sto correction (eps1= 1.00e-04): -0.0000160320 +- -nan Ha
PT sto total energy (eps1= 1.00e-04): -2099.8812994733 +- -nan Ha
Correlation energy (eps1= 1.00e-04): -1.8905800490 +- -nan Ha
END OF #1 << sto 1.00e-20 << eps_var 1.00e-04 << perturbation [764.4/788.1]GB [154.975/253.181/4402.490]s

BEG OF #2 << sto 1.00e-20 << eps_var 1.00e-04 << perturbation [764.4/788.1]GB [0.001/0.000/4402.490]s
Number of unique variational determinants in sample: 969,234
Batch id: 26 / 64
20% 40% 60% 80% 100% 
Number of sto pt dets: 1,052,993,346
END OF create hc sums [764.4/788.1]GB [74.008/74.008/4476.498]s
PT sto loop correction: -0.0000063798 Ha
PT sto correction (eps1= 1.00e-04): -0.0000112059 +- 0.0000048261 Ha
PT sto total energy (eps1= 1.00e-04): -2099.8812946472 +- 0.0000062238 Ha
Correlation energy (eps1= 1.00e-04): -1.8905752230 +- 0.0000062238 Ha
END OF #2 << sto 1.00e-20 << eps_var 1.00e-04 << perturbation [764.4/788.1]GB [155.309/229.316/4631.806]s

BEG OF #3 << sto 1.00e-20 << eps_var 1.00e-04 << perturbation [764.4/788.1]GB [0.002/0.000/4631.806]s
Number of unique variational determinants in sample: 968,702
Batch id: 30 / 64
20% 40% 60% 80% 100% 
Number of sto pt dets: 1,052,557,965
END OF create hc sums [764.4/788.1]GB [74.314/74.314/4706.120]s
PT sto loop correction: -0.0000125104 Ha
PT sto correction (eps1= 1.00e-04): -0.0000116407 +- 0.0000028201 Ha
PT sto total energy (eps1= 1.00e-04): -2099.8812950821 +- 0.0000048370 Ha
Correlation energy (eps1= 1.00e-04): -1.8905756578 +- 0.0000048370 Ha
END OF #3 << sto 1.00e-20 << eps_var 1.00e-04 << perturbation [764.4/788.1]GB [155.566/229.880/4861.686]s

BEG OF #4 << sto 1.00e-20 << eps_var 1.00e-04 << perturbation [764.4/788.1]GB [0.001/0.000/4861.686]s
Number of unique variational determinants in sample: 968,277
Batch id: 38 / 64
20% 40% 60% 80% 100% 
Number of sto pt dets: 1,051,976,968
END OF create hc sums [764.4/788.1]GB [73.443/73.443/4935.129]s
PT sto loop correction: -0.0000105639 Ha
PT sto correction (eps1= 1.00e-04): -0.0000113715 +- 0.0000020122 Ha
PT sto total energy (eps1= 1.00e-04): -2099.8812948129 +- 0.0000044151 Ha
Correlation energy (eps1= 1.00e-04): -1.8905753886 +- 0.0000044151 Ha
END OF #4 << sto 1.00e-20 << eps_var 1.00e-04 << perturbation [764.4/788.1]GB [155.102/228.544/5090.230]s

BEG OF #5 << sto 1.00e-20 << eps_var 1.00e-04 << perturbation [764.4/788.1]GB [0.001/0.000/5090.231]s
Number of unique variational determinants in sample: 968,929
Batch id: 39 / 64
20% 40% 60% 80% 100% 
Number of sto pt dets: 1,052,792,491
END OF create hc sums [764.6/788.3]GB [73.859/73.859/5164.090]s
PT sto loop correction: -0.0000083640 Ha
PT sto correction (eps1= 1.00e-04): -0.0000107700 +- 0.0000016707 Ha
PT sto total energy (eps1= 1.00e-04): -2099.8812942114 +- 0.0000042703 Ha
Correlation energy (eps1= 1.00e-04): -1.8905747871 +- 0.0000042703 Ha
END OF #5 << sto 1.00e-20 << eps_var 1.00e-04 << perturbation [764.4/788.1]GB [154.573/228.432/5318.662]s

BEG OF #6 << sto 1.00e-20 << eps_var 1.00e-04 << perturbation [764.4/788.1]GB [0.001/0.000/5318.662]s
Number of unique variational determinants in sample: 968,716
Batch id: 28 / 64
20% 40% 60% 80% 100% 
Number of sto pt dets: 1,052,279,694
END OF create hc sums [764.4/788.1]GB [73.314/73.314/5391.976]s
PT sto loop correction: -0.0000090101 Ha
PT sto correction (eps1= 1.00e-04): -0.0000104767 +- 0.0000013953 Ha
PT sto total energy (eps1= 1.00e-04): -2099.8812939180 +- 0.0000041703 Ha
Correlation energy (eps1= 1.00e-04): -1.8905744938 +- 0.0000041703 Ha
END OF #6 << sto 1.00e-20 << eps_var 1.00e-04 << perturbation [764.4/788.1]GB [154.889/228.203/5546.865]s
END OF sto 1.00e-20 << eps_var 1.00e-04 << perturbation [764.4/788.1]GB [0.014/1399.293/5546.878]s
Total energy: -2099.8812939180 +- 0.0000041703 Ha
END OF eps_var 1.00e-04 << perturbation [764.1/787.8]GB [0.117/3259.344/5546.994]s

BEG OF eps_var 5.00e-05 << perturbation [764.1/787.8]GB [0.001/0.000/5546.995]s
Loaded 11,843,835 dets from: wf_eps1_5.00e-05.dat
Effect dets (without time sym): 23,679,386
----------------------------------------
Excite Lv       # dets         Sum c^2
0                    1      0.01417126
1                  162      0.00003429
2                47682      0.18098144
3               293142      0.00587554
4              1832411      0.41722597
5              3253750      0.02141482
6              6549411      0.27860961
7              4306382      0.01634572
8              4790920      0.05850590
9              1352318      0.00315904
10             1063590      0.00349549
11              116400      0.00012587
12               70439      0.00005438
13                1716      0.00000057
14                1062      0.00000011
----------------------------------------
Orbital                        Sum c^2
0                           1.99603679
1                           1.99602967
2                           1.98846872
3                           1.98861540
4                           1.98861540
5                           1.98846696
6                           1.98846696
7                           1.98787890
8                           1.89149503
9                           1.20498192
10                          1.20498192
11                          1.04901022
12                          1.04901022
13                          1.20278298
14                          0.78392141
15                          0.93686513
16                          0.93686513
17                          0.07327039
18                          0.78066658
19                          0.78066658
20                          0.01156998
21                          0.01156998
22                          0.01291894
23                          0.00557980
24                          0.00557980
25                          0.00526883
26                          0.00585028
27                          0.00317339
28                          0.01172194
29                          0.01172194
30                          0.00282542
31                          0.00914652
32                          0.00914652
33                          0.00273326
34                          0.00273326
35                          0.00696228
36                          0.00696228
37                          0.00313084
38                          0.00313084
39                          0.00738087
40                          0.00336300
41                          0.00377566
42                          0.00377566
43                          0.00120814
44                          0.00120814
45                          0.00026644
46                          0.00209167
47                          0.00000180
48                          0.00000180
49                          0.00027372
Sum orbitals c^2: 28.00000000
----------------------------------------
Most important dets:
Excite Lv         Coef      Det (Reordered orb)
2           0.14547990      |  0  1  2  3  4  5  6  7  8  9 10 12 13 15 |  0  1  2  3  4  5  6  7  8  9 10 11 13 16 |
2           0.12004604      |  0  1  2  3  4  5  6  7  8  9 10 11 13 14 |  0  1  2  3  4  5  6  7  8  9 10 11 12 15 |
2          -0.12004604      |  0  1  2  3  4  5  6  7  8  9 10 12 13 14 |  0  1  2  3  4  5  6  7  8  9 10 11 12 16 |
2           0.11948613      |  0  1  2  3  4  5  6  7  8 10 11 12 13 15 |  0  1  2  3  4  5  6  7  8  9 10 11 13 19 |
2           0.11948613      |  0  1  2  3  4  5  6  7  8  9 11 12 13 16 |  0  1  2  3  4  5  6  7  8  9 10 12 13 18 |
0           0.11904311      |  0  1  2  3  4  5  6  7  8  9 10 11 12 13 |  0  1  2  3  4  5  6  7  8  9 10 11 12 13 |
2          -0.11875815      |  0  1  2  3  4  5  6  7  8  9 11 12 13 15 |  0  1  2  3  4  5  6  7  8  9 10 11 13 18 |
2          -0.11875815      |  0  1  2  3  4  5  6  7  8 10 11 12 13 16 |  0  1  2  3  4  5  6  7  8  9 10 12 13 19 |
4           0.10742995      |  0  1  2  3  4  5  6  7  8  9 10 13 14 15 |  0  1  2  3  4  5  6  7  8  9 10 11 15 16 |
4          -0.10742995      |  0  1  2  3  4  5  6  7  8  9 10 13 14 16 |  0  1  2  3  4  5  6  7  8  9 10 12 15 16 |
4          -0.10660507      |  0  1  2  3  4  5  6  7  8  9 11 13 15 16 |  0  1  2  3  4  5  6  7  8  9 10 13 15 18 |
4          -0.10660507      |  0  1  2  3  4  5  6  7  8 10 12 13 15 16 |  0  1  2  3  4  5  6  7  8  9 10 13 16 19 |
4           0.10623208      |  0  1  2  3  4  5  6  7  8  9 12 13 15 16 |  0  1  2  3  4  5  6  7  8  9 10 13 16 18 |
4           0.10623208      |  0  1  2  3  4  5  6  7  8 10 11 13 15 16 |  0  1  2  3  4  5  6  7  8  9 10 13 15 19 |
2          -0.10528737      |  0  1  2  3  4  5  6  7  8  9 10 11 13 15 |  0  1  2  3  4  5  6  7  8  9 10 11 13 15 |
2          -0.10528737      |  0  1  2  3  4  5  6  7  8  9 10 12 13 16 |  0  1  2  3  4  5  6  7  8  9 10 12 13 16 |
2           0.09995501      |  0  1  2  3  4  5  6  7  8 10 11 12 13 18 |  0  1  2  3  4  5  6  7  8  9 11 12 13 19 |
2           0.09848373      |  0  1  2  3  4  5  6  7  8  9 11 12 13 14 |  0  1  2  3  4  5  6  7  8  9 10 11 12 18 |
2          -0.09848373      |  0  1  2  3  4  5  6  7  8 10 11 12 13 14 |  0  1  2  3  4  5  6  7  8  9 10 11 12 19 |
4          -0.09513039      |  0  1  2  3  4  5  6  7  8  9 10 12 14 15 |  0  1  2  3  4  5  6  7  8  9 10 11 14 16 |
----------------------------------------
HF energy: -2097.9907194243 Ha
Variational energy: -2099.8246156447 Ha
Memory total: 3170.3GB
Helper size: 0.1GB
Bytes per det: 32
Memory var: 2.5GB
Memory PT limit: 2216.7GB

BEG OF dtm 2.00e-06 << eps_var 5.00e-05 << perturbation [767.0/790.7]GB [11.222/0.000/5558.216]s
Number of dtm batches: 1
END OF determine number of dtm batches [767.0/790.7]GB [0.928/0.928/5559.144]s

BEG OF #1/1 << dtm 2.00e-06 << eps_var 5.00e-05 << perturbation [767.0/790.7]GB [0.002/0.000/5559.146]s
20% 40% 60% 80% 100% 
Number of dtm pt dets: 4,481,782,663
END OF create hc sums [803.1/826.9]GB [413.455/413.455/5972.600]s
PT dtm batch correction: -0.0563840812 Ha
PT dtm correction (eps1= 5.00e-05): -0.0563840812 +- 0.0000000000 Ha
PT dtm total energy (eps1= 5.00e-05): -2099.8809997260 +- 0.0000000000 Ha
Correlation energy (eps1= 5.00e-05): -1.8902803017 +- 0.0000000000 Ha
END OF #1/1 << dtm 2.00e-06 << eps_var 5.00e-05 << perturbation [803.1/826.8]GB [517.437/930.891/6490.036]s
END OF dtm 2.00e-06 << eps_var 5.00e-05 << perturbation [803.1/826.8]GB [0.002/931.821/6490.037]s

BEG OF psto 1.00e-07 << eps_var 5.00e-05 << perturbation [792.7/816.5]GB [0.220/0.001/6490.257]s
Number of psto batches: 16
END OF determine number of psto batches [796.2/819.9]GB [12.205/12.205/6502.460]s

BEG OF #1/16 << psto 1.00e-07 << eps_var 5.00e-05 << perturbation [796.2/819.9]GB [0.034/0.001/6502.494]s
20% 40% 60% 80% 100% 
Number of psto pt dets: 6,697,330,000
END OF create hc sums [1060.6/1084.4]GB [665.935/665.935/7168.428]s
PT psto batch correction: -0.0003746693 Ha
PT psto correction (eps1= 5.00e-05): -0.0059947089 +- 0.0000028576 Ha
PT psto total energy (eps1= 5.00e-05): -2099.8869944349 +- 0.0000028576 Ha
Correlation energy (eps1= 5.00e-05): -1.8962750106 +- 0.0000028576 Ha
END OF #1/16 << psto 1.00e-07 << eps_var 5.00e-05 << perturbation [1060.6/1084.3]GB [905.813/1571.748/8074.240]s
END OF psto 1.00e-07 << eps_var 5.00e-05 << perturbation [1060.6/1084.3]GB [0.001/1583.986/8074.241]s

BEG OF sto 1.00e-20 << eps_var 5.00e-05 << perturbation [996.7/1020.4]GB [0.900/0.001/8075.141]s
Number of samples chosen: 3,071,680
END OF determine n samples [996.9/1020.6]GB [3.843/3.843/8078.983]s

BEG OF #1 << sto 1.00e-20 << eps_var 5.00e-05 << perturbation [996.9/1020.6]GB [0.001/0.000/8078.984]s
Number of unique variational determinants in sample: 2,321,201
Batch id: 1 / 64
20% 40% 60% 80% 100% 
Number of sto pt dets: 2,476,133,694
END OF create hc sums [1277.7/1301.4]GB [261.059/261.059/8340.042]s
PT sto loop correction: -0.0000233536 Ha
PT sto correction (eps1= 5.00e-05): -0.0000233536 +- -nan Ha
PT sto total energy (eps1= 5.00e-05): -2099.8870177885 +- -nan Ha
Correlation energy (eps1= 5.00e-05): -1.8962983642 +- -nan Ha
END OF #1 << sto 1.00e-20 << eps_var 5.00e-05 << perturbation [1277.7/1301.4]GB [359.901/620.959/8699.943]s

BEG OF #2 << sto 1.00e-20 << eps_var 5.00e-05 << perturbation [1277.7/1301.4]GB [0.001/0.000/8699.943]s
Number of unique variational determinants in sample: 2,319,901
Batch id: 34 / 64
20% 40% 60% 80% 100% 
Number of sto pt dets: 2,473,931,688
END OF create hc sums [1277.8/1301.5]GB [177.357/177.357/8877.299]s
PT sto loop correction: -0.0000271244 Ha
PT sto correction (eps1= 5.00e-05): -0.0000252390 +- 0.0000018854 Ha
PT sto total energy (eps1= 5.00e-05): -2099.8870196739 +- 0.0000034235 Ha
Correlation energy (eps1= 5.00e-05): -1.8963002496 +- 0.0000034235 Ha
END OF #2 << sto 1.00e-20 << eps_var 5.00e-05 << perturbation [1277.8/1301.5]GB [359.500/536.855/9236.798]s

BEG OF #3 << sto 1.00e-20 << eps_var 5.00e-05 << perturbation [1277.8/1301.5]GB [0.001/0.000/9236.798]s
Number of unique variational determinants in sample: 2,321,275
Batch id: 0 / 64
20% 40% 60% 80% 100% 
Number of sto pt dets: 2,476,133,976
END OF create hc sums [1277.9/1301.6]GB [177.290/177.290/9414.088]s
PT sto loop correction: -0.0000221322 Ha
PT sto correction (eps1= 5.00e-05): -0.0000242034 +- 0.0000015025 Ha
PT sto total energy (eps1= 5.00e-05): -2099.8870186382 +- 0.0000032285 Ha
Correlation energy (eps1= 5.00e-05): -1.8962992140 +- 0.0000032285 Ha
END OF #3 << sto 1.00e-20 << eps_var 5.00e-05 << perturbation [1277.9/1301.6]GB [358.293/535.582/9772.380]s

BEG OF #4 << sto 1.00e-20 << eps_var 5.00e-05 << perturbation [1277.9/1301.6]GB [0.001/0.000/9772.380]s
Number of unique variational determinants in sample: 2,319,975
Batch id: 61 / 64
20% 40% 60% 80% 100% 
Number of sto pt dets: 2,474,677,273
END OF create hc sums [1277.9/1301.7]GB [176.543/176.543/9948.923]s
PT sto loop correction: -0.0000204441 Ha
PT sto correction (eps1= 5.00e-05): -0.0000232636 +- 0.0000014184 Ha
PT sto total energy (eps1= 5.00e-05): -2099.8870176984 +- 0.0000031903 Ha
Correlation energy (eps1= 5.00e-05): -1.8962982742 +- 0.0000031903 Ha
END OF #4 << sto 1.00e-20 << eps_var 5.00e-05 << perturbation [1277.9/1301.7]GB [358.042/534.584/10306.964]s

BEG OF #5 << sto 1.00e-20 << eps_var 5.00e-05 << perturbation [1277.9/1301.7]GB [0.002/0.000/10306.965]s
Number of unique variational determinants in sample: 2,320,220
Batch id: 57 / 64
20% 40% 60% 80% 100% 
Number of sto pt dets: 2,474,616,444
END OF create hc sums [1278.0/1301.7]GB [176.334/176.334/10483.298]s
PT sto loop correction: -0.0000239846 Ha
PT sto correction (eps1= 5.00e-05): -0.0000234078 +- 0.0000011081 Ha
PT sto total energy (eps1= 5.00e-05): -2099.8870178427 +- 0.0000030649 Ha
Correlation energy (eps1= 5.00e-05): -1.8962984184 +- 0.0000030649 Ha
END OF #5 << sto 1.00e-20 << eps_var 5.00e-05 << perturbation [1278.0/1301.7]GB [358.782/535.115/10842.080]s

BEG OF #6 << sto 1.00e-20 << eps_var 5.00e-05 << perturbation [1278.0/1301.7]GB [0.003/0.000/10842.080]s
Number of unique variational determinants in sample: 2,321,400
Batch id: 59 / 64
20% 40% 60% 80% 100% 
Number of sto pt dets: 2,476,028,503
END OF create hc sums [1278.0/1301.7]GB [175.892/175.892/11017.972]s
PT sto loop correction: -0.0000165605 Ha
PT sto correction (eps1= 5.00e-05): -0.0000222666 +- 0.0000014564 Ha
PT sto total energy (eps1= 5.00e-05): -2099.8870167014 +- 0.0000032073 Ha
Correlation energy (eps1= 5.00e-05): -1.8962972772 +- 0.0000032073 Ha
END OF #6 << sto 1.00e-20 << eps_var 5.00e-05 << perturbation [1278.0/1301.7]GB [357.602/533.493/11375.573]s
END OF sto 1.00e-20 << eps_var 5.00e-05 << perturbation [1278.0/1301.7]GB [0.014/3300.447/11375.587]s
Total energy: -2099.8870167014 +- 0.0000032073 Ha
END OF eps_var 5.00e-05 << perturbation [1277.9/1301.6]GB [0.162/5828.754/11375.748]s

BEG OF eps_var 3.00e-05 << perturbation [1277.9/1301.6]GB [0.001/0.000/11375.749]s
Loaded 32,401,038 dets from: wf_eps1_3.00e-05.dat
Effect dets (without time sym): 64,790,850
----------------------------------------
Excite Lv       # dets         Sum c^2
0                    1      0.01550616
1                  170      0.00005924
2                59281      0.18634449
3               583030      0.00674194
4              3981271      0.41229719
5              8843212      0.02334922
6             17041582      0.27170021
7             13569834      0.01764287
8             12941020      0.05870654
9              4366050      0.00357295
10             2818177      0.00384393
11              388830      0.00016412
12              188310      0.00006998
13                7468      0.00000097
14                2614      0.00000018
----------------------------------------
Orbital                        Sum c^2
0                           1.99596636
1                           1.99596035
2                           1.98792399
3                           1.98809339
4                           1.98809339
5                           1.98792808
6                           1.98792808
7                           1.98730087
8                           1.87464264
9                           1.21643848
10                          1.21643848
11                          1.05224701
12                          1.05224701
13                          1.21327318
14                          0.77180913
15                          0.93162308
16                          0.93162308
17                          0.07971983
18                          0.76707289
19                          0.76707289
20                          0.01320371
21                          0.01320371
22                          0.01507137
23                          0.00599809
24                          0.00599809
25                          0.00567538
26                          0.00656045
27                          0.00331744
28                          0.01510317
29                          0.01510317
30                          0.00293426
31                          0.01025373
32                          0.01025373
33                          0.00283356
34                          0.00283356
35                          0.00762038
36                          0.00762038
37                          0.00327438
38                          0.00327438
39                          0.00868950
40                          0.00347571
41                          0.00402345
42                          0.00402345
43                          0.00191328
44                          0.00191328
45                          0.00030525
46                          0.00224788
47                          0.00000298
48                          0.00000298
49                          0.00029829
Sum orbitals c^2: 28.00000000
----------------------------------------
Most important dets:
Excite Lv         Coef      Det (Reordered orb)
2           0.14861283      |  0  1  2  3  4  5  6  7  8  9 10 12 13 15 |  0  1  2  3  4  5  6  7  8  9 10 11 13 16 |
0           0.12452374      |  0  1  2  3  4  5  6  7  8  9 10 11 12 13 |  0  1  2  3  4  5  6  7  8  9 10 11 12 13 |
2           0.12137088      |  0  1  2  3  4  5  6  7  8  9 10 11 13 14 |  0  1  2  3  4  5  6  7  8  9 10 11 12 15 |
2          -0.12137088      |  0  1  2  3  4  5  6  7  8  9 10 12 13 14 |  0  1  2  3  4  5  6  7  8  9 10 11 12 16 |
2           0.12055536      |  0  1  2  3  4  5  6  7  8  9 11 12 13 16 |  0  1  2  3  4  5  6  7  8  9 10 12 13 18 |
2           0.12055536      |  0  1  2  3  4  5  6  7  8 10 11 12 13 15 |  0  1  2  3  4  5  6  7  8  9 10 11 13 19 |
2          -0.11966333      |  0  1  2  3  4  5  6  7  8  9 11 12 13 15 |  0  1  2  3  4  5  6  7  8  9 10 11 13 18 |
2          -0.11966333      |  0  1  2  3  4  5  6  7  8 10 11 12 13 16 |  0  1  2  3  4  5  6  7  8  9 10 12 13 19 |
2          -0.10905376      |  0  1  2  3  4  5  6  7  8  9 10 11 13 15 |  0  1  2  3  4  5  6  7  8  9 10 11 13 15 |
2          -0.10905376      |  0  1  2  3  4  5  6  7  8  9 10 12 13 16 |  0  1  2  3  4  5  6  7  8  9 10 12 13 16 |
4          -0.10760076      |  0  1  2  3  4  5  6  7  8  9 10 13 14 16 |  0  1  2  3  4  5  6  7  8  9 10 12 15 16 |
4           0.10760076      |  0  1  2  3  4  5  6  7  8  9 10 13 14 15 |  0  1  2  3  4  5  6  7  8  9 10 11 15 16 |
4          -0.10650866      |  0  1  2  3  4  5  6  7  8  9 11 13 15 16 |  0  1  2  3  4  5  6  7  8  9 10 13 15 18 |
4          -0.10650866      |  0  1  2  3  4  5  6  7  8 10 12 13 15 16 |  0  1  2  3  4  5  6  7  8  9 10 13 16 19 |
4           0.10604887      |  0  1  2  3  4  5  6  7  8  9 12 13 15 16 |  0  1  2  3  4  5  6  7  8  9 10 13 16 18 |
4           0.10604887      |  0  1  2  3  4  5  6  7  8 10 11 13 15 16 |  0  1  2  3  4  5  6  7  8  9 10 13 15 19 |
2           0.09960527      |  0  1  2  3  4  5  6  7  8 10 11 12 13 18 |  0  1  2  3  4  5  6  7  8  9 11 12 13 19 |
2           0.09808077      |  0  1  2  3  4  5  6  7  8  9 11 12 13 14 |  0  1  2  3  4  5  6  7  8  9 10 11 12 18 |
2          -0.09808077      |  0  1  2  3  4  5  6  7  8 10 11 12 13 14 |  0  1  2  3  4  5  6  7  8  9 10 11 12 19 |
4           0.09609477      |  0  1  2  3  4  5  6  7  8  9 10 13 15 16 |  0  1  2  3  4  5  6  7  8  9 10 13 15 16 |
----------------------------------------
HF energy: -2097.9907194243 Ha
Variational energy: -2099.8389102501 Ha
Memory total: 3170.3GB
Helper size: 0.1GB
Bytes per det: 32
Memory var: 6.7GB
Memory PT limit: 2212.4GB

BEG OF dtm 2.00e-06 << eps_var 3.00e-05 << perturbation [1279.2/1302.9]GB [31.587/0.000/11407.335]s
Number of dtm batches: 1
END OF determine number of dtm batches [1279.2/1302.9]GB [1.233/1.233/11408.568]s

BEG OF #1/1 << dtm 2.00e-06 << eps_var 3.00e-05 << perturbation [1279.2/1302.9]GB [0.002/0.000/11408.569]s
20% 40% 60% 80% 100% 
Number of dtm pt dets: 4,602,255,749
END OF create hc sums [1309.4/1333.1]GB [584.992/584.992/11993.560]s
PT dtm batch correction: -0.0447467363 Ha
PT dtm correction (eps1= 3.00e-05): -0.0447467363 +- 0.0000000000 Ha
PT dtm total energy (eps1= 3.00e-05): -2099.8836569864 +- 0.0000000000 Ha
Correlation energy (eps1= 3.00e-05): -1.8929375622 +- 0.0000000000 Ha
END OF #1/1 << dtm 2.00e-06 << eps_var 3.00e-05 << perturbation [1309.4/1333.1]GB [507.009/1092.000/12500.569]s
END OF dtm 2.00e-06 << eps_var 3.00e-05 << perturbation [1309.4/1333.1]GB [0.031/1093.263/12500.598]s

BEG OF psto 1.00e-07 << eps_var 3.00e-05 << perturbation [1299.8/1323.5]GB [0.133/0.001/12500.730]s
Number of psto batches: 19
END OF determine number of psto batches [1304.0/1327.7]GB [17.226/17.226/12517.955]s

BEG OF #1/19 << psto 1.00e-07 << eps_var 3.00e-05 << perturbation [1304.0/1327.7]GB [0.043/0.001/12517.997]s
20% 40% 60% 80% 100% 
Number of psto pt dets: 8,693,983,762
END OF create hc sums [1712.1/1735.8]GB [787.945/787.945/13305.941]s
PT psto batch correction: -0.0003848179 Ha
PT psto correction (eps1= 3.00e-05): -0.0073115395 +- 0.0000025891 Ha
PT psto total energy (eps1= 3.00e-05): -2099.8909685260 +- 0.0000025891 Ha
Correlation energy (eps1= 3.00e-05): -1.9002491017 +- 0.0000025891 Ha
END OF #1/19 << psto 1.00e-07 << eps_var 3.00e-05 << perturbation [1712.1/1735.8]GB [1120.217/1908.161/14426.157]s
END OF psto 1.00e-07 << eps_var 3.00e-05 << perturbation [1712.1/1735.8]GB [0.001/1925.428/14426.157]s

BEG OF sto 1.00e-20 << eps_var 3.00e-05 << perturbation [1485.4/1509.1]GB [2.167/0.001/14428.324]s
Number of samples chosen: 2,697,166
END OF determine n samples [1485.6/1509.3]GB [3.771/3.771/14432.094]s

BEG OF #1 << sto 1.00e-20 << eps_var 3.00e-05 << perturbation [1485.6/1509.3]GB [0.001/0.000/14432.094]s
Number of unique variational determinants in sample: 2,315,064
Batch id: 55 / 64
20% 40% 60% 80% 100% 
Number of sto pt dets: 2,660,400,337
END OF create hc sums [1834.9/1858.6]GB [244.984/244.984/14677.078]s
PT sto loop correction: 0.0000461930 Ha
PT sto correction (eps1= 3.00e-05): 0.0000461930 +- -nan Ha
PT sto total energy (eps1= 3.00e-05): -2099.8909223330 +- -nan Ha
Correlation energy (eps1= 3.00e-05): -1.9002029087 +- -nan Ha
END OF #1 << sto 1.00e-20 << eps_var 3.00e-05 << perturbation [1834.9/1858.6]GB [369.746/614.728/15046.822]s

BEG OF #2 << sto 1.00e-20 << eps_var 3.00e-05 << perturbation [1834.9/1858.6]GB [0.002/0.000/15046.823]s
Number of unique variational determinants in sample: 2,315,447
Batch id: 61 / 64
20% 40% 60% 80% 100% 
Number of sto pt dets: 2,661,349,257
END OF create hc sums [1834.9/1858.6]GB [176.898/176.898/15223.720]s
PT sto loop correction: 0.0000480996 Ha
PT sto correction (eps1= 3.00e-05): 0.0000471463 +- 0.0000009533 Ha
PT sto total energy (eps1= 3.00e-05): -2099.8909213796 +- 0.0000027590 Ha
Correlation energy (eps1= 3.00e-05): -1.9002019554 +- 0.0000027590 Ha
END OF #2 << sto 1.00e-20 << eps_var 3.00e-05 << perturbation [1834.9/1858.6]GB [370.661/547.558/15594.380]s

BEG OF #3 << sto 1.00e-20 << eps_var 3.00e-05 << perturbation [1834.9/1858.6]GB [0.001/0.000/15594.381]s
Number of unique variational determinants in sample: 2,313,895
Batch id: 10 / 64
20% 40% 60% 80% 100% 
Number of sto pt dets: 2,659,223,665
END OF create hc sums [1835.0/1858.7]GB [176.964/176.964/15771.344]s
PT sto loop correction: 0.0000503599 Ha
PT sto correction (eps1= 3.00e-05): 0.0000482175 +- 0.0000012043 Ha
PT sto total energy (eps1= 3.00e-05): -2099.8909203084 +- 0.0000028555 Ha
Correlation energy (eps1= 3.00e-05): -1.9002008842 +- 0.0000028555 Ha
END OF #3 << sto 1.00e-20 << eps_var 3.00e-05 << perturbation [1835.0/1858.7]GB [369.149/546.112/16140.492]s

BEG OF #4 << sto 1.00e-20 << eps_var 3.00e-05 << perturbation [1835.0/1858.7]GB [0.001/0.000/16140.493]s
Number of unique variational determinants in sample: 2,314,702
Batch id: 8 / 64
20% 40% 60% 80% 100% 
Number of sto pt dets: 2,660,027,079
END OF create hc sums [1835.0/1858.7]GB [175.984/175.984/16316.476]s
PT sto loop correction: 0.0000505269 Ha
PT sto correction (eps1= 3.00e-05): 0.0000487949 +- 0.0000010289 Ha
PT sto total energy (eps1= 3.00e-05): -2099.8909197311 +- 0.0000027860 Ha
Correlation energy (eps1= 3.00e-05): -1.9002003068 +- 0.0000027860 Ha
END OF #4 << sto 1.00e-20 << eps_var 3.00e-05 << perturbation [1835.0/1858.8]GB [368.939/544.922/16685.414]s

BEG OF #5 << sto 1.00e-20 << eps_var 3.00e-05 << perturbation [1835.0/1858.8]GB [0.002/0.000/16685.415]s
Number of unique variational determinants in sample: 2,314,195
Batch id: 43 / 64
20% 40% 60% 80% 100% 
Number of sto pt dets: 2,659,377,417
END OF create hc sums [1835.1/1858.8]GB [176.133/176.133/16861.547]s
PT sto loop correction: 0.0000470338 Ha
PT sto correction (eps1= 3.00e-05): 0.0000484427 +- 0.0000008713 Ha
PT sto total energy (eps1= 3.00e-05): -2099.8909200833 +- 0.0000027318 Ha
Correlation energy (eps1= 3.00e-05): -1.9002006590 +- 0.0000027318 Ha
END OF #5 << sto 1.00e-20 << eps_var 3.00e-05 << perturbation [1835.1/1858.8]GB [368.906/545.037/17230.452]s

BEG OF #6 << sto 1.00e-20 << eps_var 3.00e-05 << perturbation [1835.1/1858.8]GB [0.001/0.000/17230.452]s
Number of unique variational determinants in sample: 2,314,312
Batch id: 30 / 64
20% 40% 60% 80% 100% 
Number of sto pt dets: 2,659,472,878
END OF create hc sums [1835.1/1858.8]GB [176.049/176.049/17406.501]s
PT sto loop correction: 0.0000409113 Ha
PT sto correction (eps1= 3.00e-05): 0.0000471874 +- 0.0000014428 Ha
PT sto total energy (eps1= 3.00e-05): -2099.8909213385 +- 0.0000029640 Ha
Correlation energy (eps1= 3.00e-05): -1.9002019143 +- 0.0000029640 Ha
END OF #6 << sto 1.00e-20 << eps_var 3.00e-05 << perturbation [1835.2/1858.9]GB [370.528/546.577/17777.028]s
END OF sto 1.00e-20 << eps_var 3.00e-05 << perturbation [1835.2/1858.9]GB [0.014/3348.719/17777.041]s
Total energy: -2099.8909213385 +- 0.0000029640 Ha
END OF eps_var 3.00e-05 << perturbation [1834.8/1858.5]GB [0.100/6401.393/17777.141]s

BEG OF eps_var 2.00e-05 << perturbation [1834.8/1858.5]GB [0.001/0.000/17777.142]s
Loaded 72,709,065 dets from: wf_eps1_2.00e-05.dat
Effect dets (without time sym): 145,402,339
----------------------------------------
Excite Lv       # dets         Sum c^2
0                    1      0.01593811
1                  176      0.00008349
2                67206      0.18787498
3               951924      0.00743301
4              7260830      0.40923064
5             18704010      0.02527934
6             36347453      0.26799696
7             32905628      0.01918731
8             29715687      0.05866209
9             11538588      0.00399996
10             6381796      0.00403606
11             1063024      0.00019612
12              434180      0.00008036
13               25110      0.00000134
14                6726      0.00000024
----------------------------------------
Orbital                        Sum c^2
0                           1.99585631
1                           1.99585291
2                           1.98735664
3                           1.98756594
4                           1.98756594
5                           1.98739278
6                           1.98739278
7                           1.98669719
8                           1.86706784
9                           1.22040540
10                          1.22040540
11                          1.05370793
12                          1.05370793
13                          1.21648108
14                          0.76669974
15                          0.92843989
16                          0.92843989
17                          0.07994602
18                          0.76117162
19                          0.76117162
20                          0.01445501
21                          0.01445501
22                          0.01706229
23                          0.00639824
24                          0.00639824
25                          0.00606856
26                          0.00746109
27                          0.00346623
28                          0.01773022
29                          0.01773022
30                          0.00305304
31                          0.01110233
32                          0.01110233
33                          0.00295058
34                          0.00295058
35                          0.00812296
36                          0.00812296
37                          0.00342295
38                          0.00342295
39                          0.00913897
40                          0.00368245
41                          0.00441999
42                          0.00441999
43                          0.00245606
44                          0.00245606
45                          0.00036240
46                          0.00239645
47                          0.00000394
48                          0.00000394
49                          0.00032328
Sum orbitals c^2: 28.00000000
----------------------------------------
Most important dets:
Excite Lv         Coef      Det (Reordered orb)
2           0.14894228      |  0  1  2  3  4  5  6  7  8  9 10 12 13 15 |  0  1  2  3  4  5  6  7  8  9 10 11 13 16 |
0           0.12624624      |  0  1  2  3  4  5  6  7  8  9 10 11 12 13 |  0  1  2  3  4  5  6  7  8  9 10 11 12 13 |
2           0.12169131      |  0  1  2  3  4  5  6  7  8  9 10 11 13 14 |  0  1  2  3  4  5  6  7  8  9 10 11 12 15 |
2          -0.12169131      |  0  1  2  3  4  5  6  7  8  9 10 12 13 14 |  0  1  2  3  4  5  6  7  8  9 10 11 12 16 |
2           0.12074439      |  0  1  2  3  4  5  6  7  8  9 11 12 13 16 |  0  1  2  3  4  5  6  7  8  9 10 12 13 18 |
2           0.12074439      |  0  1  2  3  4  5  6  7  8 10 11 12 13 15 |  0  1  2  3  4  5  6  7  8  9 10 11 13 19 |
2          -0.11984748      |  0  1  2  3  4  5  6  7  8  9 11 12 13 15 |  0  1  2  3  4  5  6  7  8  9 10 11 13 18 |
2          -0.11984748      |  0  1  2  3  4  5  6  7  8 10 11 12 13 16 |  0  1  2  3  4  5  6  7  8  9 10 12 13 19 |
2          -0.11011867      |  0  1  2  3  4  5  6  7  8  9 10 11 13 15 |  0  1  2  3  4  5  6  7  8  9 10 11 13 15 |
2          -0.11011867      |  0  1  2  3  4  5  6  7  8  9 10 12 13 16 |  0  1  2  3  4  5  6  7  8  9 10 12 13 16 |
4          -0.10738088      |  0  1  2  3  4  5  6  7  8  9 10 13 14 16 |  0  1  2  3  4  5  6  7  8  9 10 12 15 16 |
4           0.10738088      |  0  1  2  3  4  5  6  7  8  9 10 13 14 15 |  0  1  2  3  4  5  6  7  8  9 10 11 15 16 |
4          -0.10615644      |  0  1  2  3  4  5  6  7  8  9 11 13 15 16 |  0  1  2  3  4  5  6  7  8  9 10 13 15 18 |
4          -0.10615644      |  0  1  2  3  4  5  6  7  8 10 12 13 15 16 |  0  1  2  3  4  5  6  7  8  9 10 13 16 19 |
4           0.10570791      |  0  1  2  3  4  5  6  7  8  9 12 13 15 16 |  0  1  2  3  4  5  6  7  8  9 10 13 16 18 |
4           0.10570791      |  0  1  2  3  4  5  6  7  8 10 11 13 15 16 |  0  1  2  3  4  5  6  7  8  9 10 13 15 19 |
2           0.09965471      |  0  1  2  3  4  5  6  7  8 10 11 12 13 18 |  0  1  2  3  4  5  6  7  8  9 11 12 13 19 |
2           0.09814557      |  0  1  2  3  4  5  6  7  8  9 11 12 13 14 |  0  1  2  3  4  5  6  7  8  9 10 11 12 18 |
2          -0.09814557      |  0  1  2  3  4  5  6  7  8 10 11 12 13 14 |  0  1  2  3  4  5  6  7  8  9 10 11 12 19 |
4           0.09661679      |  0  1  2  3  4  5  6  7  8  9 10 13 15 16 |  0  1  2  3  4  5  6  7  8  9 10 13 15 16 |
----------------------------------------
HF energy: -2097.9907194243 Ha
Variational energy: -2099.8509924016 Ha
Memory total: 3170.3GB
Helper size: 0.1GB
Bytes per det: 32
Memory var: 15.1GB
Memory PT limit: 2204.0GB

BEG OF dtm 2.00e-06 << eps_var 2.00e-05 << perturbation [27.3/51.0]GB [99.369/0.000/17876.510]s
Number of dtm batches: 1
END OF determine number of dtm batches [27.4/51.1]GB [2.139/2.139/17878.649]s

BEG OF #1/1 << dtm 2.00e-06 << eps_var 2.00e-05 << perturbation [27.4/51.1]GB [0.002/0.000/17878.650]s
20% 40% 60% 80% 100% 
Number of dtm pt dets: 4,642,868,184
END OF create hc sums [685.2/708.9]GB [816.863/816.863/18695.513]s
PT dtm batch correction: -0.0339649963 Ha
PT dtm correction (eps1= 2.00e-05): -0.0339649963 +- 0.0000000000 Ha
PT dtm total energy (eps1= 2.00e-05): -2099.8849573979 +- 0.0000000000 Ha
Correlation energy (eps1= 2.00e-05): -1.8942379737 +- 0.0000000000 Ha
END OF #1/1 << dtm 2.00e-06 << eps_var 2.00e-05 << perturbation [685.2/708.9]GB [467.619/1284.480/19163.130]s
END OF dtm 2.00e-06 << eps_var 2.00e-05 << perturbation [685.2/708.9]GB [0.028/1286.647/19163.157]s

BEG OF psto 1.00e-07 << eps_var 2.00e-05 << perturbation [672.4/696.1]GB [0.207/0.001/19163.364]s
Number of psto batches: 26
END OF determine number of psto batches [679.4/703.1]GB [24.566/24.566/19187.929]s

BEG OF #1/26 << psto 1.00e-07 << eps_var 2.00e-05 << perturbation [679.4/703.1]GB [0.072/0.001/19188.001]s
20% 40% 60% 80% 100% 
Number of psto pt dets: 8,280,282,292
END OF create hc sums [1712.7/1736.4]GB [940.812/940.812/20128.812]s
PT psto batch correction: -0.0003524691 Ha
PT psto correction (eps1= 2.00e-05): -0.0091641955 +- 0.0000022453 Ha
PT psto total energy (eps1= 2.00e-05): -2099.8941215934 +- 0.0000022453 Ha
Correlation energy (eps1= 2.00e-05): -1.9034021692 +- 0.0000022453 Ha
END OF #1/26 << psto 1.00e-07 << eps_var 2.00e-05 << perturbation [1712.7/1736.4]GB [1006.237/1947.048/21135.048]s
END OF psto 1.00e-07 << eps_var 2.00e-05 << perturbation [1712.7/1736.4]GB [0.001/1971.686/21135.049]s

BEG OF sto 1.00e-20 << eps_var 2.00e-05 << perturbation [1643.7/1667.4]GB [2.154/0.001/21137.202]s
Number of samples chosen: 2,531,492
END OF determine n samples [1643.9/1667.6]GB [4.164/4.164/21141.365]s

BEG OF #1 << sto 1.00e-20 << eps_var 2.00e-05 << perturbation [1643.9/1667.6]GB [0.001/0.000/21141.366]s
Number of unique variational determinants in sample: 2,306,395
Batch id: 46 / 64
20% 40% 60% 80% 100% 
Number of sto pt dets: 2,775,530,667
END OF create hc sums [1804.1/1827.8]GB [237.998/237.998/21379.363]s
PT sto loop correction: 0.0001443259 Ha
PT sto correction (eps1= 2.00e-05): 0.0001443259 +- -nan Ha
PT sto total energy (eps1= 2.00e-05): -2099.8939772675 +- -nan Ha
Correlation energy (eps1= 2.00e-05): -1.9032578432 +- -nan Ha
END OF #1 << sto 1.00e-20 << eps_var 2.00e-05 << perturbation [1803.9/1827.6]GB [376.495/614.492/21755.857]s

BEG OF #2 << sto 1.00e-20 << eps_var 2.00e-05 << perturbation [1803.9/1827.6]GB [0.001/0.000/21755.858]s
Number of unique variational determinants in sample: 2,306,878
Batch id: 18 / 64
20% 40% 60% 80% 100% 
Number of sto pt dets: 2,775,946,321
END OF create hc sums [1803.9/1827.7]GB [178.371/178.371/21934.228]s
PT sto loop correction: 0.0001231067 Ha
PT sto correction (eps1= 2.00e-05): 0.0001337163 +- 0.0000106096 Ha
PT sto total energy (eps1= 2.00e-05): -2099.8939878771 +- 0.0000108446 Ha
Correlation energy (eps1= 2.00e-05): -1.9032684528 +- 0.0000108446 Ha
END OF #2 << sto 1.00e-20 << eps_var 2.00e-05 << perturbation [1804.0/1827.7]GB [376.177/554.546/22310.404]s

BEG OF #3 << sto 1.00e-20 << eps_var 2.00e-05 << perturbation [1804.0/1827.7]GB [0.002/0.000/22310.404]s
Number of unique variational determinants in sample: 2,307,341
Batch id: 18 / 64
20% 40% 60% 80% 100% 
Number of sto pt dets: 2,777,126,925
END OF create hc sums [1804.0/1827.7]GB [179.020/179.020/22489.424]s
PT sto loop correction: 0.0001197273 Ha
PT sto correction (eps1= 2.00e-05): 0.0001290533 +- 0.0000076984 Ha
PT sto total energy (eps1= 2.00e-05): -2099.8939925401 +- 0.0000080191 Ha
Correlation energy (eps1= 2.00e-05): -1.9032731158 +- 0.0000080191 Ha
END OF #3 << sto 1.00e-20 << eps_var 2.00e-05 << perturbation [1804.0/1827.7]GB [377.152/556.170/22866.574]s

BEG OF #4 << sto 1.00e-20 << eps_var 2.00e-05 << perturbation [1804.0/1827.7]GB [0.001/0.000/22866.575]s
Number of unique variational determinants in sample: 2,306,565
Batch id: 16 / 64
20% 40% 60% 80% 100% 
Number of sto pt dets: 2,776,068,656
END OF create hc sums [1804.1/1827.8]GB [176.764/176.764/23043.339]s
PT sto loop correction: 0.0001416590 Ha
PT sto correction (eps1= 2.00e-05): 0.0001322047 +- 0.0000062900 Ha
PT sto total energy (eps1= 2.00e-05): -2099.8939893887 +- 0.0000066787 Ha
Correlation energy (eps1= 2.00e-05): -1.9032699644 +- 0.0000066787 Ha
END OF #4 << sto 1.00e-20 << eps_var 2.00e-05 << perturbation [1804.1/1827.8]GB [375.860/552.623/23419.197]s

BEG OF #5 << sto 1.00e-20 << eps_var 2.00e-05 << perturbation [1804.1/1827.8]GB [0.001/0.000/23419.198]s
Number of unique variational determinants in sample: 2,306,601
Batch id: 44 / 64
20% 40% 60% 80% 100% 
Number of sto pt dets: 2,775,642,779
END OF create hc sums [1804.1/1827.8]GB [176.342/176.342/23595.539]s
PT sto loop correction: 0.0001225408 Ha
PT sto correction (eps1= 2.00e-05): 0.0001302719 +- 0.0000052416 Ha
PT sto total energy (eps1= 2.00e-05): -2099.8939913215 +- 0.0000057022 Ha
Correlation energy (eps1= 2.00e-05): -1.9032718972 +- 0.0000057022 Ha
END OF #5 << sto 1.00e-20 << eps_var 2.00e-05 << perturbation [1804.1/1827.8]GB [375.775/552.115/23971.313]s

BEG OF #6 << sto 1.00e-20 << eps_var 2.00e-05 << perturbation [1804.1/1827.8]GB [0.002/0.000/23971.313]s
Number of unique variational determinants in sample: 2,306,977
Batch id: 39 / 64
20% 40% 60% 80% 100% 
Number of sto pt dets: 2,775,846,262
END OF create hc sums [1804.1/1827.8]GB [175.710/175.710/24147.023]s
PT sto loop correction: 0.0001397099 Ha
PT sto correction (eps1= 2.00e-05): 0.0001318449 +- 0.0000045596 Ha
PT sto total energy (eps1= 2.00e-05): -2099.8939897485 +- 0.0000050825 Ha
Correlation energy (eps1= 2.00e-05): -1.9032703242 +- 0.0000050825 Ha
END OF #6 << sto 1.00e-20 << eps_var 2.00e-05 << perturbation [1804.1/1827.9]GB [375.732/551.442/24522.754]s
END OF sto 1.00e-20 << eps_var 2.00e-05 << perturbation [1804.1/1827.9]GB [0.023/3385.575/24522.776]s
Total energy: -2099.8939897485 +- 0.0000050825 Ha
END OF eps_var 2.00e-05 << perturbation [1802.6/1826.3]GB [0.109/6745.743/24522.884]s

BEG OF eps_var 1.00e-05 << perturbation [1802.6/1826.3]GB [0.001/0.000/24522.885]s
Loaded 261,975,910 dets from: wf_eps1_1.00e-05.dat
Effect dets (without time sym): 523,919,285
----------------------------------------
Excite Lv       # dets         Sum c^2
0                    1      0.01556145
1                  190      0.00011734
2                77832      0.18560118
3              1930468      0.00833401
4             18091242      0.40571667
5             55885876      0.02844325
6            117226532      0.26602785
7            127360400      0.02196050
8            115388190      0.05893194
9             54896598      0.00472903
10            25936291      0.00424016
11             5416132      0.00024374
12             1578430      0.00009070
13              107950      0.00000187
14               23153      0.00000031
----------------------------------------
Orbital                        Sum c^2
0                           1.99558643
1                           1.99558348
2                           1.98639851
3                           1.98666820
4                           1.98666820
5                           1.98649071
6                           1.98649071
7                           1.98570552
8                           1.85851164
9                           1.21960039
10                          1.21960039
11                          1.05350642
12                          1.05350642
13                          1.21417117
14                          0.76584950
15                          0.92596979
16                          0.92596979
17                          0.07897478
18                          0.75910921
19                          0.75910921
20                          0.01606428
21                          0.01606428
22                          0.01998586
23                          0.00697430
24                          0.00697430
25                          0.00659283
26                          0.00904420
27                          0.00371630
28                          0.02111258
29                          0.02111258
30                          0.00327025
31                          0.01221260
32                          0.01221260
33                          0.00315319
34                          0.00315319
35                          0.00876848
36                          0.00876848
37                          0.00366315
38                          0.00366315
39                          0.00975596
40                          0.00419774
41                          0.00537659
42                          0.00537659
43                          0.00310824
44                          0.00310824
45                          0.00052345
46                          0.00264588
47                          0.00000529
48                          0.00000529
49                          0.00038435
Sum orbitals c^2: 28.00000000
----------------------------------------
Most important dets:
Excite Lv         Coef      Det (Reordered orb)
2           0.14727647      |  0  1  2  3  4  5  6  7  8  9 10 12 13 15 |  0  1  2  3  4  5  6  7  8  9 10 11 13 16 |
0           0.12474555      |  0  1  2  3  4  5  6  7  8  9 10 11 12 13 |  0  1  2  3  4  5  6  7  8  9 10 11 12 13 |
2           0.12117220      |  0  1  2  3  4  5  6  7  8  9 10 11 13 14 |  0  1  2  3  4  5  6  7  8  9 10 11 12 15 |
2          -0.12117220      |  0  1  2  3  4  5  6  7  8  9 10 12 13 14 |  0  1  2  3  4  5  6  7  8  9 10 11 12 16 |
2           0.11998986      |  0  1  2  3  4  5  6  7  8 10 11 12 13 15 |  0  1  2  3  4  5  6  7  8  9 10 11 13 19 |
2           0.11998986      |  0  1  2  3  4  5  6  7  8  9 11 12 13 16 |  0  1  2  3  4  5  6  7  8  9 10 12 13 18 |
2          -0.11922493      |  0  1  2  3  4  5  6  7  8  9 11 12 13 15 |  0  1  2  3  4  5  6  7  8  9 10 11 13 18 |
2          -0.11922493      |  0  1  2  3  4  5  6  7  8 10 11 12 13 16 |  0  1  2  3  4  5  6  7  8  9 10 12 13 19 |
2          -0.10872991      |  0  1  2  3  4  5  6  7  8  9 10 11 13 15 |  0  1  2  3  4  5  6  7  8  9 10 11 13 15 |
2          -0.10872991      |  0  1  2  3  4  5  6  7  8  9 10 12 13 16 |  0  1  2  3  4  5  6  7  8  9 10 12 13 16 |
4          -0.10670558      |  0  1  2  3  4  5  6  7  8  9 10 13 14 16 |  0  1  2  3  4  5  6  7  8  9 10 12 15 16 |
4           0.10670558      |  0  1  2  3  4  5  6  7  8  9 10 13 14 15 |  0  1  2  3  4  5  6  7  8  9 10 11 15 16 |
4          -0.10528003      |  0  1  2  3  4  5  6  7  8  9 11 13 15 16 |  0  1  2  3  4  5  6  7  8  9 10 13 15 18 |
4          -0.10528003      |  0  1  2  3  4  5  6  7  8 10 12 13 15 16 |  0  1  2  3  4  5  6  7  8  9 10 13 16 19 |
4           0.10490560      |  0  1  2  3  4  5  6  7  8 10 11 13 15 16 |  0  1  2  3  4  5  6  7  8  9 10 13 15 19 |
4           0.10490560      |  0  1  2  3  4  5  6  7  8  9 12 13 15 16 |  0  1  2  3  4  5  6  7  8  9 10 13 16 18 |
2           0.09933269      |  0  1  2  3  4  5  6  7  8 10 11 12 13 18 |  0  1  2  3  4  5  6  7  8  9 11 12 13 19 |
2           0.09820471      |  0  1  2  3  4  5  6  7  8  9 11 12 13 14 |  0  1  2  3  4  5  6  7  8  9 10 11 12 18 |
2          -0.09820471      |  0  1  2  3  4  5  6  7  8 10 11 12 13 14 |  0  1  2  3  4  5  6  7  8  9 10 11 12 19 |
4           0.09529411      |  0  1  2  3  4  5  6  7  8  9 10 13 15 16 |  0  1  2  3  4  5  6  7  8  9 10 13 15 16 |
----------------------------------------
HF energy: -2097.9907194243 Ha
Variational energy: -2099.8687339982 Ha
Memory total: 3170.3GB
Helper size: 0.1GB
Bytes per det: 32
Memory var: 54.5GB
Memory PT limit: 2164.7GB

BEG OF dtm 2.00e-06 << eps_var 1.00e-05 << perturbation [91.0/114.7]GB [323.032/0.000/24845.916]s
Number of dtm batches: 1
END OF determine number of dtm batches [91.1/114.8]GB [5.888/5.888/24851.804]s

BEG OF #1/1 << dtm 2.00e-06 << eps_var 1.00e-05 << perturbation [91.1/114.8]GB [0.002/0.000/24851.805]s
20% 40% 60% 80% 100% 
Number of dtm pt dets: 4,526,228,092
END OF create hc sums [765.6/789.3]GB [2475.160/2475.160/27326.965]s
PT dtm batch correction: -0.0178728270 Ha
PT dtm correction (eps1= 1.00e-05): -0.0178728270 +- 0.0000000000 Ha
PT dtm total energy (eps1= 1.00e-05): -2099.8866068253 +- 0.0000000000 Ha
Correlation energy (eps1= 1.00e-05): -1.8958874010 +- 0.0000000000 Ha
END OF #1/1 << dtm 2.00e-06 << eps_var 1.00e-05 << perturbation [765.5/789.2]GB [408.826/2883.986/27735.790]s
END OF dtm 2.00e-06 << eps_var 1.00e-05 << perturbation [765.5/789.2]GB [0.002/2889.875/27735.791]s

BEG OF psto 1.00e-07 << eps_var 1.00e-05 << perturbation [748.6/772.3]GB [0.195/0.001/27735.985]s
Number of psto batches: 38
END OF determine number of psto batches [759.3/783.0]GB [39.580/39.580/27775.565]s

BEG OF #1/38 << psto 1.00e-07 << eps_var 1.00e-05 << perturbation [759.3/783.0]GB [0.116/0.001/27775.680]s
20% 40% 60% 80% 100% 
Number of psto pt dets: 7,470,589,947
END OF create hc sums [1391.6/1415.3]GB [1192.207/1192.207/28967.886]s
PT psto batch correction: -0.0003112540 Ha
PT psto correction (eps1= 1.00e-05): -0.0118276520 +- 0.0000015808 Ha
PT psto total energy (eps1= 1.00e-05): -2099.8984344773 +- 0.0000015808 Ha
Correlation energy (eps1= 1.00e-05): -1.9077150530 +- 0.0000015808 Ha
END OF #1/38 << psto 1.00e-07 << eps_var 1.00e-05 << perturbation [1391.5/1415.3]GB [825.724/2017.930/29793.609]s
END OF psto 1.00e-07 << eps_var 1.00e-05 << perturbation [1391.5/1415.3]GB [0.002/2057.625/29793.610]s

BEG OF sto 1.00e-20 << eps_var 1.00e-05 << perturbation [1353.1/1376.8]GB [5.748/0.001/29799.357]s
Number of samples chosen: 2,366,031
END OF determine n samples [1353.3/1377.0]GB [4.666/4.666/29804.022]s

BEG OF #1 << sto 1.00e-20 << eps_var 1.00e-05 << perturbation [1353.3/1377.0]GB [0.001/0.000/29804.022]s
Number of unique variational determinants in sample: 2,270,304
Batch id: 17 / 64
20% 40% 60% 80% 100% 
Number of sto pt dets: 2,874,023,462
END OF create hc sums [1498.6/1522.3]GB [243.940/243.940/30047.962]s
PT sto loop correction: -0.0000853031 Ha
PT sto correction (eps1= 1.00e-05): -0.0000853031 +- -nan Ha
PT sto total energy (eps1= 1.00e-05): -2099.8985197804 +- -nan Ha
Correlation energy (eps1= 1.00e-05): -1.9078003561 +- -nan Ha
END OF #1 << sto 1.00e-20 << eps_var 1.00e-05 << perturbation [1498.6/1522.3]GB [372.099/616.037/30420.059]s

BEG OF #2 << sto 1.00e-20 << eps_var 1.00e-05 << perturbation [1498.6/1522.3]GB [0.001/0.000/30420.059]s
Number of unique variational determinants in sample: 2,270,616
Batch id: 12 / 64
20% 40% 60% 80% 100% 
Number of sto pt dets: 2,874,584,259
END OF create hc sums [1498.6/1522.4]GB [175.925/175.925/30595.984]s
PT sto loop correction: -0.0000980862 Ha
PT sto correction (eps1= 1.00e-05): -0.0000916947 +- 0.0000063916 Ha
PT sto total energy (eps1= 1.00e-05): -2099.8985261719 +- 0.0000065842 Ha
Correlation energy (eps1= 1.00e-05): -1.9078067477 +- 0.0000065842 Ha
END OF #2 << sto 1.00e-20 << eps_var 1.00e-05 << perturbation [1498.7/1522.4]GB [371.915/547.839/30967.898]s

BEG OF #3 << sto 1.00e-20 << eps_var 1.00e-05 << perturbation [1498.7/1522.4]GB [0.002/0.000/30967.899]s
Number of unique variational determinants in sample: 2,270,230
Batch id: 35 / 64
20% 40% 60% 80% 100% 
Number of sto pt dets: 2,874,264,489
END OF create hc sums [1498.7/1522.4]GB [177.901/177.901/31145.799]s
PT sto loop correction: -0.0001147635 Ha
PT sto correction (eps1= 1.00e-05): -0.0000993843 +- 0.0000085292 Ha
PT sto total energy (eps1= 1.00e-05): -2099.8985338615 +- 0.0000086745 Ha
Correlation energy (eps1= 1.00e-05): -1.9078144373 +- 0.0000086745 Ha
END OF #3 << sto 1.00e-20 << eps_var 1.00e-05 << perturbation [1498.7/1522.4]GB [373.493/551.393/31519.291]s

BEG OF #4 << sto 1.00e-20 << eps_var 1.00e-05 << perturbation [1498.7/1522.4]GB [0.001/0.000/31519.291]s
Number of unique variational determinants in sample: 2,270,354
Batch id: 51 / 64
20% 40% 60% 80% 100% 
Number of sto pt dets: 2,874,434,731
END OF create hc sums [1498.7/1522.4]GB [175.310/175.310/31694.601]s
PT sto loop correction: -0.0000652439 Ha
PT sto correction (eps1= 1.00e-05): -0.0000908492 +- 0.0000104509 Ha
PT sto total energy (eps1= 1.00e-05): -2099.8985253264 +- 0.0000105698 Ha
Correlation energy (eps1= 1.00e-05): -1.9078059022 +- 0.0000105698 Ha
END OF #4 << sto 1.00e-20 << eps_var 1.00e-05 << perturbation [1498.7/1522.4]GB [371.961/547.270/32066.561]s

BEG OF #5 << sto 1.00e-20 << eps_var 1.00e-05 << perturbation [1498.7/1522.4]GB [0.001/0.000/32066.561]s
Number of unique variational determinants in sample: 2,270,393
Batch id: 24 / 64
20% 40% 60% 80% 100% 
Number of sto pt dets: 2,874,777,900
END OF create hc sums [1498.7/1522.4]GB [174.413/174.413/32240.974]s
PT sto loop correction: -0.0000997098 Ha
PT sto correction (eps1= 1.00e-05): -0.0000926213 +- 0.0000082869 Ha
PT sto total energy (eps1= 1.00e-05): -2099.8985270986 +- 0.0000084364 Ha
Correlation energy (eps1= 1.00e-05): -1.9078076743 +- 0.0000084364 Ha
END OF #5 << sto 1.00e-20 << eps_var 1.00e-05 << perturbation [1498.8/1522.5]GB [371.618/546.030/32612.591]s

BEG OF #6 << sto 1.00e-20 << eps_var 1.00e-05 << perturbation [1498.8/1522.5]GB [0.001/0.000/32612.591]s
Number of unique variational determinants in sample: 2,270,142
Batch id: 59 / 64
20% 40% 60% 80% 100% 
Number of sto pt dets: 2,874,202,947
END OF create hc sums [1498.7/1522.5]GB [173.185/173.185/32785.776]s
PT sto loop correction: -0.0001193298 Ha
PT sto correction (eps1= 1.00e-05): -0.0000970727 +- 0.0000080992 Ha
PT sto total energy (eps1= 1.00e-05): -2099.8985315500 +- 0.0000082521 Ha
Correlation energy (eps1= 1.00e-05): -1.9078121257 +- 0.0000082521 Ha
END OF #6 << sto 1.00e-20 << eps_var 1.00e-05 << perturbation [1498.8/1522.5]GB [372.337/545.521/33158.112]s
END OF sto 1.00e-20 << eps_var 1.00e-05 << perturbation [1498.8/1522.5]GB [0.002/3358.756/33158.112]s
Total energy: -2099.8985315500 +- 0.0000082521 Ha
END OF eps_var 1.00e-05 << perturbation [1497.4/1521.2]GB [0.116/8635.344/33158.228]s

BEG OF eps_var 5.00e-06 << perturbation [1497.4/1521.2]GB [0.001/0.000/33158.229]s
Loaded 802,729,821 dets from: wf_eps1_5.00e-06.dat
Effect dets (without time sym): 1,605,396,742
----------------------------------------
Excite Lv       # dets         Sum c^2
0                    1      0.01489925
1                  192      0.00013746
2                84210      0.18113917
3              3453700      0.00883485
4             39975718      0.40244235
5            139641490      0.03071478
6            320515190      0.26722106
7            391001184      0.02429565
8            378487240      0.06007833
9            205430910      0.00538310
10            97564263      0.00446324
11            23043906      0.00028881
12             5706767      0.00009925
13              421180      0.00000233
14               70791      0.00000036
----------------------------------------
Orbital                        Sum c^2
0                           1.99530252
1                           1.99529766
2                           1.98570246
3                           1.98600223
4                           1.98600223
5                           1.98582382
6                           1.98582382
7                           1.98498647
8                           1.84765598
9                           1.21533395
10                          1.21533395
11                          1.05208948
12                          1.05208948
13                          1.20878623
14                          0.76883360
15                          0.92543242
16                          0.92543242
17                          0.08334506
18                          0.76097485
19                          0.76097485
20                          0.01711649
21                          0.01711649
22                          0.02194519
23                          0.00743215
24                          0.00743215
25                          0.00699043
26                          0.01029511
27                          0.00390506
28                          0.02301301
29                          0.02301301
30                          0.00344026
31                          0.01294109
32                          0.01294109
33                          0.00330008
34                          0.00330008
35                          0.00920660
36                          0.00920660
37                          0.00383196
38                          0.00383196
39                          0.01075904
40                          0.00469080
41                          0.00626307
42                          0.00626307
43                          0.00351408
44                          0.00351408
45                          0.00072541
46                          0.00293870
47                          0.00000656
48                          0.00000656
49                          0.00049011
Sum orbitals c^2: 28.00000000
----------------------------------------
Most important dets:
Excite Lv         Coef      Det (Reordered orb)
2           0.14464116      |  0  1  2  3  4  5  6  7  8  9 10 12 13 15 |  0  1  2  3  4  5  6  7  8  9 10 11 13 16 |
0           0.12206249      |  0  1  2  3  4  5  6  7  8  9 10 11 12 13 |  0  1  2  3  4  5  6  7  8  9 10 11 12 13 |
2           0.11978663      |  0  1  2  3  4  5  6  7  8  9 10 11 13 14 |  0  1  2  3  4  5  6  7  8  9 10 11 12 15 |
2          -0.11978663      |  0  1  2  3  4  5  6  7  8  9 10 12 13 14 |  0  1  2  3  4  5  6  7  8  9 10 11 12 16 |
2           0.11845259      |  0  1  2  3  4  5  6  7  8  9 11 12 13 16 |  0  1  2  3  4  5  6  7  8  9 10 12 13 18 |
2           0.11845259      |  0  1  2  3  4  5  6  7  8 10 11 12 13 15 |  0  1  2  3  4  5  6  7  8  9 10 11 13 19 |
2          -0.11781563      |  0  1  2  3  4  5  6  7  8  9 11 12 13 15 |  0  1  2  3  4  5  6  7  8  9 10 11 13 18 |
2          -0.11781563      |  0  1  2  3  4  5  6  7  8 10 11 12 13 16 |  0  1  2  3  4  5  6  7  8  9 10 12 13 19 |
2          -0.10643274      |  0  1  2  3  4  5  6  7  8  9 10 11 13 15 |  0  1  2  3  4  5  6  7  8  9 10 11 13 15 |
2          -0.10643274      |  0  1  2  3  4  5  6  7  8  9 10 12 13 16 |  0  1  2  3  4  5  6  7  8  9 10 12 13 16 |
4           0.10555364      |  0  1  2  3  4  5  6  7  8  9 10 13 14 15 |  0  1  2  3  4  5  6  7  8  9 10 11 15 16 |
4          -0.10555364      |  0  1  2  3  4  5  6  7  8  9 10 13 14 16 |  0  1  2  3  4  5  6  7  8  9 10 12 15 16 |
4          -0.10400901      |  0  1  2  3  4  5  6  7  8  9 11 13 15 16 |  0  1  2  3  4  5  6  7  8  9 10 13 15 18 |
4          -0.10400901      |  0  1  2  3  4  5  6  7  8 10 12 13 15 16 |  0  1  2  3  4  5  6  7  8  9 10 13 16 19 |
4           0.10371626      |  0  1  2  3  4  5  6  7  8  9 12 13 15 16 |  0  1  2  3  4  5  6  7  8  9 10 13 16 18 |
4           0.10371626      |  0  1  2  3  4  5  6  7  8 10 11 13 15 16 |  0  1  2  3  4  5  6  7  8  9 10 13 15 19 |
2           0.09845378      |  0  1  2  3  4  5  6  7  8 10 11 12 13 18 |  0  1  2  3  4  5  6  7  8  9 11 12 13 19 |
2           0.09768805      |  0  1  2  3  4  5  6  7  8  9 11 12 13 14 |  0  1  2  3  4  5  6  7  8  9 10 11 12 18 |
2          -0.09768805      |  0  1  2  3  4  5  6  7  8 10 11 12 13 14 |  0  1  2  3  4  5  6  7  8  9 10 11 12 19 |
4           0.09333417      |  0  1  2  3  4  5  6  7  8  9 10 13 15 16 |  0  1  2  3  4  5  6  7  8  9 10 13 15 16 |
----------------------------------------
HF energy: -2097.9907194243 Ha
Variational energy: -2099.8813119552 Ha
Memory total: 3170.3GB
Helper size: 0.1GB
Bytes per det: 32
Memory var: 167.0GB
Memory PT limit: 2052.2GB

BEG OF dtm 2.00e-06 << eps_var 5.00e-06 << perturbation [293.4/317.1]GB [958.020/0.000/34116.248]s
Number of dtm batches: 1
END OF determine number of dtm batches [293.5/317.2]GB [25.054/25.054/34141.302]s

BEG OF #1/1 << dtm 2.00e-06 << eps_var 5.00e-06 << perturbation [293.5/317.2]GB [0.002/0.000/34141.303]s
20% 40% 60% 80% 100% 
Number of dtm pt dets: 3,813,278,400
END OF create hc sums [964.3/988.0]GB [6844.989/6844.989/40986.292]s
PT dtm batch correction: -0.0069428004 Ha
PT dtm correction (eps1= 5.00e-06): -0.0069428004 +- 0.0000000000 Ha
PT dtm total energy (eps1= 5.00e-06): -2099.8882547556 +- 0.0000000000 Ha
Correlation energy (eps1= 5.00e-06): -1.8975353313 +- 0.0000000000 Ha
END OF #1/1 << dtm 2.00e-06 << eps_var 5.00e-06 << perturbation [964.2/987.9]GB [326.238/7171.227/41312.530]s
END OF dtm 2.00e-06 << eps_var 5.00e-06 << perturbation [964.2/987.9]GB [0.014/7196.294/41312.542]s

BEG OF psto 1.00e-07 << eps_var 5.00e-06 << perturbation [949.0/972.8]GB [0.184/0.001/41312.725]s
Number of psto batches: 48
END OF determine number of psto batches [960.3/984.0]GB [58.815/58.815/41371.540]s

BEG OF #1/48 << psto 1.00e-07 << eps_var 5.00e-06 << perturbation [960.3/984.0]GB [0.112/0.001/41371.651]s
20% 40% 60% 80% 100% 
Number of psto pt dets: 6,850,666,391
END OF create hc sums [1558.1/1581.8]GB [1829.392/1829.392/43201.043]s
PT psto batch correction: -0.0002617480 Ha
PT psto correction (eps1= 5.00e-06): -0.0125639020 +- 0.0000011902 Ha
PT psto total energy (eps1= 5.00e-06): -2099.9008186575 +- 0.0000011902 Ha
Correlation energy (eps1= 5.00e-06): -1.9100992333 +- 0.0000011902 Ha
END OF #1/48 << psto 1.00e-07 << eps_var 5.00e-06 << perturbation [1558.1/1581.8]GB [696.959/2526.350/43898.000]s
END OF psto 1.00e-07 << eps_var 5.00e-06 << perturbation [1558.1/1581.8]GB [0.002/2585.276/43898.001]s

BEG OF sto 1.00e-20 << eps_var 5.00e-06 << perturbation [1539.5/1563.2]GB [18.168/0.001/43916.169]s
Number of samples chosen: 2,218,673
END OF determine n samples [1539.7/1563.5]GB [5.069/5.069/43921.237]s

BEG OF #1 << sto 1.00e-20 << eps_var 5.00e-06 << perturbation [1539.7/1563.5]GB [0.001/0.000/43921.237]s
Number of unique variational determinants in sample: 2,174,683
Batch id: 27 / 64
20% 40% 60% 80% 100% 
Number of sto pt dets: 2,828,262,156
END OF create hc sums [1696.9/1720.7]GB [229.338/229.338/44150.575]s
PT sto loop correction: -0.0012254248 Ha
PT sto correction (eps1= 5.00e-06): -0.0012254248 +- -nan Ha
PT sto total energy (eps1= 5.00e-06): -2099.9020440824 +- -nan Ha
Correlation energy (eps1= 5.00e-06): -1.9113246581 +- -nan Ha
END OF #1 << sto 1.00e-20 << eps_var 5.00e-06 << perturbation [1696.9/1720.6]GB [350.792/580.130/44501.367]s

BEG OF #2 << sto 1.00e-20 << eps_var 5.00e-06 << perturbation [1696.9/1720.6]GB [0.001/0.000/44501.367]s
Number of unique variational determinants in sample: 2,174,638
Batch id: 22 / 64
20% 40% 60% 80% 100% 
Number of sto pt dets: 2,828,195,892
END OF create hc sums [1697.0/1720.7]GB [170.572/170.572/44671.939]s
PT sto loop correction: -0.0011288983 Ha
PT sto correction (eps1= 5.00e-06): -0.0011771616 +- 0.0000482632 Ha
PT sto total energy (eps1= 5.00e-06): -2099.9019958191 +- 0.0000482779 Ha
Correlation energy (eps1= 5.00e-06): -1.9112763949 +- 0.0000482779 Ha
END OF #2 << sto 1.00e-20 << eps_var 5.00e-06 << perturbation [1697.0/1720.7]GB [349.902/520.473/45021.839]s

BEG OF #3 << sto 1.00e-20 << eps_var 5.00e-06 << perturbation [1697.0/1720.7]GB [0.001/0.000/45021.840]s
Number of unique variational determinants in sample: 2,174,598
Batch id: 11 / 64
20% 40% 60% 80% 100% 
Number of sto pt dets: 2,828,252,933
END OF create hc sums [1697.1/1720.8]GB [168.746/168.746/45190.586]s
PT sto loop correction: -0.0010483118 Ha
PT sto correction (eps1= 5.00e-06): -0.0011342116 +- 0.0000511971 Ha
PT sto total energy (eps1= 5.00e-06): -2099.9019528692 +- 0.0000512109 Ha
Correlation energy (eps1= 5.00e-06): -1.9112334449 +- 0.0000512109 Ha
END OF #3 << sto 1.00e-20 << eps_var 5.00e-06 << perturbation [1697.1/1720.8]GB [351.029/519.774/45541.614]s

BEG OF #4 << sto 1.00e-20 << eps_var 5.00e-06 << perturbation [1697.1/1720.8]GB [0.001/0.000/45541.614]s
Number of unique variational determinants in sample: 2,174,597
Batch id: 46 / 64
20% 40% 60% 80% 100% 
Number of sto pt dets: 2,828,552,311
END OF create hc sums [1697.1/1720.8]GB [167.350/167.350/45708.964]s
PT sto loop correction: -0.0011758994 Ha
PT sto correction (eps1= 5.00e-06): -0.0011446336 +- 0.0000376721 Ha
PT sto total energy (eps1= 5.00e-06): -2099.9019632911 +- 0.0000376909 Ha
Correlation energy (eps1= 5.00e-06): -1.9112438669 +- 0.0000376909 Ha
END OF #4 << sto 1.00e-20 << eps_var 5.00e-06 << perturbation [1697.2/1720.9]GB [350.746/518.094/46059.708]s

BEG OF #5 << sto 1.00e-20 << eps_var 5.00e-06 << perturbation [1697.2/1720.9]GB [0.002/0.001/46059.708]s
Number of unique variational determinants in sample: 2,174,652
Batch id: 52 / 64
20% 40% 60% 80% 100% 
Number of sto pt dets: 2,828,492,078
END OF create hc sums [1697.2/1720.9]GB [168.591/168.591/46228.298]s
PT sto loop correction: -0.0011735196 Ha
PT sto correction (eps1= 5.00e-06): -0.0011504108 +- 0.0000297471 Ha
PT sto total energy (eps1= 5.00e-06): -2099.9019690683 +- 0.0000297709 Ha
Correlation energy (eps1= 5.00e-06): -1.9112496441 +- 0.0000297709 Ha
END OF #5 << sto 1.00e-20 << eps_var 5.00e-06 << perturbation [1697.2/1720.9]GB [350.378/518.968/46578.675]s

BEG OF #6 << sto 1.00e-20 << eps_var 5.00e-06 << perturbation [1697.2/1720.9]GB [0.001/0.000/46578.676]s
Number of unique variational determinants in sample: 2,174,755
Batch id: 27 / 64
20% 40% 60% 80% 100% 
Number of sto pt dets: 2,828,444,314
END OF create hc sums [1697.2/1720.9]GB [168.119/168.119/46746.794]s
PT sto loop correction: -0.0011851202 Ha
PT sto correction (eps1= 5.00e-06): -0.0011561957 +- 0.0000249678 Ha
PT sto total energy (eps1= 5.00e-06): -2099.9019748532 +- 0.0000249962 Ha
Correlation energy (eps1= 5.00e-06): -1.9112554290 +- 0.0000249962 Ha
END OF #6 << sto 1.00e-20 << eps_var 5.00e-06 << perturbation [1697.2/1720.9]GB [350.202/518.320/47096.995]s

BEG OF #7 << sto 1.00e-20 << eps_var 5.00e-06 << perturbation [1697.2/1720.9]GB [0.002/0.001/47096.996]s
Number of unique variational determinants in sample: 2,174,617
Batch id: 7 / 64
20% 40% 60% 80% 100% 
Number of sto pt dets: 2,828,509,630
END OF create hc sums [1697.3/1721.0]GB [168.065/168.065/47265.061]s
PT sto loop correction: -0.0011621179 Ha
PT sto correction (eps1= 5.00e-06): -0.0011570417 +- 0.0000211186 Ha
PT sto total energy (eps1= 5.00e-06): -2099.9019756993 +- 0.0000211521 Ha
Correlation energy (eps1= 5.00e-06): -1.9112562750 +- 0.0000211521 Ha
END OF #7 << sto 1.00e-20 << eps_var 5.00e-06 << perturbation [1697.2/1720.9]GB [350.517/518.582/47615.577]s

BEG OF #8 << sto 1.00e-20 << eps_var 5.00e-06 << perturbation [1697.2/1720.9]GB [0.001/0.000/47615.578]s
Number of unique variational determinants in sample: 2,174,473
Batch id: 49 / 64
20% 40% 60% 80% 100% 
Number of sto pt dets: 2,827,768,044
END OF create hc sums [1697.2/1721.0]GB [167.777/167.777/47783.354]s
PT sto loop correction: -0.0011850154 Ha
PT sto correction (eps1= 5.00e-06): -0.0011605384 +- 0.0000186205 Ha
PT sto total energy (eps1= 5.00e-06): -2099.9019791960 +- 0.0000186585 Ha
Correlation energy (eps1= 5.00e-06): -1.9112597717 +- 0.0000186585 Ha
END OF #8 << sto 1.00e-20 << eps_var 5.00e-06 << perturbation [1697.3/1721.0]GB [350.787/518.563/48134.141]s

BEG OF #9 << sto 1.00e-20 << eps_var 5.00e-06 << perturbation [1697.3/1721.0]GB [0.001/0.000/48134.141]s
Number of unique variational determinants in sample: 2,174,765
Batch id: 60 / 64
20% 40% 60% 80% 100% 
Number of sto pt dets: 2,828,778,889
END OF create hc sums [1697.3/1721.0]GB [169.505/169.505/48303.645]s
PT sto loop correction: -0.0011159622 Ha
PT sto correction (eps1= 5.00e-06): -0.0011555855 +- 0.0000171524 Ha
PT sto total energy (eps1= 5.00e-06): -2099.9019742431 +- 0.0000171937 Ha
Correlation energy (eps1= 5.00e-06): -1.9112548188 +- 0.0000171937 Ha
END OF #9 << sto 1.00e-20 << eps_var 5.00e-06 << perturbation [1697.3/1721.0]GB [352.011/521.515/48655.655]s

BEG OF #10 << sto 1.00e-20 << eps_var 5.00e-06 << perturbation [1697.3/1721.0]GB [0.002/0.000/48655.656]s
Number of unique variational determinants in sample: 2,174,888
Batch id: 34 / 64
20% 40% 60% 80% 100% 
Number of sto pt dets: 2,828,467,096
END OF create hc sums [1697.3/1721.0]GB [168.297/168.297/48823.952]s
PT sto loop correction: -0.0011856157 Ha
PT sto correction (eps1= 5.00e-06): -0.0011585885 +- 0.0000156327 Ha
PT sto total energy (eps1= 5.00e-06): -2099.9019772461 +- 0.0000156780 Ha
Correlation energy (eps1= 5.00e-06): -1.9112578218 +- 0.0000156780 Ha
END OF #10 << sto 1.00e-20 << eps_var 5.00e-06 << perturbation [1697.3/1721.0]GB [350.800/519.096/49174.751]s
END OF sto 1.00e-20 << eps_var 5.00e-06 << perturbation [1697.3/1721.0]GB [0.031/5258.613/49174.781]s
Total energy: -2099.9019772461 +- 0.0000156780 Ha
END OF eps_var 5.00e-06 << perturbation [1696.4/1720.1]GB [0.335/16016.888/49175.116]s
END OF perturbation [1696.4/1720.1]GB [0.001/49173.388/49175.116]s
