l[011-012]
80
Semistochastic Heat-bath Configuration Interation (SHCI)

Start time: Wed Jun 12 00:26:15 2019
Infrastructure: 2 nodes * 80 threads
Configuration:
{
  "chem": {
    "irrep_occs_dn": [
      4,
      2,
      1,
      2,
      1,
      2,
      1,
      0,
      1,
      0
    ],
    "irrep_occs_up": [
      4,
      2,
      1,
      2,
      1,
      2,
      1,
      0,
      1,
      0
    ],
    "irreps": [
      1,
      2,
      3,
      4,
      5,
      6,
      7,
      8,
      9,
      10
    ],
    "point_group": "dih"
  },
  "eps_pt": 1e-20,
  "eps_vars": [
    0.0002,
    0.0001,
    5e-05,
    3e-05,
    2e-05,
    1e-05,
    5e-06
  ],
  "eps_vars_schedule": [
    0.005,
    0.005,
    0.005,
    0.005,
    0.005,
    0.003,
    0.003,
    0.003,
    0.003,
    0.003,
    0.002,
    0.002,
    0.002,
    0.002,
    0.002,
    0.001,
    0.001,
    0.001,
    0.001,
    0.001,
    0.001,
    0.001,
    0.0005,
    0.0005,
    0.0005,
    0.0005,
    0.0005,
    0.0005,
    0.0005,
    0.0003,
    0.0003,
    0.0003,
    0.0003,
    0.0003,
    0.0002,
    0.0002,
    0.0002,
    0.0002,
    0.0002
  ],
  "n_dn": 14,
  "n_up": 14,
  "system": "chem",
  "target_error": 2e-05,
  "time_sym": true,
  "var_only": true
}
Timing format: [DIFF/SECTION/TOTAL]

BEG OF setup [0.0/24.2]GB [0.001/0.001/0.001]s

BEG OF load integrals << setup [18446744073.7/24.2]GB [0.004/0.001/0.004]s
n_orbs: 76
n_elecs (from FCIDUMP): 28
orb_sym: 1 2 1 6 4 3 5 2 1 6 4 7 9 1 2 10 8 2 3 5 6 4 1 3 5 2 1 1 6 4 2 7 9 3 5 10 8 6 4 2 1 3 5 6 4 1 2 3 5 2 6 4 1 7 9 10 8 3 5 1 2 2 6 4 7 9 1 14 12 11 13 10 8 3 5 2 
END OF load fcidump [0.1/24.3]GB [1.464/1.464/1.468]s
HF det up: 0 1 2 3 4 5 6 7 8 9 10 11 12 13 
HF det dn: 0 1 2 3 4 5 6 7 8 9 10 11 12 13 
Reorder skipped.
Orbitals energy:
#  0: E =  -3.393656143773, sym =  1, origin #  0
#  1: E =  -3.390624620852, sym =  2, origin #  1
#  2: E =  -2.118627604961, sym =  1, origin #  2
#  3: E =  -2.111204201228, sym =  6, origin #  3
#  4: E =  -2.111204201228, sym =  4, origin #  4
#  5: E =  -2.102743376168, sym =  3, origin #  5
#  6: E =  -2.102743376168, sym =  5, origin #  6
#  7: E =  -2.095892451629, sym =  2, origin #  7
#  8: E =  -0.202144295639, sym =  1, origin #  8
#  9: E =  -0.119022399956, sym =  6, origin #  9
# 10: E =  -0.119022399956, sym =  4, origin # 10
# 11: E =  -0.087317898081, sym =  7, origin # 11
# 12: E =  -0.087317898081, sym =  9, origin # 12
# 13: E =  -0.126975809002, sym =  1, origin # 13
# 14: E =   0.162646637809, sym =  2, origin # 14
# 15: E =   0.131917503303, sym = 10, origin # 15
# 16: E =   0.131917503303, sym =  8, origin # 16
# 17: E =   0.303747486641, sym =  2, origin # 17
# 18: E =   0.168242126893, sym =  3, origin # 18
# 19: E =   0.168242126893, sym =  5, origin # 19
# 20: E =   0.985899948685, sym =  6, origin # 20
# 21: E =   0.985899948685, sym =  4, origin # 21
# 22: E =   0.623574615253, sym =  1, origin # 22
# 23: E =   1.353702605427, sym =  3, origin # 23
# 24: E =   1.353702605427, sym =  5, origin # 24
# 25: E =   1.360588258270, sym =  2, origin # 25
# 26: E =   0.795506007691, sym =  1, origin # 26
# 27: E =   2.364443621361, sym =  1, origin # 27
# 28: E =   0.314244151596, sym =  6, origin # 28
# 29: E =   0.314244151596, sym =  4, origin # 29
# 30: E =   2.731182414002, sym =  2, origin # 30
# 31: E =   0.967125287628, sym =  7, origin # 31
# 32: E =   0.967125287628, sym =  9, origin # 32
# 33: E =   2.709276527435, sym =  3, origin # 33
# 34: E =   2.709276527435, sym =  5, origin # 34
# 35: E =   1.166281096048, sym = 10, origin # 35
# 36: E =   1.166281096048, sym =  8, origin # 36
# 37: E =   2.347126093693, sym =  6, origin # 37
# 38: E =   2.347126093693, sym =  4, origin # 38
# 39: E =   0.999285336285, sym =  2, origin # 39
# 40: E =   1.508088355362, sym =  1, origin # 40
# 41: E =   0.541763137161, sym =  3, origin # 41
# 42: E =   0.541763137161, sym =  5, origin # 42
# 43: E =   0.408006745735, sym =  6, origin # 43
# 44: E =   0.408006745735, sym =  4, origin # 44
# 45: E =   0.607764513709, sym =  1, origin # 45
# 46: E =   1.770523100653, sym =  2, origin # 46
# 47: E =   0.264975353926, sym =  3, origin # 47
# 48: E =   0.264975353926, sym =  5, origin # 48
# 49: E =   1.011965027260, sym =  2, origin # 49
# 50: E =   0.721948069145, sym =  6, origin # 50
# 51: E =   0.721948069145, sym =  4, origin # 51
# 52: E =   0.630787961842, sym =  1, origin # 52
# 53: E =   2.423926605568, sym =  7, origin # 53
# 54: E =   2.423926605568, sym =  9, origin # 54
# 55: E =   2.549690085866, sym = 10, origin # 55
# 56: E =   2.549690085867, sym =  8, origin # 56
# 57: E =   0.584943996886, sym =  3, origin # 57
# 58: E =   0.584943996885, sym =  5, origin # 58
# 59: E =   0.467656701256, sym =  1, origin # 59
# 60: E =   0.668568086700, sym =  2, origin # 60
# 61: E =   0.890003881846, sym =  2, origin # 61
# 62: E =   0.352980875682, sym =  6, origin # 62
# 63: E =   0.352980875682, sym =  4, origin # 63
# 64: E =   0.734030268615, sym =  7, origin # 64
# 65: E =   0.734030268615, sym =  9, origin # 65
# 66: E =   0.301383161106, sym =  1, origin # 66
# 67: E =   2.472240314622, sym = 14, origin # 67
# 68: E =   2.472240314622, sym = 12, origin # 68
# 69: E =   2.491299993719, sym = 11, origin # 69
# 70: E =   2.491299993719, sym = 13, origin # 70
# 71: E =   0.654506271279, sym = 10, origin # 71
# 72: E =   0.654506271279, sym =  8, origin # 72
# 73: E =   0.664778496110, sym =  3, origin # 73
# 74: E =   0.664778496110, sym =  5, origin # 74
# 75: E =   0.177966004662, sym =  2, origin # 75
HF det up: 0 1 2 3 4 5 6 7 8 9 10 11 12 13 
HF det dn: 0 1 2 3 4 5 6 7 8 9 10 11 12 13 
END OF reorder orbitals [0.1/24.3]GB [0.052/1.516/1.519]s
FCIDUMP cache saved to: integrals_cache.dat
END OF load integrals << setup [0.1/24.3]GB [0.104/1.619/1.622]s

BEG OF setup hci queue << setup [0.1/24.3]GB [0.001/0.000/1.623]s
Max hci queue elem: 0.3941380477 Ha
Number of entries in hci queue: 1,785,264
END OF setup hci queue << setup [0.1/24.3]GB [0.085/0.085/1.708]s
HF energy: -2097.9907194243 Ha
END OF setup [0.1/24.3]GB [0.009/1.717/1.717]s

BEG OF variation [0.1/24.3]GB [0.001/0.000/1.717]s
Final iteration 0 HF ndets= 1 energy= -2097.99071942

BEG OF eps_var 2.00e-04 << variation [0.1/24.3]GB [0.001/0.000/1.718]s
Loaded 1,645,288 dets from: wf_eps1_2.00e-04.dat
Effect dets (without time sym): 3,287,120
----------------------------------------
Excite Lv       # dets         Sum c^2
0                    1      0.01296952
1                  122      0.00001431
2                22543      0.17948703
3                71126      0.00512097
4               407260      0.43008411
5               423738      0.02005124
6              1039760      0.28007038
7               460146      0.01507176
8               647412      0.05220805
9               109892      0.00252908
10               98595      0.00230905
11                4028      0.00006375
12                2497      0.00002075
----------------------------------------
Orbital                        Sum c^2
0                           1.99610442
1                           1.99610121
2                           1.98892533
3                           1.98912244
4                           1.98912244
5                           1.98899053
6                           1.98899053
7                           1.98836547
8                           1.96401263
9                           1.19125003
10                          1.19125003
11                          1.04613608
12                          1.04613608
13                          1.19015737
14                          0.79768128
15                          0.94179147
16                          0.94179147
17                          0.01631498
18                          0.79662946
19                          0.79662946
20                          0.00987618
21                          0.00987618
22                          0.01069374
23                          0.00519123
24                          0.00519123
25                          0.00480857
26                          0.00530493
27                          0.00305251
28                          0.00783339
29                          0.00783339
30                          0.00275186
31                          0.00789744
32                          0.00789744
33                          0.00267528
34                          0.00267528
35                          0.00627794
36                          0.00627794
37                          0.00303884
38                          0.00303884
39                          0.00363698
40                          0.00305105
41                          0.00355916
42                          0.00355916
43                          0.00065215
44                          0.00065215
45                          0.00015532
46                          0.00172574
47                          0.00000000
48                          0.00000000
49                          0.00016031
Sum orbitals c^2: 28.00000000
----------------------------------------
Most important dets:
Excite Lv         Coef      Det (Reordered orb)
2           0.14255129      |  0  1  2  3  4  5  6  7  8  9 10 12 13 15 |  0  1  2  3  4  5  6  7  8  9 10 11 13 16 |
2          -0.12069934      |  0  1  2  3  4  5  6  7  8  9 10 12 13 14 |  0  1  2  3  4  5  6  7  8  9 10 11 12 16 |
2           0.12069934      |  0  1  2  3  4  5  6  7  8  9 10 11 13 14 |  0  1  2  3  4  5  6  7  8  9 10 11 12 15 |
2           0.12055709      |  0  1  2  3  4  5  6  7  8  9 11 12 13 16 |  0  1  2  3  4  5  6  7  8  9 10 12 13 18 |
2           0.12055709      |  0  1  2  3  4  5  6  7  8 10 11 12 13 15 |  0  1  2  3  4  5  6  7  8  9 10 11 13 19 |
2          -0.11998870      |  0  1  2  3  4  5  6  7  8  9 11 12 13 15 |  0  1  2  3  4  5  6  7  8  9 10 11 13 18 |
2          -0.11998870      |  0  1  2  3  4  5  6  7  8 10 11 12 13 16 |  0  1  2  3  4  5  6  7  8  9 10 12 13 19 |
0           0.11388378      |  0  1  2  3  4  5  6  7  8  9 10 11 12 13 |  0  1  2  3  4  5  6  7  8  9 10 11 12 13 |
4           0.10945412      |  0  1  2  3  4  5  6  7  8  9 10 13 14 15 |  0  1  2  3  4  5  6  7  8  9 10 11 15 16 |
4          -0.10945412      |  0  1  2  3  4  5  6  7  8  9 10 13 14 16 |  0  1  2  3  4  5  6  7  8  9 10 12 15 16 |
4          -0.10906841      |  0  1  2  3  4  5  6  7  8  9 11 13 15 16 |  0  1  2  3  4  5  6  7  8  9 10 13 15 18 |
4          -0.10906841      |  0  1  2  3  4  5  6  7  8 10 12 13 15 16 |  0  1  2  3  4  5  6  7  8  9 10 13 16 19 |
4           0.10873960      |  0  1  2  3  4  5  6  7  8  9 12 13 15 16 |  0  1  2  3  4  5  6  7  8  9 10 13 16 18 |
4           0.10873960      |  0  1  2  3  4  5  6  7  8 10 11 13 15 16 |  0  1  2  3  4  5  6  7  8  9 10 13 15 19 |
2           0.10283482      |  0  1  2  3  4  5  6  7  8 10 11 12 13 18 |  0  1  2  3  4  5  6  7  8  9 11 12 13 19 |
2          -0.10261349      |  0  1  2  3  4  5  6  7  8  9 10 11 13 15 |  0  1  2  3  4  5  6  7  8  9 10 11 13 15 |
2          -0.10261349      |  0  1  2  3  4  5  6  7  8  9 10 12 13 16 |  0  1  2  3  4  5  6  7  8  9 10 12 13 16 |
2          -0.10132853      |  0  1  2  3  4  5  6  7  8 10 11 12 13 14 |  0  1  2  3  4  5  6  7  8  9 10 11 12 19 |
2           0.10132853      |  0  1  2  3  4  5  6  7  8  9 11 12 13 14 |  0  1  2  3  4  5  6  7  8  9 10 11 12 18 |
4          -0.09850113      |  0  1  2  3  4  5  6  7  8  9 10 12 14 15 |  0  1  2  3  4  5  6  7  8  9 10 11 14 16 |
----------------------------------------
HF energy: -2097.9907194243 Ha
Variational energy: -2099.7949170251 Ha
END OF eps_var 2.00e-04 << variation [0.6/24.8]GB [1.912/1.912/3.629]s

BEG OF eps_var 1.00e-04 << variation [0.6/24.8]GB [0.001/0.000/3.630]s
Loaded 3,876,468 dets from: wf_eps1_1.00e-04.dat
Effect dets (without time sym): 7,747,696
----------------------------------------
Excite Lv       # dets         Sum c^2
0                    1      0.01277546
1                  142      0.00001821
2                33395      0.17615947
3               129116      0.00520266
4               773494      0.42407564
5               985788      0.02025332
6              2319964      0.28371238
7              1206796      0.01562102
8              1610200      0.05636630
9               364536      0.00281267
10              288433      0.00288262
11               25552      0.00008637
12                9961      0.00003370
13                 282      0.00000017
14                  36      0.00000001
----------------------------------------
Orbital                        Sum c^2
0                           1.99607938
1                           1.99607313
2                           1.98874855
3                           1.98895168
4                           1.98895168
5                           1.98882143
6                           1.98882143
7                           1.98819302
8                           1.92865580
9                           1.19092510
10                          1.19092510
11                          1.04592651
12                          1.04592651
13                          1.18943759
14                          0.79813039
15                          0.94149173
16                          0.94149173
17                          0.04665920
18                          0.79634691
19                          0.79634691
20                          0.01025025
21                          0.01025025
22                          0.01130040
23                          0.00530998
24                          0.00530998
25                          0.00497026
26                          0.00548890
27                          0.00308999
28                          0.00883070
29                          0.00883070
30                          0.00277632
31                          0.00820315
32                          0.00820315
33                          0.00270231
34                          0.00270231
35                          0.00643863
36                          0.00643863
37                          0.00307085
38                          0.00307085
39                          0.00475749
40                          0.00328672
41                          0.00366647
42                          0.00366647
43                          0.00085511
44                          0.00085511
45                          0.00022061
46                          0.00188660
47                          0.00000027
48                          0.00000027
49                          0.00022755
Sum orbitals c^2: 28.00000000
----------------------------------------
Most important dets:
Excite Lv         Coef      Det (Reordered orb)
2           0.14139929      |  0  1  2  3  4  5  6  7  8  9 10 12 13 15 |  0  1  2  3  4  5  6  7  8  9 10 11 13 16 |
2           0.11913416      |  0  1  2  3  4  5  6  7  8  9 10 11 13 14 |  0  1  2  3  4  5  6  7  8  9 10 11 12 15 |
2          -0.11913416      |  0  1  2  3  4  5  6  7  8  9 10 12 13 14 |  0  1  2  3  4  5  6  7  8  9 10 11 12 16 |
2           0.11887250      |  0  1  2  3  4  5  6  7  8  9 11 12 13 16 |  0  1  2  3  4  5  6  7  8  9 10 12 13 18 |
2           0.11887250      |  0  1  2  3  4  5  6  7  8 10 11 12 13 15 |  0  1  2  3  4  5  6  7  8  9 10 11 13 19 |
2          -0.11833929      |  0  1  2  3  4  5  6  7  8  9 11 12 13 15 |  0  1  2  3  4  5  6  7  8  9 10 11 13 18 |
2          -0.11833929      |  0  1  2  3  4  5  6  7  8 10 11 12 13 16 |  0  1  2  3  4  5  6  7  8  9 10 12 13 19 |
0           0.11302857      |  0  1  2  3  4  5  6  7  8  9 10 11 12 13 |  0  1  2  3  4  5  6  7  8  9 10 11 12 13 |
4           0.10773804      |  0  1  2  3  4  5  6  7  8  9 10 13 14 15 |  0  1  2  3  4  5  6  7  8  9 10 11 15 16 |
4          -0.10773804      |  0  1  2  3  4  5  6  7  8  9 10 13 14 16 |  0  1  2  3  4  5  6  7  8  9 10 12 15 16 |
4          -0.10721801      |  0  1  2  3  4  5  6  7  8  9 11 13 15 16 |  0  1  2  3  4  5  6  7  8  9 10 13 15 18 |
4          -0.10721801      |  0  1  2  3  4  5  6  7  8 10 12 13 15 16 |  0  1  2  3  4  5  6  7  8  9 10 13 16 19 |
4           0.10694584      |  0  1  2  3  4  5  6  7  8  9 12 13 15 16 |  0  1  2  3  4  5  6  7  8  9 10 13 16 18 |
4           0.10694584      |  0  1  2  3  4  5  6  7  8 10 11 13 15 16 |  0  1  2  3  4  5  6  7  8  9 10 13 15 19 |
2          -0.10138003      |  0  1  2  3  4  5  6  7  8  9 10 11 13 15 |  0  1  2  3  4  5  6  7  8  9 10 11 13 15 |
2          -0.10138003      |  0  1  2  3  4  5  6  7  8  9 10 12 13 16 |  0  1  2  3  4  5  6  7  8  9 10 12 13 16 |
2           0.10118997      |  0  1  2  3  4  5  6  7  8 10 11 12 13 18 |  0  1  2  3  4  5  6  7  8  9 11 12 13 19 |
2           0.09981959      |  0  1  2  3  4  5  6  7  8  9 11 12 13 14 |  0  1  2  3  4  5  6  7  8  9 10 11 12 18 |
2          -0.09981959      |  0  1  2  3  4  5  6  7  8 10 11 12 13 14 |  0  1  2  3  4  5  6  7  8  9 10 11 12 19 |
4          -0.09641815      |  0  1  2  3  4  5  6  7  8  9 10 12 14 15 |  0  1  2  3  4  5  6  7  8  9 10 11 14 16 |
----------------------------------------
HF energy: -2097.9907194243 Ha
Variational energy: -2099.8100882898 Ha
END OF eps_var 1.00e-04 << variation [1.1/25.2]GB [2.867/2.867/6.497]s

BEG OF eps_var 5.00e-05 << variation [1.1/25.2]GB [0.001/0.000/6.497]s
Loaded 11,843,835 dets from: wf_eps1_5.00e-05.dat
Effect dets (without time sym): 23,679,386
----------------------------------------
Excite Lv       # dets         Sum c^2
0                    1      0.01417126
1                  162      0.00003429
2                47682      0.18098144
3               293142      0.00587554
4              1832411      0.41722597
5              3253750      0.02141482
6              6549411      0.27860961
7              4306382      0.01634572
8              4790920      0.05850590
9              1352318      0.00315904
10             1063590      0.00349549
11              116400      0.00012587
12               70439      0.00005438
13                1716      0.00000057
14                1062      0.00000011
----------------------------------------
Orbital                        Sum c^2
0                           1.99603679
1                           1.99602967
2                           1.98846872
3                           1.98861540
4                           1.98861540
5                           1.98846696
6                           1.98846696
7                           1.98787890
8                           1.89149503
9                           1.20498192
10                          1.20498192
11                          1.04901022
12                          1.04901022
13                          1.20278298
14                          0.78392141
15                          0.93686513
16                          0.93686513
17                          0.07327039
18                          0.78066658
19                          0.78066658
20                          0.01156998
21                          0.01156998
22                          0.01291894
23                          0.00557980
24                          0.00557980
25                          0.00526883
26                          0.00585028
27                          0.00317339
28                          0.01172194
29                          0.01172194
30                          0.00282542
31                          0.00914652
32                          0.00914652
33                          0.00273326
34                          0.00273326
35                          0.00696228
36                          0.00696228
37                          0.00313084
38                          0.00313084
39                          0.00738087
40                          0.00336300
41                          0.00377566
42                          0.00377566
43                          0.00120814
44                          0.00120814
45                          0.00026644
46                          0.00209167
47                          0.00000180
48                          0.00000180
49                          0.00027372
Sum orbitals c^2: 28.00000000
----------------------------------------
Most important dets:
Excite Lv         Coef      Det (Reordered orb)
2           0.14547990      |  0  1  2  3  4  5  6  7  8  9 10 12 13 15 |  0  1  2  3  4  5  6  7  8  9 10 11 13 16 |
2           0.12004604      |  0  1  2  3  4  5  6  7  8  9 10 11 13 14 |  0  1  2  3  4  5  6  7  8  9 10 11 12 15 |
2          -0.12004604      |  0  1  2  3  4  5  6  7  8  9 10 12 13 14 |  0  1  2  3  4  5  6  7  8  9 10 11 12 16 |
2           0.11948613      |  0  1  2  3  4  5  6  7  8 10 11 12 13 15 |  0  1  2  3  4  5  6  7  8  9 10 11 13 19 |
2           0.11948613      |  0  1  2  3  4  5  6  7  8  9 11 12 13 16 |  0  1  2  3  4  5  6  7  8  9 10 12 13 18 |
0           0.11904311      |  0  1  2  3  4  5  6  7  8  9 10 11 12 13 |  0  1  2  3  4  5  6  7  8  9 10 11 12 13 |
2          -0.11875815      |  0  1  2  3  4  5  6  7  8  9 11 12 13 15 |  0  1  2  3  4  5  6  7  8  9 10 11 13 18 |
2          -0.11875815      |  0  1  2  3  4  5  6  7  8 10 11 12 13 16 |  0  1  2  3  4  5  6  7  8  9 10 12 13 19 |
4           0.10742995      |  0  1  2  3  4  5  6  7  8  9 10 13 14 15 |  0  1  2  3  4  5  6  7  8  9 10 11 15 16 |
4          -0.10742995      |  0  1  2  3  4  5  6  7  8  9 10 13 14 16 |  0  1  2  3  4  5  6  7  8  9 10 12 15 16 |
4          -0.10660507      |  0  1  2  3  4  5  6  7  8  9 11 13 15 16 |  0  1  2  3  4  5  6  7  8  9 10 13 15 18 |
4          -0.10660507      |  0  1  2  3  4  5  6  7  8 10 12 13 15 16 |  0  1  2  3  4  5  6  7  8  9 10 13 16 19 |
4           0.10623208      |  0  1  2  3  4  5  6  7  8  9 12 13 15 16 |  0  1  2  3  4  5  6  7  8  9 10 13 16 18 |
4           0.10623208      |  0  1  2  3  4  5  6  7  8 10 11 13 15 16 |  0  1  2  3  4  5  6  7  8  9 10 13 15 19 |
2          -0.10528737      |  0  1  2  3  4  5  6  7  8  9 10 11 13 15 |  0  1  2  3  4  5  6  7  8  9 10 11 13 15 |
2          -0.10528737      |  0  1  2  3  4  5  6  7  8  9 10 12 13 16 |  0  1  2  3  4  5  6  7  8  9 10 12 13 16 |
2           0.09995501      |  0  1  2  3  4  5  6  7  8 10 11 12 13 18 |  0  1  2  3  4  5  6  7  8  9 11 12 13 19 |
2           0.09848373      |  0  1  2  3  4  5  6  7  8  9 11 12 13 14 |  0  1  2  3  4  5  6  7  8  9 10 11 12 18 |
2          -0.09848373      |  0  1  2  3  4  5  6  7  8 10 11 12 13 14 |  0  1  2  3  4  5  6  7  8  9 10 11 12 19 |
4          -0.09513039      |  0  1  2  3  4  5  6  7  8  9 10 12 14 15 |  0  1  2  3  4  5  6  7  8  9 10 11 14 16 |
----------------------------------------
HF energy: -2097.9907194243 Ha
Variational energy: -2099.8246156447 Ha
END OF eps_var 5.00e-05 << variation [2.8/26.9]GB [10.283/10.283/16.780]s

BEG OF eps_var 3.00e-05 << variation [2.8/26.9]GB [0.001/0.000/16.780]s
Loaded 32,401,038 dets from: wf_eps1_3.00e-05.dat
Effect dets (without time sym): 64,790,850
----------------------------------------
Excite Lv       # dets         Sum c^2
0                    1      0.01550616
1                  170      0.00005924
2                59281      0.18634449
3               583030      0.00674194
4              3981271      0.41229719
5              8843212      0.02334922
6             17041582      0.27170021
7             13569834      0.01764287
8             12941020      0.05870654
9              4366050      0.00357295
10             2818177      0.00384393
11              388830      0.00016412
12              188310      0.00006998
13                7468      0.00000097
14                2614      0.00000018
----------------------------------------
Orbital                        Sum c^2
0                           1.99596636
1                           1.99596035
2                           1.98792399
3                           1.98809339
4                           1.98809339
5                           1.98792808
6                           1.98792808
7                           1.98730087
8                           1.87464264
9                           1.21643848
10                          1.21643848
11                          1.05224701
12                          1.05224701
13                          1.21327318
14                          0.77180913
15                          0.93162308
16                          0.93162308
17                          0.07971983
18                          0.76707289
19                          0.76707289
20                          0.01320371
21                          0.01320371
22                          0.01507137
23                          0.00599809
24                          0.00599809
25                          0.00567538
26                          0.00656045
27                          0.00331744
28                          0.01510317
29                          0.01510317
30                          0.00293426
31                          0.01025373
32                          0.01025373
33                          0.00283356
34                          0.00283356
35                          0.00762038
36                          0.00762038
37                          0.00327438
38                          0.00327438
39                          0.00868950
40                          0.00347571
41                          0.00402345
42                          0.00402345
43                          0.00191328
44                          0.00191328
45                          0.00030525
46                          0.00224788
47                          0.00000298
48                          0.00000298
49                          0.00029829
Sum orbitals c^2: 28.00000000
----------------------------------------
Most important dets:
Excite Lv         Coef      Det (Reordered orb)
2           0.14861283      |  0  1  2  3  4  5  6  7  8  9 10 12 13 15 |  0  1  2  3  4  5  6  7  8  9 10 11 13 16 |
0           0.12452374      |  0  1  2  3  4  5  6  7  8  9 10 11 12 13 |  0  1  2  3  4  5  6  7  8  9 10 11 12 13 |
2           0.12137088      |  0  1  2  3  4  5  6  7  8  9 10 11 13 14 |  0  1  2  3  4  5  6  7  8  9 10 11 12 15 |
2          -0.12137088      |  0  1  2  3  4  5  6  7  8  9 10 12 13 14 |  0  1  2  3  4  5  6  7  8  9 10 11 12 16 |
2           0.12055536      |  0  1  2  3  4  5  6  7  8  9 11 12 13 16 |  0  1  2  3  4  5  6  7  8  9 10 12 13 18 |
2           0.12055536      |  0  1  2  3  4  5  6  7  8 10 11 12 13 15 |  0  1  2  3  4  5  6  7  8  9 10 11 13 19 |
2          -0.11966333      |  0  1  2  3  4  5  6  7  8  9 11 12 13 15 |  0  1  2  3  4  5  6  7  8  9 10 11 13 18 |
2          -0.11966333      |  0  1  2  3  4  5  6  7  8 10 11 12 13 16 |  0  1  2  3  4  5  6  7  8  9 10 12 13 19 |
2          -0.10905376      |  0  1  2  3  4  5  6  7  8  9 10 11 13 15 |  0  1  2  3  4  5  6  7  8  9 10 11 13 15 |
2          -0.10905376      |  0  1  2  3  4  5  6  7  8  9 10 12 13 16 |  0  1  2  3  4  5  6  7  8  9 10 12 13 16 |
4          -0.10760076      |  0  1  2  3  4  5  6  7  8  9 10 13 14 16 |  0  1  2  3  4  5  6  7  8  9 10 12 15 16 |
4           0.10760076      |  0  1  2  3  4  5  6  7  8  9 10 13 14 15 |  0  1  2  3  4  5  6  7  8  9 10 11 15 16 |
4          -0.10650866      |  0  1  2  3  4  5  6  7  8  9 11 13 15 16 |  0  1  2  3  4  5  6  7  8  9 10 13 15 18 |
4          -0.10650866      |  0  1  2  3  4  5  6  7  8 10 12 13 15 16 |  0  1  2  3  4  5  6  7  8  9 10 13 16 19 |
4           0.10604887      |  0  1  2  3  4  5  6  7  8  9 12 13 15 16 |  0  1  2  3  4  5  6  7  8  9 10 13 16 18 |
4           0.10604887      |  0  1  2  3  4  5  6  7  8 10 11 13 15 16 |  0  1  2  3  4  5  6  7  8  9 10 13 15 19 |
2           0.09960527      |  0  1  2  3  4  5  6  7  8 10 11 12 13 18 |  0  1  2  3  4  5  6  7  8  9 11 12 13 19 |
2           0.09808077      |  0  1  2  3  4  5  6  7  8  9 11 12 13 14 |  0  1  2  3  4  5  6  7  8  9 10 11 12 18 |
2          -0.09808077      |  0  1  2  3  4  5  6  7  8 10 11 12 13 14 |  0  1  2  3  4  5  6  7  8  9 10 11 12 19 |
4           0.09609477      |  0  1  2  3  4  5  6  7  8  9 10 13 15 16 |  0  1  2  3  4  5  6  7  8  9 10 13 15 16 |
----------------------------------------
HF energy: -2097.9907194243 Ha
Variational energy: -2099.8389102501 Ha
END OF eps_var 3.00e-05 << variation [7.2/31.4]GB [24.738/24.738/41.518]s

BEG OF eps_var 2.00e-05 << variation [7.2/31.4]GB [0.001/0.000/41.518]s
Loaded 72,709,065 dets from: wf_eps1_2.00e-05.dat
Effect dets (without time sym): 145,402,339
----------------------------------------
Excite Lv       # dets         Sum c^2
0                    1      0.01593811
1                  176      0.00008349
2                67206      0.18787498
3               951924      0.00743301
4              7260830      0.40923064
5             18704010      0.02527934
6             36347453      0.26799696
7             32905628      0.01918731
8             29715687      0.05866209
9             11538588      0.00399996
10             6381796      0.00403606
11             1063024      0.00019612
12              434180      0.00008036
13               25110      0.00000134
14                6726      0.00000024
----------------------------------------
Orbital                        Sum c^2
0                           1.99585631
1                           1.99585291
2                           1.98735664
3                           1.98756594
4                           1.98756594
5                           1.98739278
6                           1.98739278
7                           1.98669719
8                           1.86706784
9                           1.22040540
10                          1.22040540
11                          1.05370793
12                          1.05370793
13                          1.21648108
14                          0.76669974
15                          0.92843989
16                          0.92843989
17                          0.07994602
18                          0.76117162
19                          0.76117162
20                          0.01445501
21                          0.01445501
22                          0.01706229
23                          0.00639824
24                          0.00639824
25                          0.00606856
26                          0.00746109
27                          0.00346623
28                          0.01773022
29                          0.01773022
30                          0.00305304
31                          0.01110233
32                          0.01110233
33                          0.00295058
34                          0.00295058
35                          0.00812296
36                          0.00812296
37                          0.00342295
38                          0.00342295
39                          0.00913897
40                          0.00368245
41                          0.00441999
42                          0.00441999
43                          0.00245606
44                          0.00245606
45                          0.00036240
46                          0.00239645
47                          0.00000394
48                          0.00000394
49                          0.00032328
Sum orbitals c^2: 28.00000000
----------------------------------------
Most important dets:
Excite Lv         Coef      Det (Reordered orb)
2           0.14894228      |  0  1  2  3  4  5  6  7  8  9 10 12 13 15 |  0  1  2  3  4  5  6  7  8  9 10 11 13 16 |
0           0.12624624      |  0  1  2  3  4  5  6  7  8  9 10 11 12 13 |  0  1  2  3  4  5  6  7  8  9 10 11 12 13 |
2           0.12169131      |  0  1  2  3  4  5  6  7  8  9 10 11 13 14 |  0  1  2  3  4  5  6  7  8  9 10 11 12 15 |
2          -0.12169131      |  0  1  2  3  4  5  6  7  8  9 10 12 13 14 |  0  1  2  3  4  5  6  7  8  9 10 11 12 16 |
2           0.12074439      |  0  1  2  3  4  5  6  7  8  9 11 12 13 16 |  0  1  2  3  4  5  6  7  8  9 10 12 13 18 |
2           0.12074439      |  0  1  2  3  4  5  6  7  8 10 11 12 13 15 |  0  1  2  3  4  5  6  7  8  9 10 11 13 19 |
2          -0.11984748      |  0  1  2  3  4  5  6  7  8  9 11 12 13 15 |  0  1  2  3  4  5  6  7  8  9 10 11 13 18 |
2          -0.11984748      |  0  1  2  3  4  5  6  7  8 10 11 12 13 16 |  0  1  2  3  4  5  6  7  8  9 10 12 13 19 |
2          -0.11011867      |  0  1  2  3  4  5  6  7  8  9 10 11 13 15 |  0  1  2  3  4  5  6  7  8  9 10 11 13 15 |
2          -0.11011867      |  0  1  2  3  4  5  6  7  8  9 10 12 13 16 |  0  1  2  3  4  5  6  7  8  9 10 12 13 16 |
4          -0.10738088      |  0  1  2  3  4  5  6  7  8  9 10 13 14 16 |  0  1  2  3  4  5  6  7  8  9 10 12 15 16 |
4           0.10738088      |  0  1  2  3  4  5  6  7  8  9 10 13 14 15 |  0  1  2  3  4  5  6  7  8  9 10 11 15 16 |
4          -0.10615644      |  0  1  2  3  4  5  6  7  8  9 11 13 15 16 |  0  1  2  3  4  5  6  7  8  9 10 13 15 18 |
4          -0.10615644      |  0  1  2  3  4  5  6  7  8 10 12 13 15 16 |  0  1  2  3  4  5  6  7  8  9 10 13 16 19 |
4           0.10570791      |  0  1  2  3  4  5  6  7  8  9 12 13 15 16 |  0  1  2  3  4  5  6  7  8  9 10 13 16 18 |
4           0.10570791      |  0  1  2  3  4  5  6  7  8 10 11 13 15 16 |  0  1  2  3  4  5  6  7  8  9 10 13 15 19 |
2           0.09965471      |  0  1  2  3  4  5  6  7  8 10 11 12 13 18 |  0  1  2  3  4  5  6  7  8  9 11 12 13 19 |
2           0.09814557      |  0  1  2  3  4  5  6  7  8  9 11 12 13 14 |  0  1  2  3  4  5  6  7  8  9 10 11 12 18 |
2          -0.09814557      |  0  1  2  3  4  5  6  7  8 10 11 12 13 14 |  0  1  2  3  4  5  6  7  8  9 10 11 12 19 |
4           0.09661679      |  0  1  2  3  4  5  6  7  8  9 10 13 15 16 |  0  1  2  3  4  5  6  7  8  9 10 13 15 16 |
----------------------------------------
HF energy: -2097.9907194243 Ha
Variational energy: -2099.8509924016 Ha
END OF eps_var 2.00e-05 << variation [17.7/41.8]GB [57.232/57.232/98.749]s

BEG OF eps_var 1.00e-05 << variation [17.7/41.8]GB [0.001/0.000/98.749]s
Loaded 261,975,910 dets from: wf_eps1_1.00e-05.dat
Effect dets (without time sym): 523,919,285
----------------------------------------
Excite Lv       # dets         Sum c^2
0                    1      0.01556145
1                  190      0.00011734
2                77832      0.18560118
3              1930468      0.00833401
4             18091242      0.40571667
5             55885876      0.02844325
6            117226532      0.26602785
7            127360400      0.02196050
8            115388190      0.05893194
9             54896598      0.00472903
10            25936291      0.00424016
11             5416132      0.00024374
12             1578430      0.00009070
13              107950      0.00000187
14               23153      0.00000031
----------------------------------------
Orbital                        Sum c^2
0                           1.99558643
1                           1.99558348
2                           1.98639851
3                           1.98666820
4                           1.98666820
5                           1.98649071
6                           1.98649071
7                           1.98570552
8                           1.85851164
9                           1.21960039
10                          1.21960039
11                          1.05350642
12                          1.05350642
13                          1.21417117
14                          0.76584950
15                          0.92596979
16                          0.92596979
17                          0.07897478
18                          0.75910921
19                          0.75910921
20                          0.01606428
21                          0.01606428
22                          0.01998586
23                          0.00697430
24                          0.00697430
25                          0.00659283
26                          0.00904420
27                          0.00371630
28                          0.02111258
29                          0.02111258
30                          0.00327025
31                          0.01221260
32                          0.01221260
33                          0.00315319
34                          0.00315319
35                          0.00876848
36                          0.00876848
37                          0.00366315
38                          0.00366315
39                          0.00975596
40                          0.00419774
41                          0.00537659
42                          0.00537659
43                          0.00310824
44                          0.00310824
45                          0.00052345
46                          0.00264588
47                          0.00000529
48                          0.00000529
49                          0.00038435
Sum orbitals c^2: 28.00000000
----------------------------------------
Most important dets:
Excite Lv         Coef      Det (Reordered orb)
2           0.14727647      |  0  1  2  3  4  5  6  7  8  9 10 12 13 15 |  0  1  2  3  4  5  6  7  8  9 10 11 13 16 |
0           0.12474555      |  0  1  2  3  4  5  6  7  8  9 10 11 12 13 |  0  1  2  3  4  5  6  7  8  9 10 11 12 13 |
2           0.12117220      |  0  1  2  3  4  5  6  7  8  9 10 11 13 14 |  0  1  2  3  4  5  6  7  8  9 10 11 12 15 |
2          -0.12117220      |  0  1  2  3  4  5  6  7  8  9 10 12 13 14 |  0  1  2  3  4  5  6  7  8  9 10 11 12 16 |
2           0.11998986      |  0  1  2  3  4  5  6  7  8 10 11 12 13 15 |  0  1  2  3  4  5  6  7  8  9 10 11 13 19 |
2           0.11998986      |  0  1  2  3  4  5  6  7  8  9 11 12 13 16 |  0  1  2  3  4  5  6  7  8  9 10 12 13 18 |
2          -0.11922493      |  0  1  2  3  4  5  6  7  8  9 11 12 13 15 |  0  1  2  3  4  5  6  7  8  9 10 11 13 18 |
2          -0.11922493      |  0  1  2  3  4  5  6  7  8 10 11 12 13 16 |  0  1  2  3  4  5  6  7  8  9 10 12 13 19 |
2          -0.10872991      |  0  1  2  3  4  5  6  7  8  9 10 11 13 15 |  0  1  2  3  4  5  6  7  8  9 10 11 13 15 |
2          -0.10872991      |  0  1  2  3  4  5  6  7  8  9 10 12 13 16 |  0  1  2  3  4  5  6  7  8  9 10 12 13 16 |
4          -0.10670558      |  0  1  2  3  4  5  6  7  8  9 10 13 14 16 |  0  1  2  3  4  5  6  7  8  9 10 12 15 16 |
4           0.10670558      |  0  1  2  3  4  5  6  7  8  9 10 13 14 15 |  0  1  2  3  4  5  6  7  8  9 10 11 15 16 |
4          -0.10528003      |  0  1  2  3  4  5  6  7  8  9 11 13 15 16 |  0  1  2  3  4  5  6  7  8  9 10 13 15 18 |
4          -0.10528003      |  0  1  2  3  4  5  6  7  8 10 12 13 15 16 |  0  1  2  3  4  5  6  7  8  9 10 13 16 19 |
4           0.10490560      |  0  1  2  3  4  5  6  7  8 10 11 13 15 16 |  0  1  2  3  4  5  6  7  8  9 10 13 15 19 |
4           0.10490560      |  0  1  2  3  4  5  6  7  8  9 12 13 15 16 |  0  1  2  3  4  5  6  7  8  9 10 13 16 18 |
2           0.09933269      |  0  1  2  3  4  5  6  7  8 10 11 12 13 18 |  0  1  2  3  4  5  6  7  8  9 11 12 13 19 |
2           0.09820471      |  0  1  2  3  4  5  6  7  8  9 11 12 13 14 |  0  1  2  3  4  5  6  7  8  9 10 11 12 18 |
2          -0.09820471      |  0  1  2  3  4  5  6  7  8 10 11 12 13 14 |  0  1  2  3  4  5  6  7  8  9 10 11 12 19 |
4           0.09529411      |  0  1  2  3  4  5  6  7  8  9 10 13 15 16 |  0  1  2  3  4  5  6  7  8  9 10 13 15 16 |
----------------------------------------
HF energy: -2097.9907194243 Ha
Variational energy: -2099.8687339982 Ha
END OF eps_var 1.00e-05 << variation [35.1/59.3]GB [211.454/211.454/310.203]s

BEG OF eps_var 5.00e-06 << variation [35.1/59.3]GB [0.001/0.000/310.203]s

BEG OF main << eps_var 5.00e-06 << variation [35.1/59.3]GB [0.004/0.000/310.207]s

BEG OF #1 << main << eps_var 5.00e-06 << variation [37.2/61.3]GB [0.634/0.001/310.841]s
20% 40% 60% 80% 100% 
Number of dets / new dets: 736,982,253 / 475,006,343
END OF get next det list [154.7/178.9]GB [1442.135/1442.135/1752.975]s
END OF update unique ab [189.9/214.0]GB [1896.572/3338.706/3649.546]s
END OF create abm1 [215.0/239.2]GB [1572.607/4911.313/5222.152]s
Outer size of a/b singles: 44,826,699 / 0
Full size of absingles: 5,490,344,686
END OF create absingles [282.5/306.7]GB [869.625/5780.937/6091.777]s
10% 20% 30% 40% 50% 60% 70% 80% 90% 100% 
Number of nonzero elems: 362,052,712,575
END OF generate sparse hamiltonian [2253.5/2277.7]GB [57907.767/63688.704/63999.543]s
Davidson #0: -2099.8687339980
Davidson #1: -2099.8798045483
Davidson #2: -2099.8802411919
Davidson #3: -2099.8803423853
Davidson #4: -2099.8803819806
Davidson #5: -2099.8803976541
Davidson #6: -2099.8804107258
Davidson #7: -2099.8804180659
Davidson #8: -2099.8804249748
END OF diagonalize sparse hamiltonian [2346.5/2370.7]GB [3409.972/67098.675/67409.515]s
Iteration 1 eps1= 5.00e-06 ndets= 736,982,253 energy= -2099.88042497
END OF #1 << main << eps_var 5.00e-06 << variation [2346.5/2370.7]GB [0.001/67098.675/67409.515]s

BEG OF #2 << main << eps_var 5.00e-06 << variation [2346.5/2370.7]GB [1.459/0.001/67410.974]s
20% 40% 60% 80% 100% 
Number of dets / new dets: 784,440,661 / 47,458,408
END OF get next det list [2413.7/2437.9]GB [1228.586/1228.586/68639.559]s
END OF update unique ab [2413.9/2438.1]GB [228.168/1456.753/68867.726]s
END OF create abm1 [2414.0/2438.1]GB [271.514/1728.266/69139.239]s
Outer size of a/b singles: 46,868,291 / 0
Full size of absingles: 3,663,051,552
END OF create absingles [2413.9/2438.1]GB [140.122/1868.388/69279.361]s
10% 20% 30% 40% 50% 60% 70% 80% 90% 100% 
Number of nonzero elems: 392,139,011,311
END OF generate sparse hamiltonian [2437.9/2462.1]GB [34484.215/36352.602/103763.576]s
Davidson #0: -2099.8804249734
Davidson #1: -2099.8810153975
Davidson #2: -2099.8810529261
Davidson #3: -2099.8810611565
Davidson #4: -2099.8810695376
Davidson #5: -2099.8810727376
Davidson #6: -2099.8810755768
Davidson #7: -2099.8810801447
Davidson #8: -2099.8810829455
END OF diagonalize sparse hamiltonian [2536.3/2560.4]GB [3636.682/39989.284/107400.257]s
Iteration 2 eps1= 5.00e-06 ndets= 784,440,661 energy= -2099.88108295
END OF #2 << main << eps_var 5.00e-06 << variation [2536.3/2560.4]GB [0.001/39989.284/107400.257]s

BEG OF #3 << main << eps_var 5.00e-06 << variation [2536.3/2560.4]GB [1.570/0.001/107401.827]s
20% 40% 60% 80% 100% 
Number of dets / new dets: 796,365,565 / 11,924,904
END OF get next det list [2604.6/2628.8]GB [1002.723/1002.723/108404.549]s
END OF update unique ab [2604.6/2628.8]GB [65.748/1068.470/108470.296]s
END OF create abm1 [2604.6/2628.8]GB [94.637/1163.106/108564.932]s
Outer size of a/b singles: 47,349,655 / 0
Full size of absingles: 2,105,803,478
END OF create absingles [2605.8/2630.0]GB [53.041/1216.147/108617.972]s
10% 20% 30% 40% 50% 60% 70% 80% 90% 100% 
Number of nonzero elems: 400,401,597,829
END OF generate sparse hamiltonian [2606.3/2630.4]GB [10281.324/11497.470/118899.296]s
Davidson #0: -2099.8810829477
Davidson #1: -2099.8812211879
Davidson #2: -2099.8812273359
Davidson #3: -2099.8812288662
Davidson #4: -2099.8812300767
Davidson #5: -2099.8812305498
Davidson #6: -2099.8812311235
Davidson #7: -2099.8812321327
Davidson #8: -2099.8812329390
END OF diagonalize sparse hamiltonian [2637.1/2661.2]GB [3677.382/15174.851/122576.677]s
Iteration 3 eps1= 5.00e-06 ndets= 796,365,565 energy= -2099.88123294
END OF #3 << main << eps_var 5.00e-06 << variation [2637.1/2661.2]GB [0.001/15174.852/122576.678]s

BEG OF #4 << main << eps_var 5.00e-06 << variation [2637.1/2661.2]GB [0.030/0.001/122576.707]s
20% 40% 60% 80% 100% 
Number of dets / new dets: 800,614,572 / 4,249,007
END OF get next det list [2761.7/2785.8]GB [699.150/699.150/123275.856]s
END OF update unique ab [2761.8/2785.9]GB [37.922/737.071/123313.777]s
END OF create abm1 [2762.2/2786.4]GB [47.701/784.771/123361.477]s
Outer size of a/b singles: 47,513,345 / 0
Full size of absingles: 1,360,558,332
END OF create absingles [2763.3/2787.5]GB [29.720/814.490/123391.196]s
10% 20% 30% 40% 50% 60% 70% 80% 90% 100% 
Number of nonzero elems: 403,497,974,250
END OF generate sparse hamiltonian [2762.4/2786.6]GB [5012.187/5826.676/128403.382]s
Davidson #0: -2099.8812329381
Davidson #1: -2099.8812815321
Davidson #2: -2099.8812831835
Davidson #3: -2099.8812836330
Davidson #4: -2099.8812839187
Davidson #5: -2099.8812840221
Davidson #6: -2099.8812841688
Davidson #7: -2099.8812844325
Davidson #8: -2099.8812847426
END OF diagonalize sparse hamiltonian [2761.3/2785.5]GB [3563.401/9390.075/131966.782]s
Iteration 4 eps1= 5.00e-06 ndets= 800,614,572 energy= -2099.88128474
END OF #4 << main << eps_var 5.00e-06 << variation [2761.3/2785.5]GB [0.001/9390.076/131966.782]s

BEG OF #5 << main << eps_var 5.00e-06 << variation [2761.3/2785.5]GB [0.008/0.000/131966.790]s
20% 40% 60% 80% 100% 
Number of dets / new dets: 802,025,119 / 1,410,547
END OF get next det list [2886.8/2911.0]GB [547.277/547.277/132514.067]s
END OF update unique ab [2886.8/2911.0]GB [22.861/570.137/132536.927]s
END OF create abm1 [2887.0/2911.2]GB [19.264/589.400/132556.189]s
Outer size of a/b singles: 47,566,601 / 0
Full size of absingles: 740,509,088
END OF create absingles [2888.3/2912.5]GB [17.613/607.012/132573.802]s
10% 20% 30% 40% 50% 60% 70% 80% 90% 100% 
Number of nonzero elems: 404,590,110,477
END OF generate sparse hamiltonian [2889.3/2913.5]GB [3105.425/3712.436/135679.226]s
Davidson #0: -2099.8812847414
Davidson #1: -2099.8813011937
Davidson #2: -2099.8813017983
Davidson #3: -2099.8813019528
Davidson #4: -2099.8813020446
Davidson #5: -2099.8813020778
Davidson #6: -2099.8813021276
Davidson #7: -2099.8813022220
Davidson #8: -2099.8813023656
END OF diagonalize sparse hamiltonian [2888.3/2912.4]GB [3379.818/7092.253/139059.043]s
Iteration 5 eps1= 5.00e-06 ndets= 802,025,119 energy= -2099.88130237
END OF #5 << main << eps_var 5.00e-06 << variation [2888.3/2912.4]GB [0.001/7092.254/139059.043]s

BEG OF #6 << main << eps_var 5.00e-06 << variation [2888.3/2912.4]GB [0.003/0.000/139059.046]s
20% 40% 60% 80% 100% 
Number of dets / new dets: 802,729,821 / 704,702
END OF get next det list [3014.0/3038.1]GB [340.030/340.030/139399.076]s
END OF update unique ab [3014.0/3038.2]GB [16.806/356.835/139415.881]s
END OF create abm1 [3014.1/3038.3]GB [10.238/367.072/139426.118]s
Outer size of a/b singles: 47,598,832 / 0
Full size of absingles: 489,499,954
END OF create absingles [3015.4/3039.6]GB [13.580/380.652/139439.698]s
10% 20% 30% 40% 50% 60% 70% 80% 90% 100% 
Number of nonzero elems: 405,097,617,987
END OF generate sparse hamiltonian [3015.8/3040.0]GB [2596.410/2977.061/142036.107]s
Davidson #0: -2099.8813023654
Davidson #1: -2099.8813111698
Davidson #2: -2099.8813114365
Davidson #3: -2099.8813115052
Davidson #4: -2099.8813115438
Davidson #5: -2099.8813115586
Davidson #6: -2099.8813115789
Davidson #7: -2099.8813116179
Davidson #8: -2099.8813116825
END OF diagonalize sparse hamiltonian [3014.8/3038.9]GB [2433.135/5410.196/144469.242]s
Iteration 6 eps1= 5.00e-06 ndets= 802,729,821 energy= -2099.88131168
END OF #6 << main << eps_var 5.00e-06 << variation [3014.8/3038.9]GB [0.001/5410.196/144469.242]s

BEG OF #7 << main << eps_var 5.00e-06 << variation [3014.8/3038.9]GB [0.002/0.000/144469.244]s
Davidson #0: -2099.8813116823
Davidson #1: -2099.8813117197
Davidson #2: -2099.8813117402
Davidson #3: -2099.8813117554
Davidson #4: -2099.8813117635
Davidson #5: -2099.8813117689
Davidson #6: -2099.8813117777
Davidson #7: -2099.8813117908
Davidson #8: -2099.8813118088
END OF diagonalize sparse hamiltonian [3014.8/3038.9]GB [2323.107/2323.107/146792.351]s
Iteration 7 eps1= 5.00e-06 ndets= 802,729,821 energy= -2099.88131181
END OF #7 << main << eps_var 5.00e-06 << variation [3014.8/3038.9]GB [0.001/2323.107/146792.351]s

BEG OF #8 << main << eps_var 5.00e-06 << variation [3014.8/3038.9]GB [0.000/0.000/146792.352]s
Davidson #0: -2099.8813118084
Davidson #1: -2099.8813118229
Davidson #2: -2099.8813118321
Davidson #3: -2099.8813118383
Davidson #4: -2099.8813118417
Davidson #5: -2099.8813118445
Davidson #6: -2099.8813118495
Davidson #7: -2099.8813118567
Davidson #8: -2099.8813118661
END OF diagonalize sparse hamiltonian [3009.0/3033.2]GB [2273.029/2273.029/149065.380]s
Iteration 8 eps1= 5.00e-06 ndets= 802,729,821 energy= -2099.88131187
END OF #8 << main << eps_var 5.00e-06 << variation [3009.0/3033.2]GB [0.001/2273.029/149065.380]s

BEG OF #9 << main << eps_var 5.00e-06 << variation [3009.0/3033.2]GB [0.000/0.000/149065.381]s
Davidson #0: -2099.8813118662
Davidson #1: -2099.8813118743
Davidson #2: -2099.8813118797
Davidson #3: -2099.8813118832
Davidson #4: -2099.8813118851
Davidson #5: -2099.8813118870
Davidson #6: -2099.8813118900
Davidson #7: -2099.8813118944
Davidson #8: -2099.8813119000
END OF diagonalize sparse hamiltonian [3003.0/3027.2]GB [2392.437/2392.437/151457.818]s
Iteration 9 eps1= 5.00e-06 ndets= 802,729,821 energy= -2099.88131190
END OF #9 << main << eps_var 5.00e-06 << variation [3003.0/3027.2]GB [0.001/2392.438/151457.818]s

BEG OF #10 << main << eps_var 5.00e-06 << variation [3003.0/3027.2]GB [0.000/0.000/151457.818]s
Davidson #0: -2099.8813118997
Davidson #1: -2099.8813119046
Davidson #2: -2099.8813119079
Davidson #3: -2099.8813119101
Davidson #4: -2099.8813119112
Davidson #5: -2099.8813119127
Davidson #6: -2099.8813119145
Davidson #7: -2099.8813119173
Davidson #8: -2099.8813119207
END OF diagonalize sparse hamiltonian [2997.1/3021.3]GB [2318.558/2318.558/153776.376]s
Iteration 10 eps1= 5.00e-06 ndets= 802,729,821 energy= -2099.88131192
END OF #10 << main << eps_var 5.00e-06 << variation [2997.1/3021.3]GB [0.001/2318.558/153776.377]s

BEG OF #11 << main << eps_var 5.00e-06 << variation [2997.1/3021.3]GB [0.000/0.000/153776.377]s
Davidson #0: -2099.8813119205
Davidson #1: -2099.8813119235
Davidson #2: -2099.8813119257
Davidson #3: -2099.8813119270
Davidson #4: -2099.8813119277
Davidson #5: -2099.8813119277
Davidson #6: -2099.8813119289
Davidson #7: -2099.8813119306
Davidson #8: -2099.8813119328
END OF diagonalize sparse hamiltonian [2991.0/3015.2]GB [2393.947/2393.947/156170.324]s
Iteration 11 eps1= 5.00e-06 ndets= 802,729,821 energy= -2099.88131193
END OF #11 << main << eps_var 5.00e-06 << variation [2991.0/3015.2]GB [0.001/2393.948/156170.324]s

BEG OF #12 << main << eps_var 5.00e-06 << variation [2991.0/3015.2]GB [0.000/0.000/156170.324]s
Davidson #0: -2099.8813119339
Davidson #1: -2099.8813119359
Davidson #2: -2099.8813119372
Davidson #3: -2099.8813119381
Davidson #4: -2099.8813119385
Davidson #5: -2099.8813119390
Davidson #6: -2099.8813119397
Davidson #7: -2099.8813119408
Davidson #8: -2099.8813119422
END OF diagonalize sparse hamiltonian [2984.9/3009.1]GB [2343.995/2343.995/158514.319]s
Iteration 12 eps1= 5.00e-06 ndets= 802,729,821 energy= -2099.88131194
END OF #12 << main << eps_var 5.00e-06 << variation [2984.9/3009.1]GB [0.001/2343.995/158514.319]s

BEG OF #13 << main << eps_var 5.00e-06 << variation [2984.9/3009.1]GB [0.000/0.000/158514.319]s
Davidson #0: -2099.8813119417
Davidson #1: -2099.8813119430
Davidson #2: -2099.8813119439
Davidson #3: -2099.8813119444
Davidson #4: -2099.8813119447
Davidson #5: -2099.8813119446
Davidson #6: -2099.8813119451
Davidson #7: -2099.8813119458
Davidson #8: -2099.8813119467
END OF diagonalize sparse hamiltonian [2978.8/3003.0]GB [2320.195/2320.195/160834.514]s
Iteration 13 eps1= 5.00e-06 ndets= 802,729,821 energy= -2099.88131195
END OF #13 << main << eps_var 5.00e-06 << variation [2978.8/3003.0]GB [0.001/2320.195/160834.515]s

BEG OF #14 << main << eps_var 5.00e-06 << variation [2978.8/3003.0]GB [0.001/0.000/160834.515]s
Davidson #0: -2099.8813119466
Davidson #1: -2099.8813119474
Davidson #2: -2099.8813119480
Davidson #3: -2099.8813119483
Davidson #4: -2099.8813119485
Davidson #5: -2099.8813119482
Davidson #6: -2099.8813119485
Davidson #7: -2099.8813119489
Davidson #8: -2099.8813119495
END OF diagonalize sparse hamiltonian [2972.6/2996.8]GB [2286.440/2286.440/163120.955]s
Iteration 14 eps1= 5.00e-06 ndets= 802,729,821 energy= -2099.88131195
END OF #14 << main << eps_var 5.00e-06 << variation [2972.6/2996.8]GB [0.001/2286.441/163120.955]s

BEG OF #15 << main << eps_var 5.00e-06 << variation [2972.6/2996.8]GB [0.000/0.000/163120.955]s
Davidson #0: -2099.8813119510
Davidson #1: -2099.8813119515
Davidson #2: -2099.8813119518
Davidson #3: -2099.8813119520
Davidson #4: -2099.8813119522
Davidson #5: -2099.8813119515
Davidson #6: -2099.8813119517
Davidson #7: -2099.8813119519
Davidson #8: -2099.8813119523
END OF diagonalize sparse hamiltonian [2966.5/2990.7]GB [2307.461/2307.461/165428.416]s
Iteration 15 eps1= 5.00e-06 ndets= 802,729,821 energy= -2099.88131195
END OF #15 << main << eps_var 5.00e-06 << variation [2966.5/2990.7]GB [0.001/2307.461/165428.417]s

BEG OF #16 << main << eps_var 5.00e-06 << variation [2966.5/2990.7]GB [0.000/0.000/165428.417]s
Davidson #0: -2099.8813119525
Davidson #1: -2099.8813119528
Davidson #2: -2099.8813119530
Davidson #3: -2099.8813119532
Davidson #4: -2099.8813119533
Davidson #5: -2099.8813119535
Davidson #6: -2099.8813119537
Davidson #7: -2099.8813119538
Davidson #8: -2099.8813119541
END OF diagonalize sparse hamiltonian [2960.4/2984.6]GB [2232.164/2232.164/167660.580]s
Iteration 16 eps1= 5.00e-06 ndets= 802,729,821 energy= -2099.88131195
END OF #16 << main << eps_var 5.00e-06 << variation [2960.4/2984.6]GB [0.001/2232.164/167660.581]s

BEG OF #17 << main << eps_var 5.00e-06 << variation [2960.4/2984.6]GB [0.000/0.000/167660.581]s
Davidson #0: -2099.8813119530
Davidson #1: -2099.8813119532
Davidson #2: -2099.8813119533
Davidson #3: -2099.8813119534
Davidson #4: -2099.8813119535
Davidson #5: -2099.8813119555
Davidson #6: -2099.8813119556
Davidson #7: -2099.8813119557
Davidson #8: -2099.8813119559
END OF diagonalize sparse hamiltonian [2954.2/2978.4]GB [2257.226/2257.226/169917.806]s
Iteration 17 eps1= 5.00e-06 ndets= 802,729,821 energy= -2099.88131196
END OF #17 << main << eps_var 5.00e-06 << variation [2954.2/2978.4]GB [0.001/2257.226/169917.807]s

BEG OF #18 << main << eps_var 5.00e-06 << variation [2954.2/2978.4]GB [0.000/0.000/169917.807]s
Davidson #0: -2099.8813119558
Davidson #1: -2099.8813119560
Davidson #2: -2099.8813119561
Davidson #3: -2099.8813119561
Davidson #4: -2099.8813119562
Davidson #5: -2099.8813119553
Davidson #6: -2099.8813119553
Davidson #7: -2099.8813119554
Davidson #8: -2099.8813119555
END OF diagonalize sparse hamiltonian [2947.9/2972.1]GB [2308.909/2308.909/172226.716]s
Iteration 18 eps1= 5.00e-06 ndets= 802,729,821 energy= -2099.88131196
END OF #18 << main << eps_var 5.00e-06 << variation [2947.9/2972.1]GB [0.001/2308.909/172226.716]s

BEG OF #19 << main << eps_var 5.00e-06 << variation [2947.9/2972.1]GB [0.001/0.000/172226.716]s
Davidson #0: -2099.8813119545
Davidson #1: -2099.8813119546
Davidson #2: -2099.8813119547
Davidson #3: -2099.8813119547
Davidson #4: -2099.8813119547
Davidson #5: -2099.8813119553
Davidson #6: -2099.8813119553
Davidson #7: -2099.8813119554
Davidson #8: -2099.8813119554
END OF diagonalize sparse hamiltonian [2941.7/2965.9]GB [2330.072/2330.072/174556.788]s
Iteration 19 eps1= 5.00e-06 ndets= 802,729,821 energy= -2099.88131196
END OF #19 << main << eps_var 5.00e-06 << variation [2941.7/2965.9]GB [0.001/2330.072/174556.788]s

BEG OF #20 << main << eps_var 5.00e-06 << variation [2941.7/2965.9]GB [0.000/0.000/174556.788]s
Davidson #0: -2099.8813119564
Davidson #1: -2099.8813119565
Davidson #2: -2099.8813119565
Davidson #3: -2099.8813119565
Davidson #4: -2099.8813119565
Davidson #5: -2099.8813119548
Davidson #6: -2099.8813119548
Davidson #7: -2099.8813119548
Davidson #8: -2099.8813119548
END OF diagonalize sparse hamiltonian [2935.5/2959.6]GB [2343.640/2343.640/176900.428]s
Iteration 20 eps1= 5.00e-06 ndets= 802,729,821 energy= -2099.88131195
END OF #20 << main << eps_var 5.00e-06 << variation [2935.5/2959.6]GB [0.001/2343.640/176900.428]s

BEG OF #21 << main << eps_var 5.00e-06 << variation [2935.5/2959.6]GB [0.000/0.000/176900.428]s
Davidson #0: -2099.8813119555
Davidson #1: -2099.8813119555
Davidson #2: -2099.8813119556
Davidson #3: -2099.8813119556
Davidson #4: -2099.8813119556
Davidson #5: -2099.8813119561
Davidson #6: -2099.8813119561
Davidson #7: -2099.8813119561
Davidson #8: -2099.8813119562
END OF diagonalize sparse hamiltonian [2929.2/2953.4]GB [2339.719/2339.719/179240.147]s
Iteration 21 eps1= 5.00e-06 ndets= 802,729,821 energy= -2099.88131196
END OF #21 << main << eps_var 5.00e-06 << variation [2929.2/2953.4]GB [0.001/2339.720/179240.147]s

BEG OF #22 << main << eps_var 5.00e-06 << variation [2929.2/2953.4]GB [0.000/0.000/179240.148]s
Davidson #0: -2099.8813119570
Davidson #1: -2099.8813119570
Davidson #2: -2099.8813119570
Davidson #3: -2099.8813119570
Davidson #4: -2099.8813119570
Davidson #5: -2099.8813119564
Davidson #6: -2099.8813119564
Davidson #7: -2099.8813119564
Davidson #8: -2099.8813119564
END OF diagonalize sparse hamiltonian [2923.0/2947.2]GB [2287.785/2287.785/181527.932]s
Iteration 22 eps1= 5.00e-06 ndets= 802,729,821 energy= -2099.88131196
END OF #22 << main << eps_var 5.00e-06 << variation [2923.0/2947.2]GB [0.001/2287.785/181527.933]s

BEG OF #23 << main << eps_var 5.00e-06 << variation [2923.0/2947.2]GB [0.000/0.000/181527.933]s
Davidson #0: -2099.8813119561
Davidson #1: -2099.8813119561
Davidson #2: -2099.8813119561
Davidson #3: -2099.8813119561
Davidson #4: -2099.8813119561
Davidson #5: -2099.8813119566
Davidson #6: -2099.8813119566
Davidson #7: -2099.8813119566
Davidson #8: -2099.8813119566
END OF diagonalize sparse hamiltonian [2916.7/2940.9]GB [2253.131/2253.131/183781.063]s
Iteration 23 eps1= 5.00e-06 ndets= 802,729,821 energy= -2099.88131196
END OF #23 << main << eps_var 5.00e-06 << variation [2916.7/2940.9]GB [0.001/2253.131/183781.063]s

BEG OF #24 << main << eps_var 5.00e-06 << variation [2916.7/2940.9]GB [0.000/0.000/183781.064]s
Davidson #0: -2099.8813119566
Davidson #1: -2099.8813119566
Davidson #2: -2099.8813119566
Davidson #3: -2099.8813119566
Davidson #4: -2099.8813119566
Davidson #5: -2099.8813119565
Davidson #6: -2099.8813119565
Davidson #7: -2099.8813119565
Davidson #8: -2099.8813119565
END OF diagonalize sparse hamiltonian [2910.5/2934.6]GB [2337.304/2337.304/186118.367]s
Iteration 24 eps1= 5.00e-06 ndets= 802,729,821 energy= -2099.88131196
END OF #24 << main << eps_var 5.00e-06 << variation [2910.5/2934.6]GB [0.001/2337.304/186118.368]s

BEG OF #25 << main << eps_var 5.00e-06 << variation [2910.5/2934.6]GB [0.000/0.000/186118.368]s
Davidson #0: -2099.8813119556
Davidson #1: -2099.8813119556
Davidson #2: -2099.8813119556
Davidson #3: -2099.8813119556
Davidson #4: -2099.8813119556
Davidson #5: -2099.8813119566
Davidson #6: -2099.8813119566
Davidson #7: -2099.8813119566
Davidson #8: -2099.8813119566
END OF diagonalize sparse hamiltonian [2910.4/2934.6]GB [2201.165/2201.165/188319.532]s
Iteration 25 eps1= 5.00e-06 ndets= 802,729,821 energy= -2099.88131196
END OF #25 << main << eps_var 5.00e-06 << variation [2910.4/2934.6]GB [0.001/2201.165/188319.533]s

BEG OF #26 << main << eps_var 5.00e-06 << variation [2910.4/2934.6]GB [0.000/0.000/188319.533]s
Davidson #0: -2099.8813119555
Davidson #1: -2099.8813119555
Davidson #2: -2099.8813119555
Davidson #3: -2099.8813119555
Davidson #4: -2099.8813119555
Davidson #5: -2099.8813119548
Davidson #6: -2099.8813119548
Davidson #7: -2099.8813119548
Davidson #8: -2099.8813119548
END OF diagonalize sparse hamiltonian [2910.4/2934.6]GB [2316.724/2316.724/190636.256]s
Iteration 26 eps1= 5.00e-06 ndets= 802,729,821 energy= -2099.88131195
END OF #26 << main << eps_var 5.00e-06 << variation [2910.4/2934.6]GB [0.001/2316.724/190636.256]s

BEG OF #27 << main << eps_var 5.00e-06 << variation [2910.4/2934.6]GB [0.000/0.000/190636.257]s
Davidson #0: -2099.8813119563
Davidson #1: -2099.8813119563
Davidson #2: -2099.8813119563
Davidson #3: -2099.8813119563
Davidson #4: -2099.8813119563
Davidson #5: -2099.8813119574
Davidson #6: -2099.8813119574
Davidson #7: -2099.8813119574
Davidson #8: -2099.8813119574
END OF diagonalize sparse hamiltonian [2910.4/2934.6]GB [2258.864/2258.864/192895.120]s
Iteration 27 eps1= 5.00e-06 ndets= 802,729,821 energy= -2099.88131196
END OF #27 << main << eps_var 5.00e-06 << variation [2910.4/2934.6]GB [0.001/2258.864/192895.121]s

BEG OF #28 << main << eps_var 5.00e-06 << variation [2910.4/2934.6]GB [0.000/0.000/192895.121]s
Davidson #0: -2099.8813119563
Davidson #1: -2099.8813119563
Davidson #2: -2099.8813119563
Davidson #3: -2099.8813119563
Davidson #4: -2099.8813119563
Davidson #5: -2099.8813119565
Davidson #6: -2099.8813119565
Davidson #7: -2099.8813119565
Davidson #8: -2099.8813119565
END OF diagonalize sparse hamiltonian [2910.5/2934.7]GB [2333.034/2333.034/195228.155]s
Iteration 28 eps1= 5.00e-06 ndets= 802,729,821 energy= -2099.88131196
END OF #28 << main << eps_var 5.00e-06 << variation [2910.5/2934.7]GB [0.001/2333.035/195228.155]s

BEG OF #29 << main << eps_var 5.00e-06 << variation [2910.5/2934.7]GB [0.000/0.000/195228.155]s
Davidson #0: -2099.8813119572
Davidson #1: -2099.8813119572
Davidson #2: -2099.8813119572
Davidson #3: -2099.8813119572
Davidson #4: -2099.8813119572
Davidson #5: -2099.8813119581
Davidson #6: -2099.8813119581
Davidson #7: -2099.8813119581
Davidson #8: -2099.8813119581
END OF diagonalize sparse hamiltonian [2910.5/2934.7]GB [2273.232/2273.232/197501.388]s
Iteration 29 eps1= 5.00e-06 ndets= 802,729,821 energy= -2099.88131196
END OF #29 << main << eps_var 5.00e-06 << variation [2910.5/2934.7]GB [0.001/2273.233/197501.388]s

BEG OF #30 << main << eps_var 5.00e-06 << variation [2910.5/2934.7]GB [0.000/0.000/197501.388]s
Davidson #0: -2099.8813119552
Davidson #1: -2099.8813119552
Davidson #2: -2099.8813119552
END OF diagonalize sparse hamiltonian [2910.5/2934.6]GB [650.516/650.516/198151.904]s
Iteration 30 eps1= 5.00e-06 ndets= 802,729,821 energy= -2099.88131196
END OF #30 << main << eps_var 5.00e-06 << variation [2910.5/2934.6]GB [0.001/650.517/198151.904]s
Final iteration 30 eps1= 5.00e-06 ndets= 802,729,821 energy= -2099.88131196
Effect dets (without time sym): 1,605,396,742
----------------------------------------
Excite Lv       # dets         Sum c^2
0                    1      0.01489925
1                  192      0.00013746
2                84210      0.18113917
3              3453700      0.00883485
4             39975718      0.40244235
5            139641490      0.03071478
6            320515190      0.26722106
7            391001184      0.02429565
8            378487240      0.06007833
9            205430910      0.00538310
10            97564263      0.00446324
11            23043906      0.00028881
12             5706767      0.00009925
13              421180      0.00000233
14               70791      0.00000036
----------------------------------------
Orbital                        Sum c^2
0                           1.99530252
1                           1.99529766
2                           1.98570246
3                           1.98600223
4                           1.98600223
5                           1.98582382
6                           1.98582382
7                           1.98498647
8                           1.84765598
9                           1.21533395
10                          1.21533395
11                          1.05208948
12                          1.05208948
13                          1.20878623
14                          0.76883360
15                          0.92543242
16                          0.92543242
17                          0.08334506
18                          0.76097485
19                          0.76097485
20                          0.01711649
21                          0.01711649
22                          0.02194519
23                          0.00743215
24                          0.00743215
25                          0.00699043
26                          0.01029511
27                          0.00390506
28                          0.02301301
29                          0.02301301
30                          0.00344026
31                          0.01294109
32                          0.01294109
33                          0.00330008
34                          0.00330008
35                          0.00920660
36                          0.00920660
37                          0.00383196
38                          0.00383196
39                          0.01075904
40                          0.00469080
41                          0.00626307
42                          0.00626307
43                          0.00351408
44                          0.00351408
45                          0.00072541
46                          0.00293870
47                          0.00000656
48                          0.00000656
49                          0.00049011
Sum orbitals c^2: 28.00000000
----------------------------------------
Most important dets:
Excite Lv         Coef      Det (Reordered orb)
2           0.14464116      |  0  1  2  3  4  5  6  7  8  9 10 12 13 15 |  0  1  2  3  4  5  6  7  8  9 10 11 13 16 |
0           0.12206249      |  0  1  2  3  4  5  6  7  8  9 10 11 12 13 |  0  1  2  3  4  5  6  7  8  9 10 11 12 13 |
2           0.11978663      |  0  1  2  3  4  5  6  7  8  9 10 11 13 14 |  0  1  2  3  4  5  6  7  8  9 10 11 12 15 |
2          -0.11978663      |  0  1  2  3  4  5  6  7  8  9 10 12 13 14 |  0  1  2  3  4  5  6  7  8  9 10 11 12 16 |
2           0.11845259      |  0  1  2  3  4  5  6  7  8  9 11 12 13 16 |  0  1  2  3  4  5  6  7  8  9 10 12 13 18 |
2           0.11845259      |  0  1  2  3  4  5  6  7  8 10 11 12 13 15 |  0  1  2  3  4  5  6  7  8  9 10 11 13 19 |
2          -0.11781563      |  0  1  2  3  4  5  6  7  8  9 11 12 13 15 |  0  1  2  3  4  5  6  7  8  9 10 11 13 18 |
2          -0.11781563      |  0  1  2  3  4  5  6  7  8 10 11 12 13 16 |  0  1  2  3  4  5  6  7  8  9 10 12 13 19 |
2          -0.10643274      |  0  1  2  3  4  5  6  7  8  9 10 11 13 15 |  0  1  2  3  4  5  6  7  8  9 10 11 13 15 |
2          -0.10643274      |  0  1  2  3  4  5  6  7  8  9 10 12 13 16 |  0  1  2  3  4  5  6  7  8  9 10 12 13 16 |
4           0.10555364      |  0  1  2  3  4  5  6  7  8  9 10 13 14 15 |  0  1  2  3  4  5  6  7  8  9 10 11 15 16 |
4          -0.10555364      |  0  1  2  3  4  5  6  7  8  9 10 13 14 16 |  0  1  2  3  4  5  6  7  8  9 10 12 15 16 |
4          -0.10400901      |  0  1  2  3  4  5  6  7  8  9 11 13 15 16 |  0  1  2  3  4  5  6  7  8  9 10 13 15 18 |
4          -0.10400901      |  0  1  2  3  4  5  6  7  8 10 12 13 15 16 |  0  1  2  3  4  5  6  7  8  9 10 13 16 19 |
4           0.10371626      |  0  1  2  3  4  5  6  7  8  9 12 13 15 16 |  0  1  2  3  4  5  6  7  8  9 10 13 16 18 |
4           0.10371626      |  0  1  2  3  4  5  6  7  8 10 11 13 15 16 |  0  1  2  3  4  5  6  7  8  9 10 13 15 19 |
2           0.09845378      |  0  1  2  3  4  5  6  7  8 10 11 12 13 18 |  0  1  2  3  4  5  6  7  8  9 11 12 13 19 |
2           0.09768805      |  0  1  2  3  4  5  6  7  8  9 11 12 13 14 |  0  1  2  3  4  5  6  7  8  9 10 11 12 18 |
2          -0.09768805      |  0  1  2  3  4  5  6  7  8 10 11 12 13 14 |  0  1  2  3  4  5  6  7  8  9 10 11 12 19 |
4           0.09333417      |  0  1  2  3  4  5  6  7  8  9 10 13 15 16 |  0  1  2  3  4  5  6  7  8  9 10 13 15 16 |
----------------------------------------
END OF main << eps_var 5.00e-06 << variation [2910.5/2934.6]GB [189.248/198030.946/198341.152]s
Variational results saved to: wf_eps1_5.00e-06.dat
END OF eps_var 5.00e-06 << variation [2912.4/2936.6]GB [53.936/198084.885/198395.087]s
END OF variation [2910.2/2934.4]GB [415.694/198809.064/198810.780]s

BEG OF post variation [2910.2/2934.4]GB [0.001/0.000/198810.781]s
END OF post variation [2910.2/2934.4]GB [0.001/0.001/198810.781]s
