l[012,020]
80
Semistochastic Heat-bath Configuration Interation (SHCI)

Start time: Fri Jun 14 13:02:36 2019
Infrastructure: 2 nodes * 80 threads
Configuration:
{
  "chem": {
    "irrep_occs_dn": [
      4,
      2,
      1,
      2,
      1,
      2,
      1,
      0,
      1,
      0
    ],
    "irrep_occs_up": [
      4,
      2,
      1,
      2,
      1,
      2,
      1,
      0,
      1,
      0
    ],
    "irreps": [
      1,
      2,
      3,
      4,
      5,
      6,
      7,
      8,
      9,
      10
    ],
    "point_group": "dih"
  },
  "eps_pt": 1e-20,
  "eps_vars": [
    0.0002,
    0.0001,
    5e-05,
    3e-05,
    2e-05,
    1e-05,
    5e-06
  ],
  "eps_vars_schedule": [
    0.005,
    0.005,
    0.005,
    0.005,
    0.005,
    0.003,
    0.003,
    0.003,
    0.003,
    0.003,
    0.002,
    0.002,
    0.002,
    0.002,
    0.002,
    0.001,
    0.001,
    0.001,
    0.001,
    0.001,
    0.001,
    0.001,
    0.0005,
    0.0005,
    0.0005,
    0.0005,
    0.0005,
    0.0005,
    0.0005,
    0.0003,
    0.0003,
    0.0003,
    0.0003,
    0.0003,
    0.0002,
    0.0002,
    0.0002,
    0.0002,
    0.0002
  ],
  "n_dn": 14,
  "n_up": 14,
  "system": "chem",
  "target_error": 2e-05,
  "time_sym": true,
  "var_only": true
}
Timing format: [DIFF/SECTION/TOTAL]

BEG OF setup [0.0/26.1]GB [0.001/0.001/0.001]s

BEG OF load integrals << setup [0.0/26.1]GB [0.004/0.000/0.004]s
n_orbs: 76
n_elecs (from FCIDUMP): 28
orb_sym: 1 2 1 6 4 3 5 2 6 4 1 7 9 1 2 6 4 1 3 5 10 8 2 2 3 5 1 6 4 1 2 7 9 6 4 3 5 10 8 2 1 3 5 6 4 1 2 3 5 7 9 6 4 2 10 8 1 1 3 5 7 9 6 4 14 12 2 11 13 2 1 10 8 3 5 2 
END OF load fcidump [0.1/26.1]GB [1.561/1.561/1.564]s
HF det up: 0 1 2 3 4 5 6 7 8 9 10 11 12 13 
HF det dn: 0 1 2 3 4 5 6 7 8 9 10 11 12 13 
Reorder skipped.
Orbitals energy:
#  0: E =  -3.545029503183, sym =  1, origin #  0
#  1: E =  -3.483804745132, sym =  2, origin #  1
#  2: E =  -2.371647124858, sym =  1, origin #  2
#  3: E =  -2.248450857956, sym =  6, origin #  3
#  4: E =  -2.248450857957, sym =  4, origin #  4
#  5: E =  -2.194660217946, sym =  3, origin #  5
#  6: E =  -2.194660217946, sym =  5, origin #  6
#  7: E =  -2.123675430568, sym =  2, origin #  7
#  8: E =  -0.351566408276, sym =  6, origin #  8
#  9: E =  -0.351566408277, sym =  4, origin #  9
# 10: E =  -0.220825692796, sym =  1, origin # 10
# 11: E =  -0.241193440724, sym =  7, origin # 11
# 12: E =  -0.241193440724, sym =  9, origin # 12
# 13: E =  -0.342703785083, sym =  1, origin # 13
# 14: E =   0.284999757265, sym =  2, origin # 14
# 15: E =   0.162291378152, sym =  6, origin # 15
# 16: E =   0.162291378152, sym =  4, origin # 16
# 17: E =   0.556649563657, sym =  1, origin # 17
# 18: E =   0.274642743152, sym =  3, origin # 18
# 19: E =   0.274642743151, sym =  5, origin # 19
# 20: E =   0.153306774522, sym = 10, origin # 20
# 21: E =   0.153306774522, sym =  8, origin # 21
# 22: E =   0.098168174224, sym =  2, origin # 22
# 23: E =   1.066839747036, sym =  2, origin # 23
# 24: E =   0.587298365274, sym =  3, origin # 24
# 25: E =   0.587298365273, sym =  5, origin # 25
# 26: E =   1.473970809375, sym =  1, origin # 26
# 27: E =   1.257725777696, sym =  6, origin # 27
# 28: E =   1.257725777695, sym =  4, origin # 28
# 29: E =   2.561037601785, sym =  1, origin # 29
# 30: E =   1.726313313195, sym =  2, origin # 30
# 31: E =   0.912609352463, sym =  7, origin # 31
# 32: E =   0.912609352462, sym =  9, origin # 32
# 33: E =   2.215719469086, sym =  6, origin # 33
# 34: E =   2.215719469086, sym =  4, origin # 34
# 35: E =   3.599598158601, sym =  3, origin # 35
# 36: E =   3.599598158603, sym =  5, origin # 36
# 37: E =   1.365752698723, sym = 10, origin # 37
# 38: E =   1.365752698723, sym =  8, origin # 38
# 39: E =   3.119909081149, sym =  2, origin # 39
# 40: E =   1.302320001397, sym =  1, origin # 40
# 41: E =   1.888783175072, sym =  3, origin # 41
# 42: E =   1.888783175072, sym =  5, origin # 42
# 43: E =   0.550439434916, sym =  6, origin # 43
# 44: E =   0.550439434915, sym =  4, origin # 44
# 45: E =   0.592932377011, sym =  1, origin # 45
# 46: E =   2.013817251065, sym =  2, origin # 46
# 47: E =   0.866193953358, sym =  3, origin # 47
# 48: E =   0.866193953358, sym =  5, origin # 48
# 49: E =   2.111459239215, sym =  7, origin # 49
# 50: E =   2.111459239215, sym =  9, origin # 50
# 51: E =   0.534412490573, sym =  6, origin # 51
# 52: E =   0.534412490573, sym =  4, origin # 52
# 53: E =   0.926082160799, sym =  2, origin # 53
# 54: E =   2.945537442307, sym = 10, origin # 54
# 55: E =   2.945537442308, sym =  8, origin # 55
# 56: E =   0.660649427252, sym =  1, origin # 56
# 57: E =   0.721679935976, sym =  1, origin # 57
# 58: E =   0.147911008576, sym =  3, origin # 58
# 59: E =   0.147911008576, sym =  5, origin # 59
# 60: E =   0.697271742026, sym =  7, origin # 60
# 61: E =   0.697271742026, sym =  9, origin # 61
# 62: E =   0.313312755066, sym =  6, origin # 62
# 63: E =   0.313312755066, sym =  4, origin # 63
# 64: E =   2.315431437077, sym = 14, origin # 64
# 65: E =   2.315431437078, sym = 12, origin # 65
# 66: E =   4.767100652858, sym =  2, origin # 66
# 67: E =   2.525455291185, sym = 11, origin # 67
# 68: E =   2.525455291184, sym = 13, origin # 68
# 69: E =   0.748447886311, sym =  2, origin # 69
# 70: E =   0.165772732173, sym =  1, origin # 70
# 71: E =   0.466611550497, sym = 10, origin # 71
# 72: E =   0.466611550497, sym =  8, origin # 72
# 73: E =   1.049553761336, sym =  3, origin # 73
# 74: E =   1.049553761336, sym =  5, origin # 74
# 75: E =   0.126861392893, sym =  2, origin # 75
HF det up: 0 1 2 3 4 5 6 7 8 9 10 11 12 13 
HF det dn: 0 1 2 3 4 5 6 7 8 9 10 11 12 13 
END OF reorder orbitals [0.1/26.1]GB [0.068/1.628/1.631]s
FCIDUMP cache saved to: integrals_cache.dat
END OF load integrals << setup [0.1/26.1]GB [0.121/1.749/1.752]s

BEG OF setup hci queue << setup [0.1/26.1]GB [0.001/0.000/1.752]s
Max hci queue elem: 0.3480007085 Ha
Number of entries in hci queue: 1,786,494
END OF setup hci queue << setup [0.1/26.2]GB [0.085/0.085/1.837]s
HF energy: -2098.5253574617 Ha
END OF setup [0.1/26.2]GB [0.003/1.840/1.840]s

BEG OF variation [0.1/26.2]GB [0.001/0.000/1.840]s
Final iteration 0 HF ndets= 1 energy= -2098.52535746

BEG OF eps_var 2.00e-04 << variation [0.1/26.2]GB [0.001/0.000/1.841]s
Loaded 1,303,162 dets from: wf_eps1_2.00e-04.dat
Effect dets (without time sym): 2,602,448
----------------------------------------
Excite Lv       # dets         Sum c^2
0                    1      0.52935520
1                  170      0.00255121
2                60174      0.33451600
3               295588      0.01033754
4              1307935      0.09565052
5               278758      0.00559104
6               491372      0.01729246
7                84732      0.00174942
8                66337      0.00238679
9                11872      0.00032527
10                4456      0.00021844
11                 926      0.00002152
12                 117      0.00000458
13                  10      0.00000001
----------------------------------------
Orbital                        Sum c^2
0                           1.99556617
1                           1.99566430
2                           1.98993632
3                           1.98879863
4                           1.98879863
5                           1.98657952
6                           1.98657952
7                           1.98437377
8                           1.84868194
9                           1.84868194
10                          1.92526295
11                          1.68800493
12                          1.68800493
13                          1.83141463
14                          0.15826747
15                          0.02484071
16                          0.02484071
17                          0.01241345
18                          0.14179770
19                          0.14179770
20                          0.29655579
21                          0.29655579
22                          0.03114376
23                          0.00393499
24                          0.00338684
25                          0.00338684
26                          0.00691905
27                          0.00812049
28                          0.00812049
29                          0.00422246
30                          0.00258801
31                          0.01200701
32                          0.01200701
33                          0.00425730
34                          0.00425730
35                          0.00210230
36                          0.00210230
37                          0.00383085
38                          0.00383085
39                          0.00225884
40                          0.00361261
41                          0.00174815
42                          0.00174815
43                          0.00106937
44                          0.00106937
45                          0.00039781
46                          0.00044029
47                          0.00002368
48                          0.00002368
49                          0.00421642
Sum orbitals c^2: 28.00000000
----------------------------------------
Most important dets:
Excite Lv         Coef      Det (Reordered orb)
0           0.72756800      |  0  1  2  3  4  5  6  7  8  9 10 11 12 13 |  0  1  2  3  4  5  6  7  8  9 10 11 12 13 |
2          -0.19819361      |  0  1  2  3  4  5  6  7  8  9 10 11 13 20 |  0  1  2  3  4  5  6  7  8  9 10 11 13 20 |
2          -0.19819361      |  0  1  2  3  4  5  6  7  8  9 10 12 13 21 |  0  1  2  3  4  5  6  7  8  9 10 12 13 21 |
2           0.17415452      |  0  1  2  3  4  5  6  7  8  9 10 11 13 20 |  0  1  2  3  4  5  6  7  8  9 10 12 13 21 |
2          -0.10528563      |  0  1  2  3  4  5  6  7  8  9 10 11 12 14 |  0  1  2  3  4  5  6  7  8  9 10 11 12 14 |
2           0.10501388      |  0  1  2  3  4  5  6  7  8  9 10 12 13 20 |  0  1  2  3  4  5  6  7  8  9 10 11 13 21 |
4           0.09873739      |  0  1  2  3  4  5  6  7  8  9 10 13 20 21 |  0  1  2  3  4  5  6  7  8  9 10 13 20 21 |
2           0.09563658      |  0  1  2  3  4  5  6  7  8 10 11 12 13 18 |  0  1  2  3  4  5  6  7  9 10 11 12 13 19 |
2           0.09191307      |  0  1  2  3  4  5  6  7  8  9 10 11 12 14 |  0  1  2  3  4  5  6  7  9 10 11 12 13 19 |
2          -0.09191307      |  0  1  2  3  4  5  6  7  8  9 10 11 12 14 |  0  1  2  3  4  5  6  7  8 10 11 12 13 18 |
2          -0.08835918      |  0  1  2  3  4  5  6  7  9 10 11 12 13 19 |  0  1  2  3  4  5  6  7  8  9 10 11 13 20 |
2          -0.08835918      |  0  1  2  3  4  5  6  7  8 10 11 12 13 18 |  0  1  2  3  4  5  6  7  8  9 10 12 13 21 |
2          -0.08728809      |  0  1  2  3  4  5  6  7  8  9 10 11 12 14 |  0  1  2  3  4  5  6  7  8  9 10 12 13 21 |
2           0.08728809      |  0  1  2  3  4  5  6  7  8  9 10 11 12 14 |  0  1  2  3  4  5  6  7  8  9 10 11 13 20 |
2           0.08639217      |  0  1  2  3  4  5  6  7  8 10 11 12 13 18 |  0  1  2  3  4  5  6  7  8  9 10 11 13 20 |
2           0.08639217      |  0  1  2  3  4  5  6  7  9 10 11 12 13 19 |  0  1  2  3  4  5  6  7  8  9 10 12 13 21 |
2           0.08623384      |  0  1  2  3  4  5  6  7  8  9 11 12 13 15 |  0  1  2  3  4  5  6  7  8  9 11 12 13 16 |
2          -0.08459037      |  0  1  2  3  4  5  6  7  9 10 11 12 13 19 |  0  1  2  3  4  5  6  7  9 10 11 12 13 19 |
2          -0.08459037      |  0  1  2  3  4  5  6  7  8 10 11 12 13 18 |  0  1  2  3  4  5  6  7  8 10 11 12 13 18 |
2          -0.06553915      |  0  1  2  3  4  5  6  7  8  9 10 11 13 19 |  0  1  2  3  4  5  6  7  9 10 11 12 13 20 |
----------------------------------------
HF energy: -2098.5253574617 Ha
Variational energy: -2099.8205143794 Ha
END OF eps_var 2.00e-04 << variation [0.4/26.5]GB [1.548/1.548/3.389]s

BEG OF eps_var 1.00e-04 << variation [0.4/26.5]GB [0.001/0.000/3.389]s
Loaded 3,987,884 dets from: wf_eps1_1.00e-04.dat
Effect dets (without time sym): 7,969,086
----------------------------------------
Excite Lv       # dets         Sum c^2
0                    1      0.50818849
1                  184      0.00266397
2                69825      0.34158407
3               735228      0.01150089
4              3700223      0.10378762
5               992718      0.00659954
6              1705679      0.01986773
7               344494      0.00216395
8               326363      0.00289782
9                58048      0.00043060
10               30941      0.00027707
11                3996      0.00003186
12                1340      0.00000635
13                  46      0.00000004
----------------------------------------
Orbital                        Sum c^2
0                           1.99527242
1                           1.99536874
2                           1.98929493
3                           1.98809244
4                           1.98809244
5                           1.98582676
6                           1.98582676
7                           1.98349967
8                           1.83950090
9                           1.83950090
10                          1.91055670
11                          1.67241408
12                          1.67241408
13                          1.82124632
14                          0.16667360
15                          0.02917822
16                          0.02917822
17                          0.01413995
18                          0.14979929
19                          0.14979929
20                          0.30981638
21                          0.30981638
22                          0.03811678
23                          0.00458587
24                          0.00386329
25                          0.00386329
26                          0.00753608
27                          0.00868182
28                          0.00868182
29                          0.00445290
30                          0.00280243
31                          0.01299748
32                          0.01299748
33                          0.00448714
34                          0.00448714
35                          0.00222604
36                          0.00222604
37                          0.00426577
38                          0.00426577
39                          0.00239595
40                          0.00408082
41                          0.00195787
42                          0.00195787
43                          0.00132796
44                          0.00132796
45                          0.00062533
46                          0.00048222
47                          0.00003071
48                          0.00003071
49                          0.00442984
Sum orbitals c^2: 28.00000000
----------------------------------------
Most important dets:
Excite Lv         Coef      Det (Reordered orb)
0           0.71287340      |  0  1  2  3  4  5  6  7  8  9 10 11 12 13 |  0  1  2  3  4  5  6  7  8  9 10 11 12 13 |
2          -0.19889761      |  0  1  2  3  4  5  6  7  8  9 10 12 13 21 |  0  1  2  3  4  5  6  7  8  9 10 12 13 21 |
2          -0.19889761      |  0  1  2  3  4  5  6  7  8  9 10 11 13 20 |  0  1  2  3  4  5  6  7  8  9 10 11 13 20 |
2           0.16611094      |  0  1  2  3  4  5  6  7  8  9 10 11 13 20 |  0  1  2  3  4  5  6  7  8  9 10 12 13 21 |
2           0.11581211      |  0  1  2  3  4  5  6  7  8  9 10 12 13 20 |  0  1  2  3  4  5  6  7  8  9 10 11 13 21 |
2          -0.10359473      |  0  1  2  3  4  5  6  7  8  9 10 11 12 14 |  0  1  2  3  4  5  6  7  8  9 10 11 12 14 |
4           0.09706034      |  0  1  2  3  4  5  6  7  8  9 10 13 20 21 |  0  1  2  3  4  5  6  7  8  9 10 13 20 21 |
2           0.09280908      |  0  1  2  3  4  5  6  7  8 10 11 12 13 18 |  0  1  2  3  4  5  6  7  9 10 11 12 13 19 |
2           0.08965251      |  0  1  2  3  4  5  6  7  8  9 10 11 12 14 |  0  1  2  3  4  5  6  7  9 10 11 12 13 19 |
2          -0.08965251      |  0  1  2  3  4  5  6  7  8  9 10 11 12 14 |  0  1  2  3  4  5  6  7  8 10 11 12 13 18 |
2           0.08908503      |  0  1  2  3  4  5  6  7  8  9 11 12 13 15 |  0  1  2  3  4  5  6  7  8  9 11 12 13 16 |
2          -0.08696919      |  0  1  2  3  4  5  6  7  8 10 11 12 13 18 |  0  1  2  3  4  5  6  7  8  9 10 12 13 21 |
2          -0.08696919      |  0  1  2  3  4  5  6  7  9 10 11 12 13 19 |  0  1  2  3  4  5  6  7  8  9 10 11 13 20 |
2          -0.08601308      |  0  1  2  3  4  5  6  7  8  9 10 11 12 14 |  0  1  2  3  4  5  6  7  8  9 10 12 13 21 |
2           0.08601308      |  0  1  2  3  4  5  6  7  8  9 10 11 12 14 |  0  1  2  3  4  5  6  7  8  9 10 11 13 20 |
2           0.08482228      |  0  1  2  3  4  5  6  7  8 10 11 12 13 18 |  0  1  2  3  4  5  6  7  8  9 10 11 13 20 |
2           0.08482228      |  0  1  2  3  4  5  6  7  9 10 11 12 13 19 |  0  1  2  3  4  5  6  7  8  9 10 12 13 21 |
2          -0.08376621      |  0  1  2  3  4  5  6  7  9 10 11 12 13 19 |  0  1  2  3  4  5  6  7  9 10 11 12 13 19 |
2          -0.08376621      |  0  1  2  3  4  5  6  7  8 10 11 12 13 18 |  0  1  2  3  4  5  6  7  8 10 11 12 13 18 |
2           0.07057410      |  0  1  2  3  4  5  6  7  8  9 10 11 13 14 |  0  1  2  3  4  5  6  7  8  9 10 11 12 20 |
----------------------------------------
HF energy: -2098.5253574617 Ha
Variational energy: -2099.8449934634 Ha
END OF eps_var 1.00e-04 << variation [0.8/26.9]GB [3.427/3.427/6.816]s

BEG OF eps_var 5.00e-05 << variation [0.8/26.9]GB [0.001/0.000/6.816]s
Loaded 12,032,521 dets from: wf_eps1_5.00e-05.dat
Effect dets (without time sym): 24,053,764
----------------------------------------
Excite Lv       # dets         Sum c^2
0                    1      0.48875197
1                  190      0.00264693
2                77219      0.34782360
3              1631298      0.01283362
4              9798582      0.11099317
5              3754768      0.00777436
6              5688261      0.02222034
7              1332766      0.00262558
8              1302748      0.00337334
9               273176      0.00055716
10              160021      0.00034440
11               27284      0.00004557
12                6978      0.00000973
13                 414      0.00000023
14                  58      0.00000000
----------------------------------------
Orbital                        Sum c^2
0                           1.99502592
1                           1.99510773
2                           1.98871659
3                           1.98748331
4                           1.98748331
5                           1.98517064
6                           1.98517064
7                           1.98272630
8                           1.83184125
9                           1.83184125
10                          1.89619786
11                          1.65658755
12                          1.65658755
13                          1.81265329
14                          0.17331857
15                          0.03350728
16                          0.03350728
17                          0.01586880
18                          0.15621955
19                          0.15621955
20                          0.32308773
21                          0.32308773
22                          0.04475950
23                          0.00527123
24                          0.00432485
25                          0.00432485
26                          0.00819837
27                          0.00924712
28                          0.00924712
29                          0.00465603
30                          0.00302528
31                          0.01401381
32                          0.01401381
33                          0.00470289
34                          0.00470289
35                          0.00233557
36                          0.00233557
37                          0.00472668
38                          0.00472668
39                          0.00251399
40                          0.00449451
41                          0.00217894
42                          0.00217894
43                          0.00159078
44                          0.00159078
45                          0.00084447
46                          0.00052424
47                          0.00004274
48                          0.00004274
49                          0.00461605
Sum orbitals c^2: 28.00000000
----------------------------------------
Most important dets:
Excite Lv         Coef      Det (Reordered orb)
0           0.69910798      |  0  1  2  3  4  5  6  7  8  9 10 11 12 13 |  0  1  2  3  4  5  6  7  8  9 10 11 12 13 |
2          -0.20110746      |  0  1  2  3  4  5  6  7  8  9 10 12 13 21 |  0  1  2  3  4  5  6  7  8  9 10 12 13 21 |
2          -0.20110746      |  0  1  2  3  4  5  6  7  8  9 10 11 13 20 |  0  1  2  3  4  5  6  7  8  9 10 11 13 20 |
2           0.16130158      |  0  1  2  3  4  5  6  7  8  9 10 11 13 20 |  0  1  2  3  4  5  6  7  8  9 10 12 13 21 |
2           0.12299501      |  0  1  2  3  4  5  6  7  8  9 10 12 13 20 |  0  1  2  3  4  5  6  7  8  9 10 11 13 21 |
2          -0.10256526      |  0  1  2  3  4  5  6  7  8  9 10 11 12 14 |  0  1  2  3  4  5  6  7  8  9 10 11 12 14 |
4           0.09673094      |  0  1  2  3  4  5  6  7  8  9 10 13 20 21 |  0  1  2  3  4  5  6  7  8  9 10 13 20 21 |
2           0.09194506      |  0  1  2  3  4  5  6  7  8  9 11 12 13 15 |  0  1  2  3  4  5  6  7  8  9 11 12 13 16 |
2           0.09096084      |  0  1  2  3  4  5  6  7  8 10 11 12 13 18 |  0  1  2  3  4  5  6  7  9 10 11 12 13 19 |
2           0.08801229      |  0  1  2  3  4  5  6  7  8  9 10 11 12 14 |  0  1  2  3  4  5  6  7  9 10 11 12 13 19 |
2          -0.08801229      |  0  1  2  3  4  5  6  7  8  9 10 11 12 14 |  0  1  2  3  4  5  6  7  8 10 11 12 13 18 |
2          -0.08549985      |  0  1  2  3  4  5  6  7  9 10 11 12 13 19 |  0  1  2  3  4  5  6  7  8  9 10 11 13 20 |
2          -0.08549985      |  0  1  2  3  4  5  6  7  8 10 11 12 13 18 |  0  1  2  3  4  5  6  7  8  9 10 12 13 21 |
2           0.08455096      |  0  1  2  3  4  5  6  7  8  9 10 11 12 14 |  0  1  2  3  4  5  6  7  8  9 10 11 13 20 |
2          -0.08455096      |  0  1  2  3  4  5  6  7  8  9 10 11 12 14 |  0  1  2  3  4  5  6  7  8  9 10 12 13 21 |
2          -0.08332966      |  0  1  2  3  4  5  6  7  9 10 11 12 13 19 |  0  1  2  3  4  5  6  7  9 10 11 12 13 19 |
2          -0.08332966      |  0  1  2  3  4  5  6  7  8 10 11 12 13 18 |  0  1  2  3  4  5  6  7  8 10 11 12 13 18 |
2           0.08307217      |  0  1  2  3  4  5  6  7  8 10 11 12 13 18 |  0  1  2  3  4  5  6  7  8  9 10 11 13 20 |
2           0.08307217      |  0  1  2  3  4  5  6  7  9 10 11 12 13 19 |  0  1  2  3  4  5  6  7  8  9 10 12 13 21 |
2           0.07359748      |  0  1  2  3  4  5  6  7  8  9 10 11 13 14 |  0  1  2  3  4  5  6  7  8  9 10 11 12 20 |
----------------------------------------
HF energy: -2098.5253574617 Ha
Variational energy: -2099.8641717696 Ha
END OF eps_var 5.00e-05 << variation [2.8/28.9]GB [10.069/10.069/16.885]s

BEG OF eps_var 3.00e-05 << variation [2.8/28.9]GB [0.001/0.000/16.885]s
Loaded 27,104,511 dets from: wf_eps1_3.00e-05.dat
Effect dets (without time sym): 54,192,123
----------------------------------------
Excite Lv       # dets         Sum c^2
0                    1      0.47461584
1                  190      0.00263074
2                81288      0.35249360
3              2675106      0.01384401
4             19067691      0.11612997
5             10014184      0.00869686
6             14103258      0.02382863
7              3524472      0.00297275
8              3323043      0.00368288
9               807942      0.00064463
10              466310      0.00039132
11               98288      0.00005527
12               28363      0.00001310
13                1428      0.00000040
14                 559      0.00000002
----------------------------------------
Orbital                        Sum c^2
0                           1.99487161
1                           1.99493950
2                           1.98833947
3                           1.98708142
4                           1.98708142
5                           1.98473860
6                           1.98473860
7                           1.98222268
8                           1.82646187
9                           1.82646187
10                          1.88671928
11                          1.64439061
12                          1.64439061
13                          1.80667885
14                          0.17779841
15                          0.03639536
16                          0.03639536
17                          0.01708185
18                          0.16068227
19                          0.16068227
20                          0.33349158
21                          0.33349158
22                          0.04907247
23                          0.00576442
24                          0.00467508
25                          0.00467508
26                          0.00868261
27                          0.00963686
28                          0.00963686
29                          0.00478622
30                          0.00318965
31                          0.01469023
32                          0.01469023
33                          0.00484123
34                          0.00484123
35                          0.00240817
36                          0.00240817
37                          0.00505564
38                          0.00505564
39                          0.00259265
40                          0.00478305
41                          0.00233943
42                          0.00233943
43                          0.00178093
44                          0.00178093
45                          0.00101147
46                          0.00055595
47                          0.00005492
48                          0.00005492
49                          0.00473727
Sum orbitals c^2: 28.00000000
----------------------------------------
Most important dets:
Excite Lv         Coef      Det (Reordered orb)
0           0.68892368      |  0  1  2  3  4  5  6  7  8  9 10 11 12 13 |  0  1  2  3  4  5  6  7  8  9 10 11 12 13 |
2          -0.20257098      |  0  1  2  3  4  5  6  7  8  9 10 12 13 21 |  0  1  2  3  4  5  6  7  8  9 10 12 13 21 |
2          -0.20257098      |  0  1  2  3  4  5  6  7  8  9 10 11 13 20 |  0  1  2  3  4  5  6  7  8  9 10 11 13 20 |
2           0.15864328      |  0  1  2  3  4  5  6  7  8  9 10 11 13 20 |  0  1  2  3  4  5  6  7  8  9 10 12 13 21 |
2           0.12994513      |  0  1  2  3  4  5  6  7  8  9 10 12 13 20 |  0  1  2  3  4  5  6  7  8  9 10 11 13 21 |
2          -0.10200540      |  0  1  2  3  4  5  6  7  8  9 10 11 12 14 |  0  1  2  3  4  5  6  7  8  9 10 11 12 14 |
4           0.09722210      |  0  1  2  3  4  5  6  7  8  9 10 13 20 21 |  0  1  2  3  4  5  6  7  8  9 10 13 20 21 |
2           0.09343151      |  0  1  2  3  4  5  6  7  8  9 11 12 13 15 |  0  1  2  3  4  5  6  7  8  9 11 12 13 16 |
2           0.08995147      |  0  1  2  3  4  5  6  7  8 10 11 12 13 18 |  0  1  2  3  4  5  6  7  9 10 11 12 13 19 |
2           0.08708229      |  0  1  2  3  4  5  6  7  8  9 10 11 12 14 |  0  1  2  3  4  5  6  7  9 10 11 12 13 19 |
2          -0.08708229      |  0  1  2  3  4  5  6  7  8  9 10 11 12 14 |  0  1  2  3  4  5  6  7  8 10 11 12 13 18 |
2          -0.08469552      |  0  1  2  3  4  5  6  7  9 10 11 12 13 19 |  0  1  2  3  4  5  6  7  8  9 10 11 13 20 |
2          -0.08469552      |  0  1  2  3  4  5  6  7  8 10 11 12 13 18 |  0  1  2  3  4  5  6  7  8  9 10 12 13 21 |
2          -0.08367751      |  0  1  2  3  4  5  6  7  8  9 10 11 12 14 |  0  1  2  3  4  5  6  7  8  9 10 12 13 21 |
2           0.08367751      |  0  1  2  3  4  5  6  7  8  9 10 11 12 14 |  0  1  2  3  4  5  6  7  8  9 10 11 13 20 |
2          -0.08329967      |  0  1  2  3  4  5  6  7  9 10 11 12 13 19 |  0  1  2  3  4  5  6  7  9 10 11 12 13 19 |
2          -0.08329967      |  0  1  2  3  4  5  6  7  8 10 11 12 13 18 |  0  1  2  3  4  5  6  7  8 10 11 12 13 18 |
2           0.08214231      |  0  1  2  3  4  5  6  7  9 10 11 12 13 19 |  0  1  2  3  4  5  6  7  8  9 10 12 13 21 |
2           0.08214231      |  0  1  2  3  4  5  6  7  8 10 11 12 13 18 |  0  1  2  3  4  5  6  7  8  9 10 11 13 20 |
2          -0.07589889      |  0  1  2  3  4  5  6  7  8  9 10 12 13 14 |  0  1  2  3  4  5  6  7  8  9 10 11 12 21 |
----------------------------------------
HF energy: -2098.5253574617 Ha
Variational energy: -2099.8755735620 Ha
END OF eps_var 3.00e-05 << variation [7.0/33.1]GB [23.830/23.830/40.715]s

BEG OF eps_var 2.00e-05 << variation [7.0/33.1]GB [0.001/0.000/40.716]s
Loaded 51,696,477 dets from: wf_eps1_2.00e-05.dat
Effect dets (without time sym): 103,369,849
----------------------------------------
Excite Lv       # dets         Sum c^2
0                    1      0.46377279
1                  192      0.00263144
2                83908      0.35602604
3              3754014      0.01462423
4             31296047      0.12007680
5             21151662      0.00942771
6             29284296      0.02506528
7              7789552      0.00324470
8              6825258      0.00391450
9              1826968      0.00071017
10             1031707      0.00042590
11              241458      0.00006441
12               78288      0.00001546
13                5070      0.00000054
14                1428      0.00000004
----------------------------------------
Orbital                        Sum c^2
0                           1.99476177
1                           1.99481736
2                           1.98806471
3                           1.98678549
4                           1.98678549
5                           1.98442675
6                           1.98442675
7                           1.98186577
8                           1.82222881
9                           1.82222881
10                          1.87980819
11                          1.63496988
12                          1.63496988
13                          1.80188583
14                          0.18140644
15                          0.03846380
16                          0.03846380
17                          0.01801021
18                          0.16421155
19                          0.16421155
20                          0.34158140
21                          0.34158140
22                          0.05223069
23                          0.00615179
24                          0.00495422
25                          0.00495422
26                          0.00904787
27                          0.00991587
28                          0.00991587
29                          0.00487947
30                          0.00331555
31                          0.01517156
32                          0.01517156
33                          0.00493909
34                          0.00493909
35                          0.00246157
36                          0.00246157
37                          0.00530086
38                          0.00530086
39                          0.00265099
40                          0.00500629
41                          0.00246313
42                          0.00246313
43                          0.00193346
44                          0.00193346
45                          0.00115506
46                          0.00058224
47                          0.00006563
48                          0.00006563
49                          0.00482275
Sum orbitals c^2: 28.00000000
----------------------------------------
Most important dets:
Excite Lv         Coef      Det (Reordered orb)
0           0.68100865      |  0  1  2  3  4  5  6  7  8  9 10 11 12 13 |  0  1  2  3  4  5  6  7  8  9 10 11 12 13 |
2          -0.20340678      |  0  1  2  3  4  5  6  7  8  9 10 12 13 21 |  0  1  2  3  4  5  6  7  8  9 10 12 13 21 |
2          -0.20340678      |  0  1  2  3  4  5  6  7  8  9 10 11 13 20 |  0  1  2  3  4  5  6  7  8  9 10 11 13 20 |
2           0.15690581      |  0  1  2  3  4  5  6  7  8  9 10 11 13 20 |  0  1  2  3  4  5  6  7  8  9 10 12 13 21 |
2           0.13513615      |  0  1  2  3  4  5  6  7  8  9 10 12 13 20 |  0  1  2  3  4  5  6  7  8  9 10 11 13 21 |
2          -0.10162259      |  0  1  2  3  4  5  6  7  8  9 10 11 12 14 |  0  1  2  3  4  5  6  7  8  9 10 11 12 14 |
4           0.09770902      |  0  1  2  3  4  5  6  7  8  9 10 13 20 21 |  0  1  2  3  4  5  6  7  8  9 10 13 20 21 |
2           0.09428537      |  0  1  2  3  4  5  6  7  8  9 11 12 13 15 |  0  1  2  3  4  5  6  7  8  9 11 12 13 16 |
2           0.08925009      |  0  1  2  3  4  5  6  7  8 10 11 12 13 18 |  0  1  2  3  4  5  6  7  9 10 11 12 13 19 |
2           0.08644221      |  0  1  2  3  4  5  6  7  8  9 10 11 12 14 |  0  1  2  3  4  5  6  7  9 10 11 12 13 19 |
2          -0.08644221      |  0  1  2  3  4  5  6  7  8  9 10 11 12 14 |  0  1  2  3  4  5  6  7  8 10 11 12 13 18 |
2          -0.08417558      |  0  1  2  3  4  5  6  7  9 10 11 12 13 19 |  0  1  2  3  4  5  6  7  8  9 10 11 13 20 |
2          -0.08417558      |  0  1  2  3  4  5  6  7  8 10 11 12 13 18 |  0  1  2  3  4  5  6  7  8  9 10 12 13 21 |
2          -0.08333815      |  0  1  2  3  4  5  6  7  9 10 11 12 13 19 |  0  1  2  3  4  5  6  7  9 10 11 12 13 19 |
2          -0.08333815      |  0  1  2  3  4  5  6  7  8 10 11 12 13 18 |  0  1  2  3  4  5  6  7  8 10 11 12 13 18 |
2          -0.08311817      |  0  1  2  3  4  5  6  7  8  9 10 11 12 14 |  0  1  2  3  4  5  6  7  8  9 10 12 13 21 |
2           0.08311817      |  0  1  2  3  4  5  6  7  8  9 10 11 12 14 |  0  1  2  3  4  5  6  7  8  9 10 11 13 20 |
2           0.08158965      |  0  1  2  3  4  5  6  7  8 10 11 12 13 18 |  0  1  2  3  4  5  6  7  8  9 10 11 13 20 |
2           0.08158965      |  0  1  2  3  4  5  6  7  9 10 11 12 13 19 |  0  1  2  3  4  5  6  7  8  9 10 12 13 21 |
2           0.07802441      |  0  1  2  3  4  5  6  7  8  9 10 11 13 14 |  0  1  2  3  4  5  6  7  8  9 10 11 12 20 |
----------------------------------------
HF energy: -2098.5253574617 Ha
Variational energy: -2099.8832266642 Ha
END OF eps_var 2.00e-05 << variation [8.4/34.5]GB [34.612/34.612/75.328]s

BEG OF eps_var 1.00e-05 << variation [8.4/34.5]GB [0.001/0.000/75.328]s
Loaded 155,612,655 dets from: wf_eps1_1.00e-05.dat
Effect dets (without time sym): 311,185,789
----------------------------------------
Excite Lv       # dets         Sum c^2
0                    1      0.44699249
1                  192      0.00266168
2                87036      0.36110320
3              6101162      0.01584831
4             68173462      0.12630361
5             69804072      0.01063351
6            100406511      0.02706744
7             30505644      0.00370590
8             23776355      0.00428746
9              7112316      0.00081724
10             3842405      0.00047912
11              986154      0.00007978
12              342813      0.00001936
13               42700      0.00000084
14                4966      0.00000006
----------------------------------------
Orbital                        Sum c^2
0                           1.99459296
1                           1.99462731
2                           1.98764301
3                           1.98633457
4                           1.98633457
5                           1.98394930
6                           1.98394930
7                           1.98132493
8                           1.81533090
9                           1.81533090
10                          1.86908674
11                          1.62032255
12                          1.62032255
13                          1.79414173
14                          0.18717645
15                          0.04149773
16                          0.04149773
17                          0.01945979
18                          0.16997446
19                          0.16997446
20                          0.35417154
21                          0.35417154
22                          0.05736886
23                          0.00677297
24                          0.00542191
25                          0.00542191
26                          0.00962929
27                          0.01033579
28                          0.01033579
29                          0.00502163
30                          0.00352006
31                          0.01588417
32                          0.01588417
33                          0.00508646
34                          0.00508646
35                          0.00254226
36                          0.00254226
37                          0.00568669
38                          0.00568669
39                          0.00273946
40                          0.00537913
41                          0.00266712
42                          0.00266712
43                          0.00217231
44                          0.00217231
45                          0.00140447
46                          0.00062847
47                          0.00008788
48                          0.00008788
49                          0.00494974
Sum orbitals c^2: 28.00000000
----------------------------------------
Most important dets:
Excite Lv         Coef      Det (Reordered orb)
0           0.66857497      |  0  1  2  3  4  5  6  7  8  9 10 11 12 13 |  0  1  2  3  4  5  6  7  8  9 10 11 12 13 |
2          -0.20419737      |  0  1  2  3  4  5  6  7  8  9 10 11 13 20 |  0  1  2  3  4  5  6  7  8  9 10 11 13 20 |
2          -0.20419737      |  0  1  2  3  4  5  6  7  8  9 10 12 13 21 |  0  1  2  3  4  5  6  7  8  9 10 12 13 21 |
2           0.15452784      |  0  1  2  3  4  5  6  7  8  9 10 11 13 20 |  0  1  2  3  4  5  6  7  8  9 10 12 13 21 |
2           0.14227720      |  0  1  2  3  4  5  6  7  8  9 10 12 13 20 |  0  1  2  3  4  5  6  7  8  9 10 11 13 21 |
2          -0.10094646      |  0  1  2  3  4  5  6  7  8  9 10 11 12 14 |  0  1  2  3  4  5  6  7  8  9 10 11 12 14 |
4           0.09828853      |  0  1  2  3  4  5  6  7  8  9 10 13 20 21 |  0  1  2  3  4  5  6  7  8  9 10 13 20 21 |
2           0.09515180      |  0  1  2  3  4  5  6  7  8  9 11 12 13 15 |  0  1  2  3  4  5  6  7  8  9 11 12 13 16 |
2           0.08816271      |  0  1  2  3  4  5  6  7  8 10 11 12 13 18 |  0  1  2  3  4  5  6  7  9 10 11 12 13 19 |
2          -0.08547249      |  0  1  2  3  4  5  6  7  8  9 10 11 12 14 |  0  1  2  3  4  5  6  7  8 10 11 12 13 18 |
2           0.08547249      |  0  1  2  3  4  5  6  7  8  9 10 11 12 14 |  0  1  2  3  4  5  6  7  9 10 11 12 13 19 |
2          -0.08356521      |  0  1  2  3  4  5  6  7  9 10 11 12 13 19 |  0  1  2  3  4  5  6  7  8  9 10 11 13 20 |
2          -0.08356521      |  0  1  2  3  4  5  6  7  8 10 11 12 13 18 |  0  1  2  3  4  5  6  7  8  9 10 12 13 21 |
2          -0.08336262      |  0  1  2  3  4  5  6  7  9 10 11 12 13 19 |  0  1  2  3  4  5  6  7  9 10 11 12 13 19 |
2          -0.08336262      |  0  1  2  3  4  5  6  7  8 10 11 12 13 18 |  0  1  2  3  4  5  6  7  8 10 11 12 13 18 |
2           0.08247917      |  0  1  2  3  4  5  6  7  8  9 10 11 12 14 |  0  1  2  3  4  5  6  7  8  9 10 11 13 20 |
2          -0.08247917      |  0  1  2  3  4  5  6  7  8  9 10 11 12 14 |  0  1  2  3  4  5  6  7  8  9 10 12 13 21 |
2           0.08116717      |  0  1  2  3  4  5  6  7  8  9 10 11 13 14 |  0  1  2  3  4  5  6  7  8  9 10 11 12 20 |
2          -0.08116717      |  0  1  2  3  4  5  6  7  8  9 10 12 13 14 |  0  1  2  3  4  5  6  7  8  9 10 11 12 21 |
2           0.08099910      |  0  1  2  3  4  5  6  7  8 10 11 12 13 18 |  0  1  2  3  4  5  6  7  8  9 10 11 13 20 |
----------------------------------------
HF energy: -2098.5253574617 Ha
Variational energy: -2099.8938958861 Ha
END OF eps_var 1.00e-05 << variation [21.6/47.7]GB [110.924/110.924/186.251]s

BEG OF eps_var 5.00e-06 << variation [21.6/47.7]GB [0.001/0.000/186.251]s

BEG OF main << eps_var 5.00e-06 << variation [21.6/47.7]GB [0.005/0.000/186.257]s

BEG OF #1 << main << eps_var 5.00e-06 << variation [22.8/48.9]GB [0.376/0.001/186.633]s
20% 40% 60% 80% 100% 
Number of dets / new dets: 424,330,101 / 268,717,446
END OF get next det list [93.7/119.7]GB [810.439/810.439/997.071]s
END OF update unique ab [112.9/138.9]GB [938.388/1748.827/1935.459]s
END OF create abm1 [122.8/148.9]GB [688.842/2437.668/2624.300]s
Outer size of a/b singles: 16,821,993 / 0
Full size of absingles: 1,619,630,172
END OF create absingles [143.1/169.1]GB [410.258/2847.925/3034.557]s
10% 20% 30% 40% 50% 60% 70% 80% 90% 100% 
Number of nonzero elems: 244,989,925,363
END OF generate sparse hamiltonian [1464.5/1490.6]GB [62415.277/65263.201/65449.833]s
Davidson #0: -2099.8938958852
Davidson #1: -2099.9008950444
Davidson #2: -2099.9012079902
Davidson #3: -2099.9012657892
Davidson #4: -2099.9012949450
Davidson #5: -2099.9013070314
Davidson #6: -2099.9013204319
Davidson #7: -2099.9013339976
Davidson #8: -2099.9013442899
END OF diagonalize sparse hamiltonian [1514.9/1540.9]GB [2311.775/67574.975/67761.607]s
Iteration 1 eps1= 5.00e-06 ndets= 424,330,101 energy= -2099.90134429
END OF #1 << main << eps_var 5.00e-06 << variation [1514.9/1540.9]GB [0.001/67574.975/67761.607]s

BEG OF #2 << main << eps_var 5.00e-06 << variation [1514.9/1540.9]GB [0.856/0.001/67762.463]s
20% 40% 60% 80% 100% 
Number of dets / new dets: 450,226,439 / 25,896,338
END OF get next det list [1553.3/1579.3]GB [714.723/714.723/68477.185]s
END OF update unique ab [1553.3/1579.4]GB [115.344/830.066/68592.529]s
END OF create abm1 [1553.3/1579.4]GB [110.215/940.280/68702.743]s
Outer size of a/b singles: 17,593,161 / 0
Full size of absingles: 1,242,218,666
END OF create absingles [1553.8/1579.9]GB [58.692/998.971/68761.434]s
10% 20% 30% 40% 50% 60% 70% 80% 90% 100% 
Number of nonzero elems: 261,590,629,953
END OF generate sparse hamiltonian [1577.1/1603.2]GB [28816.788/29815.758/97578.221]s
Davidson #0: -2099.9013442900
Davidson #1: -2099.9017323365
Davidson #2: -2099.9017499650
Davidson #3: -2099.9017553907
Davidson #4: -2099.9017584836
Davidson #5: -2099.9017599189
Davidson #6: -2099.9017621162
Davidson #7: -2099.9017651661
Davidson #8: -2099.9017689791
END OF diagonalize sparse hamiltonian [1630.6/1656.7]GB [2162.546/31978.304/99740.767]s
Iteration 2 eps1= 5.00e-06 ndets= 450,226,439 energy= -2099.90176898
END OF #2 << main << eps_var 5.00e-06 << variation [1630.6/1656.7]GB [0.001/31978.304/99740.767]s

BEG OF #3 << main << eps_var 5.00e-06 << variation [1630.6/1656.7]GB [0.901/0.001/99741.668]s
20% 40% 60% 80% 100% 
Number of dets / new dets: 457,016,821 / 6,790,382
END OF get next det list [1669.8/1695.8]GB [849.414/849.414/100591.081]s
END OF update unique ab [1669.8/1695.9]GB [36.393/885.806/100627.473]s
END OF create abm1 [1669.8/1695.9]GB [45.892/931.698/100673.365]s
Outer size of a/b singles: 17,871,393 / 0
Full size of absingles: 875,125,922
END OF create absingles [1669.9/1695.9]GB [24.968/956.665/100698.333]s
10% 20% 30% 40% 50% 60% 70% 80% 90% 100% 
Number of nonzero elems: 265,992,497,691
END OF generate sparse hamiltonian [1673.5/1699.6]GB [7801.786/8758.450/108500.117]s
Davidson #0: -2099.9017689792
Davidson #1: -2099.9018637522
Davidson #2: -2099.9018671310
Davidson #3: -2099.9018680205
Davidson #4: -2099.9018684969
Davidson #5: -2099.9018687058
Davidson #6: -2099.9018690806
Davidson #7: -2099.9018698165
Davidson #8: -2099.9018707301
END OF diagonalize sparse hamiltonian [1677.9/1704.0]GB [2295.841/11054.291/110795.958]s
Iteration 3 eps1= 5.00e-06 ndets= 457,016,821 energy= -2099.90187073
END OF #3 << main << eps_var 5.00e-06 << variation [1677.9/1704.0]GB [0.001/11054.291/110795.958]s

BEG OF #4 << main << eps_var 5.00e-06 << variation [1677.9/1704.0]GB [0.016/0.000/110795.974]s
20% 40% 60% 80% 100% 
Number of dets / new dets: 459,100,702 / 2,083,881
END OF get next det list [1721.0/1747.1]GB [409.235/409.235/111205.209]s
END OF update unique ab [1721.0/1747.1]GB [20.933/430.167/111226.141]s
END OF create abm1 [1721.0/1747.1]GB [19.967/450.133/111246.107]s
Outer size of a/b singles: 17,982,311 / 0
Full size of absingles: 545,527,830
END OF create absingles [1721.0/1747.1]GB [13.036/463.168/111259.141]s
10% 20% 30% 40% 50% 60% 70% 80% 90% 100% 
Number of nonzero elems: 267,330,780,310
END OF generate sparse hamiltonian [1723.7/1749.7]GB [3409.775/3872.942/114668.916]s
Davidson #0: -2099.9018707305
Davidson #1: -2099.9018998833
Davidson #2: -2099.9019005502
Davidson #3: -2099.9019007437
Davidson #4: -2099.9019008288
Davidson #5: -2099.9019008591
Davidson #6: -2099.9019009066
Davidson #7: -2099.9019010013
Davidson #8: -2099.9019011116
END OF diagonalize sparse hamiltonian [1724.7/1750.8]GB [1957.735/5830.677/116626.651]s
Iteration 4 eps1= 5.00e-06 ndets= 459,100,702 energy= -2099.90190111
END OF #4 << main << eps_var 5.00e-06 << variation [1724.7/1750.8]GB [0.001/5830.677/116626.651]s

BEG OF #5 << main << eps_var 5.00e-06 << variation [1724.7/1750.8]GB [0.004/0.000/116626.655]s
20% 40% 60% 80% 100% 
Number of dets / new dets: 459,718,891 / 618,189
END OF get next det list [1767.9/1794.0]GB [265.672/265.672/116892.326]s
END OF update unique ab [1768.1/1794.1]GB [12.610/278.281/116904.936]s
END OF create abm1 [1768.1/1794.1]GB [7.083/285.364/116912.018]s
Outer size of a/b singles: 18,015,768 / 0
Full size of absingles: 287,138,528
END OF create absingles [1768.1/1794.2]GB [5.959/291.322/116917.977]s
10% 20% 30% 40% 50% 60% 70% 80% 90% 100% 
Number of nonzero elems: 267,722,427,849
END OF generate sparse hamiltonian [1769.1/1795.1]GB [2558.368/2849.690/119476.344]s
Davidson #0: -2099.9019011114
Davidson #1: -2099.9019096671
Davidson #2: -2099.9019098598
Davidson #3: -2099.9019099152
Davidson #4: -2099.9019099349
Davidson #5: -2099.9019099419
Davidson #6: -2099.9019099527
Davidson #7: -2099.9019099744
Davidson #8: -2099.9019099962
END OF diagonalize sparse hamiltonian [1769.3/1795.3]GB [1729.838/4579.527/121206.181]s
Iteration 5 eps1= 5.00e-06 ndets= 459,718,891 energy= -2099.90191000
END OF #5 << main << eps_var 5.00e-06 << variation [1769.3/1795.3]GB [0.001/4579.527/121206.182]s

BEG OF #6 << main << eps_var 5.00e-06 << variation [1769.3/1795.3]GB [0.002/0.000/121206.183]s
20% 40% 60% 80% 100% 
Number of dets / new dets: 459,912,341 / 193,450
END OF get next det list [1798.1/1824.1]GB [162.408/162.408/121368.590]s
END OF update unique ab [1798.2/1824.3]GB [7.886/170.293/121376.476]s
END OF create abm1 [1798.2/1824.3]GB [2.929/173.221/121379.404]s
Outer size of a/b singles: 18,026,917 / 0
Full size of absingles: 131,459,200
END OF create absingles [1798.7/1824.7]GB [3.479/176.699/121382.882]s
10% 20% 30% 40% 50% 60% 70% 80% 90% 100% 
Number of nonzero elems: 267,842,013,057
END OF generate sparse hamiltonian [1799.6/1825.7]GB [2352.692/2529.389/123735.572]s
Davidson #0: -2099.9019099960
Davidson #1: -2099.9019126737
Davidson #2: -2099.9019127199
Davidson #3: -2099.9019127363
Davidson #4: -2099.9019127414
Davidson #5: -2099.9019127436
Davidson #6: -2099.9019127469
Davidson #7: -2099.9019127521
Davidson #8: -2099.9019127587
END OF diagonalize sparse hamiltonian [1799.4/1825.5]GB [1703.460/4232.849/125439.032]s
Iteration 6 eps1= 5.00e-06 ndets= 459,912,341 energy= -2099.90191276
END OF #6 << main << eps_var 5.00e-06 << variation [1799.4/1825.5]GB [0.001/4232.849/125439.032]s

BEG OF #7 << main << eps_var 5.00e-06 << variation [1799.4/1825.5]GB [0.001/0.000/125439.032]s
Davidson #0: -2099.9019127595
Davidson #1: -2099.9019127628
Davidson #2: -2099.9019127646
Davidson #3: -2099.9019127660
Davidson #4: -2099.9019127666
Davidson #5: -2099.9019127664
Davidson #6: -2099.9019127670
Davidson #7: -2099.9019127678
Davidson #8: -2099.9019127689
END OF diagonalize sparse hamiltonian [1799.9/1826.0]GB [1641.611/1641.611/127080.643]s
Iteration 7 eps1= 5.00e-06 ndets= 459,912,341 energy= -2099.90191277
END OF #7 << main << eps_var 5.00e-06 << variation [1799.9/1826.0]GB [0.001/1641.612/127080.644]s

BEG OF #8 << main << eps_var 5.00e-06 << variation [1799.9/1826.0]GB [0.000/0.000/127080.644]s
Davidson #0: -2099.9019127683
Davidson #1: -2099.9019127691
Davidson #2: -2099.9019127695
Davidson #3: -2099.9019127698
Davidson #4: -2099.9019127699
Davidson #5: -2099.9019127708
Davidson #6: -2099.9019127710
Davidson #7: -2099.9019127712
Davidson #8: -2099.9019127715
END OF diagonalize sparse hamiltonian [1800.3/1826.4]GB [1711.040/1711.040/128791.684]s
Iteration 8 eps1= 5.00e-06 ndets= 459,912,341 energy= -2099.90191277
END OF #8 << main << eps_var 5.00e-06 << variation [1800.3/1826.4]GB [0.001/1711.040/128791.684]s

BEG OF #9 << main << eps_var 5.00e-06 << variation [1800.3/1826.4]GB [0.000/0.000/128791.684]s
Davidson #0: -2099.9019127717
Davidson #1: -2099.9019127719
Davidson #2: -2099.9019127720
Davidson #3: -2099.9019127721
Davidson #4: -2099.9019127722
Davidson #5: -2099.9019127723
Davidson #6: -2099.9019127723
Davidson #7: -2099.9019127724
Davidson #8: -2099.9019127725
END OF diagonalize sparse hamiltonian [1801.6/1827.6]GB [1660.330/1660.330/130452.014]s
Iteration 9 eps1= 5.00e-06 ndets= 459,912,341 energy= -2099.90191277
END OF #9 << main << eps_var 5.00e-06 << variation [1801.6/1827.6]GB [0.001/1660.330/130452.014]s

BEG OF #10 << main << eps_var 5.00e-06 << variation [1801.6/1827.6]GB [0.000/0.000/130452.014]s
Davidson #0: -2099.9019127720
Davidson #1: -2099.9019127721
Davidson #2: -2099.9019127722
Davidson #3: -2099.9019127722
Davidson #4: -2099.9019127722
Davidson #5: -2099.9019127720
Davidson #6: -2099.9019127720
Davidson #7: -2099.9019127720
Davidson #8: -2099.9019127720
END OF diagonalize sparse hamiltonian [1801.5/1827.6]GB [2050.047/2050.047/132502.061]s
Iteration 10 eps1= 5.00e-06 ndets= 459,912,341 energy= -2099.90191277
END OF #10 << main << eps_var 5.00e-06 << variation [1801.5/1827.6]GB [0.001/2050.047/132502.061]s

BEG OF #11 << main << eps_var 5.00e-06 << variation [1801.5/1827.6]GB [0.000/0.000/132502.061]s
Davidson #0: -2099.9019127721
Davidson #1: -2099.9019127721
Davidson #2: -2099.9019127721
Davidson #3: -2099.9019127721
Davidson #4: -2099.9019127721
Davidson #5: -2099.9019127727
Davidson #6: -2099.9019127727
Davidson #7: -2099.9019127727
Davidson #8: -2099.9019127727
END OF diagonalize sparse hamiltonian [1802.0/1828.1]GB [2022.977/2022.977/134525.037]s
Iteration 11 eps1= 5.00e-06 ndets= 459,912,341 energy= -2099.90191277
END OF #11 << main << eps_var 5.00e-06 << variation [1802.0/1828.1]GB [0.001/2022.977/134525.038]s

BEG OF #12 << main << eps_var 5.00e-06 << variation [1802.0/1828.1]GB [0.000/0.000/134525.038]s
Davidson #0: -2099.9019127714
Davidson #1: -2099.9019127714
Davidson #2: -2099.9019127715
Davidson #3: -2099.9019127715
Davidson #4: -2099.9019127715
Davidson #5: -2099.9019127719
Davidson #6: -2099.9019127719
Davidson #7: -2099.9019127719
Davidson #8: -2099.9019127719
END OF diagonalize sparse hamiltonian [1802.7/1828.8]GB [2016.875/2016.875/136541.913]s
Iteration 12 eps1= 5.00e-06 ndets= 459,912,341 energy= -2099.90191277
END OF #12 << main << eps_var 5.00e-06 << variation [1802.7/1828.8]GB [0.001/2016.876/136541.913]s

BEG OF #13 << main << eps_var 5.00e-06 << variation [1802.7/1828.8]GB [0.000/0.000/136541.913]s
Davidson #0: -2099.9019127723
Davidson #1: -2099.9019127723
Davidson #2: -2099.9019127723
Davidson #3: -2099.9019127723
Davidson #4: -2099.9019127723
Davidson #5: -2099.9019127722
Davidson #6: -2099.9019127722
Davidson #7: -2099.9019127722
Davidson #8: -2099.9019127722
END OF diagonalize sparse hamiltonian [1804.0/1830.1]GB [2088.104/2088.104/138630.018]s
Iteration 13 eps1= 5.00e-06 ndets= 459,912,341 energy= -2099.90191277
END OF #13 << main << eps_var 5.00e-06 << variation [1804.0/1830.1]GB [0.004/2088.105/138630.018]s

BEG OF #14 << main << eps_var 5.00e-06 << variation [1804.0/1830.1]GB [0.000/0.000/138630.018]s
Davidson #0: -2099.9019127720
Davidson #1: -2099.9019127720
Davidson #2: -2099.9019127720
Davidson #3: -2099.9019127720
Davidson #4: -2099.9019127720
Davidson #5: -2099.9019127720
Davidson #6: -2099.9019127720
Davidson #7: -2099.9019127720
Davidson #8: -2099.9019127720
END OF diagonalize sparse hamiltonian [1803.9/1830.0]GB [2020.336/2020.336/140650.353]s
Iteration 14 eps1= 5.00e-06 ndets= 459,912,341 energy= -2099.90191277
END OF #14 << main << eps_var 5.00e-06 << variation [1803.9/1830.0]GB [0.001/2020.336/140650.354]s

BEG OF #15 << main << eps_var 5.00e-06 << variation [1803.9/1830.0]GB [0.000/0.000/140650.354]s
Davidson #0: -2099.9019127736
Davidson #1: -2099.9019127736
Davidson #2: -2099.9019127736
Davidson #3: -2099.9019127736
Davidson #4: -2099.9019127736
Davidson #5: -2099.9019127725
Davidson #6: -2099.9019127725
Davidson #7: -2099.9019127725
END OF diagonalize sparse hamiltonian [1804.3/1830.4]GB [1859.340/1859.340/142509.693]s
Iteration 15 eps1= 5.00e-06 ndets= 459,912,341 energy= -2099.90191277
END OF #15 << main << eps_var 5.00e-06 << variation [1804.3/1830.4]GB [0.001/1859.340/142509.694]s
Final iteration 15 eps1= 5.00e-06 ndets= 459,912,341 energy= -2099.90191277
Effect dets (without time sym): 919,756,926
----------------------------------------
Excite Lv       # dets         Sum c^2
0                    1      0.43320324
1                  192      0.00271199
2                88664      0.36467076
3              8851368      0.01685505
4            134985978      0.13162004
5            205850518      0.01171734
6            321253825      0.02888049
7            116819470      0.00414391
8             85831741      0.00463384
9             26815224      0.00091867
10            13823303      0.00052648
11             3869238      0.00009409
12             1323440      0.00002284
13              221832      0.00000119
14               22132      0.00000008
----------------------------------------
Orbital                        Sum c^2
0                           1.99444888
1                           1.99446356
2                           1.98728734
3                           1.98595415
4                           1.98595415
5                           1.98355159
6                           1.98355159
7                           1.98087770
8                           1.80924042
9                           1.80924042
10                          1.85950311
11                          1.60834993
12                          1.60834993
13                          1.78732220
14                          0.19219186
15                          0.04397181
16                          0.04397181
17                          0.02071101
18                          0.17504667
19                          0.17504667
20                          0.36443175
21                          0.36443175
22                          0.06223308
23                          0.00732746
24                          0.00585547
25                          0.00585547
26                          0.01013197
27                          0.01068172
28                          0.01068172
29                          0.00514058
30                          0.00370577
31                          0.01645436
32                          0.01645436
33                          0.00521185
34                          0.00521185
35                          0.00261017
36                          0.00261017
37                          0.00601169
38                          0.00601169
39                          0.00281455
40                          0.00571595
41                          0.00285037
42                          0.00285037
43                          0.00238767
44                          0.00238767
45                          0.00164691
46                          0.00067424
47                          0.00011368
48                          0.00011368
49                          0.00505660
Sum orbitals c^2: 28.00000000
----------------------------------------
Most important dets:
Excite Lv         Coef      Det (Reordered orb)
0           0.65818176      |  0  1  2  3  4  5  6  7  8  9 10 11 12 13 |  0  1  2  3  4  5  6  7  8  9 10 11 12 13 |
2          -0.20426884      |  0  1  2  3  4  5  6  7  8  9 10 12 13 21 |  0  1  2  3  4  5  6  7  8  9 10 12 13 21 |
2          -0.20426884      |  0  1  2  3  4  5  6  7  8  9 10 11 13 20 |  0  1  2  3  4  5  6  7  8  9 10 11 13 20 |
2           0.15264969      |  0  1  2  3  4  5  6  7  8  9 10 11 13 20 |  0  1  2  3  4  5  6  7  8  9 10 12 13 21 |
2           0.14728529      |  0  1  2  3  4  5  6  7  8  9 10 12 13 20 |  0  1  2  3  4  5  6  7  8  9 10 11 13 21 |
2          -0.10026504      |  0  1  2  3  4  5  6  7  8  9 10 11 12 14 |  0  1  2  3  4  5  6  7  8  9 10 11 12 14 |
4           0.09851824      |  0  1  2  3  4  5  6  7  8  9 10 13 20 21 |  0  1  2  3  4  5  6  7  8  9 10 13 20 21 |
2           0.09565127      |  0  1  2  3  4  5  6  7  8  9 11 12 13 15 |  0  1  2  3  4  5  6  7  8  9 11 12 13 16 |
2           0.08717332      |  0  1  2  3  4  5  6  7  8 10 11 12 13 18 |  0  1  2  3  4  5  6  7  9 10 11 12 13 19 |
2           0.08461449      |  0  1  2  3  4  5  6  7  8  9 10 11 12 14 |  0  1  2  3  4  5  6  7  9 10 11 12 13 19 |
2          -0.08461449      |  0  1  2  3  4  5  6  7  8  9 10 11 12 14 |  0  1  2  3  4  5  6  7  8 10 11 12 13 18 |
2           0.08350787      |  0  1  2  3  4  5  6  7  8  9 10 11 13 14 |  0  1  2  3  4  5  6  7  8  9 10 11 12 20 |
2          -0.08350787      |  0  1  2  3  4  5  6  7  8  9 10 12 13 14 |  0  1  2  3  4  5  6  7  8  9 10 11 12 21 |
2          -0.08327477      |  0  1  2  3  4  5  6  7  9 10 11 12 13 19 |  0  1  2  3  4  5  6  7  9 10 11 12 13 19 |
2          -0.08327477      |  0  1  2  3  4  5  6  7  8 10 11 12 13 18 |  0  1  2  3  4  5  6  7  8 10 11 12 13 18 |
2          -0.08313796      |  0  1  2  3  4  5  6  7  9 10 11 12 13 19 |  0  1  2  3  4  5  6  7  8  9 10 11 13 20 |
2          -0.08313796      |  0  1  2  3  4  5  6  7  8 10 11 12 13 18 |  0  1  2  3  4  5  6  7  8  9 10 12 13 21 |
2          -0.08227432      |  0  1  2  3  4  5  6  7  8  9 10 11 13 19 |  0  1  2  3  4  5  6  7  9 10 11 12 13 20 |
2          -0.08227432      |  0  1  2  3  4  5  6  7  8  9 10 12 13 18 |  0  1  2  3  4  5  6  7  8 10 11 12 13 21 |
2           0.08205572      |  0  1  2  3  4  5  6  7  8  9 10 11 12 14 |  0  1  2  3  4  5  6  7  8  9 10 11 13 20 |
----------------------------------------
END OF main << eps_var 5.00e-06 << variation [1804.4/1830.4]GB [101.950/142425.387/142611.644]s
Variational results saved to: wf_eps1_5.00e-06.dat
END OF eps_var 5.00e-06 << variation [1805.5/1831.6]GB [28.662/142454.054/142640.305]s
END OF variation [1804.1/1830.1]GB [312.396/142950.860/142952.700]s

BEG OF post variation [1804.1/1830.1]GB [0.001/0.000/142952.700]s
END OF post variation [1804.1/1830.1]GB [0.001/0.001/142952.701]s
