l[033,040]
80
Semistochastic Heat-bath Configuration Interation (SHCI)

Start time: Sun Nov 25 03:59:59 2018
Infrastructure: 2 nodes * 80 threads
Configuration:
{
  "chem": {
    "irrep_occs_dn": [
      4,
      2,
      1,
      2,
      1,
      2,
      1,
      0,
      1,
      0
    ],
    "irrep_occs_up": [
      4,
      2,
      1,
      2,
      1,
      2,
      1,
      0,
      1,
      0
    ],
    "irreps": [
      1,
      2,
      3,
      4,
      5,
      6,
      7,
      8,
      9,
      10
    ],
    "point_group": "dih"
  },
  "eps_vars": [
    0.0001,
    5e-05,
    3e-05,
    2e-05,
    1e-05,
    5e-06
  ],
  "eps_vars_schedule": [
    0.005,
    0.005,
    0.005,
    0.003,
    0.003,
    0.003,
    0.002,
    0.002,
    0.002,
    0.001,
    0.001,
    0.001,
    0.0005,
    0.0005,
    0.0005,
    0.0003,
    0.0003,
    0.0003,
    0.0002,
    0.0002,
    0.0002
  ],
  "n_dn": 14,
  "n_up": 14,
  "system": "chem",
  "time_sym": true,
  "var_only": true
}
Timing format: [DIFF/SECTION/TOTAL]

BEG OF setup [0.0/128.2]GB [0.004/0.004/0.004]s

BEG OF load integrals << setup [18446744073.7/128.2]GB [0.009/0.002/0.009]s
n_orbs: 76
n_elecs (from FCIDUMP): 28
orb_sym: 1 2 1 -6 6 5 -5 2 1 -6 6 1 -7 7 8 -8 2 5 -5 2 6 -6 1 -7 7 6 -6 1 6 -6 -7 7 1 -10 10 2 8 -8 5 -5 1 9 -9 5 -5 2 8 -8 2 6 -6 5 -5 1 -7 7 1 2 6 -6 5 -5 2 2 -8 8 1 1 5 -5 -6 6 2 5 -5 2 
Convert to Adam's notation:
1 2 1 6 4 3 5 2 1 6 4 1 9 7 8 10 2 3 5 2 4 6 1 9 7 4 6 1 4 6 9 7 1 14 12 2 8 10 3 5 1 11 13 3 5 2 8 10 2 4 6 3 5 1 9 7 1 2 4 6 3 5 2 2 10 8 1 1 3 5 6 4 2 3 5 2 
END OF load fcidump [0.1/128.3]GB [1.462/1.462/1.469]s
HF det up: 0 1 2 3 4 5 6 7 8 9 10 11 12 13 
HF det dn: 0 1 2 3 4 5 6 7 8 9 10 11 12 13 
Reorder skipped.
Orbitals energy:
#  0: E =  -3.544549238558, sym =  1, origin #  0
#  1: E =  -3.483390782434, sym =  2, origin #  1
#  2: E =  -2.371540686450, sym =  1, origin #  2
#  3: E =  -2.248122990524, sym =  6, origin #  3
#  4: E =  -2.248122990524, sym =  4, origin #  4
#  5: E =  -2.194324011867, sym =  3, origin #  5
#  6: E =  -2.194324011867, sym =  5, origin #  6
#  7: E =  -2.123402167769, sym =  2, origin #  7
#  8: E =  -0.220814161184, sym =  1, origin #  8
#  9: E =  -0.351302931389, sym =  6, origin #  9
# 10: E =  -0.351302931389, sym =  4, origin # 10
# 11: E =  -0.342312417953, sym =  1, origin # 11
# 12: E =  -0.240949447297, sym =  9, origin # 12
# 13: E =  -0.240949447297, sym =  7, origin # 13
# 14: E =   0.153742679706, sym =  8, origin # 14
# 15: E =   0.153742679706, sym = 10, origin # 15
# 16: E =   0.284970592525, sym =  2, origin # 16
# 17: E =   0.275109934544, sym =  3, origin # 17
# 18: E =   0.275109934544, sym =  5, origin # 18
# 19: E =   0.106199704760, sym =  2, origin # 19
# 20: E =   0.162967947108, sym =  4, origin # 20
# 21: E =   0.162967947108, sym =  6, origin # 21
# 22: E =   0.552273349057, sym =  1, origin # 22
# 23: E =   0.912192290037, sym =  9, origin # 23
# 24: E =   0.912192290037, sym =  7, origin # 24
# 25: E =   1.257510549206, sym =  4, origin # 25
# 26: E =   1.257510549206, sym =  6, origin # 26
# 27: E =   1.476278313316, sym =  1, origin # 27
# 28: E =   2.215962827743, sym =  4, origin # 28
# 29: E =   2.215962827743, sym =  6, origin # 29
# 30: E =   2.111544680307, sym =  9, origin # 30
# 31: E =   2.111544680307, sym =  7, origin # 31
# 32: E =   2.563223442368, sym =  1, origin # 32
# 33: E =   2.315627971057, sym = 14, origin # 33
# 34: E =   2.315627971057, sym = 12, origin # 34
# 35: E =   1.141699666333, sym =  2, origin # 35
# 36: E =   1.365354359582, sym =  8, origin # 36
# 37: E =   1.365354359582, sym = 10, origin # 37
# 38: E =   0.589427472335, sym =  3, origin # 38
# 39: E =   0.589427472335, sym =  5, origin # 39
# 40: E =   1.304137591622, sym =  1, origin # 40
# 41: E =   2.525656601365, sym = 11, origin # 41
# 42: E =   2.525656601365, sym = 13, origin # 42
# 43: E =   3.595519119476, sym =  3, origin # 43
# 44: E =   3.595519119476, sym =  5, origin # 44
# 45: E =   3.209930902174, sym =  2, origin # 45
# 46: E =   2.946106592226, sym =  8, origin # 46
# 47: E =   2.946106592226, sym = 10, origin # 47
# 48: E =   1.745592596176, sym =  2, origin # 48
# 49: E =   0.550408290114, sym =  4, origin # 49
# 50: E =   0.550408290114, sym =  6, origin # 50
# 51: E =   1.897046440853, sym =  3, origin # 51
# 52: E =   1.897046440853, sym =  5, origin # 52
# 53: E =   0.595355061268, sym =  1, origin # 53
# 54: E =   0.698016737344, sym =  9, origin # 54
# 55: E =   0.698016737344, sym =  7, origin # 55
# 56: E =   0.659564191066, sym =  1, origin # 56
# 57: E =   2.749520012476, sym =  2, origin # 57
# 58: E =   0.534758359326, sym =  4, origin # 58
# 59: E =   0.534758359326, sym =  6, origin # 59
# 60: E =   1.000196316666, sym =  3, origin # 60
# 61: E =   1.000196316666, sym =  5, origin # 61
# 62: E =   0.953862603554, sym =  2, origin # 62
# 63: E =   3.757272908540, sym =  2, origin # 63
# 64: E =   0.466711609906, sym = 10, origin # 64
# 65: E =   0.466711609906, sym =  8, origin # 65
# 66: E =   0.719481009417, sym =  1, origin # 66
# 67: E =   0.165447784399, sym =  1, origin # 67
# 68: E =   0.910758493453, sym =  3, origin # 68
# 69: E =   0.910758493453, sym =  5, origin # 69
# 70: E =   0.312859060364, sym =  6, origin # 70
# 71: E =   0.312859060364, sym =  4, origin # 71
# 72: E =   0.807075298552, sym =  2, origin # 72
# 73: E =   0.146857887094, sym =  3, origin # 73
# 74: E =   0.146857887094, sym =  5, origin # 74
# 75: E =   0.123607989127, sym =  2, origin # 75
HF det up: 0 1 2 3 4 5 6 7 8 9 10 11 12 13 
HF det dn: 0 1 2 3 4 5 6 7 8 9 10 11 12 13 
END OF reorder orbitals [0.1/128.3]GB [0.062/1.521/1.528]s
FCIDUMP cache saved to: integrals_cache.dat
END OF load integrals << setup [0.1/128.3]GB [0.065/1.583/1.590]s

BEG OF setup hci queue << setup [0.1/128.3]GB [0.002/0.001/1.591]s
Max hci queue elem: 0.3481053704 Ha
Number of entries in hci queue: 1,782,724
END OF setup hci queue << setup [0.1/128.3]GB [0.103/0.103/1.694]s
HF energy: -2098.5253304407 Ha
END OF setup [0.1/128.3]GB [0.007/1.699/1.699]s

BEG OF variation [0.1/128.3]GB [0.003/0.002/1.701]s
Final iteration 0 HF ndets= 1 energy= -2098.52533044

BEG OF eps_var 1.00e-04 << variation [0.1/128.3]GB [0.003/0.002/1.702]s
Loaded 3,976,080 dets from: wf_eps1_1.00e-04.dat
Effect dets (without time sym): 7,945,499
----------------------------------------
Excite Lv       # dets         Sum c^2
0                    1      0.50845955
1                  182      0.00264904
2                69905      0.34144691
3               733178      0.01150128
4              3695839      0.10369074
5               988788      0.00660104
6              1695859      0.01984450
7               343128      0.00216471
8               324432      0.00289576
9                58024      0.00043101
10               30760      0.00027713
11                4006      0.00003197
12                1353      0.00000633
13                  44      0.00000004
----------------------------------------
Orbital                        Sum c^2
0                           1.99527520
1                           1.99537132
2                           1.98930517
3                           1.98809799
4                           1.98809799
5                           1.98583133
6                           1.98583133
7                           1.98350418
8                           1.91088941
9                           1.83952093
10                          1.83952093
11                          1.82115718
12                          1.67265882
13                          1.67265882
14                          0.30955672
15                          0.30955672
16                          0.16674495
17                          0.14977268
18                          0.14977268
19                          0.03782639
20                          0.02919287
21                          0.02919287
22                          0.01419860
23                          0.01299843
24                          0.01299843
25                          0.00866478
26                          0.00866478
27                          0.00751007
28                          0.00448787
29                          0.00448787
30                          0.00443164
31                          0.00443164
32                          0.00444966
33                          0.00391801
34                          0.00391801
35                          0.00465379
36                          0.00426853
37                          0.00426853
38                          0.00386425
39                          0.00386425
40                          0.00405971
41                          0.00276866
42                          0.00276866
43                          0.00222854
44                          0.00222854
45                          0.00239261
46                          0.00235988
47                          0.00235988
48                          0.00264402
49                          0.00133103
Sum orbitals c^2: 28.00000000
----------------------------------------
Most important dets:
Excite Lv         Coef      Det (Reordered orb)
0           0.71306350      |  0  1  2  3  4  5  6  7  8  9 10 11 12 13 |  0  1  2  3  4  5  6  7  8  9 10 11 12 13 |
2          -0.19863875      |  0  1  2  3  4  5  6  7  8  9 10 11 13 15 |  0  1  2  3  4  5  6  7  8  9 10 11 13 15 |
2          -0.19863875      |  0  1  2  3  4  5  6  7  8  9 10 11 12 14 |  0  1  2  3  4  5  6  7  8  9 10 11 12 14 |
2           0.16662456      |  0  1  2  3  4  5  6  7  8  9 10 11 12 14 |  0  1  2  3  4  5  6  7  8  9 10 11 13 15 |
2           0.11529227      |  0  1  2  3  4  5  6  7  8  9 10 11 13 14 |  0  1  2  3  4  5  6  7  8  9 10 11 12 15 |
2          -0.10366097      |  0  1  2  3  4  5  6  7  8  9 10 12 13 16 |  0  1  2  3  4  5  6  7  8  9 10 12 13 16 |
4           0.09699598      |  0  1  2  3  4  5  6  7  8  9 10 11 14 15 |  0  1  2  3  4  5  6  7  8  9 10 11 14 15 |
2           0.09285150      |  0  1  2  3  4  5  6  7  8  9 11 12 13 17 |  0  1  2  3  4  5  6  7  8 10 11 12 13 18 |
2          -0.08969718      |  0  1  2  3  4  5  6  7  8  9 10 12 13 16 |  0  1  2  3  4  5  6  7  8 10 11 12 13 18 |
2           0.08969718      |  0  1  2  3  4  5  6  7  8  9 10 12 13 16 |  0  1  2  3  4  5  6  7  8  9 11 12 13 17 |
2           0.08908953      |  0  1  2  3  4  5  6  7  9 10 11 12 13 20 |  0  1  2  3  4  5  6  7  9 10 11 12 13 21 |
2          -0.08703368      |  0  1  2  3  4  5  6  7  8  9 10 11 12 14 |  0  1  2  3  4  5  6  7  8  9 11 12 13 17 |
2          -0.08703368      |  0  1  2  3  4  5  6  7  8  9 10 11 13 15 |  0  1  2  3  4  5  6  7  8 10 11 12 13 18 |
2          -0.08614614      |  0  1  2  3  4  5  6  7  8  9 10 11 13 15 |  0  1  2  3  4  5  6  7  8  9 10 12 13 16 |
2           0.08614614      |  0  1  2  3  4  5  6  7  8  9 10 11 12 14 |  0  1  2  3  4  5  6  7  8  9 10 12 13 16 |
2           0.08492136      |  0  1  2  3  4  5  6  7  8  9 10 11 12 14 |  0  1  2  3  4  5  6  7  8 10 11 12 13 18 |
2           0.08492136      |  0  1  2  3  4  5  6  7  8  9 10 11 13 15 |  0  1  2  3  4  5  6  7  8  9 11 12 13 17 |
2          -0.08376650      |  0  1  2  3  4  5  6  7  8  9 11 12 13 17 |  0  1  2  3  4  5  6  7  8  9 11 12 13 17 |
2          -0.08376650      |  0  1  2  3  4  5  6  7  8 10 11 12 13 18 |  0  1  2  3  4  5  6  7  8 10 11 12 13 18 |
2           0.07050360      |  0  1  2  3  4  5  6  7  8  9 10 12 13 14 |  0  1  2  3  4  5  6  7  8  9 10 11 12 16 |
----------------------------------------
HF energy: -2098.5253304407 Ha
Variational energy: -2099.8448762730 Ha
END OF eps_var 1.00e-04 << variation [0.6/128.8]GB [5.242/5.242/6.943]s

BEG OF eps_var 5.00e-05 << variation [0.6/128.8]GB [0.005/0.001/6.944]s
Loaded 11,989,263 dets from: wf_eps1_5.00e-05.dat
Effect dets (without time sym): 23,967,293
----------------------------------------
Excite Lv       # dets         Sum c^2
0                    1      0.48904963
1                  186      0.00263316
2                77203      0.34768478
3              1627820      0.01283121
4              9775874      0.11088004
5              3738804      0.00777353
6              5661253      0.02219308
7              1326462      0.00262608
8              1294110      0.00337108
9               271890      0.00055748
10              159135      0.00034437
11               27156      0.00004560
12                6923      0.00000972
13                 416      0.00000023
14                  60      0.00000000
----------------------------------------
Orbital                        Sum c^2
0                           1.99502881
1                           1.99511010
2                           1.98872705
3                           1.98748829
4                           1.98748829
5                           1.98517458
6                           1.98517458
7                           1.98273079
8                           1.89657829
9                           1.83185793
10                          1.83185793
11                          1.81258363
12                          1.65686177
13                          1.65686177
14                          0.32280351
15                          0.32280351
16                          0.17338424
17                          0.15619251
18                          0.15619251
19                          0.04439216
20                          0.03352684
21                          0.03352684
22                          0.01593166
23                          0.01401305
24                          0.01401305
25                          0.00922875
26                          0.00922875
27                          0.00816829
28                          0.00470368
29                          0.00470368
30                          0.00461800
31                          0.00461800
32                          0.00465279
33                          0.00404569
34                          0.00404569
35                          0.00534734
36                          0.00472913
37                          0.00472913
38                          0.00432524
39                          0.00432524
40                          0.00447099
41                          0.00288577
42                          0.00288577
43                          0.00233859
44                          0.00233859
45                          0.00251105
46                          0.00246963
47                          0.00246963
48                          0.00285425
49                          0.00159584
Sum orbitals c^2: 28.00000000
----------------------------------------
Most important dets:
Excite Lv         Coef      Det (Reordered orb)
0           0.69932084      |  0  1  2  3  4  5  6  7  8  9 10 11 12 13 |  0  1  2  3  4  5  6  7  8  9 10 11 12 13 |
2          -0.20088367      |  0  1  2  3  4  5  6  7  8  9 10 11 13 15 |  0  1  2  3  4  5  6  7  8  9 10 11 13 15 |
2          -0.20088367      |  0  1  2  3  4  5  6  7  8  9 10 11 12 14 |  0  1  2  3  4  5  6  7  8  9 10 11 12 14 |
2           0.16173515      |  0  1  2  3  4  5  6  7  8  9 10 11 12 14 |  0  1  2  3  4  5  6  7  8  9 10 11 13 15 |
2           0.12253756      |  0  1  2  3  4  5  6  7  8  9 10 11 13 14 |  0  1  2  3  4  5  6  7  8  9 10 11 12 15 |
2          -0.10262637      |  0  1  2  3  4  5  6  7  8  9 10 12 13 16 |  0  1  2  3  4  5  6  7  8  9 10 12 13 16 |
4           0.09664991      |  0  1  2  3  4  5  6  7  8  9 10 11 14 15 |  0  1  2  3  4  5  6  7  8  9 10 11 14 15 |
2           0.09194602      |  0  1  2  3  4  5  6  7  9 10 11 12 13 20 |  0  1  2  3  4  5  6  7  9 10 11 12 13 21 |
2           0.09100132      |  0  1  2  3  4  5  6  7  8  9 11 12 13 17 |  0  1  2  3  4  5  6  7  8 10 11 12 13 18 |
2           0.08806187      |  0  1  2  3  4  5  6  7  8  9 10 12 13 16 |  0  1  2  3  4  5  6  7  8  9 11 12 13 17 |
2          -0.08806187      |  0  1  2  3  4  5  6  7  8  9 10 12 13 16 |  0  1  2  3  4  5  6  7  8 10 11 12 13 18 |
2          -0.08556441      |  0  1  2  3  4  5  6  7  8  9 10 11 12 14 |  0  1  2  3  4  5  6  7  8  9 11 12 13 17 |
2          -0.08556441      |  0  1  2  3  4  5  6  7  8  9 10 11 13 15 |  0  1  2  3  4  5  6  7  8 10 11 12 13 18 |
2          -0.08467823      |  0  1  2  3  4  5  6  7  8  9 10 11 13 15 |  0  1  2  3  4  5  6  7  8  9 10 12 13 16 |
2           0.08467823      |  0  1  2  3  4  5  6  7  8  9 10 11 12 14 |  0  1  2  3  4  5  6  7  8  9 10 12 13 16 |
2          -0.08333035      |  0  1  2  3  4  5  6  7  8 10 11 12 13 18 |  0  1  2  3  4  5  6  7  8 10 11 12 13 18 |
2          -0.08333035      |  0  1  2  3  4  5  6  7  8  9 11 12 13 17 |  0  1  2  3  4  5  6  7  8  9 11 12 13 17 |
2           0.08316210      |  0  1  2  3  4  5  6  7  8  9 10 11 13 15 |  0  1  2  3  4  5  6  7  8  9 11 12 13 17 |
2           0.08316210      |  0  1  2  3  4  5  6  7  8  9 10 11 12 14 |  0  1  2  3  4  5  6  7  8 10 11 12 13 18 |
2          -0.07351559      |  0  1  2  3  4  5  6  7  8  9 10 12 13 15 |  0  1  2  3  4  5  6  7  8  9 10 11 13 16 |
----------------------------------------
HF energy: -2098.5253304407 Ha
Variational energy: -2099.8640576687 Ha
END OF eps_var 5.00e-05 << variation [1.9/130.1]GB [16.820/16.820/23.763]s

BEG OF eps_var 3.00e-05 << variation [1.9/130.1]GB [0.004/0.001/23.764]s
Loaded 26,990,898 dets from: wf_eps1_3.00e-05.dat
Effect dets (without time sym): 53,964,958
----------------------------------------
Excite Lv       # dets         Sum c^2
0                    1      0.47502353
1                  188      0.00261759
2                81354      0.35229391
3              2669634      0.01383693
4             19017310      0.11597900
5              9960328      0.00869404
6             14026270      0.02379662
7              3507910      0.00297294
8              3302998      0.00367996
9               805448      0.00064534
10              465174      0.00039125
11               98004      0.00005541
12               28375      0.00001306
13                1416      0.00000040
14                 548      0.00000002
----------------------------------------
Orbital                        Sum c^2
0                           1.99487432
1                           1.99494184
2                           1.98835042
3                           1.98708670
4                           1.98708670
5                           1.98474278
6                           1.98474278
7                           1.98222807
8                           1.88709248
9                           1.82648186
10                          1.82648186
11                          1.80662994
12                          1.64481780
13                          1.64481780
14                          0.33305214
15                          0.33305214
16                          0.17784787
17                          0.16065224
18                          0.16065224
19                          0.04869372
20                          0.03641800
21                          0.03641800
22                          0.01714943
23                          0.01469009
24                          0.01469009
25                          0.00961646
26                          0.00961646
27                          0.00864934
28                          0.00484205
29                          0.00484205
30                          0.00473923
31                          0.00473923
32                          0.00478260
33                          0.00412714
34                          0.00412714
35                          0.00585198
36                          0.00505674
37                          0.00505674
38                          0.00467464
39                          0.00467464
40                          0.00475796
41                          0.00296301
42                          0.00296301
43                          0.00241154
44                          0.00241154
45                          0.00258954
46                          0.00254251
47                          0.00254251
48                          0.00301089
49                          0.00178758
Sum orbitals c^2: 28.00000000
----------------------------------------
Most important dets:
Excite Lv         Coef      Det (Reordered orb)
0           0.68921951      |  0  1  2  3  4  5  6  7  8  9 10 11 12 13 |  0  1  2  3  4  5  6  7  8  9 10 11 12 13 |
2          -0.20225913      |  0  1  2  3  4  5  6  7  8  9 10 11 13 15 |  0  1  2  3  4  5  6  7  8  9 10 11 13 15 |
2          -0.20225913      |  0  1  2  3  4  5  6  7  8  9 10 11 12 14 |  0  1  2  3  4  5  6  7  8  9 10 11 12 14 |
2           0.15921846      |  0  1  2  3  4  5  6  7  8  9 10 11 12 14 |  0  1  2  3  4  5  6  7  8  9 10 11 13 15 |
2           0.12927753      |  0  1  2  3  4  5  6  7  8  9 10 11 13 14 |  0  1  2  3  4  5  6  7  8  9 10 11 12 15 |
2          -0.10206580      |  0  1  2  3  4  5  6  7  8  9 10 12 13 16 |  0  1  2  3  4  5  6  7  8  9 10 12 13 16 |
4           0.09710238      |  0  1  2  3  4  5  6  7  8  9 10 11 14 15 |  0  1  2  3  4  5  6  7  8  9 10 11 14 15 |
2           0.09343221      |  0  1  2  3  4  5  6  7  9 10 11 12 13 20 |  0  1  2  3  4  5  6  7  9 10 11 12 13 21 |
2           0.09000832      |  0  1  2  3  4  5  6  7  8  9 11 12 13 17 |  0  1  2  3  4  5  6  7  8 10 11 12 13 18 |
2           0.08715064      |  0  1  2  3  4  5  6  7  8  9 10 12 13 16 |  0  1  2  3  4  5  6  7  8  9 11 12 13 17 |
2          -0.08715064      |  0  1  2  3  4  5  6  7  8  9 10 12 13 16 |  0  1  2  3  4  5  6  7  8 10 11 12 13 18 |
2          -0.08478924      |  0  1  2  3  4  5  6  7  8  9 10 11 13 15 |  0  1  2  3  4  5  6  7  8 10 11 12 13 18 |
2          -0.08478924      |  0  1  2  3  4  5  6  7  8  9 10 11 12 14 |  0  1  2  3  4  5  6  7  8  9 11 12 13 17 |
2          -0.08384269      |  0  1  2  3  4  5  6  7  8  9 10 11 13 15 |  0  1  2  3  4  5  6  7  8  9 10 12 13 16 |
2           0.08384269      |  0  1  2  3  4  5  6  7  8  9 10 11 12 14 |  0  1  2  3  4  5  6  7  8  9 10 12 13 16 |
2          -0.08330349      |  0  1  2  3  4  5  6  7  8 10 11 12 13 18 |  0  1  2  3  4  5  6  7  8 10 11 12 13 18 |
2          -0.08330349      |  0  1  2  3  4  5  6  7  8  9 11 12 13 17 |  0  1  2  3  4  5  6  7  8  9 11 12 13 17 |
2           0.08226822      |  0  1  2  3  4  5  6  7  8  9 10 11 12 14 |  0  1  2  3  4  5  6  7  8 10 11 12 13 18 |
2           0.08226822      |  0  1  2  3  4  5  6  7  8  9 10 11 13 15 |  0  1  2  3  4  5  6  7  8  9 11 12 13 17 |
2           0.07576122      |  0  1  2  3  4  5  6  7  8  9 10 12 13 14 |  0  1  2  3  4  5  6  7  8  9 10 11 12 16 |
----------------------------------------
HF energy: -2098.5253304407 Ha
Variational energy: -2099.8754528313 Ha
END OF eps_var 3.00e-05 << variation [4.8/133.0]GB [37.633/37.633/61.396]s

BEG OF eps_var 2.00e-05 << variation [4.8/133.0]GB [0.004/0.001/61.396]s
Loaded 51,483,454 dets from: wf_eps1_2.00e-05.dat
Effect dets (without time sym): 102,943,908
----------------------------------------
Excite Lv       # dets         Sum c^2
0                    1      0.46411885
1                  190      0.00261844
2                83806      0.35586118
3              3749812      0.01461821
4             31213282      0.11994823
5             21037556      0.00942545
6             29132041      0.02503504
7              7753704      0.00324562
8              6793595      0.00391174
9              1824064      0.00071085
10             1029633      0.00042583
11              241542      0.00006459
12               78114      0.00001541
13                5158      0.00000054
14                1410      0.00000003
----------------------------------------
Orbital                        Sum c^2
0                           1.99476446
1                           1.99481980
2                           1.98807627
3                           1.98679111
4                           1.98679111
5                           1.98443108
6                           1.98443108
7                           1.98187142
8                           1.88017945
9                           1.82224286
10                          1.82224286
11                          1.80183546
12                          1.63531258
13                          1.63531258
14                          0.34122481
15                          0.34122481
16                          0.18146091
17                          0.16418710
18                          0.16418710
19                          0.05184389
20                          0.03848605
21                          0.03848605
22                          0.01808148
23                          0.01517166
24                          0.01517166
25                          0.00989499
26                          0.00989499
27                          0.00901231
28                          0.00493986
29                          0.00493986
30                          0.00482471
31                          0.00482471
32                          0.00487555
33                          0.00418379
34                          0.00418379
35                          0.00624835
36                          0.00530352
37                          0.00530352
38                          0.00495346
39                          0.00495346
40                          0.00497856
41                          0.00301861
42                          0.00301861
43                          0.00246513
44                          0.00246513
45                          0.00264767
46                          0.00259508
47                          0.00259508
48                          0.00312825
49                          0.00194174
Sum orbitals c^2: 28.00000000
----------------------------------------
Most important dets:
Excite Lv         Coef      Det (Reordered orb)
0           0.68126269      |  0  1  2  3  4  5  6  7  8  9 10 11 12 13 |  0  1  2  3  4  5  6  7  8  9 10 11 12 13 |
2          -0.20316394      |  0  1  2  3  4  5  6  7  8  9 10 11 13 15 |  0  1  2  3  4  5  6  7  8  9 10 11 13 15 |
2          -0.20316394      |  0  1  2  3  4  5  6  7  8  9 10 11 12 14 |  0  1  2  3  4  5  6  7  8  9 10 11 12 14 |
2           0.15736311      |  0  1  2  3  4  5  6  7  8  9 10 11 12 14 |  0  1  2  3  4  5  6  7  8  9 10 11 13 15 |
2           0.13461681      |  0  1  2  3  4  5  6  7  8  9 10 11 13 14 |  0  1  2  3  4  5  6  7  8  9 10 11 12 15 |
2          -0.10167409      |  0  1  2  3  4  5  6  7  8  9 10 12 13 16 |  0  1  2  3  4  5  6  7  8  9 10 12 13 16 |
4           0.09761253      |  0  1  2  3  4  5  6  7  8  9 10 11 14 15 |  0  1  2  3  4  5  6  7  8  9 10 11 14 15 |
2           0.09428544      |  0  1  2  3  4  5  6  7  9 10 11 12 13 20 |  0  1  2  3  4  5  6  7  9 10 11 12 13 21 |
2           0.08929560      |  0  1  2  3  4  5  6  7  8  9 11 12 13 17 |  0  1  2  3  4  5  6  7  8 10 11 12 13 18 |
2          -0.08649669      |  0  1  2  3  4  5  6  7  8  9 10 12 13 16 |  0  1  2  3  4  5  6  7  8 10 11 12 13 18 |
2           0.08649669      |  0  1  2  3  4  5  6  7  8  9 10 12 13 16 |  0  1  2  3  4  5  6  7  8  9 11 12 13 17 |
2          -0.08425002      |  0  1  2  3  4  5  6  7  8  9 10 11 12 14 |  0  1  2  3  4  5  6  7  8  9 11 12 13 17 |
2          -0.08425002      |  0  1  2  3  4  5  6  7  8  9 10 11 13 15 |  0  1  2  3  4  5  6  7  8 10 11 12 13 18 |
2          -0.08334449      |  0  1  2  3  4  5  6  7  8  9 11 12 13 17 |  0  1  2  3  4  5  6  7  8  9 11 12 13 17 |
2          -0.08334449      |  0  1  2  3  4  5  6  7  8 10 11 12 13 18 |  0  1  2  3  4  5  6  7  8 10 11 12 13 18 |
2           0.08325155      |  0  1  2  3  4  5  6  7  8  9 10 11 12 14 |  0  1  2  3  4  5  6  7  8  9 10 12 13 16 |
2          -0.08325155      |  0  1  2  3  4  5  6  7  8  9 10 11 13 15 |  0  1  2  3  4  5  6  7  8  9 10 12 13 16 |
2           0.08169104      |  0  1  2  3  4  5  6  7  8  9 10 11 12 14 |  0  1  2  3  4  5  6  7  8 10 11 12 13 18 |
2           0.08169104      |  0  1  2  3  4  5  6  7  8  9 10 11 13 15 |  0  1  2  3  4  5  6  7  8  9 11 12 13 17 |
2           0.07793524      |  0  1  2  3  4  5  6  7  8  9 10 12 13 14 |  0  1  2  3  4  5  6  7  8  9 10 11 12 16 |
----------------------------------------
HF energy: -2098.5253304407 Ha
Variational energy: -2099.8831089083 Ha
END OF eps_var 2.00e-05 << variation [8.2/136.4]GB [68.319/68.319/129.714]s

BEG OF eps_var 1.00e-05 << variation [8.2/136.4]GB [0.006/0.002/129.716]s
Loaded 154,849,784 dets from: wf_eps1_1.00e-05.dat
Effect dets (without time sym): 309,660,090
----------------------------------------
Excite Lv       # dets         Sum c^2
0                    1      0.44723710
1                  192      0.00264864
2                86982      0.36099754
3              6098758      0.01584390
4             68007151      0.12620932
5             69398564      0.01063214
6             99824876      0.02704310
7             30341496      0.00370662
8             23625491      0.00428476
9              7078684      0.00081779
10             3824287      0.00047899
11              985226      0.00007988
12              340812      0.00001932
13               42694      0.00000084
14                4876      0.00000006
----------------------------------------
Orbital                        Sum c^2
0                           1.99459597
1                           1.99462978
2                           1.98765540
3                           1.98634083
4                           1.98634083
5                           1.98395431
6                           1.98395431
7                           1.98133150
8                           1.86940876
9                           1.81533500
10                          1.81533500
11                          1.79409369
12                          1.62054795
13                          1.62054795
14                          0.35393003
15                          0.35393003
16                          0.18723429
17                          0.16996190
18                          0.16996190
19                          0.05701132
20                          0.04152231
21                          0.04152231
22                          0.01953388
23                          0.01588296
24                          0.01588296
25                          0.01031251
26                          0.01031251
27                          0.00958906
28                          0.00508694
29                          0.00508694
30                          0.00495144
31                          0.00495144
32                          0.00501715
33                          0.00426947
34                          0.00426947
35                          0.00688375
36                          0.00569151
37                          0.00569151
38                          0.00541985
39                          0.00541985
40                          0.00534773
41                          0.00310282
42                          0.00310282
43                          0.00254619
44                          0.00254619
45                          0.00273591
46                          0.00267515
47                          0.00267515
48                          0.00332187
49                          0.00218264
Sum orbitals c^2: 28.00000000
----------------------------------------
Most important dets:
Excite Lv         Coef      Det (Reordered orb)
0           0.66875788      |  0  1  2  3  4  5  6  7  8  9 10 11 12 13 |  0  1  2  3  4  5  6  7  8  9 10 11 12 13 |
2          -0.20405057      |  0  1  2  3  4  5  6  7  8  9 10 11 12 14 |  0  1  2  3  4  5  6  7  8  9 10 11 12 14 |
2          -0.20405057      |  0  1  2  3  4  5  6  7  8  9 10 11 13 15 |  0  1  2  3  4  5  6  7  8  9 10 11 13 15 |
2           0.15486275      |  0  1  2  3  4  5  6  7  8  9 10 11 12 14 |  0  1  2  3  4  5  6  7  8  9 10 11 13 15 |
2           0.14188467      |  0  1  2  3  4  5  6  7  8  9 10 11 13 14 |  0  1  2  3  4  5  6  7  8  9 10 11 12 15 |
2          -0.10099139      |  0  1  2  3  4  5  6  7  8  9 10 12 13 16 |  0  1  2  3  4  5  6  7  8  9 10 12 13 16 |
4           0.09822784      |  0  1  2  3  4  5  6  7  8  9 10 11 14 15 |  0  1  2  3  4  5  6  7  8  9 10 11 14 15 |
2           0.09514350      |  0  1  2  3  4  5  6  7  9 10 11 12 13 20 |  0  1  2  3  4  5  6  7  9 10 11 12 13 21 |
2           0.08819617      |  0  1  2  3  4  5  6  7  8  9 11 12 13 17 |  0  1  2  3  4  5  6  7  8 10 11 12 13 18 |
2          -0.08551443      |  0  1  2  3  4  5  6  7  8  9 10 12 13 16 |  0  1  2  3  4  5  6  7  8 10 11 12 13 18 |
2           0.08551443      |  0  1  2  3  4  5  6  7  8  9 10 12 13 16 |  0  1  2  3  4  5  6  7  8  9 11 12 13 17 |
2          -0.08362291      |  0  1  2  3  4  5  6  7  8  9 10 11 12 14 |  0  1  2  3  4  5  6  7  8  9 11 12 13 17 |
2          -0.08362291      |  0  1  2  3  4  5  6  7  8  9 10 11 13 15 |  0  1  2  3  4  5  6  7  8 10 11 12 13 18 |
2          -0.08337044      |  0  1  2  3  4  5  6  7  8  9 11 12 13 17 |  0  1  2  3  4  5  6  7  8  9 11 12 13 17 |
2          -0.08337044      |  0  1  2  3  4  5  6  7  8 10 11 12 13 18 |  0  1  2  3  4  5  6  7  8 10 11 12 13 18 |
2           0.08258249      |  0  1  2  3  4  5  6  7  8  9 10 11 12 14 |  0  1  2  3  4  5  6  7  8  9 10 12 13 16 |
2          -0.08258249      |  0  1  2  3  4  5  6  7  8  9 10 11 13 15 |  0  1  2  3  4  5  6  7  8  9 10 12 13 16 |
2           0.08111572      |  0  1  2  3  4  5  6  7  8  9 10 12 13 14 |  0  1  2  3  4  5  6  7  8  9 10 11 12 16 |
2          -0.08111572      |  0  1  2  3  4  5  6  7  8  9 10 12 13 15 |  0  1  2  3  4  5  6  7  8  9 10 11 13 16 |
2           0.08107405      |  0  1  2  3  4  5  6  7  8  9 10 11 12 14 |  0  1  2  3  4  5  6  7  8 10 11 12 13 18 |
----------------------------------------
HF energy: -2098.5253304407 Ha
Variational energy: -2099.8937712846 Ha
END OF eps_var 1.00e-05 << variation [30.6/158.8]GB [232.862/232.862/362.576]s

BEG OF eps_var 5.00e-06 << variation [30.6/158.8]GB [0.004/0.001/362.577]s

BEG OF main << eps_var 5.00e-06 << variation [30.6/158.8]GB [0.005/0.001/362.581]s

BEG OF #1 << main << eps_var 5.00e-06 << variation [31.8/160.0]GB [0.424/0.003/363.004]s
10% 20% 30% 40% 50% 60% 70% 80% 90% 100% 
Number of dets / new dets: 424,069,623 / 269,219,839
END OF get next det list [117.2/245.4]GB [1014.949/1014.949/1377.950]s
END OF update unique ab [136.4/264.6]GB [987.240/2002.186/2365.187]s
END OF create abm1 [150.5/278.8]GB [891.319/2888.725/3251.726]s
Outer size of a/b singles: 16,791,166 / 0
Full size of absingles: 1,616,566,696
END OF create absingles [161.4/289.6]GB [927.484/3808.640/4171.641]s
10% 20% 30% 40% 50% 60% 70% 80% 90% 100% 
Number of nonzero elems: 244,994,411,191
END OF generate sparse hamiltonian [1502.4/1630.6]GB [65359.390/69168.016/69531.018]s
Davidson #0: -2099.8937712839
Davidson #1: -2099.9007949799
Davidson #2: -2099.9011104955
Davidson #3: -2099.9011694986
Davidson #4: -2099.9012010705
Davidson #5: -2099.9012139849
Davidson #6: -2099.9012266439
Davidson #7: -2099.9012384795
Davidson #8: -2099.9012489891
END OF diagonalize sparse hamiltonian [1505.8/1634.0]GB [2492.862/71660.875/72023.876]s
Iteration 1 eps1= 5.00e-06 ndets= 424,069,623 energy= -2099.90124899
END OF #1 << main << eps_var 5.00e-06 << variation [1505.8/1634.0]GB [0.001/71660.876/72023.877]s

BEG OF #2 << main << eps_var 5.00e-06 << variation [1507.9/1636.1]GB [2.227/0.001/72026.103]s
10% 20% 30% 40% 50% 60% 70% 80% 90% 100% 
Number of dets / new dets: 449,599,278 / 25,529,655
END OF get next det list [1508.8/1637.0]GB [1356.157/1356.157/73382.260]s
END OF update unique ab [1509.1/1637.3]GB [139.796/1495.952/73522.054]s
END OF create abm1 [1510.4/1638.6]GB [123.266/1619.209/73645.311]s
Outer size of a/b singles: 17,560,248 / 0
Full size of absingles: 1,228,896,746
END OF create absingles [1510.5/1638.7]GB [81.062/1700.262/73726.365]s
10% 20% 30% 40% 50% 60% 70% 80% 90% 100% 
Number of nonzero elems: 261,321,831,874
END OF generate sparse hamiltonian [1587.6/1715.8]GB [29296.642/30996.893/103022.995]s
Davidson #0: -2099.9012489894
Davidson #1: -2099.9016296870
Davidson #2: -2099.9016492481
Davidson #3: -2099.9016547902
Davidson #4: -2099.9016580950
Davidson #5: -2099.9016596794
Davidson #6: -2099.9016619015
Davidson #7: -2099.9016655743
Davidson #8: -2099.9016690424
END OF diagonalize sparse hamiltonian [1587.8/1716.0]GB [2329.593/33326.475/105352.578]s
Iteration 2 eps1= 5.00e-06 ndets= 449,599,278 energy= -2099.90166904
END OF #2 << main << eps_var 5.00e-06 << variation [1587.8/1716.0]GB [0.002/33326.476/105352.578]s

BEG OF #3 << main << eps_var 5.00e-06 << variation [1588.0/1716.2]GB [3.300/0.001/105355.878]s
10% 20% 30% 40% 50% 60% 70% 80% 90% 100% 
Number of dets / new dets: 455,610,543 / 6,011,265
END OF get next det list [1588.2/1716.4]GB [791.800/791.800/106147.677]s
END OF update unique ab [1588.2/1716.4]GB [39.480/831.279/106187.155]s
END OF create abm1 [1588.2/1716.4]GB [54.033/885.302/106241.179]s
Outer size of a/b singles: 17,823,921 / 0
Full size of absingles: 813,955,962
END OF create absingles [1588.8/1717.0]GB [37.166/922.459/106278.336]s
10% 20% 30% 40% 50% 60% 70% 80% 90% 100% 
Number of nonzero elems: 265,243,871,341
END OF generate sparse hamiltonian [1606.4/1734.6]GB [7410.218/8332.665/113688.542]s
Davidson #0: -2099.9016690424
Davidson #1: -2099.9017519573
Davidson #2: -2099.9017559967
Davidson #3: -2099.9017569888
Davidson #4: -2099.9017575034
Davidson #5: -2099.9017577446
Davidson #6: -2099.9017581483
Davidson #7: -2099.9017589955
Davidson #8: -2099.9017599291
END OF diagonalize sparse hamiltonian [1606.5/1734.7]GB [2321.331/10653.986/116009.863]s
Iteration 3 eps1= 5.00e-06 ndets= 455,610,543 energy= -2099.90175993
END OF #3 << main << eps_var 5.00e-06 << variation [1606.5/1734.7]GB [0.002/10653.987/116009.864]s

BEG OF #4 << main << eps_var 5.00e-06 << variation [1606.6/1734.8]GB [0.019/0.001/116009.883]s
10% 20% 30% 40% 50% 60% 70% 80% 90% 100% 
Number of dets / new dets: 457,124,341 / 1,513,798
END OF get next det list [1606.6/1734.8]GB [363.792/363.792/116373.674]s
END OF update unique ab [1606.6/1734.8]GB [19.722/383.512/116393.394]s
END OF create abm1 [1606.6/1734.8]GB [19.043/402.546/116412.428]s
Outer size of a/b singles: 17,906,216 / 0
Full size of absingles: 442,809,872
END OF create absingles [1606.6/1734.8]GB [16.988/419.524/116429.407]s
10% 20% 30% 40% 50% 60% 70% 80% 90% 100% 
Number of nonzero elems: 266,228,843,075
END OF generate sparse hamiltonian [1608.3/1736.5]GB [2946.429/3365.944/119375.826]s
Davidson #0: -2099.9017599295
Davidson #1: -2099.9017811794
Davidson #2: -2099.9017819247
Davidson #3: -2099.9017821233
Davidson #4: -2099.9017822150
Davidson #5: -2099.9017822502
Davidson #6: -2099.9017823063
Davidson #7: -2099.9017824108
Davidson #8: -2099.9017825299
END OF diagonalize sparse hamiltonian [1608.2/1736.4]GB [2445.069/5811.009/121820.891]s
Iteration 4 eps1= 5.00e-06 ndets= 457,124,341 energy= -2099.90178253
END OF #4 << main << eps_var 5.00e-06 << variation [1608.2/1736.4]GB [0.002/5811.009/121820.891]s

BEG OF #5 << main << eps_var 5.00e-06 << variation [1608.2/1736.4]GB [0.005/0.000/121820.896]s
10% 20% 30% 40% 50% 60% 70% 80% 90% 100% 
Number of dets / new dets: 457,530,858 / 406,517
END OF get next det list [1608.2/1736.4]GB [138.406/138.406/121959.302]s
END OF update unique ab [1608.2/1736.4]GB [12.583/150.988/121971.883]s
END OF create abm1 [1608.2/1736.4]GB [6.958/157.937/121978.833]s
Outer size of a/b singles: 17,929,488 / 0
Full size of absingles: 211,376,132
END OF create absingles [1608.2/1736.4]GB [9.310/167.239/121988.134]s
10% 20% 30% 40% 50% 60% 70% 80% 90% 100% 
Number of nonzero elems: 266,490,407,660
END OF generate sparse hamiltonian [1608.9/1737.1]GB [2196.895/2364.124/124185.019]s
Davidson #0: -2099.9017825292
Davidson #1: -2099.9017882074
Davidson #2: -2099.9017883901
Davidson #3: -2099.9017884332
Davidson #4: -2099.9017884542
Davidson #5: -2099.9017884630
END OF diagonalize sparse hamiltonian [1608.9/1737.1]GB [1604.804/3968.917/125789.813]s
Iteration 5 eps1= 5.00e-06 ndets= 457,530,858 energy= -2099.90178846
END OF #5 << main << eps_var 5.00e-06 << variation [1608.9/1737.1]GB [0.002/3968.918/125789.813]s
Final iteration 5 eps1= 5.00e-06 ndets= 457,530,858 energy= -2099.90178846
Effect dets (without time sym): 914,994,158
----------------------------------------
Excite Lv       # dets         Sum c^2
0                    1      0.43356119
1                  192      0.00269943
2                88674      0.36451123
3              8855152      0.01684819
4            134777984      0.13148209
5            204750654      0.01171250
6            319342461      0.02884709
7            116077902      0.00414379
8             85277900      0.00463059
9             26664322      0.00091917
10            13742323      0.00052643
11             3857450      0.00009421
12             1316583      0.00002283
13              220460      0.00000119
14               22100      0.00000008
----------------------------------------
Orbital                        Sum c^2
0                           1.99445181
1                           1.99446604
2                           1.98729989
3                           1.98596039
4                           1.98596039
5                           1.98355627
6                           1.98355627
7                           1.98088406
8                           1.85981039
9                           1.80926011
10                          1.80926011
11                          1.78731953
12                          1.60873002
13                          1.60873002
14                          0.36403301
15                          0.36403301
16                          0.19220977
17                          0.17501647
18                          0.17501647
19                          0.06184985
20                          0.04400926
21                          0.04400926
22                          0.02079199
23                          0.01645463
24                          0.01645463
25                          0.01065754
26                          0.01065754
27                          0.01008794
28                          0.00521257
29                          0.00521257
30                          0.00505849
31                          0.00505849
32                          0.00513589
33                          0.00433995
34                          0.00433995
35                          0.00745286
36                          0.00601496
37                          0.00601496
38                          0.00585278
39                          0.00585278
40                          0.00568239
41                          0.00317178
42                          0.00317178
43                          0.00261449
44                          0.00261449
45                          0.00281079
46                          0.00274218
47                          0.00274218
48                          0.00349844
49                          0.00239984
Sum orbitals c^2: 28.00000000
----------------------------------------
Most important dets:
Excite Lv         Coef      Det (Reordered orb)
0           0.65845364      |  0  1  2  3  4  5  6  7  8  9 10 11 12 13 |  0  1  2  3  4  5  6  7  8  9 10 11 12 13 |
2          -0.20405833      |  0  1  2  3  4  5  6  7  8  9 10 11 13 15 |  0  1  2  3  4  5  6  7  8  9 10 11 13 15 |
2          -0.20405833      |  0  1  2  3  4  5  6  7  8  9 10 11 12 14 |  0  1  2  3  4  5  6  7  8  9 10 11 12 14 |
2           0.15306014      |  0  1  2  3  4  5  6  7  8  9 10 11 12 14 |  0  1  2  3  4  5  6  7  8  9 10 11 13 15 |
2           0.14678237      |  0  1  2  3  4  5  6  7  8  9 10 11 13 14 |  0  1  2  3  4  5  6  7  8  9 10 11 12 15 |
2          -0.10030962      |  0  1  2  3  4  5  6  7  8  9 10 12 13 16 |  0  1  2  3  4  5  6  7  8  9 10 12 13 16 |
4           0.09843269      |  0  1  2  3  4  5  6  7  8  9 10 11 14 15 |  0  1  2  3  4  5  6  7  8  9 10 11 14 15 |
2           0.09566711      |  0  1  2  3  4  5  6  7  9 10 11 12 13 20 |  0  1  2  3  4  5  6  7  9 10 11 12 13 21 |
2           0.08722033      |  0  1  2  3  4  5  6  7  8  9 11 12 13 17 |  0  1  2  3  4  5  6  7  8 10 11 12 13 18 |
2           0.08466756      |  0  1  2  3  4  5  6  7  8  9 10 12 13 16 |  0  1  2  3  4  5  6  7  8  9 11 12 13 17 |
2          -0.08466756      |  0  1  2  3  4  5  6  7  8  9 10 12 13 16 |  0  1  2  3  4  5  6  7  8 10 11 12 13 18 |
2          -0.08341281      |  0  1  2  3  4  5  6  7  8  9 10 12 13 15 |  0  1  2  3  4  5  6  7  8  9 10 11 13 16 |
2           0.08341281      |  0  1  2  3  4  5  6  7  8  9 10 12 13 14 |  0  1  2  3  4  5  6  7  8  9 10 11 12 16 |
2          -0.08328615      |  0  1  2  3  4  5  6  7  8  9 11 12 13 17 |  0  1  2  3  4  5  6  7  8  9 11 12 13 17 |
2          -0.08328615      |  0  1  2  3  4  5  6  7  8 10 11 12 13 18 |  0  1  2  3  4  5  6  7  8 10 11 12 13 18 |
2          -0.08321063      |  0  1  2  3  4  5  6  7  8  9 10 11 13 15 |  0  1  2  3  4  5  6  7  8 10 11 12 13 18 |
2          -0.08321063      |  0  1  2  3  4  5  6  7  8  9 10 11 12 14 |  0  1  2  3  4  5  6  7  8  9 11 12 13 17 |
2          -0.08217287      |  0  1  2  3  4  5  6  7  8  9 11 12 13 14 |  0  1  2  3  4  5  6  7  8  9 10 11 12 17 |
2          -0.08217287      |  0  1  2  3  4  5  6  7  8 10 11 12 13 15 |  0  1  2  3  4  5  6  7  8  9 10 11 13 18 |
2          -0.08216645      |  0  1  2  3  4  5  6  7  8  9 10 11 13 15 |  0  1  2  3  4  5  6  7  8  9 10 12 13 16 |
----------------------------------------
END OF main << eps_var 5.00e-06 << variation [1605.2/1733.4]GB [452.146/125879.378/126241.959]s
Variational results saved to: wf_eps1_5.00e-06.dat
END OF eps_var 5.00e-06 << variation [1606.0/1734.2]GB [27.203/125906.584/126269.160]s
END OF variation [1570.1/1698.3]GB [349.739/126617.199/126618.898]s

BEG OF post variation [1540.0/1668.2]GB [0.422/0.000/126618.898]s
END OF post variation [1540.0/1668.2]GB [0.011/0.011/126618.909]s
