r[088,092,103,201,233,258,265-266,332,334,337,339,553-555,635]
28
srun: Warning: can't run 1 processes on 16 nodes, setting nnodes to 1
Semistochastic Heat-bath Configuration Interation (SHCI)

Start time: Sun Nov 18 04:03:58 2018
Infrastructure: 16 nodes * 28 threads
Configuration:
{
  "chem": {
    "irrep_occs_dn": [
      4,
      2,
      1,
      2,
      1,
      2,
      1,
      0,
      1,
      0
    ],
    "irrep_occs_up": [
      4,
      2,
      1,
      2,
      1,
      2,
      1,
      0,
      1,
      0
    ],
    "irreps": [
      1,
      2,
      3,
      4,
      5,
      6,
      7,
      8,
      9,
      10
    ],
    "point_group": "dih"
  },
  "eps_vars": [
    0.0002,
    0.0001,
    5e-05,
    3e-05,
    2e-05,
    1e-05,
    5e-06,
    3e-06
  ],
  "eps_vars_schedule": [
    0.005,
    0.005,
    0.005,
    0.003,
    0.003,
    0.003,
    0.002,
    0.002,
    0.002,
    0.001,
    0.001,
    0.001,
    0.0005,
    0.0005,
    0.0005,
    0.0003,
    0.0003,
    0.0003,
    0.0002,
    0.0002,
    0.0002
  ],
  "n_dn": 14,
  "n_up": 14,
  "system": "chem",
  "time_sym": true,
  "var_only": true
}
Timing format: [DIFF/SECTION/TOTAL]

BEG OF setup [0.0/8.8]GB [0.004/0.004/0.004]s

BEG OF load integrals << setup [0.0/8.8]GB [0.008/0.000/0.008]s
n_orbs: 76
n_elecs (from FCIDUMP): 28
orb_sym: 1 2 6 -6 1 -5 5 2 1 6 -6 1 7 -7 -8 8 2 -5 5 2 6 -6 7 -7 1 6 -6 8 -8 1 2 -5 5 6 -6 7 -7 1 -10 10 9 -9 8 -8 -5 5 2 1 5 -5 2 2 6 -6 1 1 7 -7 6 -6 2 1 -8 8 -5 5 2 2 1 6 -6 5 -5 -5 5 2 
Convert to Adam's notation:
1 2 4 6 1 5 3 2 1 4 6 1 7 9 10 8 2 5 3 2 4 6 7 9 1 4 6 8 10 1 2 5 3 4 6 7 9 1 14 12 11 13 8 10 5 3 2 1 3 5 2 2 4 6 1 1 7 9 4 6 2 1 10 8 5 3 2 2 1 4 6 3 5 5 3 2 
END OF load fcidump [1.3/10.1]GB [1.277/1.277/1.285]s
HF det up: 0 1 2 3 4 5 6 7 8 9 10 11 12 13 
HF det dn: 0 1 2 3 4 5 6 7 8 9 10 11 12 13 
Reorder skipped.
Orbitals energy:
#  0: E =  -3.434365657574, sym =  1, origin #  0
#  1: E =  -3.428306043085, sym =  2, origin #  1
#  2: E =  -2.149945982168, sym =  4, origin #  2
#  3: E =  -2.149945982168, sym =  6, origin #  3
#  4: E =  -2.168773927074, sym =  1, origin #  4
#  5: E =  -2.137224516411, sym =  5, origin #  5
#  6: E =  -2.137224516411, sym =  3, origin #  6
#  7: E =  -2.124716634211, sym =  2, origin #  7
#  8: E =  -0.210228429492, sym =  1, origin #  8
#  9: E =  -0.176518110031, sym =  4, origin #  9
# 10: E =  -0.176518110031, sym =  6, origin # 10
# 11: E =  -0.187023283157, sym =  1, origin # 11
# 12: E =  -0.129529440975, sym =  7, origin # 12
# 13: E =  -0.129529440975, sym =  9, origin # 13
# 14: E =   0.120555090037, sym = 10, origin # 14
# 15: E =   0.120555090037, sym =  8, origin # 15
# 16: E =   0.170052890162, sym =  2, origin # 16
# 17: E =   0.176174244226, sym =  5, origin # 17
# 18: E =   0.176174244226, sym =  3, origin # 18
# 19: E =   0.368344626927, sym =  2, origin # 19
# 20: E =   1.025061693648, sym =  4, origin # 20
# 21: E =   1.025061693648, sym =  6, origin # 21
# 22: E =   1.013195392729, sym =  7, origin # 22
# 23: E =   1.013195392729, sym =  9, origin # 23
# 24: E =   1.225467438300, sym =  1, origin # 24
# 25: E =   0.337195904991, sym =  4, origin # 25
# 26: E =   0.337195904991, sym =  6, origin # 26
# 27: E =   1.250060666983, sym =  8, origin # 27
# 28: E =   1.250060666983, sym = 10, origin # 28
# 29: E =   0.352670053254, sym =  1, origin # 29
# 30: E =   1.329989474726, sym =  2, origin # 30
# 31: E =   1.477931239369, sym =  5, origin # 31
# 32: E =   1.477931239369, sym =  3, origin # 32
# 33: E =   2.256786913882, sym =  4, origin # 33
# 34: E =   2.256786913882, sym =  6, origin # 34
# 35: E =   2.348713735130, sym =  7, origin # 35
# 36: E =   2.348713735130, sym =  9, origin # 36
# 37: E =   2.336979678996, sym =  1, origin # 37
# 38: E =   2.441845207535, sym = 14, origin # 38
# 39: E =   2.441845207535, sym = 12, origin # 39
# 40: E =   2.482694724597, sym = 11, origin # 40
# 41: E =   2.482694724597, sym = 13, origin # 41
# 42: E =   2.597594910380, sym =  8, origin # 42
# 43: E =   2.597594910380, sym = 10, origin # 43
# 44: E =   2.880902161325, sym =  5, origin # 44
# 45: E =   2.880902161325, sym =  3, origin # 45
# 46: E =   3.075622790984, sym =  2, origin # 46
# 47: E =   1.468531644534, sym =  1, origin # 47
# 48: E =   0.541995493843, sym =  3, origin # 48
# 49: E =   0.541995493843, sym =  5, origin # 49
# 50: E =   1.428383799738, sym =  2, origin # 50
# 51: E =   1.334374083469, sym =  2, origin # 51
# 52: E =   0.420440372509, sym =  4, origin # 52
# 53: E =   0.420440372509, sym =  6, origin # 53
# 54: E =   0.607469279125, sym =  1, origin # 54
# 55: E =   0.502740274586, sym =  1, origin # 55
# 56: E =   0.648080546582, sym =  7, origin # 56
# 57: E =   0.648080546582, sym =  9, origin # 57
# 58: E =   0.646004365874, sym =  4, origin # 58
# 59: E =   0.646004365874, sym =  6, origin # 59
# 60: E =   1.283966308538, sym =  2, origin # 60
# 61: E =   0.592446290346, sym =  1, origin # 61
# 62: E =   0.566227650315, sym = 10, origin # 62
# 63: E =   0.566227650315, sym =  8, origin # 63
# 64: E =   0.530812800430, sym =  5, origin # 64
# 65: E =   0.530812800430, sym =  3, origin # 65
# 66: E =   0.700673483613, sym =  2, origin # 66
# 67: E =   1.028767623766, sym =  2, origin # 67
# 68: E =   0.238214143904, sym =  1, origin # 68
# 69: E =   0.344522247188, sym =  4, origin # 69
# 70: E =   0.344522247188, sym =  6, origin # 70
# 71: E =   0.840253515530, sym =  3, origin # 71
# 72: E =   0.840253515530, sym =  5, origin # 72
# 73: E =   0.162855298578, sym =  5, origin # 73
# 74: E =   0.162855298578, sym =  3, origin # 74
# 75: E =   0.131896620625, sym =  2, origin # 75
HF det up: 0 1 2 3 4 5 6 7 8 9 10 11 12 13 
HF det dn: 0 1 2 3 4 5 6 7 8 9 10 11 12 13 
END OF reorder orbitals [1.0/9.7]GB [0.121/1.397/1.404]s
FCIDUMP cache saved to: integrals_cache.dat
END OF load integrals << setup [1.0/9.7]GB [0.101/1.496/1.504]s

BEG OF setup hci queue << setup [1.0/9.7]GB [0.001/0.000/1.505]s
Max hci queue elem: 0.3807566733 Ha
Number of entries in hci queue: 1,782,642
END OF setup hci queue << setup [1.6/10.3]GB [0.445/0.445/1.949]s
HF energy: -2098.1397721707 Ha
END OF setup [1.6/10.3]GB [0.004/1.953/1.953]s

BEG OF variation [1.6/10.3]GB [0.001/0.000/1.953]s
Final iteration 0 HF ndets= 1 energy= -2098.13977217

BEG OF eps_var 2.00e-04 << variation [1.6/10.3]GB [0.001/0.000/1.953]s
Loaded 1,453,603 dets from: wf_eps1_2.00e-04.dat
Effect dets (without time sym): 2,903,729
----------------------------------------
Excite Lv       # dets         Sum c^2
0                    1      0.03267022
1                  130      0.00003125
2                29470      0.26719223
3                84088      0.00760285
4               462398      0.42434648
5               417996      0.01993931
6               923939      0.20258268
7               362388      0.01119421
8               477189      0.03139814
9                75002      0.00160433
10               66672      0.00137886
11                2688      0.00004560
12                1768      0.00001384
----------------------------------------
Orbital                        Sum c^2
0                           1.99623851
1                           1.99611880
2                           1.98926172
3                           1.98926172
4                           1.98911359
5                           1.98900282
6                           1.98900282
7                           1.98808108
8                           1.96457739
9                           1.33848808
10                          1.33848823
11                          1.32962978
12                          1.08724643
13                          1.08724636
14                          0.90061892
15                          0.90061885
16                          0.65909333
17                          0.64944667
18                          0.64944681
19                          0.00857120
20                          0.01029503
21                          0.01029503
22                          0.00828723
23                          0.00828723
24                          0.00761820
25                          0.00818620
26                          0.00818620
27                          0.00592457
28                          0.00592457
29                          0.00902180
30                          0.00543041
31                          0.00439552
32                          0.00439553
33                          0.00319918
34                          0.00319919
35                          0.00306334
36                          0.00306334
37                          0.00319580
38                          0.00291431
39                          0.00291431
40                          0.00283499
41                          0.00283499
42                          0.00266521
43                          0.00266521
44                          0.00253345
45                          0.00253344
46                          0.00253739
47                          0.00283429
48                          0.00350329
49                          0.00350329
Sum orbitals c^2: 28.00000000
----------------------------------------
Most important dets:
Excite Lv         Coef      Det (Reordered orb)
2           0.19890931      |  0  1  2  3  4  5  6  7  8  9 10 11 13 14 |  0  1  2  3  4  5  6  7  8  9 10 11 12 15 |
0           0.18074904      |  0  1  2  3  4  5  6  7  8  9 10 11 12 13 |  0  1  2  3  4  5  6  7  8  9 10 11 12 13 |
2          -0.14837889      |  0  1  2  3  4  5  6  7  8  9 10 11 12 14 |  0  1  2  3  4  5  6  7  8  9 10 11 12 14 |
2          -0.14837872      |  0  1  2  3  4  5  6  7  8  9 10 11 13 15 |  0  1  2  3  4  5  6  7  8  9 10 11 13 15 |
2           0.14383558      |  0  1  2  3  4  5  6  7  8  9 10 12 13 14 |  0  1  2  3  4  5  6  7  8  9 10 11 12 16 |
2          -0.14383527      |  0  1  2  3  4  5  6  7  8  9 10 12 13 15 |  0  1  2  3  4  5  6  7  8  9 10 11 13 16 |
2           0.14307701      |  0  1  2  3  4  5  6  7  8  9 11 12 13 14 |  0  1  2  3  4  5  6  7  8  9 10 11 12 17 |
2           0.14307671      |  0  1  2  3  4  5  6  7  8 10 11 12 13 15 |  0  1  2  3  4  5  6  7  8  9 10 11 13 18 |
2          -0.14046218      |  0  1  2  3  4  5  6  7  8 10 11 12 13 14 |  0  1  2  3  4  5  6  7  8  9 10 11 12 18 |
2          -0.14046212      |  0  1  2  3  4  5  6  7  8  9 11 12 13 15 |  0  1  2  3  4  5  6  7  8  9 10 11 13 17 |
4           0.12371762      |  0  1  2  3  4  5  6  7  8  9 10 11 14 15 |  0  1  2  3  4  5  6  7  8  9 10 11 14 15 |
4          -0.12136113      |  0  1  2  3  4  5  6  7  8  9 10 13 14 15 |  0  1  2  3  4  5  6  7  8  9 10 11 15 16 |
4           0.12136075      |  0  1  2  3  4  5  6  7  8  9 10 12 14 15 |  0  1  2  3  4  5  6  7  8  9 10 11 14 16 |
4          -0.11993408      |  0  1  2  3  4  5  6  7  8  9 11 13 14 15 |  0  1  2  3  4  5  6  7  8  9 10 11 15 17 |
4          -0.11993396      |  0  1  2  3  4  5  6  7  8 10 11 12 14 15 |  0  1  2  3  4  5  6  7  8  9 10 11 14 18 |
4           0.11852057      |  0  1  2  3  4  5  6  7  8 10 11 13 14 15 |  0  1  2  3  4  5  6  7  8  9 10 11 15 18 |
4           0.11852054      |  0  1  2  3  4  5  6  7  8  9 11 12 14 15 |  0  1  2  3  4  5  6  7  8  9 10 11 14 17 |
2           0.10688278      |  0  1  2  3  4  5  6  7  8 10 11 12 13 17 |  0  1  2  3  4  5  6  7  8  9 11 12 13 18 |
4          -0.10520397      |  0  1  2  3  4  5  6  7  8  9 10 13 14 16 |  0  1  2  3  4  5  6  7  8  9 10 12 15 16 |
2          -0.10248307      |  0  1  2  3  4  5  6  7  8  9 11 12 13 16 |  0  1  2  3  4  5  6  7  8  9 10 12 13 17 |
----------------------------------------
HF energy: -2098.1397721707 Ha
Variational energy: -2099.7884226002 Ha
END OF eps_var 2.00e-04 << variation [4.1/12.9]GB [1.798/1.798/3.751]s

BEG OF eps_var 1.00e-04 << variation [4.1/12.9]GB [0.002/0.000/3.751]s

BEG OF main << eps_var 1.00e-04 << variation [4.1/12.9]GB [0.015/0.000/3.766]s

BEG OF #1 << main << eps_var 1.00e-04 << variation [4.4/13.1]GB [0.017/0.011/3.782]s
10% 20% 30% 40% 50% 60% 70% 80% 90% 100% 
Number of dets / new dets: 3,187,601 / 1,733,998
END OF get next det list [9.3/18.1]GB [30.209/30.209/33.979]s
END OF update unique ab [15.2/23.9]GB [6.424/36.630/40.401]s
END OF create abm1 [27.3/36.1]GB [11.625/48.250/52.021]s
Outer size of a/b singles: 793,858 / 0
Full size of absingles: 56,300,770
END OF create absingles [37.7/46.4]GB [34.691/82.933/86.703]s
10% 20% 30% 40% 50% 60% 70% 80% 90% 100% 
Number of nonzero elems: 935,896,663
END OF generate sparse hamiltonian [49.9/58.7]GB [113.068/193.350/197.121]s
Davidson #0: -2099.7884226003
Davidson #1: -2099.8012090006
Davidson #2: -2099.8019429852
Davidson #3: -2099.8021326062
Davidson #4: -2099.8022079020
Davidson #5: -2099.8022438074
Davidson #6: -2099.8022839740
Davidson #7: -2099.8023318779
Davidson #8: -2099.8023608175
END OF diagonalize sparse hamiltonian [49.9/58.7]GB [18.821/212.168/215.939]s
Iteration 1 eps1= 1.00e-04 ndets= 3,187,601 energy= -2099.80236082
END OF #1 << main << eps_var 1.00e-04 << variation [49.9/58.7]GB [0.001/212.168/215.939]s

BEG OF #2 << main << eps_var 1.00e-04 << variation [49.9/58.7]GB [0.331/0.320/216.269]s
10% 20% 30% 40% 50% 60% 70% 80% 90% 100% 
Number of dets / new dets: 3,411,817 / 224,216
END OF get next det list [48.3/57.1]GB [37.660/37.660/253.609]s
END OF update unique ab [48.4/57.2]GB [1.055/38.714/254.664]s
END OF create abm1 [48.4/57.2]GB [2.086/40.794/256.744]s
Outer size of a/b singles: 837,740 / 0
Full size of absingles: 24,062,938
END OF create absingles [48.5/57.2]GB [8.986/49.771/265.720]s
10% 20% 30% 40% 50% 60% 70% 80% 90% 100% 
Number of nonzero elems: 973,470,879
END OF generate sparse hamiltonian [46.7/55.4]GB [31.169/80.926/296.875]s
Davidson #0: -2099.8023608175
Davidson #1: -2099.8034013320
Davidson #2: -2099.8034958398
Davidson #3: -2099.8035303892
Davidson #4: -2099.8035567796
Davidson #5: -2099.8035682150
Davidson #6: -2099.8035815683
Davidson #7: -2099.8035941438
Davidson #8: -2099.8036136538
END OF diagonalize sparse hamiltonian [47.2/56.0]GB [18.499/99.423/315.373]s
Iteration 2 eps1= 1.00e-04 ndets= 3,411,817 energy= -2099.80361365
END OF #2 << main << eps_var 1.00e-04 << variation [47.2/56.0]GB [0.001/99.424/315.373]s

BEG OF #3 << main << eps_var 1.00e-04 << variation [47.3/56.0]GB [0.184/0.170/315.557]s
10% 20% 30% 40% 50% 60% 70% 80% 90% 100% 
Number of dets / new dets: 3,524,606 / 112,789
END OF get next det list [48.0/56.8]GB [28.092/28.092/343.479]s
END OF update unique ab [48.0/56.8]GB [0.589/28.680/344.067]s
END OF create abm1 [48.0/56.8]GB [1.193/29.870/345.257]s
Outer size of a/b singles: 859,563 / 0
Full size of absingles: 18,405,040
END OF create absingles [48.1/56.8]GB [7.400/37.262/352.649]s
10% 20% 30% 40% 50% 60% 70% 80% 90% 100% 
Number of nonzero elems: 993,039,274
END OF generate sparse hamiltonian [48.1/56.8]GB [21.978/59.230/374.617]s
Davidson #0: -2099.8036136537
Davidson #1: -2099.8040861191
Davidson #2: -2099.8041201152
Davidson #3: -2099.8041303970
Davidson #4: -2099.8041386092
Davidson #5: -2099.8041431709
Davidson #6: -2099.8041484038
Davidson #7: -2099.8041573900
Davidson #8: -2099.8041666454
END OF diagonalize sparse hamiltonian [47.7/56.5]GB [18.443/77.669/393.055]s
Iteration 3 eps1= 1.00e-04 ndets= 3,524,606 energy= -2099.80416665
END OF #3 << main << eps_var 1.00e-04 << variation [47.7/56.5]GB [0.001/77.669/393.056]s

BEG OF #4 << main << eps_var 1.00e-04 << variation [47.7/56.5]GB [0.001/0.000/393.056]s
10% 20% 30% 40% 50% 60% 70% 80% 90% 100% 
Number of dets / new dets: 3,596,277 / 71,671
END OF get next det list [47.6/56.4]GB [22.606/22.606/415.662]s
END OF update unique ab [47.6/56.4]GB [0.395/23.000/416.056]s
END OF create abm1 [47.6/56.4]GB [0.857/23.854/416.910]s
Outer size of a/b singles: 872,759 / 0
Full size of absingles: 14,819,938
END OF create absingles [47.6/56.4]GB [5.941/29.791/422.847]s
10% 20% 30% 40% 50% 60% 70% 80% 90% 100% 
Number of nonzero elems: 1,006,398,717
END OF generate sparse hamiltonian [47.8/56.6]GB [18.421/48.006/441.062]s
Davidson #0: -2099.8041666454
Davidson #1: -2099.8044620441
Davidson #2: -2099.8044725774
Davidson #3: -2099.8044773995
Davidson #4: -2099.8044806721
Davidson #5: -2099.8044823345
Davidson #6: -2099.8044849664
Davidson #7: -2099.8044879230
Davidson #8: -2099.8044925679
END OF diagonalize sparse hamiltonian [47.9/56.6]GB [19.108/67.113/460.168]s
Iteration 4 eps1= 1.00e-04 ndets= 3,596,277 energy= -2099.80449257
END OF #4 << main << eps_var 1.00e-04 << variation [47.9/56.6]GB [0.001/67.113/460.169]s

BEG OF #5 << main << eps_var 1.00e-04 << variation [47.9/56.6]GB [0.178/0.177/460.346]s
10% 20% 30% 40% 50% 60% 70% 80% 90% 100% 
Number of dets / new dets: 3,637,949 / 41,672
END OF get next det list [48.1/56.8]GB [22.011/22.011/482.180]s
END OF update unique ab [48.1/56.9]GB [0.323/22.333/482.502]s
END OF create abm1 [48.1/56.9]GB [0.551/22.882/483.051]s
Outer size of a/b singles: 880,349 / 0
Full size of absingles: 11,133,064
END OF create absingles [48.1/56.9]GB [5.646/28.519/488.688]s
10% 20% 30% 40% 50% 60% 70% 80% 90% 100% 
Number of nonzero elems: 1,014,332,541
END OF generate sparse hamiltonian [48.1/56.8]GB [14.577/42.974/503.143]s
Davidson #0: -2099.8044925679
Davidson #1: -2099.8046581530
Davidson #2: -2099.8046641716
Davidson #3: -2099.8046661953
Davidson #4: -2099.8046676060
Davidson #5: -2099.8046682437
Davidson #6: -2099.8046691502
Davidson #7: -2099.8046707237
Davidson #8: -2099.8046726982
END OF diagonalize sparse hamiltonian [48.3/57.1]GB [19.453/62.423/522.592]s
Iteration 5 eps1= 1.00e-04 ndets= 3,637,949 energy= -2099.80467270
END OF #5 << main << eps_var 1.00e-04 << variation [48.3/57.1]GB [0.001/62.423/522.592]s

BEG OF #6 << main << eps_var 1.00e-04 << variation [48.3/57.1]GB [0.002/0.000/522.594]s
10% 20% 30% 40% 50% 60% 70% 80% 90% 100% 
Number of dets / new dets: 3,664,848 / 26,899
END OF get next det list [48.6/57.3]GB [19.455/19.455/542.049]s
END OF update unique ab [48.6/57.3]GB [0.229/19.683/542.276]s
END OF create abm1 [48.6/57.3]GB [0.410/20.091/542.684]s
Outer size of a/b singles: 885,267 / 0
Full size of absingles: 8,444,726
END OF create absingles [48.6/57.3]GB [4.538/24.620/547.214]s
10% 20% 30% 40% 50% 60% 70% 80% 90% 100% 
Number of nonzero elems: 1,019,868,436
END OF generate sparse hamiltonian [48.6/57.3]GB [12.976/37.587/560.181]s
Davidson #0: -2099.8046726983
Davidson #1: -2099.8047774718
Davidson #2: -2099.8047811563
Davidson #3: -2099.8047822473
Davidson #4: -2099.8047827814
Davidson #5: -2099.8047830110
Davidson #6: -2099.8047834107
Davidson #7: -2099.8047841697
Davidson #8: -2099.8047849741
END OF diagonalize sparse hamiltonian [48.2/57.0]GB [19.511/57.096/579.690]s
Iteration 6 eps1= 1.00e-04 ndets= 3,664,848 energy= -2099.80478497
END OF #6 << main << eps_var 1.00e-04 << variation [48.2/57.0]GB [0.001/57.096/579.690]s

BEG OF #7 << main << eps_var 1.00e-04 << variation [48.2/57.0]GB [0.001/0.000/579.691]s
10% 20% 30% 40% 50% 60% 70% 80% 90% 100% 
Number of dets / new dets: 3,682,381 / 17,533
END OF get next det list [48.1/56.9]GB [17.242/17.242/596.932]s
END OF update unique ab [48.1/56.9]GB [0.156/17.397/597.087]s
END OF create abm1 [48.1/56.9]GB [0.288/17.682/597.373]s
Outer size of a/b singles: 888,371 / 0
Full size of absingles: 6,107,752
END OF create absingles [48.1/56.9]GB [4.177/21.854/601.544]s
10% 20% 30% 40% 50% 60% 70% 80% 90% 100% 
Number of nonzero elems: 1,023,193,049
END OF generate sparse hamiltonian [48.1/56.9]GB [9.986/31.832/611.522]s
Davidson #0: -2099.8047849742
Davidson #1: -2099.8048539324
Davidson #2: -2099.8048551393
Davidson #3: -2099.8048556997
Davidson #4: -2099.8048559000
Davidson #5: -2099.8048559872
Davidson #6: -2099.8048561781
Davidson #7: -2099.8048564411
Davidson #8: -2099.8048568148
END OF diagonalize sparse hamiltonian [48.3/57.0]GB [19.541/51.369/631.059]s
Iteration 7 eps1= 1.00e-04 ndets= 3,682,381 energy= -2099.80485681
END OF #7 << main << eps_var 1.00e-04 << variation [48.3/57.0]GB [0.002/51.370/631.060]s

BEG OF #8 << main << eps_var 1.00e-04 << variation [48.3/57.0]GB [0.001/0.000/631.061]s
10% 20% 30% 40% 50% 60% 70% 80% 90% 100% 
Number of dets / new dets: 3,692,000 / 9,619
END OF get next det list [48.2/56.9]GB [15.574/15.574/646.635]s
END OF update unique ab [48.2/56.9]GB [0.125/15.698/646.758]s
END OF create abm1 [48.2/56.9]GB [0.198/15.892/646.953]s
Outer size of a/b singles: 890,112 / 0
Full size of absingles: 4,141,312
END OF create absingles [48.2/56.9]GB [3.230/19.121/650.181]s
10% 20% 30% 40% 50% 60% 70% 80% 90% 100% 
Number of nonzero elems: 1,025,096,026
END OF generate sparse hamiltonian [48.2/56.9]GB [8.603/27.603/658.664]s
Davidson #0: -2099.8048568148
Davidson #1: -2099.8048922763
Davidson #2: -2099.8048928572
Davidson #3: -2099.8048931142
Davidson #4: -2099.8048932014
Davidson #5: -2099.8048932313
Davidson #6: -2099.8048932872
Davidson #7: -2099.8048933776
Davidson #8: -2099.8048935040
END OF diagonalize sparse hamiltonian [48.2/56.9]GB [19.750/47.352/678.412]s
Iteration 8 eps1= 1.00e-04 ndets= 3,692,000 energy= -2099.80489350
END OF #8 << main << eps_var 1.00e-04 << variation [48.2/56.9]GB [0.001/47.352/678.413]s

BEG OF #9 << main << eps_var 1.00e-04 << variation [48.2/56.9]GB [0.110/0.109/678.522]s
10% 20% 30% 40% 50% 60% 70% 80% 90% 100% 
Number of dets / new dets: 3,694,404 / 2,404
END OF get next det list [48.7/57.5]GB [13.804/13.804/692.217]s
END OF update unique ab [48.7/57.4]GB [0.058/13.862/692.275]s
END OF create abm1 [48.6/57.4]GB [0.077/13.937/692.350]s
Outer size of a/b singles: 890,463 / 0
Full size of absingles: 1,337,266
END OF create absingles [48.6/57.4]GB [1.927/15.863/694.276]s
10% 20% 30% 40% 50% 60% 70% 80% 90% 100% 
Number of nonzero elems: 1,025,549,122
END OF generate sparse hamiltonian [48.7/57.5]GB [4.341/20.188/698.601]s
Davidson #0: -2099.8048935040
Davidson #1: -2099.8049022588
Davidson #2: -2099.8049025914
Davidson #3: -2099.8049026724
Davidson #4: -2099.8049026971
Davidson #5: -2099.8049027057
END OF diagonalize sparse hamiltonian [48.6/57.4]GB [12.486/32.673/711.086]s
Iteration 9 eps1= 1.00e-04 ndets= 3,694,404 energy= -2099.80490271
END OF #9 << main << eps_var 1.00e-04 << variation [48.6/57.4]GB [0.001/32.673/711.086]s
Final iteration 9 eps1= 1.00e-04 ndets= 3,694,404 energy= -2099.80490271
Effect dets (without time sym): 7,383,577
----------------------------------------
Excite Lv       # dets         Sum c^2
0                    1      0.03778721
1                  160      0.00005429
2                44317      0.27797055
3               192664      0.00847616
4              1089726      0.41234475
5              1205088      0.02046835
6              2396940      0.19548432
7               981244      0.01150312
8              1124231      0.03237732
9               191126      0.00183035
10              145675      0.00161965
11                8382      0.00006413
12                3969      0.00001978
13                  54      0.00000002
----------------------------------------
Orbital                        Sum c^2
0                           1.99617067
1                           1.99605514
2                           1.98903674
3                           1.98903674
4                           1.98889690
5                           1.98874402
6                           1.98874402
7                           1.98777578
8                           1.94721900
9                           1.35743131
10                          1.35743158
11                          1.34783008
12                          1.09321210
13                          1.09321239
14                          0.89359502
15                          0.89359530
16                          0.63974204
17                          0.62924832
18                          0.62924858
19                          0.01753644
20                          0.01123612
21                          0.01123612
22                          0.00893045
23                          0.00893044
24                          0.00814674
25                          0.01011424
26                          0.01011424
27                          0.00615400
28                          0.00615400
29                          0.01045149
30                          0.00579382
31                          0.00448041
32                          0.00448041
33                          0.00326232
34                          0.00326232
35                          0.00309531
36                          0.00309531
37                          0.00327064
38                          0.00297293
39                          0.00297293
40                          0.00288390
41                          0.00288390
42                          0.00267106
43                          0.00267106
44                          0.00255108
45                          0.00255108
46                          0.00255464
47                          0.00309439
48                          0.00366647
49                          0.00366647
Sum orbitals c^2: 28.00000000
----------------------------------------
Most important dets:
Excite Lv         Coef      Det (Reordered orb)
2           0.20769612      |  0  1  2  3  4  5  6  7  8  9 10 11 13 14 |  0  1  2  3  4  5  6  7  8  9 10 11 12 15 |
0           0.19438933      |  0  1  2  3  4  5  6  7  8  9 10 11 12 13 |  0  1  2  3  4  5  6  7  8  9 10 11 12 13 |
2          -0.15601457      |  0  1  2  3  4  5  6  7  8  9 10 11 13 15 |  0  1  2  3  4  5  6  7  8  9 10 11 13 15 |
2          -0.15601450      |  0  1  2  3  4  5  6  7  8  9 10 11 12 14 |  0  1  2  3  4  5  6  7  8  9 10 11 12 14 |
2          -0.14475734      |  0  1  2  3  4  5  6  7  8  9 10 12 13 15 |  0  1  2  3  4  5  6  7  8  9 10 11 13 16 |
2           0.14475688      |  0  1  2  3  4  5  6  7  8  9 10 12 13 14 |  0  1  2  3  4  5  6  7  8  9 10 11 12 16 |
2           0.14325918      |  0  1  2  3  4  5  6  7  8 10 11 12 13 15 |  0  1  2  3  4  5  6  7  8  9 10 11 13 18 |
2           0.14325912      |  0  1  2  3  4  5  6  7  8  9 11 12 13 14 |  0  1  2  3  4  5  6  7  8  9 10 11 12 17 |
2          -0.14022311      |  0  1  2  3  4  5  6  7  8 10 11 12 13 14 |  0  1  2  3  4  5  6  7  8  9 10 11 12 18 |
2          -0.14022308      |  0  1  2  3  4  5  6  7  8  9 11 12 13 15 |  0  1  2  3  4  5  6  7  8  9 10 11 13 17 |
4           0.12755723      |  0  1  2  3  4  5  6  7  8  9 10 11 14 15 |  0  1  2  3  4  5  6  7  8  9 10 11 14 15 |
4          -0.12042558      |  0  1  2  3  4  5  6  7  8  9 10 13 14 15 |  0  1  2  3  4  5  6  7  8  9 10 11 15 16 |
4           0.12042525      |  0  1  2  3  4  5  6  7  8  9 10 12 14 15 |  0  1  2  3  4  5  6  7  8  9 10 11 14 16 |
4          -0.11823803      |  0  1  2  3  4  5  6  7  8 10 11 12 14 15 |  0  1  2  3  4  5  6  7  8  9 10 11 14 18 |
4          -0.11823802      |  0  1  2  3  4  5  6  7  8  9 11 13 14 15 |  0  1  2  3  4  5  6  7  8  9 10 11 15 17 |
4           0.11673182      |  0  1  2  3  4  5  6  7  8 10 11 13 14 15 |  0  1  2  3  4  5  6  7  8  9 10 11 15 18 |
4           0.11673179      |  0  1  2  3  4  5  6  7  8  9 11 12 14 15 |  0  1  2  3  4  5  6  7  8  9 10 11 14 17 |
2           0.10472716      |  0  1  2  3  4  5  6  7  8 10 11 12 13 17 |  0  1  2  3  4  5  6  7  8  9 11 12 13 18 |
4          -0.10232770      |  0  1  2  3  4  5  6  7  8  9 10 13 14 16 |  0  1  2  3  4  5  6  7  8  9 10 12 15 16 |
2           0.10010689      |  0  1  2  3  4  5  6  7  8 10 11 12 13 16 |  0  1  2  3  4  5  6  7  8  9 10 12 13 18 |
----------------------------------------
END OF main << eps_var 1.00e-04 << variation [48.6/57.4]GB [2.844/710.164/713.930]s
Variational results saved to: wf_eps1_1.00e-04.dat
END OF eps_var 1.00e-04 << variation [48.6/57.4]GB [282.476/992.654/996.405]s

BEG OF eps_var 5.00e-05 << variation [48.6/57.4]GB [0.001/0.000/996.405]s

BEG OF main << eps_var 5.00e-05 << variation [48.6/57.4]GB [0.019/0.001/996.424]s

BEG OF #1 << main << eps_var 5.00e-05 << variation [48.6/57.4]GB [0.004/0.000/996.428]s
10% 20% 30% 40% 50% 60% 70% 80% 90% 100% 
Number of dets / new dets: 11,150,479 / 7,456,075
END OF get next det list [69.4/78.1]GB [62.845/62.845/1059.272]s
END OF update unique ab [74.6/83.3]GB [20.029/82.873/1079.300]s
END OF create abm1 [98.6/107.4]GB [28.083/110.945/1107.373]s
Outer size of a/b singles: 1,953,265 / 0
Full size of absingles: 151,367,220
END OF create absingles [117.8/126.5]GB [82.013/192.950/1189.377]s
10% 20% [r088.pvt.bridges.psc.edu:mpispawn_0][child_handler] MPI process (rank: 3, pid: 15222) terminated with signal 9 -> abort job
[r088.pvt.bridges.psc.edu:mpispawn_0][readline] Unexpected End-Of-File on file descriptor 18. MPI process died?
[r088.pvt.bridges.psc.edu:mpispawn_0][mtpmi_processops] Error while reading PMI socket. MPI process died?
[r088.pvt.bridges.psc.edu:mpirun_rsh][process_mpispawn_connection] mpispawn_0 from node r088 aborted: MPI process error (1)
