l[021-022]
80
Semistochastic Heat-bath Configuration Interation (SHCI)

Start time: Tue Nov 20 19:24:16 2018
Infrastructure: 2 nodes * 80 threads
Configuration:
{
  "chem": {
    "irrep_occs_dn": [
      4,
      2,
      1,
      2,
      1,
      2,
      1,
      0,
      1,
      0
    ],
    "irrep_occs_up": [
      4,
      2,
      1,
      2,
      1,
      2,
      1,
      0,
      1,
      0
    ],
    "irreps": [
      1,
      2,
      3,
      4,
      5,
      6,
      7,
      8,
      9,
      10
    ],
    "point_group": "dih"
  },
  "eps_vars": [
    0.0001,
    5e-05,
    3e-05,
    2e-05,
    1e-05,
    5e-06
  ],
  "eps_vars_schedule": [
    0.005,
    0.005,
    0.005,
    0.003,
    0.003,
    0.003,
    0.002,
    0.002,
    0.002,
    0.001,
    0.001,
    0.001,
    0.0005,
    0.0005,
    0.0005,
    0.0003,
    0.0003,
    0.0003,
    0.0002,
    0.0002,
    0.0002
  ],
  "n_dn": 14,
  "n_up": 14,
  "system": "chem",
  "time_sym": true
}
Timing format: [DIFF/SECTION/TOTAL]

BEG OF setup [0.0/107.3]GB [0.001/0.001/0.001]s

BEG OF load integrals << setup [0.0/107.3]GB [0.004/0.000/0.004]s
n_orbs: 76
n_elecs (from FCIDUMP): 28
orb_sym: 1 2 6 -6 1 -5 5 2 1 6 -6 1 7 -7 -8 8 2 -5 5 2 6 -6 7 -7 1 6 -6 8 -8 1 2 -5 5 6 -6 7 -7 1 -10 10 9 -9 8 -8 -5 5 2 1 5 -5 2 2 6 -6 1 1 7 -7 6 -6 2 1 -8 8 -5 5 2 2 1 6 -6 5 -5 -5 5 2 
Convert to Adam's notation:
1 2 4 6 1 5 3 2 1 4 6 1 7 9 10 8 2 5 3 2 4 6 7 9 1 4 6 8 10 1 2 5 3 4 6 7 9 1 14 12 11 13 8 10 5 3 2 1 3 5 2 2 4 6 1 1 7 9 4 6 2 1 10 8 5 3 2 2 1 4 6 3 5 5 3 2 
END OF load fcidump [0.1/107.4]GB [1.461/1.461/1.465]s
HF det up: 0 1 2 3 4 5 6 7 8 9 10 11 12 13 
HF det dn: 0 1 2 3 4 5 6 7 8 9 10 11 12 13 
Reorder skipped.
Orbitals energy:
#  0: E =  -3.434365657574, sym =  1, origin #  0
#  1: E =  -3.428306043085, sym =  2, origin #  1
#  2: E =  -2.149945982168, sym =  4, origin #  2
#  3: E =  -2.149945982168, sym =  6, origin #  3
#  4: E =  -2.168773927074, sym =  1, origin #  4
#  5: E =  -2.137224516411, sym =  5, origin #  5
#  6: E =  -2.137224516411, sym =  3, origin #  6
#  7: E =  -2.124716634211, sym =  2, origin #  7
#  8: E =  -0.210228429492, sym =  1, origin #  8
#  9: E =  -0.176518110031, sym =  4, origin #  9
# 10: E =  -0.176518110031, sym =  6, origin # 10
# 11: E =  -0.187023283157, sym =  1, origin # 11
# 12: E =  -0.129529440975, sym =  7, origin # 12
# 13: E =  -0.129529440975, sym =  9, origin # 13
# 14: E =   0.120555090037, sym = 10, origin # 14
# 15: E =   0.120555090037, sym =  8, origin # 15
# 16: E =   0.170052890162, sym =  2, origin # 16
# 17: E =   0.176174244226, sym =  5, origin # 17
# 18: E =   0.176174244226, sym =  3, origin # 18
# 19: E =   0.368344626927, sym =  2, origin # 19
# 20: E =   1.025061693648, sym =  4, origin # 20
# 21: E =   1.025061693648, sym =  6, origin # 21
# 22: E =   1.013195392729, sym =  7, origin # 22
# 23: E =   1.013195392729, sym =  9, origin # 23
# 24: E =   1.225467438300, sym =  1, origin # 24
# 25: E =   0.337195904991, sym =  4, origin # 25
# 26: E =   0.337195904991, sym =  6, origin # 26
# 27: E =   1.250060666983, sym =  8, origin # 27
# 28: E =   1.250060666983, sym = 10, origin # 28
# 29: E =   0.352670053254, sym =  1, origin # 29
# 30: E =   1.329989474726, sym =  2, origin # 30
# 31: E =   1.477931239369, sym =  5, origin # 31
# 32: E =   1.477931239369, sym =  3, origin # 32
# 33: E =   2.256786913882, sym =  4, origin # 33
# 34: E =   2.256786913882, sym =  6, origin # 34
# 35: E =   2.348713735130, sym =  7, origin # 35
# 36: E =   2.348713735130, sym =  9, origin # 36
# 37: E =   2.336979678996, sym =  1, origin # 37
# 38: E =   2.441845207535, sym = 14, origin # 38
# 39: E =   2.441845207535, sym = 12, origin # 39
# 40: E =   2.482694724597, sym = 11, origin # 40
# 41: E =   2.482694724597, sym = 13, origin # 41
# 42: E =   2.597594910380, sym =  8, origin # 42
# 43: E =   2.597594910380, sym = 10, origin # 43
# 44: E =   2.880902161325, sym =  5, origin # 44
# 45: E =   2.880902161325, sym =  3, origin # 45
# 46: E =   3.075622790984, sym =  2, origin # 46
# 47: E =   1.468531644534, sym =  1, origin # 47
# 48: E =   0.541995493843, sym =  3, origin # 48
# 49: E =   0.541995493843, sym =  5, origin # 49
# 50: E =   1.428383799738, sym =  2, origin # 50
# 51: E =   1.334374083469, sym =  2, origin # 51
# 52: E =   0.420440372509, sym =  4, origin # 52
# 53: E =   0.420440372509, sym =  6, origin # 53
# 54: E =   0.607469279125, sym =  1, origin # 54
# 55: E =   0.502740274586, sym =  1, origin # 55
# 56: E =   0.648080546582, sym =  7, origin # 56
# 57: E =   0.648080546582, sym =  9, origin # 57
# 58: E =   0.646004365874, sym =  4, origin # 58
# 59: E =   0.646004365874, sym =  6, origin # 59
# 60: E =   1.283966308538, sym =  2, origin # 60
# 61: E =   0.592446290346, sym =  1, origin # 61
# 62: E =   0.566227650315, sym = 10, origin # 62
# 63: E =   0.566227650315, sym =  8, origin # 63
# 64: E =   0.530812800430, sym =  5, origin # 64
# 65: E =   0.530812800430, sym =  3, origin # 65
# 66: E =   0.700673483613, sym =  2, origin # 66
# 67: E =   1.028767623766, sym =  2, origin # 67
# 68: E =   0.238214143904, sym =  1, origin # 68
# 69: E =   0.344522247188, sym =  4, origin # 69
# 70: E =   0.344522247188, sym =  6, origin # 70
# 71: E =   0.840253515530, sym =  3, origin # 71
# 72: E =   0.840253515530, sym =  5, origin # 72
# 73: E =   0.162855298578, sym =  5, origin # 73
# 74: E =   0.162855298578, sym =  3, origin # 74
# 75: E =   0.131896620625, sym =  2, origin # 75
HF det up: 0 1 2 3 4 5 6 7 8 9 10 11 12 13 
HF det dn: 0 1 2 3 4 5 6 7 8 9 10 11 12 13 
END OF reorder orbitals [0.1/107.4]GB [0.058/1.519/1.522]s
FCIDUMP cache saved to: integrals_cache.dat
END OF load integrals << setup [0.1/107.4]GB [0.097/1.616/1.619]s

BEG OF setup hci queue << setup [0.1/107.4]GB [0.000/0.000/1.620]s
Max hci queue elem: 0.3807566733 Ha
Number of entries in hci queue: 1,782,642
END OF setup hci queue << setup [0.1/107.4]GB [0.107/0.107/1.726]s
HF energy: -2098.1397721707 Ha
END OF setup [0.1/107.4]GB [0.006/1.732/1.732]s

BEG OF variation [0.1/107.4]GB [0.001/0.000/1.732]s
Final iteration 0 HF ndets= 1 energy= -2098.13977217

BEG OF eps_var 1.00e-04 << variation [0.1/107.4]GB [0.001/0.000/1.733]s
Loaded 3,694,404 dets from: wf_eps1_1.00e-04.dat
Effect dets (without time sym): 7,383,577
----------------------------------------
Excite Lv       # dets         Sum c^2
0                    1      0.03778721
1                  160      0.00005429
2                44317      0.27797055
3               192664      0.00847616
4              1089726      0.41234475
5              1205088      0.02046835
6              2396940      0.19548432
7               981244      0.01150312
8              1124231      0.03237732
9               191126      0.00183035
10              145675      0.00161965
11                8382      0.00006413
12                3969      0.00001978
13                  54      0.00000002
----------------------------------------
Orbital                        Sum c^2
0                           1.99617067
1                           1.99605514
2                           1.98903674
3                           1.98903674
4                           1.98889690
5                           1.98874402
6                           1.98874402
7                           1.98777578
8                           1.94721900
9                           1.35743131
10                          1.35743158
11                          1.34783008
12                          1.09321210
13                          1.09321239
14                          0.89359502
15                          0.89359530
16                          0.63974204
17                          0.62924832
18                          0.62924858
19                          0.01753644
20                          0.01123612
21                          0.01123612
22                          0.00893045
23                          0.00893044
24                          0.00814674
25                          0.01011424
26                          0.01011424
27                          0.00615400
28                          0.00615400
29                          0.01045149
30                          0.00579382
31                          0.00448041
32                          0.00448041
33                          0.00326232
34                          0.00326232
35                          0.00309531
36                          0.00309531
37                          0.00327064
38                          0.00297293
39                          0.00297293
40                          0.00288390
41                          0.00288390
42                          0.00267106
43                          0.00267106
44                          0.00255108
45                          0.00255108
46                          0.00255464
47                          0.00309439
48                          0.00366647
49                          0.00366647
Sum orbitals c^2: 28.00000000
----------------------------------------
Most important dets:
Excite Lv         Coef      Det (Reordered orb)
2           0.20769612      |  0  1  2  3  4  5  6  7  8  9 10 11 13 14 |  0  1  2  3  4  5  6  7  8  9 10 11 12 15 |
0           0.19438933      |  0  1  2  3  4  5  6  7  8  9 10 11 12 13 |  0  1  2  3  4  5  6  7  8  9 10 11 12 13 |
2          -0.15601457      |  0  1  2  3  4  5  6  7  8  9 10 11 13 15 |  0  1  2  3  4  5  6  7  8  9 10 11 13 15 |
2          -0.15601450      |  0  1  2  3  4  5  6  7  8  9 10 11 12 14 |  0  1  2  3  4  5  6  7  8  9 10 11 12 14 |
2          -0.14475734      |  0  1  2  3  4  5  6  7  8  9 10 12 13 15 |  0  1  2  3  4  5  6  7  8  9 10 11 13 16 |
2           0.14475688      |  0  1  2  3  4  5  6  7  8  9 10 12 13 14 |  0  1  2  3  4  5  6  7  8  9 10 11 12 16 |
2           0.14325918      |  0  1  2  3  4  5  6  7  8 10 11 12 13 15 |  0  1  2  3  4  5  6  7  8  9 10 11 13 18 |
2           0.14325912      |  0  1  2  3  4  5  6  7  8  9 11 12 13 14 |  0  1  2  3  4  5  6  7  8  9 10 11 12 17 |
2          -0.14022311      |  0  1  2  3  4  5  6  7  8 10 11 12 13 14 |  0  1  2  3  4  5  6  7  8  9 10 11 12 18 |
2          -0.14022308      |  0  1  2  3  4  5  6  7  8  9 11 12 13 15 |  0  1  2  3  4  5  6  7  8  9 10 11 13 17 |
4           0.12755723      |  0  1  2  3  4  5  6  7  8  9 10 11 14 15 |  0  1  2  3  4  5  6  7  8  9 10 11 14 15 |
4          -0.12042558      |  0  1  2  3  4  5  6  7  8  9 10 13 14 15 |  0  1  2  3  4  5  6  7  8  9 10 11 15 16 |
4           0.12042525      |  0  1  2  3  4  5  6  7  8  9 10 12 14 15 |  0  1  2  3  4  5  6  7  8  9 10 11 14 16 |
4          -0.11823803      |  0  1  2  3  4  5  6  7  8 10 11 12 14 15 |  0  1  2  3  4  5  6  7  8  9 10 11 14 18 |
4          -0.11823802      |  0  1  2  3  4  5  6  7  8  9 11 13 14 15 |  0  1  2  3  4  5  6  7  8  9 10 11 15 17 |
4           0.11673182      |  0  1  2  3  4  5  6  7  8 10 11 13 14 15 |  0  1  2  3  4  5  6  7  8  9 10 11 15 18 |
4           0.11673179      |  0  1  2  3  4  5  6  7  8  9 11 12 14 15 |  0  1  2  3  4  5  6  7  8  9 10 11 14 17 |
2           0.10472716      |  0  1  2  3  4  5  6  7  8 10 11 12 13 17 |  0  1  2  3  4  5  6  7  8  9 11 12 13 18 |
4          -0.10232770      |  0  1  2  3  4  5  6  7  8  9 10 13 14 16 |  0  1  2  3  4  5  6  7  8  9 10 12 15 16 |
2           0.10010689      |  0  1  2  3  4  5  6  7  8 10 11 12 13 16 |  0  1  2  3  4  5  6  7  8  9 10 12 13 18 |
----------------------------------------
HF energy: -2098.1397721707 Ha
Variational energy: -2099.8049027057 Ha
END OF eps_var 1.00e-04 << variation [0.7/108.0]GB [4.939/4.939/6.672]s

BEG OF eps_var 5.00e-05 << variation [0.7/108.0]GB [0.001/0.000/6.672]s
Loaded 14,290,741 dets from: wf_eps1_5.00e-05.dat
Effect dets (without time sym): 28,571,642
----------------------------------------
Excite Lv       # dets         Sum c^2
0                    1      0.04582124
1                  178      0.00012119
2                60495      0.29031983
3               527076      0.01002291
4              3263075      0.39650228
5              4884766      0.02190644
6              8751940      0.18551831
7              4534446      0.01215256
8              4629400      0.03327904
9              1085912      0.00214377
10              720844      0.00207314
11               81578      0.00010351
12               30101      0.00003544
13                1306      0.00000030
14                 524      0.00000004
----------------------------------------
Orbital                        Sum c^2
0                           1.99605720
1                           1.99595483
2                           1.98849384
3                           1.98849383
4                           1.98834636
5                           1.98813743
6                           1.98813743
7                           1.98707854
8                           1.90825355
9                           1.38549157
10                          1.38549148
11                          1.37597317
12                          1.10585803
13                          1.10585812
14                          0.87880964
15                          0.87880968
16                          0.60966361
17                          0.59885757
18                          0.59885747
19                          0.04097592
20                          0.01301374
21                          0.01301372
22                          0.01025949
23                          0.01025947
24                          0.00919147
25                          0.01356940
26                          0.01356941
27                          0.00674186
28                          0.00674183
29                          0.01293559
30                          0.00631607
31                          0.00474029
32                          0.00474028
33                          0.00343047
34                          0.00343047
35                          0.00323922
36                          0.00323922
37                          0.00344618
38                          0.00315016
39                          0.00315016
40                          0.00304257
41                          0.00304257
42                          0.00275556
43                          0.00275556
44                          0.00261686
45                          0.00261686
46                          0.00262166
47                          0.00333825
48                          0.00386596
49                          0.00386597
Sum orbitals c^2: 28.00000000
----------------------------------------
Most important dets:
Excite Lv         Coef      Det (Reordered orb)
0           0.21405897      |  0  1  2  3  4  5  6  7  8  9 10 11 12 13 |  0  1  2  3  4  5  6  7  8  9 10 11 12 13 |
2           0.21060228      |  0  1  2  3  4  5  6  7  8  9 10 11 13 14 |  0  1  2  3  4  5  6  7  8  9 10 11 12 15 |
2          -0.16616342      |  0  1  2  3  4  5  6  7  8  9 10 11 13 15 |  0  1  2  3  4  5  6  7  8  9 10 11 13 15 |
2          -0.16616328      |  0  1  2  3  4  5  6  7  8  9 10 11 12 14 |  0  1  2  3  4  5  6  7  8  9 10 11 12 14 |
2          -0.14373773      |  0  1  2  3  4  5  6  7  8  9 10 12 13 15 |  0  1  2  3  4  5  6  7  8  9 10 11 13 16 |
2           0.14373763      |  0  1  2  3  4  5  6  7  8  9 10 12 13 14 |  0  1  2  3  4  5  6  7  8  9 10 11 12 16 |
2           0.14227406      |  0  1  2  3  4  5  6  7  8 10 11 12 13 15 |  0  1  2  3  4  5  6  7  8  9 10 11 13 18 |
2           0.14227404      |  0  1  2  3  4  5  6  7  8  9 11 12 13 14 |  0  1  2  3  4  5  6  7  8  9 10 11 12 17 |
2          -0.13834090      |  0  1  2  3  4  5  6  7  8  9 11 12 13 15 |  0  1  2  3  4  5  6  7  8  9 10 11 13 17 |
2          -0.13834089      |  0  1  2  3  4  5  6  7  8 10 11 12 13 14 |  0  1  2  3  4  5  6  7  8  9 10 11 12 18 |
4           0.13218004      |  0  1  2  3  4  5  6  7  8  9 10 11 14 15 |  0  1  2  3  4  5  6  7  8  9 10 11 14 15 |
4           0.11642455      |  0  1  2  3  4  5  6  7  8  9 10 12 14 15 |  0  1  2  3  4  5  6  7  8  9 10 11 14 16 |
4          -0.11642454      |  0  1  2  3  4  5  6  7  8  9 10 13 14 15 |  0  1  2  3  4  5  6  7  8  9 10 11 15 16 |
4          -0.11424640      |  0  1  2  3  4  5  6  7  8  9 11 13 14 15 |  0  1  2  3  4  5  6  7  8  9 10 11 15 17 |
4          -0.11424635      |  0  1  2  3  4  5  6  7  8 10 11 12 14 15 |  0  1  2  3  4  5  6  7  8  9 10 11 14 18 |
4           0.11241539      |  0  1  2  3  4  5  6  7  8 10 11 13 14 15 |  0  1  2  3  4  5  6  7  8  9 10 11 15 18 |
4           0.11241537      |  0  1  2  3  4  5  6  7  8  9 11 12 14 15 |  0  1  2  3  4  5  6  7  8  9 10 11 14 17 |
2           0.10210522      |  0  1  2  3  4  5  6  7  8 10 11 12 13 17 |  0  1  2  3  4  5  6  7  8  9 11 12 13 18 |
4          -0.09800261      |  0  1  2  3  4  5  6  7  8  9 10 13 14 16 |  0  1  2  3  4  5  6  7  8  9 10 12 15 16 |
2          -0.09629196      |  0  1  2  3  4  5  6  7  8  9 11 12 13 16 |  0  1  2  3  4  5  6  7  8  9 10 12 13 17 |
----------------------------------------
HF energy: -2098.1397721707 Ha
Variational energy: -2099.8267545822 Ha
END OF eps_var 5.00e-05 << variation [2.2/109.5]GB [19.246/19.246/25.918]s

BEG OF eps_var 3.00e-05 << variation [2.2/109.5]GB [0.001/0.000/25.918]s
Loaded 36,923,200 dets from: wf_eps1_3.00e-05.dat
Effect dets (without time sym): 73,831,410
----------------------------------------
Excite Lv       # dets         Sum c^2
0                    1      0.04712923
1                  188      0.00018033
2                69713      0.29182385
3               967028      0.01109933
4              6747787      0.39117944
5             12381800      0.02380150
6             21751653      0.18256634
7             13422272      0.01326353
8             12279990      0.03393909
9              3530898      0.00247960
10             2220860      0.00234759
11              313986      0.00014019
12              136772      0.00004918
13                6288      0.00000070
14                2174      0.00000010
----------------------------------------
Orbital                        Sum c^2
0                           1.99591050
1                           1.99581093
2                           1.98790387
3                           1.98790387
4                           1.98771903
5                           1.98752062
6                           1.98752062
7                           1.98637036
8                           1.88851761
9                           1.39245996
10                          1.39245999
11                          1.38253978
12                          1.10941053
13                          1.10941048
14                          0.87331332
15                          0.87331325
16                          0.60128966
17                          0.58980302
18                          0.58980307
19                          0.04977917
20                          0.01447225
21                          0.01447226
22                          0.01129935
23                          0.01129934
24                          0.00997791
25                          0.01659978
26                          0.01659978
27                          0.00727457
28                          0.00727457
29                          0.01502102
30                          0.00687109
31                          0.00506849
32                          0.00506849
33                          0.00361119
34                          0.00361119
35                          0.00339837
36                          0.00339837
37                          0.00362253
38                          0.00330185
39                          0.00330185
40                          0.00318680
41                          0.00318680
42                          0.00287705
43                          0.00287705
44                          0.00272521
45                          0.00272521
46                          0.00272896
47                          0.00361932
48                          0.00423239
49                          0.00423239
Sum orbitals c^2: 28.00000000
----------------------------------------
Most important dets:
Excite Lv         Coef      Det (Reordered orb)
0           0.21709268      |  0  1  2  3  4  5  6  7  8  9 10 11 12 13 |  0  1  2  3  4  5  6  7  8  9 10 11 12 13 |
2           0.20865937      |  0  1  2  3  4  5  6  7  8  9 10 11 13 14 |  0  1  2  3  4  5  6  7  8  9 10 11 12 15 |
2          -0.16770733      |  0  1  2  3  4  5  6  7  8  9 10 11 12 14 |  0  1  2  3  4  5  6  7  8  9 10 11 12 14 |
2          -0.16770731      |  0  1  2  3  4  5  6  7  8  9 10 11 13 15 |  0  1  2  3  4  5  6  7  8  9 10 11 13 15 |
2          -0.14281766      |  0  1  2  3  4  5  6  7  8  9 10 12 13 15 |  0  1  2  3  4  5  6  7  8  9 10 11 13 16 |
2           0.14281762      |  0  1  2  3  4  5  6  7  8  9 10 12 13 14 |  0  1  2  3  4  5  6  7  8  9 10 11 12 16 |
2           0.14143208      |  0  1  2  3  4  5  6  7  8 10 11 12 13 15 |  0  1  2  3  4  5  6  7  8  9 10 11 13 18 |
2           0.14143205      |  0  1  2  3  4  5  6  7  8  9 11 12 13 14 |  0  1  2  3  4  5  6  7  8  9 10 11 12 17 |
2          -0.13745683      |  0  1  2  3  4  5  6  7  8 10 11 12 13 14 |  0  1  2  3  4  5  6  7  8  9 10 11 12 18 |
2          -0.13745682      |  0  1  2  3  4  5  6  7  8  9 11 12 13 15 |  0  1  2  3  4  5  6  7  8  9 10 11 13 17 |
4           0.13295131      |  0  1  2  3  4  5  6  7  8  9 10 11 14 15 |  0  1  2  3  4  5  6  7  8  9 10 11 14 15 |
4           0.11467308      |  0  1  2  3  4  5  6  7  8  9 10 12 14 15 |  0  1  2  3  4  5  6  7  8  9 10 11 14 16 |
4          -0.11467305      |  0  1  2  3  4  5  6  7  8  9 10 13 14 15 |  0  1  2  3  4  5  6  7  8  9 10 11 15 16 |
4          -0.11256621      |  0  1  2  3  4  5  6  7  8 10 11 12 14 15 |  0  1  2  3  4  5  6  7  8  9 10 11 14 18 |
4          -0.11256617      |  0  1  2  3  4  5  6  7  8  9 11 13 14 15 |  0  1  2  3  4  5  6  7  8  9 10 11 15 17 |
4           0.11062685      |  0  1  2  3  4  5  6  7  8 10 11 13 14 15 |  0  1  2  3  4  5  6  7  8  9 10 11 15 18 |
4           0.11062684      |  0  1  2  3  4  5  6  7  8  9 11 12 14 15 |  0  1  2  3  4  5  6  7  8  9 10 11 14 17 |
2           0.10131923      |  0  1  2  3  4  5  6  7  8 10 11 12 13 17 |  0  1  2  3  4  5  6  7  8  9 11 12 13 18 |
4          -0.09604589      |  0  1  2  3  4  5  6  7  8  9 10 13 14 16 |  0  1  2  3  4  5  6  7  8  9 10 12 15 16 |
2           0.09543992      |  0  1  2  3  4  5  6  7  8 10 11 12 13 16 |  0  1  2  3  4  5  6  7  8  9 10 12 13 18 |
----------------------------------------
HF energy: -2098.1397721707 Ha
Variational energy: -2099.8427691661 Ha
END OF eps_var 3.00e-05 << variation [5.5/112.8]GB [47.949/47.949/73.867]s

BEG OF eps_var 2.00e-05 << variation [5.5/112.8]GB [0.001/0.000/73.867]s
Loaded 76,573,218 dets from: wf_eps1_2.00e-05.dat
Effect dets (without time sym): 153,124,837
----------------------------------------
Excite Lv       # dets         Sum c^2
0                    1      0.04590909
1                  188      0.00021827
2                75095      0.28891699
3              1469590      0.01179488
4             11496968      0.39014344
5             24070368      0.02559671
6             43360760      0.18290794
7             30875164      0.01448315
8             26727829      0.03451872
9              8739950      0.00278558
10             5109102      0.00249999
11              821380      0.00016565
12              349966      0.00005833
13               22556      0.00000109
14                5920      0.00000016
----------------------------------------
Orbital                        Sum c^2
0                           1.99577438
1                           1.99567059
2                           1.98739575
3                           1.98739575
4                           1.98718332
5                           1.98700383
6                           1.98700383
7                           1.98579246
8                           1.87871413
9                           1.39026021
10                          1.39026015
11                          1.38000535
12                          1.10897901
13                          1.10897894
14                          0.87217419
15                          0.87217413
16                          0.60238048
17                          0.59032538
18                          0.59032533
19                          0.05230533
20                          0.01550621
21                          0.01550621
22                          0.01202134
23                          0.01202134
24                          0.01050511
25                          0.01886805
26                          0.01886805
27                          0.00766789
28                          0.00766789
29                          0.01664731
30                          0.00737796
31                          0.00537655
32                          0.00537654
33                          0.00376534
34                          0.00376534
35                          0.00353147
36                          0.00353147
37                          0.00377087
38                          0.00341481
39                          0.00341481
40                          0.00329699
41                          0.00329699
42                          0.00299009
43                          0.00299009
44                          0.00283209
45                          0.00283209
46                          0.00283182
47                          0.00390440
48                          0.00465683
49                          0.00465684
Sum orbitals c^2: 28.00000000
----------------------------------------
Most important dets:
Excite Lv         Coef      Det (Reordered orb)
0           0.21426407      |  0  1  2  3  4  5  6  7  8  9 10 11 12 13 |  0  1  2  3  4  5  6  7  8  9 10 11 12 13 |
2           0.20617790      |  0  1  2  3  4  5  6  7  8  9 10 11 13 14 |  0  1  2  3  4  5  6  7  8  9 10 11 12 15 |
2          -0.16585660      |  0  1  2  3  4  5  6  7  8  9 10 11 12 14 |  0  1  2  3  4  5  6  7  8  9 10 11 12 14 |
2          -0.16585658      |  0  1  2  3  4  5  6  7  8  9 10 11 13 15 |  0  1  2  3  4  5  6  7  8  9 10 11 13 15 |
2           0.14227615      |  0  1  2  3  4  5  6  7  8  9 10 12 13 14 |  0  1  2  3  4  5  6  7  8  9 10 11 12 16 |
2          -0.14227613      |  0  1  2  3  4  5  6  7  8  9 10 12 13 15 |  0  1  2  3  4  5  6  7  8  9 10 11 13 16 |
2           0.14085291      |  0  1  2  3  4  5  6  7  8  9 11 12 13 14 |  0  1  2  3  4  5  6  7  8  9 10 11 12 17 |
2           0.14085288      |  0  1  2  3  4  5  6  7  8 10 11 12 13 15 |  0  1  2  3  4  5  6  7  8  9 10 11 13 18 |
2          -0.13714522      |  0  1  2  3  4  5  6  7  8  9 11 12 13 15 |  0  1  2  3  4  5  6  7  8  9 10 11 13 17 |
2          -0.13714522      |  0  1  2  3  4  5  6  7  8 10 11 12 13 14 |  0  1  2  3  4  5  6  7  8  9 10 11 12 18 |
4           0.13151168      |  0  1  2  3  4  5  6  7  8  9 10 11 14 15 |  0  1  2  3  4  5  6  7  8  9 10 11 14 15 |
4          -0.11413725      |  0  1  2  3  4  5  6  7  8  9 10 13 14 15 |  0  1  2  3  4  5  6  7  8  9 10 11 15 16 |
4           0.11413723      |  0  1  2  3  4  5  6  7  8  9 10 12 14 15 |  0  1  2  3  4  5  6  7  8  9 10 11 14 16 |
4          -0.11201990      |  0  1  2  3  4  5  6  7  8 10 11 12 14 15 |  0  1  2  3  4  5  6  7  8  9 10 11 14 18 |
4          -0.11201989      |  0  1  2  3  4  5  6  7  8  9 11 13 14 15 |  0  1  2  3  4  5  6  7  8  9 10 11 15 17 |
4           0.11019289      |  0  1  2  3  4  5  6  7  8  9 11 12 14 15 |  0  1  2  3  4  5  6  7  8  9 10 11 14 17 |
4           0.11019285      |  0  1  2  3  4  5  6  7  8 10 11 13 14 15 |  0  1  2  3  4  5  6  7  8  9 10 11 15 18 |
2           0.10119828      |  0  1  2  3  4  5  6  7  8 10 11 12 13 17 |  0  1  2  3  4  5  6  7  8  9 11 12 13 18 |
2           0.09568682      |  0  1  2  3  4  5  6  7  8 10 11 12 13 16 |  0  1  2  3  4  5  6  7  8  9 10 12 13 18 |
2          -0.09568682      |  0  1  2  3  4  5  6  7  8  9 11 12 13 16 |  0  1  2  3  4  5  6  7  8  9 10 12 13 17 |
----------------------------------------
HF energy: -2098.1397721707 Ha
Variational energy: -2099.8545718579 Ha
END OF eps_var 2.00e-05 << variation [11.6/118.9]GB [106.642/106.642/180.509]s

BEG OF eps_var 1.00e-05 << variation [11.6/118.9]GB [0.001/0.000/180.509]s
Loaded 250,990,157 dets from: wf_eps1_1.00e-05.dat
Effect dets (without time sym): 501,940,077
----------------------------------------
Excite Lv       # dets         Sum c^2
0                    1      0.04291521
1                  192      0.00026339
2                81967      0.28058911
3              2714538      0.01264411
4             26347555      0.39009177
5             66608758      0.02854052
6            130572258      0.18615925
7            113747206      0.01679322
8             98212109      0.03568206
9             38913230      0.00335355
10            19411293      0.00269023
11             3914216      0.00020687
12             1274651      0.00006874
13              119984      0.00000173
14               22119      0.00000024
----------------------------------------
Orbital                        Sum c^2
0                           1.99552182
1                           1.99540763
2                           1.98659151
3                           1.98659151
4                           1.98637024
5                           1.98620037
6                           1.98620037
7                           1.98494068
8                           1.86766669
9                           1.37971769
10                          1.37971768
11                          1.36923098
12                          1.10661209
13                          1.10661208
14                          0.87207162
15                          0.87207160
16                          0.61064466
17                          0.59818925
18                          0.59818924
19                          0.05384696
20                          0.01687721
21                          0.01687721
22                          0.01301133
23                          0.01301133
24                          0.01118594
25                          0.02194910
26                          0.02194910
27                          0.00819990
28                          0.00819990
29                          0.01916327
30                          0.00819673
31                          0.00588491
32                          0.00588491
33                          0.00399697
34                          0.00399697
35                          0.00373198
36                          0.00373198
37                          0.00399919
38                          0.00356640
39                          0.00356640
40                          0.00344575
41                          0.00344575
42                          0.00316892
43                          0.00316892
44                          0.00300846
45                          0.00300846
46                          0.00300207
47                          0.00447647
48                          0.00556595
49                          0.00556595
Sum orbitals c^2: 28.00000000
----------------------------------------
Most important dets:
Excite Lv         Coef      Det (Reordered orb)
0           0.20715987      |  0  1  2  3  4  5  6  7  8  9 10 11 12 13 |  0  1  2  3  4  5  6  7  8  9 10 11 12 13 |
2           0.20062308      |  0  1  2  3  4  5  6  7  8  9 10 11 13 14 |  0  1  2  3  4  5  6  7  8  9 10 11 12 15 |
2          -0.16076337      |  0  1  2  3  4  5  6  7  8  9 10 11 12 14 |  0  1  2  3  4  5  6  7  8  9 10 11 12 14 |
2          -0.16076336      |  0  1  2  3  4  5  6  7  8  9 10 11 13 15 |  0  1  2  3  4  5  6  7  8  9 10 11 13 15 |
2          -0.14080575      |  0  1  2  3  4  5  6  7  8  9 10 12 13 15 |  0  1  2  3  4  5  6  7  8  9 10 11 13 16 |
2           0.14080575      |  0  1  2  3  4  5  6  7  8  9 10 12 13 14 |  0  1  2  3  4  5  6  7  8  9 10 11 12 16 |
2           0.13933596      |  0  1  2  3  4  5  6  7  8  9 11 12 13 14 |  0  1  2  3  4  5  6  7  8  9 10 11 12 17 |
2           0.13933596      |  0  1  2  3  4  5  6  7  8 10 11 12 13 15 |  0  1  2  3  4  5  6  7  8  9 10 11 13 18 |
2          -0.13621154      |  0  1  2  3  4  5  6  7  8  9 11 12 13 15 |  0  1  2  3  4  5  6  7  8  9 10 11 13 17 |
2          -0.13621154      |  0  1  2  3  4  5  6  7  8 10 11 12 13 14 |  0  1  2  3  4  5  6  7  8  9 10 11 12 18 |
4           0.12756198      |  0  1  2  3  4  5  6  7  8  9 10 11 14 15 |  0  1  2  3  4  5  6  7  8  9 10 11 14 15 |
4           0.11308703      |  0  1  2  3  4  5  6  7  8  9 10 12 14 15 |  0  1  2  3  4  5  6  7  8  9 10 11 14 16 |
4          -0.11308703      |  0  1  2  3  4  5  6  7  8  9 10 13 14 15 |  0  1  2  3  4  5  6  7  8  9 10 11 15 16 |
4          -0.11095743      |  0  1  2  3  4  5  6  7  8 10 11 12 14 15 |  0  1  2  3  4  5  6  7  8  9 10 11 14 18 |
4          -0.11095742      |  0  1  2  3  4  5  6  7  8  9 11 13 14 15 |  0  1  2  3  4  5  6  7  8  9 10 11 15 17 |
4           0.10946740      |  0  1  2  3  4  5  6  7  8  9 11 12 14 15 |  0  1  2  3  4  5  6  7  8  9 10 11 14 17 |
4           0.10946740      |  0  1  2  3  4  5  6  7  8 10 11 13 14 15 |  0  1  2  3  4  5  6  7  8  9 10 11 15 18 |
2           0.10119572      |  0  1  2  3  4  5  6  7  8 10 11 12 13 17 |  0  1  2  3  4  5  6  7  8  9 11 12 13 18 |
2           0.09654608      |  0  1  2  3  4  5  6  7  8 10 11 12 13 16 |  0  1  2  3  4  5  6  7  8  9 10 12 13 18 |
2          -0.09654608      |  0  1  2  3  4  5  6  7  8  9 11 12 13 16 |  0  1  2  3  4  5  6  7  8  9 10 12 13 17 |
----------------------------------------
HF energy: -2098.1397721707 Ha
Variational energy: -2099.8713330437 Ha
END OF eps_var 1.00e-05 << variation [34.2/141.5]GB [346.952/346.952/527.460]s

BEG OF eps_var 5.00e-06 << variation [34.2/141.5]GB [0.001/0.000/527.460]s

BEG OF main << eps_var 5.00e-06 << variation [34.2/141.5]GB [0.003/0.000/527.463]s

BEG OF #1 << main << eps_var 5.00e-06 << variation [36.5/143.8]GB [0.637/0.001/528.101]s
10% 20% 30% 40% 50% 60% 70% 80% 90% 100% 
Number of dets / new dets: 676,392,985 / 425,402,828
END OF get next det list [151.2/258.5]GB [1925.765/1925.765/2453.865]s
END OF update unique ab [182.5/289.8]GB [2394.450/4320.214/4848.314]s
END OF create abm1 [212.2/319.6]GB [2100.332/6408.085/6936.185]s
Outer size of a/b singles: 39,067,581 / 0
Full size of absingles: 4,598,101,620
END OF create absingles [252.8/360.1]GB [3012.050/9402.152/9930.252]s
10% 20% 30% 40% 50% 60% 70% 80% 90% 100% 
Number of nonzero elems: 331,717,390,781
END OF generate sparse hamiltonian [2086.5/2193.8]GB [67761.000/77163.119/77691.219]s
Davidson #0: -2099.8713330439
Davidson #1: -2099.8815621696
Davidson #2: -2099.8819790673
Davidson #3: -2099.8820526203
Davidson #4: -2099.8820961504
Davidson #5: -2099.8821161078
Davidson #6: -2099.8821328310
Davidson #7: -2099.8821542039
Davidson #8: -2099.8821681752
END OF diagonalize sparse hamiltonian [2091.9/2199.2]GB [3284.675/80447.789/80975.889]s
Iteration 1 eps1= 5.00e-06 ndets= 676,392,985 energy= -2099.88216818
END OF #1 << main << eps_var 5.00e-06 << variation [2091.9/2199.2]GB [0.001/80447.789/80975.889]s

BEG OF #2 << main << eps_var 5.00e-06 << variation [2095.2/2202.5]GB [2.137/0.001/80978.026]s
10% 20% 30% 40% 50% 60% 70% 80% 90% 100% 
Number of dets / new dets: 721,365,044 / 44,972,059
END OF get next det list [2081.9/2189.3]GB [2520.580/2520.580/83498.605]s
END OF update unique ab [2082.5/2189.8]GB [279.834/2800.413/83778.438]s
END OF create abm1 [2086.0/2193.3]GB [320.023/3120.424/84098.449]s
Outer size of a/b singles: 40,878,264 / 0
Full size of absingles: 3,101,382,684
END OF create absingles [2086.3/2193.7]GB [215.647/3336.059/84314.084]s
10% 20% 30% 40% 50% 60% 70% 80% 90% 100% 
Number of nonzero elems: 359,611,883,932
END OF generate sparse hamiltonian [2216.7/2324.0]GB [38016.411/41352.443/122330.468]s
Davidson #0: -2099.8821681752
Davidson #1: -2099.8827563700
Davidson #2: -2099.8827900573
Davidson #3: -2099.8827986592
Davidson #4: -2099.8828065688
Davidson #5: -2099.8828095267
Davidson #6: -2099.8828122627
Davidson #7: -2099.8828162005
Davidson #8: -2099.8828206888
END OF diagonalize sparse hamiltonian [2217.1/2324.4]GB [3203.224/44555.658/125533.684]s
Iteration 2 eps1= 5.00e-06 ndets= 721,365,044 energy= -2099.88282069
END OF #2 << main << eps_var 5.00e-06 << variation [2217.1/2324.4]GB [0.001/44555.658/125533.684]s

BEG OF #3 << main << eps_var 5.00e-06 << variation [2217.4/2324.7]GB [3.047/0.001/125536.731]s
10% 20% 30% 40% 50% 60% 70% 80% 90% 100% 
Number of dets / new dets: 732,165,229 / 10,800,185
END OF get next det list [2258.6/2365.9]GB [1802.540/1802.540/127339.270]s
END OF update unique ab [2258.7/2366.0]GB [79.550/1882.089/127418.819]s
END OF create abm1 [2258.7/2366.0]GB [108.562/1990.641/127527.371]s
Outer size of a/b singles: 41,289,962 / 0
Full size of absingles: 1,775,345,214
END OF create absingles [2259.8/2367.1]GB [78.367/2069.000/127605.730]s
10% 20% 30% 40% 50% 60% 70% 80% 90% 100% 
Number of nonzero elems: 366,778,457,153
END OF generate sparse hamiltonian [2286.2/2393.6]GB [10782.502/12851.492/138388.222]s
Davidson #0: -2099.8828206896
Davidson #1: -2099.8829502360
Davidson #2: -2099.8829554370
Davidson #3: -2099.8829569882
Davidson #4: -2099.8829579907
Davidson #5: -2099.8829584713
Davidson #6: -2099.8829590051
Davidson #7: -2099.8829602785
Davidson #8: -2099.8829617620
END OF diagonalize sparse hamiltonian [2286.2/2393.5]GB [3513.946/16365.429/141902.159]s
Iteration 3 eps1= 5.00e-06 ndets= 732,165,229 energy= -2099.88296176
END OF #3 << main << eps_var 5.00e-06 << variation [2286.2/2393.5]GB [0.001/16365.429/141902.159]s

BEG OF #4 << main << eps_var 5.00e-06 << variation [2286.3/2393.6]GB [0.047/0.001/141902.206]s
10% 20% 30% 40% 50% 60% 70% 80% 90% 100% 
Number of dets / new dets: 735,964,210 / 3,798,981
END OF get next det list [2286.4/2393.7]GB [816.450/816.450/142718.655]s
END OF update unique ab [2286.4/2393.8]GB [44.313/860.762/142762.968]s
END OF create abm1 [2286.4/2393.8]GB [49.909/910.663/142812.868]s
Outer size of a/b singles: 41,425,568 / 0
Full size of absingles: 1,149,069,218
END OF create absingles [2286.6/2393.9]GB [40.945/951.595/142853.800]s
10% 20% 30% 40% 50% 60% 70% 80% 90% 100% 
Number of nonzero elems: 369,377,186,198
END OF generate sparse hamiltonian [2294.2/2401.5]GB [5211.247/6162.834/148065.039]s
Davidson #0: -2099.8829617619
Davidson #1: -2099.8830075075
Davidson #2: -2099.8830086494
Davidson #3: -2099.8830090925
Davidson #4: -2099.8830092945
Davidson #5: -2099.8830093743
Davidson #6: -2099.8830095069
Davidson #7: -2099.8830097590
Davidson #8: -2099.8830101731
END OF diagonalize sparse hamiltonian [2294.3/2401.6]GB [3651.797/9814.619/151716.824]s
Iteration 4 eps1= 5.00e-06 ndets= 735,964,210 energy= -2099.88301017
END OF #4 << main << eps_var 5.00e-06 << variation [2294.3/2401.6]GB [0.001/9814.619/151716.825]s

BEG OF #5 << main << eps_var 5.00e-06 << variation [2294.3/2401.7]GB [0.010/0.000/151716.834]s
10% 20% 30% 40% 50% 60% 70% 80% 90% 100% 
Number of dets / new dets: 736,880,608 / 916,398
END OF get next det list [2294.3/2401.6]GB [345.336/345.336/152062.170]s
END OF update unique ab [2294.3/2401.6]GB [22.706/368.042/152084.876]s
END OF create abm1 [2294.3/2401.6]GB [15.963/383.996/152100.830]s
Outer size of a/b singles: 41,456,871 / 0
Full size of absingles: 503,904,710
END OF create absingles [2294.3/2401.6]GB [21.034/405.020/152121.854]s
10% 20% 30% 40% 50% 60% 70% 80% 90% 100% 
Number of nonzero elems: 369,984,500,424
END OF generate sparse hamiltonian [2295.4/2402.7]GB [2900.198/3305.210/155022.044]s
Davidson #0: -2099.8830101740
Davidson #1: -2099.8830216757
Davidson #2: -2099.8830222266
Davidson #3: -2099.8830223586
Davidson #4: -2099.8830224144
Davidson #5: -2099.8830224374
Davidson #6: -2099.8830224704
Davidson #7: -2099.8830225453
Davidson #8: -2099.8830226531
END OF diagonalize sparse hamiltonian [2295.4/2402.7]GB [3565.957/6871.157/158587.991]s
Iteration 5 eps1= 5.00e-06 ndets= 736,880,608 energy= -2099.88302265
END OF #5 << main << eps_var 5.00e-06 << variation [2295.4/2402.7]GB [0.001/6871.157/158587.992]s

BEG OF #6 << main << eps_var 5.00e-06 << variation [2295.4/2402.7]GB [0.004/0.000/158587.995]s
10% 20% 30% 40% 50% 60% 70% 80% 90% 100% 
Number of dets / new dets: 737,347,115 / 466,507
END OF get next det list [2295.4/2402.7]GB [160.441/160.441/158748.436]s
END OF update unique ab [2295.4/2402.7]GB [16.349/176.789/158764.784]s
END OF create abm1 [2295.4/2402.7]GB [9.634/186.414/158774.410]s
Outer size of a/b singles: 41,475,314 / 0
Full size of absingles: 298,483,730
END OF create absingles [2295.4/2402.8]GB [12.759/199.165/158787.160]s
10% 20% 30% 40% 50% 60% 70% 80% 90% 100% 
Number of nonzero elems: 370,246,847,611
END OF generate sparse hamiltonian [2295.8/2403.1]GB [2453.862/2653.018/161241.014]s
Davidson #0: -2099.8830226534
Davidson #1: -2099.8830287426
Davidson #2: -2099.8830288813
Davidson #3: -2099.8830289312
Davidson #4: -2099.8830289533
Davidson #5: -2099.8830289612
END OF diagonalize sparse hamiltonian [2296.0/2403.3]GB [2291.550/4944.560/163532.555]s
Iteration 6 eps1= 5.00e-06 ndets= 737,347,115 energy= -2099.88302896
END OF #6 << main << eps_var 5.00e-06 << variation [2296.0/2403.3]GB [0.001/4944.560/163532.555]s
Final iteration 6 eps1= 5.00e-06 ndets= 737,347,115 energy= -2099.88302896
Effect dets (without time sym): 1,474,622,562
----------------------------------------
Excite Lv       # dets         Sum c^2
0                    1      0.04091040
1                  192      0.00029823
2                86012      0.27354334
3              4553106      0.01322303
4             54749562      0.38918092
5            162568982      0.03077477
6            348634404      0.18932956
7            349154088      0.01875438
8            317750411      0.03691816
9            147263978      0.00387617
10            68926028      0.00286562
11            16301812      0.00024600
12             4125195      0.00007686
13              449146      0.00000226
14               59645      0.00000029
----------------------------------------
Orbital                        Sum c^2
0                           1.99528686
1                           1.99516783
2                           1.98601023
3                           1.98601023
4                           1.98580483
5                           1.98562207
6                           1.98562207
7                           1.98435537
8                           1.85686932
9                           1.37092580
10                          1.37092580
11                          1.36034467
12                          1.10479828
13                          1.10479828
14                          0.87191361
15                          0.87191361
16                          0.61727325
17                          0.60462836
18                          0.60462836
19                          0.05781348
20                          0.01788130
21                          0.01788130
22                          0.01375988
23                          0.01375988
24                          0.01173319
25                          0.02393319
26                          0.02393320
27                          0.00857900
28                          0.00857900
29                          0.02106486
30                          0.00882700
31                          0.00628146
32                          0.00628146
33                          0.00416097
34                          0.00416097
35                          0.00386464
36                          0.00386464
37                          0.00416735
38                          0.00366165
39                          0.00366165
40                          0.00353896
41                          0.00353896
42                          0.00328814
43                          0.00328814
44                          0.00313182
45                          0.00313182
46                          0.00312577
47                          0.00500959
48                          0.00637086
49                          0.00637086
Sum orbitals c^2: 28.00000000
----------------------------------------
Most important dets:
Excite Lv         Coef      Det (Reordered orb)
0           0.20226320      |  0  1  2  3  4  5  6  7  8  9 10 11 12 13 |  0  1  2  3  4  5  6  7  8  9 10 11 12 13 |
2           0.19576643      |  0  1  2  3  4  5  6  7  8  9 10 11 13 14 |  0  1  2  3  4  5  6  7  8  9 10 11 12 15 |
2          -0.15694839      |  0  1  2  3  4  5  6  7  8  9 10 11 13 15 |  0  1  2  3  4  5  6  7  8  9 10 11 13 15 |
2          -0.15694839      |  0  1  2  3  4  5  6  7  8  9 10 11 12 14 |  0  1  2  3  4  5  6  7  8  9 10 11 12 14 |
2           0.13902028      |  0  1  2  3  4  5  6  7  8  9 10 12 13 14 |  0  1  2  3  4  5  6  7  8  9 10 11 12 16 |
2          -0.13902028      |  0  1  2  3  4  5  6  7  8  9 10 12 13 15 |  0  1  2  3  4  5  6  7  8  9 10 11 13 16 |
2           0.13744387      |  0  1  2  3  4  5  6  7  8 10 11 12 13 15 |  0  1  2  3  4  5  6  7  8  9 10 11 13 18 |
2           0.13744387      |  0  1  2  3  4  5  6  7  8  9 11 12 13 14 |  0  1  2  3  4  5  6  7  8  9 10 11 12 17 |
2          -0.13473651      |  0  1  2  3  4  5  6  7  8  9 11 12 13 15 |  0  1  2  3  4  5  6  7  8  9 10 11 13 17 |
2          -0.13473651      |  0  1  2  3  4  5  6  7  8 10 11 12 13 14 |  0  1  2  3  4  5  6  7  8  9 10 11 12 18 |
4           0.12456673      |  0  1  2  3  4  5  6  7  8  9 10 11 14 15 |  0  1  2  3  4  5  6  7  8  9 10 11 14 15 |
4           0.11170965      |  0  1  2  3  4  5  6  7  8  9 10 12 14 15 |  0  1  2  3  4  5  6  7  8  9 10 11 14 16 |
4          -0.11170965      |  0  1  2  3  4  5  6  7  8  9 10 13 14 15 |  0  1  2  3  4  5  6  7  8  9 10 11 15 16 |
4          -0.10951634      |  0  1  2  3  4  5  6  7  8  9 11 13 14 15 |  0  1  2  3  4  5  6  7  8  9 10 11 15 17 |
4          -0.10951634      |  0  1  2  3  4  5  6  7  8 10 11 12 14 15 |  0  1  2  3  4  5  6  7  8  9 10 11 14 18 |
4           0.10829717      |  0  1  2  3  4  5  6  7  8  9 11 12 14 15 |  0  1  2  3  4  5  6  7  8  9 10 11 14 17 |
4           0.10829717      |  0  1  2  3  4  5  6  7  8 10 11 13 14 15 |  0  1  2  3  4  5  6  7  8  9 10 11 15 18 |
2           0.10063304      |  0  1  2  3  4  5  6  7  8 10 11 12 13 17 |  0  1  2  3  4  5  6  7  8  9 11 12 13 18 |
2          -0.09659876      |  0  1  2  3  4  5  6  7  8  9 11 12 13 16 |  0  1  2  3  4  5  6  7  8  9 10 12 13 17 |
2           0.09659876      |  0  1  2  3  4  5  6  7  8 10 11 12 13 16 |  0  1  2  3  4  5  6  7  8  9 10 12 13 18 |
----------------------------------------
END OF main << eps_var 5.00e-06 << variation [2290.2/2397.6]GB [698.461/163703.552/164231.015]s
Variational results saved to: wf_eps1_5.00e-06.dat
END OF eps_var 5.00e-06 << variation [2290.7/2398.0]GB [57.276/163760.830/164288.290]s
END OF variation [2229.0/2336.4]GB [649.847/164936.404/164938.136]s

BEG OF post variation [2168.8/2276.1]GB [7.707/0.000/164938.136]s
END OF post variation [2168.8/2276.1]GB [0.029/0.029/164938.165]s

BEG OF perturbation [2168.8/2276.1]GB [0.000/0.000/164938.165]s

BEG OF eps_var 1.00e-04 << perturbation [2168.8/2276.1]GB [0.000/0.000/164938.165]s
Total energy: -2099.8789175997 +- 0.0000040137 (loaded from result file)
END OF eps_var 1.00e-04 << perturbation [2168.8/2276.1]GB [0.001/0.001/164938.166]s

BEG OF eps_var 5.00e-05 << perturbation [2168.8/2276.1]GB [0.000/0.000/164938.166]s
Total energy: -2099.8876887664 +- 0.0000033432 (loaded from result file)
END OF eps_var 5.00e-05 << perturbation [2168.8/2276.1]GB [0.001/0.001/164938.166]s

BEG OF eps_var 3.00e-05 << perturbation [2168.8/2276.1]GB [0.000/0.000/164938.166]s
Total energy: -2099.8924095341 +- 0.0000037872 (loaded from result file)
END OF eps_var 3.00e-05 << perturbation [2168.8/2276.1]GB [0.001/0.001/164938.167]s

BEG OF eps_var 2.00e-05 << perturbation [2168.8/2276.1]GB [0.000/0.000/164938.167]s
Total energy: -2099.8956440178 +- 0.0000034505 (loaded from result file)
END OF eps_var 2.00e-05 << perturbation [2168.8/2276.1]GB [0.000/0.000/164938.167]s

BEG OF eps_var 1.00e-05 << perturbation [2168.8/2276.1]GB [0.000/0.000/164938.167]s
Total energy: -2099.9003411606 +- 0.0000102961 (loaded from result file)
END OF eps_var 1.00e-05 << perturbation [2168.8/2276.1]GB [0.000/0.000/164938.168]s

BEG OF eps_var 5.00e-06 << perturbation [2168.8/2276.1]GB [0.000/0.000/164938.168]s
Loaded 737,347,115 dets from: wf_eps1_5.00e-06.dat
Effect dets (without time sym): 1,474,622,562
----------------------------------------
Excite Lv       # dets         Sum c^2
0                    1      0.04091040
1                  192      0.00029823
2                86012      0.27354334
3              4553106      0.01322303
4             54749562      0.38918092
5            162568982      0.03077477
6            348634404      0.18932956
7            349154088      0.01875438
8            317750411      0.03691816
9            147263978      0.00387617
10            68926028      0.00286562
11            16301812      0.00024600
12             4125195      0.00007686
13              449146      0.00000226
14               59645      0.00000029
----------------------------------------
Orbital                        Sum c^2
0                           1.99528686
1                           1.99516783
2                           1.98601023
3                           1.98601023
4                           1.98580483
5                           1.98562207
6                           1.98562207
7                           1.98435537
8                           1.85686932
9                           1.37092580
10                          1.37092580
11                          1.36034467
12                          1.10479828
13                          1.10479828
14                          0.87191361
15                          0.87191361
16                          0.61727325
17                          0.60462836
18                          0.60462836
19                          0.05781348
20                          0.01788130
21                          0.01788130
22                          0.01375988
23                          0.01375988
24                          0.01173319
25                          0.02393319
26                          0.02393320
27                          0.00857900
28                          0.00857900
29                          0.02106486
30                          0.00882700
31                          0.00628146
32                          0.00628146
33                          0.00416097
34                          0.00416097
35                          0.00386464
36                          0.00386464
37                          0.00416735
38                          0.00366165
39                          0.00366165
40                          0.00353896
41                          0.00353896
42                          0.00328814
43                          0.00328814
44                          0.00313182
45                          0.00313182
46                          0.00312577
47                          0.00500959
48                          0.00637086
49                          0.00637086
Sum orbitals c^2: 28.00000000
----------------------------------------
Most important dets:
Excite Lv         Coef      Det (Reordered orb)
0           0.20226320      |  0  1  2  3  4  5  6  7  8  9 10 11 12 13 |  0  1  2  3  4  5  6  7  8  9 10 11 12 13 |
2           0.19576643      |  0  1  2  3  4  5  6  7  8  9 10 11 13 14 |  0  1  2  3  4  5  6  7  8  9 10 11 12 15 |
2          -0.15694839      |  0  1  2  3  4  5  6  7  8  9 10 11 13 15 |  0  1  2  3  4  5  6  7  8  9 10 11 13 15 |
2          -0.15694839      |  0  1  2  3  4  5  6  7  8  9 10 11 12 14 |  0  1  2  3  4  5  6  7  8  9 10 11 12 14 |
2           0.13902028      |  0  1  2  3  4  5  6  7  8  9 10 12 13 14 |  0  1  2  3  4  5  6  7  8  9 10 11 12 16 |
2          -0.13902028      |  0  1  2  3  4  5  6  7  8  9 10 12 13 15 |  0  1  2  3  4  5  6  7  8  9 10 11 13 16 |
2           0.13744387      |  0  1  2  3  4  5  6  7  8 10 11 12 13 15 |  0  1  2  3  4  5  6  7  8  9 10 11 13 18 |
2           0.13744387      |  0  1  2  3  4  5  6  7  8  9 11 12 13 14 |  0  1  2  3  4  5  6  7  8  9 10 11 12 17 |
2          -0.13473651      |  0  1  2  3  4  5  6  7  8  9 11 12 13 15 |  0  1  2  3  4  5  6  7  8  9 10 11 13 17 |
2          -0.13473651      |  0  1  2  3  4  5  6  7  8 10 11 12 13 14 |  0  1  2  3  4  5  6  7  8  9 10 11 12 18 |
4           0.12456673      |  0  1  2  3  4  5  6  7  8  9 10 11 14 15 |  0  1  2  3  4  5  6  7  8  9 10 11 14 15 |
4           0.11170965      |  0  1  2  3  4  5  6  7  8  9 10 12 14 15 |  0  1  2  3  4  5  6  7  8  9 10 11 14 16 |
4          -0.11170965      |  0  1  2  3  4  5  6  7  8  9 10 13 14 15 |  0  1  2  3  4  5  6  7  8  9 10 11 15 16 |
4          -0.10951634      |  0  1  2  3  4  5  6  7  8  9 11 13 14 15 |  0  1  2  3  4  5  6  7  8  9 10 11 15 17 |
4          -0.10951634      |  0  1  2  3  4  5  6  7  8 10 11 12 14 15 |  0  1  2  3  4  5  6  7  8  9 10 11 14 18 |
4           0.10829717      |  0  1  2  3  4  5  6  7  8  9 11 12 14 15 |  0  1  2  3  4  5  6  7  8  9 10 11 14 17 |
4           0.10829717      |  0  1  2  3  4  5  6  7  8 10 11 13 14 15 |  0  1  2  3  4  5  6  7  8  9 10 11 15 18 |
2           0.10063304      |  0  1  2  3  4  5  6  7  8 10 11 12 13 17 |  0  1  2  3  4  5  6  7  8  9 11 12 13 18 |
2          -0.09659876      |  0  1  2  3  4  5  6  7  8  9 11 12 13 16 |  0  1  2  3  4  5  6  7  8  9 10 12 13 17 |
2           0.09659876      |  0  1  2  3  4  5  6  7  8 10 11 12 13 16 |  0  1  2  3  4  5  6  7  8  9 10 12 13 18 |
----------------------------------------
HF energy: -2098.1397721707 Ha
Variational energy: -2099.8830289612 Ha
Memory total: 3170.3GB
Helper size: 0.1GB
Bytes per det: 32
Memory var: 153.4GB
Memory PT limit: 3336.0GB

BEG OF dtm 2.00e-06 << eps_var 5.00e-06 << perturbation [297.0/404.3]GB [2474.001/0.000/167412.169]s
Number of dtm batches: 1
END OF determine number of dtm batches [297.0/404.3]GB [28.756/28.756/167440.925]s

BEG OF #1/1 << dtm 2.00e-06 << eps_var 5.00e-06 << perturbation [297.0/404.3]GB [0.026/0.000/167440.950]s
20% 40% 60% 80% 100% 
Number of dtm pt dets: 3,573,494,362
END OF create hc sums [526.4/633.8]GB [7508.404/7508.404/174949.354]s
PT dtm batch correction: -0.0064397265 Ha
PT dtm correction (eps1= 5.00e-06): -0.0064397265 +- 0.0000000000 Ha
PT dtm total energy (eps1= 5.00e-06): -2099.8894686876 +- 0.0000000000 Ha
Correlation energy (eps1= 5.00e-06): -1.7496965169 +- 0.0000000000 Ha
END OF #1/1 << dtm 2.00e-06 << eps_var 5.00e-06 << perturbation [526.4/633.8]GB [425.366/7933.769/175374.719]s
END OF dtm 2.00e-06 << eps_var 5.00e-06 << perturbation [526.4/633.8]GB [0.045/7962.594/175374.763]s

BEG OF psto 1.00e-07 << eps_var 5.00e-06 << perturbation [294.1/401.5]GB [7.720/0.001/175382.482]s
Number of psto batches: 18
END OF determine number of psto batches [302.1/409.5]GB [68.876/68.876/175451.358]s

BEG OF #1/18 << psto 1.00e-07 << eps_var 5.00e-06 << perturbation [302.1/409.5]GB [0.053/0.001/175451.409]s
20% 40% 60% 80% 100% 
Number of psto pt dets: 18,004,829,040
END OF create hc sums [2081.1/2188.4]GB [10589.152/10589.152/186040.560]s
PT psto batch correction: -0.0007316330 Ha
PT psto correction (eps1= 5.00e-06): -0.0131693933 +- 0.0000007522 Ha
PT psto total energy (eps1= 5.00e-06): -2099.9026380810 +- 0.0000007522 Ha
Correlation energy (eps1= 5.00e-06): -1.7628659103 +- 0.0000007522 Ha
END OF #1/18 << psto 1.00e-07 << eps_var 5.00e-06 << perturbation [2081.1/2188.4]GB [2561.376/13150.527/188601.935]s
END OF psto 1.00e-07 << eps_var 5.00e-06 << perturbation [2081.1/2188.4]GB [0.001/13219.454/188601.935]s

BEG OF sto 5.00e-12 << eps_var 5.00e-06 << perturbation [321.1/428.5]GB [187.578/0.001/188789.513]s
Number of samples chosen: 3,034,741
END OF determine n samples [318.1/425.4]GB [17.148/17.148/188806.660]s

BEG OF #1 << sto 5.00e-12 << eps_var 5.00e-06 << perturbation [318.1/425.4]GB [0.255/0.000/188806.661]s
Number of unique variational determinants in sample: 2,955,725
Batch id: 10 / 64
20% 40% 60% 80% 100% 
Number of sto pt dets: 3,766,177,676
END OF create hc sums [617.5/724.8]GB [973.056/973.056/189779.717]s
PT sto loop correction: -0.0012517457 Ha
PT sto correction (eps1= 5.00e-06): -0.0012517457 +- -nan Ha
PT sto total energy (eps1= 5.00e-06): -2099.9038898267 +- -nan Ha
Correlation energy (eps1= 5.00e-06): -1.7641176560 +- -nan Ha
END OF #1 << sto 5.00e-12 << eps_var 5.00e-06 << perturbation [617.5/724.8]GB [597.044/1569.904/190376.564]s

BEG OF #2 << sto 5.00e-12 << eps_var 5.00e-06 << perturbation [617.5/724.8]GB [0.002/0.000/190376.565]s
Number of unique variational determinants in sample: 2,955,684
Batch id: 14 / 64
20% 40% 60% 80% 100% 
Number of sto pt dets: 3,766,163,702
END OF create hc sums [620.6/727.9]GB [869.882/869.882/191246.446]s
PT sto loop correction: -0.0012347724 Ha
PT sto correction (eps1= 5.00e-06): -0.0012432591 +- 0.0000084867 Ha
PT sto total energy (eps1= 5.00e-06): -2099.9038813400 +- 0.0000085199 Ha
Correlation energy (eps1= 5.00e-06): -1.7641091693 +- 0.0000085199 Ha
END OF #2 << sto 5.00e-12 << eps_var 5.00e-06 << perturbation [620.5/727.8]GB [591.798/1461.481/191838.045]s

BEG OF #3 << sto 5.00e-12 << eps_var 5.00e-06 << perturbation [620.5/727.8]GB [0.002/0.000/191838.045]s
Number of unique variational determinants in sample: 2,956,482
Batch id: 26 / 64
20% 40% 60% 80% 100% 
Number of sto pt dets: 3,767,042,534
END OF create hc sums [626.9/734.2]GB [900.663/900.663/192738.708]s
PT sto loop correction: -0.0012608178 Ha
PT sto correction (eps1= 5.00e-06): -0.0012491120 +- 0.0000076331 Ha
PT sto total energy (eps1= 5.00e-06): -2099.9038871929 +- 0.0000076701 Ha
Correlation energy (eps1= 5.00e-06): -1.7641150222 +- 0.0000076701 Ha
END OF #3 << sto 5.00e-12 << eps_var 5.00e-06 << perturbation [626.8/734.1]GB [603.826/1504.299/193342.344]s

BEG OF #4 << sto 5.00e-12 << eps_var 5.00e-06 << perturbation [626.8/734.1]GB [0.001/0.000/193342.344]s
Number of unique variational determinants in sample: 2,955,801
Batch id: 1 / 64
20% 40% 60% 80% 100% 
Number of sto pt dets: 3,765,571,721
END OF create hc sums [630.8/738.1]GB [898.672/898.672/194241.016]s
PT sto loop correction: -0.0011964454 Ha
PT sto correction (eps1= 5.00e-06): -0.0012359453 +- 0.0000142300 Ha
PT sto total energy (eps1= 5.00e-06): -2099.9038740263 +- 0.0000142499 Ha
Correlation energy (eps1= 5.00e-06): -1.7641018556 +- 0.0000142499 Ha
END OF #4 << sto 5.00e-12 << eps_var 5.00e-06 << perturbation [630.7/738.0]GB [598.122/1496.591/194838.935]s

BEG OF #5 << sto 5.00e-12 << eps_var 5.00e-06 << perturbation [630.7/738.0]GB [0.001/0.000/194838.935]s
Number of unique variational determinants in sample: 2,955,487
Batch id: 13 / 64
20% 40% 60% 80% 100% 
Number of sto pt dets: 3,765,884,920
END OF create hc sums [634.2/741.5]GB [885.032/885.032/195723.967]s
PT sto loop correction: -0.0012298534 Ha
PT sto correction (eps1= 5.00e-06): -0.0012347269 +- 0.0000110896 Ha
PT sto total energy (eps1= 5.00e-06): -2099.9038728079 +- 0.0000111151 Ha
Correlation energy (eps1= 5.00e-06): -1.7641006372 +- 0.0000111151 Ha
END OF #5 << sto 5.00e-12 << eps_var 5.00e-06 << perturbation [634.1/741.5]GB [597.697/1482.576/196321.511]s

BEG OF #6 << sto 5.00e-12 << eps_var 5.00e-06 << perturbation [634.1/741.5]GB [0.001/0.000/196321.511]s
Number of unique variational determinants in sample: 2,955,848
Batch id: 41 / 64
20% 40% 60% 80% 100% 
Number of sto pt dets: 3,766,236,979
END OF create hc sums [638.1/745.4]GB [852.515/852.515/197174.026]s
PT sto loop correction: -0.0012490429 Ha
PT sto correction (eps1= 5.00e-06): -0.0012371129 +- 0.0000093637 Ha
PT sto total energy (eps1= 5.00e-06): -2099.9038751939 +- 0.0000093939 Ha
Correlation energy (eps1= 5.00e-06): -1.7641030232 +- 0.0000093939 Ha
END OF #6 << sto 5.00e-12 << eps_var 5.00e-06 << perturbation [638.3/745.7]GB [598.567/1450.938/197772.449]s
END OF sto 5.00e-12 << eps_var 5.00e-06 << perturbation [638.3/745.7]GB [0.042/8982.978/197772.490]s
Total energy: -2099.9038751939 +- 0.0000093939 Ha
END OF eps_var 5.00e-06 << perturbation [294.3/401.6]GB [13.207/32847.529/197785.697]s
END OF perturbation [294.3/401.6]GB [0.001/32847.532/197785.697]s
