l[023,033]
80
Semistochastic Heat-bath Configuration Interation (SHCI)

Start time: Fri Jun 14 14:11:44 2019
Infrastructure: 2 nodes * 80 threads
Configuration:
{
  "chem": {
    "irrep_occs_dn": [
      4,
      2,
      1,
      2,
      1,
      2,
      1,
      0,
      1,
      0
    ],
    "irrep_occs_up": [
      4,
      2,
      1,
      2,
      1,
      2,
      1,
      0,
      1,
      0
    ],
    "irreps": [
      1,
      2,
      3,
      4,
      5,
      6,
      7,
      8,
      9,
      10
    ],
    "point_group": "dih"
  },
  "eps_pt": 1e-20,
  "eps_vars": [
    0.0002,
    0.0001,
    5e-05,
    3e-05,
    2e-05,
    1e-05,
    5e-06
  ],
  "eps_vars_schedule": [
    0.005,
    0.005,
    0.005,
    0.005,
    0.005,
    0.003,
    0.003,
    0.003,
    0.003,
    0.003,
    0.002,
    0.002,
    0.002,
    0.002,
    0.002,
    0.001,
    0.001,
    0.001,
    0.001,
    0.001,
    0.001,
    0.001,
    0.0005,
    0.0005,
    0.0005,
    0.0005,
    0.0005,
    0.0005,
    0.0005,
    0.0003,
    0.0003,
    0.0003,
    0.0003,
    0.0003,
    0.0002,
    0.0002,
    0.0002,
    0.0002,
    0.0002
  ],
  "n_dn": 14,
  "n_up": 14,
  "system": "chem",
  "target_error": 2e-05,
  "time_sym": true,
  "var_only": true
}
Timing format: [DIFF/SECTION/TOTAL]

BEG OF setup [0.0/24.1]GB [0.001/0.001/0.001]s

BEG OF load integrals << setup [18446744073.7/24.1]GB [0.004/0.000/0.004]s
n_orbs: 76
n_elecs (from FCIDUMP): 28
orb_sym: 1 2 1 6 4 3 5 2 1 6 4 7 9 1 2 6 4 1 3 5 10 8 2 2 3 5 1 6 4 1 2 7 9 3 5 6 4 10 8 2 1 3 5 6 4 1 2 3 5 7 9 2 6 4 1 10 8 1 3 5 7 9 6 4 2 14 12 11 13 2 1 10 8 3 5 2 
END OF load fcidump [0.1/24.2]GB [1.340/1.340/1.343]s
HF det up: 0 1 2 3 4 5 6 7 8 9 10 11 12 13 
HF det dn: 0 1 2 3 4 5 6 7 8 9 10 11 12 13 
Reorder skipped.
Orbitals energy:
#  0: E =  -3.521537538776, sym =  1, origin #  0
#  1: E =  -3.483396996402, sym =  2, origin #  1
#  2: E =  -2.311819237529, sym =  1, origin #  2
#  3: E =  -2.227549286377, sym =  6, origin #  3
#  4: E =  -2.227549286377, sym =  4, origin #  4
#  5: E =  -2.190639580481, sym =  3, origin #  5
#  6: E =  -2.190639580481, sym =  5, origin #  6
#  7: E =  -2.142755275228, sym =  2, origin #  7
#  8: E =  -0.219035405885, sym =  1, origin #  8
#  9: E =  -0.308359126812, sym =  6, origin #  9
# 10: E =  -0.308359126812, sym =  4, origin # 10
# 11: E =  -0.216171750423, sym =  7, origin # 11
# 12: E =  -0.216171750423, sym =  9, origin # 12
# 13: E =  -0.311329528139, sym =  1, origin # 13
# 14: E =   0.235459729617, sym =  2, origin # 14
# 15: E =   0.162493138867, sym =  6, origin # 15
# 16: E =   0.162493138867, sym =  4, origin # 16
# 17: E =   0.482426771489, sym =  1, origin # 17
# 18: E =   0.240022269417, sym =  3, origin # 18
# 19: E =   0.240022269418, sym =  5, origin # 19
# 20: E =   0.133306846713, sym = 10, origin # 20
# 21: E =   0.133306846714, sym =  8, origin # 21
# 22: E =   0.112351824806, sym =  2, origin # 22
# 23: E =   1.228778135901, sym =  2, origin # 23
# 24: E =   0.531311372042, sym =  3, origin # 24
# 25: E =   0.531311372042, sym =  5, origin # 25
# 26: E =   1.393245985244, sym =  1, origin # 26
# 27: E =   1.200309271585, sym =  6, origin # 27
# 28: E =   1.200309271584, sym =  4, origin # 28
# 29: E =   2.445814787320, sym =  1, origin # 29
# 30: E =   1.724550731620, sym =  2, origin # 30
# 31: E =   0.905475311303, sym =  7, origin # 31
# 32: E =   0.905475311303, sym =  9, origin # 32
# 33: E =   3.441724461685, sym =  3, origin # 33
# 34: E =   3.441724461684, sym =  5, origin # 34
# 35: E =   2.181362220221, sym =  6, origin # 35
# 36: E =   2.181362220221, sym =  4, origin # 36
# 37: E =   1.329930977980, sym = 10, origin # 37
# 38: E =   1.329930977980, sym =  8, origin # 38
# 39: E =   3.324683403402, sym =  2, origin # 39
# 40: E =   1.344406534369, sym =  1, origin # 40
# 41: E =   1.811806517121, sym =  3, origin # 41
# 42: E =   1.811806517121, sym =  5, origin # 42
# 43: E =   0.569195517466, sym =  6, origin # 43
# 44: E =   0.569195517466, sym =  4, origin # 44
# 45: E =   0.577857421808, sym =  1, origin # 45
# 46: E =   0.873199672349, sym =  2, origin # 46
# 47: E =   0.151820268531, sym =  3, origin # 47
# 48: E =   0.151820268531, sym =  5, origin # 48
# 49: E =   2.159375805062, sym =  7, origin # 49
# 50: E =   2.159375805063, sym =  9, origin # 50
# 51: E =   2.648075114321, sym =  2, origin # 51
# 52: E =   0.560294369019, sym =  6, origin # 52
# 53: E =   0.560294369019, sym =  4, origin # 53
# 54: E =   0.631371730882, sym =  1, origin # 54
# 55: E =   2.831514685230, sym = 10, origin # 55
# 56: E =   2.831514685230, sym =  8, origin # 56
# 57: E =   0.681726099687, sym =  1, origin # 57
# 58: E =   0.888132566338, sym =  3, origin # 58
# 59: E =   0.888132566337, sym =  5, origin # 59
# 60: E =   0.708772087686, sym =  7, origin # 60
# 61: E =   0.708772087687, sym =  9, origin # 61
# 62: E =   0.317250445645, sym =  6, origin # 62
# 63: E =   0.317250445645, sym =  4, origin # 63
# 64: E =   2.393162229138, sym =  2, origin # 64
# 65: E =   2.351178773629, sym = 14, origin # 65
# 66: E =   2.351178773629, sym = 12, origin # 66
# 67: E =   2.503738099772, sym = 11, origin # 67
# 68: E =   2.503738099772, sym = 13, origin # 68
# 69: E =   0.130129266406, sym =  2, origin # 69
# 70: E =   0.180693336252, sym =  1, origin # 70
# 71: E =   0.496659265965, sym = 10, origin # 71
# 72: E =   0.496659265965, sym =  8, origin # 72
# 73: E =   0.816755696006, sym =  3, origin # 73
# 74: E =   0.816755696007, sym =  5, origin # 74
# 75: E =   0.675742879708, sym =  2, origin # 75
HF det up: 0 1 2 3 4 5 6 7 8 9 10 11 12 13 
HF det dn: 0 1 2 3 4 5 6 7 8 9 10 11 12 13 
END OF reorder orbitals [0.1/24.2]GB [0.049/1.388/1.391]s
FCIDUMP cache saved to: integrals_cache.dat
END OF load integrals << setup [0.1/24.2]GB [0.120/1.507/1.510]s

BEG OF setup hci queue << setup [0.1/24.2]GB [0.001/0.000/1.511]s
Max hci queue elem: 0.3563651226 Ha
Number of entries in hci queue: 1,786,582
END OF setup hci queue << setup [0.1/24.2]GB [0.079/0.079/1.590]s
HF energy: -2098.4529210963 Ha
END OF setup [0.1/24.2]GB [0.004/1.593/1.593]s

BEG OF variation [0.1/24.2]GB [0.001/0.000/1.594]s
Final iteration 0 HF ndets= 1 energy= -2098.45292110

BEG OF eps_var 2.00e-04 << variation [0.1/24.2]GB [0.001/0.000/1.594]s
Loaded 1,437,913 dets from: wf_eps1_2.00e-04.dat
Effect dets (without time sym): 2,871,602
----------------------------------------
Excite Lv       # dets         Sum c^2
0                    1      0.42583567
1                  170      0.00180003
2                58004      0.37764868
3               270530      0.01194273
4              1227836      0.13794640
5               362808      0.00799819
6               665699      0.02868770
7               134242      0.00276046
8               117522      0.00431700
9                21402      0.00057584
10               11098      0.00043500
11                1694      0.00004283
12                 584      0.00000946
13                  12      0.00000002
----------------------------------------
Orbital                        Sum c^2
0                           1.99575421
1                           1.99584616
2                           1.98959319
3                           1.98889300
4                           1.98889300
5                           1.98726441
6                           1.98726441
7                           1.98534055
8                           1.93174850
9                           1.80509920
10                          1.80509920
11                          1.56976086
12                          1.56976086
13                          1.77887749
14                          0.21164511
15                          0.02145711
16                          0.02145711
17                          0.01212177
18                          0.18439360
19                          0.18439360
20                          0.41481730
21                          0.41481730
22                          0.02910904
23                          0.00398890
24                          0.00329600
25                          0.00329600
26                          0.00704011
27                          0.00881907
28                          0.00881907
29                          0.00407693
30                          0.00234639
31                          0.01180317
32                          0.01180317
33                          0.00216560
34                          0.00216560
35                          0.00406190
36                          0.00406190
37                          0.00439828
38                          0.00439828
39                          0.00226808
40                          0.00339007
41                          0.00206432
42                          0.00206432
43                          0.00099441
44                          0.00099441
45                          0.00040940
46                          0.00009985
47                          0.00000032
48                          0.00000032
49                          0.00387714
Sum orbitals c^2: 28.00000000
----------------------------------------
Most important dets:
Excite Lv         Coef      Det (Reordered orb)
0           0.65256086      |  0  1  2  3  4  5  6  7  8  9 10 11 12 13 |  0  1  2  3  4  5  6  7  8  9 10 11 12 13 |
2          -0.23160494      |  0  1  2  3  4  5  6  7  8  9 10 11 13 20 |  0  1  2  3  4  5  6  7  8  9 10 11 13 20 |
2          -0.23160494      |  0  1  2  3  4  5  6  7  8  9 10 12 13 21 |  0  1  2  3  4  5  6  7  8  9 10 12 13 21 |
2           0.16504431      |  0  1  2  3  4  5  6  7  8  9 10 11 13 20 |  0  1  2  3  4  5  6  7  8  9 10 12 13 21 |
2           0.14763587      |  0  1  2  3  4  5  6  7  8  9 10 12 13 20 |  0  1  2  3  4  5  6  7  8  9 10 11 13 21 |
4           0.12984167      |  0  1  2  3  4  5  6  7  8  9 10 13 20 21 |  0  1  2  3  4  5  6  7  8  9 10 13 20 21 |
2          -0.11708748      |  0  1  2  3  4  5  6  7  8  9 10 11 12 14 |  0  1  2  3  4  5  6  7  8  9 10 11 12 14 |
2           0.09815866      |  0  1  2  3  4  5  6  7  8  9 11 12 13 18 |  0  1  2  3  4  5  6  7  8 10 11 12 13 19 |
2           0.09415334      |  0  1  2  3  4  5  6  7  8  9 10 11 12 14 |  0  1  2  3  4  5  6  7  8  9 11 12 13 18 |
2          -0.09415334      |  0  1  2  3  4  5  6  7  8  9 10 11 12 14 |  0  1  2  3  4  5  6  7  8 10 11 12 13 19 |
2          -0.09376442      |  0  1  2  3  4  5  6  7  8  9 11 12 13 18 |  0  1  2  3  4  5  6  7  8  9 11 12 13 18 |
2          -0.09376442      |  0  1  2  3  4  5  6  7  8 10 11 12 13 19 |  0  1  2  3  4  5  6  7  8 10 11 12 13 19 |
2           0.08910530      |  0  1  2  3  4  5  6  7  8  9 11 12 13 18 |  0  1  2  3  4  5  6  7  8  9 10 12 13 21 |
2           0.08910530      |  0  1  2  3  4  5  6  7  8 10 11 12 13 19 |  0  1  2  3  4  5  6  7  8  9 10 11 13 20 |
2          -0.08869874      |  0  1  2  3  4  5  6  7  8  9 10 11 12 14 |  0  1  2  3  4  5  6  7  8  9 10 12 13 21 |
2           0.08869874      |  0  1  2  3  4  5  6  7  8  9 10 11 12 14 |  0  1  2  3  4  5  6  7  8  9 10 11 13 20 |
2           0.08727955      |  0  1  2  3  4  5  6  7  8  9 10 11 13 14 |  0  1  2  3  4  5  6  7  8  9 10 11 12 20 |
2          -0.08727955      |  0  1  2  3  4  5  6  7  8  9 10 12 13 14 |  0  1  2  3  4  5  6  7  8  9 10 11 12 21 |
2          -0.08638216      |  0  1  2  3  4  5  6  7  8 10 11 12 13 19 |  0  1  2  3  4  5  6  7  8  9 10 12 13 21 |
2          -0.08638216      |  0  1  2  3  4  5  6  7  8  9 11 12 13 18 |  0  1  2  3  4  5  6  7  8  9 10 11 13 20 |
----------------------------------------
HF energy: -2098.4529210963 Ha
Variational energy: -2099.8097866044 Ha
END OF eps_var 2.00e-04 << variation [0.4/24.5]GB [1.588/1.588/3.182]s

BEG OF eps_var 1.00e-04 << variation [0.4/24.5]GB [0.001/0.000/3.182]s
Loaded 4,332,710 dets from: wf_eps1_1.00e-04.dat
Effect dets (without time sym): 8,658,380
----------------------------------------
Excite Lv       # dets         Sum c^2
0                    1      0.40061058
1                  180      0.00191032
2                68393      0.38320221
3               657534      0.01316669
4              3344807      0.14917081
5              1233334      0.00934822
6              2157727      0.03278650
7               505868      0.00335049
8               520700      0.00511004
9                99160      0.00073118
10               60073      0.00053836
11                7650      0.00006163
12                2855      0.00001284
13                  98      0.00000012
----------------------------------------
Orbital                        Sum c^2
0                           1.99548854
1                           1.99557649
2                           1.98895181
3                           1.98820780
4                           1.98820780
5                           1.98654235
6                           1.98654235
7                           1.98452430
8                           1.91525323
9                           1.79162310
10                          1.79162310
11                          1.54857931
12                          1.54857931
13                          1.76521079
14                          0.22374069
15                          0.02573001
16                          0.02573001
17                          0.01392508
18                          0.19647907
19                          0.19647907
20                          0.43376896
21                          0.43376896
22                          0.03765935
23                          0.00463602
24                          0.00376000
25                          0.00376000
26                          0.00764793
27                          0.00946291
28                          0.00946291
29                          0.00429541
30                          0.00253130
31                          0.01282503
32                          0.01282503
33                          0.00228823
34                          0.00228823
35                          0.00428740
36                          0.00428740
37                          0.00487893
38                          0.00487893
39                          0.00239966
40                          0.00379860
41                          0.00231292
42                          0.00231292
43                          0.00121568
44                          0.00121568
45                          0.00060469
46                          0.00015537
47                          0.00000066
48                          0.00000066
49                          0.00407602
Sum orbitals c^2: 28.00000000
----------------------------------------
Most important dets:
Excite Lv         Coef      Det (Reordered orb)
0           0.63293806      |  0  1  2  3  4  5  6  7  8  9 10 11 12 13 |  0  1  2  3  4  5  6  7  8  9 10 11 12 13 |
2          -0.23139768      |  0  1  2  3  4  5  6  7  8  9 10 11 13 20 |  0  1  2  3  4  5  6  7  8  9 10 11 13 20 |
2          -0.23139768      |  0  1  2  3  4  5  6  7  8  9 10 12 13 21 |  0  1  2  3  4  5  6  7  8  9 10 12 13 21 |
2           0.15683483      |  0  1  2  3  4  5  6  7  8  9 10 11 13 20 |  0  1  2  3  4  5  6  7  8  9 10 12 13 21 |
2           0.15622269      |  0  1  2  3  4  5  6  7  8  9 10 12 13 20 |  0  1  2  3  4  5  6  7  8  9 10 11 13 21 |
4           0.12702069      |  0  1  2  3  4  5  6  7  8  9 10 13 20 21 |  0  1  2  3  4  5  6  7  8  9 10 13 20 21 |
2          -0.11395881      |  0  1  2  3  4  5  6  7  8  9 10 11 12 14 |  0  1  2  3  4  5  6  7  8  9 10 11 12 14 |
2           0.09408331      |  0  1  2  3  4  5  6  7  8  9 11 12 13 18 |  0  1  2  3  4  5  6  7  8 10 11 12 13 19 |
2          -0.09221596      |  0  1  2  3  4  5  6  7  8  9 11 12 13 18 |  0  1  2  3  4  5  6  7  8  9 11 12 13 18 |
2          -0.09221596      |  0  1  2  3  4  5  6  7  8 10 11 12 13 19 |  0  1  2  3  4  5  6  7  8 10 11 12 13 19 |
2           0.09177290      |  0  1  2  3  4  5  6  7  8  9 10 11 13 14 |  0  1  2  3  4  5  6  7  8  9 10 11 12 20 |
2          -0.09177290      |  0  1  2  3  4  5  6  7  8  9 10 12 13 14 |  0  1  2  3  4  5  6  7  8  9 10 11 12 21 |
2          -0.09085071      |  0  1  2  3  4  5  6  7  8  9 10 11 12 14 |  0  1  2  3  4  5  6  7  8 10 11 12 13 19 |
2           0.09085071      |  0  1  2  3  4  5  6  7  8  9 10 11 12 14 |  0  1  2  3  4  5  6  7  8  9 11 12 13 18 |
2           0.08870537      |  0  1  2  3  4  5  6  7  8  9 10 11 13 19 |  0  1  2  3  4  5  6  7  8 10 11 12 13 20 |
2           0.08870537      |  0  1  2  3  4  5  6  7  8  9 10 12 13 18 |  0  1  2  3  4  5  6  7  8  9 11 12 13 21 |
2           0.08770766      |  0  1  2  3  4  5  6  7  8  9 11 12 13 18 |  0  1  2  3  4  5  6  7  8  9 10 12 13 21 |
2           0.08770766      |  0  1  2  3  4  5  6  7  8 10 11 12 13 19 |  0  1  2  3  4  5  6  7  8  9 10 11 13 20 |
2           0.08760709      |  0  1  2  3  4  5  6  7  8  9 10 11 12 14 |  0  1  2  3  4  5  6  7  8  9 10 11 13 20 |
2          -0.08760709      |  0  1  2  3  4  5  6  7  8  9 10 11 12 14 |  0  1  2  3  4  5  6  7  8  9 10 12 13 21 |
----------------------------------------
HF energy: -2098.4529210963 Ha
Variational energy: -2099.8355577828 Ha
END OF eps_var 1.00e-04 << variation [1.2/25.2]GB [4.341/4.341/7.523]s

BEG OF eps_var 5.00e-05 << variation [1.2/25.2]GB [0.001/0.000/7.524]s
Loaded 13,089,053 dets from: wf_eps1_5.00e-05.dat
Effect dets (without time sym): 26,166,134
----------------------------------------
Excite Lv       # dets         Sum c^2
0                    1      0.37849978
1                  192      0.00189970
2                76877      0.38820860
3              1454866      0.01460830
4              8717727      0.15833844
5              4491596      0.01089768
6              6932674      0.03612405
7              1858572      0.00400562
8              1881862      0.00577895
9               416806      0.00090802
10              269456      0.00062889
11               49468      0.00008187
12               14914      0.00001962
13                 858      0.00000045
14                 265      0.00000002
----------------------------------------
Orbital                        Sum c^2
0                           1.99525588
1                           1.99532701
2                           1.98835209
3                           1.98758194
4                           1.98758194
5                           1.98588700
6                           1.98588700
7                           1.98376205
8                           1.89959096
9                           1.78172997
10                          1.78172997
11                          1.52783846
12                          1.52783846
13                          1.75503484
14                          0.23217754
15                          0.03004178
16                          0.03004178
17                          0.01588466
18                          0.20480905
19                          0.20480905
20                          0.45190250
21                          0.45190250
22                          0.04543710
23                          0.00531259
24                          0.00421923
25                          0.00421923
26                          0.00833324
27                          0.01013686
28                          0.01013686
29                          0.00450124
30                          0.00271591
31                          0.01392933
32                          0.01392933
33                          0.00240077
34                          0.00240077
35                          0.00450490
36                          0.00450490
37                          0.00539718
38                          0.00539718
39                          0.00251802
40                          0.00420144
41                          0.00256087
42                          0.00256087
43                          0.00144500
44                          0.00144500
45                          0.00084366
46                          0.00022192
47                          0.00000097
48                          0.00000097
49                          0.00425249
Sum orbitals c^2: 28.00000000
----------------------------------------
Most important dets:
Excite Lv         Coef      Det (Reordered orb)
0           0.61522336      |  0  1  2  3  4  5  6  7  8  9 10 11 12 13 |  0  1  2  3  4  5  6  7  8  9 10 11 12 13 |
2          -0.23284565      |  0  1  2  3  4  5  6  7  8  9 10 11 13 20 |  0  1  2  3  4  5  6  7  8  9 10 11 13 20 |
2          -0.23284565      |  0  1  2  3  4  5  6  7  8  9 10 12 13 21 |  0  1  2  3  4  5  6  7  8  9 10 12 13 21 |
2           0.16355816      |  0  1  2  3  4  5  6  7  8  9 10 12 13 20 |  0  1  2  3  4  5  6  7  8  9 10 11 13 21 |
2           0.15193227      |  0  1  2  3  4  5  6  7  8  9 10 11 13 20 |  0  1  2  3  4  5  6  7  8  9 10 12 13 21 |
4           0.12632194      |  0  1  2  3  4  5  6  7  8  9 10 13 20 21 |  0  1  2  3  4  5  6  7  8  9 10 13 20 21 |
2          -0.11193306      |  0  1  2  3  4  5  6  7  8  9 10 11 12 14 |  0  1  2  3  4  5  6  7  8  9 10 11 12 14 |
2           0.09425721      |  0  1  2  3  4  5  6  7  8  9 10 11 13 14 |  0  1  2  3  4  5  6  7  8  9 10 11 12 20 |
2          -0.09425721      |  0  1  2  3  4  5  6  7  8  9 10 12 13 14 |  0  1  2  3  4  5  6  7  8  9 10 11 12 21 |
2           0.09126882      |  0  1  2  3  4  5  6  7  8  9 11 12 13 18 |  0  1  2  3  4  5  6  7  8 10 11 12 13 19 |
2           0.09120677      |  0  1  2  3  4  5  6  7  8  9 10 12 13 18 |  0  1  2  3  4  5  6  7  8  9 11 12 13 21 |
2           0.09120677      |  0  1  2  3  4  5  6  7  8  9 10 11 13 19 |  0  1  2  3  4  5  6  7  8 10 11 12 13 20 |
2          -0.09112649      |  0  1  2  3  4  5  6  7  8  9 11 12 13 18 |  0  1  2  3  4  5  6  7  8  9 11 12 13 18 |
2          -0.09112649      |  0  1  2  3  4  5  6  7  8 10 11 12 13 19 |  0  1  2  3  4  5  6  7  8 10 11 12 13 19 |
2          -0.08828456      |  0  1  2  3  4  5  6  7  8  9 10 11 12 14 |  0  1  2  3  4  5  6  7  8 10 11 12 13 19 |
2           0.08828456      |  0  1  2  3  4  5  6  7  8  9 10 11 12 14 |  0  1  2  3  4  5  6  7  8  9 11 12 13 18 |
2           0.08618562      |  0  1  2  3  4  5  6  7  8 10 11 12 13 19 |  0  1  2  3  4  5  6  7  8  9 10 11 13 20 |
2           0.08618562      |  0  1  2  3  4  5  6  7  8  9 11 12 13 18 |  0  1  2  3  4  5  6  7  8  9 10 12 13 21 |
2           0.08616767      |  0  1  2  3  4  5  6  7  8  9 10 11 12 14 |  0  1  2  3  4  5  6  7  8  9 10 11 13 20 |
2          -0.08616767      |  0  1  2  3  4  5  6  7  8  9 10 11 12 14 |  0  1  2  3  4  5  6  7  8  9 10 12 13 21 |
----------------------------------------
HF energy: -2098.4529210963 Ha
Variational energy: -2099.8559806414 Ha
END OF eps_var 5.00e-05 << variation [2.8/26.9]GB [10.328/10.328/17.851]s

BEG OF eps_var 3.00e-05 << variation [2.8/26.9]GB [0.001/0.000/17.852]s
Loaded 29,870,343 dets from: wf_eps1_3.00e-05.dat
Effect dets (without time sym): 59,722,863
----------------------------------------
Excite Lv       # dets         Sum c^2
0                    1      0.36229900
1                  192      0.00187859
2                81364      0.39206058
3              2391304      0.01570306
4             16914663      0.16493211
5             11670814      0.01214093
6             16867661      0.03841761
7              4995418      0.00450929
8              4666629      0.00621208
9              1190456      0.00103077
10              717714      0.00069195
11              166214      0.00009809
12               55419      0.00002513
13                3738      0.00000075
14                1276      0.00000006
----------------------------------------
Orbital                        Sum c^2
0                           1.99510534
1                           1.99515990
2                           1.98793730
3                           1.98715041
4                           1.98715041
5                           1.98543954
6                           1.98543954
7                           1.98324146
8                           1.88942674
9                           1.77449522
10                          1.77449522
11                          1.51231232
12                          1.51231232
13                          1.74743736
14                          0.23841219
15                          0.03294833
16                          0.03294833
17                          0.01730481
18                          0.21080714
19                          0.21080714
20                          0.46560571
21                          0.46560571
22                          0.05021794
23                          0.00583790
24                          0.00459334
25                          0.00459334
26                          0.00883851
27                          0.01061652
28                          0.01061652
29                          0.00463998
30                          0.00285375
31                          0.01467874
32                          0.01467874
33                          0.00247963
34                          0.00247963
35                          0.00465365
36                          0.00465365
37                          0.00577372
38                          0.00577372
39                          0.00260119
40                          0.00448700
41                          0.00274986
42                          0.00274986
43                          0.00162219
44                          0.00162219
45                          0.00102240
46                          0.00027849
47                          0.00000123
48                          0.00000123
49                          0.00437345
Sum orbitals c^2: 28.00000000
----------------------------------------
Most important dets:
Excite Lv         Coef      Det (Reordered orb)
0           0.60191278      |  0  1  2  3  4  5  6  7  8  9 10 11 12 13 |  0  1  2  3  4  5  6  7  8  9 10 11 12 13 |
2          -0.23319690      |  0  1  2  3  4  5  6  7  8  9 10 11 13 20 |  0  1  2  3  4  5  6  7  8  9 10 11 13 20 |
2          -0.23319690      |  0  1  2  3  4  5  6  7  8  9 10 12 13 21 |  0  1  2  3  4  5  6  7  8  9 10 12 13 21 |
2           0.17085024      |  0  1  2  3  4  5  6  7  8  9 10 12 13 20 |  0  1  2  3  4  5  6  7  8  9 10 11 13 21 |
2           0.14905054      |  0  1  2  3  4  5  6  7  8  9 10 11 13 20 |  0  1  2  3  4  5  6  7  8  9 10 12 13 21 |
4           0.12639821      |  0  1  2  3  4  5  6  7  8  9 10 13 20 21 |  0  1  2  3  4  5  6  7  8  9 10 13 20 21 |
2          -0.11084891      |  0  1  2  3  4  5  6  7  8  9 10 11 12 14 |  0  1  2  3  4  5  6  7  8  9 10 11 12 14 |
2           0.09693877      |  0  1  2  3  4  5  6  7  8  9 10 11 13 14 |  0  1  2  3  4  5  6  7  8  9 10 11 12 20 |
2          -0.09693877      |  0  1  2  3  4  5  6  7  8  9 10 12 13 14 |  0  1  2  3  4  5  6  7  8  9 10 11 12 21 |
2           0.09357260      |  0  1  2  3  4  5  6  7  8  9 10 12 13 18 |  0  1  2  3  4  5  6  7  8  9 11 12 13 21 |
2           0.09357260      |  0  1  2  3  4  5  6  7  8  9 10 11 13 19 |  0  1  2  3  4  5  6  7  8 10 11 12 13 20 |
2          -0.09076206      |  0  1  2  3  4  5  6  7  8  9 11 12 13 18 |  0  1  2  3  4  5  6  7  8  9 11 12 13 18 |
2          -0.09076206      |  0  1  2  3  4  5  6  7  8 10 11 12 13 19 |  0  1  2  3  4  5  6  7  8 10 11 12 13 19 |
2           0.08960777      |  0  1  2  3  4  5  6  7  8  9 11 12 13 18 |  0  1  2  3  4  5  6  7  8 10 11 12 13 19 |
2           0.08671270      |  0  1  2  3  4  5  6  7  8  9 10 11 12 14 |  0  1  2  3  4  5  6  7  8  9 11 12 13 18 |
2          -0.08671270      |  0  1  2  3  4  5  6  7  8  9 10 11 12 14 |  0  1  2  3  4  5  6  7  8 10 11 12 13 19 |
2           0.08504673      |  0  1  2  3  4  5  6  7  8  9 11 12 13 18 |  0  1  2  3  4  5  6  7  8  9 10 12 13 21 |
2           0.08504673      |  0  1  2  3  4  5  6  7  8 10 11 12 13 19 |  0  1  2  3  4  5  6  7  8  9 10 11 13 20 |
2           0.08501028      |  0  1  2  3  4  5  6  7  8  9 10 11 12 14 |  0  1  2  3  4  5  6  7  8  9 10 11 13 20 |
2          -0.08501028      |  0  1  2  3  4  5  6  7  8  9 10 11 12 14 |  0  1  2  3  4  5  6  7  8  9 10 12 13 21 |
----------------------------------------
HF energy: -2098.4529210963 Ha
Variational energy: -2099.8684624841 Ha
END OF eps_var 3.00e-05 << variation [7.1/31.2]GB [26.951/26.951/44.802]s

BEG OF eps_var 2.00e-05 << variation [7.1/31.2]GB [0.001/0.000/44.802]s
Loaded 57,641,340 dets from: wf_eps1_2.00e-05.dat
Effect dets (without time sym): 115,258,292
----------------------------------------
Excite Lv       # dets         Sum c^2
0                    1      0.34994912
1                  192      0.00187538
2                83911      0.39476008
3              3370656      0.01653979
4             27700973      0.17006782
5             24148798      0.01314245
6             34612025      0.04020677
7             11087010      0.00491733
8              9516199      0.00654143
9              2676680      0.00112179
10             1529524      0.00073687
11              383810      0.00011150
12              132327      0.00002859
13               13772      0.00000100
14                2414      0.00000008
----------------------------------------
Orbital                        Sum c^2
0                           1.99499483
1                           1.99503529
2                           1.98762660
3                           1.98682685
4                           1.98682685
5                           1.98510663
6                           1.98510663
7                           1.98286327
8                           1.88221158
9                           1.76848328
10                          1.76848328
11                          1.50060940
12                          1.50060940
13                          1.74117580
14                          0.24354759
15                          0.03503439
16                          0.03503439
17                          0.01837189
18                          0.21584385
19                          0.21584385
20                          0.47595834
21                          0.47595834
22                          0.05357576
23                          0.00625345
24                          0.00491062
25                          0.00491062
26                          0.00923222
27                          0.01096758
28                          0.01096758
29                          0.00474083
30                          0.00296586
31                          0.01520224
32                          0.01520224
33                          0.00253928
34                          0.00253928
35                          0.00476059
36                          0.00476059
37                          0.00605663
38                          0.00605663
39                          0.00266498
40                          0.00471191
41                          0.00290522
42                          0.00290522
43                          0.00176265
44                          0.00176265
45                          0.00117043
46                          0.00033042
47                          0.00000151
48                          0.00000151
49                          0.00446096
Sum orbitals c^2: 28.00000000
----------------------------------------
Most important dets:
Excite Lv         Coef      Det (Reordered orb)
0           0.59156498      |  0  1  2  3  4  5  6  7  8  9 10 11 12 13 |  0  1  2  3  4  5  6  7  8  9 10 11 12 13 |
2          -0.23296702      |  0  1  2  3  4  5  6  7  8  9 10 11 13 20 |  0  1  2  3  4  5  6  7  8  9 10 11 13 20 |
2          -0.23296702      |  0  1  2  3  4  5  6  7  8  9 10 12 13 21 |  0  1  2  3  4  5  6  7  8  9 10 12 13 21 |
2           0.17577733      |  0  1  2  3  4  5  6  7  8  9 10 12 13 20 |  0  1  2  3  4  5  6  7  8  9 10 11 13 21 |
2           0.14708035      |  0  1  2  3  4  5  6  7  8  9 10 11 13 20 |  0  1  2  3  4  5  6  7  8  9 10 12 13 21 |
4           0.12642923      |  0  1  2  3  4  5  6  7  8  9 10 13 20 21 |  0  1  2  3  4  5  6  7  8  9 10 13 20 21 |
2          -0.11012242      |  0  1  2  3  4  5  6  7  8  9 10 11 12 14 |  0  1  2  3  4  5  6  7  8  9 10 11 12 14 |
2          -0.09926536      |  0  1  2  3  4  5  6  7  8  9 10 12 13 14 |  0  1  2  3  4  5  6  7  8  9 10 11 12 21 |
2           0.09926536      |  0  1  2  3  4  5  6  7  8  9 10 11 13 14 |  0  1  2  3  4  5  6  7  8  9 10 11 12 20 |
2           0.09567534      |  0  1  2  3  4  5  6  7  8  9 10 12 13 18 |  0  1  2  3  4  5  6  7  8  9 11 12 13 21 |
2           0.09567534      |  0  1  2  3  4  5  6  7  8  9 10 11 13 19 |  0  1  2  3  4  5  6  7  8 10 11 12 13 20 |
2          -0.09061793      |  0  1  2  3  4  5  6  7  8  9 11 12 13 18 |  0  1  2  3  4  5  6  7  8  9 11 12 13 18 |
2          -0.09061793      |  0  1  2  3  4  5  6  7  8 10 11 12 13 19 |  0  1  2  3  4  5  6  7  8 10 11 12 13 19 |
2           0.08840684      |  0  1  2  3  4  5  6  7  8  9 11 12 13 18 |  0  1  2  3  4  5  6  7  8 10 11 12 13 19 |
2           0.08560072      |  0  1  2  3  4  5  6  7  8  9 10 11 12 14 |  0  1  2  3  4  5  6  7  8  9 11 12 13 18 |
2          -0.08560072      |  0  1  2  3  4  5  6  7  8  9 10 11 12 14 |  0  1  2  3  4  5  6  7  8 10 11 12 13 19 |
2           0.08424327      |  0  1  2  3  4  5  6  7  8  9 11 12 13 18 |  0  1  2  3  4  5  6  7  8  9 10 12 13 21 |
2           0.08424327      |  0  1  2  3  4  5  6  7  8 10 11 12 13 19 |  0  1  2  3  4  5  6  7  8  9 10 11 13 20 |
2           0.08419590      |  0  1  2  3  4  5  6  7  8  9 10 11 12 14 |  0  1  2  3  4  5  6  7  8  9 10 11 13 20 |
2          -0.08419590      |  0  1  2  3  4  5  6  7  8  9 10 11 12 14 |  0  1  2  3  4  5  6  7  8  9 10 12 13 21 |
----------------------------------------
HF energy: -2098.4529210963 Ha
Variational energy: -2099.8769792079 Ha
END OF eps_var 2.00e-05 << variation [8.6/32.7]GB [37.638/37.638/82.441]s

BEG OF eps_var 1.00e-05 << variation [8.6/32.7]GB [0.001/0.000/82.441]s
Loaded 176,794,961 dets from: wf_eps1_1.00e-05.dat
Effect dets (without time sym): 353,547,700
----------------------------------------
Excite Lv       # dets         Sum c^2
0                    1      0.33090946
1                  192      0.00188974
2                87050      0.39803876
3              5573056      0.01782378
4             60492674      0.17834923
5             76260524      0.01482050
6            115784265      0.04320273
7             43859556      0.00562497
8             33446987      0.00708919
9             10397176      0.00127783
10             5562312      0.00080555
11             1464072      0.00013277
12              533739      0.00003392
13               78364      0.00000145
14                7732      0.00000012
----------------------------------------
Orbital                        Sum c^2
0                           1.99481919
1                           1.99483446
2                           1.98714416
3                           1.98632200
4                           1.98632200
5                           1.98459247
6                           1.98459247
7                           1.98228976
8                           1.87088105
9                           1.75836125
10                          1.75836125
11                          1.48253032
12                          1.48253032
13                          1.73073269
14                          0.25207109
15                          0.03817004
16                          0.03817004
17                          0.02007492
18                          0.22437755
19                          0.22437755
20                          0.49191592
21                          0.49191592
22                          0.05896801
23                          0.00693226
24                          0.00547318
25                          0.00547318
26                          0.00985244
27                          0.01149262
28                          0.01149262
29                          0.00489508
30                          0.00315417
31                          0.01598390
32                          0.01598390
33                          0.00263220
34                          0.00263220
35                          0.00492170
36                          0.00492170
37                          0.00649536
38                          0.00649536
39                          0.00276483
40                          0.00510429
41                          0.00316551
42                          0.00316551
43                          0.00199611
44                          0.00199611
45                          0.00145036
46                          0.00042923
47                          0.00000212
48                          0.00000212
49                          0.00459104
Sum orbitals c^2: 28.00000000
----------------------------------------
Most important dets:
Excite Lv         Coef      Det (Reordered orb)
0           0.57524730      |  0  1  2  3  4  5  6  7  8  9 10 11 12 13 |  0  1  2  3  4  5  6  7  8  9 10 11 12 13 |
2          -0.23186792      |  0  1  2  3  4  5  6  7  8  9 10 11 13 20 |  0  1  2  3  4  5  6  7  8  9 10 11 13 20 |
2          -0.23186792      |  0  1  2  3  4  5  6  7  8  9 10 12 13 21 |  0  1  2  3  4  5  6  7  8  9 10 12 13 21 |
2           0.18171381      |  0  1  2  3  4  5  6  7  8  9 10 12 13 20 |  0  1  2  3  4  5  6  7  8  9 10 11 13 21 |
2           0.14459806      |  0  1  2  3  4  5  6  7  8  9 10 11 13 20 |  0  1  2  3  4  5  6  7  8  9 10 12 13 21 |
4           0.12616755      |  0  1  2  3  4  5  6  7  8  9 10 13 20 21 |  0  1  2  3  4  5  6  7  8  9 10 13 20 21 |
2          -0.10891910      |  0  1  2  3  4  5  6  7  8  9 10 11 12 14 |  0  1  2  3  4  5  6  7  8  9 10 11 12 14 |
2           0.10245388      |  0  1  2  3  4  5  6  7  8  9 10 11 13 14 |  0  1  2  3  4  5  6  7  8  9 10 11 12 20 |
2          -0.10245388      |  0  1  2  3  4  5  6  7  8  9 10 12 13 14 |  0  1  2  3  4  5  6  7  8  9 10 11 12 21 |
2           0.09865952      |  0  1  2  3  4  5  6  7  8  9 10 12 13 18 |  0  1  2  3  4  5  6  7  8  9 11 12 13 21 |
2           0.09865952      |  0  1  2  3  4  5  6  7  8  9 10 11 13 19 |  0  1  2  3  4  5  6  7  8 10 11 12 13 20 |
2          -0.09036588      |  0  1  2  3  4  5  6  7  8  9 11 12 13 18 |  0  1  2  3  4  5  6  7  8  9 11 12 13 18 |
2          -0.09036588      |  0  1  2  3  4  5  6  7  8 10 11 12 13 19 |  0  1  2  3  4  5  6  7  8 10 11 12 13 19 |
2           0.08665038      |  0  1  2  3  4  5  6  7  8  9 11 12 13 18 |  0  1  2  3  4  5  6  7  8 10 11 12 13 19 |
2          -0.08400151      |  0  1  2  3  4  5  6  7  8  9 10 11 12 14 |  0  1  2  3  4  5  6  7  8 10 11 12 13 19 |
2           0.08400151      |  0  1  2  3  4  5  6  7  8  9 10 11 12 14 |  0  1  2  3  4  5  6  7  8  9 11 12 13 18 |
2           0.08327052      |  0  1  2  3  4  5  6  7  8  9 11 12 13 18 |  0  1  2  3  4  5  6  7  8  9 10 12 13 21 |
2           0.08327052      |  0  1  2  3  4  5  6  7  8 10 11 12 13 19 |  0  1  2  3  4  5  6  7  8  9 10 11 13 20 |
2          -0.08326657      |  0  1  2  3  4  5  6  7  8  9 10 11 12 14 |  0  1  2  3  4  5  6  7  8  9 10 12 13 21 |
2           0.08326657      |  0  1  2  3  4  5  6  7  8  9 10 11 12 14 |  0  1  2  3  4  5  6  7  8  9 10 11 13 20 |
----------------------------------------
HF energy: -2098.4529210963 Ha
Variational energy: -2099.8890124939 Ha
END OF eps_var 1.00e-05 << variation [31.7/55.8]GB [163.448/163.448/245.888]s

BEG OF eps_var 5.00e-06 << variation [31.7/55.8]GB [0.001/0.000/245.889]s

BEG OF main << eps_var 5.00e-06 << variation [31.7/55.8]GB [0.004/0.000/245.893]s

BEG OF #1 << main << eps_var 5.00e-06 << variation [33.1/57.1]GB [0.431/0.001/246.323]s
20% 40% 60% 80% 100% 
Number of dets / new dets: 483,938,685 / 307,143,724
END OF get next det list [115.2/139.3]GB [868.894/868.894/1115.217]s
END OF update unique ab [132.3/156.3]GB [1026.335/1895.228/2141.551]s
END OF create abm1 [139.3/163.4]GB [763.463/2658.691/2905.013]s
Outer size of a/b singles: 20,398,889 / 0
Full size of absingles: 2,066,888,370
END OF create absingles [157.2/181.3]GB [501.371/3160.061/3406.384]s
10% 20% 30% 40% 50% 60% 70% 80% 90% 100% 
Number of nonzero elems: 270,154,420,147
END OF generate sparse hamiltonian [1612.7/1636.8]GB [68114.064/71274.123/71520.445]s
Davidson #0: -2099.8890124939
Davidson #1: -2099.8969303867
Davidson #2: -2099.8972751200
Davidson #3: -2099.8973395326
Davidson #4: -2099.8973740743
Davidson #5: -2099.8973884970
Davidson #6: -2099.8974039656
Davidson #7: -2099.8974191571
Davidson #8: -2099.8974332387
END OF diagonalize sparse hamiltonian [1674.0/1698.1]GB [2588.226/73862.348/74108.670]s
Iteration 1 eps1= 5.00e-06 ndets= 483,938,685 energy= -2099.89743324
END OF #1 << main << eps_var 5.00e-06 << variation [1674.0/1698.1]GB [0.001/73862.348/74108.671]s

BEG OF #2 << main << eps_var 5.00e-06 << variation [1674.0/1698.1]GB [0.962/0.001/74109.633]s
20% 40% 60% 80% 100% 
Number of dets / new dets: 514,878,355 / 30,939,670
END OF get next det list [1752.7/1776.8]GB [831.020/831.020/74940.652]s
END OF update unique ab [1752.8/1776.9]GB [141.170/972.189/75081.821]s
END OF create abm1 [1752.8/1776.9]GB [137.464/1109.653/75219.285]s
Outer size of a/b singles: 21,347,032 / 0
Full size of absingles: 1,568,504,132
END OF create absingles [1752.8/1776.8]GB [70.973/1180.625/75290.257]s
10% 20% 30% 40% 50% 60% 70% 80% 90% 100% 
Number of nonzero elems: 289,597,727,057
END OF generate sparse hamiltonian [1776.0/1800.1]GB [34089.674/35270.299/109379.931]s
Davidson #0: -2099.8974332376
Davidson #1: -2099.8978859519
Davidson #2: -2099.8979093628
Davidson #3: -2099.8979163475
Davidson #4: -2099.8979207588
Davidson #5: -2099.8979228793
Davidson #6: -2099.8979258764
Davidson #7: -2099.8979308852
Davidson #8: -2099.8979366438
END OF diagonalize sparse hamiltonian [1804.3/1828.4]GB [2692.093/37962.391/112072.023]s
Iteration 2 eps1= 5.00e-06 ndets= 514,878,355 energy= -2099.89793664
END OF #2 << main << eps_var 5.00e-06 << variation [1804.3/1828.4]GB [0.001/37962.391/112072.023]s

BEG OF #3 << main << eps_var 5.00e-06 << variation [1804.3/1828.4]GB [1.237/0.001/112073.260]s
20% 40% 60% 80% 100% 
Number of dets / new dets: 524,174,029 / 9,295,674
END OF get next det list [1836.8/1860.9]GB [694.418/694.418/112767.676]s
END OF update unique ab [1836.9/1860.9]GB [47.549/741.966/112815.225]s
END OF create abm1 [1836.9/1860.9]GB [62.116/804.082/112877.341]s
Outer size of a/b singles: 21,712,925 / 0
Full size of absingles: 1,158,608,404
END OF create absingles [1836.9/1861.0]GB [31.809/835.891/112909.149]s
10% 20% 30% 40% 50% 60% 70% 80% 90% 100% 
Number of nonzero elems: 295,546,390,751
END OF generate sparse hamiltonian [1832.9/1857.0]GB [10734.250/11570.140/123643.399]s
Davidson #0: -2099.8979366426
Davidson #1: -2099.8980634442
Davidson #2: -2099.8980694580
Davidson #3: -2099.8980708777
Davidson #4: -2099.8980716532
Davidson #5: -2099.8980720141
Davidson #6: -2099.8980725964
Davidson #7: -2099.8980739719
Davidson #8: -2099.8980756148
END OF diagonalize sparse hamiltonian [1855.0/1879.1]GB [2718.201/14288.340/126361.599]s
Iteration 3 eps1= 5.00e-06 ndets= 524,174,029 energy= -2099.89807561
END OF #3 << main << eps_var 5.00e-06 << variation [1855.0/1879.1]GB [0.001/14288.340/126361.599]s

BEG OF #4 << main << eps_var 5.00e-06 << variation [1855.0/1879.1]GB [0.031/0.001/126361.629]s
20% 40% 60% 80% 100% 
Number of dets / new dets: 527,219,800 / 3,045,771
END OF get next det list [1900.4/1924.5]GB [508.771/508.771/126870.400]s
END OF update unique ab [1900.5/1924.5]GB [26.815/535.585/126897.214]s
END OF create abm1 [1900.5/1924.5]GB [27.806/563.391/126925.019]s
Outer size of a/b singles: 21,866,026 / 0
Full size of absingles: 764,829,564
END OF create absingles [1900.5/1924.6]GB [16.203/579.593/126941.222]s
10% 20% 30% 40% 50% 60% 70% 80% 90% 100% 
Number of nonzero elems: 297,481,974,870
END OF generate sparse hamiltonian [1905.7/1929.8]GB [4497.894/5077.487/131439.116]s
Davidson #0: -2099.8980756156
Davidson #1: -2099.8981173566
Davidson #2: -2099.8981188516
Davidson #3: -2099.8981191881
Davidson #4: -2099.8981193459
Davidson #5: -2099.8981194065
Davidson #6: -2099.8981194932
Davidson #7: -2099.8981196928
Davidson #8: -2099.8981199049
END OF diagonalize sparse hamiltonian [1906.5/1930.6]GB [2463.266/7540.752/133902.381]s
Iteration 4 eps1= 5.00e-06 ndets= 527,219,800 energy= -2099.89811990
END OF #4 << main << eps_var 5.00e-06 << variation [1906.5/1930.6]GB [0.001/7540.752/133902.381]s

BEG OF #5 << main << eps_var 5.00e-06 << variation [1906.5/1930.6]GB [0.007/0.000/133902.387]s
20% 40% 60% 80% 100% 
Number of dets / new dets: 528,171,306 / 951,506
END OF get next det list [1989.3/2013.4]GB [345.182/345.182/134247.570]s
END OF update unique ab [1989.3/2013.4]GB [17.066/362.248/134264.635]s
END OF create abm1 [1989.3/2013.4]GB [11.058/373.305/134275.692]s
Outer size of a/b singles: 21,915,029 / 0
Full size of absingles: 429,783,292
END OF create absingles [1989.8/2013.9]GB [9.508/382.813/134285.200]s
10% 20% 30% 40% 50% 60% 70% 80% 90% 100% 
Number of nonzero elems: 298,072,866,438
END OF generate sparse hamiltonian [1991.6/2015.7]GB [2968.943/3351.755/137254.142]s
Davidson #0: -2099.8981199058
Davidson #1: -2099.8981328731
Davidson #2: -2099.8981332580
Davidson #3: -2099.8981333511
Davidson #4: -2099.8981333923
Davidson #5: -2099.8981334071
Davidson #6: -2099.8981334312
Davidson #7: -2099.8981334869
Davidson #8: -2099.8981335466
END OF diagonalize sparse hamiltonian [1992.3/2016.4]GB [2353.117/5704.871/139607.259]s
Iteration 5 eps1= 5.00e-06 ndets= 528,171,306 energy= -2099.89813355
END OF #5 << main << eps_var 5.00e-06 << variation [1992.3/2016.4]GB [0.001/5704.872/139607.259]s

BEG OF #6 << main << eps_var 5.00e-06 << variation [1992.3/2016.4]GB [0.003/0.000/139607.262]s
20% 40% 60% 80% 100% 
Number of dets / new dets: 528,575,154 / 403,848
END OF get next det list [2075.2/2099.3]GB [235.740/235.740/139843.002]s
END OF update unique ab [2075.3/2099.4]GB [12.100/247.840/139855.102]s
END OF create abm1 [2075.3/2099.4]GB [5.764/253.603/139860.865]s
Outer size of a/b singles: 21,937,851 / 0
Full size of absingles: 252,075,174
END OF create absingles [2075.4/2099.5]GB [5.781/259.384/139866.645]s
10% 20% 30% 40% 50% 60% 70% 80% 90% 100% 
Number of nonzero elems: 298,323,910,130
END OF generate sparse hamiltonian [2076.2/2100.3]GB [2743.440/3002.823/142610.084]s
Davidson #0: -2099.8981335474
Davidson #1: -2099.8981390459
Davidson #2: -2099.8981391565
Davidson #3: -2099.8981391899
Davidson #4: -2099.8981392037
Davidson #5: -2099.8981392085
Davidson #6: -2099.8981392162
Davidson #7: -2099.8981392303
Davidson #8: -2099.8981392484
END OF diagonalize sparse hamiltonian [2076.2/2100.3]GB [1750.445/4753.267/144360.529]s
Iteration 6 eps1= 5.00e-06 ndets= 528,575,154 energy= -2099.89813925
END OF #6 << main << eps_var 5.00e-06 << variation [2076.2/2100.3]GB [0.001/4753.267/144360.529]s

BEG OF #7 << main << eps_var 5.00e-06 << variation [2076.2/2100.3]GB [0.002/0.000/144360.531]s
Davidson #0: -2099.8981392471
Davidson #1: -2099.8981392569
Davidson #2: -2099.8981392624
Davidson #3: -2099.8981392665
Davidson #4: -2099.8981392686
Davidson #5: -2099.8981392707
Davidson #6: -2099.8981392728
Davidson #7: -2099.8981392758
Davidson #8: -2099.8981392796
END OF diagonalize sparse hamiltonian [2076.7/2100.8]GB [1680.965/1680.965/146041.495]s
Iteration 7 eps1= 5.00e-06 ndets= 528,575,154 energy= -2099.89813928
END OF #7 << main << eps_var 5.00e-06 << variation [2076.7/2100.8]GB [0.001/1680.965/146041.495]s

BEG OF #8 << main << eps_var 5.00e-06 << variation [2076.7/2100.8]GB [0.000/0.000/146041.496]s
Davidson #0: -2099.8981392793
Davidson #1: -2099.8981392820
Davidson #2: -2099.8981392838
Davidson #3: -2099.8981392850
Davidson #4: -2099.8981392856
Davidson #5: -2099.8981392854
Davidson #6: -2099.8981392863
Davidson #7: -2099.8981392875
Davidson #8: -2099.8981392889
END OF diagonalize sparse hamiltonian [2077.8/2101.8]GB [1680.395/1680.395/147721.890]s
Iteration 8 eps1= 5.00e-06 ndets= 528,575,154 energy= -2099.89813929
END OF #8 << main << eps_var 5.00e-06 << variation [2077.8/2101.8]GB [0.001/1680.395/147721.890]s

BEG OF #9 << main << eps_var 5.00e-06 << variation [2077.8/2101.8]GB [0.000/0.000/147721.890]s
Davidson #0: -2099.8981392897
Davidson #1: -2099.8981392908
Davidson #2: -2099.8981392916
Davidson #3: -2099.8981392921
Davidson #4: -2099.8981392924
Davidson #5: -2099.8981392929
Davidson #6: -2099.8981392933
Davidson #7: -2099.8981392938
Davidson #8: -2099.8981392945
END OF diagonalize sparse hamiltonian [2077.8/2101.8]GB [2015.219/2015.219/149737.109]s
Iteration 9 eps1= 5.00e-06 ndets= 528,575,154 energy= -2099.89813929
END OF #9 << main << eps_var 5.00e-06 << variation [2077.8/2101.8]GB [0.001/2015.220/149737.110]s

BEG OF #10 << main << eps_var 5.00e-06 << variation [2077.8/2101.8]GB [0.000/0.000/149737.110]s
Davidson #0: -2099.8981392940
Davidson #1: -2099.8981392945
Davidson #2: -2099.8981392949
Davidson #3: -2099.8981392951
Davidson #4: -2099.8981392952
Davidson #5: -2099.8981392957
Davidson #6: -2099.8981392959
Davidson #7: -2099.8981392961
Davidson #8: -2099.8981392964
END OF diagonalize sparse hamiltonian [2078.4/2102.5]GB [2021.515/2021.515/151758.625]s
Iteration 10 eps1= 5.00e-06 ndets= 528,575,154 energy= -2099.89813930
END OF #10 << main << eps_var 5.00e-06 << variation [2078.4/2102.5]GB [0.001/2021.515/151758.625]s

BEG OF #11 << main << eps_var 5.00e-06 << variation [2078.4/2102.5]GB [0.000/0.000/151758.625]s
Davidson #0: -2099.8981392957
Davidson #1: -2099.8981392960
Davidson #2: -2099.8981392962
Davidson #3: -2099.8981392963
Davidson #4: -2099.8981392963
Davidson #5: -2099.8981392972
Davidson #6: -2099.8981392973
Davidson #7: -2099.8981392974
Davidson #8: -2099.8981392976
END OF diagonalize sparse hamiltonian [2079.5/2103.6]GB [1956.830/1956.830/153715.455]s
Iteration 11 eps1= 5.00e-06 ndets= 528,575,154 energy= -2099.89813930
END OF #11 << main << eps_var 5.00e-06 << variation [2079.5/2103.6]GB [0.001/1956.830/153715.455]s

BEG OF #12 << main << eps_var 5.00e-06 << variation [2079.5/2103.6]GB [0.000/0.000/153715.456]s
Davidson #0: -2099.8981392971
Davidson #1: -2099.8981392973
Davidson #2: -2099.8981392974
Davidson #3: -2099.8981392974
Davidson #4: -2099.8981392974
Davidson #5: -2099.8981392985
Davidson #6: -2099.8981392985
Davidson #7: -2099.8981392986
Davidson #8: -2099.8981392986
END OF diagonalize sparse hamiltonian [2079.4/2103.5]GB [1889.468/1889.468/155604.924]s
Iteration 12 eps1= 5.00e-06 ndets= 528,575,154 energy= -2099.89813930
END OF #12 << main << eps_var 5.00e-06 << variation [2079.4/2103.5]GB [0.001/1889.468/155604.924]s

BEG OF #13 << main << eps_var 5.00e-06 << variation [2079.4/2103.5]GB [0.000/0.000/155604.924]s
Davidson #0: -2099.8981392977
Davidson #1: -2099.8981392978
Davidson #2: -2099.8981392978
Davidson #3: -2099.8981392978
Davidson #4: -2099.8981392979
Davidson #5: -2099.8981392982
Davidson #6: -2099.8981392982
Davidson #7: -2099.8981392982
Davidson #8: -2099.8981392983
END OF diagonalize sparse hamiltonian [2079.9/2104.0]GB [1886.739/1886.739/157491.663]s
Iteration 13 eps1= 5.00e-06 ndets= 528,575,154 energy= -2099.89813930
END OF #13 << main << eps_var 5.00e-06 << variation [2079.9/2104.0]GB [0.001/1886.739/157491.663]s

BEG OF #14 << main << eps_var 5.00e-06 << variation [2079.9/2104.0]GB [0.000/0.000/157491.663]s
Davidson #0: -2099.8981392980
Davidson #1: -2099.8981392980
Davidson #2: -2099.8981392981
Davidson #3: -2099.8981392981
Davidson #4: -2099.8981392981
Davidson #5: -2099.8981392986
Davidson #6: -2099.8981392986
Davidson #7: -2099.8981392986
Davidson #8: -2099.8981392986
END OF diagonalize sparse hamiltonian [2080.9/2105.0]GB [1821.393/1821.393/159313.056]s
Iteration 14 eps1= 5.00e-06 ndets= 528,575,154 energy= -2099.89813930
END OF #14 << main << eps_var 5.00e-06 << variation [2080.9/2105.0]GB [0.001/1821.393/159313.056]s

BEG OF #15 << main << eps_var 5.00e-06 << variation [2080.9/2105.0]GB [0.000/0.000/159313.056]s
Davidson #0: -2099.8981392982
Davidson #1: -2099.8981392982
Davidson #2: -2099.8981392983
Davidson #3: -2099.8981392983
Davidson #4: -2099.8981392983
Davidson #5: -2099.8981392979
Davidson #6: -2099.8981392979
Davidson #7: -2099.8981392979
Davidson #8: -2099.8981392979
END OF diagonalize sparse hamiltonian [2080.9/2105.0]GB [1765.722/1765.722/161078.777]s
Iteration 15 eps1= 5.00e-06 ndets= 528,575,154 energy= -2099.89813930
END OF #15 << main << eps_var 5.00e-06 << variation [2080.9/2105.0]GB [0.001/1765.722/161078.778]s

BEG OF #16 << main << eps_var 5.00e-06 << variation [2080.9/2105.0]GB [0.000/0.000/161078.778]s
Davidson #0: -2099.8981392982
Davidson #1: -2099.8981392982
Davidson #2: -2099.8981392982
Davidson #3: -2099.8981392982
Davidson #4: -2099.8981392982
Davidson #5: -2099.8981392991
Davidson #6: -2099.8981392991
Davidson #7: -2099.8981392991
Davidson #8: -2099.8981392991
END OF diagonalize sparse hamiltonian [2081.4/2105.5]GB [1807.467/1807.467/162886.245]s
Iteration 16 eps1= 5.00e-06 ndets= 528,575,154 energy= -2099.89813930
END OF #16 << main << eps_var 5.00e-06 << variation [2081.4/2105.5]GB [0.001/1807.467/162886.245]s

BEG OF #17 << main << eps_var 5.00e-06 << variation [2081.4/2105.5]GB [0.000/0.000/162886.245]s
Davidson #0: -2099.8981392990
Davidson #1: -2099.8981392990
Davidson #2: -2099.8981392990
Davidson #3: -2099.8981392990
Davidson #4: -2099.8981392990
Davidson #5: -2099.8981392995
Davidson #6: -2099.8981392995
Davidson #7: -2099.8981392995
Davidson #8: -2099.8981392995
END OF diagonalize sparse hamiltonian [2082.3/2106.4]GB [1921.462/1921.462/164807.707]s
Iteration 17 eps1= 5.00e-06 ndets= 528,575,154 energy= -2099.89813930
END OF #17 << main << eps_var 5.00e-06 << variation [2082.3/2106.4]GB [0.001/1921.463/164807.708]s

BEG OF #18 << main << eps_var 5.00e-06 << variation [2082.3/2106.4]GB [0.000/0.000/164807.708]s
Davidson #0: -2099.8981392984
Davidson #1: -2099.8981392984
Davidson #2: -2099.8981392984
Davidson #3: -2099.8981392984
Davidson #4: -2099.8981392984
Davidson #5: -2099.8981392991
Davidson #6: -2099.8981392991
Davidson #7: -2099.8981392991
Davidson #8: -2099.8981392991
END OF diagonalize sparse hamiltonian [2082.5/2106.5]GB [2052.266/2052.266/166859.974]s
Iteration 18 eps1= 5.00e-06 ndets= 528,575,154 energy= -2099.89813930
END OF #18 << main << eps_var 5.00e-06 << variation [2082.5/2106.5]GB [0.001/2052.266/166859.974]s

BEG OF #19 << main << eps_var 5.00e-06 << variation [2082.5/2106.5]GB [0.000/0.000/166859.974]s
Davidson #0: -2099.8981392986
Davidson #1: -2099.8981392986
Davidson #2: -2099.8981392986
Davidson #3: -2099.8981392986
Davidson #4: -2099.8981392986
Davidson #5: -2099.8981392977
Davidson #6: -2099.8981392977
END OF diagonalize sparse hamiltonian [2082.7/2106.8]GB [1376.374/1376.374/168236.348]s
Iteration 19 eps1= 5.00e-06 ndets= 528,575,154 energy= -2099.89813930
END OF #19 << main << eps_var 5.00e-06 << variation [2082.7/2106.8]GB [0.001/1376.375/168236.348]s
Final iteration 19 eps1= 5.00e-06 ndets= 528,575,154 energy= -2099.89813930
Effect dets (without time sym): 1,057,077,412
----------------------------------------
Excite Lv       # dets         Sum c^2
0                    1      0.31529597
1                  192      0.00191919
2                88672      0.39960101
3              8234920      0.01883876
4            120162154      0.18556407
5            214851938      0.01632517
6            357927551      0.04603672
7            165408298      0.00630795
8            122764331      0.00762159
9             39872654      0.00142915
10            19822150      0.00086801
11             5678640      0.00015177
12             1867236      0.00003855
13              361974      0.00000192
14               36693      0.00000015
15                   8      0.00000000
----------------------------------------
Orbital                        Sum c^2
0                           1.99466544
1                           1.99465756
2                           1.98673582
3                           1.98589477
4                           1.98589477
5                           1.98416065
6                           1.98416065
7                           1.98181569
8                           1.86041270
9                           1.74910367
10                          1.74910367
11                          1.46780005
12                          1.46780005
13                          1.72122458
14                          0.25980571
15                          0.04074771
16                          0.04074771
17                          0.02154447
18                          0.23220464
19                          0.23220464
20                          0.50485823
21                          0.50485823
22                          0.06436759
23                          0.00755492
24                          0.00600004
25                          0.00600004
26                          0.01039192
27                          0.01192538
28                          0.01192538
29                          0.00502466
30                          0.00333080
31                          0.01660820
32                          0.01660820
33                          0.00271064
34                          0.00271064
35                          0.00505768
36                          0.00505768
37                          0.00686306
38                          0.00686306
39                          0.00285031
40                          0.00546415
41                          0.00340418
42                          0.00340418
43                          0.00221399
44                          0.00221399
45                          0.00172506
46                          0.00054259
47                          0.00000293
48                          0.00000293
49                          0.00469862
Sum orbitals c^2: 28.00000000
----------------------------------------
Most important dets:
Excite Lv         Coef      Det (Reordered orb)
0           0.56151222      |  0  1  2  3  4  5  6  7  8  9 10 11 12 13 |  0  1  2  3  4  5  6  7  8  9 10 11 12 13 |
2          -0.23017313      |  0  1  2  3  4  5  6  7  8  9 10 11 13 20 |  0  1  2  3  4  5  6  7  8  9 10 11 13 20 |
2          -0.23017313      |  0  1  2  3  4  5  6  7  8  9 10 12 13 21 |  0  1  2  3  4  5  6  7  8  9 10 12 13 21 |
2           0.18509135      |  0  1  2  3  4  5  6  7  8  9 10 12 13 20 |  0  1  2  3  4  5  6  7  8  9 10 11 13 21 |
2           0.14289372      |  0  1  2  3  4  5  6  7  8  9 10 11 13 20 |  0  1  2  3  4  5  6  7  8  9 10 12 13 21 |
4           0.12550817      |  0  1  2  3  4  5  6  7  8  9 10 13 20 21 |  0  1  2  3  4  5  6  7  8  9 10 13 20 21 |
2          -0.10775996      |  0  1  2  3  4  5  6  7  8  9 10 11 12 14 |  0  1  2  3  4  5  6  7  8  9 10 11 12 14 |
2          -0.10462556      |  0  1  2  3  4  5  6  7  8  9 10 12 13 14 |  0  1  2  3  4  5  6  7  8  9 10 11 12 21 |
2           0.10462556      |  0  1  2  3  4  5  6  7  8  9 10 11 13 14 |  0  1  2  3  4  5  6  7  8  9 10 11 12 20 |
2           0.10074033      |  0  1  2  3  4  5  6  7  8  9 10 12 13 18 |  0  1  2  3  4  5  6  7  8  9 11 12 13 21 |
2           0.10074033      |  0  1  2  3  4  5  6  7  8  9 10 11 13 19 |  0  1  2  3  4  5  6  7  8 10 11 12 13 20 |
2          -0.09002220      |  0  1  2  3  4  5  6  7  8  9 11 12 13 18 |  0  1  2  3  4  5  6  7  8  9 11 12 13 18 |
2          -0.09002220      |  0  1  2  3  4  5  6  7  8 10 11 12 13 19 |  0  1  2  3  4  5  6  7  8 10 11 12 13 19 |
2           0.08513408      |  0  1  2  3  4  5  6  7  8  9 11 12 13 18 |  0  1  2  3  4  5  6  7  8 10 11 12 13 19 |
2          -0.08300536      |  0  1  2  3  4  5  6  7  8  9 10 11 13 18 |  0  1  2  3  4  5  6  7  8  9 11 12 13 20 |
2          -0.08300536      |  0  1  2  3  4  5  6  7  8  9 10 12 13 19 |  0  1  2  3  4  5  6  7  8 10 11 12 13 21 |
2           0.08269603      |  0  1  2  3  4  5  6  7  8  9 10 11 12 14 |  0  1  2  3  4  5  6  7  8  9 10 11 13 20 |
2          -0.08269603      |  0  1  2  3  4  5  6  7  8  9 10 11 12 14 |  0  1  2  3  4  5  6  7  8  9 10 12 13 21 |
2           0.08265833      |  0  1  2  3  4  5  6  7  8  9 10 11 12 14 |  0  1  2  3  4  5  6  7  8  9 11 12 13 18 |
2          -0.08265833      |  0  1  2  3  4  5  6  7  8  9 10 11 12 14 |  0  1  2  3  4  5  6  7  8 10 11 12 13 19 |
----------------------------------------
END OF main << eps_var 5.00e-06 << variation [2082.8/2106.9]GB [121.506/168111.962/168357.855]s
Variational results saved to: wf_eps1_5.00e-06.dat
END OF eps_var 5.00e-06 << variation [2084.1/2108.2]GB [34.752/168146.717/168392.606]s
END OF variation [2082.5/2106.6]GB [250.045/168641.057/168642.650]s

BEG OF post variation [2082.5/2106.6]GB [0.001/0.000/168642.651]s
END OF post variation [2082.5/2106.6]GB [0.001/0.001/168642.651]s
