l[009,021]
80
Semistochastic Heat-bath Configuration Interation (SHCI)

Start time: Sun Nov 25 04:27:09 2018
Infrastructure: 2 nodes * 80 threads
Configuration:
{
  "chem": {
    "irrep_occs_dn": [
      4,
      2,
      1,
      2,
      1,
      2,
      1,
      0,
      1,
      0
    ],
    "irrep_occs_up": [
      4,
      2,
      1,
      2,
      1,
      2,
      1,
      0,
      1,
      0
    ],
    "irreps": [
      1,
      2,
      3,
      4,
      5,
      6,
      7,
      8,
      9,
      10
    ],
    "point_group": "dih"
  },
  "eps_vars": [
    0.0001,
    5e-05,
    3e-05,
    2e-05,
    1e-05,
    5e-06
  ],
  "eps_vars_schedule": [
    0.005,
    0.005,
    0.005,
    0.003,
    0.003,
    0.003,
    0.002,
    0.002,
    0.002,
    0.001,
    0.001,
    0.001,
    0.0005,
    0.0005,
    0.0005,
    0.0003,
    0.0003,
    0.0003,
    0.0002,
    0.0002,
    0.0002
  ],
  "n_dn": 14,
  "n_up": 14,
  "system": "chem",
  "time_sym": true
}
Timing format: [DIFF/SECTION/TOTAL]

BEG OF setup [0.0/114.4]GB [0.002/0.002/0.002]s

BEG OF load integrals << setup [0.0/114.4]GB [0.005/0.001/0.005]s
n_orbs: 76
n_elecs (from FCIDUMP): 28
orb_sym: 1 2 6 -6 -5 5 1 2 1 6 -6 1 7 -7 -8 8 2 -5 5 2 -6 6 1 -7 7 -6 6 8 -8 1 5 -5 2 1 -6 6 7 -7 -10 10 2 9 -9 5 -5 8 -8 1 -5 5 2 2 -6 6 1 1 7 -7 -6 6 2 1 5 -5 -8 8 2 2 1 5 -5 -5 5 -6 6 2 
Convert to Adam's notation:
1 2 4 6 5 3 1 2 1 4 6 1 7 9 10 8 2 5 3 2 6 4 1 9 7 6 4 8 10 1 3 5 2 1 6 4 7 9 14 12 2 11 13 3 5 8 10 1 5 3 2 2 6 4 1 1 7 9 6 4 2 1 3 5 10 8 2 2 1 3 5 5 3 6 4 2 
END OF load fcidump [0.1/114.5]GB [1.718/1.718/1.723]s
HF det up: 0 1 2 3 4 5 6 7 8 9 10 11 12 13 
HF det dn: 0 1 2 3 4 5 6 7 8 9 10 11 12 13 
Reorder skipped.
Orbitals energy:
#  0: E =  -3.396416161793, sym =  1, origin #  0
#  1: E =  -3.393436405335, sym =  2, origin #  1
#  2: E =  -2.113675396959, sym =  4, origin #  2
#  3: E =  -2.113675396959, sym =  6, origin #  3
#  4: E =  -2.105258103323, sym =  5, origin #  4
#  5: E =  -2.105258103323, sym =  3, origin #  5
#  6: E =  -2.121062418334, sym =  1, origin #  6
#  7: E =  -2.098604500052, sym =  2, origin #  7
#  8: E =  -0.202728590811, sym =  1, origin #  8
#  9: E =  -0.121485251245, sym =  4, origin #  9
# 10: E =  -0.121485251245, sym =  6, origin # 10
# 11: E =  -0.128820919825, sym =  1, origin # 11
# 12: E =  -0.089287195890, sym =  7, origin # 12
# 13: E =  -0.089287195890, sym =  9, origin # 13
# 14: E =   0.130136596364, sym = 10, origin # 14
# 15: E =   0.130136596364, sym =  8, origin # 15
# 16: E =   0.161018485679, sym =  2, origin # 16
# 17: E =   0.167341752927, sym =  5, origin # 17
# 18: E =   0.167341752927, sym =  3, origin # 18
# 19: E =   0.284245942916, sym =  2, origin # 19
# 20: E =   0.545720958908, sym =  6, origin # 20
# 21: E =   0.545720958908, sym =  4, origin # 21
# 22: E =   0.309653851111, sym =  1, origin # 22
# 23: E =   0.987445076436, sym =  9, origin # 23
# 24: E =   0.987445076436, sym =  7, origin # 24
# 25: E =   0.782340104160, sym =  6, origin # 25
# 26: E =   0.782340104160, sym =  4, origin # 26
# 27: E =   1.179350031449, sym =  8, origin # 27
# 28: E =   1.179350031449, sym = 10, origin # 28
# 29: E =   1.169920111706, sym =  1, origin # 29
# 30: E =   1.361952129581, sym =  3, origin # 30
# 31: E =   1.361952129581, sym =  5, origin # 31
# 32: E =   1.377995539156, sym =  2, origin # 32
# 33: E =   2.376887434687, sym =  1, origin # 33
# 34: E =   2.345112919719, sym =  6, origin # 34
# 35: E =   2.345112919719, sym =  4, origin # 35
# 36: E =   2.422505153031, sym =  7, origin # 36
# 37: E =   2.422505153031, sym =  9, origin # 37
# 38: E =   2.470855450937, sym = 14, origin # 38
# 39: E =   2.470855450937, sym = 12, origin # 39
# 40: E =   1.404877208770, sym =  2, origin # 40
# 41: E =   2.489918681417, sym = 11, origin # 41
# 42: E =   2.489918681417, sym = 13, origin # 42
# 43: E =   0.526252854236, sym =  3, origin # 43
# 44: E =   0.526252854236, sym =  5, origin # 44
# 45: E =   2.548150845585, sym =  8, origin # 45
# 46: E =   2.548150845585, sym = 10, origin # 46
# 47: E =   1.484262792152, sym =  1, origin # 47
# 48: E =   2.723352822844, sym =  5, origin # 48
# 49: E =   2.723352822844, sym =  3, origin # 49
# 50: E =   2.348684792525, sym =  2, origin # 50
# 51: E =   1.744956863468, sym =  2, origin # 51
# 52: E =   0.435100490059, sym =  6, origin # 52
# 53: E =   0.435100490059, sym =  4, origin # 53
# 54: E =   0.482495316938, sym =  1, origin # 54
# 55: E =   0.497140438174, sym =  1, origin # 55
# 56: E =   0.712350673888, sym =  7, origin # 56
# 57: E =   0.712350673888, sym =  9, origin # 57
# 58: E =   0.662919936258, sym =  6, origin # 58
# 59: E =   0.662919936258, sym =  4, origin # 59
# 60: E =   1.078952942581, sym =  2, origin # 60
# 61: E =   0.625148522128, sym =  1, origin # 61
# 62: E =   0.575541379255, sym =  3, origin # 62
# 63: E =   0.575541379255, sym =  5, origin # 63
# 64: E =   0.639811123923, sym = 10, origin # 64
# 65: E =   0.639811123923, sym =  8, origin # 65
# 66: E =   0.525094651343, sym =  2, origin # 66
# 67: E =   1.013248873257, sym =  2, origin # 67
# 68: E =   0.348156433013, sym =  1, origin # 68
# 69: E =   0.654321302154, sym =  3, origin # 69
# 70: E =   0.654321302154, sym =  5, origin # 70
# 71: E =   0.273342061613, sym =  5, origin # 71
# 72: E =   0.273342061613, sym =  3, origin # 72
# 73: E =   0.356170410018, sym =  6, origin # 73
# 74: E =   0.356170410018, sym =  4, origin # 74
# 75: E =   0.127137271145, sym =  2, origin # 75
HF det up: 0 1 2 3 4 5 6 7 8 9 10 11 12 13 
HF det dn: 0 1 2 3 4 5 6 7 8 9 10 11 12 13 
END OF reorder orbitals [0.1/114.5]GB [0.058/1.775/1.780]s
FCIDUMP cache saved to: integrals_cache.dat
END OF load integrals << setup [0.1/114.5]GB [0.081/1.855/1.859]s

BEG OF setup hci queue << setup [0.1/114.5]GB [0.001/0.000/1.860]s
Max hci queue elem: 0.3943350378 Ha
Number of entries in hci queue: 1,782,626
END OF setup hci queue << setup [0.1/114.5]GB [0.102/0.102/1.961]s
HF energy: -2097.9940694459 Ha
END OF setup [0.1/114.5]GB [0.007/1.967/1.967]s

BEG OF variation [0.1/114.5]GB [0.002/0.001/1.968]s
Final iteration 0 HF ndets= 1 energy= -2097.99406945

BEG OF eps_var 1.00e-04 << variation [0.1/114.5]GB [0.002/0.001/1.968]s
Loaded 3,989,196 dets from: wf_eps1_1.00e-04.dat
Effect dets (without time sym): 7,973,015
----------------------------------------
Excite Lv       # dets         Sum c^2
0                    1      0.01310724
1                  150      0.00001697
2                35162      0.17733521
3               137606      0.00520684
4               821335      0.42441987
5              1010978      0.02023979
6              2389267      0.28251369
7              1228448      0.01557801
8              1659457      0.05583107
9               368906      0.00279393
10              288846      0.00284035
11               23156      0.00008422
12                9464      0.00003270
13                 194      0.00000010
14                  45      0.00000001
----------------------------------------
Orbital                        Sum c^2
0                           1.99607542
1                           1.99607406
2                           1.98897850
3                           1.98897850
4                           1.98884127
5                           1.98884127
6                           1.98873865
7                           1.98818016
8                           1.92958989
9                           1.19394206
10                          1.19394122
11                          1.19032353
12                          1.04633144
13                          1.04633187
14                          0.94114243
15                          0.94114288
16                          0.79716918
17                          0.79336733
18                          0.79336653
19                          0.04581734
20                          0.01331527
21                          0.01331529
22                          0.00988177
23                          0.00818270
24                          0.00818270
25                          0.00558765
26                          0.00558765
27                          0.00643158
28                          0.00643159
29                          0.00804975
30                          0.00529657
31                          0.00529662
32                          0.00492749
33                          0.00309381
34                          0.00307517
35                          0.00307517
36                          0.00298652
37                          0.00298652
38                          0.00292302
39                          0.00292302
40                          0.00372110
41                          0.00288808
42                          0.00288809
43                          0.00368049
44                          0.00368049
45                          0.00279069
46                          0.00279069
47                          0.00300039
48                          0.00268568
49                          0.00268568
Sum orbitals c^2: 28.00000000
----------------------------------------
Most important dets:
Excite Lv         Coef      Det (Reordered orb)
2           0.14199845      |  0  1  2  3  4  5  6  7  8  9 10 11 13 14 |  0  1  2  3  4  5  6  7  8  9 10 11 12 15 |
2          -0.11955337      |  0  1  2  3  4  5  6  7  8  9 10 12 13 15 |  0  1  2  3  4  5  6  7  8  9 10 11 13 16 |
2           0.11955318      |  0  1  2  3  4  5  6  7  8  9 10 12 13 14 |  0  1  2  3  4  5  6  7  8  9 10 11 12 16 |
2           0.11910366      |  0  1  2  3  4  5  6  7  8  9 11 12 13 14 |  0  1  2  3  4  5  6  7  8  9 10 11 12 17 |
2           0.11910360      |  0  1  2  3  4  5  6  7  8 10 11 12 13 15 |  0  1  2  3  4  5  6  7  8  9 10 11 13 18 |
2          -0.11850872      |  0  1  2  3  4  5  6  7  8  9 11 12 13 15 |  0  1  2  3  4  5  6  7  8  9 10 11 13 17 |
2          -0.11850828      |  0  1  2  3  4  5  6  7  8 10 11 12 13 14 |  0  1  2  3  4  5  6  7  8  9 10 11 12 18 |
0           0.11448686      |  0  1  2  3  4  5  6  7  8  9 10 11 12 13 |  0  1  2  3  4  5  6  7  8  9 10 11 12 13 |
4           0.10811604      |  0  1  2  3  4  5  6  7  8  9 10 12 14 15 |  0  1  2  3  4  5  6  7  8  9 10 11 14 16 |
4          -0.10811595      |  0  1  2  3  4  5  6  7  8  9 10 13 14 15 |  0  1  2  3  4  5  6  7  8  9 10 11 15 16 |
4          -0.10740283      |  0  1  2  3  4  5  6  7  8  9 11 13 14 15 |  0  1  2  3  4  5  6  7  8  9 10 11 15 17 |
4          -0.10740277      |  0  1  2  3  4  5  6  7  8 10 11 12 14 15 |  0  1  2  3  4  5  6  7  8  9 10 11 14 18 |
4           0.10710547      |  0  1  2  3  4  5  6  7  8  9 11 12 14 15 |  0  1  2  3  4  5  6  7  8  9 10 11 14 17 |
4           0.10710524      |  0  1  2  3  4  5  6  7  8 10 11 13 14 15 |  0  1  2  3  4  5  6  7  8  9 10 11 15 18 |
2          -0.10248037      |  0  1  2  3  4  5  6  7  8  9 10 11 13 15 |  0  1  2  3  4  5  6  7  8  9 10 11 13 15 |
2          -0.10248017      |  0  1  2  3  4  5  6  7  8  9 10 11 12 14 |  0  1  2  3  4  5  6  7  8  9 10 11 12 14 |
2           0.10108146      |  0  1  2  3  4  5  6  7  8 10 11 12 13 17 |  0  1  2  3  4  5  6  7  8  9 11 12 13 18 |
2          -0.09992595      |  0  1  2  3  4  5  6  7  8  9 11 12 13 16 |  0  1  2  3  4  5  6  7  8  9 10 12 13 17 |
2           0.09992594      |  0  1  2  3  4  5  6  7  8 10 11 12 13 16 |  0  1  2  3  4  5  6  7  8  9 10 12 13 18 |
4          -0.09680651      |  0  1  2  3  4  5  6  7  8  9 10 13 14 16 |  0  1  2  3  4  5  6  7  8  9 10 12 15 16 |
----------------------------------------
HF energy: -2097.9940694459 Ha
Variational energy: -2099.8097863794 Ha
END OF eps_var 1.00e-04 << variation [0.5/114.9]GB [5.502/5.502/7.470]s

BEG OF eps_var 5.00e-05 << variation [0.5/114.9]GB [0.002/0.000/7.471]s
Loaded 11,597,665 dets from: wf_eps1_5.00e-05.dat
Effect dets (without time sym): 23,186,878
----------------------------------------
Excite Lv       # dets         Sum c^2
0                    1      0.01427136
1                  162      0.00003161
2                48808      0.18220149
3               294734      0.00586786
4              1834650      0.41840631
5              3177652      0.02146890
6              6425256      0.27713897
7              4173688      0.01637011
8              4670602      0.05751531
9              1304282      0.00315965
10             1062466      0.00338934
11              119562      0.00012596
12               72093      0.00005247
13                1910      0.00000057
14                1012      0.00000009
----------------------------------------
Orbital                        Sum c^2
0                           1.99602763
1                           1.99602716
2                           1.98865652
3                           1.98865653
4                           1.98850390
5                           1.98850389
6                           1.98847472
7                           1.98788275
8                           1.89757832
9                           1.20653015
10                          1.20653132
11                          1.20351785
12                          1.04910032
13                          1.04909979
14                          0.93710843
15                          0.93710790
16                          0.78303626
17                          0.77918436
18                          0.77918564
19                          0.06863628
20                          0.01648481
21                          0.01648469
22                          0.01245631
23                          0.00901077
24                          0.00901079
25                          0.00597609
26                          0.00597610
27                          0.00687644
28                          0.00687644
29                          0.00880141
30                          0.00555399
31                          0.00555399
32                          0.00515539
33                          0.00316862
34                          0.00312222
35                          0.00312222
36                          0.00304277
37                          0.00304276
38                          0.00303976
39                          0.00303976
40                          0.00421517
41                          0.00299991
42                          0.00299992
43                          0.00380262
44                          0.00380261
45                          0.00282854
46                          0.00282854
47                          0.00313929
48                          0.00270883
49                          0.00270883
Sum orbitals c^2: 28.00000000
----------------------------------------
Most important dets:
Excite Lv         Coef      Det (Reordered orb)
2           0.14622879      |  0  1  2  3  4  5  6  7  8  9 10 11 13 14 |  0  1  2  3  4  5  6  7  8  9 10 11 12 15 |
2           0.12047901      |  0  1  2  3  4  5  6  7  8  9 10 12 13 14 |  0  1  2  3  4  5  6  7  8  9 10 11 12 16 |
2          -0.12047900      |  0  1  2  3  4  5  6  7  8  9 10 12 13 15 |  0  1  2  3  4  5  6  7  8  9 10 11 13 16 |
2           0.12008231      |  0  1  2  3  4  5  6  7  8 10 11 12 13 15 |  0  1  2  3  4  5  6  7  8  9 10 11 13 18 |
2           0.12008212      |  0  1  2  3  4  5  6  7  8  9 11 12 13 14 |  0  1  2  3  4  5  6  7  8  9 10 11 12 17 |
0           0.11946278      |  0  1  2  3  4  5  6  7  8  9 10 11 12 13 |  0  1  2  3  4  5  6  7  8  9 10 11 12 13 |
2          -0.11936985      |  0  1  2  3  4  5  6  7  8 10 11 12 13 14 |  0  1  2  3  4  5  6  7  8  9 10 11 12 18 |
2          -0.11936983      |  0  1  2  3  4  5  6  7  8  9 11 12 13 15 |  0  1  2  3  4  5  6  7  8  9 10 11 13 17 |
4           0.10787742      |  0  1  2  3  4  5  6  7  8  9 10 12 14 15 |  0  1  2  3  4  5  6  7  8  9 10 11 14 16 |
4          -0.10787732      |  0  1  2  3  4  5  6  7  8  9 10 13 14 15 |  0  1  2  3  4  5  6  7  8  9 10 11 15 16 |
4          -0.10719161      |  0  1  2  3  4  5  6  7  8 10 11 12 14 15 |  0  1  2  3  4  5  6  7  8  9 10 11 14 18 |
4          -0.10719110      |  0  1  2  3  4  5  6  7  8  9 11 13 14 15 |  0  1  2  3  4  5  6  7  8  9 10 11 15 17 |
4           0.10684818      |  0  1  2  3  4  5  6  7  8  9 11 12 14 15 |  0  1  2  3  4  5  6  7  8  9 10 11 14 17 |
4           0.10684779      |  0  1  2  3  4  5  6  7  8 10 11 13 14 15 |  0  1  2  3  4  5  6  7  8  9 10 11 15 18 |
2          -0.10571845      |  0  1  2  3  4  5  6  7  8  9 10 11 12 14 |  0  1  2  3  4  5  6  7  8  9 10 11 12 14 |
2          -0.10571833      |  0  1  2  3  4  5  6  7  8  9 10 11 13 15 |  0  1  2  3  4  5  6  7  8  9 10 11 13 15 |
2           0.10033866      |  0  1  2  3  4  5  6  7  8 10 11 12 13 17 |  0  1  2  3  4  5  6  7  8  9 11 12 13 18 |
2           0.09885561      |  0  1  2  3  4  5  6  7  8 10 11 12 13 16 |  0  1  2  3  4  5  6  7  8  9 10 12 13 18 |
2          -0.09885558      |  0  1  2  3  4  5  6  7  8  9 11 12 13 16 |  0  1  2  3  4  5  6  7  8  9 10 12 13 17 |
4          -0.09555916      |  0  1  2  3  4  5  6  7  8  9 10 13 14 16 |  0  1  2  3  4  5  6  7  8  9 10 12 15 16 |
----------------------------------------
HF energy: -2097.9940694459 Ha
Variational energy: -2099.8235906850 Ha
END OF eps_var 5.00e-05 << variation [1.9/116.3]GB [15.952/15.952/23.423]s

BEG OF eps_var 3.00e-05 << variation [1.9/116.3]GB [0.002/0.000/23.423]s
Loaded 31,844,141 dets from: wf_eps1_3.00e-05.dat
Effect dets (without time sym): 63,676,978
----------------------------------------
Excite Lv       # dets         Sum c^2
0                    1      0.01562426
1                  172      0.00005485
2                59865      0.18762487
3               588932      0.00672165
4              4017644      0.41336647
5              8793660      0.02335648
6             16873136      0.27032064
7             13229058      0.01768878
8             12617449      0.05770686
9              4202616      0.00358603
10             2719676      0.00371724
11              382038      0.00016405
12              182229      0.00006670
13                7900      0.00000095
14                2602      0.00000016
----------------------------------------
Orbital                        Sum c^2
0                           1.99595716
1                           1.99595810
2                           1.98818091
3                           1.98818092
4                           1.98801558
5                           1.98801557
6                           1.98795713
7                           1.98732292
8                           1.87853044
9                           1.21865987
10                          1.21866028
11                          1.21502393
12                          1.05217649
13                          1.05217643
14                          0.93222489
15                          0.93222486
16                          0.76994688
17                          0.76479187
18                          0.76479224
19                          0.07728801
20                          0.02053700
21                          0.02053714
22                          0.01481718
23                          0.01006274
24                          0.01006273
25                          0.00679667
26                          0.00679662
27                          0.00750833
28                          0.00750833
29                          0.00972416
30                          0.00593943
31                          0.00593943
32                          0.00556484
33                          0.00331370
34                          0.00326160
35                          0.00326160
36                          0.00317521
37                          0.00317521
38                          0.00320089
39                          0.00320089
40                          0.00483444
41                          0.00315640
42                          0.00315640
43                          0.00401625
44                          0.00401628
45                          0.00293678
46                          0.00293679
47                          0.00326732
48                          0.00280336
49                          0.00280336
Sum orbitals c^2: 28.00000000
----------------------------------------
Most important dets:
Excite Lv         Coef      Det (Reordered orb)
2           0.14965755      |  0  1  2  3  4  5  6  7  8  9 10 11 13 14 |  0  1  2  3  4  5  6  7  8  9 10 11 12 15 |
0           0.12499704      |  0  1  2  3  4  5  6  7  8  9 10 11 12 13 |  0  1  2  3  4  5  6  7  8  9 10 11 12 13 |
2          -0.12175025      |  0  1  2  3  4  5  6  7  8  9 10 12 13 15 |  0  1  2  3  4  5  6  7  8  9 10 11 13 16 |
2           0.12174944      |  0  1  2  3  4  5  6  7  8  9 10 12 13 14 |  0  1  2  3  4  5  6  7  8  9 10 11 12 16 |
2           0.12111488      |  0  1  2  3  4  5  6  7  8  9 11 12 13 14 |  0  1  2  3  4  5  6  7  8  9 10 11 12 17 |
2           0.12111471      |  0  1  2  3  4  5  6  7  8 10 11 12 13 15 |  0  1  2  3  4  5  6  7  8  9 10 11 13 18 |
2          -0.12026103      |  0  1  2  3  4  5  6  7  8 10 11 12 13 14 |  0  1  2  3  4  5  6  7  8  9 10 11 12 18 |
2          -0.12026071      |  0  1  2  3  4  5  6  7  8  9 11 12 13 15 |  0  1  2  3  4  5  6  7  8  9 10 11 13 17 |
2          -0.10955425      |  0  1  2  3  4  5  6  7  8  9 10 11 12 14 |  0  1  2  3  4  5  6  7  8  9 10 11 12 14 |
2          -0.10955401      |  0  1  2  3  4  5  6  7  8  9 10 11 13 15 |  0  1  2  3  4  5  6  7  8  9 10 11 13 15 |
4           0.10803695      |  0  1  2  3  4  5  6  7  8  9 10 12 14 15 |  0  1  2  3  4  5  6  7  8  9 10 11 14 16 |
4          -0.10803669      |  0  1  2  3  4  5  6  7  8  9 10 13 14 15 |  0  1  2  3  4  5  6  7  8  9 10 11 15 16 |
4          -0.10708964      |  0  1  2  3  4  5  6  7  8 10 11 12 14 15 |  0  1  2  3  4  5  6  7  8  9 10 11 14 18 |
4          -0.10708958      |  0  1  2  3  4  5  6  7  8  9 11 13 14 15 |  0  1  2  3  4  5  6  7  8  9 10 11 15 17 |
4           0.10667778      |  0  1  2  3  4  5  6  7  8 10 11 13 14 15 |  0  1  2  3  4  5  6  7  8  9 10 11 15 18 |
4           0.10667763      |  0  1  2  3  4  5  6  7  8  9 11 12 14 15 |  0  1  2  3  4  5  6  7  8  9 10 11 14 17 |
2           0.09984378      |  0  1  2  3  4  5  6  7  8 10 11 12 13 17 |  0  1  2  3  4  5  6  7  8  9 11 12 13 18 |
2           0.09824252      |  0  1  2  3  4  5  6  7  8 10 11 12 13 16 |  0  1  2  3  4  5  6  7  8  9 10 12 13 18 |
2          -0.09824217      |  0  1  2  3  4  5  6  7  8  9 11 12 13 16 |  0  1  2  3  4  5  6  7  8  9 10 12 13 17 |
4           0.09661359      |  0  1  2  3  4  5  6  7  8  9 10 11 14 15 |  0  1  2  3  4  5  6  7  8  9 10 11 14 15 |
----------------------------------------
HF energy: -2097.9940694459 Ha
Variational energy: -2099.8375717865 Ha
END OF eps_var 3.00e-05 << variation [5.0/119.4]GB [42.006/42.006/65.429]s

BEG OF eps_var 2.00e-05 << variation [5.0/119.4]GB [0.002/0.000/65.429]s
Loaded 71,441,231 dets from: wf_eps1_2.00e-05.dat
Effect dets (without time sym): 142,867,184
----------------------------------------
Excite Lv       # dets         Sum c^2
0                    1      0.01607321
1                  178      0.00007590
2                67403      0.18907583
3               962618      0.00737067
4              7313980      0.41005983
5             18557360      0.02512807
6             36087485      0.26693118
7             32228154      0.01905447
8             28933910      0.05802348
9             11178962      0.00397628
10             6053412      0.00395676
11             1041510      0.00019488
12              411773      0.00007793
13               23978      0.00000129
14                6460      0.00000022
----------------------------------------
Orbital                        Sum c^2
0                           1.99584911
1                           1.99585306
2                           1.98768719
3                           1.98768720
4                           1.98751048
5                           1.98751048
6                           1.98740511
7                           1.98674074
8                           1.86764046
9                           1.22300135
10                          1.22300193
11                          1.21865353
12                          1.05381566
13                          1.05381543
14                          0.92887050
15                          0.92887023
16                          0.76463095
17                          0.75860721
18                          0.75860781
19                          0.08006845
20                          0.02361949
21                          0.02361948
22                          0.01671706
23                          0.01091972
24                          0.01091975
25                          0.00769888
26                          0.00769890
27                          0.00801387
28                          0.00801387
29                          0.01041878
30                          0.00630197
31                          0.00630194
32                          0.00593020
33                          0.00345789
34                          0.00341086
35                          0.00341086
36                          0.00331120
37                          0.00331120
38                          0.00332704
39                          0.00332703
40                          0.00530912
41                          0.00327994
42                          0.00327995
43                          0.00438260
44                          0.00438261
45                          0.00305712
46                          0.00305712
47                          0.00345696
48                          0.00291733
49                          0.00291733
Sum orbitals c^2: 28.00000000
----------------------------------------
Most important dets:
Excite Lv         Coef      Det (Reordered orb)
2           0.14989639      |  0  1  2  3  4  5  6  7  8  9 10 11 13 14 |  0  1  2  3  4  5  6  7  8  9 10 11 12 15 |
0           0.12678017      |  0  1  2  3  4  5  6  7  8  9 10 11 12 13 |  0  1  2  3  4  5  6  7  8  9 10 11 12 13 |
2          -0.12204071      |  0  1  2  3  4  5  6  7  8  9 10 12 13 15 |  0  1  2  3  4  5  6  7  8  9 10 11 13 16 |
2           0.12204064      |  0  1  2  3  4  5  6  7  8  9 10 12 13 14 |  0  1  2  3  4  5  6  7  8  9 10 11 12 16 |
2           0.12120538      |  0  1  2  3  4  5  6  7  8 10 11 12 13 15 |  0  1  2  3  4  5  6  7  8  9 10 11 13 18 |
2           0.12120508      |  0  1  2  3  4  5  6  7  8  9 11 12 13 14 |  0  1  2  3  4  5  6  7  8  9 10 11 12 17 |
2          -0.12033688      |  0  1  2  3  4  5  6  7  8 10 11 12 13 14 |  0  1  2  3  4  5  6  7  8  9 10 11 12 18 |
2          -0.12033656      |  0  1  2  3  4  5  6  7  8  9 11 12 13 15 |  0  1  2  3  4  5  6  7  8  9 10 11 13 17 |
2          -0.11062098      |  0  1  2  3  4  5  6  7  8  9 10 11 12 14 |  0  1  2  3  4  5  6  7  8  9 10 11 12 14 |
2          -0.11062090      |  0  1  2  3  4  5  6  7  8  9 10 11 13 15 |  0  1  2  3  4  5  6  7  8  9 10 11 13 15 |
4          -0.10773980      |  0  1  2  3  4  5  6  7  8  9 10 13 14 15 |  0  1  2  3  4  5  6  7  8  9 10 11 15 16 |
4           0.10773976      |  0  1  2  3  4  5  6  7  8  9 10 12 14 15 |  0  1  2  3  4  5  6  7  8  9 10 11 14 16 |
4          -0.10661346      |  0  1  2  3  4  5  6  7  8 10 11 12 14 15 |  0  1  2  3  4  5  6  7  8  9 10 11 14 18 |
4          -0.10661323      |  0  1  2  3  4  5  6  7  8  9 11 13 14 15 |  0  1  2  3  4  5  6  7  8  9 10 11 15 17 |
4           0.10619336      |  0  1  2  3  4  5  6  7  8 10 11 13 14 15 |  0  1  2  3  4  5  6  7  8  9 10 11 15 18 |
4           0.10619319      |  0  1  2  3  4  5  6  7  8  9 11 12 14 15 |  0  1  2  3  4  5  6  7  8  9 10 11 14 17 |
2           0.09974569      |  0  1  2  3  4  5  6  7  8 10 11 12 13 17 |  0  1  2  3  4  5  6  7  8  9 11 12 13 18 |
2           0.09819864      |  0  1  2  3  4  5  6  7  8 10 11 12 13 16 |  0  1  2  3  4  5  6  7  8  9 10 12 13 18 |
2          -0.09819838      |  0  1  2  3  4  5  6  7  8  9 11 12 13 16 |  0  1  2  3  4  5  6  7  8  9 10 12 13 17 |
4           0.09711261      |  0  1  2  3  4  5  6  7  8  9 10 11 14 15 |  0  1  2  3  4  5  6  7  8  9 10 11 14 15 |
----------------------------------------
HF energy: -2097.9940694459 Ha
Variational energy: -2099.8494780990 Ha
END OF eps_var 2.00e-05 << variation [11.4/125.8]GB [99.352/99.352/164.781]s

BEG OF eps_var 1.00e-05 << variation [11.4/125.8]GB [0.002/0.000/164.781]s
Loaded 258,802,483 dets from: wf_eps1_1.00e-05.dat
Effect dets (without time sym): 517,573,500
----------------------------------------
Excite Lv       # dets         Sum c^2
0                    1      0.01574497
1                  188      0.00010533
2                77135      0.18671763
3              1973182      0.00821561
4             18370621      0.40608712
5             56272030      0.02812846
6            117139055      0.26532719
7            125257974      0.02173458
8            113479475      0.05868753
9             52643512      0.00469229
10            25540425      0.00422376
11             5096998      0.00024296
12             1595327      0.00009039
13              104508      0.00000187
14               23069      0.00000030
----------------------------------------
Orbital                        Sum c^2
0                           1.99559239
1                           1.99559712
2                           1.98679696
3                           1.98679697
4                           1.98661866
5                           1.98661866
6                           1.98647159
7                           1.98576661
8                           1.85737179
9                           1.22201626
10                          1.22201659
11                          1.21592265
12                          1.05368804
13                          1.05368811
14                          0.92616482
15                          0.92616486
16                          0.76423548
17                          0.75677016
18                          0.75677045
19                          0.08045944
20                          0.02749384
21                          0.02749386
22                          0.01962081
23                          0.01207370
24                          0.01207371
25                          0.00918598
26                          0.00918597
27                          0.00870007
28                          0.00870007
29                          0.01129143
30                          0.00689166
31                          0.00689165
32                          0.00651425
33                          0.00369591
34                          0.00364486
35                          0.00364486
36                          0.00352692
37                          0.00352692
38                          0.00350061
39                          0.00350061
40                          0.00596514
41                          0.00345093
42                          0.00345093
43                          0.00534814
44                          0.00534813
45                          0.00325658
46                          0.00325658
47                          0.00393892
48                          0.00310838
49                          0.00310838
Sum orbitals c^2: 28.00000000
----------------------------------------
Most important dets:
Excite Lv         Coef      Det (Reordered orb)
2           0.14808860      |  0  1  2  3  4  5  6  7  8  9 10 11 13 14 |  0  1  2  3  4  5  6  7  8  9 10 11 12 15 |
0           0.12547898      |  0  1  2  3  4  5  6  7  8  9 10 11 12 13 |  0  1  2  3  4  5  6  7  8  9 10 11 12 13 |
2          -0.12145728      |  0  1  2  3  4  5  6  7  8  9 10 12 13 15 |  0  1  2  3  4  5  6  7  8  9 10 11 13 16 |
2           0.12145715      |  0  1  2  3  4  5  6  7  8  9 10 12 13 14 |  0  1  2  3  4  5  6  7  8  9 10 11 12 16 |
2           0.12030359      |  0  1  2  3  4  5  6  7  8 10 11 12 13 15 |  0  1  2  3  4  5  6  7  8  9 10 11 13 18 |
2           0.12030349      |  0  1  2  3  4  5  6  7  8  9 11 12 13 14 |  0  1  2  3  4  5  6  7  8  9 10 11 12 17 |
2          -0.11953859      |  0  1  2  3  4  5  6  7  8 10 11 12 13 14 |  0  1  2  3  4  5  6  7  8  9 10 11 12 18 |
2          -0.11953858      |  0  1  2  3  4  5  6  7  8  9 11 12 13 15 |  0  1  2  3  4  5  6  7  8  9 10 11 13 17 |
2          -0.10936628      |  0  1  2  3  4  5  6  7  8  9 10 11 12 14 |  0  1  2  3  4  5  6  7  8  9 10 11 12 14 |
2          -0.10936620      |  0  1  2  3  4  5  6  7  8  9 10 11 13 15 |  0  1  2  3  4  5  6  7  8  9 10 11 13 15 |
4           0.10695123      |  0  1  2  3  4  5  6  7  8  9 10 12 14 15 |  0  1  2  3  4  5  6  7  8  9 10 11 14 16 |
4          -0.10695113      |  0  1  2  3  4  5  6  7  8  9 10 13 14 15 |  0  1  2  3  4  5  6  7  8  9 10 11 15 16 |
4          -0.10555004      |  0  1  2  3  4  5  6  7  8 10 11 12 14 15 |  0  1  2  3  4  5  6  7  8  9 10 11 14 18 |
4          -0.10554998      |  0  1  2  3  4  5  6  7  8  9 11 13 14 15 |  0  1  2  3  4  5  6  7  8  9 10 11 15 17 |
4           0.10518104      |  0  1  2  3  4  5  6  7  8 10 11 13 14 15 |  0  1  2  3  4  5  6  7  8  9 10 11 15 18 |
4           0.10518104      |  0  1  2  3  4  5  6  7  8  9 11 12 14 15 |  0  1  2  3  4  5  6  7  8  9 10 11 14 17 |
2           0.09930843      |  0  1  2  3  4  5  6  7  8 10 11 12 13 17 |  0  1  2  3  4  5  6  7  8  9 11 12 13 18 |
2           0.09816415      |  0  1  2  3  4  5  6  7  8 10 11 12 13 16 |  0  1  2  3  4  5  6  7  8  9 10 12 13 18 |
2          -0.09816409      |  0  1  2  3  4  5  6  7  8  9 11 12 13 16 |  0  1  2  3  4  5  6  7  8  9 10 12 13 17 |
4           0.09585590      |  0  1  2  3  4  5  6  7  8  9 10 11 14 15 |  0  1  2  3  4  5  6  7  8  9 10 11 14 15 |
----------------------------------------
HF energy: -2097.9940694459 Ha
Variational energy: -2099.8673681222 Ha
END OF eps_var 1.00e-05 << variation [34.7/149.1]GB [350.873/350.873/515.654]s

BEG OF eps_var 5.00e-06 << variation [34.7/149.1]GB [0.002/0.000/515.655]s

BEG OF main << eps_var 5.00e-06 << variation [34.7/149.1]GB [0.004/0.000/515.658]s

BEG OF #1 << main << eps_var 5.00e-06 << variation [36.5/150.9]GB [0.628/0.001/516.286]s
10% 20% 30% 40% 50% 60% 70% 80% 90% 100% 
Number of dets / new dets: 742,474,665 / 483,672,182
END OF get next det list [201.4/315.8]GB [1948.864/1948.864/2465.149]s
END OF update unique ab [242.4/356.8]GB [2370.958/4319.822/4836.106]s
END OF create abm1 [275.5/389.9]GB [2533.756/6837.372/7353.657]s
Outer size of a/b singles: 44,458,756 / 0
Full size of absingles: 5,478,076,738
END OF create absingles [317.2/431.6]GB [2980.179/9801.559/10317.843]s
10% 20% 30% 40% 50% 60% 70% 80% 90% 100% 
Number of nonzero elems: 376,542,768,309
END OF generate sparse hamiltonian [2402.1/2516.5]GB [66534.619/76336.159/76852.443]s
Davidson #0: -2099.8673681216
Davidson #1: -2099.8788286632
Davidson #2: -2099.8792939134
Davidson #3: -2099.8793742240
Davidson #4: -2099.8794142807
Davidson #5: -2099.8794336558
Davidson #6: -2099.8794498301
Davidson #7: -2099.8794686804
Davidson #8: -2099.8794832725
END OF diagonalize sparse hamiltonian [2408.1/2522.5]GB [3766.874/80103.028/80619.312]s
Iteration 1 eps1= 5.00e-06 ndets= 742,474,665 energy= -2099.87948327
END OF #1 << main << eps_var 5.00e-06 << variation [2408.1/2522.5]GB [0.002/80103.028/80619.312]s

BEG OF #2 << main << eps_var 5.00e-06 << variation [2411.8/2526.2]GB [3.661/0.002/80622.973]s
10% 20% 30% 40% 50% 60% 70% 80% 90% 100% 
Number of dets / new dets: 789,633,856 / 47,159,191
END OF get next det list [2389.9/2504.3]GB [2775.919/2775.919/83398.890]s
END OF update unique ab [2390.1/2504.5]GB [327.164/3103.081/83726.052]s
END OF create abm1 [2397.9/2512.3]GB [360.024/3463.095/84086.067]s
Outer size of a/b singles: 46,442,277 / 0
Full size of absingles: 3,570,459,708
END OF create absingles [2398.6/2513.0]GB [253.091/3713.252/84336.223]s
10% 20% 30% 40% 50% 60% 70% 80% 90% 100% 
Number of nonzero elems: 407,419,424,528
END OF generate sparse hamiltonian [2537.6/2652.0]GB [38595.255/42308.472/122931.444]s
Davidson #0: -2099.8794832717
Davidson #1: -2099.8800971960
Davidson #2: -2099.8801230886
Davidson #3: -2099.8801317004
Davidson #4: -2099.8801377743
Davidson #5: -2099.8801401109
Davidson #6: -2099.8801426844
Davidson #7: -2099.8801458939
Davidson #8: -2099.8801494704
END OF diagonalize sparse hamiltonian [2538.0/2652.4]GB [3702.209/46010.668/126633.639]s
Iteration 2 eps1= 5.00e-06 ndets= 789,633,856 energy= -2099.88014947
END OF #2 << main << eps_var 5.00e-06 << variation [2538.0/2652.4]GB [0.003/46010.668/126633.640]s

BEG OF #3 << main << eps_var 5.00e-06 << variation [2538.4/2652.8]GB [5.041/0.002/126638.680]s
10% 20% 30% 40% 50% 60% 70% 80% 90% 100% 
Number of dets / new dets: 799,593,894 / 9,960,038
END OF get next det list [2538.7/2653.1]GB [1674.276/1674.276/128312.955]s
END OF update unique ab [2538.8/2653.2]GB [86.856/1761.130/128399.809]s
END OF create abm1 [2539.6/2654.0]GB [116.457/1877.577/128516.256]s
Outer size of a/b singles: 46,820,558 / 0
Full size of absingles: 1,850,721,540
END OF create absingles [2540.5/2654.9]GB [79.915/1957.482/128596.161]s
10% 20% 30% 40% 50% 60% 70% 80% 90% 100% 
Number of nonzero elems: 414,518,082,882
END OF generate sparse hamiltonian [2562.0/2676.4]GB [9943.743/11887.697/138526.375]s
Davidson #0: -2099.8801494695
Davidson #1: -2099.8802620190
Davidson #2: -2099.8802700149
Davidson #3: -2099.8802714399
Davidson #4: -2099.8802723556
Davidson #5: -2099.8802727588
Davidson #6: -2099.8802732132
Davidson #7: -2099.8802742913
Davidson #8: -2099.8802751601
END OF diagonalize sparse hamiltonian [2562.2/2676.6]GB [3782.510/15670.197/142308.876]s
Iteration 3 eps1= 5.00e-06 ndets= 799,593,894 energy= -2099.88027516
END OF #3 << main << eps_var 5.00e-06 << variation [2562.2/2676.6]GB [0.003/15670.198/142308.876]s

BEG OF #4 << main << eps_var 5.00e-06 << variation [2562.3/2676.7]GB [0.043/0.002/142308.919]s
10% 20% 30% 40% 50% 60% 70% 80% 90% 100% 
Number of dets / new dets: 802,821,708 / 3,227,814
END OF get next det list [2562.4/2676.8]GB [875.075/875.075/143183.992]s
END OF update unique ab [2562.4/2676.8]GB [47.958/923.031/143231.948]s
END OF create abm1 [2562.4/2676.8]GB [58.111/981.133/143290.049]s
Outer size of a/b singles: 46,931,135 / 0
Full size of absingles: 1,118,448,334
END OF create absingles [2563.6/2678.0]GB [46.323/1027.446/143336.363]s
10% 20% 30% 40% 50% 60% 70% 80% 90% 100% 
Number of nonzero elems: 416,938,134,982
END OF generate sparse hamiltonian [2567.5/2681.9]GB [4967.239/5994.672/148303.589]s
Davidson #0: -2099.8802751605
Davidson #1: -2099.8803124330
Davidson #2: -2099.8803135679
Davidson #3: -2099.8803139203
Davidson #4: -2099.8803141188
Davidson #5: -2099.8803141852
Davidson #6: -2099.8803142915
Davidson #7: -2099.8803144887
Davidson #8: -2099.8803147359
END OF diagonalize sparse hamiltonian [2567.6/2682.0]GB [3802.064/9796.726/152105.643]s
Iteration 4 eps1= 5.00e-06 ndets= 802,821,708 energy= -2099.88031474
END OF #4 << main << eps_var 5.00e-06 << variation [2567.6/2682.0]GB [0.003/9796.727/152105.644]s

BEG OF #5 << main << eps_var 5.00e-06 << variation [2567.6/2682.0]GB [0.009/0.001/152105.652]s
10% 20% 30% 40% 50% 60% 70% 80% 90% 100% 
Number of dets / new dets: 803,584,957 / 763,249
END OF get next det list [2567.6/2682.0]GB [327.533/327.533/152433.185]s
END OF update unique ab [2567.6/2682.0]GB [23.601/351.132/152456.784]s
END OF create abm1 [2567.6/2682.0]GB [17.158/368.281/152473.932]s
Outer size of a/b singles: 46,962,457 / 0
Full size of absingles: 500,393,362
END OF create absingles [2568.7/2683.1]GB [21.444/389.715/152495.367]s
10% 20% 30% 40% 50% 60% 70% 80% 90% 100% 
Number of nonzero elems: 417,563,328,007
END OF generate sparse hamiltonian [2574.8/2689.2]GB [3047.882/3437.588/155543.239]s
Davidson #0: -2099.8803147365
Davidson #1: -2099.8803237816
Davidson #2: -2099.8803242665
Davidson #3: -2099.8803243638
Davidson #4: -2099.8803244161
Davidson #5: -2099.8803244367
Davidson #6: -2099.8803244664
Davidson #7: -2099.8803245411
Davidson #8: -2099.8803246436
END OF diagonalize sparse hamiltonian [2574.9/2689.3]GB [4011.823/7449.401/159555.052]s
Iteration 5 eps1= 5.00e-06 ndets= 803,584,957 energy= -2099.88032464
END OF #5 << main << eps_var 5.00e-06 << variation [2574.9/2689.3]GB [0.003/7449.402/159555.053]s

BEG OF #6 << main << eps_var 5.00e-06 << variation [2574.9/2689.3]GB [0.006/0.001/159555.059]s
Davidson #0: -2099.8803246427
Davidson #1: -2099.8803246963
Davidson #2: -2099.8803247303
Davidson #3: -2099.8803247490
Davidson #4: -2099.8803247611
Davidson #5: -2099.8803247686
END OF diagonalize sparse hamiltonian [2574.9/2689.3]GB [2787.534/2787.534/162342.592]s
Iteration 6 eps1= 5.00e-06 ndets= 803,584,957 energy= -2099.88032477
END OF #6 << main << eps_var 5.00e-06 << variation [2574.9/2689.3]GB [0.003/2787.534/162342.592]s
Final iteration 6 eps1= 5.00e-06 ndets= 803,584,957 energy= -2099.88032477
Effect dets (without time sym): 1,607,107,329
----------------------------------------
Excite Lv       # dets         Sum c^2
0                    1      0.01514403
1                  192      0.00012423
2                83285      0.18247082
3              3550040      0.00872107
4             41243056      0.40277388
5            143112446      0.03040731
6            325622127      0.26632959
7            392847966      0.02406922
8            375681399      0.05978141
9            201800322      0.00534619
10            94962090      0.00444279
11            22172668      0.00028776
12             5558332      0.00009902
13              400892      0.00000231
14               72513      0.00000036
----------------------------------------
Orbital                        Sum c^2
0                           1.99531630
1                           1.99532032
2                           1.98609068
3                           1.98609068
4                           1.98591286
5                           1.98591286
6                           1.98575433
7                           1.98503238
8                           1.84749034
9                           1.21784582
10                          1.21784585
11                          1.21044754
12                          1.05246656
13                          1.05246656
14                          0.92527081
15                          0.92527080
16                          0.76720757
17                          0.75854027
18                          0.75854029
19                          0.08432648
20                          0.02978351
21                          0.02978352
22                          0.02149946
23                          0.01283140
24                          0.01283141
25                          0.01016976
26                          0.01016976
27                          0.00915655
28                          0.00915655
29                          0.01190822
30                          0.00736747
31                          0.00736747
32                          0.00693319
33                          0.00388561
34                          0.00382030
35                          0.00382030
36                          0.00367884
37                          0.00367884
38                          0.00361244
39                          0.00361244
40                          0.00668950
41                          0.00356169
42                          0.00356169
43                          0.00627281
44                          0.00627280
45                          0.00339931
46                          0.00339931
47                          0.00446278
48                          0.00325505
49                          0.00325505
Sum orbitals c^2: 28.00000000
----------------------------------------
Most important dets:
Excite Lv         Coef      Det (Reordered orb)
2           0.14540030      |  0  1  2  3  4  5  6  7  8  9 10 11 13 14 |  0  1  2  3  4  5  6  7  8  9 10 11 12 15 |
0           0.12306107      |  0  1  2  3  4  5  6  7  8  9 10 11 12 13 |  0  1  2  3  4  5  6  7  8  9 10 11 12 13 |
2           0.12013564      |  0  1  2  3  4  5  6  7  8  9 10 12 13 14 |  0  1  2  3  4  5  6  7  8  9 10 11 12 16 |
2          -0.12013563      |  0  1  2  3  4  5  6  7  8  9 10 12 13 15 |  0  1  2  3  4  5  6  7  8  9 10 11 13 16 |
2           0.11878290      |  0  1  2  3  4  5  6  7  8 10 11 12 13 15 |  0  1  2  3  4  5  6  7  8  9 10 11 13 18 |
2           0.11878289      |  0  1  2  3  4  5  6  7  8  9 11 12 13 14 |  0  1  2  3  4  5  6  7  8  9 10 11 12 17 |
2          -0.11812818      |  0  1  2  3  4  5  6  7  8  9 11 12 13 15 |  0  1  2  3  4  5  6  7  8  9 10 11 13 17 |
2          -0.11812818      |  0  1  2  3  4  5  6  7  8 10 11 12 13 14 |  0  1  2  3  4  5  6  7  8  9 10 11 12 18 |
2          -0.10726047      |  0  1  2  3  4  5  6  7  8  9 10 11 13 15 |  0  1  2  3  4  5  6  7  8  9 10 11 13 15 |
2          -0.10726046      |  0  1  2  3  4  5  6  7  8  9 10 11 12 14 |  0  1  2  3  4  5  6  7  8  9 10 11 12 14 |
4          -0.10581814      |  0  1  2  3  4  5  6  7  8  9 10 13 14 15 |  0  1  2  3  4  5  6  7  8  9 10 11 15 16 |
4           0.10581811      |  0  1  2  3  4  5  6  7  8  9 10 12 14 15 |  0  1  2  3  4  5  6  7  8  9 10 11 14 16 |
4          -0.10425095      |  0  1  2  3  4  5  6  7  8 10 11 12 14 15 |  0  1  2  3  4  5  6  7  8  9 10 11 14 18 |
4          -0.10425095      |  0  1  2  3  4  5  6  7  8  9 11 13 14 15 |  0  1  2  3  4  5  6  7  8  9 10 11 15 17 |
4           0.10395372      |  0  1  2  3  4  5  6  7  8  9 11 12 14 15 |  0  1  2  3  4  5  6  7  8  9 10 11 14 17 |
4           0.10395370      |  0  1  2  3  4  5  6  7  8 10 11 13 14 15 |  0  1  2  3  4  5  6  7  8  9 10 11 15 18 |
2           0.09849526      |  0  1  2  3  4  5  6  7  8 10 11 12 13 17 |  0  1  2  3  4  5  6  7  8  9 11 12 13 18 |
2           0.09773009      |  0  1  2  3  4  5  6  7  8 10 11 12 13 16 |  0  1  2  3  4  5  6  7  8  9 10 12 13 18 |
2          -0.09773008      |  0  1  2  3  4  5  6  7  8  9 11 12 13 16 |  0  1  2  3  4  5  6  7  8  9 10 12 13 17 |
4           0.09402742      |  0  1  2  3  4  5  6  7  8  9 10 11 14 15 |  0  1  2  3  4  5  6  7  8  9 10 11 14 15 |
----------------------------------------
END OF main << eps_var 5.00e-06 << variation [2568.6/2683.0]GB [799.494/162626.428/163142.086]s
Variational results saved to: wf_eps1_5.00e-06.dat
END OF eps_var 5.00e-06 << variation [2570.5/2684.9]GB [58.823/162685.252/163200.907]s
END OF variation [2494.0/2608.4]GB [792.482/163991.419/163993.386]s

BEG OF post variation [2452.7/2567.1]GB [0.228/0.001/163993.387]s
END OF post variation [2452.7/2567.1]GB [0.003/0.003/163993.389]s

BEG OF perturbation [2452.7/2567.1]GB [0.001/0.001/163993.390]s

BEG OF eps_var 1.00e-04 << perturbation [2452.7/2567.1]GB [0.001/0.001/163993.390]s
Total energy: -2099.8813645657 +- 0.0000044661 (loaded from result file)
END OF eps_var 1.00e-04 << perturbation [2452.7/2567.1]GB [0.002/0.002/163993.391]s

BEG OF eps_var 5.00e-05 << perturbation [2452.7/2567.1]GB [0.001/0.001/163993.392]s
Total energy: -2099.8868910305 +- 0.0000032285 (loaded from result file)
END OF eps_var 5.00e-05 << perturbation [2452.7/2567.1]GB [0.001/0.001/163993.393]s

BEG OF eps_var 3.00e-05 << perturbation [2452.7/2567.1]GB [0.001/0.001/163993.393]s
Total energy: -2099.8907952979 +- 0.0000031360 (loaded from result file)
END OF eps_var 3.00e-05 << perturbation [2452.7/2567.1]GB [0.001/0.001/163993.394]s

BEG OF eps_var 2.00e-05 << perturbation [2452.7/2567.1]GB [0.001/0.001/163993.394]s
Total energy: -2099.8937967140 +- 0.0000051976 (loaded from result file)
END OF eps_var 2.00e-05 << perturbation [2452.7/2567.1]GB [0.001/0.001/163993.395]s

BEG OF eps_var 1.00e-05 << perturbation [2452.7/2567.1]GB [0.001/0.001/163993.395]s
Total energy: -2099.8982706707 +- 0.0000116211 (loaded from result file)
END OF eps_var 1.00e-05 << perturbation [2452.7/2567.1]GB [0.001/0.001/163993.396]s

BEG OF eps_var 5.00e-06 << perturbation [2452.7/2567.1]GB [0.001/0.001/163993.396]s
Loaded 803,584,957 dets from: wf_eps1_5.00e-06.dat
Effect dets (without time sym): 1,607,107,329
----------------------------------------
Excite Lv       # dets         Sum c^2
0                    1      0.01514403
1                  192      0.00012423
2                83285      0.18247082
3              3550040      0.00872107
4             41243056      0.40277388
5            143112446      0.03040731
6            325622127      0.26632959
7            392847966      0.02406922
8            375681399      0.05978141
9            201800322      0.00534619
10            94962090      0.00444279
11            22172668      0.00028776
12             5558332      0.00009902
13              400892      0.00000231
14               72513      0.00000036
----------------------------------------
Orbital                        Sum c^2
0                           1.99531630
1                           1.99532032
2                           1.98609068
3                           1.98609068
4                           1.98591286
5                           1.98591286
6                           1.98575433
7                           1.98503238
8                           1.84749034
9                           1.21784582
10                          1.21784585
11                          1.21044754
12                          1.05246656
13                          1.05246656
14                          0.92527081
15                          0.92527080
16                          0.76720757
17                          0.75854027
18                          0.75854029
19                          0.08432648
20                          0.02978351
21                          0.02978352
22                          0.02149946
23                          0.01283140
24                          0.01283141
25                          0.01016976
26                          0.01016976
27                          0.00915655
28                          0.00915655
29                          0.01190822
30                          0.00736747
31                          0.00736747
32                          0.00693319
33                          0.00388561
34                          0.00382030
35                          0.00382030
36                          0.00367884
37                          0.00367884
38                          0.00361244
39                          0.00361244
40                          0.00668950
41                          0.00356169
42                          0.00356169
43                          0.00627281
44                          0.00627280
45                          0.00339931
46                          0.00339931
47                          0.00446278
48                          0.00325505
49                          0.00325505
Sum orbitals c^2: 28.00000000
----------------------------------------
Most important dets:
Excite Lv         Coef      Det (Reordered orb)
2           0.14540030      |  0  1  2  3  4  5  6  7  8  9 10 11 13 14 |  0  1  2  3  4  5  6  7  8  9 10 11 12 15 |
0           0.12306107      |  0  1  2  3  4  5  6  7  8  9 10 11 12 13 |  0  1  2  3  4  5  6  7  8  9 10 11 12 13 |
2           0.12013564      |  0  1  2  3  4  5  6  7  8  9 10 12 13 14 |  0  1  2  3  4  5  6  7  8  9 10 11 12 16 |
2          -0.12013563      |  0  1  2  3  4  5  6  7  8  9 10 12 13 15 |  0  1  2  3  4  5  6  7  8  9 10 11 13 16 |
2           0.11878290      |  0  1  2  3  4  5  6  7  8 10 11 12 13 15 |  0  1  2  3  4  5  6  7  8  9 10 11 13 18 |
2           0.11878289      |  0  1  2  3  4  5  6  7  8  9 11 12 13 14 |  0  1  2  3  4  5  6  7  8  9 10 11 12 17 |
2          -0.11812818      |  0  1  2  3  4  5  6  7  8  9 11 12 13 15 |  0  1  2  3  4  5  6  7  8  9 10 11 13 17 |
2          -0.11812818      |  0  1  2  3  4  5  6  7  8 10 11 12 13 14 |  0  1  2  3  4  5  6  7  8  9 10 11 12 18 |
2          -0.10726047      |  0  1  2  3  4  5  6  7  8  9 10 11 13 15 |  0  1  2  3  4  5  6  7  8  9 10 11 13 15 |
2          -0.10726046      |  0  1  2  3  4  5  6  7  8  9 10 11 12 14 |  0  1  2  3  4  5  6  7  8  9 10 11 12 14 |
4          -0.10581814      |  0  1  2  3  4  5  6  7  8  9 10 13 14 15 |  0  1  2  3  4  5  6  7  8  9 10 11 15 16 |
4           0.10581811      |  0  1  2  3  4  5  6  7  8  9 10 12 14 15 |  0  1  2  3  4  5  6  7  8  9 10 11 14 16 |
4          -0.10425095      |  0  1  2  3  4  5  6  7  8 10 11 12 14 15 |  0  1  2  3  4  5  6  7  8  9 10 11 14 18 |
4          -0.10425095      |  0  1  2  3  4  5  6  7  8  9 11 13 14 15 |  0  1  2  3  4  5  6  7  8  9 10 11 15 17 |
4           0.10395372      |  0  1  2  3  4  5  6  7  8  9 11 12 14 15 |  0  1  2  3  4  5  6  7  8  9 10 11 14 17 |
4           0.10395370      |  0  1  2  3  4  5  6  7  8 10 11 13 14 15 |  0  1  2  3  4  5  6  7  8  9 10 11 15 18 |
2           0.09849526      |  0  1  2  3  4  5  6  7  8 10 11 12 13 17 |  0  1  2  3  4  5  6  7  8  9 11 12 13 18 |
2           0.09773009      |  0  1  2  3  4  5  6  7  8 10 11 12 13 16 |  0  1  2  3  4  5  6  7  8  9 10 12 13 18 |
2          -0.09773008      |  0  1  2  3  4  5  6  7  8  9 11 12 13 16 |  0  1  2  3  4  5  6  7  8  9 10 12 13 17 |
4           0.09402742      |  0  1  2  3  4  5  6  7  8  9 10 11 14 15 |  0  1  2  3  4  5  6  7  8  9 10 11 14 15 |
----------------------------------------
HF energy: -2097.9940694459 Ha
Variational energy: -2099.8803247686 Ha
Memory total: 3170.3GB
Helper size: 0.1GB
Bytes per det: 32
Memory var: 167.1GB
Memory PT limit: 3316.7GB

BEG OF dtm 2.00e-06 << eps_var 5.00e-06 << perturbation [319.4/433.8]GB [2725.080/0.001/166718.476]s
Number of dtm batches: 1
END OF determine number of dtm batches [319.4/433.8]GB [21.823/21.823/166740.299]s

BEG OF #1/1 << dtm 2.00e-06 << eps_var 5.00e-06 << perturbation [319.4/433.8]GB [0.022/0.001/166740.318]s
20% 40% 60% 80% 100% 
Number of dtm pt dets: 3,950,304,511
END OF create hc sums [565.0/679.4]GB [8779.843/8779.843/175520.160]s
PT dtm batch correction: -0.0073000266 Ha
PT dtm correction (eps1= 5.00e-06): -0.0073000266 +- 0.0000000000 Ha
PT dtm total energy (eps1= 5.00e-06): -2099.8876247952 +- 0.0000000000 Ha
Correlation energy (eps1= 5.00e-06): -1.8935553493 +- 0.0000000000 Ha
END OF #1/1 << dtm 2.00e-06 << eps_var 5.00e-06 << perturbation [564.9/679.3]GB [443.653/9223.493/175963.810]s
END OF dtm 2.00e-06 << eps_var 5.00e-06 << perturbation [564.9/679.3]GB [0.030/9245.363/175963.838]s

BEG OF psto 1.00e-07 << eps_var 5.00e-06 << perturbation [317.8/432.2]GB [15.548/0.002/175979.385]s
Number of psto batches: 19
END OF determine number of psto batches [323.6/438.0]GB [69.784/69.784/176049.167]s

BEG OF #1/19 << psto 1.00e-07 << eps_var 5.00e-06 << perturbation [323.6/438.0]GB [0.068/0.003/176049.233]s
20% 40% 60% 80% 100% 
Number of psto pt dets: 17,447,505,915
END OF create hc sums [2037.5/2151.9]GB [10574.170/10574.170/186623.401]s
PT psto batch correction: -0.0006805195 Ha
PT psto correction (eps1= 5.00e-06): -0.0129298698 +- 0.0000007426 Ha
PT psto total energy (eps1= 5.00e-06): -2099.9005546650 +- 0.0000007426 Ha
Correlation energy (eps1= 5.00e-06): -1.9064852192 +- 0.0000007426 Ha
END OF #1/19 << psto 1.00e-07 << eps_var 5.00e-06 << perturbation [2037.6/2152.0]GB [2445.515/13019.683/189068.913]s
END OF psto 1.00e-07 << eps_var 5.00e-06 << perturbation [2037.6/2152.0]GB [0.003/13089.531/189068.914]s

BEG OF sto 5.00e-12 << eps_var 5.00e-06 << perturbation [332.7/447.1]GB [222.827/0.002/189291.740]s
Number of samples chosen: 3,007,040
END OF determine n samples [330.7/445.1]GB [19.337/19.337/189311.075]s

BEG OF #1 << sto 5.00e-12 << eps_var 5.00e-06 << perturbation [330.7/445.1]GB [0.198/0.001/189311.075]s
Number of unique variational determinants in sample: 2,934,691
Batch id: 47 / 64
20% 40% 60% 80% 100% 
Number of sto pt dets: 3,744,086,959
END OF create hc sums [625.8/740.2]GB [958.507/958.507/190269.582]s
PT sto loop correction: -0.0010984180 Ha
PT sto correction (eps1= 5.00e-06): -0.0010984180 +- -nan Ha
PT sto total energy (eps1= 5.00e-06): -2099.9016530830 +- -nan Ha
Correlation energy (eps1= 5.00e-06): -1.9075836371 +- -nan Ha
END OF #1 << sto 5.00e-12 << eps_var 5.00e-06 << perturbation [625.9/740.3]GB [609.796/1568.166/190879.241]s

BEG OF #2 << sto 5.00e-12 << eps_var 5.00e-06 << perturbation [625.9/740.3]GB [0.003/0.001/190879.241]s
Number of unique variational determinants in sample: 2,934,996
Batch id: 3 / 64
20% 40% 60% 80% 100% 
Number of sto pt dets: 3,744,093,685
END OF create hc sums [629.9/744.3]GB [926.957/926.957/191806.198]s
PT sto loop correction: -0.0011413877 Ha
PT sto correction (eps1= 5.00e-06): -0.0011199028 +- 0.0000214848 Ha
PT sto total energy (eps1= 5.00e-06): -2099.9016745679 +- 0.0000214977 Ha
Correlation energy (eps1= 5.00e-06): -1.9076051220 +- 0.0000214977 Ha
END OF #2 << sto 5.00e-12 << eps_var 5.00e-06 << perturbation [629.8/744.2]GB [589.708/1516.513/192395.754]s

BEG OF #3 << sto 5.00e-12 << eps_var 5.00e-06 << perturbation [629.8/744.2]GB [0.003/0.001/192395.755]s
Number of unique variational determinants in sample: 2,934,655
Batch id: 29 / 64
20% 40% 60% 80% 100% 
Number of sto pt dets: 3,744,315,704
END OF create hc sums [635.4/749.8]GB [922.668/922.668/193318.422]s
PT sto loop correction: -0.0011945299 Ha
PT sto correction (eps1= 5.00e-06): -0.0011447785 +- 0.0000277969 Ha
PT sto total energy (eps1= 5.00e-06): -2099.9016994435 +- 0.0000278068 Ha
Correlation energy (eps1= 5.00e-06): -1.9076299977 +- 0.0000278068 Ha
END OF #3 << sto 5.00e-12 << eps_var 5.00e-06 << perturbation [635.3/749.7]GB [583.985/1506.498/193902.252]s

BEG OF #4 << sto 5.00e-12 << eps_var 5.00e-06 << perturbation [635.3/749.7]GB [0.003/0.001/193902.252]s
Number of unique variational determinants in sample: 2,934,898
Batch id: 37 / 64
20% 40% 60% 80% 100% 
Number of sto pt dets: 3,744,096,258
END OF create hc sums [638.1/752.5]GB [904.569/904.569/194806.821]s
PT sto loop correction: -0.0011140150 Ha
PT sto correction (eps1= 5.00e-06): -0.0011370876 +- 0.0000211065 Ha
PT sto total energy (eps1= 5.00e-06): -2099.9016917527 +- 0.0000211195 Ha
Correlation energy (eps1= 5.00e-06): -1.9076223068 +- 0.0000211195 Ha
END OF #4 << sto 5.00e-12 << eps_var 5.00e-06 << perturbation [638.0/752.4]GB [587.385/1491.797/195394.049]s

BEG OF #5 << sto 5.00e-12 << eps_var 5.00e-06 << perturbation [638.0/752.4]GB [0.003/0.001/195394.049]s
Number of unique variational determinants in sample: 2,934,971
Batch id: 38 / 64
20% 40% 60% 80% 100% 
Number of sto pt dets: 3,744,431,332
END OF create hc sums [640.5/754.9]GB [954.545/954.545/196348.593]s
PT sto loop correction: -0.0011018716 Ha
PT sto correction (eps1= 5.00e-06): -0.0011300444 +- 0.0000178016 Ha
PT sto total energy (eps1= 5.00e-06): -2099.9016847095 +- 0.0000178171 Ha
Correlation energy (eps1= 5.00e-06): -1.9076152636 +- 0.0000178171 Ha
END OF #5 << sto 5.00e-12 << eps_var 5.00e-06 << perturbation [640.4/754.8]GB [595.908/1550.297/196944.346]s

BEG OF #6 << sto 5.00e-12 << eps_var 5.00e-06 << perturbation [640.4/754.8]GB [0.005/0.001/196944.347]s
Number of unique variational determinants in sample: 2,934,669
Batch id: 2 / 64
20% 40% 60% 80% 100% 
Number of sto pt dets: 3,743,802,624
END OF create hc sums [644.7/759.1]GB [935.716/935.716/197880.062]s
PT sto loop correction: -0.0011766719 Ha
PT sto correction (eps1= 5.00e-06): -0.0011378157 +- 0.0000164820 Ha
PT sto total energy (eps1= 5.00e-06): -2099.9016924807 +- 0.0000164987 Ha
Correlation energy (eps1= 5.00e-06): -1.9076230348 +- 0.0000164987 Ha
END OF #6 << sto 5.00e-12 << eps_var 5.00e-06 << perturbation [644.6/759.0]GB [588.873/1524.425/198468.771]s
END OF sto 5.00e-12 << eps_var 5.00e-06 << perturbation [644.6/759.0]GB [0.046/9177.077/198468.815]s
Total energy: -2099.9016924807 +- 0.0000164987 Ha
END OF eps_var 5.00e-06 << perturbation [317.9/432.3]GB [25.757/34501.174/198494.570]s
END OF perturbation [317.9/432.3]GB [0.003/34501.182/198494.571]s
