l[017,032]
80
Semistochastic Heat-bath Configuration Interation (SHCI)

Start time: Tue Nov 20 22:43:55 2018
Infrastructure: 2 nodes * 80 threads
Configuration:
{
  "chem": {
    "irrep_occs_dn": [
      4,
      2,
      1,
      2,
      1,
      2,
      1,
      0,
      1,
      0
    ],
    "irrep_occs_up": [
      4,
      2,
      1,
      2,
      1,
      2,
      1,
      0,
      1,
      0
    ],
    "irreps": [
      1,
      2,
      3,
      4,
      5,
      6,
      7,
      8,
      9,
      10
    ],
    "point_group": "dih"
  },
  "eps_vars": [
    0.0001,
    5e-05,
    3e-05,
    2e-05,
    1e-05,
    5e-06
  ],
  "eps_vars_schedule": [
    0.005,
    0.005,
    0.005,
    0.003,
    0.003,
    0.003,
    0.002,
    0.002,
    0.002,
    0.001,
    0.001,
    0.001,
    0.0005,
    0.0005,
    0.0005,
    0.0003,
    0.0003,
    0.0003,
    0.0002,
    0.0002,
    0.0002
  ],
  "n_dn": 14,
  "n_up": 14,
  "system": "chem",
  "time_sym": true
}
Timing format: [DIFF/SECTION/TOTAL]

BEG OF setup [0.0/25.5]GB [0.001/0.001/0.001]s

BEG OF load integrals << setup [0.0/25.5]GB [0.003/0.000/0.003]s
n_orbs: 76
n_elecs (from FCIDUMP): 28
orb_sym: 1 2 -6 6 -5 5 1 2 1 1 6 -6 -7 7 8 -8 -5 5 2 2 6 -6 7 -7 1 8 -8 1 5 -5 6 -6 2 -10 10 9 -9 -7 7 8 -8 -6 6 -5 5 1 2 1 2 5 -5 2 6 -6 1 1 7 -7 6 -6 2 1 8 -8 5 -5 2 6 -6 1 5 -5 2 5 -5 2 
Convert to Adam's notation:
1 2 6 4 5 3 1 2 1 1 4 6 9 7 8 10 5 3 2 2 4 6 7 9 1 8 10 1 3 5 4 6 2 14 12 11 13 9 7 8 10 6 4 5 3 1 2 1 2 3 5 2 4 6 1 1 7 9 4 6 2 1 8 10 3 5 2 4 6 1 3 5 2 3 5 2 
END OF load fcidump [0.1/25.6]GB [1.554/1.554/1.557]s
HF det up: 0 1 2 3 4 5 6 7 8 9 10 11 12 13 
HF det dn: 0 1 2 3 4 5 6 7 8 9 10 11 12 13 
Reorder skipped.
Orbitals energy:
#  0: E =  -3.351872175550, sym =  1, origin #  0
#  1: E =  -3.351396687316, sym =  2, origin #  1
#  2: E =  -2.074721376499, sym =  6, origin #  2
#  3: E =  -2.074721376499, sym =  4, origin #  3
#  4: E =  -2.071078290147, sym =  5, origin #  4
#  5: E =  -2.071078290147, sym =  3, origin #  5
#  6: E =  -2.074236157356, sym =  1, origin #  6
#  7: E =  -2.068916869763, sym =  2, origin #  7
#  8: E =  -0.185006270281, sym =  1, origin #  8
#  9: E =  -0.051421584616, sym =  1, origin #  9
# 10: E =  -0.047311516282, sym =  4, origin # 10
# 11: E =  -0.047311516282, sym =  6, origin # 11
# 12: E =  -0.037231881414, sym =  9, origin # 12
# 13: E =  -0.037231881414, sym =  7, origin # 13
# 14: E =   0.125522119644, sym =  8, origin # 14
# 15: E =   0.125522119644, sym = 10, origin # 15
# 16: E =   0.140327344324, sym =  5, origin # 16
# 17: E =   0.140327344324, sym =  3, origin # 17
# 18: E =   0.142039772989, sym =  2, origin # 18
# 19: E =   0.481629501000, sym =  2, origin # 19
# 20: E =   1.071568605695, sym =  4, origin # 20
# 21: E =   1.071568605695, sym =  6, origin # 21
# 22: E =   1.137304392484, sym =  7, origin # 22
# 23: E =   1.137304392484, sym =  9, origin # 23
# 24: E =   1.099600416979, sym =  1, origin # 24
# 25: E =   1.200202096809, sym =  8, origin # 25
# 26: E =   1.200202096809, sym = 10, origin # 26
# 27: E =   0.290954887161, sym =  1, origin # 27
# 28: E =   1.269575830643, sym =  3, origin # 28
# 29: E =   1.269575830643, sym =  5, origin # 29
# 30: E =   0.256361703457, sym =  4, origin # 30
# 31: E =   0.256361703457, sym =  6, origin # 31
# 32: E =   1.275429507191, sym =  2, origin # 32
# 33: E =   2.490474091459, sym = 14, origin # 33
# 34: E =   2.490474091459, sym = 12, origin # 34
# 35: E =   2.494082987563, sym = 11, origin # 35
# 36: E =   2.494082987563, sym = 13, origin # 36
# 37: E =   2.488697819799, sym =  9, origin # 37
# 38: E =   2.488697819799, sym =  7, origin # 38
# 39: E =   2.500025002305, sym =  8, origin # 39
# 40: E =   2.500025002305, sym = 10, origin # 40
# 41: E =   2.475635428955, sym =  6, origin # 41
# 42: E =   2.475635428955, sym =  4, origin # 42
# 43: E =   2.521424917435, sym =  5, origin # 43
# 44: E =   2.521424917435, sym =  3, origin # 44
# 45: E =   2.459274694674, sym =  1, origin # 45
# 46: E =   2.560529099731, sym =  2, origin # 46
# 47: E =   1.387686136767, sym =  1, origin # 47
# 48: E =   0.601187407692, sym =  2, origin # 48
# 49: E =   0.462132907299, sym =  3, origin # 49
# 50: E =   0.462132907299, sym =  5, origin # 50
# 51: E =   1.142919989850, sym =  2, origin # 51
# 52: E =   0.523013223840, sym =  4, origin # 52
# 53: E =   0.523013223840, sym =  6, origin # 53
# 54: E =   0.482086667614, sym =  1, origin # 54
# 55: E =   0.483837506351, sym =  1, origin # 55
# 56: E =   0.593150042848, sym =  7, origin # 56
# 57: E =   0.593150042848, sym =  9, origin # 57
# 58: E =   0.658400837834, sym =  4, origin # 58
# 59: E =   0.658400837834, sym =  6, origin # 59
# 60: E =   0.672143053824, sym =  2, origin # 60
# 61: E =   0.711171199552, sym =  1, origin # 61
# 62: E =   0.601958418441, sym =  8, origin # 62
# 63: E =   0.601958418441, sym = 10, origin # 63
# 64: E =   0.611190196069, sym =  3, origin # 64
# 65: E =   0.611190196069, sym =  5, origin # 65
# 66: E =   0.505399459811, sym =  2, origin # 66
# 67: E =   0.358249195356, sym =  4, origin # 67
# 68: E =   0.358249195356, sym =  6, origin # 68
# 69: E =   0.366197674046, sym =  1, origin # 69
# 70: E =   0.439238429254, sym =  3, origin # 70
# 71: E =   0.439238429254, sym =  5, origin # 71
# 72: E =   1.038578784830, sym =  2, origin # 72
# 73: E =   0.362123824335, sym =  3, origin # 73
# 74: E =   0.362123824335, sym =  5, origin # 74
# 75: E =   0.144272978886, sym =  2, origin # 75
HF det up: 0 1 2 3 4 5 6 7 8 9 10 11 12 13 
HF det dn: 0 1 2 3 4 5 6 7 8 9 10 11 12 13 
END OF reorder orbitals [0.1/25.6]GB [0.059/1.613/1.616]s
FCIDUMP cache saved to: integrals_cache.dat
END OF load integrals << setup [0.1/25.6]GB [0.047/1.660/1.663]s

BEG OF setup hci queue << setup [0.1/25.6]GB [0.000/0.000/1.663]s
Max hci queue elem: 0.4191087699 Ha
Number of entries in hci queue: 1,782,610
END OF setup hci queue << setup [0.1/25.6]GB [0.098/0.098/1.761]s
HF energy: -2097.6934701850 Ha
END OF setup [0.1/25.6]GB [0.002/1.763/1.763]s

BEG OF variation [0.1/25.6]GB [0.000/0.000/1.764]s
Final iteration 0 HF ndets= 1 energy= -2097.69347018

BEG OF eps_var 1.00e-04 << variation [0.1/25.6]GB [0.000/0.000/1.764]s
Loaded 4,430,117 dets from: wf_eps1_1.00e-04.dat
Effect dets (without time sym): 8,854,983
----------------------------------------
Excite Lv       # dets         Sum c^2
0                    1      0.00468859
1                  106      0.00001078
2                21009      0.10348410
3                90032      0.00303987
4               578611      0.37802590
5               872064      0.01738516
6              2266178      0.36433790
7              1499280      0.01865066
8              2181215      0.09904131
9               665954      0.00441107
10              576250      0.00665688
11               71522      0.00017441
12               31853      0.00009294
13                 808      0.00000040
14                 100      0.00000003
----------------------------------------
Orbital                        Sum c^2
0                           1.99616663
1                           1.99616665
2                           1.98898226
3                           1.98898226
4                           1.98896348
5                           1.98896348
6                           1.98884685
7                           1.98880238
8                           1.87859193
9                           1.05482356
10                          1.04703527
11                          1.04703527
12                          1.00664585
13                          1.00664585
14                          0.98131492
15                          0.98131492
16                          0.94086169
17                          0.94086169
18                          0.93296227
19                          0.06315456
20                          0.00846544
21                          0.00846544
22                          0.00742453
23                          0.00742453
24                          0.00827415
25                          0.00686983
26                          0.00686983
27                          0.00763768
28                          0.00634286
29                          0.00634286
30                          0.00777823
31                          0.00777823
32                          0.00773635
33                          0.00289720
34                          0.00289720
35                          0.00289419
36                          0.00289419
37                          0.00287953
38                          0.00287953
39                          0.00285873
40                          0.00285873
41                          0.00288962
42                          0.00288962
43                          0.00283032
44                          0.00283032
45                          0.00290581
46                          0.00281297
47                          0.00321264
48                          0.00379980
49                          0.00352835
Sum orbitals c^2: 28.00000000
----------------------------------------
Most important dets:
Excite Lv         Coef      Det (Reordered orb)
2           0.09435738      |  0  1  2  3  4  5  6  7  8  9 10 11 13 14 |  0  1  2  3  4  5  6  7  8  9 10 11 12 15 |
2           0.09062479      |  0  1  2  3  4  5  6  7  8  9 10 12 13 15 |  0  1  2  3  4  5  6  7  8  9 10 11 13 16 |
2           0.09062479      |  0  1  2  3  4  5  6  7  8  9 11 12 13 14 |  0  1  2  3  4  5  6  7  8  9 10 11 12 17 |
2          -0.09060587      |  0  1  2  3  4  5  6  7  8  9 11 12 13 15 |  0  1  2  3  4  5  6  7  8  9 10 11 13 17 |
2          -0.09060587      |  0  1  2  3  4  5  6  7  8  9 10 12 13 14 |  0  1  2  3  4  5  6  7  8  9 10 11 12 16 |
2          -0.08995638      |  0  1  2  3  4  5  6  7  8 10 11 12 13 14 |  0  1  2  3  4  5  6  7  8  9 10 11 12 18 |
2           0.08995638      |  0  1  2  3  4  5  6  7  8 10 11 12 13 15 |  0  1  2  3  4  5  6  7  8  9 10 11 13 18 |
4          -0.08849993      |  0  1  2  3  4  5  6  7  8  9 11 13 14 15 |  0  1  2  3  4  5  6  7  8  9 10 11 15 17 |
4          -0.08849993      |  0  1  2  3  4  5  6  7  8  9 10 12 14 15 |  0  1  2  3  4  5  6  7  8  9 10 11 14 16 |
4           0.08848652      |  0  1  2  3  4  5  6  7  8  9 11 12 14 15 |  0  1  2  3  4  5  6  7  8  9 10 11 14 17 |
4           0.08848652      |  0  1  2  3  4  5  6  7  8  9 10 13 14 15 |  0  1  2  3  4  5  6  7  8  9 10 11 15 16 |
4          -0.08786173      |  0  1  2  3  4  5  6  7  8 10 11 12 14 15 |  0  1  2  3  4  5  6  7  8  9 10 11 14 18 |
4           0.08786173      |  0  1  2  3  4  5  6  7  8 10 11 13 14 15 |  0  1  2  3  4  5  6  7  8  9 10 11 15 18 |
2           0.08713453      |  0  1  2  3  4  5  6  7  8  9 11 12 13 16 |  0  1  2  3  4  5  6  7  8  9 10 12 13 17 |
2          -0.08639064      |  0  1  2  3  4  5  6  7  8 10 11 12 13 16 |  0  1  2  3  4  5  6  7  8  9 10 12 13 18 |
2           0.08639064      |  0  1  2  3  4  5  6  7  8 10 11 12 13 17 |  0  1  2  3  4  5  6  7  8  9 11 12 13 18 |
4          -0.08543480      |  0  1  2  3  4  5  6  7  8  9 10 13 14 16 |  0  1  2  3  4  5  6  7  8  9 10 12 15 16 |
4          -0.08543480      |  0  1  2  3  4  5  6  7  8  9 11 13 14 17 |  0  1  2  3  4  5  6  7  8  9 11 12 15 17 |
4          -0.08509632      |  0  1  2  3  4  5  6  7  8  9 11 13 15 16 |  0  1  2  3  4  5  6  7  8  9 10 13 15 17 |
4          -0.08509632      |  0  1  2  3  4  5  6  7  8  9 11 12 14 16 |  0  1  2  3  4  5  6  7  8  9 10 12 14 17 |
----------------------------------------
HF energy: -2097.6934701850 Ha
Variational energy: -2099.7964965676 Ha
END OF eps_var 1.00e-04 << variation [0.8/26.3]GB [6.234/6.234/7.998]s

BEG OF eps_var 5.00e-05 << variation [0.8/26.3]GB [0.001/0.000/7.999]s
Loaded 13,586,195 dets from: wf_eps1_5.00e-05.dat
Effect dets (without time sym): 27,162,885
----------------------------------------
Excite Lv       # dets         Sum c^2
0                    1      0.00429711
1                  128      0.00001437
2                30574      0.09628180
3               182742      0.00304587
4              1232798      0.36217636
5              2530006      0.01764870
6              6089905      0.36919496
7              5152300      0.01995992
8              6700584      0.11209880
9              2449900      0.00534371
10             2236882      0.00944997
11              318452      0.00029889
12              226995      0.00018672
13                7494      0.00000232
14                4124      0.00000049
----------------------------------------
Orbital                        Sum c^2
0                           1.99607883
1                           1.99608005
2                           1.98865549
3                           1.98865549
4                           1.98863713
5                           1.98863713
6                           1.98856203
7                           1.98853649
8                           1.77431104
9                           1.05535562
10                          1.04769122
11                          1.04769122
12                          1.00630273
13                          1.00630273
14                          0.98050035
15                          0.98050035
16                          0.93884749
17                          0.93884749
18                          0.93151580
19                          0.12892462
20                          0.00931565
21                          0.00931565
22                          0.00812246
23                          0.00812246
24                          0.00909248
25                          0.00747886
26                          0.00747886
27                          0.00906832
28                          0.00685811
29                          0.00685811
30                          0.00981340
31                          0.00981340
32                          0.01012527
33                          0.00300110
34                          0.00300110
35                          0.00299758
36                          0.00299758
37                          0.00293229
38                          0.00293229
39                          0.00290990
40                          0.00290990
41                          0.00292564
42                          0.00292564
43                          0.00286552
44                          0.00286552
45                          0.00296647
46                          0.00287002
47                          0.00345485
48                          0.00544716
49                          0.00352311
Sum orbitals c^2: 28.00000000
----------------------------------------
Most important dets:
Excite Lv         Coef      Det (Reordered orb)
2           0.09021220      |  0  1  2  3  4  5  6  7  8  9 10 11 13 14 |  0  1  2  3  4  5  6  7  8  9 10 11 12 15 |
2           0.08648394      |  0  1  2  3  4  5  6  7  8  9 10 12 13 15 |  0  1  2  3  4  5  6  7  8  9 10 11 13 16 |
2           0.08648394      |  0  1  2  3  4  5  6  7  8  9 11 12 13 14 |  0  1  2  3  4  5  6  7  8  9 10 11 12 17 |
2          -0.08643684      |  0  1  2  3  4  5  6  7  8  9 11 12 13 15 |  0  1  2  3  4  5  6  7  8  9 10 11 13 17 |
2          -0.08643684      |  0  1  2  3  4  5  6  7  8  9 10 12 13 14 |  0  1  2  3  4  5  6  7  8  9 10 11 12 16 |
2          -0.08586639      |  0  1  2  3  4  5  6  7  8 10 11 12 13 14 |  0  1  2  3  4  5  6  7  8  9 10 11 12 18 |
2           0.08586639      |  0  1  2  3  4  5  6  7  8 10 11 12 13 15 |  0  1  2  3  4  5  6  7  8  9 10 11 13 18 |
4          -0.08435414      |  0  1  2  3  4  5  6  7  8  9 10 12 14 15 |  0  1  2  3  4  5  6  7  8  9 10 11 14 16 |
4          -0.08435414      |  0  1  2  3  4  5  6  7  8  9 11 13 14 15 |  0  1  2  3  4  5  6  7  8  9 10 11 15 17 |
4           0.08431829      |  0  1  2  3  4  5  6  7  8  9 11 12 14 15 |  0  1  2  3  4  5  6  7  8  9 10 11 14 17 |
4           0.08431829      |  0  1  2  3  4  5  6  7  8  9 10 13 14 15 |  0  1  2  3  4  5  6  7  8  9 10 11 15 16 |
4          -0.08377279      |  0  1  2  3  4  5  6  7  8 10 11 12 14 15 |  0  1  2  3  4  5  6  7  8  9 10 11 14 18 |
4           0.08377279      |  0  1  2  3  4  5  6  7  8 10 11 13 14 15 |  0  1  2  3  4  5  6  7  8  9 10 11 15 18 |
2           0.08290215      |  0  1  2  3  4  5  6  7  8  9 11 12 13 16 |  0  1  2  3  4  5  6  7  8  9 10 12 13 17 |
2           0.08228705      |  0  1  2  3  4  5  6  7  8 10 11 12 13 17 |  0  1  2  3  4  5  6  7  8  9 11 12 13 18 |
2          -0.08228705      |  0  1  2  3  4  5  6  7  8 10 11 12 13 16 |  0  1  2  3  4  5  6  7  8  9 10 12 13 18 |
4          -0.08122861      |  0  1  2  3  4  5  6  7  8  9 11 13 14 17 |  0  1  2  3  4  5  6  7  8  9 11 12 15 17 |
4          -0.08122861      |  0  1  2  3  4  5  6  7  8  9 10 13 14 16 |  0  1  2  3  4  5  6  7  8  9 10 12 15 16 |
4          -0.08088918      |  0  1  2  3  4  5  6  7  8  9 11 13 15 16 |  0  1  2  3  4  5  6  7  8  9 10 13 15 17 |
4          -0.08088918      |  0  1  2  3  4  5  6  7  8  9 11 12 14 16 |  0  1  2  3  4  5  6  7  8  9 10 12 14 17 |
----------------------------------------
HF energy: -2097.6934701850 Ha
Variational energy: -2099.8132028635 Ha
END OF eps_var 5.00e-05 << variation [2.0/27.6]GB [17.666/17.666/25.665]s

BEG OF eps_var 3.00e-05 << variation [2.0/27.6]GB [0.001/0.000/25.665]s
Loaded 32,440,850 dets from: wf_eps1_3.00e-05.dat
Effect dets (without time sym): 64,869,674
----------------------------------------
Excite Lv       # dets         Sum c^2
0                    1      0.00432048
1                  148      0.00002022
2                39255      0.09591816
3               320394      0.00332082
4              2335435      0.35911851
5              6016090      0.01886228
6             13873839      0.36717447
7             13935126      0.02126769
8             15687502      0.11356951
9              6544496      0.00578114
10             4851695      0.01008009
11              749056      0.00034326
12              489697      0.00021959
13               16782      0.00000304
14               10158      0.00000074
----------------------------------------
Orbital                        Sum c^2
0                           1.99594593
1                           1.99594710
2                           1.98820085
3                           1.98820085
4                           1.98818163
5                           1.98818163
6                           1.98805557
7                           1.98802399
8                           1.75965412
9                           1.05647247
10                          1.04915022
11                          1.04915022
12                          1.00623114
13                          1.00623114
14                          0.97906117
15                          0.97906117
16                          0.93588051
17                          0.93588051
18                          0.92906977
19                          0.13250744
20                          0.01027687
21                          0.01027687
22                          0.00885723
23                          0.00885723
24                          0.00995157
25                          0.00811042
26                          0.00811042
27                          0.01106033
28                          0.00735596
29                          0.00735596
30                          0.01232748
31                          0.01232748
32                          0.01128978
33                          0.00313864
34                          0.00313864
35                          0.00313493
36                          0.00313493
37                          0.00303038
38                          0.00303038
39                          0.00300644
40                          0.00300644
41                          0.00303388
42                          0.00303388
43                          0.00296979
44                          0.00296979
45                          0.00307239
46                          0.00296995
47                          0.00368840
48                          0.00614983
49                          0.00373034
Sum orbitals c^2: 28.00000000
----------------------------------------
Most important dets:
Excite Lv         Coef      Det (Reordered orb)
2           0.09021171      |  0  1  2  3  4  5  6  7  8  9 10 11 13 14 |  0  1  2  3  4  5  6  7  8  9 10 11 12 15 |
2           0.08626623      |  0  1  2  3  4  5  6  7  8  9 11 12 13 14 |  0  1  2  3  4  5  6  7  8  9 10 11 12 17 |
2           0.08626623      |  0  1  2  3  4  5  6  7  8  9 10 12 13 15 |  0  1  2  3  4  5  6  7  8  9 10 11 13 16 |
2          -0.08624099      |  0  1  2  3  4  5  6  7  8  9 11 12 13 15 |  0  1  2  3  4  5  6  7  8  9 10 11 13 17 |
2          -0.08624099      |  0  1  2  3  4  5  6  7  8  9 10 12 13 14 |  0  1  2  3  4  5  6  7  8  9 10 11 12 16 |
2          -0.08570530      |  0  1  2  3  4  5  6  7  8 10 11 12 13 14 |  0  1  2  3  4  5  6  7  8  9 10 11 12 18 |
2           0.08570530      |  0  1  2  3  4  5  6  7  8 10 11 12 13 15 |  0  1  2  3  4  5  6  7  8  9 10 11 13 18 |
4          -0.08399604      |  0  1  2  3  4  5  6  7  8  9 11 13 14 15 |  0  1  2  3  4  5  6  7  8  9 10 11 15 17 |
4          -0.08399604      |  0  1  2  3  4  5  6  7  8  9 10 12 14 15 |  0  1  2  3  4  5  6  7  8  9 10 11 14 16 |
4           0.08398256      |  0  1  2  3  4  5  6  7  8  9 11 12 14 15 |  0  1  2  3  4  5  6  7  8  9 10 11 14 17 |
4           0.08398256      |  0  1  2  3  4  5  6  7  8  9 10 13 14 15 |  0  1  2  3  4  5  6  7  8  9 10 11 15 16 |
4          -0.08347147      |  0  1  2  3  4  5  6  7  8 10 11 12 14 15 |  0  1  2  3  4  5  6  7  8  9 10 11 14 18 |
4           0.08347147      |  0  1  2  3  4  5  6  7  8 10 11 13 14 15 |  0  1  2  3  4  5  6  7  8  9 10 11 15 18 |
2           0.08250663      |  0  1  2  3  4  5  6  7  8  9 11 12 13 16 |  0  1  2  3  4  5  6  7  8  9 10 12 13 17 |
2           0.08198412      |  0  1  2  3  4  5  6  7  8 10 11 12 13 17 |  0  1  2  3  4  5  6  7  8  9 11 12 13 18 |
2          -0.08198412      |  0  1  2  3  4  5  6  7  8 10 11 12 13 16 |  0  1  2  3  4  5  6  7  8  9 10 12 13 18 |
4          -0.08072710      |  0  1  2  3  4  5  6  7  8  9 10 13 14 16 |  0  1  2  3  4  5  6  7  8  9 10 12 15 16 |
4          -0.08072710      |  0  1  2  3  4  5  6  7  8  9 11 13 14 17 |  0  1  2  3  4  5  6  7  8  9 11 12 15 17 |
4          -0.08036427      |  0  1  2  3  4  5  6  7  8  9 11 12 14 16 |  0  1  2  3  4  5  6  7  8  9 10 12 14 17 |
4          -0.08036427      |  0  1  2  3  4  5  6  7  8  9 11 13 15 16 |  0  1  2  3  4  5  6  7  8  9 10 13 15 17 |
----------------------------------------
HF energy: -2097.6934701850 Ha
Variational energy: -2099.8255666821 Ha
END OF eps_var 3.00e-05 << variation [5.1/30.6]GB [42.613/42.613/68.278]s

BEG OF eps_var 2.00e-05 << variation [5.1/30.6]GB [0.001/0.000/68.278]s
Loaded 69,653,091 dets from: wf_eps1_2.00e-05.dat
Effect dets (without time sym): 139,291,896
----------------------------------------
Excite Lv       # dets         Sum c^2
0                    1      0.00441902
1                  160      0.00002937
2                47297      0.09683113
3               524310      0.00370797
4              4121356      0.35851708
5             12265372      0.02053769
6             28250959      0.36367982
7             31872858      0.02291444
8             33755687      0.11237583
9             15972038      0.00620884
10             9869204      0.01016695
11             1693420      0.00037239
12              869400      0.00023503
13               32752      0.00000358
14               17082      0.00000086
----------------------------------------
Orbital                        Sum c^2
0                           1.99584684
1                           1.99584869
2                           1.98766522
3                           1.98766522
4                           1.98764413
5                           1.98764413
6                           1.98748825
7                           1.98744580
8                           1.76608493
9                           1.05697093
10                          1.05011586
11                          1.05011586
12                          1.00594045
13                          1.00594045
14                          0.97778953
15                          0.97778953
16                          0.93337911
17                          0.93337911
18                          0.92667076
19                          0.12289602
20                          0.01111744
21                          0.01111744
22                          0.00950545
23                          0.00950545
24                          0.01069083
25                          0.00866258
26                          0.00866258
27                          0.01314366
28                          0.00786313
29                          0.00786313
30                          0.01433290
31                          0.01433290
32                          0.01186530
33                          0.00327818
34                          0.00327818
35                          0.00327431
36                          0.00327431
37                          0.00316355
38                          0.00316355
39                          0.00313753
40                          0.00313753
41                          0.00315925
42                          0.00315925
43                          0.00309049
44                          0.00309049
45                          0.00320117
46                          0.00308823
47                          0.00410407
48                          0.00636283
49                          0.00419148
Sum orbitals c^2: 28.00000000
----------------------------------------
Most important dets:
Excite Lv         Coef      Det (Reordered orb)
2           0.09096730      |  0  1  2  3  4  5  6  7  8  9 10 11 13 14 |  0  1  2  3  4  5  6  7  8  9 10 11 12 15 |
2           0.08684646      |  0  1  2  3  4  5  6  7  8  9 11 12 13 14 |  0  1  2  3  4  5  6  7  8  9 10 11 12 17 |
2           0.08684646      |  0  1  2  3  4  5  6  7  8  9 10 12 13 15 |  0  1  2  3  4  5  6  7  8  9 10 11 13 16 |
2          -0.08680258      |  0  1  2  3  4  5  6  7  8  9 10 12 13 14 |  0  1  2  3  4  5  6  7  8  9 10 11 12 16 |
2          -0.08680258      |  0  1  2  3  4  5  6  7  8  9 11 12 13 15 |  0  1  2  3  4  5  6  7  8  9 10 11 13 17 |
2           0.08629631      |  0  1  2  3  4  5  6  7  8 10 11 12 13 15 |  0  1  2  3  4  5  6  7  8  9 10 11 13 18 |
2          -0.08629631      |  0  1  2  3  4  5  6  7  8 10 11 12 13 14 |  0  1  2  3  4  5  6  7  8  9 10 11 12 18 |
4          -0.08445406      |  0  1  2  3  4  5  6  7  8  9 10 12 14 15 |  0  1  2  3  4  5  6  7  8  9 10 11 14 16 |
4          -0.08445406      |  0  1  2  3  4  5  6  7  8  9 11 13 14 15 |  0  1  2  3  4  5  6  7  8  9 10 11 15 17 |
4           0.08442432      |  0  1  2  3  4  5  6  7  8  9 11 12 14 15 |  0  1  2  3  4  5  6  7  8  9 10 11 14 17 |
4           0.08442432      |  0  1  2  3  4  5  6  7  8  9 10 13 14 15 |  0  1  2  3  4  5  6  7  8  9 10 11 15 16 |
4          -0.08394456      |  0  1  2  3  4  5  6  7  8 10 11 12 14 15 |  0  1  2  3  4  5  6  7  8  9 10 11 14 18 |
4           0.08394456      |  0  1  2  3  4  5  6  7  8 10 11 13 14 15 |  0  1  2  3  4  5  6  7  8  9 10 11 15 18 |
2           0.08288216      |  0  1  2  3  4  5  6  7  8  9 11 12 13 16 |  0  1  2  3  4  5  6  7  8  9 10 12 13 17 |
2           0.08236628      |  0  1  2  3  4  5  6  7  8 10 11 12 13 17 |  0  1  2  3  4  5  6  7  8  9 11 12 13 18 |
2          -0.08236628      |  0  1  2  3  4  5  6  7  8 10 11 12 13 16 |  0  1  2  3  4  5  6  7  8  9 10 12 13 18 |
4          -0.08104262      |  0  1  2  3  4  5  6  7  8  9 11 13 14 17 |  0  1  2  3  4  5  6  7  8  9 11 12 15 17 |
4          -0.08104262      |  0  1  2  3  4  5  6  7  8  9 10 13 14 16 |  0  1  2  3  4  5  6  7  8  9 10 12 15 16 |
4          -0.08063510      |  0  1  2  3  4  5  6  7  8  9 11 12 14 16 |  0  1  2  3  4  5  6  7  8  9 10 12 14 17 |
4          -0.08063510      |  0  1  2  3  4  5  6  7  8  9 11 13 15 16 |  0  1  2  3  4  5  6  7  8  9 10 13 15 17 |
----------------------------------------
HF energy: -2097.6934701850 Ha
Variational energy: -2099.8365078283 Ha
END OF eps_var 2.00e-05 << variation [11.5/37.0]GB [96.331/96.331/164.609]s

BEG OF eps_var 1.00e-05 << variation [11.5/37.0]GB [0.001/0.000/164.610]s
Loaded 241,675,555 dets from: wf_eps1_1.00e-05.dat
Effect dets (without time sym): 483,323,968
----------------------------------------
Excite Lv       # dets         Sum c^2
0                    1      0.00453510
1                  180      0.00004541
2                60613      0.09783527
3              1069846      0.00433855
4              9864961      0.35724178
5             35624592      0.02341672
6             85419955      0.35837014
7            114697438      0.02606725
8            119380478      0.11021847
9             69774938      0.00714507
10            36411305      0.01010349
11             8222912      0.00043336
12             2622858      0.00024430
13              128618      0.00000413
14               45273      0.00000097
----------------------------------------
Orbital                        Sum c^2
0                           1.99560507
1                           1.99560362
2                           1.98674728
3                           1.98674728
4                           1.98672338
5                           1.98672338
6                           1.98652649
7                           1.98647716
8                           1.77529424
9                           1.05689852
10                          1.05135365
11                          1.05135365
12                          1.00580915
13                          1.00580915
14                          0.97560010
15                          0.97560010
16                          0.92980546
17                          0.92980546
18                          0.92382940
19                          0.11019885
20                          0.01225640
21                          0.01225640
22                          0.01033805
23                          0.01033805
24                          0.01163455
25                          0.00930263
26                          0.00930263
27                          0.01603248
28                          0.00840090
29                          0.00840090
30                          0.01685845
31                          0.01685845
32                          0.01235080
33                          0.00345296
34                          0.00345296
35                          0.00344872
36                          0.00344872
37                          0.00338164
38                          0.00338164
39                          0.00335293
40                          0.00335293
41                          0.00338850
42                          0.00338850
43                          0.00331583
44                          0.00331583
45                          0.00342461
46                          0.00329970
47                          0.00490674
48                          0.00695290
49                          0.00525352
Sum orbitals c^2: 28.00000000
----------------------------------------
Most important dets:
Excite Lv         Coef      Det (Reordered orb)
2           0.09165618      |  0  1  2  3  4  5  6  7  8  9 10 11 13 14 |  0  1  2  3  4  5  6  7  8  9 10 11 12 15 |
2           0.08737349      |  0  1  2  3  4  5  6  7  8  9 10 12 13 15 |  0  1  2  3  4  5  6  7  8  9 10 11 13 16 |
2           0.08737349      |  0  1  2  3  4  5  6  7  8  9 11 12 13 14 |  0  1  2  3  4  5  6  7  8  9 10 11 12 17 |
2          -0.08734124      |  0  1  2  3  4  5  6  7  8  9 11 12 13 15 |  0  1  2  3  4  5  6  7  8  9 10 11 13 17 |
2          -0.08734124      |  0  1  2  3  4  5  6  7  8  9 10 12 13 14 |  0  1  2  3  4  5  6  7  8  9 10 11 12 16 |
2           0.08695058      |  0  1  2  3  4  5  6  7  8 10 11 12 13 15 |  0  1  2  3  4  5  6  7  8  9 10 11 13 18 |
2          -0.08695058      |  0  1  2  3  4  5  6  7  8 10 11 12 13 14 |  0  1  2  3  4  5  6  7  8  9 10 11 12 18 |
4          -0.08478152      |  0  1  2  3  4  5  6  7  8  9 11 13 14 15 |  0  1  2  3  4  5  6  7  8  9 10 11 15 17 |
4          -0.08478152      |  0  1  2  3  4  5  6  7  8  9 10 12 14 15 |  0  1  2  3  4  5  6  7  8  9 10 11 14 16 |
4           0.08476445      |  0  1  2  3  4  5  6  7  8  9 11 12 14 15 |  0  1  2  3  4  5  6  7  8  9 10 11 14 17 |
4           0.08476445      |  0  1  2  3  4  5  6  7  8  9 10 13 14 15 |  0  1  2  3  4  5  6  7  8  9 10 11 15 16 |
4          -0.08439920      |  0  1  2  3  4  5  6  7  8 10 11 12 14 15 |  0  1  2  3  4  5  6  7  8  9 10 11 14 18 |
4           0.08439920      |  0  1  2  3  4  5  6  7  8 10 11 13 14 15 |  0  1  2  3  4  5  6  7  8  9 10 11 15 18 |
2           0.08334754      |  0  1  2  3  4  5  6  7  8  9 11 12 13 16 |  0  1  2  3  4  5  6  7  8  9 10 12 13 17 |
2          -0.08285318      |  0  1  2  3  4  5  6  7  8 10 11 12 13 16 |  0  1  2  3  4  5  6  7  8  9 10 12 13 18 |
2           0.08285318      |  0  1  2  3  4  5  6  7  8 10 11 12 13 17 |  0  1  2  3  4  5  6  7  8  9 11 12 13 18 |
4          -0.08126771      |  0  1  2  3  4  5  6  7  8  9 11 13 14 17 |  0  1  2  3  4  5  6  7  8  9 11 12 15 17 |
4          -0.08126771      |  0  1  2  3  4  5  6  7  8  9 10 13 14 16 |  0  1  2  3  4  5  6  7  8  9 10 12 15 16 |
4          -0.08090067      |  0  1  2  3  4  5  6  7  8  9 11 12 14 16 |  0  1  2  3  4  5  6  7  8  9 10 12 14 17 |
4          -0.08090067      |  0  1  2  3  4  5  6  7  8  9 11 13 15 16 |  0  1  2  3  4  5  6  7  8  9 10 13 15 17 |
----------------------------------------
HF energy: -2097.6934701850 Ha
Variational energy: -2099.8523391424 Ha
END OF eps_var 1.00e-05 << variation [34.3/59.8]GB [325.332/325.332/489.942]s

BEG OF eps_var 5.00e-06 << variation [34.3/59.8]GB [0.001/0.000/489.942]s

BEG OF main << eps_var 5.00e-06 << variation [34.3/59.8]GB [0.006/0.000/489.948]s

BEG OF #1 << main << eps_var 5.00e-06 << variation [36.2/61.7]GB [0.634/0.000/490.582]s
10% 20% 30% 40% 50% 60% 70% 80% 90% 100% 
Number of dets / new dets: 679,613,086 / 437,937,531
END OF get next det list [151.5/177.1]GB [1688.583/1688.583/2179.164]s
END OF update unique ab [190.2/215.7]GB [2119.341/3807.923/4298.504]s
END OF create abm1 [223.6/249.2]GB [2275.631/6069.303/6559.884]s
Outer size of a/b singles: 44,698,648 / 0
Full size of absingles: 5,452,977,230
END OF create absingles [273.5/299.0]GB [3220.881/9267.574/9758.156]s
10% 20% 30% 40% 50% 60% 70% 80% 90% 100% 
Number of nonzero elems: 275,438,894,304
END OF generate sparse hamiltonian [1812.6/1838.2]GB [43164.148/52431.700/52922.281]s
Davidson #0: -2099.8523391432
Davidson #1: -2099.8622530896
Davidson #2: -2099.8626409806
Davidson #3: -2099.8627007114
Davidson #4: -2099.8627473537
Davidson #5: -2099.8627681338
Davidson #6: -2099.8627788936
Davidson #7: -2099.8627941133
Davidson #8: -2099.8628050299
END OF diagonalize sparse hamiltonian [1812.8/1838.3]GB [2679.371/55111.064/55601.645]s
Iteration 1 eps1= 5.00e-06 ndets= 679,613,086 energy= -2099.86280503
END OF #1 << main << eps_var 5.00e-06 << variation [1812.8/1838.3]GB [0.001/55111.064/55601.646]s

BEG OF #2 << main << eps_var 5.00e-06 << variation [1816.2/1841.7]GB [2.094/0.001/55603.740]s
10% 20% 30% 40% 50% 60% 70% 80% 90% 100% 
Number of dets / new dets: 723,221,726 / 43,608,640
END OF get next det list [1843.2/1868.7]GB [2314.926/2314.926/57918.665]s
END OF update unique ab [1844.0/1869.5]GB [226.565/2541.488/58145.227]s
END OF create abm1 [1854.8/1880.3]GB [342.487/2883.027/58486.766]s
Outer size of a/b singles: 47,105,513 / 0
Full size of absingles: 3,469,620,450
END OF create absingles [1855.5/1881.0]GB [250.526/3121.580/58725.319]s
10% 20% 30% 40% 50% 60% 70% 80% 90% 100% 
Number of nonzero elems: 297,461,917,734
END OF generate sparse hamiltonian [1942.1/1967.7]GB [24969.133/28090.704/83694.443]s
Davidson #0: -2099.8628050294
Davidson #1: -2099.8633618537
Davidson #2: -2099.8633843792
Davidson #3: -2099.8633933308
Davidson #4: -2099.8633999917
Davidson #5: -2099.8634021360
Davidson #6: -2099.8634049998
Davidson #7: -2099.8634077389
Davidson #8: -2099.8634116987
END OF diagonalize sparse hamiltonian [1942.2/1967.7]GB [2803.525/30894.221/86497.960]s
Iteration 2 eps1= 5.00e-06 ndets= 723,221,726 energy= -2099.86341170
END OF #2 << main << eps_var 5.00e-06 << variation [1942.2/1967.7]GB [0.001/30894.221/86497.961]s

BEG OF #3 << main << eps_var 5.00e-06 << variation [1942.5/1968.0]GB [3.005/0.001/86500.966]s
10% 20% 30% 40% 50% 60% 70% 80% 90% 100% 
Number of dets / new dets: 733,663,691 / 10,441,965
END OF get next det list [1943.0/1968.5]GB [1297.678/1297.678/87798.643]s
END OF update unique ab [1943.0/1968.5]GB [67.516/1365.194/87866.159]s
END OF create abm1 [1943.0/1968.5]GB [113.145/1478.330/87979.295]s
Outer size of a/b singles: 47,698,449 / 0
Full size of absingles: 1,916,533,968
END OF create absingles [1944.3/1969.8]GB [81.696/1560.017/88060.982]s
10% 20% 30% 40% 50% 60% 70% 80% 90% 100% 
Number of nonzero elems: 303,340,961,999
END OF generate sparse hamiltonian [1965.8/1991.3]GB [7315.000/8875.009/95375.974]s
Davidson #0: -2099.8634116996
Davidson #1: -2099.8635302933
Davidson #2: -2099.8635374289
Davidson #3: -2099.8635391243
Davidson #4: -2099.8635402984
Davidson #5: -2099.8635408044
Davidson #6: -2099.8635414371
Davidson #7: -2099.8635429058
Davidson #8: -2099.8635446744
END OF diagonalize sparse hamiltonian [1971.7/1997.2]GB [2752.826/11627.826/98128.791]s
Iteration 3 eps1= 5.00e-06 ndets= 733,663,691 energy= -2099.86354467
END OF #3 << main << eps_var 5.00e-06 << variation [1971.7/1997.2]GB [0.001/11627.826/98128.791]s

BEG OF #4 << main << eps_var 5.00e-06 << variation [1971.8/1997.3]GB [0.026/0.001/98128.817]s
10% 20% 30% 40% 50% 60% 70% 80% 90% 100% 
Number of dets / new dets: 737,813,818 / 4,150,127
END OF get next det list [1966.2/1991.7]GB [706.570/706.570/98835.387]s
END OF update unique ab [1966.2/1991.7]GB [38.470/745.039/98873.855]s
END OF create abm1 [1966.2/1991.7]GB [53.473/798.503/98927.320]s
Outer size of a/b singles: 47,911,423 / 0
Full size of absingles: 1,204,914,262
END OF create absingles [1966.3/1991.8]GB [47.528/846.022/98974.838]s
10% 20% 30% 40% 50% 60% 70% 80% 90% 100% 
Number of nonzero elems: 305,952,555,050
END OF generate sparse hamiltonian [1972.7/1998.2]GB [3840.275/4686.288/102815.105]s
Davidson #0: -2099.8635446745
Davidson #1: -2099.8635915967
Davidson #2: -2099.8635939704
Davidson #3: -2099.8635945091
Davidson #4: -2099.8635948587
Davidson #5: -2099.8635949889
Davidson #6: -2099.8635951893
Davidson #7: -2099.8635956754
Davidson #8: -2099.8635963469
END OF diagonalize sparse hamiltonian [1978.6/2004.1]GB [2803.888/7490.167/105618.984]s
Iteration 4 eps1= 5.00e-06 ndets= 737,813,818 energy= -2099.86359635
END OF #4 << main << eps_var 5.00e-06 << variation [1978.6/2004.1]GB [0.001/7490.168/105618.984]s

BEG OF #5 << main << eps_var 5.00e-06 << variation [1978.6/2004.1]GB [0.011/0.000/105618.995]s
10% 20% 30% 40% 50% 60% 70% 80% 90% 100% 
Number of dets / new dets: 739,674,304 / 1,860,486
END OF get next det list [1972.9/1998.4]GB [373.146/373.146/105992.140]s
END OF update unique ab [1972.9/1998.4]GB [24.318/397.463/106016.457]s
END OF create abm1 [1972.9/1998.4]GB [25.417/422.871/106041.866]s
Outer size of a/b singles: 48,000,660 / 0
Full size of absingles: 730,283,948
END OF create absingles [1972.9/1998.4]GB [28.050/450.913/106069.908]s
10% 20% 30% 40% 50% 60% 70% 80% 90% 100% 
Number of nonzero elems: 307,030,019,746
END OF generate sparse hamiltonian [1974.7/2000.2]GB [2513.684/2964.589/108583.584]s
Davidson #0: -2099.8635963455
Davidson #1: -2099.8636215798
Davidson #2: -2099.8636228402
Davidson #3: -2099.8636230858
Davidson #4: -2099.8636232220
Davidson #5: -2099.8636232725
Davidson #6: -2099.8636233417
Davidson #7: -2099.8636235276
Davidson #8: -2099.8636237648
END OF diagonalize sparse hamiltonian [1980.5/2006.1]GB [2660.663/5625.243/111244.237]s
Iteration 5 eps1= 5.00e-06 ndets= 739,674,304 energy= -2099.86362376
END OF #5 << main << eps_var 5.00e-06 << variation [1980.5/2006.1]GB [0.001/5625.243/111244.238]s

BEG OF #6 << main << eps_var 5.00e-06 << variation [1980.6/2006.1]GB [0.010/0.000/111244.247]s
10% 20% 30% 40% 50% 60% 70% 80% 90% 100% 
Number of dets / new dets: 740,474,919 / 800,615
END OF get next det list [1980.5/2006.0]GB [255.596/255.596/111499.843]s
END OF update unique ab [1980.5/2006.0]GB [14.670/270.265/111514.512]s
END OF create abm1 [1980.5/2006.0]GB [12.952/283.209/111527.456]s
Outer size of a/b singles: 48,041,160 / 0
Full size of absingles: 417,596,760
END OF create absingles [1980.5/2006.0]GB [18.938/302.138/111546.385]s
10% 20% 30% 40% 50% 60% 70% 80% 90% 100% 
Number of nonzero elems: 307,488,481,017
END OF generate sparse hamiltonian [1981.1/2006.6]GB [1947.899/2250.028/113494.275]s
Davidson #0: -2099.8636237655
Davidson #1: -2099.8636337966
Davidson #2: -2099.8636341694
Davidson #3: -2099.8636342553
Davidson #4: -2099.8636343050
Davidson #5: -2099.8636343244
Davidson #6: -2099.8636343534
Davidson #7: -2099.8636344259
Davidson #8: -2099.8636345259
END OF diagonalize sparse hamiltonian [1981.1/2006.6]GB [2752.545/5002.565/116246.812]s
Iteration 6 eps1= 5.00e-06 ndets= 740,474,919 energy= -2099.86363453
END OF #6 << main << eps_var 5.00e-06 << variation [1981.1/2006.6]GB [0.001/5002.566/116246.813]s

BEG OF #7 << main << eps_var 5.00e-06 << variation [1981.1/2006.6]GB [0.003/0.000/116246.815]s
10% 20% 30% 40% 50% 60% 70% 80% 90% 100% 
Number of dets / new dets: 740,890,795 / 415,876
END OF get next det list [1981.1/2006.6]GB [158.333/158.333/116405.147]s
END OF update unique ab [1981.1/2006.6]GB [11.304/169.635/116416.450]s
END OF create abm1 [1981.1/2006.6]GB [8.533/178.161/116424.976]s
Outer size of a/b singles: 48,063,014 / 0
Full size of absingles: 292,597,310
END OF create absingles [1981.1/2006.6]GB [14.283/192.437/116439.252]s
10% 20% 30% 40% 50% 60% 70% 80% 90% 100% 
Number of nonzero elems: 307,743,299,619
END OF generate sparse hamiltonian [1981.4/2007.0]GB [1684.928/1877.357/118124.171]s
Davidson #0: -2099.8636345248
Davidson #1: -2099.8636399596
Davidson #2: -2099.8636401577
Davidson #3: -2099.8636402026
Davidson #4: -2099.8636402261
Davidson #5: -2099.8636402349
END OF diagonalize sparse hamiltonian [1981.5/2007.0]GB [1875.081/3752.429/119999.243]s
Iteration 7 eps1= 5.00e-06 ndets= 740,890,795 energy= -2099.86364023
END OF #7 << main << eps_var 5.00e-06 << variation [1981.5/2007.0]GB [0.001/3752.429/119999.244]s
Final iteration 7 eps1= 5.00e-06 ndets= 740,890,795 energy= -2099.86364023
Effect dets (without time sym): 1,481,728,683
----------------------------------------
Excite Lv       # dets         Sum c^2
0                    1      0.00446031
1                  188      0.00005617
2                72077      0.09631212
3              1980108      0.00470615
4             21781129      0.35297927
5             89183200      0.02535097
6            228060054      0.35681991
7            341694520      0.02868724
8            371139116      0.11130833
9            251247032      0.00812043
10           129097273      0.01042439
11            37640356      0.00051366
12             8979698      0.00025515
13              755342      0.00000487
14               98589      0.00000101
----------------------------------------
Orbital                        Sum c^2
0                           1.99536399
1                           1.99536067
2                           1.98610383
3                           1.98610383
4                           1.98607857
5                           1.98607857
6                           1.98588825
7                           1.98584130
8                           1.76174732
9                           1.05524610
10                          1.05109893
11                          1.05109893
12                          1.00510239
13                          1.00510239
14                          0.97453139
15                          0.97453139
16                          0.92801483
17                          0.92801483
18                          0.92280582
19                          0.11646607
20                          0.01310644
21                          0.01310644
22                          0.01094279
23                          0.01094279
24                          0.01234096
25                          0.00977454
26                          0.00977454
27                          0.01758101
28                          0.00883904
29                          0.00883904
30                          0.01796382
31                          0.01796382
32                          0.01305794
33                          0.00356108
34                          0.00356108
35                          0.00355665
36                          0.00355665
37                          0.00352017
38                          0.00352017
39                          0.00348980
40                          0.00348980
41                          0.00353014
42                          0.00353014
43                          0.00345727
44                          0.00345727
45                          0.00357552
46                          0.00344310
47                          0.00562966
48                          0.00785908
49                          0.00604021
Sum orbitals c^2: 28.00000000
----------------------------------------
Most important dets:
Excite Lv         Coef      Det (Reordered orb)
2           0.09071344      |  0  1  2  3  4  5  6  7  8  9 10 11 13 14 |  0  1  2  3  4  5  6  7  8  9 10 11 12 15 |
2           0.08644453      |  0  1  2  3  4  5  6  7  8  9 11 12 13 14 |  0  1  2  3  4  5  6  7  8  9 10 11 12 17 |
2           0.08644453      |  0  1  2  3  4  5  6  7  8  9 10 12 13 15 |  0  1  2  3  4  5  6  7  8  9 10 11 13 16 |
2          -0.08641194      |  0  1  2  3  4  5  6  7  8  9 11 12 13 15 |  0  1  2  3  4  5  6  7  8  9 10 11 13 17 |
2          -0.08641194      |  0  1  2  3  4  5  6  7  8  9 10 12 13 14 |  0  1  2  3  4  5  6  7  8  9 10 11 12 16 |
2          -0.08615382      |  0  1  2  3  4  5  6  7  8 10 11 12 13 14 |  0  1  2  3  4  5  6  7  8  9 10 11 12 18 |
2           0.08615382      |  0  1  2  3  4  5  6  7  8 10 11 12 13 15 |  0  1  2  3  4  5  6  7  8  9 10 11 13 18 |
4          -0.08385404      |  0  1  2  3  4  5  6  7  8  9 11 13 14 15 |  0  1  2  3  4  5  6  7  8  9 10 11 15 17 |
4          -0.08385404      |  0  1  2  3  4  5  6  7  8  9 10 12 14 15 |  0  1  2  3  4  5  6  7  8  9 10 11 14 16 |
4           0.08383430      |  0  1  2  3  4  5  6  7  8  9 10 13 14 15 |  0  1  2  3  4  5  6  7  8  9 10 11 15 16 |
4           0.08383430      |  0  1  2  3  4  5  6  7  8  9 11 12 14 15 |  0  1  2  3  4  5  6  7  8  9 10 11 14 17 |
4           0.08359865      |  0  1  2  3  4  5  6  7  8 10 11 13 14 15 |  0  1  2  3  4  5  6  7  8  9 10 11 15 18 |
4          -0.08359865      |  0  1  2  3  4  5  6  7  8 10 11 12 14 15 |  0  1  2  3  4  5  6  7  8  9 10 11 14 18 |
2           0.08244384      |  0  1  2  3  4  5  6  7  8  9 11 12 13 16 |  0  1  2  3  4  5  6  7  8  9 10 12 13 17 |
2           0.08205091      |  0  1  2  3  4  5  6  7  8 10 11 12 13 17 |  0  1  2  3  4  5  6  7  8  9 11 12 13 18 |
2          -0.08205091      |  0  1  2  3  4  5  6  7  8 10 11 12 13 16 |  0  1  2  3  4  5  6  7  8  9 10 12 13 18 |
4          -0.08031922      |  0  1  2  3  4  5  6  7  8  9 11 13 14 17 |  0  1  2  3  4  5  6  7  8  9 11 12 15 17 |
4          -0.08031922      |  0  1  2  3  4  5  6  7  8  9 10 13 14 16 |  0  1  2  3  4  5  6  7  8  9 10 12 15 16 |
4          -0.07999690      |  0  1  2  3  4  5  6  7  8  9 11 12 14 16 |  0  1  2  3  4  5  6  7  8  9 10 12 14 17 |
4          -0.07999690      |  0  1  2  3  4  5  6  7  8  9 11 13 15 16 |  0  1  2  3  4  5  6  7  8  9 10 13 15 17 |
----------------------------------------
END OF main << eps_var 5.00e-06 << variation [1975.7/2001.2]GB [737.952/120247.247/120737.195]s
Variational results saved to: wf_eps1_5.00e-06.dat
END OF eps_var 5.00e-06 << variation [1977.7/2003.2]GB [113.134/120360.386/120850.328]s
END OF variation [1885.4/1910.9]GB [705.373/121553.936/121555.700]s

BEG OF post variation [1836.6/1862.1]GB [0.223/0.000/121555.700]s
END OF post variation [1836.6/1862.1]GB [0.004/0.004/121555.703]s

BEG OF perturbation [1836.6/1862.1]GB [0.001/0.000/121555.704]s

BEG OF eps_var 1.00e-04 << perturbation [1836.6/1862.1]GB [0.000/0.000/121555.704]s
Total energy: -2099.8607933098 +- 0.0000049689 (loaded from result file)
END OF eps_var 1.00e-04 << perturbation [1836.6/1862.1]GB [0.001/0.001/121555.704]s

BEG OF eps_var 5.00e-05 << perturbation [1836.6/1862.1]GB [0.000/0.000/121555.704]s
Total energy: -2099.8684473852 +- 0.0000027739 (loaded from result file)
END OF eps_var 5.00e-05 << perturbation [1836.6/1862.1]GB [0.001/0.001/121555.705]s

BEG OF eps_var 3.00e-05 << perturbation [1836.6/1862.1]GB [0.000/0.000/121555.705]s
Total energy: -2099.8717897606 +- 0.0000028357 (loaded from result file)
END OF eps_var 3.00e-05 << perturbation [1836.6/1862.1]GB [0.001/0.001/121555.705]s

BEG OF eps_var 2.00e-05 << perturbation [1836.6/1862.1]GB [0.000/0.000/121555.705]s
Total energy: -2099.8745422742 +- 0.0000038984 (loaded from result file)
END OF eps_var 2.00e-05 << perturbation [1836.6/1862.1]GB [0.001/0.001/121555.706]s

BEG OF eps_var 1.00e-05 << perturbation [1836.6/1862.1]GB [0.000/0.000/121555.706]s
Total energy: -2099.8786270983 +- 0.0000164089 (loaded from result file)
END OF eps_var 1.00e-05 << perturbation [1836.6/1862.1]GB [0.001/0.001/121555.706]s

BEG OF eps_var 5.00e-06 << perturbation [1836.6/1862.1]GB [0.000/0.000/121555.707]s
Loaded 740,890,795 dets from: wf_eps1_5.00e-06.dat
Effect dets (without time sym): 1,481,728,683
----------------------------------------
Excite Lv       # dets         Sum c^2
0                    1      0.00446031
1                  188      0.00005617
2                72077      0.09631212
3              1980108      0.00470615
4             21781129      0.35297927
5             89183200      0.02535097
6            228060054      0.35681991
7            341694520      0.02868724
8            371139116      0.11130833
9            251247032      0.00812043
10           129097273      0.01042439
11            37640356      0.00051366
12             8979698      0.00025515
13              755342      0.00000487
14               98589      0.00000101
----------------------------------------
Orbital                        Sum c^2
0                           1.99536399
1                           1.99536067
2                           1.98610383
3                           1.98610383
4                           1.98607857
5                           1.98607857
6                           1.98588825
7                           1.98584130
8                           1.76174732
9                           1.05524610
10                          1.05109893
11                          1.05109893
12                          1.00510239
13                          1.00510239
14                          0.97453139
15                          0.97453139
16                          0.92801483
17                          0.92801483
18                          0.92280582
19                          0.11646607
20                          0.01310644
21                          0.01310644
22                          0.01094279
23                          0.01094279
24                          0.01234096
25                          0.00977454
26                          0.00977454
27                          0.01758101
28                          0.00883904
29                          0.00883904
30                          0.01796382
31                          0.01796382
32                          0.01305794
33                          0.00356108
34                          0.00356108
35                          0.00355665
36                          0.00355665
37                          0.00352017
38                          0.00352017
39                          0.00348980
40                          0.00348980
41                          0.00353014
42                          0.00353014
43                          0.00345727
44                          0.00345727
45                          0.00357552
46                          0.00344310
47                          0.00562966
48                          0.00785908
49                          0.00604021
Sum orbitals c^2: 28.00000000
----------------------------------------
Most important dets:
Excite Lv         Coef      Det (Reordered orb)
2           0.09071344      |  0  1  2  3  4  5  6  7  8  9 10 11 13 14 |  0  1  2  3  4  5  6  7  8  9 10 11 12 15 |
2           0.08644453      |  0  1  2  3  4  5  6  7  8  9 11 12 13 14 |  0  1  2  3  4  5  6  7  8  9 10 11 12 17 |
2           0.08644453      |  0  1  2  3  4  5  6  7  8  9 10 12 13 15 |  0  1  2  3  4  5  6  7  8  9 10 11 13 16 |
2          -0.08641194      |  0  1  2  3  4  5  6  7  8  9 11 12 13 15 |  0  1  2  3  4  5  6  7  8  9 10 11 13 17 |
2          -0.08641194      |  0  1  2  3  4  5  6  7  8  9 10 12 13 14 |  0  1  2  3  4  5  6  7  8  9 10 11 12 16 |
2          -0.08615382      |  0  1  2  3  4  5  6  7  8 10 11 12 13 14 |  0  1  2  3  4  5  6  7  8  9 10 11 12 18 |
2           0.08615382      |  0  1  2  3  4  5  6  7  8 10 11 12 13 15 |  0  1  2  3  4  5  6  7  8  9 10 11 13 18 |
4          -0.08385404      |  0  1  2  3  4  5  6  7  8  9 11 13 14 15 |  0  1  2  3  4  5  6  7  8  9 10 11 15 17 |
4          -0.08385404      |  0  1  2  3  4  5  6  7  8  9 10 12 14 15 |  0  1  2  3  4  5  6  7  8  9 10 11 14 16 |
4           0.08383430      |  0  1  2  3  4  5  6  7  8  9 10 13 14 15 |  0  1  2  3  4  5  6  7  8  9 10 11 15 16 |
4           0.08383430      |  0  1  2  3  4  5  6  7  8  9 11 12 14 15 |  0  1  2  3  4  5  6  7  8  9 10 11 14 17 |
4           0.08359865      |  0  1  2  3  4  5  6  7  8 10 11 13 14 15 |  0  1  2  3  4  5  6  7  8  9 10 11 15 18 |
4          -0.08359865      |  0  1  2  3  4  5  6  7  8 10 11 12 14 15 |  0  1  2  3  4  5  6  7  8  9 10 11 14 18 |
2           0.08244384      |  0  1  2  3  4  5  6  7  8  9 11 12 13 16 |  0  1  2  3  4  5  6  7  8  9 10 12 13 17 |
2           0.08205091      |  0  1  2  3  4  5  6  7  8 10 11 12 13 17 |  0  1  2  3  4  5  6  7  8  9 11 12 13 18 |
2          -0.08205091      |  0  1  2  3  4  5  6  7  8 10 11 12 13 16 |  0  1  2  3  4  5  6  7  8  9 10 12 13 18 |
4          -0.08031922      |  0  1  2  3  4  5  6  7  8  9 11 13 14 17 |  0  1  2  3  4  5  6  7  8  9 11 12 15 17 |
4          -0.08031922      |  0  1  2  3  4  5  6  7  8  9 10 13 14 16 |  0  1  2  3  4  5  6  7  8  9 10 12 15 16 |
4          -0.07999690      |  0  1  2  3  4  5  6  7  8  9 11 12 14 16 |  0  1  2  3  4  5  6  7  8  9 10 12 14 17 |
4          -0.07999690      |  0  1  2  3  4  5  6  7  8  9 11 13 15 16 |  0  1  2  3  4  5  6  7  8  9 10 13 15 17 |
----------------------------------------
HF energy: -2097.6934701850 Ha
Variational energy: -2099.8636402349 Ha
Memory total: 3170.3GB
Helper size: 0.1GB
Bytes per det: 32
Memory var: 154.1GB
Memory PT limit: 3334.9GB

BEG OF dtm 2.00e-06 << eps_var 5.00e-06 << perturbation [297.9/323.4]GB [2155.393/0.000/123711.099]s
Number of dtm batches: 1
END OF determine number of dtm batches [297.9/323.4]GB [26.152/26.152/123737.251]s

BEG OF #1/1 << dtm 2.00e-06 << eps_var 5.00e-06 << perturbation [297.9/323.4]GB [0.002/0.000/123737.252]s
20% 40% 60% 80% 100% 
Number of dtm pt dets: 3,696,752,439
END OF create hc sums [530.4/555.9]GB [8348.564/8348.564/132085.815]s
PT dtm batch correction: -0.0064556260 Ha
PT dtm correction (eps1= 5.00e-06): -0.0064556260 +- 0.0000000000 Ha
PT dtm total energy (eps1= 5.00e-06): -2099.8700958609 +- 0.0000000000 Ha
Correlation energy (eps1= 5.00e-06): -2.1766256759 +- 0.0000000000 Ha
END OF #1/1 << dtm 2.00e-06 << eps_var 5.00e-06 << perturbation [530.4/555.9]GB [458.949/8807.511/132544.763]s
END OF dtm 2.00e-06 << eps_var 5.00e-06 << perturbation [530.4/555.9]GB [0.021/8833.683/132544.782]s

BEG OF psto 1.00e-07 << eps_var 5.00e-06 << perturbation [296.3/321.8]GB [1.786/0.001/132546.568]s
Number of psto batches: 16
END OF determine number of psto batches [302.0/327.5]GB [54.929/54.929/132601.495]s

BEG OF #1/16 << psto 1.00e-07 << eps_var 5.00e-06 << perturbation [302.0/327.5]GB [0.031/0.001/132601.526]s
20% 40% 60% 80% 100% 
Number of psto pt dets: 18,527,269,172
END OF create hc sums [2109.7/2135.2]GB [9363.262/9363.262/141964.786]s
PT psto batch correction: -0.0006975208 Ha
PT psto correction (eps1= 5.00e-06): -0.0111603321 +- 0.0000005802 Ha
PT psto total energy (eps1= 5.00e-06): -2099.8812561930 +- 0.0000005802 Ha
Correlation energy (eps1= 5.00e-06): -2.1877860080 +- 0.0000005802 Ha
END OF #1/16 << psto 1.00e-07 << eps_var 5.00e-06 << perturbation [2109.7/2135.2]GB [2287.629/11650.886/144252.411]s
END OF psto 1.00e-07 << eps_var 5.00e-06 << perturbation [2109.7/2135.2]GB [0.001/11705.844/144252.411]s

BEG OF sto 5.00e-12 << eps_var 5.00e-06 << perturbation [322.5/348.0]GB [41.104/0.001/144293.515]s
Number of samples chosen: 3,066,508
END OF determine n samples [319.9/345.4]GB [16.371/16.371/144309.885]s

BEG OF #1 << sto 5.00e-12 << eps_var 5.00e-06 << perturbation [319.9/345.4]GB [0.260/0.000/144309.885]s
Number of unique variational determinants in sample: 2,980,593
Batch id: 22 / 64
20% 40% 60% 80% 100% 
Number of sto pt dets: 3,798,088,282
END OF create hc sums [624.3/649.8]GB [912.815/912.815/145222.700]s
PT sto loop correction: -0.0009180062 Ha
PT sto correction (eps1= 5.00e-06): -0.0009180062 +- -nan Ha
PT sto total energy (eps1= 5.00e-06): -2099.8821741991 +- -nan Ha
Correlation energy (eps1= 5.00e-06): -2.1887040142 +- -nan Ha
END OF #1 << sto 5.00e-12 << eps_var 5.00e-06 << perturbation [624.2/649.8]GB [590.041/1502.658/145812.543]s

BEG OF #2 << sto 5.00e-12 << eps_var 5.00e-06 << perturbation [624.2/649.8]GB [0.002/0.001/145812.544]s
Number of unique variational determinants in sample: 2,980,626
Batch id: 27 / 64
20% 40% 60% 80% 100% 
Number of sto pt dets: 3,798,475,313
END OF create hc sums [630.0/655.5]GB [878.446/878.446/146690.989]s
PT sto loop correction: -0.0009736191 Ha
PT sto correction (eps1= 5.00e-06): -0.0009458126 +- 0.0000278065 Ha
PT sto total energy (eps1= 5.00e-06): -2099.8822020056 +- 0.0000278125 Ha
Correlation energy (eps1= 5.00e-06): -2.1887318207 +- 0.0000278125 Ha
END OF #2 << sto 5.00e-12 << eps_var 5.00e-06 << perturbation [629.9/655.4]GB [553.143/1431.404/147243.947]s

BEG OF #3 << sto 5.00e-12 << eps_var 5.00e-06 << perturbation [629.9/655.4]GB [0.001/0.000/147243.947]s
Number of unique variational determinants in sample: 2,979,865
Batch id: 5 / 64
20% 40% 60% 80% 100% 
Number of sto pt dets: 3,796,724,805
END OF create hc sums [635.4/660.9]GB [856.143/856.143/148100.089]s
PT sto loop correction: -0.0009425018 Ha
PT sto correction (eps1= 5.00e-06): -0.0009447090 +- 0.0000160920 Ha
PT sto total energy (eps1= 5.00e-06): -2099.8822009020 +- 0.0000161024 Ha
Correlation energy (eps1= 5.00e-06): -2.1887307171 +- 0.0000161024 Ha
END OF #3 << sto 5.00e-12 << eps_var 5.00e-06 << perturbation [635.3/660.8]GB [584.605/1440.582/148684.529]s

BEG OF #4 << sto 5.00e-12 << eps_var 5.00e-06 << perturbation [635.3/660.8]GB [0.002/0.000/148684.529]s
Number of unique variational determinants in sample: 2,980,153
Batch id: 27 / 64
20% 40% 60% 80% 100% 
Number of sto pt dets: 3,797,597,309
END OF create hc sums [639.9/665.4]GB [855.488/855.488/149540.016]s
PT sto loop correction: -0.0008828465 Ha
PT sto correction (eps1= 5.00e-06): -0.0009292434 +- 0.0000192006 Ha
PT sto total energy (eps1= 5.00e-06): -2099.8821854364 +- 0.0000192093 Ha
Correlation energy (eps1= 5.00e-06): -2.1887152514 +- 0.0000192093 Ha
END OF #4 << sto 5.00e-12 << eps_var 5.00e-06 << perturbation [639.8/665.3]GB [586.343/1441.656/150126.185]s

BEG OF #5 << sto 5.00e-12 << eps_var 5.00e-06 << perturbation [639.8/665.3]GB [0.001/0.000/150126.185]s
Number of unique variational determinants in sample: 2,980,078
Batch id: 25 / 64
20% 40% 60% 80% 100% 
Number of sto pt dets: 3,796,801,263
END OF create hc sums [645.3/670.8]GB [849.588/849.588/150975.773]s
PT sto loop correction: -0.0009403829 Ha
PT sto correction (eps1= 5.00e-06): -0.0009314713 +- 0.0000150386 Ha
PT sto total energy (eps1= 5.00e-06): -2099.8821876643 +- 0.0000150498 Ha
Correlation energy (eps1= 5.00e-06): -2.1887174793 +- 0.0000150498 Ha
END OF #5 << sto 5.00e-12 << eps_var 5.00e-06 << perturbation [645.2/670.7]GB [603.095/1452.521/151578.706]s

BEG OF #6 << sto 5.00e-12 << eps_var 5.00e-06 << perturbation [645.2/670.7]GB [0.002/0.000/151578.706]s
Number of unique variational determinants in sample: 2,979,711
Batch id: 16 / 64
20% 40% 60% 80% 100% 
Number of sto pt dets: 3,796,714,361
END OF create hc sums [651.4/676.9]GB [845.735/845.735/152424.441]s
PT sto loop correction: -0.0009728152 Ha
PT sto correction (eps1= 5.00e-06): -0.0009383620 +- 0.0000140803 Ha
PT sto total energy (eps1= 5.00e-06): -2099.8821945549 +- 0.0000140922 Ha
Correlation energy (eps1= 5.00e-06): -2.1887243700 +- 0.0000140922 Ha
END OF #6 << sto 5.00e-12 << eps_var 5.00e-06 << perturbation [651.2/676.8]GB [594.948/1440.487/153019.193]s
END OF sto 5.00e-12 << eps_var 5.00e-06 << perturbation [651.2/676.8]GB [0.038/8725.716/153019.230]s
Total energy: -2099.8821945549 +- 0.0000140922 Ha
END OF eps_var 5.00e-06 << perturbation [296.3/321.8]GB [2.566/31466.090/153021.796]s
END OF perturbation [296.3/321.8]GB [0.001/31466.093/153021.796]s
